timestamp,cpu_percent,mem_used_mb,mem_percent
1762420467.9985476,33.80,2442.93,63.20
1762420469.000434,60.00,2465.88,63.70
1762420470.0024133,20.20,2464.71,63.70
1762420471.0038402,4.00,2465.41,63.70
1762420472.0073693,5.20,2466.60,63.80
1762420473.0083299,4.50,2431.73,62.90
1762420474.0100248,2.20,2430.89,62.80
1762420475.0107331,0.00,2431.30,62.80
1762420476.0114746,1.60,2431.70,62.90
1762420477.0120702,1.10,2432.39,62.90
1762420478.0127418,0.50,2432.68,62.90
1762420479.0143132,0.60,2432.41,62.90
1762420480.0159752,1.10,2432.41,62.90
1762420481.017399,1.10,2433.06,62.90
1762420482.0181894,1.10,2432.14,62.90
1762420483.0189455,5.50,2433.82,62.90
1762420484.0204856,3.30,2431.92,62.90
1762420485.0220623,3.80,2436.07,63.00
1762420486.0233216,3.80,2434.05,62.90
1762420487.0242457,0.50,2435.09,62.90
1762420488.0250285,3.80,2433.58,62.90
1762420489.0256026,0.60,2433.95,62.90
1762420490.0263395,1.10,2432.95,62.90
1762420491.0271392,1.60,2434.19,62.90
1762420492.0279436,0.00,2434.52,62.90
1762420493.0292337,1.10,2433.22,62.90
1762420494.0302126,0.60,2433.71,62.90
1762420495.0310478,0.50,2433.83,62.90
1762420496.0317204,0.60,2434.73,62.90
1762420497.0338264,0.60,2434.21,62.90
1762420498.0346534,1.10,2434.59,62.90
1762420499.0351708,1.10,2435.02,62.90
1762420500.0373313,3.10,2429.74,62.80
1762420501.0398355,1.00,2429.69,62.80
1762420502.0430534,2.00,2430.92,62.80
1762420503.0454755,1.00,2430.96,62.80
1762420504.0473907,0.50,2430.96,62.80
1762420505.0493557,1.00,2430.96,62.80
1762420506.0516915,1.50,2430.96,62.80
1762420507.0541563,0.50,2430.96,62.80
1762420508.0561025,1.00,2430.96,62.80
1762420509.0582774,1.00,2430.95,62.80
1762420510.060638,1.00,2430.95,62.80
1762420511.0633516,0.50,2430.95,62.80
1762420512.0653753,1.00,2430.95,62.80
1762420513.0675254,0.50,2430.95,62.80
1762420514.0696511,1.00,2430.95,62.80
1762420515.0726511,1.00,2430.95,62.80
1762420516.074459,0.50,2430.95,62.80
1762420517.0764213,1.00,2430.95,62.80
1762420518.0784895,0.50,2429.89,62.80
1762420519.0816503,1.50,2429.88,62.80
1762420520.0841503,1.00,2429.88,62.80
1762420521.0863853,0.00,2429.88,62.80
1762420522.088427,1.50,2429.87,62.80
1762420523.0904303,0.00,2429.87,62.80
1762420524.0929291,0.50,2429.87,62.80
1762420525.096097,1.00,2429.86,62.80
1762420526.0982265,0.00,2429.86,62.80
1762420527.1004434,0.50,2429.86,62.80
1762420528.1026855,2.50,2429.86,62.80
1762420529.1047256,0.50,2429.86,62.80
1762420530.1066933,1.50,2429.86,62.80
1762420531.1089861,0.00,2429.85,62.80
1762420532.111338,1.00,2429.85,62.80
1762420533.1136642,0.50,2429.85,62.80
1762420534.1167417,0.50,2429.85,62.80
1762420535.1187406,0.50,2429.84,62.80
1762420536.121002,0.50,2429.84,62.80
1762420537.123664,1.00,2429.83,62.80
1762420538.125671,0.00,2429.83,62.80
1762420539.1276145,0.50,2429.83,62.80
1762420540.129473,0.50,2429.83,62.80
1762420541.1315866,0.50,2429.83,62.80
1762420542.1337373,1.00,2429.83,62.80
1762420543.1357558,4.50,2429.83,62.80
1762420544.138569,2.00,2429.82,62.80
1762420545.1411633,0.50,2429.82,62.80
1762420546.143653,1.00,2429.82,62.80
1762420547.1462512,1.00,2429.82,62.80
1762420548.148266,2.00,2429.81,62.80
1762420549.1505134,1.00,2429.81,62.80
1762420550.1533108,0.00,2429.81,62.80
1762420551.155508,0.50,2429.80,62.80
1762420552.158303,0.50,2429.80,62.80
1762420553.1604178,0.50,2429.80,62.80
1762420554.163563,1.00,2429.80,62.80
1762420555.1655374,0.50,2429.80,62.80
1762420556.1675434,0.50,2429.80,62.80
1762420557.169614,1.00,2429.79,62.80
1762420558.1725523,0.50,2429.79,62.80
1762420559.1750433,0.50,2429.79,62.80
1762420560.1772594,1.00,2429.79,62.80
1762420561.1793666,6.50,2453.15,63.40
1762420562.1817818,0.00,2453.15,63.40
1762420563.1843562,1.00,2453.15,63.40
1762420564.1862557,2.00,2453.14,63.40
1762420565.1884604,1.50,2453.13,63.40
1762420566.1909502,0.50,2453.13,63.40
1762420567.1936893,0.50,2453.13,63.40
1762420568.195617,2.00,2453.12,63.40
1762420569.1974566,1.00,2453.12,63.40
1762420570.2001607,0.00,2453.11,63.40
1762420571.202542,1.50,2453.11,63.40
1762420572.204476,0.50,2453.11,63.40
1762420573.2072072,5.00,2453.11,63.40
1762420574.209711,0.50,2453.11,63.40
1762420575.2117393,1.00,2453.10,63.40
1762420576.2137413,0.50,2453.10,63.40
1762420577.2160783,0.00,2453.10,63.40
1762420578.2181606,1.00,2453.10,63.40
1762420579.2202601,2.00,2453.01,63.40
1762420580.2226114,0.50,2453.01,63.40
1762420581.2251022,1.00,2453.01,63.40
1762420582.2267365,0.00,2453.01,63.40
1762420583.2291007,0.50,2453.01,63.40
1762420584.2315633,1.50,2453.01,63.40
1762420585.234295,1.50,2453.01,63.40
1762420586.2364037,2.50,2453.00,63.40
1762420587.2384021,2.00,2453.00,63.40
1762420588.2405765,0.50,2453.00,63.40
1762420589.2430491,3.50,2453.00,63.40
1762420590.2455096,0.00,2453.00,63.40
1762420591.2476823,0.50,2452.98,63.40
1762420592.250019,0.50,2452.98,63.40
1762420593.252293,0.50,2452.98,63.40
1762420594.2545173,0.50,2452.98,63.40
1762420595.2563317,0.50,2452.98,63.40
1762420596.2582579,1.50,2452.98,63.40
1762420597.260504,0.00,2452.98,63.40
1762420598.2620099,1.00,2452.96,63.40
1762420599.2646,0.50,2452.96,63.40
1762420600.2670186,2.00,2452.96,63.40
1762420601.2698166,5.50,2450.36,63.30
1762420602.2726572,0.50,2450.36,63.30
1762420603.275121,4.50,2450.59,63.30
1762420604.2771213,4.20,2432.11,62.90
1762420605.2787325,1.10,2433.06,62.90
1762420606.279661,0.60,2433.39,62.90
1762420607.2804298,0.50,2433.95,62.90
1762420608.2812068,2.20,2433.91,62.90
1762420609.281965,0.00,2433.39,62.90
1762420610.283508,0.50,2433.38,62.90
1762420611.28517,1.10,2433.53,62.90
1762420612.2867112,0.00,2434.03,62.90
1762420613.288241,0.00,2433.80,62.90
1762420614.2901094,1.10,2433.88,62.90
1762420615.291745,2.20,2438.37,63.00
1762420616.2933059,0.50,2435.95,63.00
1762420617.2949655,0.00,2435.91,63.00
1762420618.2965026,0.50,2434.84,62.90
1762420619.2981672,0.50,2434.65,62.90
1762420620.2995958,0.50,2434.76,62.90
1762420621.3017223,0.50,2435.56,63.00
1762420622.3040717,1.60,2435.04,62.90
1762420623.3060217,0.50,2435.78,63.00
1762420624.307665,0.00,2435.51,63.00
1762420625.309188,0.50,2436.02,63.00
1762420626.3107529,0.60,2435.99,63.00
1762420627.3125365,0.50,2435.95,63.00
1762420628.3141882,0.50,2436.45,63.00
1762420629.3156714,1.10,2436.54,63.00
1762420630.3162956,1.10,2436.77,63.00
1762420631.31791,1.10,2436.72,63.00
1762420632.3196638,0.00,2435.67,63.00
1762420633.3215566,0.60,2436.29,63.00
1762420634.3236532,1.60,2430.64,62.80
1762420635.3263478,1.00,2430.63,62.80
1762420636.3283837,2.00,2430.68,62.80
1762420637.3305533,0.50,2430.68,62.80
1762420638.332712,1.00,2430.68,62.80
1762420639.3350573,0.50,2430.68,62.80
1762420640.3373,1.00,2430.68,62.80
1762420641.3392045,1.00,2430.68,62.80
1762420642.3412347,0.50,2430.68,62.80
1762420643.3435974,1.00,2430.68,62.80
1762420644.3455713,0.50,2430.67,62.80
1762420645.3473997,1.50,2430.67,62.80
1762420646.3493006,0.50,2430.66,62.80
1762420647.3515563,2.00,2430.66,62.80
1762420648.3543305,1.00,2430.66,62.80
1762420649.3563778,1.00,2430.66,62.80
1762420650.3582697,1.00,2430.66,62.80
1762420651.3606951,0.00,2430.66,62.80
1762420652.363325,1.50,2430.66,62.80
1762420653.3655746,1.50,2430.66,62.80
1762420654.3674955,0.00,2430.66,62.80
1762420655.3694952,1.00,2430.66,62.80
1762420656.3715115,1.00,2430.66,62.80
1762420657.3744452,1.00,2430.66,62.80
1762420658.3763,0.50,2430.66,62.80
1762420659.3786783,2.00,2430.66,62.80
1762420660.381484,0.50,2430.66,62.80
1762420661.3836842,1.00,2430.65,62.80
1762420662.3858213,0.00,2430.65,62.80
1762420663.388063,6.00,2432.37,62.90
1762420664.3902357,1.00,2432.37,62.90
1762420665.3926346,1.00,2432.37,62.90
1762420666.3952277,1.00,2432.37,62.90
1762420667.3971844,2.00,2432.37,62.90
1762420668.400138,1.50,2432.61,62.90
1762420669.4021683,1.00,2432.61,62.90
1762420670.4044392,0.50,2432.61,62.90
1762420671.4065602,1.00,2432.61,62.90
1762420672.4088066,0.50,2432.61,62.90
1762420673.41116,0.50,2432.59,62.90
1762420674.4133744,0.50,2432.59,62.90
1762420675.4154143,1.00,2432.59,62.90
1762420676.4181113,1.50,2432.58,62.90
1762420677.4203215,1.00,2432.58,62.90
1762420678.42227,0.50,2432.58,62.90
1762420679.424446,1.50,2432.57,62.90
1762420680.426729,1.00,2432.57,62.90
1762420681.4289994,0.50,2432.57,62.90
1762420682.4312694,0.50,2432.57,62.90
1762420683.4335124,1.50,2432.57,62.90
1762420684.4365783,0.50,2432.57,62.90
1762420685.4388301,1.00,2432.57,62.90
1762420686.441418,1.00,2432.57,62.90
1762420687.444043,0.50,2432.57,62.90
1762420688.446372,1.00,2432.57,62.90
1762420689.4482358,0.50,2432.57,62.90
1762420690.4504704,0.50,2432.57,62.90
1762420691.4527662,0.50,2432.56,62.90
1762420692.4550753,0.50,2432.56,62.90
1762420693.4571502,1.00,2432.56,62.90
1762420694.459182,0.00,2432.56,62.90
1762420695.4612672,0.50,2432.56,62.90
1762420696.4637227,1.00,2432.55,62.90
1762420697.466283,0.00,2432.55,62.90
1762420698.4685225,1.00,2432.55,62.90
1762420699.4703643,0.50,2432.55,62.90
1762420700.4725804,1.00,2432.55,62.90
1762420701.4752026,0.50,2432.55,62.90
1762420702.4770827,1.00,2432.55,62.90
1762420703.4792185,0.50,2432.55,62.90
1762420704.4811537,0.50,2432.55,62.90
1762420705.483479,1.00,2432.55,62.90
1762420706.4856975,0.50,2432.55,62.90
1762420707.5194705,8.20,2432.55,62.90
1762420708.5831358,54.10,2432.63,62.90
1762420709.5856428,28.20,2432.63,62.90
1762420710.5923772,10.60,2432.63,62.90
1762420711.6017423,0.50,2432.63,62.90
1762420712.6383874,6.60,2432.63,62.90
1762420713.647061,0.00,2432.63,62.90
1762420714.6496377,1.00,2432.63,62.90
1762420715.6676795,1.00,2432.63,62.90
1762420716.6704664,2.00,2432.63,62.90
1762420717.6768198,0.50,2432.62,62.90
1762420718.682756,0.50,2432.62,62.90
1762420719.6851168,1.00,2432.62,62.90
1762420720.6906137,0.00,2432.62,62.90
1762420721.7020705,1.00,2432.62,62.90
1762420722.7044291,0.50,2432.62,62.90
1762420723.7057922,2.50,2432.62,62.90
1762420724.7085178,0.50,2432.62,62.90
1762420725.7104783,7.60,2432.61,62.90
1762420726.712426,1.00,2432.61,62.90
1762420727.714436,1.50,2432.61,62.90
1762420728.7162464,0.50,2432.60,62.90
1762420729.720527,0.50,2432.60,62.90
1762420730.7232637,1.00,2432.60,62.90
1762420731.7265272,1.00,2432.60,62.90
1762420732.8307457,1.50,2432.60,62.90
1762420733.844019,7.10,2434.56,62.90
1762420735.000634,12.40,2434.79,62.90
1762420736.088369,5.40,2434.79,62.90
1762420737.428191,0.80,2434.77,62.90
1762420738.4303422,1.00,2434.77,62.90
1762420739.4325576,5.70,2435.76,63.00
1762420740.4335005,5.40,2426.16,62.70
1762420741.4348235,6.10,2420.34,62.60
1762420742.4396884,4.30,2420.84,62.60
1762420743.4894555,5.60,2422.22,62.60
1762420744.4915535,4.80,2420.81,62.60
1762420745.493188,4.30,2420.58,62.60
1762420746.495111,5.80,2421.29,62.60
1762420747.4968052,1.70,2421.62,62.60
1762420748.4982977,3.60,2420.31,62.60
1762420749.5052307,1.10,2421.86,62.60
1762420750.5080483,3.50,2423.02,62.60
1762420751.509687,5.30,2423.34,62.60
1762420752.511476,4.70,2424.88,62.70
1762420753.513321,2.80,2423.28,62.60
1762420754.5150316,2.30,2423.39,62.60
1762420755.5166214,0.60,2422.37,62.60
1762420756.5181437,0.50,2423.37,62.60
1762420757.5197985,2.30,2422.94,62.60
1762420758.5214906,3.40,2421.85,62.60
1762420759.5231395,0.60,2422.76,62.60
1762420760.5247424,2.80,2421.86,62.60
1762420761.5269403,4.60,2424.21,62.70
1762420762.5285947,2.30,2423.05,62.60
1762420763.531075,4.20,2423.10,62.60
1762420764.5380542,8.10,2423.59,62.70
1762420765.5399816,2.30,2423.67,62.70
1762420766.5419624,4.10,2423.51,62.60
1762420767.5440154,13.30,2424.75,62.70
1762420768.545952,26.30,2425.19,62.70
1762420769.5483518,13.40,2419.67,62.50
1762420770.702651,27.70,2410.24,62.30
1762420771.706767,12.80,2410.77,62.30
1762420772.7087624,5.60,2410.77,62.30
1762420773.7110586,4.50,2410.77,62.30
1762420774.7156017,12.30,2411.75,62.30
1762420775.7186782,9.60,2411.75,62.30
1762420776.7211053,6.00,2411.73,62.30
1762420777.722982,20.90,2399.92,62.00
1762420778.7249992,30.70,2378.57,61.50
1762420779.7266004,3.50,2379.03,61.50
1762420780.7289724,1.50,2379.03,61.50
1762420781.7316878,3.50,2382.72,61.60
1762420782.7353973,1.10,2382.71,61.60
1762420783.7383192,5.60,2382.71,61.60
1762420784.7433977,2.60,2382.71,61.60
1762420785.7464006,6.20,2382.70,61.60
1762420786.7485955,15.70,2382.67,61.60
1762420787.8078246,2.80,2382.67,61.60
1762420788.818423,2.50,2382.67,61.60
1762420789.8204134,3.30,2382.67,61.60
1762420790.8224468,2.50,2382.67,61.60
1762420791.8242657,0.50,2382.67,61.60
1762420792.8262568,1.00,2382.67,61.60
1762420793.8272934,5.50,2383.39,61.60
1762420794.8310554,1.00,2383.39,61.60
1762420795.8336387,0.50,2383.38,61.60
1762420796.8362432,2.00,2383.38,61.60
1762420797.83859,4.50,2383.61,61.60
1762420798.840653,1.00,2383.61,61.60
1762420799.8433304,0.50,2383.61,61.60
1762420800.8457763,1.10,2383.61,61.60
1762420801.8492792,1.00,2383.61,61.60
1762420802.8515177,1.00,2383.61,61.60
1762420803.8534393,1.00,2383.61,61.60
1762420804.8555574,2.00,2383.85,61.60
1762420805.8674152,1.50,2383.85,61.60
1762420806.8700783,1.00,2383.85,61.60
1762420807.87121,0.50,2383.84,61.60
1762420808.8733892,1.00,2383.84,61.60
1762420809.8753855,0.00,2383.84,61.60
1762420810.8790648,1.50,2383.84,61.60
1762420811.9674814,0.90,2383.84,61.60
1762420812.9711585,0.50,2383.84,61.60
1762420813.973183,1.50,2383.84,61.60
1762420814.9751318,0.00,2383.84,61.60
1762420815.9770067,0.00,2383.84,61.60
1762420816.9789,1.00,2383.83,61.60
1762420817.9804554,0.50,2383.83,61.60
1762420818.9823258,0.50,2383.83,61.60
1762420819.9851995,0.50,2383.83,61.60
1762420820.987331,1.00,2383.83,61.60
1762420821.9893641,1.00,2383.83,61.60
1762420822.9917555,0.00,2383.83,61.60
1762420823.9936872,0.50,2383.83,61.60
1762420824.9968016,0.50,2383.82,61.60
1762420825.9984715,0.50,2383.82,61.60
1762420826.9997616,1.00,2383.82,61.60
1762420828.0026455,3.00,2384.55,61.60
1762420829.004815,1.00,2384.55,61.60
1762420830.0077877,0.50,2384.55,61.60
1762420831.0107372,0.50,2384.55,61.60
1762420832.012996,0.00,2384.55,61.60
1762420833.015022,0.50,2384.55,61.60
1762420834.019202,1.00,2384.54,61.60
1762420835.0215447,1.00,2384.54,61.60
1762420836.0586414,0.50,2384.54,61.60
1762420837.0612721,0.50,2384.54,61.60
1762420838.064158,1.00,2384.54,61.60
1762420839.066272,2.50,2384.78,61.60
1762420840.06831,0.50,2384.78,61.60
1762420841.0707393,1.00,2384.78,61.60
1762420842.0727708,0.50,2384.78,61.60
1762420843.0752518,1.00,2384.78,61.60
1762420844.078114,2.00,2384.78,61.60
1762420845.080184,0.50,2384.77,61.60
1762420846.081993,11.10,2386.00,61.70
1762420847.0837255,1.50,2385.99,61.70
1762420848.085828,1.00,2385.99,61.70
1762420849.0883749,0.00,2385.99,61.70
1762420850.092145,1.00,2385.98,61.70
1762420851.0960348,0.00,2385.98,61.70
1762420852.0979075,1.00,2385.98,61.70
1762420853.099804,0.50,2385.98,61.70
1762420854.1016617,1.50,2385.98,61.70
1762420855.1051185,0.50,2385.98,61.70
1762420856.1074393,1.00,2385.98,61.70
1762420857.1093845,0.50,2385.97,61.70
1762420858.1112163,1.00,2385.97,61.70
1762420859.1133187,0.00,2385.97,61.70
1762420860.1152875,1.00,2385.97,61.70
1762420861.1171336,0.50,2385.97,61.70
1762420862.1191907,0.50,2385.97,61.70
1762420863.1215718,0.50,2385.96,61.70
1762420864.1234047,0.00,2385.96,61.70
1762420865.1270351,0.50,2385.96,61.70
1762420866.1292295,1.50,2385.96,61.70
1762420867.131295,0.50,2385.96,61.70
1762420868.1333096,0.50,2385.96,61.70
1762420869.13643,0.50,2385.95,61.70
1762420870.1387177,0.00,2385.95,61.70
1762420871.1410048,1.00,2385.95,61.70
1762420872.142493,0.50,2385.94,61.70
1762420873.1443594,7.80,2388.16,61.70
1762420874.1502993,14.90,2391.90,61.80
1762420875.1525555,2.50,2392.18,61.80
1762420876.154703,5.40,2394.25,61.90
1762420877.1569834,1.80,2393.41,61.90
1762420878.1942186,5.10,2393.66,61.90
1762420879.1962416,17.30,2395.92,61.90
1762420880.678289,4.60,2397.20,62.00
1762420881.6945186,13.80,2398.57,62.00
1762420882.6984751,9.50,2396.86,62.00
1762420883.7027183,6.10,2397.52,62.00
1762420884.7091684,2.30,2395.50,61.90
1762420885.7109165,3.40,2395.22,61.90
1762420886.7125323,2.40,2395.87,61.90
1762420887.7144108,1.70,2394.71,61.90
1762420888.7164884,5.20,2395.03,61.90
1762420889.7184901,6.90,2395.34,61.90
1762420890.7212262,1.70,2395.75,61.90
1762420891.7235353,3.40,2395.28,61.90
1762420892.7273111,3.60,2395.18,61.90
1762420893.7281423,3.40,2394.93,61.90
1762420894.7294455,1.70,2395.36,61.90
1762420895.7301397,0.60,2395.71,61.90
1762420896.7317696,1.10,2396.25,61.90
1762420897.7335548,1.10,2395.11,61.90
1762420898.7342536,1.70,2396.05,61.90
1762420899.7365034,0.60,2395.37,61.90
1762420900.7375655,2.30,2394.98,61.90
1762420901.7384596,1.70,2396.02,61.90
1762420902.7393136,8.40,2399.50,62.00
1762420903.740085,3.90,2397.38,62.00
1762420904.742368,2.60,2393.87,61.90
1762420905.7445872,0.50,2393.82,61.90
1762420906.7469523,1.00,2395.04,61.90
1762420907.7486212,1.00,2395.34,61.90
1762420908.7503173,8.10,2396.07,61.90
1762420909.7525923,1.00,2396.06,61.90
1762420910.7546911,0.50,2396.06,61.90
1762420911.7581558,1.50,2396.06,61.90
1762420912.760336,0.00,2396.06,61.90
1762420913.7621844,1.00,2396.06,61.90
1762420914.766147,1.50,2396.05,61.90
1762420915.7713566,0.50,2396.05,61.90
1762420916.773542,0.50,2396.05,61.90
1762420917.7764714,0.00,2396.05,61.90
1762420918.778638,1.00,2396.05,61.90
1762420919.7805462,0.50,2396.05,61.90
1762420920.7828252,0.50,2396.05,61.90
1762420921.785501,0.00,2396.05,61.90
1762420922.7876742,2.00,2396.04,61.90
1762420923.7894516,0.50,2396.04,61.90
1762420924.7912207,0.50,2396.04,61.90
1762420925.7931888,0.50,2396.04,61.90
1762420926.8019693,1.00,2396.04,61.90
1762420927.8037906,0.50,2396.04,61.90
1762420928.8059406,0.50,2396.01,61.90
1762420929.8079562,0.50,2396.01,61.90
1762420930.810412,1.00,2396.01,61.90
1762420931.8155107,1.00,2396.01,61.90
1762420932.8173513,1.00,2396.01,61.90
1762420933.8195028,0.00,2396.01,61.90
1762420934.8213794,0.50,2396.00,61.90
1762420935.8234456,1.00,2396.00,61.90
1762420936.8265955,0.50,2396.00,61.90
1762420937.867623,0.50,2396.00,61.90
1762420938.8700354,0.50,2396.00,61.90
1762420939.8721561,1.00,2396.00,61.90
1762420940.8741307,1.00,2396.00,61.90
1762420941.8762004,0.50,2396.00,61.90
1762420942.879443,0.50,2396.00,61.90
1762420943.8812551,1.00,2396.00,61.90
1762420944.883112,0.00,2395.99,61.90
1762420945.8851402,0.00,2395.99,61.90
1762420946.8871193,1.50,2395.99,61.90
1762420947.8890138,0.00,2395.99,61.90
1762420948.8913796,2.50,2395.99,61.90
1762420949.8932521,2.50,2396.23,61.90
1762420950.8954556,1.00,2396.23,61.90
1762420951.8975103,0.50,2396.23,61.90
1762420952.8992405,0.50,2396.23,61.90
1762420953.901254,0.50,2396.23,61.90
1762420954.9033585,0.50,2396.23,61.90
1762420955.9058092,1.00,2396.23,61.90
1762420956.9077902,0.00,2396.23,61.90
1762420957.9102585,0.00,2396.23,61.90
1762420958.9123592,0.50,2396.23,61.90
1762420959.9792852,0.90,2396.21,61.90
1762420960.9812665,0.00,2396.21,61.90
1762420961.983503,1.00,2396.21,61.90
1762420962.987146,4.50,2396.21,61.90
1762420963.9890826,2.00,2396.21,61.90
1762420964.9917624,1.00,2396.21,61.90
1762420965.9942973,1.50,2396.21,61.90
1762420966.9962873,1.50,2396.21,61.90
1762420967.9983974,3.00,2396.21,61.90
1762420969.000233,5.00,2396.43,61.90
1762420970.0027573,0.50,2396.43,61.90
1762420971.0054245,1.00,2396.43,61.90
1762420972.0086644,1.00,2396.42,61.90
1762420973.0110123,1.00,2396.42,61.90
1762420974.0132375,1.50,2396.42,61.90
1762420975.0159218,1.00,2396.42,61.90
1762420976.018547,3.50,2396.66,62.00
1762420977.0202842,1.00,2396.64,62.00
1762420978.0233684,1.10,2396.63,62.00
1762420979.025773,1.00,2396.63,62.00
1762420980.0302339,1.50,2396.63,62.00
1762420981.0322034,3.50,2396.93,62.00
1762420982.0355265,0.50,2396.91,62.00
1762420983.037316,0.50,2396.91,62.00
1762420984.0391204,0.50,2396.91,62.00
1762420985.0408018,0.50,2396.91,62.00
1762420986.0430672,1.00,2396.91,62.00
1762420987.0453367,0.50,2396.91,62.00
1762420988.0473425,0.50,2396.91,62.00
1762420989.049124,1.00,2396.91,62.00
1762420990.051044,0.00,2396.90,62.00
1762420991.0529318,1.00,2396.90,62.00
1762420992.0552824,0.50,2396.90,62.00
1762420993.0602574,0.50,2396.90,62.00
1762420994.0631075,1.00,2396.89,62.00
1762420995.0664394,0.50,2396.89,62.00
1762420996.0687964,1.00,2396.89,62.00
1762420997.0708127,0.50,2396.89,62.00
1762420998.073187,0.50,2396.89,62.00
1762420999.0754454,0.50,2396.88,62.00
1762421000.1125612,1.00,2396.88,62.00
1762421001.1159837,0.50,2396.88,62.00
1762421002.1172826,0.50,2396.88,62.00
1762421003.119716,1.50,2396.88,62.00
1762421004.1219096,0.50,2396.88,62.00
1762421005.1242416,0.50,2396.86,62.00
1762421006.126332,1.00,2396.86,62.00
1762421007.1285295,0.50,2396.86,62.00
1762421008.130458,0.50,2396.86,62.00
1762421009.1311219,5.90,2396.92,62.00
1762421010.1327097,2.20,2395.75,61.90
1762421011.1341944,3.30,2396.61,62.00
1762421012.136045,0.60,2397.93,62.00
1762421013.137072,1.70,2397.76,62.00
1762421014.1463923,1.20,2398.88,62.00
1762421015.1473124,3.50,2397.46,62.00
1762421016.149591,3.40,2398.36,62.00
1762421017.1512184,3.40,2398.48,62.00
1762421018.1539352,3.40,2398.97,62.00
1762421019.1566522,4.70,2397.27,62.00
1762421020.157765,1.70,2398.66,62.00
1762421021.1596851,1.70,2398.67,62.00
1762421022.1612916,2.20,2398.20,62.00
1762421023.1622467,1.10,2398.12,62.00
1762421024.1632614,2.20,2397.88,62.00
1762421025.1642964,1.10,2398.52,62.00
1762421026.1660755,3.50,2398.59,62.00
1762421027.1711888,3.50,2398.39,62.00
1762421028.1730044,10.70,2399.44,62.00
1762421029.1736994,3.30,2398.90,62.00
1762421030.1743412,1.10,2399.09,62.00
1762421031.1753373,1.10,2399.99,62.00
1762421032.176029,1.70,2400.06,62.00
1762421033.17707,2.90,2400.63,62.10
1762421034.178718,3.50,2401.00,62.10
1762421035.18006,2.80,2402.67,62.10
1762421036.1817155,0.60,2398.85,62.00
1762421037.183785,2.80,2400.93,62.10
1762421038.1871548,1.10,2399.41,62.00
1762421039.188801,2.10,2394.08,61.90
1762421040.190658,1.00,2394.32,61.90
1762421041.1925023,1.50,2394.86,61.90
1762421042.194522,0.50,2394.86,61.90
1762421043.197404,0.50,2394.86,61.90
1762421044.200054,0.50,2394.86,61.90
1762421045.3573356,1.30,2395.08,61.90
1762421046.3593917,3.50,2395.08,61.90
1762421047.3615234,0.50,2395.08,61.90
1762421048.3635082,1.00,2395.08,61.90
1762421049.3655303,0.50,2395.07,61.90
1762421050.3672967,1.00,2395.07,61.90
1762421051.3694205,1.50,2395.06,61.90
1762421052.371552,0.50,2395.06,61.90
1762421053.37365,1.00,2395.06,61.90
1762421054.3756547,1.00,2395.06,61.90
1762421055.3775692,1.00,2395.06,61.90
1762421056.3799784,1.00,2395.06,61.90
1762421057.381955,0.50,2395.06,61.90
1762421058.3839276,0.50,2395.05,61.90
1762421059.3853061,0.50,2395.05,61.90
1762421060.3874624,0.50,2395.05,61.90
1762421061.3892431,0.50,2395.05,61.90
1762421062.3911924,0.50,2395.05,61.90
1762421063.3932467,0.50,2395.05,61.90
1762421064.3951824,0.00,2395.05,61.90
1762421065.3972929,1.00,2395.05,61.90
1762421066.3995767,0.00,2395.05,61.90
1762421067.4025626,1.50,2395.04,61.90
1762421068.4046934,0.50,2395.04,61.90
1762421069.4065804,3.50,2395.77,61.90
1762421070.409008,0.00,2395.77,61.90
1762421071.4115093,1.00,2397.50,62.00
1762421072.4143558,1.00,2397.50,62.00
1762421073.41666,0.00,2397.49,62.00
1762421074.4187076,0.50,2397.49,62.00
1762421075.4207723,0.00,2397.49,62.00
1762421076.4226334,1.50,2397.49,62.00
1762421077.4251826,0.50,2397.49,62.00
1762421078.4284575,0.00,2397.49,62.00
1762421079.430705,1.00,2397.47,62.00
1762421080.4329221,0.50,2397.47,62.00
1762421081.434794,0.00,2397.47,62.00
1762421082.437784,1.00,2397.47,62.00
1762421083.4397583,1.50,2397.47,62.00
1762421084.4422946,1.00,2397.47,62.00
1762421085.444219,0.50,2397.46,62.00
1762421086.4466398,1.50,2397.46,62.00
1762421087.4486942,1.00,2397.46,62.00
1762421088.4506752,2.50,2397.46,62.00
1762421089.4530754,6.50,2397.45,62.00
1762421090.4550383,0.00,2397.45,62.00
1762421091.4571166,1.00,2397.44,62.00
1762421092.459206,1.50,2397.44,62.00
1762421093.461199,0.00,2397.44,62.00
1762421094.4633217,1.50,2397.44,62.00
1762421095.4689665,0.00,2397.43,62.00
1762421096.4706142,1.50,2397.43,62.00
1762421097.4724622,0.50,2397.43,62.00
1762421098.47424,0.00,2397.43,62.00
1762421099.4768112,1.00,2397.43,62.00
1762421100.4792464,0.50,2397.43,62.00
1762421101.4812152,0.50,2397.42,62.00
1762421102.48307,0.00,2397.42,62.00
1762421103.4853258,0.50,2397.42,62.00
1762421104.4873972,0.50,2397.42,62.00
1762421105.489158,1.00,2397.42,62.00
1762421106.4914157,2.10,2397.42,62.00
1762421107.495115,0.50,2397.42,62.00
1762421108.4997165,0.00,2397.42,62.00
1762421109.5017183,0.50,2397.42,62.00
1762421110.503518,0.00,2397.42,62.00
1762421111.505552,1.50,2397.42,62.00
1762421112.511984,1.00,2397.42,62.00
1762421113.5144937,1.50,2397.42,62.00
1762421114.5167615,0.00,2397.41,62.00
1762421115.5185041,1.00,2397.41,62.00
1762421116.5202336,0.50,2397.41,62.00
1762421117.5225794,0.00,2397.41,62.00
1762421118.5245373,0.50,2397.41,62.00
1762421119.526257,0.50,2397.40,62.00
1762421120.5291226,0.00,2397.40,62.00
1762421121.531186,0.50,2397.39,62.00
1762421122.5328972,0.50,2397.39,62.00
1762421123.5354517,1.00,2397.39,62.00
1762421124.537616,1.00,2397.39,62.00
1762421125.5400064,1.00,2397.39,62.00
1762421126.542464,0.50,2397.39,62.00
1762421127.5442903,0.50,2397.38,62.00
1762421128.546289,1.50,2397.37,62.00
1762421129.5481482,1.00,2397.37,62.00
1762421130.5497189,1.00,2397.37,62.00
1762421131.5515835,0.50,2397.37,62.00
1762421132.5535686,1.00,2397.37,62.00
1762421133.5560508,0.50,2397.37,62.00
1762421134.5581958,0.50,2397.37,62.00
1762421135.5600133,0.50,2397.37,62.00
1762421136.580281,0.50,2397.36,62.00
1762421137.5821881,0.50,2397.36,62.00
1762421138.5841787,1.00,2397.36,62.00
1762421139.585993,0.50,2397.36,62.00
1762421140.588248,1.00,2397.36,62.00
1762421141.5902343,0.50,2397.35,62.00
1762421142.5923374,0.50,2397.35,62.00
1762421143.5931861,4.10,2397.23,62.00
1762421144.595136,5.20,2398.79,62.00
1762421145.5971656,3.00,2399.55,62.00
1762421146.5992525,3.40,2400.97,62.10
1762421147.6010325,1.10,2399.89,62.00
1762421148.603008,1.10,2400.88,62.10
1762421149.603947,1.70,2401.11,62.10
1762421150.6060157,5.40,2403.12,62.10
1762421151.606931,6.20,2399.49,62.00
1762421152.6077783,1.70,2399.72,62.00
1762421153.609347,5.20,2400.71,62.10
1762421154.6102524,2.30,2400.68,62.10
1762421155.610996,2.30,2399.94,62.00
1762421156.612555,2.80,2401.26,62.10
1762421157.613391,2.80,2399.83,62.00
1762421158.6140404,2.30,2399.90,62.00
1762421159.6153138,2.30,2400.52,62.10
1762421160.6171343,2.30,2400.70,62.10
1762421161.6191227,2.20,2401.40,62.10
1762421162.6208036,2.20,2400.71,62.10
1762421163.6229188,1.70,2400.27,62.00
1762421164.6247368,1.80,2399.55,62.00
1762421165.626569,3.50,2401.00,62.10
1762421166.6311421,4.20,2399.98,62.00
1762421167.63213,1.70,2400.07,62.00
1762421168.6336412,2.20,2400.06,62.00
1762421169.6355126,2.30,2400.48,62.10
1762421170.6391454,2.30,2400.55,62.10
1762421171.6401877,4.10,2399.29,62.00
1762421172.6410208,4.60,2400.29,62.00
1762421173.642807,4.00,2395.28,61.90
1762421174.6444235,2.00,2395.38,61.90
1762421175.7146542,1.00,2395.62,61.90
1762421176.7215252,8.00,2396.13,61.90
1762421177.7232382,1.00,2396.13,61.90
1762421178.7252638,0.50,2396.12,61.90
1762421179.7279503,1.00,2396.12,61.90
1762421180.730093,0.50,2396.12,61.90
1762421181.732157,1.50,2396.12,61.90
1762421182.7352188,0.00,2396.12,61.90
1762421183.7407746,2.10,2396.12,61.90
1762421184.742736,1.20,2396.12,61.90
1762421185.9372509,5.40,2396.12,61.90
1762421186.9410865,5.10,2396.36,61.90
1762421187.943184,0.00,2396.34,61.90
1762421188.9452615,1.50,2396.59,62.00
1762421189.9475229,1.00,2396.59,62.00
1762421190.9494872,1.50,2397.08,62.00
1762421191.9512775,1.00,2397.07,62.00
1762421192.9532955,1.00,2397.07,62.00
1762421193.9557867,1.00,2397.07,62.00
1762421194.9606872,0.50,2397.07,62.00
1762421195.9653437,1.00,2397.07,62.00
1762421196.9690742,1.00,2397.07,62.00
1762421197.9710908,1.00,2397.07,62.00
1762421198.9728134,0.50,2397.07,62.00
1762421199.9747174,1.00,2397.07,62.00
1762421200.9765148,0.50,2397.07,62.00
1762421201.9786713,1.00,2397.06,62.00
1762421202.9844918,6.00,2397.52,62.00
1762421203.9866412,3.50,2397.51,62.00
1762421204.9893324,1.00,2397.51,62.00
1762421205.9912364,1.00,2397.51,62.00
1762421206.9932034,2.50,2397.51,62.00
1762421207.9962032,2.00,2397.75,62.00
1762421209.000228,2.00,2397.75,62.00
1762421210.0020516,0.50,2397.97,62.00
1762421211.0042193,1.50,2397.97,62.00
1762421212.0061634,0.50,2397.97,62.00
1762421213.0088294,0.50,2397.97,62.00
1762421214.0114143,10.60,2398.46,62.00
1762421215.0134027,1.00,2398.46,62.00
1762421216.0171216,0.50,2398.45,62.00
1762421217.019451,1.50,2398.45,62.00
1762421218.021579,0.50,2398.45,62.00
1762421219.0236657,2.00,2398.45,62.00
1762421220.0256975,0.50,2398.45,62.00
1762421221.0281744,1.50,2398.45,62.00
1762421222.030368,0.50,2398.45,62.00
1762421223.032283,1.50,2398.45,62.00
1762421224.0852542,0.00,2398.45,62.00
1762421225.0890248,1.50,2398.45,62.00
1762421226.0909634,1.00,2398.45,62.00
1762421227.0932531,0.50,2398.45,62.00
1762421228.095521,0.50,2398.45,62.00
1762421229.098251,0.50,2398.44,62.00
1762421230.1003497,1.00,2398.44,62.00
1762421231.1023445,1.50,2398.43,62.00
1762421232.1042519,0.50,2398.43,62.00
1762421233.1066551,1.00,2398.43,62.00
1762421234.1093264,1.00,2398.42,62.00
1762421235.111472,0.00,2398.42,62.00
1762421236.1132753,1.50,2398.42,62.00
1762421237.1155365,1.00,2398.42,62.00
1762421238.1181784,0.50,2398.41,62.00
1762421239.1202147,0.50,2398.41,62.00
1762421240.122226,1.00,2398.41,62.00
1762421241.1262276,0.50,2398.41,62.00
1762421242.1296515,2.00,2398.41,62.00
1762421243.1324174,2.00,2398.41,62.00
1762421244.1346385,1.50,2398.41,62.00
1762421245.1363454,0.50,2398.41,62.00
1762421246.1383765,1.70,2398.41,62.00
1762421247.149303,1.00,2398.39,62.00
1762421248.2011814,2.00,2398.39,62.00
1762421249.203243,1.50,2398.39,62.00
1762421250.2060688,2.50,2398.64,62.00
1762421251.2111363,4.50,2399.11,62.00
1762421252.2135096,0.50,2399.11,62.00
1762421253.2172883,0.50,2399.11,62.00
1762421254.218316,22.30,2398.06,62.00
1762421255.220775,10.00,2395.10,61.90
1762421256.2233064,0.50,2395.10,61.90
1762421257.2256074,2.00,2395.84,61.90
1762421258.2275455,13.10,2421.68,62.60
1762421259.2282982,78.20,2413.61,62.40
1762421260.2296703,58.40,2438.96,63.00
1762421261.2331183,1.50,2438.96,63.00
1762421262.2350318,1.00,2438.96,63.00
1762421263.2383795,0.50,2438.96,63.00
1762421264.2404897,10.50,2438.96,63.00
1762421265.2432296,0.50,2438.96,63.00
1762421266.245566,2.50,2438.96,63.00
1762421267.2477658,1.00,2438.96,63.00
1762421268.2501352,1.00,2438.96,63.00
1762421269.2521174,2.00,2438.95,63.00
1762421270.2545114,2.50,2438.94,63.00
1762421271.2565653,1.00,2438.94,63.00
1762421272.2588181,0.50,2438.94,63.00
1762421273.261127,1.00,2438.94,63.00
1762421274.2631283,2.00,2438.94,63.00
1762421275.2647588,10.00,2438.91,63.00
1762421276.2665827,2.00,2438.91,63.00
1762421277.2692356,1.50,2438.90,63.00
1762421278.2713509,2.50,2431.16,62.80
1762421279.2723918,1.10,2423.00,62.60
1762421280.2741811,1.10,2423.64,62.70
1762421281.2761006,1.10,2424.17,62.70
1762421282.2777076,1.60,2424.30,62.70
1762421283.2795398,0.00,2424.15,62.70
1762421284.281288,1.60,2424.07,62.70
1762421285.2829027,1.10,2424.96,62.70
1762421286.2846441,1.10,2421.25,62.60
1762421287.2855358,1.60,2420.26,62.60
1762421288.2863252,0.60,2421.55,62.60
1762421289.2879474,1.60,2421.27,62.60
1762421290.289561,0.00,2421.55,62.60
1762421291.2915993,1.60,2421.48,62.60
1762421292.2934747,0.00,2421.21,62.60
1762421293.2942624,1.60,2421.28,62.60
1762421294.2949703,1.10,2421.31,62.60
1762421295.295647,1.10,2420.32,62.60
1762421296.298433,0.50,2421.25,62.60
1762421297.300305,1.60,2421.47,62.60
1762421298.3019435,0.50,2421.50,62.60
1762421299.303659,0.60,2421.23,62.60
1762421300.304409,1.10,2421.75,62.60
1762421301.3051996,0.60,2421.19,62.60
1762421302.3059242,1.10,2421.06,62.60
1762421303.3073285,6.30,2421.30,62.60
1762421304.3079243,8.50,2421.58,62.60
1762421305.3093913,54.80,2430.20,62.80
1762421306.3100529,3.40,2429.82,62.80
1762421307.3118086,4.90,2429.85,62.80
1762421308.313955,4.00,2430.02,62.80
1762421309.3271708,3.10,2423.25,62.60
1762421310.3371248,4.70,2423.25,62.60
1762421311.343401,5.50,2425.02,62.70
1762421312.3523588,0.50,2425.02,62.70
1762421313.3545165,2.50,2425.02,62.70
1762421314.356792,0.50,2425.02,62.70
1762421315.3591459,0.50,2425.02,62.70
1762421316.3637133,1.50,2425.02,62.70
1762421317.3687725,1.00,2425.02,62.70
1762421318.3714392,0.50,2425.02,62.70
1762421319.3737087,0.00,2425.02,62.70
1762421320.3765635,1.00,2425.02,62.70
1762421321.3789754,0.00,2425.01,62.70
1762421322.5416267,0.50,2425.01,62.70
1762421323.5435982,3.60,2425.01,62.70
1762421324.5456238,2.50,2425.25,62.70
1762421325.5482442,1.00,2425.25,62.70
1762421326.5505908,1.50,2425.50,62.70
1762421327.5530808,2.00,2425.50,62.70
1762421328.5554028,1.00,2425.72,62.70
1762421329.5574384,1.00,2425.72,62.70
1762421330.5593665,0.00,2425.72,62.70
1762421331.5612996,1.00,2425.71,62.70
1762421332.5631192,4.10,2426.20,62.70
1762421333.5671427,1.50,2426.18,62.70
1762421334.569233,1.00,2426.18,62.70
1762421335.5711093,1.00,2426.18,62.70
1762421336.5730906,1.00,2426.18,62.70
1762421337.5753868,8.00,2427.65,62.80
1762421338.577336,0.50,2427.89,62.80
1762421339.5801165,0.00,2427.89,62.80
1762421340.5832138,1.00,2427.89,62.80
1762421341.5849752,0.50,2427.89,62.80
1762421342.5874817,0.50,2427.89,62.80
1762421343.5900736,1.00,2427.88,62.80
1762421344.5923357,0.50,2427.87,62.80
1762421345.5945508,0.50,2428.11,62.80
1762421346.5973387,1.00,2428.11,62.80
1762421347.6006966,1.00,2428.11,62.80
1762421348.603176,0.50,2428.11,62.80
1762421349.6054122,0.00,2428.11,62.80
1762421350.607774,1.00,2428.09,62.80
1762421351.6107464,2.00,2428.09,62.80
1762421352.612794,0.50,2428.09,62.80
1762421353.6154182,0.50,2428.09,62.80
1762421354.618052,1.00,2428.09,62.80
1762421355.62035,0.00,2428.09,62.80
1762421356.6223373,1.00,2428.09,62.80
1762421357.6250868,0.50,2428.09,62.80
1762421358.6277337,0.00,2428.09,62.80
1762421359.6303585,1.00,2428.09,62.80
1762421360.6324172,0.50,2428.09,62.80
1762421361.6346135,0.00,2428.08,62.80
1762421362.637412,1.00,2428.08,62.80
1762421363.6402164,1.50,2428.07,62.80
1762421364.6427531,0.00,2428.07,62.80
1762421365.6447787,0.00,2428.07,62.80
1762421366.6471975,1.50,2428.06,62.80
1762421367.6506453,0.00,2428.06,62.80
1762421368.6532242,1.00,2428.05,62.80
1762421369.655073,0.50,2428.05,62.80
1762421370.657483,0.50,2428.05,62.80
1762421371.6601055,2.50,2428.05,62.80
1762421372.66364,0.50,2428.05,62.80
1762421373.6734502,2.00,2428.05,62.80
1762421374.6744967,1.00,2428.05,62.80
1762421375.6796844,1.00,2428.04,62.80
1762421376.682443,1.50,2428.04,62.80
1762421377.6843379,0.00,2428.04,62.80
1762421378.6879056,1.50,2428.04,62.80
1762421379.689739,1.00,2428.04,62.80
1762421380.6998124,1.50,2428.77,62.80
1762421381.7069836,0.00,2428.77,62.80
1762421382.7102492,0.50,2428.77,62.80
1762421383.7156389,3.00,2428.77,62.80
1762421384.7176497,1.00,2428.77,62.80
1762421385.7204766,0.50,2428.77,62.80
1762421386.7218072,1.00,2428.76,62.80
1762421387.724268,0.50,2428.76,62.80
1762421388.7264853,0.50,2428.76,62.80
1762421389.7292295,1.00,2428.75,62.80
1762421390.7302787,1.00,2428.74,62.80
1762421391.7324176,0.50,2428.74,62.80
1762421392.7342014,0.00,2428.74,62.80
1762421393.736371,0.50,2428.73,62.80
1762421394.7442017,0.50,2428.73,62.80
1762421395.7469316,1.50,2428.73,62.80
1762421396.7487173,2.60,2428.96,62.80
1762421397.75171,16.50,2428.96,62.80
1762421398.7536328,1.00,2428.96,62.80
1762421399.755461,0.00,2428.96,62.80
1762421400.7585833,1.00,2428.96,62.80
1762421401.7606602,1.00,2428.96,62.80
1762421402.763259,1.00,2424.92,62.70
1762421403.7652023,0.00,2424.92,62.70
1762421404.767116,0.50,2424.92,62.70
1762421405.7692494,0.00,2424.92,62.70
1762421406.771549,2.00,2425.17,62.70
1762421407.7736607,1.00,2425.66,62.70
1762421408.7759879,0.00,2425.66,62.70
1762421409.7784646,0.50,2425.66,62.70
1762421410.780378,2.50,2425.65,62.70
1762421411.7816722,1.00,2425.65,62.70
1762421412.783784,0.00,2425.64,62.70
1762421413.7987149,3.30,2428.19,62.80
1762421414.8004146,2.30,2427.28,62.70
1762421415.8010824,2.80,2428.80,62.80
1762421416.8024096,0.60,2429.87,62.80
1762421417.804564,1.70,2429.94,62.80
1762421418.8054461,1.80,2429.64,62.80
1762421419.8061843,1.70,2430.17,62.80
1762421420.8069637,0.50,2430.11,62.80
1762421421.8096404,3.50,2429.64,62.80
1762421422.8117537,1.70,2428.85,62.80
1762421423.8139944,4.60,2430.30,62.80
1762421424.8169894,3.50,2430.25,62.80
1762421425.818476,3.40,2430.05,62.80
1762421426.8212044,1.70,2429.94,62.80
1762421427.8229449,1.80,2429.75,62.80
1762421428.824528,4.00,2430.06,62.80
1762421429.8253267,2.90,2429.83,62.80
1762421430.8269491,4.00,2429.80,62.80
1762421431.827563,3.40,2430.76,62.80
1762421432.82831,3.00,2430.06,62.80
1762421433.829275,3.60,2430.55,62.80
1762421434.8310962,1.10,2430.67,62.80
1762421435.8318286,1.10,2430.73,62.80
1762421436.8335228,1.70,2430.78,62.80
1762421437.834206,2.30,2430.84,62.80
1762421438.8347647,0.00,2430.66,62.80
1762421439.8354769,0.00,2431.83,62.90
1762421440.8362498,0.00,2431.24,62.80
1762421441.8368776,1.10,2431.69,62.90
1762421442.837843,1.10,2431.37,62.90
1762421443.8401728,2.60,2426.78,62.70
1762421444.8426635,0.50,2426.73,62.70
1762421445.845472,1.00,2427.96,62.80
1762421446.8475912,2.00,2428.01,62.80
1762421447.8510249,1.50,2428.00,62.80
1762421448.8533022,1.00,2428.00,62.80
1762421449.855344,0.50,2428.00,62.80
1762421450.8576968,0.00,2428.00,62.80
1762421451.8603277,1.00,2428.00,62.80
1762421452.8614128,0.50,2428.00,62.80
1762421453.8625176,0.00,2428.00,62.80
1762421454.8645804,1.00,2427.98,62.80
1762421455.8667889,1.50,2427.98,62.80
1762421456.8690805,0.00,2427.97,62.80
1762421457.8716455,5.00,2428.71,62.80
1762421458.873564,1.00,2428.71,62.80
1762421459.8760946,0.50,2428.70,62.80
1762421460.8787572,1.00,2428.70,62.80
1762421461.8820047,0.00,2428.70,62.80
1762421462.8841994,1.00,2428.70,62.80
1762421463.886404,0.00,2428.70,62.80
1762421464.8883944,1.50,2428.70,62.80
1762421465.890684,0.50,2428.70,62.80
1762421466.8932948,1.00,2428.69,62.80
1762421467.8952897,0.00,2428.69,62.80
1762421468.89738,0.50,2428.69,62.80
1762421469.8997884,0.50,2428.69,62.80
1762421470.902516,1.00,2428.69,62.80
1762421471.9046094,1.00,2428.69,62.80
1762421472.9064105,0.00,2428.69,62.80
1762421473.90852,0.50,2428.68,62.80
1762421474.9112403,0.50,2428.68,62.80
1762421475.9136539,0.50,2428.68,62.80
1762421476.9156692,0.50,2428.68,62.80
1762421477.9177902,0.50,2428.67,62.80
1762421478.9200144,0.50,2428.67,62.80
1762421479.9216557,0.50,2428.67,62.80
1762421480.9237409,0.00,2428.67,62.80
1762421481.9257977,0.50,2428.67,62.80
1762421482.9280841,0.50,2428.67,62.80
1762421483.930385,1.50,2428.67,62.80
1762421484.9324093,0.00,2428.66,62.80
1762421485.9345014,0.50,2428.66,62.80
1762421486.9365652,1.00,2428.66,62.80
1762421487.9388022,0.50,2428.66,62.80
1762421488.9412568,0.50,2428.65,62.80
1762421489.9431643,1.00,2428.65,62.80
1762421490.9450324,0.50,2428.65,62.80
1762421491.9470057,1.50,2428.65,62.80
1762421492.9495032,0.00,2428.65,62.80
1762421493.952252,1.00,2428.65,62.80
1762421494.9544113,0.50,2428.65,62.80
1762421495.956422,0.00,2428.64,62.80
1762421496.9585705,1.00,2428.64,62.80
1762421497.961418,0.50,2428.64,62.80
1762421498.9632103,1.50,2428.64,62.80
1762421499.9653394,8.10,2453.71,63.40
1762421500.9674642,0.50,2453.73,63.40
1762421501.9694958,1.00,2453.72,63.40
1762421502.971761,5.00,2453.69,63.40
1762421503.974118,1.50,2453.69,63.40
1762421504.9762664,0.00,2453.69,63.40
1762421505.9784777,2.00,2454.16,63.40
1762421506.9814694,1.50,2454.16,63.40
1762421507.9837186,0.50,2454.16,63.40
1762421508.986218,1.00,2454.16,63.40
1762421509.9882836,1.00,2454.16,63.40
1762421510.9905143,0.50,2454.14,63.40
1762421511.9933152,0.50,2454.14,63.40
1762421512.9955463,1.00,2454.13,63.40
1762421513.9985185,0.00,2454.13,63.40
1762421515.0004466,1.50,2454.13,63.40
1762421516.0025907,0.50,2454.13,63.40
1762421517.0044127,4.00,2454.12,63.40
1762421518.006461,2.00,2454.12,63.40
1762421519.0086827,1.00,2454.12,63.40
1762421520.0112522,0.50,2454.12,63.40
1762421521.0130491,0.50,2454.12,63.40
1762421522.0149734,0.00,2454.12,63.40
1762421523.017239,2.50,2454.12,63.40
1762421524.0197797,0.00,2454.12,63.40
1762421525.022405,1.00,2454.12,63.40
1762421526.0243552,0.00,2454.12,63.40
1762421527.026296,1.00,2454.12,63.40
1762421528.0283844,0.00,2454.12,63.40
1762421529.0305674,1.00,2454.12,63.40
1762421530.0329604,0.50,2454.12,63.40
1762421531.0349686,1.00,2454.12,63.40
1762421532.036705,1.50,2454.05,63.40
1762421533.0385792,0.00,2454.05,63.40
1762421534.0408294,0.50,2454.04,63.40
1762421535.0434391,0.00,2454.04,63.40
1762421536.04544,0.50,2454.04,63.40
1762421537.047298,1.00,2454.04,63.40
1762421538.0492208,0.00,2454.04,63.40
1762421539.0515342,0.50,2454.04,63.40
1762421540.053824,1.00,2454.04,63.40
1762421541.0562122,0.00,2454.04,63.40
1762421542.0585477,0.50,2454.04,63.40
1762421543.0614688,1.00,2454.04,63.40
1762421544.0643425,0.50,2454.04,63.40
1762421545.066572,0.50,2454.03,63.40
1762421546.0685577,0.50,2454.02,63.40
1762421547.0705817,0.50,2454.02,63.40
1762421548.0725045,1.60,2455.29,63.50
1762421549.0741923,0.60,2433.31,62.90
1762421550.075901,1.10,2433.27,62.90
1762421551.076676,0.00,2434.99,62.90
1762421552.078444,2.20,2435.38,63.00
1762421553.0803144,0.00,2435.93,63.00
1762421554.0821118,0.50,2436.23,63.00
1762421555.0839698,0.00,2435.69,63.00
1762421556.0849292,0.50,2434.88,62.90
1762421557.086734,0.60,2435.01,62.90
1762421558.0887365,0.00,2435.19,62.90
1762421559.09035,1.10,2436.06,63.00
1762421560.091833,1.10,2434.72,62.90
1762421561.0932193,0.50,2434.90,62.90
1762421562.094739,0.00,2435.10,62.90
1762421563.0963514,0.00,2435.04,62.90
1762421564.0980082,1.60,2436.05,63.00
1762421565.0993679,1.10,2435.59,63.00
1762421566.101214,1.10,2436.02,63.00
1762421567.1027453,0.00,2436.41,63.00
1762421568.104559,1.10,2436.42,63.00
1762421569.1060987,1.10,2436.96,63.00
1762421570.107764,0.50,2436.84,63.00
1762421571.1093276,0.50,2435.63,63.00
1762421572.1110237,0.50,2435.47,63.00
1762421573.1118917,0.00,2435.88,63.00
1762421574.1127403,0.50,2435.78,63.00
1762421575.11339,0.50,2435.85,63.00
1762421576.1150563,1.10,2436.15,63.00
1762421577.1172526,5.50,2436.42,63.00
1762421578.1190076,2.60,2431.02,62.80
1762421579.121226,0.00,2431.02,62.80
1762421580.1234295,1.50,2432.25,62.90
1762421581.1253715,0.50,2432.30,62.90
1762421582.127241,0.50,2432.30,62.90
1762421583.1294372,1.00,2432.29,62.90
1762421584.1317801,0.00,2432.29,62.90
1762421585.134463,1.00,2432.29,62.90
1762421586.1367276,0.50,2432.29,62.90
1762421587.1385572,0.50,2432.29,62.90
1762421588.1404889,0.50,2432.29,62.90
1762421589.1432743,0.50,2432.29,62.90
1762421590.145275,0.50,2432.29,62.90
1762421591.1473198,1.00,2432.29,62.90
1762421592.1493034,0.00,2432.29,62.90
1762421593.1524615,0.50,2432.29,62.90
1762421594.155808,0.00,2432.28,62.90
1762421595.1579835,1.00,2432.28,62.90
1762421596.1600876,0.50,2432.28,62.90
1762421597.1622007,0.50,2432.28,62.90
1762421598.1645,1.00,2432.28,62.90
1762421599.166414,0.00,2432.27,62.90
1762421600.1684327,0.00,2432.27,62.90
1762421601.170598,0.50,2432.27,62.90
1762421602.1739056,0.50,2432.27,62.90
1762421603.1760168,0.50,2432.27,62.90
1762421604.1781805,1.00,2432.27,62.90
1762421605.1801407,7.50,2432.25,62.90
1762421606.1824925,7.60,2432.31,62.90
1762421607.1845489,7.10,2432.31,62.90
1762421608.1863837,7.00,2432.31,62.90
1762421609.1884072,6.10,2432.31,62.90
1762421610.1905468,5.50,2432.31,62.90
1762421611.192337,5.60,2432.31,62.90
1762421612.1944869,4.00,2432.31,62.90
1762421613.1963058,4.00,2432.30,62.90
1762421614.1982584,3.50,2432.30,62.90
1762421615.2005618,26.50,2419.04,62.50
1762421616.2028031,2.00,2419.13,62.50
1762421617.204698,0.50,2419.13,62.50
1762421618.207152,0.50,2419.13,62.50
1762421619.2092912,0.50,2419.13,62.50
1762421620.2112741,0.50,2419.13,62.50
1762421621.214164,1.00,2419.13,62.50
1762421622.2164505,0.50,2419.13,62.50
1762421623.219276,0.50,2419.12,62.50
1762421624.2213695,2.00,2419.12,62.50
1762421625.2233539,1.00,2419.12,62.50
1762421626.2255967,2.50,2419.11,62.50
1762421627.2277372,1.00,2419.11,62.50
1762421628.2296605,3.50,2419.36,62.50
1762421629.2316592,0.50,2419.33,62.50
1762421630.2340217,0.50,2419.33,62.50
1762421631.235699,0.50,2419.33,62.50
1762421632.237666,0.50,2419.33,62.50
1762421633.2394567,0.50,2419.33,62.50
1762421634.2412083,0.50,2419.33,62.50
1762421635.2431529,1.00,2419.33,62.50
1762421636.2449808,0.50,2419.33,62.50
1762421637.246821,4.50,2420.30,62.60
1762421638.2492123,1.00,2420.30,62.60
1762421639.2516835,1.00,2420.30,62.60
1762421640.2541993,1.00,2420.30,62.60
1762421641.2560878,0.50,2420.30,62.60
1762421642.2584558,1.00,2420.30,62.60
1762421643.2611952,1.00,2420.30,62.60
1762421644.2635179,0.50,2420.29,62.60
1762421645.265615,1.00,2420.29,62.60
1762421646.2684903,1.00,2420.29,62.60
1762421647.2707012,0.50,2420.29,62.60
1762421648.2737243,0.50,2420.29,62.60
1762421649.276815,0.50,2420.29,62.60
1762421650.2795453,0.50,2420.29,62.60
1762421651.281394,1.50,2420.27,62.60
1762421652.2834704,0.50,2420.27,62.60
1762421653.285613,1.00,2420.27,62.60
1762421654.3159292,5.50,2420.27,62.60
1762421655.3178277,0.50,2420.27,62.60
1762421656.3190048,1.00,2420.26,62.60
1762421657.3217118,0.50,2420.26,62.60
1762421658.3245084,0.00,2420.26,62.60
1762421659.3272288,0.50,2420.26,62.60
1762421660.3301125,1.00,2420.26,62.60
1762421661.3326619,0.50,2420.26,62.60
1762421662.3347294,0.00,2420.26,62.60
1762421663.3366144,1.00,2420.26,62.60
1762421664.338658,0.00,2420.26,62.60
1762421665.3406448,0.50,2420.26,62.60
1762421666.3425756,0.50,2420.26,62.60
1762421667.3446293,0.50,2420.49,62.60
1762421668.3466048,1.00,2420.49,62.60
1762421669.348755,1.00,2420.49,62.60
1762421670.350791,0.50,2420.49,62.60
1762421671.3532836,2.00,2420.49,62.60
1762421672.3552966,1.50,2420.49,62.60
1762421673.3564699,0.00,2420.49,62.60
1762421674.3584793,1.00,2420.49,62.60
1762421675.3614612,0.00,2420.49,62.60
1762421676.3642015,1.00,2420.49,62.60
1762421677.3655462,0.50,2420.49,62.60
1762421678.3676665,1.00,2420.49,62.60
1762421679.3697634,1.00,2420.49,62.60
1762421680.372519,1.50,2420.96,62.60
1762421681.3753698,0.50,2420.96,62.60
1762421682.3774648,2.00,2421.54,62.60
1762421683.3792076,1.10,2422.83,62.60
1762421684.3809264,1.10,2423.70,62.70
1762421685.3826733,0.00,2424.10,62.70
1762421686.3844104,1.60,2417.32,62.50
1762421687.3853347,1.70,2408.49,62.30
1762421688.3869138,1.60,2408.67,62.30
1762421689.388483,1.10,2408.22,62.30
1762421690.390315,0.50,2409.00,62.30
1762421691.3912072,0.60,2408.36,62.30
1762421692.3927686,0.00,2408.71,62.30
1762421693.3934877,0.60,2408.73,62.30
1762421694.3942895,1.10,2409.71,62.30
1762421695.3950377,1.10,2409.52,62.30
1762421696.3957741,1.10,2410.16,62.30
1762421697.3973327,5.50,2411.21,62.30
1762421698.3979957,0.00,2409.58,62.30
1762421699.3996356,1.10,2409.73,62.30
1762421700.401259,0.50,2409.16,62.30
1762421701.4029467,0.50,2409.04,62.30
1762421702.4045131,0.60,2409.46,62.30
1762421703.4061828,0.50,2409.45,62.30
1762421704.4069376,0.60,2409.38,62.30
1762421705.4076855,0.50,2408.27,62.30
1762421706.4084074,1.10,2408.81,62.30
1762421707.4102116,0.50,2408.42,62.30
1762421708.4118285,0.50,2408.83,62.30
1762421709.413437,0.00,2409.64,62.30
1762421710.415142,0.00,2410.07,62.30
1762421711.4171164,2.20,2410.63,62.30
1762421712.418775,0.50,2409.96,62.30
1762421713.4207118,0.50,2405.20,62.20
1762421714.4231324,1.00,2405.20,62.20
1762421715.425483,0.50,2405.69,62.20
1762421716.4274056,0.50,2405.93,62.20
1762421717.429251,1.00,2405.93,62.20
1762421718.4313443,0.50,2405.93,62.20
1762421719.4334288,0.00,2405.93,62.20
1762421720.435502,1.00,2405.93,62.20
1762421721.4379892,0.50,2405.93,62.20
1762421722.4401548,0.00,2405.93,62.20
1762421723.442589,0.50,2405.93,62.20
1762421724.4454796,1.00,2405.93,62.20
1762421725.4477127,0.50,2405.92,62.20
1762421726.4505467,1.00,2405.92,62.20
1762421727.4535089,1.00,2405.92,62.20
1762421728.455617,1.00,2405.92,62.20
1762421729.4575572,1.00,2405.91,62.20
1762421730.4596953,0.00,2405.91,62.20
1762421731.4616385,2.00,2406.65,62.20
1762421732.4640634,0.50,2406.64,62.20
1762421733.4666653,0.50,2406.64,62.20
1762421734.4688094,0.50,2406.64,62.20
1762421735.4713318,0.50,2406.64,62.20
1762421736.4736192,1.00,2406.64,62.20
1762421737.4761596,0.00,2406.64,62.20
1762421738.478833,1.00,2406.64,62.20
1762421739.480771,0.50,2406.64,62.20
1762421740.4833405,0.00,2406.64,62.20
1762421741.4854114,1.00,2406.64,62.20
1762421742.4874303,0.00,2406.63,62.20
1762421743.489798,2.50,2406.63,62.20
1762421744.4923685,0.50,2406.63,62.20
1762421745.4944143,1.00,2406.63,62.20
1762421746.4962971,1.50,2406.63,62.20
1762421747.4984074,0.50,2406.63,62.20
1762421748.500317,1.00,2406.63,62.20
1762421749.5026538,0.00,2406.63,62.20
1762421750.5055273,2.00,2406.62,62.20
1762421751.5074904,1.00,2406.60,62.20
1762421752.5094666,0.00,2406.60,62.20
1762421753.5118117,0.50,2406.60,62.20
1762421754.5147812,0.50,2406.60,62.20
1762421755.5167022,1.50,2406.60,62.20
1762421756.5190418,0.50,2406.60,62.20
1762421757.5211961,5.00,2406.60,62.20
1762421758.5236733,1.00,2406.60,62.20
1762421759.5261726,0.00,2406.60,62.20
1762421760.528342,1.00,2406.59,62.20
1762421761.5303152,1.00,2406.59,62.20
1762421762.5318062,0.00,2406.59,62.20
1762421763.5343723,0.50,2406.59,62.20
1762421764.5363784,1.00,2406.59,62.20
1762421765.538486,0.50,2406.58,62.20
1762421766.5406742,1.00,2406.58,62.20
1762421767.5437913,1.00,2406.58,62.20
1762421768.5459547,0.50,2406.58,62.20
1762421769.5480285,0.50,2406.58,62.20
1762421770.5497687,0.00,2406.58,62.20
1762421771.5523026,1.50,2406.58,62.20
1762421772.5546656,0.00,2406.57,62.20
1762421773.557344,1.00,2406.57,62.20
1762421774.559814,1.00,2406.57,62.20
1762421775.5625007,0.50,2406.57,62.20
1762421776.5650296,1.00,2406.57,62.20
1762421777.5677378,0.00,2406.57,62.20
1762421778.570651,0.50,2406.57,62.20
1762421779.5733118,1.00,2406.57,62.20
1762421780.5757275,0.50,2406.57,62.20
1762421781.5775104,0.50,2406.57,62.20
1762421782.5797348,0.50,2406.57,62.20
1762421783.5823715,0.50,2406.57,62.20
1762421784.5848334,1.00,2406.57,62.20
1762421785.5873237,1.00,2406.56,62.20
1762421786.5894825,1.00,2406.56,62.20
1762421787.5914998,1.00,2406.55,62.20
1762421788.5944698,0.50,2406.55,62.20
1762421789.5964046,1.00,2406.55,62.20
1762421790.5976,1.00,2406.55,62.20
1762421791.6005638,1.00,2406.55,62.20
1762421792.6022668,1.00,2406.55,62.20
1762421793.6046815,0.50,2406.55,62.20
1762421794.6068306,0.00,2406.55,62.20
1762421795.6083145,1.00,2406.55,62.20
1762421796.610463,0.50,2406.55,62.20
1762421797.6125703,0.50,2406.55,62.20
1762421798.6142151,0.00,2406.54,62.20
1762421799.6163557,0.50,2406.54,62.20
1762421800.618354,1.00,2406.54,62.20
1762421801.6203032,0.50,2406.54,62.20
1762421802.6221747,3.00,2407.02,62.20
1762421803.624165,3.50,2407.26,62.20
1762421804.626738,1.00,2407.46,62.20
1762421805.6289418,0.50,2407.46,62.20
1762421806.6311724,1.50,2407.46,62.20
1762421807.6335292,0.50,2407.46,62.20
1762421808.635703,1.50,2407.45,62.20
1762421809.6377964,1.00,2407.44,62.20
1762421810.6401267,1.00,2407.44,62.20
1762421811.6427343,0.50,2407.44,62.20
1762421812.6451545,1.00,2407.44,62.20
1762421813.6475117,0.50,2407.44,62.20
1762421814.649513,0.50,2407.43,62.20
1762421815.6516557,1.50,2407.42,62.20
1762421816.6544724,1.00,2407.41,62.20
1762421817.6567683,19.70,2401.13,62.10
1762421818.6591423,2.50,2401.13,62.10
1762421819.6615758,0.50,2401.13,62.10
1762421820.6642978,1.50,2401.19,62.10
1762421821.6670287,1.00,2401.19,62.10
1762421822.6690972,0.50,2401.19,62.10
1762421823.6714933,1.00,2401.19,62.10
1762421824.6737008,0.00,2401.19,62.10
1762421825.676464,1.00,2401.19,62.10
1762421826.6787326,0.50,2401.19,62.10
1762421827.6817148,1.00,2401.19,62.10
1762421828.6842709,0.50,2401.19,62.10
1762421829.6867204,0.00,2401.19,62.10
1762421830.6894794,1.00,2401.19,62.10
1762421831.6917493,1.00,2401.17,62.10
1762421832.6941974,1.00,2401.17,62.10
1762421833.6963015,0.00,2401.17,62.10
1762421834.6984525,1.00,2401.17,62.10
1762421835.7007358,0.50,2401.17,62.10
1762421836.7033994,0.00,2401.16,62.10
1762421837.7058263,0.50,2401.16,62.10
1762421838.70829,0.00,2401.16,62.10
1762421839.7102976,0.50,2401.16,62.10
1762421840.712543,1.00,2401.16,62.10
1762421841.7149725,0.00,2401.16,62.10
1762421842.718001,3.50,2401.16,62.10
1762421843.720744,21.10,2382.79,61.60
1762421844.7235508,8.70,2400.51,62.10
1762421845.7270331,71.70,2409.70,62.30
1762421846.7292972,78.90,2425.42,62.70
1762421847.7313905,12.50,2425.85,62.70
1762421848.7335217,3.00,2425.85,62.70
1762421849.73559,0.50,2425.85,62.70
1762421850.7375674,0.50,2425.85,62.70
1762421851.7397568,2.50,2426.59,62.70
1762421852.7414327,2.00,2426.59,62.70
1762421853.74344,7.90,2426.58,62.70
1762421854.7453256,1.00,2426.58,62.70
1762421855.7472298,1.50,2426.58,62.70
1762421856.7495089,2.50,2426.58,62.70
1762421857.7518208,1.50,2426.58,62.70
1762421858.7532442,1.00,2426.58,62.70
1762421859.7553895,1.00,2426.58,62.70
1762421860.7573981,2.00,2426.57,62.70
1762421861.7602313,0.50,2426.57,62.70
1762421862.7625918,2.50,2426.57,62.70
1762421863.7661645,2.00,2426.57,62.70
1762421864.7685328,1.00,2426.57,62.70
1762421865.7707608,1.50,2426.57,62.70
1762421866.7728338,2.00,2426.57,62.70
1762421867.776722,2.00,2426.57,62.70
1762421868.7796478,1.50,2426.57,62.70
1762421869.7824833,2.00,2426.57,62.70
1762421870.7846866,3.50,2426.55,62.70
1762421871.7875333,1.50,2426.55,62.70
1762421872.7905529,1.50,2426.53,62.70
1762421873.792492,0.50,2426.53,62.70
1762421874.794551,2.00,2426.53,62.70
1762421875.7973359,2.50,2426.53,62.70
1762421876.7993128,1.50,2426.52,62.70
1762421877.8015475,1.00,2426.52,62.70
1762421878.8044243,1.00,2426.52,62.70
1762421879.8071628,1.50,2426.52,62.70
1762421880.809598,1.00,2426.52,62.70
1762421881.812392,1.00,2426.52,62.70
1762421882.815232,1.50,2426.52,62.70
1762421883.817632,2.00,2426.52,62.70
1762421884.820804,7.50,2426.50,62.70
1762421885.8237672,1.00,2426.50,62.70
1762421886.826328,1.50,2426.50,62.70
1762421887.8284583,9.10,2426.74,62.70
1762421888.830532,2.50,2426.74,62.70
1762421889.8326383,1.50,2426.73,62.70
1762421890.8355348,0.50,2426.73,62.70
1762421891.837703,1.00,2426.73,62.70
1762421892.8398046,0.50,2426.73,62.70
1762421893.842163,0.50,2426.72,62.70
1762421894.8451366,0.50,2426.72,62.70
1762421895.847146,2.50,2426.72,62.70
1762421896.8490078,1.50,2426.72,62.70
1762421897.8509784,1.00,2426.72,62.70
1762421898.8527176,0.50,2426.72,62.70
1762421899.8551176,0.50,2426.72,62.70
1762421900.8572073,0.00,2426.72,62.70
1762421901.860089,0.50,2426.71,62.70
1762421902.8622518,1.00,2426.71,62.70
1762421903.8645422,0.00,2426.71,62.70
1762421904.8667338,0.50,2426.71,62.70
1762421905.8695154,4.50,2426.71,62.70
