timestamp,cpu_percent,mem_used_mb,mem_percent
1762431082.961924,10.80,2626.39,67.90
1762431083.9868703,82.70,2626.08,67.90
1762431084.9912045,100.00,2627.82,67.90
1762431085.9927459,100.00,2629.11,68.00
1762431086.9971561,100.00,2627.31,67.90
1762431088.0023074,100.00,2631.10,68.00
1762431089.0073478,99.00,2626.97,67.90
1762431090.0092704,100.00,2629.52,68.00
1762431091.012532,99.50,2628.20,67.90
1762431092.0173104,100.00,2631.45,68.00
1762431093.0209918,100.00,2631.04,68.00
1762431094.0253046,99.50,2632.44,68.00
1762431095.0340726,100.00,2629.85,68.00
1762431096.0365086,100.00,2636.28,68.10
1762431097.0447147,100.00,2636.14,68.10
1762431098.0471451,100.00,2632.13,68.00
1762431099.0529532,100.00,2633.19,68.10
1762431100.0640473,100.00,2630.11,68.00
1762431101.0763454,100.00,2630.93,68.00
1762431102.0900548,98.30,2631.46,68.00
1762431103.1148906,94.60,2634.48,68.10
1762431104.1175454,100.00,2633.77,68.10
1762431105.1234627,88.60,2642.87,68.30
1762431106.152828,96.40,2640.69,68.30
1762431107.1802232,94.30,2658.83,68.70
1762431108.2610695,85.90,2640.61,68.30
1762431109.2655463,97.60,2661.18,68.80
1762431110.2673736,99.00,2647.37,68.40
1762431111.2727823,100.00,2639.90,68.20
1762431112.2785945,100.00,2647.26,68.40
1762431113.2884588,99.40,2651.40,68.50
1762431114.2907588,10.30,2640.85,68.30
1762431115.2934651,1.00,2640.85,68.30
1762431116.2962937,1.50,2641.57,68.30
1762431117.298222,1.00,2641.57,68.30
1762431118.3002012,1.00,2641.57,68.30
1762431119.301474,1.00,2641.57,68.30
1762431120.303435,0.50,2641.57,68.30
1762431121.3067403,2.00,2641.57,68.30
1762431122.3092904,1.00,2641.57,68.30
1762431123.3112319,0.50,2641.57,68.30
1762431124.3130116,2.50,2641.57,68.30
1762431125.3147466,2.50,2641.56,68.30
1762431126.3176496,1.00,2641.54,68.30
1762431127.3195262,1.00,2641.54,68.30
1762431128.324268,1.00,2641.54,68.30
1762431129.3299253,2.60,2641.54,68.30
1762431130.3340087,5.50,2641.77,68.30
1762431131.3397627,2.50,2641.76,68.30
1762431132.3501852,1.00,2641.76,68.30
1762431133.3533351,2.00,2641.76,68.30
1762431134.6936383,2.30,2641.76,68.30
1762431135.6977775,2.10,2641.75,68.30
1762431136.6996527,0.00,2641.75,68.30
1762431137.701317,20.20,2641.74,68.30
1762431138.7053213,0.50,2641.74,68.30
1762431139.7072039,1.00,2641.74,68.30
1762431140.7090375,0.00,2641.74,68.30
1762431141.7109125,0.50,2641.73,68.30
1762431142.8129232,6.40,2645.43,68.40
1762431143.8148096,2.50,2645.41,68.40
1762431144.8189616,6.10,2662.63,68.80
1762431145.8216107,3.50,2662.62,68.80
1762431146.8238077,1.00,2662.62,68.80
1762431147.8264089,1.00,2662.62,68.80
1762431148.8271995,3.00,2662.62,68.80
1762431149.8416784,4.50,2662.62,68.80
1762431150.8632712,2.50,2662.61,68.80
1762431151.8649445,1.00,2662.61,68.80
1762431152.8676105,1.00,2662.61,68.80
1762431153.8697813,1.50,2662.58,68.80
1762431154.8805315,0.50,2662.58,68.80
1762431155.9581978,6.50,2662.57,68.80
1762431156.965414,2.00,2662.57,68.80
1762431157.9761667,2.10,2662.56,68.80
1762431158.9793584,8.50,2662.56,68.80
1762431159.9833689,4.60,2662.54,68.80
1762431160.9854286,1.00,2662.54,68.80
1762431161.9872983,15.80,2662.54,68.80
1762431162.9895015,2.00,2662.52,68.80
1762431163.9917738,4.10,2662.52,68.80
1762431164.996777,2.50,2662.52,68.80
1762431165.9986498,1.00,2662.52,68.80
1762431167.0027587,2.20,2662.52,68.80
1762431168.0050302,1.00,2662.52,68.80
1762431169.0068035,0.50,2662.52,68.80
1762431170.008652,4.50,2662.51,68.80
1762431171.0097854,9.00,2662.51,68.80
1762431172.0126145,1.50,2662.50,68.80
1762431173.0156212,2.50,2662.49,68.80
1762431174.023995,3.00,2662.47,68.80
1762431175.0264344,0.00,2662.47,68.80
1762431176.0308332,0.50,2662.47,68.80
1762431177.0336785,2.50,2662.47,68.80
1762431178.0363486,1.50,2662.45,68.80
1762431179.0412993,1.00,2662.45,68.80
1762431180.0436404,9.70,2662.70,68.80
1762431181.0455675,2.50,2662.69,68.80
1762431182.0477905,11.10,2663.12,68.80
1762431183.049822,15.70,2663.12,68.80
1762431184.0523136,0.50,2663.12,68.80
1762431185.076462,0.00,2663.12,68.80
1762431186.0784538,4.10,2663.37,68.80
1762431187.0811472,1.00,2663.37,68.80
1762431188.0837305,1.50,2663.37,68.80
1762431189.0871203,2.00,2663.37,68.80
1762431190.0894372,2.50,2663.34,68.80
1762431191.0912743,2.00,2663.34,68.80
1762431192.0931547,0.00,2663.33,68.80
1762431193.095059,0.50,2663.33,68.80
1762431194.0971124,4.50,2663.57,68.90
1762431195.1020293,0.50,2663.54,68.90
1762431196.1048236,0.50,2663.54,68.90
1762431197.1066177,2.00,2663.54,68.90
1762431198.1083455,0.50,2663.54,68.90
1762431199.110451,1.00,2663.54,68.90
1762431200.112383,0.00,2663.54,68.90
1762431201.1148057,0.50,2663.54,68.90
1762431202.1175716,1.00,2663.54,68.90
1762431203.119442,0.50,2663.54,68.90
1762431204.121389,1.50,2663.54,68.90
1762431205.1237197,0.00,2663.54,68.90
1762431206.1264787,0.50,2663.54,68.90
1762431207.1285722,1.00,2663.54,68.90
1762431208.1304092,2.50,2663.53,68.90
1762431209.1321642,0.50,2663.53,68.90
1762431210.1341486,0.50,2663.51,68.90
1762431211.1361988,1.00,2663.51,68.90
1762431212.1379712,3.10,2663.51,68.90
1762431213.1397927,1.00,2663.51,68.90
1762431214.1415532,1.00,2663.51,68.90
1762431215.1433897,1.00,2663.51,68.90
1762431216.1454585,0.50,2663.48,68.90
1762431217.147628,1.00,2663.48,68.90
1762431218.1504548,29.00,2640.77,68.30
1762431219.1548808,100.00,2648.04,68.50
1762431220.1565964,100.00,2639.84,68.20
1762431221.1655467,100.00,2638.12,68.20
1762431222.1713016,100.00,2644.07,68.30
1762431223.1877785,100.00,2645.76,68.40
1762431224.1909556,100.00,2645.09,68.40
1762431225.19631,100.00,2644.75,68.40
1762431226.205184,99.50,2644.18,68.40
1762431227.2095697,100.00,2641.78,68.30
1762431228.2382889,100.00,2659.58,68.80
1762431229.2453718,98.20,2647.94,68.40
1762431230.2492175,100.00,2645.95,68.40
1762431231.2548778,100.00,2647.72,68.40
1762431232.258798,100.00,2643.23,68.30
1762431233.2654629,100.00,2645.64,68.40
1762431234.2671657,100.00,2641.21,68.30
1762431235.268469,100.00,2641.41,68.30
1762431236.269212,99.50,2646.97,68.40
1762431237.2725394,100.00,2645.06,68.40
1762431238.2780542,100.00,2647.00,68.40
1762431239.2857864,100.00,2641.76,68.30
1762431240.2873964,100.00,2644.12,68.40
1762431241.2895212,100.00,2644.89,68.40
1762431242.2934105,100.00,2644.39,68.40
1762431243.299447,100.00,2649.00,68.50
1762431244.3005388,100.00,2648.40,68.50
1762431245.306372,100.00,2644.74,68.40
1762431246.3079934,100.00,2651.01,68.50
1762431247.3126078,100.00,2641.65,68.30
1762431248.3164785,57.30,2635.84,68.10
1762431249.318426,1.00,2635.84,68.10
1762431250.3202405,1.50,2636.57,68.20
1762431251.3226237,1.00,2636.57,68.20
1762431252.3254678,0.50,2636.57,68.20
1762431253.3276217,0.00,2636.57,68.20
1762431254.3297994,1.00,2636.57,68.20
1762431255.33133,0.00,2636.57,68.20
1762431256.333461,0.50,2636.55,68.20
1762431257.3365676,0.50,2636.55,68.20
1762431258.3385923,0.50,2636.55,68.20
1762431259.3411715,1.00,2637.29,68.20
1762431260.343598,0.50,2637.29,68.20
1762431261.3460214,0.00,2637.29,68.20
1762431262.3482497,0.00,2637.28,68.20
1762431263.3505673,0.50,2637.28,68.20
1762431264.3533216,1.00,2637.28,68.20
1762431265.3554287,0.50,2637.28,68.20
1762431266.3579848,1.00,2637.28,68.20
1762431267.3602772,0.50,2637.28,68.20
1762431268.3613374,0.50,2637.28,68.20
1762431269.3632798,0.50,2637.27,68.20
1762431270.3654287,0.00,2637.27,68.20
1762431271.3672738,0.50,2637.27,68.20
1762431272.3692155,0.50,2637.27,68.20
1762431273.371313,0.50,2637.27,68.20
1762431274.3735974,0.50,2637.27,68.20
1762431275.3761432,0.50,2637.27,68.20
1762431276.3783963,0.50,2637.27,68.20
1762431277.3803601,1.00,2637.27,68.20
1762431278.3824487,0.50,2637.27,68.20
1762431279.3847902,0.50,2637.27,68.20
1762431280.3882215,0.50,2637.27,68.20
1762431281.3903816,0.50,2637.27,68.20
1762431282.3925717,1.50,2637.27,68.20
1762431283.394674,0.00,2637.27,68.20
1762431284.3967202,2.50,2637.27,68.20
1762431285.3987865,9.00,2638.25,68.20
1762431286.401182,3.00,2638.47,68.20
1762431287.4036033,1.00,2638.70,68.20
1762431288.406528,0.00,2638.70,68.20
1762431289.4085364,1.00,2638.70,68.20
1762431290.4104936,0.50,2638.70,68.20
1762431291.4132087,2.00,2638.94,68.20
1762431292.4157739,0.50,2638.94,68.20
1762431293.4184034,1.00,2638.94,68.20
1762431294.4203076,0.50,2638.94,68.20
1762431295.4225774,0.50,2638.94,68.20
1762431296.4258327,0.50,2638.93,68.20
1762431297.4280717,0.00,2638.93,68.20
1762431298.430345,0.00,2638.93,68.20
1762431299.4324963,0.50,2638.93,68.20
1762431300.434539,0.50,2638.93,68.20
1762431301.4367716,1.00,2638.93,68.20
1762431302.4390147,0.00,2638.93,68.20
1762431303.4415154,0.50,2638.92,68.20
1762431304.443601,0.00,2638.92,68.20
1762431305.446811,0.50,2638.92,68.20
1762431306.450096,1.00,2638.92,68.20
1762431307.4526103,0.00,2638.92,68.20
1762431308.4547062,1.00,2638.92,68.20
1762431309.4574816,1.00,2638.92,68.20
1762431310.4601996,1.50,2638.91,68.20
1762431311.4626172,1.50,2638.89,68.20
1762431312.4645596,1.00,2638.89,68.20
1762431313.4670901,0.00,2638.89,68.20
1762431314.4693213,0.50,2638.89,68.20
1762431315.4713278,0.00,2638.89,68.20
1762431316.4734597,0.50,2638.89,68.20
1762431317.4762304,0.50,2638.89,68.20
1762431318.478199,0.50,2638.89,68.20
1762431319.4802282,0.50,2638.88,68.20
1762431320.482193,0.00,2638.88,68.20
1762431321.4841676,1.00,2638.88,68.20
1762431322.4865253,0.50,2638.88,68.20
1762431323.4892879,0.00,2638.88,68.20
1762431324.491252,1.00,2638.88,68.20
1762431325.493216,1.50,2639.11,68.20
1762431326.4952376,0.50,2639.11,68.20
1762431327.4976695,0.50,2639.11,68.20
1762431328.5004616,0.50,2639.11,68.20
1762431329.5026104,0.00,2639.11,68.20
1762431330.5051587,1.00,2639.11,68.20
1762431331.507424,0.00,2639.11,68.20
1762431332.5095024,0.50,2639.11,68.20
1762431333.511515,1.00,2639.09,68.20
1762431334.5137439,0.50,2639.09,68.20
1762431335.516411,0.00,2639.09,68.20
1762431336.518611,1.00,2639.09,68.20
1762431337.521059,0.50,2639.09,68.20
1762431338.5235898,0.50,2639.09,68.20
1762431339.5256305,3.00,2639.09,68.20
1762431340.528075,2.50,2639.07,68.20
1762431341.530138,1.00,2639.07,68.20
1762431342.5327814,1.00,2639.07,68.20
1762431343.5353062,2.50,2639.06,68.20
1762431344.5372257,1.00,2639.06,68.20
1762431345.539226,8.00,2639.79,68.20
1762431346.5412526,0.00,2639.79,68.20
1762431347.5431926,1.00,2639.79,68.20
1762431348.5454938,0.50,2639.79,68.20
1762431349.5480897,1.00,2639.79,68.20
1762431350.5502021,0.50,2639.78,68.20
1762431351.5524852,2.50,2639.78,68.20
1762431352.558009,30.00,2640.52,68.30
1762431353.5623412,100.00,2641.16,68.30
1762431354.5654693,100.00,2637.90,68.20
1762431355.568201,100.00,2638.79,68.20
1762431356.5727446,99.50,2642.42,68.30
1762431357.5767272,100.00,2638.62,68.20
1762431358.5804443,100.00,2641.55,68.30
1762431359.582549,100.00,2641.38,68.30
1762431360.5854368,100.00,2625.28,67.90
1762431361.5923808,100.00,2615.15,67.60
1762431362.593445,100.00,2614.25,67.60
1762431363.5982804,100.00,2616.07,67.60
1762431364.603634,100.00,2608.20,67.40
1762431365.604807,100.00,2606.21,67.40
1762431366.6082416,100.00,2606.99,67.40
1762431367.6113665,100.00,2608.95,67.40
1762431368.6154919,100.00,2610.38,67.50
1762431369.621412,100.00,2611.68,67.50
1762431370.6260283,100.00,2608.32,67.40
1762431371.628339,100.00,2616.07,67.60
1762431372.7120678,97.60,2606.85,67.40
1762431373.713808,100.00,2611.65,67.50
1762431374.7174704,100.00,2610.79,67.50
1762431375.7823718,100.00,2610.97,67.50
1762431376.783491,100.00,2610.59,67.50
1762431377.7851894,100.00,2609.70,67.50
1762431378.7916906,100.00,2611.74,67.50
1762431379.8070462,100.00,2607.05,67.40
1762431380.8270476,100.00,2608.12,67.40
1762431381.8283262,100.00,2613.91,67.60
1762431382.8323452,41.50,2605.10,67.30
1762431383.8340793,1.00,2605.10,67.30
1762431384.8362665,0.50,2605.84,67.40
1762431385.8533225,1.50,2605.84,67.40
1762431386.8565545,3.00,2606.08,67.40
1762431387.859268,1.00,2606.07,67.40
1762431388.8874574,0.50,2606.07,67.40
1762431389.8924065,3.00,2607.05,67.40
1762431390.8942833,0.00,2607.05,67.40
1762431391.8969631,1.00,2607.05,67.40
1762431392.9179661,0.50,2607.05,67.40
1762431393.9200764,1.00,2607.05,67.40
1762431394.9255373,0.50,2607.04,67.40
1762431395.9277885,0.50,2607.04,67.40
1762431396.929998,1.00,2607.04,67.40
1762431397.9317746,0.50,2607.04,67.40
1762431398.933728,1.50,2607.04,67.40
1762431399.935786,0.50,2607.04,67.40
1762431400.9375181,0.50,2607.04,67.40
1762431401.9393923,0.00,2607.04,67.40
1762431402.9412973,0.50,2607.04,67.40
1762431403.9431643,4.10,2607.04,67.40
1762431404.9456775,0.50,2607.04,67.40
1762431405.9483645,1.00,2607.04,67.40
1762431406.9506006,11.00,2607.77,67.40
1762431407.9526737,0.50,2607.77,67.40
1762431408.955299,0.00,2607.76,67.40
1762431409.9572659,5.00,2609.69,67.50
1762431410.959504,1.00,2609.68,67.50
1762431411.971806,3.00,2609.68,67.50
1762431412.9753187,0.50,2609.66,67.50
1762431413.9787204,0.50,2609.66,67.50
1762431414.9837503,0.00,2609.66,67.50
1762431415.9857814,1.00,2609.66,67.50
1762431416.9881175,1.00,2609.66,67.50
1762431417.990308,0.50,2609.66,67.50
1762431418.992658,0.50,2609.66,67.50
1762431419.995063,0.00,2609.66,67.50
1762431420.997209,0.50,2609.66,67.50
1762431421.9993412,25.40,2609.16,67.40
1762431423.0012352,1.00,2609.16,67.40
1762431424.0042796,0.00,2609.16,67.40
1762431425.0063655,0.00,2609.16,67.40
1762431426.009235,0.50,2609.16,67.40
1762431427.0111716,1.00,2609.16,67.40
1762431428.0132303,1.00,2609.15,67.40
1762431429.0152602,1.50,2609.15,67.40
1762431430.01756,1.50,2609.15,67.40
1762431431.0217693,2.00,2609.14,67.40
1762431432.024599,1.50,2609.14,67.40
1762431433.0266418,0.50,2609.12,67.40
1762431434.0284302,0.00,2609.12,67.40
1762431435.0301042,0.50,2609.12,67.40
1762431436.0317764,0.00,2609.12,67.40
1762431437.0333,1.00,2609.12,67.40
1762431438.0355322,0.00,2609.12,67.40
1762431439.0376065,0.00,2609.12,67.40
1762431440.0401049,0.50,2609.12,67.40
1762431441.042067,0.00,2609.12,67.40
1762431442.0436385,0.50,2609.12,67.40
1762431443.0454736,0.50,2609.11,67.40
1762431444.0473137,0.50,2609.11,67.40
1762431445.0537398,0.50,2609.11,67.40
1762431446.0557604,0.50,2609.11,67.40
1762431447.0576186,0.50,2609.11,67.40
1762431448.0597324,0.00,2609.11,67.40
1762431449.0614595,0.50,2609.11,67.40
1762431450.0632055,0.00,2609.11,67.40
1762431451.0652125,0.00,2609.11,67.40
1762431452.067417,0.50,2609.11,67.40
1762431453.0695236,0.50,2609.11,67.40
1762431454.0714188,0.50,2609.11,67.40
1762431455.073285,1.00,2609.11,67.40
1762431456.0752437,0.50,2609.10,67.40
1762431457.077285,0.00,2609.10,67.40
1762431458.079508,0.50,2609.10,67.40
1762431459.0812106,1.00,2609.10,67.40
1762431460.0831199,0.00,2609.10,67.40
1762431461.0848067,0.50,2609.10,67.40
1762431462.0868123,1.00,2609.09,67.40
1762431463.0891242,0.00,2609.09,67.40
1762431464.0907457,2.00,2609.09,67.40
1762431465.0925143,0.50,2609.09,67.40
1762431466.094158,0.50,2609.08,67.40
1762431467.0958111,7.00,2609.08,67.40
1762431468.0982587,6.50,2615.73,67.60
1762431469.1002662,0.50,2615.73,67.60
1762431470.102196,0.50,2615.73,67.60
1762431471.104399,1.00,2615.73,67.60
1762431472.1062982,2.50,2615.73,67.60
1762431473.1083553,0.00,2615.73,67.60
1762431474.1105266,1.50,2615.72,67.60
1762431475.1122146,0.00,2615.72,67.60
1762431476.1145296,0.50,2615.71,67.60
1762431477.1165388,0.00,2615.71,67.60
1762431478.1175442,0.50,2615.71,67.60
1762431479.119411,0.50,2615.71,67.60
1762431480.121291,0.50,2615.71,67.60
1762431481.123307,0.50,2615.71,67.60
1762431482.125485,1.50,2615.71,67.60
1762431483.1276312,7.60,2615.71,67.60
1762431484.1294997,8.00,2615.69,67.60
1762431485.1315122,6.00,2615.69,67.60
1762431486.13367,6.60,2615.69,67.60
1762431487.1380825,44.50,2615.49,67.60
1762431488.1397364,100.00,2619.09,67.70
1762431489.1425595,99.50,2617.15,67.70
1762431490.1471267,100.00,2613.02,67.50
1762431491.1505501,100.00,2616.59,67.60
1762431492.1532984,100.00,2613.47,67.60
1762431493.1546998,99.00,2577.81,66.60
1762431494.1609547,99.00,2570.60,66.50
1762431495.1622164,100.00,2577.25,66.60
1762431496.1659641,100.00,2578.52,66.70
1762431497.1697078,100.00,2573.28,66.50
1762431498.1728156,100.00,2571.91,66.50
1762431499.1764178,100.00,2569.50,66.40
1762431500.1827083,100.00,2569.90,66.40
1762431501.1846576,100.00,2572.22,66.50
1762431502.1893277,100.00,2572.29,66.50
1762431503.193356,100.00,2572.99,66.50
1762431504.1982834,100.00,2571.25,66.50
1762431505.2034817,100.00,2572.58,66.50
1762431506.2079773,100.00,2571.20,66.50
1762431507.2139401,100.00,2576.62,66.60
1762431508.2162104,100.00,2572.52,66.50
1762431509.219204,100.00,2569.71,66.40
1762431510.2245646,100.00,2571.22,66.50
1762431511.2285693,100.00,2578.45,66.70
1762431512.2322717,100.00,2569.25,66.40
1762431513.235766,100.00,2569.39,66.40
1762431514.2424784,100.00,2569.32,66.40
1762431515.244295,100.00,2568.97,66.40
1762431516.2489595,100.00,2572.27,66.50
1762431517.2512681,49.50,2567.58,66.40
1762431518.2529955,0.50,2567.58,66.40
1762431519.2556982,1.50,2568.31,66.40
1762431520.258513,1.00,2568.31,66.40
1762431521.2602692,1.00,2568.31,66.40
1762431522.2621384,0.00,2568.31,66.40
1762431523.2643614,0.50,2568.31,66.40
1762431524.2667947,8.10,2573.95,66.50
1762431525.269558,1.50,2574.18,66.50
1762431526.271664,1.00,2574.18,66.50
1762431527.2742066,6.00,2574.18,66.50
1762431528.2763608,0.50,2574.18,66.50
1762431529.278516,2.00,2575.35,66.60
1762431530.2804832,1.00,2575.35,66.60
1762431531.2824206,0.50,2575.33,66.60
1762431532.2843573,2.50,2575.82,66.60
1762431533.2867427,1.50,2575.82,66.60
1762431534.2893038,1.50,2575.82,66.60
1762431535.2912416,0.50,2575.82,66.60
1762431536.2933247,0.50,2575.82,66.60
1762431537.2953415,0.50,2575.82,66.60
1762431538.29814,0.50,2575.82,66.60
1762431539.3002515,1.00,2575.82,66.60
1762431540.3034155,0.00,2575.81,66.60
1762431541.3056858,1.00,2575.81,66.60
1762431542.30758,1.00,2575.81,66.60
1762431543.3096766,1.00,2575.81,66.60
1762431544.3117192,0.50,2575.81,66.60
1762431545.3137307,0.00,2575.81,66.60
1762431546.3158138,0.50,2575.81,66.60
1762431547.3175633,1.00,2575.79,66.60
1762431548.319267,0.50,2575.79,66.60
1762431549.3212135,1.00,2575.79,66.60
1762431550.3232594,1.00,2576.03,66.60
1762431551.3255596,1.50,2576.03,66.60
1762431552.3274107,1.00,2576.02,66.60
1762431553.3295002,1.50,2576.01,66.60
1762431554.331414,0.00,2576.01,66.60
1762431555.3333883,0.50,2576.01,66.60
1762431556.3353522,1.00,2576.00,66.60
1762431557.3376126,0.50,2576.00,66.60
1762431558.3399055,0.50,2576.00,66.60
1762431559.341701,0.50,2576.00,66.60
1762431560.3435705,0.50,2576.00,66.60
1762431561.3456855,0.50,2576.00,66.60
1762431562.3481216,1.00,2576.00,66.60
1762431563.3505552,0.50,2576.00,66.60
1762431564.3525102,0.00,2576.00,66.60
1762431565.354669,0.50,2576.00,66.60
1762431566.358919,1.00,2576.00,66.60
1762431567.3611574,0.50,2575.99,66.60
1762431568.3630106,1.00,2575.99,66.60
1762431569.3654141,0.00,2575.99,66.60
1762431570.3674374,1.00,2575.99,66.60
1762431571.3694355,0.00,2575.99,66.60
1762431572.3714607,0.50,2575.99,66.60
1762431573.3727605,1.00,2575.99,66.60
1762431574.3753223,0.50,2575.99,66.60
1762431575.3773904,1.00,2575.99,66.60
1762431576.3796122,1.00,2575.99,66.60
1762431577.3824918,1.00,2575.99,66.60
1762431578.3845356,0.50,2575.99,66.60
1762431579.386745,0.00,2575.99,66.60
1762431580.389186,0.50,2575.99,66.60
1762431581.3914542,1.00,2575.99,66.60
1762431582.3933718,0.50,2575.98,66.60
1762431583.3955355,0.50,2575.98,66.60
1762431584.397661,2.00,2575.98,66.60
1762431585.3997164,0.50,2575.98,66.60
1762431586.401803,1.00,2575.98,66.60
1762431587.404143,5.10,2576.48,66.60
1762431588.406269,0.50,2576.48,66.60
1762431589.4084997,0.50,2576.48,66.60
1762431590.4107797,0.50,2576.47,66.60
1762431591.4133484,0.50,2576.47,66.60
1762431592.4155328,3.00,2576.47,66.60
1762431593.4176557,0.50,2576.47,66.60
1762431594.4203305,0.00,2576.47,66.60
1762431595.4222066,1.00,2576.46,66.60
1762431596.4242291,0.00,2576.46,66.60
1762431597.4264555,0.50,2576.46,66.60
1762431598.4287221,1.00,2576.46,66.60
1762431599.4310238,0.50,2576.46,66.60
1762431600.4333646,0.50,2576.46,66.60
1762431601.43529,1.00,2576.46,66.60
1762431602.4374704,0.50,2576.46,66.60
1762431603.4406765,1.00,2576.46,66.60
1762431604.4431317,0.50,2576.46,66.60
1762431605.4452753,0.50,2576.46,66.60
1762431606.4471524,1.00,2576.67,66.60
1762431607.4493666,1.00,2576.67,66.60
1762431608.4516256,0.50,2576.66,66.60
1762431609.4535437,1.00,2576.66,66.60
1762431610.4561434,1.00,2576.66,66.60
1762431611.4583573,1.50,2576.66,66.60
1762431612.4606645,0.00,2576.66,66.60
1762431613.46265,1.00,2576.66,66.60
1762431614.4651003,1.00,2576.66,66.60
1762431615.4671574,0.50,2576.66,66.60
1762431616.469423,0.50,2576.66,66.60
1762431617.4726338,0.00,2576.66,66.60
1762431618.4754875,1.50,2576.66,66.60
1762431619.4780622,0.00,2576.64,66.60
1762431620.4805062,0.50,2576.64,66.60
1762431621.484933,35.70,2579.35,66.70
1762431622.488262,100.00,2572.84,66.50
1762431623.4904056,100.00,2576.68,66.60
1762431624.4939206,100.00,2576.74,66.60
1762431625.4956264,100.00,2575.14,66.60
1762431626.5003498,100.00,2574.57,66.60
1762431627.5021727,100.00,2573.91,66.50
1762431628.5053315,100.00,2571.95,66.50
1762431629.5082147,100.00,2574.05,66.50
1762431630.5093005,100.00,2571.93,66.50
1762431631.514158,100.00,2572.01,66.50
1762431632.5172005,100.00,2572.24,66.50
1762431633.518721,100.00,2573.39,66.50
1762431634.524238,100.00,2570.82,66.50
1762431635.5324657,100.00,2574.79,66.60
1762431636.5372849,100.00,2576.14,66.60
1762431637.538585,100.00,2571.07,66.50
1762431638.543205,100.00,2571.57,66.50
1762431639.5463061,100.00,2577.38,66.60
1762431640.5471513,100.00,2571.29,66.50
1762431641.5504067,98.90,2575.43,66.60
1762431642.558541,100.00,2573.91,66.50
1762431643.5673356,100.00,2582.77,66.80
1762431644.5685964,100.00,2571.45,66.50
1762431645.5745597,100.00,2574.78,66.60
1762431646.5785503,100.00,2571.51,66.50
1762431647.5807621,99.50,2573.47,66.50
1762431648.5873067,100.00,2577.60,66.60
1762431649.5901647,100.00,2574.46,66.60
1762431650.593084,100.00,2578.79,66.70
1762431651.5953643,55.50,2575.19,66.60
1762431652.59728,3.50,2575.18,66.60
1762431653.5993383,0.00,2575.18,66.60
1762431654.6014268,1.00,2575.18,66.60
1762431655.603493,0.50,2575.18,66.60
1762431656.605572,1.00,2575.18,66.60
1762431657.606834,1.00,2575.18,66.60
1762431658.609256,0.00,2575.18,66.60
1762431659.6107752,1.50,2575.18,66.60
1762431660.6133423,0.50,2575.18,66.60
1762431661.6153462,1.00,2575.18,66.60
1762431662.6162932,1.00,2575.17,66.60
1762431663.6184661,0.50,2575.17,66.60
1762431664.6205099,0.50,2575.17,66.60
1762431665.6227174,1.00,2575.17,66.60
1762431666.6246169,0.50,2575.17,66.60
1762431667.6264775,1.00,2575.17,66.60
1762431668.6284823,0.50,2575.17,66.60
1762431669.6314406,0.50,2575.17,66.60
1762431670.6342804,1.00,2575.17,66.60
1762431671.6362407,2.50,2575.40,66.60
1762431672.6373913,0.50,2575.40,66.60
1762431673.6392298,0.50,2575.40,66.60
1762431674.641348,1.00,2575.38,66.60
1762431675.6433246,0.50,2575.38,66.60
1762431676.645328,0.50,2575.37,66.60
1762431677.6478102,0.50,2575.37,66.60
1762431678.6501732,0.00,2575.37,66.60
1762431679.6528153,0.50,2575.37,66.60
1762431680.6555045,1.00,2575.37,66.60
1762431681.657833,0.00,2575.36,66.60
1762431682.6598125,1.00,2575.36,66.60
1762431683.6623278,0.00,2575.36,66.60
1762431684.6641297,0.50,2575.36,66.60
1762431685.6659813,0.50,2575.36,66.60
1762431686.6678321,0.50,2575.36,66.60
1762431687.6701698,1.00,2575.36,66.60
1762431688.6723118,0.50,2575.36,66.60
1762431689.674213,0.50,2575.36,66.60
1762431690.6764116,0.50,2575.36,66.60
1762431691.6783137,0.00,2575.36,66.60
1762431692.6803594,1.00,2575.35,66.60
1762431693.682934,0.00,2575.35,66.60
1762431694.6845672,1.50,2575.35,66.60
1762431695.6855435,0.00,2575.35,66.60
1762431696.6879592,0.00,2575.35,66.60
1762431697.6901414,1.00,2575.35,66.60
1762431698.6929939,0.50,2575.34,66.60
1762431699.6953194,1.00,2575.34,66.60
1762431700.6976495,0.50,2575.34,66.60
1762431701.7002776,0.50,2575.34,66.60
1762431702.702712,1.50,2575.34,66.60
1762431703.7049673,1.50,2575.34,66.60
1762431704.7074485,1.00,2575.34,66.60
1762431705.7098227,1.00,2575.33,66.60
1762431706.7125285,0.50,2575.33,66.60
1762431707.71464,6.00,2575.82,66.60
1762431708.7168233,0.50,2575.82,66.60
1762431709.7189126,3.50,2580.00,66.70
1762431710.721779,1.00,2580.20,66.70
1762431711.7237945,0.50,2580.20,66.70
1762431712.7260478,2.00,2580.20,66.70
1762431713.7284217,1.50,2580.20,66.70
1762431714.7310128,0.00,2580.20,66.70
1762431715.7331717,0.00,2580.20,66.70
1762431716.7353432,1.00,2580.20,66.70
1762431717.7375183,0.50,2580.20,66.70
1762431718.7397013,0.50,2580.20,66.70
1762431719.742683,0.50,2580.20,66.70
1762431720.744668,1.00,2580.48,66.70
1762431721.7467394,0.50,2580.48,66.70
1762431722.7491167,1.50,2580.46,66.70
1762431723.7513623,1.00,2580.45,66.70
1762431724.753718,0.50,2580.45,66.70
1762431725.755827,0.00,2580.45,66.70
1762431726.7584577,2.00,2580.44,66.70
1762431727.7605624,0.00,2580.44,66.70
1762431728.7623465,1.00,2580.43,66.70
1762431729.7641807,0.00,2580.43,66.70
1762431730.7659883,2.00,2580.43,66.70
1762431731.7677498,0.50,2580.43,66.70
1762431732.7697535,1.00,2580.42,66.70
1762431733.772552,1.00,2580.42,66.70
1762431734.7735455,0.50,2580.42,66.70
1762431735.7756069,0.50,2580.42,66.70
1762431736.7776313,0.50,2580.42,66.70
1762431737.7797265,1.50,2580.42,66.70
1762431738.782793,0.50,2580.42,66.70
1762431739.78502,0.50,2580.42,66.70
1762431740.7869165,1.00,2580.42,66.70
1762431741.7885635,1.00,2580.42,66.70
1762431742.7895205,0.50,2580.42,66.70
1762431743.7916605,0.50,2580.42,66.70
1762431744.7945244,0.50,2580.42,66.70
1762431745.7965827,0.50,2580.42,66.70
1762431746.798592,0.50,2580.42,66.70
1762431747.8003602,1.00,2580.42,66.70
1762431748.80364,1.50,2580.41,66.70
1762431749.8062828,4.50,2581.13,66.70
1762431750.8085618,1.00,2581.13,66.70
1762431751.8115065,0.00,2581.13,66.70
1762431752.814346,1.50,2581.13,66.70
1762431753.8167934,0.50,2581.13,66.70
1762431754.8192794,2.00,2581.10,66.70
1762431755.822504,32.20,2580.56,66.70
1762431756.826174,100.00,2578.25,66.60
1762431757.8284626,100.00,2581.03,66.70
1762431758.8293726,100.00,2580.96,66.70
1762431759.8353522,100.00,2584.83,66.80
1762431760.8385768,100.00,2580.20,66.70
1762431761.8401825,100.00,2581.95,66.70
1762431762.842761,100.00,2577.02,66.60
1762431763.8454587,99.50,2575.91,66.60
1762431764.8464155,100.00,2577.10,66.60
1762431765.852021,100.00,2578.16,66.60
1762431766.8942177,99.40,2590.88,67.00
1762431767.8953464,100.00,2576.29,66.60
1762431768.8963807,100.00,2580.07,66.70
1762431769.8973868,100.00,2577.44,66.60
1762431770.8982894,100.00,2576.34,66.60
1762431771.899184,100.00,2576.12,66.60
1762431772.9003584,100.00,2576.15,66.60
1762431773.90133,100.00,2579.17,66.70
1762431774.9072678,100.00,2578.65,66.70
1762431775.9300745,100.00,2586.69,66.90
1762431776.931207,100.00,2576.55,66.60
1762431777.9323106,100.00,2578.62,66.70
1762431778.9332898,100.00,2576.55,66.60
1762431779.93436,100.00,2579.54,66.70
1762431780.9353635,100.00,2584.43,66.80
1762431781.9362783,100.00,2576.72,66.60
1762431782.9381914,100.00,2579.59,66.70
1762431783.9429166,100.00,2573.94,66.50
1762431784.946718,100.00,2576.53,66.60
1762431785.9487085,60.10,2575.69,66.60
1762431786.9504094,1.00,2575.69,66.60
1762431787.9535532,1.00,2576.43,66.60
1762431788.9557943,1.00,2576.43,66.60
1762431789.957418,1.00,2576.43,66.60
1762431790.9596424,2.00,2576.42,66.60
1762431791.9623218,0.50,2576.42,66.60
1762431792.9647632,1.00,2576.42,66.60
1762431793.9668128,0.00,2576.41,66.60
1762431794.969229,0.50,2576.41,66.60
1762431795.9716594,1.00,2576.41,66.60
1762431796.9745407,0.50,2576.41,66.60
1762431797.9775007,0.00,2576.41,66.60
1762431798.9797904,0.50,2576.41,66.60
1762431799.9817932,1.50,2576.65,66.60
1762431800.9841092,3.50,2578.86,66.70
1762431801.986505,0.50,2578.86,66.70
1762431802.989224,1.00,2578.86,66.70
1762431803.9922745,2.50,2579.31,66.70
1762431804.9946206,1.00,2579.29,66.70
1762431805.997276,0.50,2579.29,66.70
1762431806.9994872,1.00,2579.29,66.70
1762431808.0025628,0.50,2579.29,66.70
1762431809.0045984,0.50,2579.29,66.70
1762431810.0062804,0.50,2579.29,66.70
1762431811.0082695,0.50,2579.29,66.70
1762431812.0103805,1.00,2579.29,66.70
1762431813.0123408,0.00,2579.29,66.70
1762431814.014207,1.00,2579.29,66.70
1762431815.016195,0.50,2579.29,66.70
1762431816.0172942,0.50,2579.29,66.70
1762431817.0195296,1.50,2579.29,66.70
1762431818.021299,0.50,2579.29,66.70
1762431819.0233388,0.50,2579.29,66.70
1762431820.0262184,0.50,2579.29,66.70
1762431821.028576,1.00,2579.29,66.70
1762431822.0306754,0.00,2579.29,66.70
1762431823.0333922,0.50,2579.29,66.70
1762431824.035437,2.00,2579.29,66.70
1762431825.0378034,0.50,2579.29,66.70
1762431826.0396817,0.50,2579.29,66.70
1762431827.0414124,2.00,2579.29,66.70
1762431828.0436068,5.50,2579.29,66.70
1762431829.0462866,0.50,2579.28,66.70
1762431830.048172,1.50,2579.76,66.70
1762431831.0501726,0.50,2579.75,66.70
1762431832.05212,2.00,2579.75,66.70
1762431833.0546632,0.50,2579.75,66.70
1762431834.056444,1.00,2579.75,66.70
1762431835.058165,0.00,2579.75,66.70
1762431836.0604365,1.00,2579.75,66.70
1762431837.0632062,0.00,2579.75,66.70
1762431838.0656297,1.00,2579.75,66.70
1762431839.0680695,0.50,2579.75,66.70
1762431840.0701542,1.50,2579.75,66.70
1762431841.0725415,4.00,2579.74,66.70
1762431842.0754468,0.00,2579.72,66.70
1762431843.0775676,1.50,2579.72,66.70
1762431844.0797741,1.00,2579.72,66.70
1762431845.08347,0.50,2579.72,66.70
1762431846.0854428,2.00,2579.68,66.70
1762431847.0873363,1.00,2579.68,66.70
1762431848.0896072,1.00,2579.68,66.70
1762431849.0921993,0.50,2579.68,66.70
1762431850.0946796,0.50,2579.68,66.70
1762431851.0970864,2.00,2579.68,66.70
1762431852.0994272,0.50,2579.68,66.70
1762431853.1017675,1.00,2579.68,66.70
1762431854.104352,1.00,2579.68,66.70
1762431855.1064897,0.50,2579.68,66.70
1762431856.107765,0.50,2579.68,66.70
1762431857.1098156,0.50,2579.67,66.70
1762431858.1120057,1.00,2579.67,66.70
1762431859.1141953,0.00,2579.66,66.70
1762431860.1162782,1.00,2579.66,66.70
1762431861.118688,0.00,2579.66,66.70
1762431862.1212192,0.50,2579.66,66.70
1762431863.123649,0.50,2579.66,66.70
1762431864.1265125,1.50,2579.66,66.70
1762431865.1290827,0.00,2579.66,66.70
1762431866.1314244,1.00,2579.66,66.70
1762431867.1335673,0.50,2579.66,66.70
1762431868.1357274,1.00,2579.66,66.70
1762431869.1382425,0.50,2579.66,66.70
1762431870.1473582,1.50,2579.66,66.70
1762431871.1493506,0.50,2579.66,66.70
1762431872.1514785,1.00,2579.66,66.70
1762431873.1534715,0.50,2579.66,66.70
1762431874.155597,0.50,2579.66,66.70
1762431875.1573608,0.50,2579.66,66.70
1762431876.1592607,1.50,2579.66,66.70
1762431877.161081,1.00,2579.66,66.70
1762431878.1627457,6.20,2579.88,66.70
1762431879.1654794,23.60,2575.21,66.60
1762431880.1671388,10.10,2590.69,67.00
1762431881.1703403,72.40,2598.11,67.20
1762431882.1719482,79.30,2606.88,67.40
1762431883.1742914,9.10,2606.88,67.40
1762431884.176026,3.00,2606.88,67.40
1762431885.1784284,0.50,2606.88,67.40
1762431886.1810448,1.00,2607.12,67.40
1762431887.1831613,1.50,2607.14,67.40
1762431888.1855376,10.00,2608.13,67.40
1762431889.1873648,0.50,2608.12,67.40
1762431890.1911645,27.10,2601.73,67.30
1762431891.1957364,100.00,2602.00,67.30
1762431892.20168,99.50,2598.63,67.20
1762431893.2045012,100.00,2590.30,67.00
1762431894.206687,100.00,2591.86,67.00
1762431895.2123122,100.00,2594.18,67.10
1762431896.2142494,100.00,2592.35,67.00
1762431897.218504,100.00,2596.48,67.10
1762431898.2232323,100.00,2593.42,67.00
1762431899.2272944,100.00,2589.87,66.90
1762431900.230322,100.00,2590.38,67.00
1762431901.2335615,100.00,2592.65,67.00
1762431902.2372622,100.00,2591.56,67.00
1762431903.241241,100.00,2596.22,67.10
1762431904.2441409,100.00,2587.40,66.90
1762431905.2453852,100.00,2588.12,66.90
1762431906.2517014,100.00,2591.59,67.00
1762431907.2557008,100.00,2588.97,66.90
1762431908.2623024,100.00,2588.39,66.90
1762431909.2659824,100.00,2589.38,66.90
1762431910.2674978,99.50,2590.08,67.00
1762431911.2737765,100.00,2585.37,66.80
1762431912.275444,100.00,2588.52,66.90
1762431913.2773767,99.50,2587.88,66.90
1762431914.2827218,100.00,2591.41,67.00
1762431915.2874627,100.00,2588.07,66.90
1762431916.2902577,100.00,2592.10,67.00
1762431917.298034,100.00,2585.79,66.80
1762431918.3003805,99.50,2588.48,66.90
1762431919.3060336,100.00,2588.49,66.90
1762431920.308149,64.60,2585.66,66.80
1762431921.3103135,1.50,2585.66,66.80
1762431922.3123608,1.50,2585.65,66.80
1762431923.3144221,1.00,2585.65,66.80
1762431924.3174973,1.00,2585.65,66.80
1762431925.3193223,1.00,2585.64,66.80
1762431926.3215163,0.50,2585.64,66.80
1762431927.3238282,1.00,2585.64,66.80
1762431928.3260345,1.00,2585.64,66.80
1762431929.3282847,1.00,2585.64,66.80
1762431930.3303907,1.00,2585.64,66.80
1762431931.3325753,1.00,2585.64,66.80
1762431932.3347123,1.00,2585.64,66.80
1762431933.3374927,0.50,2585.64,66.80
1762431934.3396556,0.50,2585.64,66.80
1762431935.3417692,1.00,2585.63,66.80
1762431936.3440616,0.00,2585.63,66.80
1762431937.3465676,1.00,2585.63,66.80
1762431938.3484914,1.00,2585.63,66.80
1762431939.350548,0.00,2585.63,66.80
1762431940.3527567,0.50,2585.63,66.80
1762431941.3545535,0.50,2585.63,66.80
1762431942.3565292,0.50,2585.62,66.80
1762431943.3586373,0.50,2585.62,66.80
1762431944.3613453,2.00,2585.62,66.80
1762431945.3634458,0.50,2585.62,66.80
1762431946.365644,2.00,2585.62,66.80
1762431947.3679051,0.50,2585.62,66.80
1762431948.3704581,5.50,2585.86,66.80
1762431949.3722699,0.00,2585.86,66.80
1762431950.3744862,0.50,2585.86,66.80
1762431951.3769608,0.00,2585.86,66.80
1762431952.3791413,3.00,2585.86,66.80
1762431953.3811357,0.50,2585.86,66.80
1762431954.3833675,0.50,2585.86,66.80
1762431955.3854146,0.00,2585.86,66.80
1762431956.3872206,0.50,2585.86,66.80
1762431957.3890848,0.50,2585.86,66.80
1762431958.391479,1.00,2585.86,66.80
1762431959.3938243,1.00,2585.86,66.80
1762431960.4025624,0.50,2585.86,66.80
1762431961.4065032,1.00,2585.86,66.80
1762431962.4091327,0.00,2585.86,66.80
1762431963.4114428,1.50,2585.84,66.80
1762431964.4135084,0.50,2585.84,66.80
1762431965.415803,0.50,2585.84,66.80
1762431966.4177425,1.50,2585.84,66.80
1762431967.4197721,1.50,2585.82,66.80
1762431968.4224958,0.50,2585.81,66.80
1762431969.4263124,0.50,2585.81,66.80
1762431970.4285994,1.50,2585.81,66.80
1762431971.4307804,1.50,2585.81,66.80
1762431972.4328346,1.00,2585.81,66.80
1762431973.4353428,0.50,2585.81,66.80
1762431974.4374216,0.50,2585.80,66.80
1762431975.439167,0.50,2585.80,66.80
1762431976.440774,0.50,2585.80,66.80
1762431977.44272,0.00,2585.80,66.80
1762431978.4447675,0.00,2585.80,66.80
1762431979.4474316,1.00,2585.80,66.80
1762431980.4501996,0.50,2585.80,66.80
1762431981.4523451,0.00,2585.79,66.80
1762431982.4544077,1.00,2585.79,66.80
1762431983.4567306,0.00,2585.79,66.80
1762431984.4591684,0.50,2585.79,66.80
1762431985.4614618,0.50,2585.79,66.80
1762431986.4636796,0.50,2585.79,66.80
1762431987.4666564,2.50,2586.02,66.80
1762431988.4690232,2.00,2586.27,66.90
1762431989.4711838,1.00,2586.27,66.90
1762431990.473554,0.50,2586.26,66.90
1762431991.4765775,0.00,2586.25,66.90
1762431992.4788325,0.00,2586.25,66.90
1762431993.4812331,0.50,2586.24,66.90
1762431994.483489,1.00,2586.24,66.90
1762431995.4867113,0.00,2586.49,66.90
1762431996.4893453,2.00,2586.49,66.90
1762431997.4914703,0.50,2586.49,66.90
1762431998.4938254,1.00,2586.49,66.90
1762431999.4967902,0.00,2586.48,66.90
1762432000.498642,1.00,2586.48,66.90
1762432001.5008118,0.50,2586.48,66.90
1762432002.5030866,1.00,2586.48,66.90
1762432003.5052054,1.00,2586.48,66.90
1762432004.5072222,1.00,2586.48,66.90
1762432005.5098104,0.00,2586.48,66.90
1762432006.5131667,1.00,2586.48,66.90
1762432007.5155094,1.00,2586.48,66.90
1762432008.518432,5.50,2586.73,66.90
1762432009.5207841,3.50,2588.43,66.90
1762432010.5233328,0.50,2588.43,66.90
1762432011.5253875,1.50,2588.66,66.90
1762432012.5275917,2.00,2588.66,66.90
1762432013.530428,1.00,2588.66,66.90
1762432014.532552,0.50,2588.65,66.90
1762432015.535317,0.50,2588.65,66.90
1762432016.5376332,0.50,2588.65,66.90
1762432017.5397058,1.00,2588.65,66.90
1762432018.5425,0.50,2588.65,66.90
1762432019.545493,0.50,2588.65,66.90
1762432020.5480602,0.50,2588.65,66.90
1762432021.5501065,0.50,2588.65,66.90
1762432022.5525062,0.50,2588.65,66.90
1762432023.5544379,0.50,2588.64,66.90
1762432024.5567706,24.40,2587.91,66.90
1762432025.5604496,100.00,2590.58,67.00
1762432026.5631351,100.00,2591.05,67.00
1762432027.5686684,100.00,2587.82,66.90
1762432028.5706906,100.00,2587.91,66.90
1762432029.576165,100.00,2591.22,67.00
1762432030.578018,100.00,2588.91,66.90
1762432031.584117,100.00,2588.12,66.90
1762432032.5866797,100.00,2590.42,67.00
1762432033.589995,100.00,2593.45,67.00
1762432034.5943608,100.00,2590.09,67.00
1762432035.6010444,100.00,2589.82,66.90
1762432036.603438,100.00,2588.00,66.90
1762432037.605493,100.00,2590.55,67.00
1762432038.6103117,100.00,2587.72,66.90
1762432039.6158202,100.00,2588.46,66.90
1762432040.621933,100.00,2591.88,67.00
1762432041.6243298,100.00,2590.17,67.00
1762432042.6279354,100.00,2591.06,67.00
1762432043.6336863,100.00,2593.89,67.10
1762432044.6369555,100.00,2587.94,66.90
1762432045.6446986,100.00,2590.19,67.00
1762432046.6463566,100.00,2589.95,67.00
1762432047.651672,100.00,2592.65,67.00
1762432048.654759,100.00,2588.62,66.90
1762432049.659735,100.00,2591.49,67.00
1762432050.6640534,100.00,2591.73,67.00
1762432051.667743,100.00,2592.85,67.00
1762432052.6708264,100.00,2589.94,67.00
1762432053.6737635,100.00,2593.32,67.00
1762432054.6784744,67.70,2588.04,66.90
1762432055.6807084,1.50,2588.04,66.90
1762432056.6830869,1.50,2588.29,66.90
1762432057.685524,1.00,2588.29,66.90
1762432058.687701,0.50,2588.29,66.90
1762432059.6903043,1.50,2588.29,66.90
1762432060.6924734,1.00,2588.28,66.90
1762432061.694556,2.00,2588.28,66.90
1762432062.696298,1.50,2588.28,66.90
1762432063.6986086,1.50,2588.28,66.90
1762432064.7005298,1.00,2588.27,66.90
1762432065.7024505,1.00,2588.27,66.90
1762432066.7050002,1.50,2588.27,66.90
1762432067.7077956,0.50,2588.27,66.90
1762432068.7104497,6.50,2588.52,66.90
1762432069.7123435,0.50,2588.52,66.90
1762432070.7150953,0.50,2588.52,66.90
1762432071.7172801,1.50,2588.52,66.90
1762432072.7194955,1.50,2588.51,66.90
1762432073.7214386,1.00,2588.51,66.90
1762432074.7236466,1.00,2588.51,66.90
1762432075.7261915,1.00,2588.50,66.90
1762432076.7286165,0.50,2588.50,66.90
1762432077.730825,1.00,2588.50,66.90
1762432078.7332578,1.00,2588.50,66.90
1762432079.7354434,0.50,2588.50,66.90
1762432080.737766,0.50,2588.50,66.90
1762432081.740078,0.50,2588.49,66.90
1762432082.7420561,0.50,2588.49,66.90
1762432083.7443998,0.50,2588.49,66.90
1762432084.7466347,2.00,2588.48,66.90
1762432085.7491574,1.00,2588.48,66.90
1762432086.7510715,2.00,2588.71,66.90
1762432087.7533278,1.50,2588.70,66.90
1762432088.7555723,0.50,2588.70,66.90
1762432089.7586634,1.50,2588.70,66.90
1762432090.761027,2.00,2588.70,66.90
1762432091.7635684,1.00,2588.70,66.90
1762432092.7665277,0.50,2588.70,66.90
1762432093.7684486,1.50,2588.69,66.90
1762432094.7702997,1.00,2588.69,66.90
1762432095.7722962,0.00,2588.69,66.90
1762432096.7744749,1.50,2588.69,66.90
1762432097.7767093,1.50,2588.69,66.90
1762432098.779377,1.00,2588.68,66.90
1762432099.7815256,0.50,2588.68,66.90
1762432100.7841165,1.00,2588.68,66.90
1762432101.786689,1.50,2588.68,66.90
1762432102.7893345,1.00,2588.68,66.90
1762432103.791764,1.00,2588.68,66.90
1762432104.794977,1.00,2588.68,66.90
1762432105.7964885,1.00,2588.68,66.90
1762432106.7986534,1.00,2588.68,66.90
1762432107.800728,0.50,2588.68,66.90
1762432108.8037374,0.50,2588.67,66.90
1762432109.8069499,0.50,2588.67,66.90
1762432110.809275,0.50,2588.67,66.90
1762432111.8111887,0.00,2588.67,66.90
1762432112.813553,0.50,2588.67,66.90
1762432113.8155951,0.00,2588.67,66.90
1762432114.818295,0.50,2588.67,66.90
1762432115.8202758,1.00,2588.67,66.90
1762432116.8224301,1.00,2588.67,66.90
1762432117.8253322,0.50,2588.66,66.90
1762432118.8275342,0.50,2588.66,66.90
1762432119.8305626,1.50,2588.66,66.90
1762432120.8327131,0.50,2588.66,66.90
1762432121.8352587,0.50,2588.66,66.90
1762432122.8374622,0.50,2588.66,66.90
1762432123.8394654,2.50,2588.66,66.90
1762432124.8414278,0.50,2588.65,66.90
1762432125.8436694,1.00,2588.65,66.90
1762432126.8460336,0.00,2588.65,66.90
1762432127.8477488,1.00,2588.64,66.90
1762432128.8503757,7.00,2589.38,66.90
1762432129.8527255,0.50,2589.38,66.90
1762432130.8553069,1.00,2589.38,66.90
1762432131.8575835,1.00,2589.38,66.90
1762432132.8601315,2.50,2589.36,66.90
1762432133.8617275,1.00,2589.36,66.90
1762432134.863507,0.50,2589.36,66.90
1762432135.8651912,1.00,2589.36,66.90
1762432136.8671403,0.00,2589.36,66.90
1762432137.8695118,1.00,2589.36,66.90
1762432138.872146,0.50,2589.36,66.90
1762432139.874315,0.00,2589.36,66.90
1762432140.8766992,1.00,2589.36,66.90
1762432141.8797798,0.50,2589.36,66.90
1762432142.8821335,0.50,2589.36,66.90
1762432143.8839905,0.00,2589.36,66.90
1762432144.886192,1.00,2589.36,66.90
1762432145.8890076,1.00,2589.34,66.90
1762432146.8914816,0.50,2589.34,66.90
1762432147.893406,0.50,2589.34,66.90
1762432148.895396,1.00,2589.34,66.90
1762432149.8978167,0.50,2589.34,66.90
1762432150.9003878,3.00,2589.34,66.90
1762432151.9024417,1.00,2589.34,66.90
1762432152.9044418,0.50,2589.32,66.90
1762432153.906251,1.00,2589.31,66.90
1762432154.908718,0.50,2589.31,66.90
1762432155.911382,1.00,2589.31,66.90
1762432156.9133196,0.50,2589.30,66.90
1762432157.9150796,0.50,2589.30,66.90
1762432158.9208143,18.70,2591.50,67.00
1762432159.922664,100.00,2589.79,66.90
1762432160.9253035,100.00,2591.04,67.00
1762432161.9304535,100.00,2591.74,67.00
1762432162.932804,100.00,2590.21,67.00
1762432163.9342148,100.00,2586.71,66.90
1762432164.9399862,100.00,2591.02,67.00
1762432165.955265,100.00,2586.32,66.90
1762432166.9583924,100.00,2589.02,66.90
1762432167.9645789,100.00,2592.44,67.00
1762432168.98361,100.00,2591.75,67.00
1762432169.9905057,100.00,2591.43,67.00
1762432170.9930036,100.00,2587.82,66.90
1762432171.9981565,100.00,2588.05,66.90
1762432173.0015543,100.00,2593.28,67.00
1762432174.0073001,100.00,2589.70,66.90
1762432175.0115607,100.00,2589.46,66.90
1762432176.0178275,100.00,2588.47,66.90
1762432177.0192916,100.00,2587.45,66.90
1762432178.021115,100.00,2591.02,67.00
1762432179.0255303,100.00,2591.79,67.00
1762432180.0288897,100.00,2588.48,66.90
1762432181.0358162,100.00,2589.57,66.90
1762432182.0394723,100.00,2591.82,67.00
1762432183.0441992,98.00,2595.28,67.10
1762432184.0508196,99.00,2588.84,66.90
1762432185.0564945,100.00,2591.45,67.00
1762432186.063279,100.00,2588.27,66.90
1762432187.0654001,99.50,2591.80,67.00
1762432188.0665054,100.00,2589.46,66.90
1762432189.0720665,70.40,2585.32,66.80
1762432190.0742722,3.50,2585.32,66.80
1762432191.076437,4.50,2586.05,66.80
1762432192.0782099,4.00,2586.29,66.90
1762432193.0807686,22.50,2598.33,67.20
1762432194.0827243,1.00,2598.33,67.20
1762432195.0844,1.00,2598.33,67.20
1762432196.085678,1.00,2598.33,67.20
1762432197.0877771,0.50,2598.33,67.20
1762432198.0909438,0.50,2598.32,67.20
1762432199.093346,0.50,2598.32,67.20
1762432200.095618,1.50,2598.32,67.20
1762432201.097708,1.00,2598.32,67.20
1762432202.1006064,1.50,2579.27,66.70
1762432203.1028283,1.50,2579.27,66.70
1762432204.1047661,1.00,2579.27,66.70
1762432205.1065323,1.00,2579.27,66.70
1762432206.1087444,1.50,2579.52,66.70
1762432207.1113737,1.50,2579.48,66.70
1762432208.1124291,0.50,2579.48,66.70
1762432209.1144354,0.50,2579.48,66.70
1762432210.1165986,1.50,2579.48,66.70
1762432211.1189916,1.50,2579.48,66.70
1762432212.1205533,1.00,2579.48,66.70
1762432213.1226008,0.50,2579.47,66.70
1762432214.1246357,1.00,2579.47,66.70
1762432215.1267412,2.50,2580.46,66.70
1762432216.1290932,2.00,2581.20,66.70
1762432217.1314495,1.00,2581.20,66.70
1762432218.1332843,0.50,2581.20,66.70
1762432219.135333,0.50,2581.20,66.70
1762432220.1373777,1.00,2581.19,66.70
1762432221.139367,0.50,2581.19,66.70
1762432222.141214,1.00,2581.19,66.70
1762432223.143402,0.50,2581.19,66.70
1762432224.1454003,1.50,2581.18,66.70
1762432225.1475394,0.50,2581.18,66.70
1762432226.1496203,0.00,2581.18,66.70
1762432227.1517787,1.00,2581.18,66.70
1762432228.1540205,0.50,2581.18,66.70
1762432229.1562636,1.00,2581.18,66.70
1762432230.1585605,0.50,2581.18,66.70
1762432231.1615589,0.50,2581.18,66.70
1762432232.163637,2.00,2581.42,66.70
1762432233.1656682,1.00,2581.42,66.70
1762432234.1681185,0.50,2581.42,66.70
1762432235.1704528,1.00,2581.42,66.70
1762432236.1723316,1.00,2581.42,66.70
1762432237.174244,1.50,2581.41,66.70
1762432238.1760411,0.00,2581.41,66.70
1762432239.1782794,0.50,2581.41,66.70
1762432240.1805356,1.00,2581.40,66.70
1762432241.183423,0.50,2581.40,66.70
1762432242.1857,0.50,2581.40,66.70
1762432243.1878335,0.50,2581.40,66.70
1762432244.189755,2.50,2581.40,66.70
1762432245.1923327,0.50,2581.40,66.70
1762432246.194281,1.50,2581.40,66.70
1762432247.1961858,1.00,2581.40,66.70
1762432248.1980793,0.50,2581.40,66.70
1762432249.200385,6.00,2583.12,66.80
1762432250.2027667,0.50,2583.12,66.80
1762432251.205154,1.00,2583.12,66.80
1762432252.207645,1.00,2583.11,66.80
1762432253.2102616,3.00,2583.11,66.80
1762432254.2125163,0.50,2583.11,66.80
1762432255.214393,0.50,2583.11,66.80
1762432256.2162359,1.00,2583.11,66.80
1762432257.2184923,1.00,2583.11,66.80
1762432258.2201695,0.00,2583.11,66.80
1762432259.222192,1.00,2583.11,66.80
1762432260.2244914,1.50,2583.11,66.80
1762432261.2264507,0.00,2583.11,66.80
1762432262.2285569,0.50,2583.11,66.80
1762432263.2303932,1.00,2583.09,66.80
1762432264.2332096,0.00,2583.09,66.80
1762432265.235412,1.00,2583.09,66.80
1762432266.2373903,0.50,2583.09,66.80
1762432267.239211,1.00,2583.09,66.80
1762432268.2426856,1.00,2583.09,66.80
1762432269.2455947,0.50,2583.09,66.80
1762432270.2473586,1.00,2583.09,66.80
1762432271.2493272,2.00,2583.09,66.80
1762432272.250928,1.50,2583.30,66.80
1762432273.2539115,0.50,2583.30,66.80
1762432274.2562404,1.00,2583.30,66.80
1762432275.2583473,0.50,2583.30,66.80
1762432276.2602506,0.50,2583.30,66.80
1762432277.2631829,0.50,2583.30,66.80
1762432278.2665236,1.50,2583.30,66.80
1762432279.269048,0.50,2583.29,66.80
1762432280.2715707,1.00,2583.29,66.80
1762432281.2747164,0.00,2583.29,66.80
1762432282.2773223,1.00,2583.29,66.80
1762432283.279634,0.00,2583.29,66.80
1762432284.2821302,1.00,2583.29,66.80
1762432285.28518,0.50,2583.29,66.80
1762432286.2875772,0.50,2583.29,66.80
1762432287.2896752,1.00,2583.28,66.80
1762432288.2926648,1.00,2583.27,66.80
1762432289.294767,1.00,2583.27,66.80
1762432290.2968233,0.50,2583.27,66.80
1762432291.298583,0.50,2583.27,66.80
1762432292.3006344,1.00,2583.27,66.80
1762432293.3060198,18.50,2566.08,66.30
1762432294.307168,100.00,2565.93,66.30
1762432295.3102639,100.00,2565.67,66.30
1762432296.3154492,100.00,2570.91,66.50
1762432297.319141,100.00,2567.97,66.40
1762432298.3201573,100.00,2566.27,66.30
1762432299.3229258,100.00,2567.56,66.40
1762432300.3257656,100.00,2569.18,66.40
1762432301.330602,100.00,2565.48,66.30
1762432302.3311796,100.00,2569.03,66.40
1762432303.3335884,100.00,2570.27,66.40
1762432304.3372264,100.00,2568.68,66.40
1762432305.338162,100.00,2571.75,66.50
1762432306.3445766,100.00,2567.01,66.40
1762432307.3488936,100.00,2572.08,66.50
1762432308.3526316,100.00,2572.03,66.50
1762432309.3631809,100.00,2571.86,66.50
1762432310.3697407,100.00,2567.79,66.40
1762432311.3740306,100.00,2569.06,66.40
1762432312.3776133,99.50,2574.66,66.60
1762432313.3828106,100.00,2571.81,66.50
1762432314.387409,100.00,2571.89,66.50
1762432315.4008253,100.00,2574.02,66.50
1762432316.4058907,100.00,2567.91,66.40
1762432317.4670708,100.00,2569.94,66.40
1762432318.470376,100.00,2569.70,66.40
1762432319.471159,100.00,2568.76,66.40
1762432320.4752026,100.00,2568.92,66.40
1762432321.4808257,100.00,2574.77,66.60
1762432322.4881792,98.00,2571.16,66.50
1762432323.4895427,76.40,2597.51,67.10
1762432324.4903617,74.20,2596.39,67.10
1762432325.4914708,78.30,2621.25,67.80
1762432326.492355,7.10,2621.25,67.80
1762432327.4937963,8.10,2621.49,67.80
1762432328.4962263,3.00,2621.49,67.80
1762432329.49809,1.50,2621.49,67.80
1762432330.4997454,1.50,2621.48,67.80
1762432331.5020225,8.90,2621.48,67.80
1762432332.5039477,0.00,2621.48,67.80
1762432333.5061033,1.00,2621.48,67.80
1762432334.508041,1.50,2621.48,67.80
1762432335.5096886,1.50,2621.48,67.80
1762432336.5115974,1.50,2621.46,67.80
1762432337.5136733,1.50,2621.46,67.80
1762432338.5162964,1.00,2621.46,67.80
1762432339.5182343,0.50,2621.46,67.80
1762432340.5199573,1.50,2621.46,67.80
1762432341.52168,1.50,2621.46,67.80
1762432342.523554,1.50,2621.46,67.80
1762432343.526432,1.50,2621.46,67.80
1762432344.528539,2.00,2621.46,67.80
1762432345.5302215,0.50,2621.46,67.80
1762432346.5326085,0.50,2621.45,67.80
1762432347.5333505,0.50,2621.45,67.80
1762432348.5353637,1.00,2621.45,67.80
1762432349.537787,2.00,2621.45,67.80
1762432350.5395896,9.50,2626.86,67.90
1762432351.541692,2.60,2626.85,67.90
1762432352.5442061,1.00,2626.85,67.90
1762432353.546129,1.00,2620.80,67.70
1762432354.5485601,1.00,2620.80,67.70
1762432355.5503938,1.50,2621.06,67.80
1762432356.5523546,1.50,2621.05,67.80
1762432357.554344,1.00,2621.05,67.80
1762432358.5564866,1.00,2621.05,67.80
1762432359.5582101,1.00,2621.24,67.80
1762432360.5602772,0.50,2621.24,67.80
1762432361.5622063,1.50,2621.23,67.80
1762432362.5644825,1.00,2621.23,67.80
1762432363.5665967,3.50,2621.48,67.80
1762432364.5686016,0.50,2621.48,67.80
1762432365.5709832,1.00,2621.48,67.80
1762432366.5734234,1.50,2621.48,67.80
1762432367.5758204,1.00,2621.48,67.80
1762432368.578018,0.50,2621.47,67.80
1762432369.5796669,1.00,2621.47,67.80
1762432370.581536,5.10,2623.20,67.80
1762432371.582334,1.00,2623.20,67.80
1762432372.584758,2.50,2623.20,67.80
1762432373.587445,2.00,2623.19,67.80
1762432374.5892355,1.00,2623.18,67.80
1762432375.5914686,1.50,2623.18,67.80
1762432376.5935497,1.00,2623.18,67.80
1762432377.595786,0.50,2623.18,67.80
1762432378.5992877,1.00,2623.18,67.80
1762432379.601293,0.50,2623.18,67.80
1762432380.6031132,0.50,2623.18,67.80
1762432381.6055229,0.00,2623.18,67.80
1762432382.6084907,1.00,2623.18,67.80
1762432383.6106703,0.00,2623.18,67.80
1762432384.6135135,1.00,2623.17,67.80
1762432385.615829,0.50,2623.17,67.80
1762432386.6184824,1.00,2623.17,67.80
1762432387.6213129,0.50,2623.17,67.80
1762432388.6233006,1.50,2623.17,67.80
1762432389.6253085,1.00,2623.17,67.80
1762432390.627013,0.50,2623.16,67.80
1762432391.6292372,2.00,2623.16,67.80
1762432392.631436,1.00,2623.16,67.80
1762432393.6334786,1.00,2623.16,67.80
1762432394.6360724,0.00,2623.13,67.80
1762432395.6381457,1.00,2623.13,67.80
1762432396.6404383,0.00,2623.12,67.80
1762432397.642491,1.00,2623.12,67.80
1762432398.644461,1.00,2623.12,67.80
1762432399.6462648,0.50,2623.12,67.80
1762432400.6484134,1.00,2623.12,67.80
1762432401.65108,0.50,2623.12,67.80
1762432402.6532664,1.00,2623.12,67.80
1762432403.655379,1.00,2623.12,67.80
1762432404.6577616,0.50,2623.12,67.80
1762432405.660504,0.50,2623.12,67.80
1762432406.662455,0.50,2623.12,67.80
1762432407.6643586,1.00,2623.12,67.80
1762432408.6665108,0.50,2623.12,67.80
1762432409.6686883,0.50,2623.11,67.80
1762432410.6712418,0.00,2623.11,67.80
1762432411.6735437,1.00,2623.11,67.80
1762432412.6757052,0.50,2623.11,67.80
1762432413.6785107,0.00,2623.11,67.80
1762432414.680736,0.50,2623.11,67.80
1762432415.682786,0.50,2623.10,67.80
1762432416.6847522,0.50,2623.10,67.80
1762432417.6875868,1.00,2623.10,67.80
1762432418.6899931,0.00,2623.10,67.80
1762432419.6921597,1.00,2623.10,67.80
1762432420.6947072,0.50,2623.09,67.80
1762432421.696666,0.50,2623.09,67.80
1762432422.6988156,0.50,2623.09,67.80
1762432423.7014687,1.50,2623.09,67.80
1762432424.703226,1.00,2623.09,67.80
1762432425.7050672,0.50,2623.09,67.80
1762432426.706788,1.00,2623.09,67.80
1762432427.7085414,7.60,2586.89,66.90
1762432428.7111225,1.50,2586.80,66.90
1762432429.7136693,0.00,2586.80,66.90
1762432430.7158344,5.50,2586.80,66.90
1762432431.7184985,0.50,2586.80,66.90
1762432432.7205255,2.00,2586.80,66.90
1762432433.7275732,1.00,2586.79,66.90
1762432434.7302933,0.00,2586.79,66.90
1762432435.7324507,0.50,2586.79,66.90
1762432436.7347386,1.00,2586.79,66.90
1762432437.7373006,0.50,2586.79,66.90
1762432438.7395213,0.50,2586.79,66.90
1762432439.7419534,0.00,2586.79,66.90
1762432440.744416,1.00,2586.78,66.90
1762432441.7467427,0.50,2586.78,66.90
1762432442.749097,0.50,2586.78,66.90
1762432443.751445,1.00,2586.78,66.90
1762432444.7541018,0.00,2586.78,66.90
1762432445.7564583,2.50,2586.75,66.90
1762432446.7586296,2.00,2586.74,66.90
1762432447.7621963,0.50,2586.74,66.90
1762432448.7647347,0.50,2586.72,66.90
1762432449.767445,0.50,2586.72,66.90
1762432450.7697544,2.00,2586.72,66.90
1762432451.7722614,0.50,2586.71,66.90
1762432452.7732882,0.00,2586.71,66.90
1762432453.775491,1.00,2586.71,66.90
1762432454.7783525,0.00,2586.71,66.90
1762432455.7801816,0.50,2586.71,66.90
1762432456.7823813,0.00,2586.71,66.90
1762432457.7849946,1.00,2586.71,66.90
1762432458.7874627,0.50,2586.71,66.90
1762432459.789659,0.50,2586.71,66.90
1762432460.792133,0.50,2586.71,66.90
1762432461.793393,1.50,2586.71,66.90
1762432462.7962432,0.50,2586.71,66.90
1762432463.7981327,0.00,2586.70,66.90
1762432464.8013177,1.00,2586.70,66.90
1762432465.803082,0.00,2586.70,66.90
1762432466.8050396,1.00,2586.70,66.90
1762432467.8110914,0.00,2586.70,66.90
1762432468.814048,4.00,2586.70,66.90
1762432469.8178945,3.10,2586.70,66.90
1762432470.8201041,0.50,2586.70,66.90
1762432471.821791,0.00,2586.70,66.90
1762432472.8240411,1.00,2586.70,66.90
1762432473.8261318,0.00,2586.70,66.90
1762432474.8277755,0.50,2586.70,66.90
1762432475.8302526,1.00,2579.31,66.70
1762432476.8472443,2.50,2579.27,66.70
1762432477.8495674,1.00,2579.27,66.70
1762432478.8523476,0.50,2579.27,66.70
1762432479.8543396,0.50,2579.27,66.70
1762432480.8563068,0.50,2579.27,66.70
1762432481.8594856,0.00,2579.27,66.70
1762432482.8613493,0.50,2579.26,66.70
1762432483.8630536,2.50,2579.26,66.70
1762432484.8650696,0.00,2579.26,66.70
1762432485.8674378,1.00,2579.26,66.70
1762432486.8697035,1.00,2579.26,66.70
1762432487.8725407,1.00,2579.25,66.70
1762432488.8755324,0.50,2579.25,66.70
1762432489.8782735,0.50,2579.25,66.70
1762432490.8801968,4.50,2579.25,66.70
1762432491.8825052,1.00,2579.25,66.70
1762432492.884661,3.50,2579.23,66.70
1762432493.8874905,1.00,2579.23,66.70
1762432494.889832,1.50,2579.23,66.70
1762432495.892779,1.00,2579.23,66.70
1762432496.8957765,0.50,2579.23,66.70
1762432497.898623,2.00,2579.23,66.70
1762432498.9015331,0.50,2579.23,66.70
1762432499.9041636,1.00,2579.22,66.70
1762432500.9062219,0.50,2579.22,66.70
1762432501.9087677,0.50,2579.22,66.70
1762432502.9113667,0.50,2579.22,66.70
1762432503.913212,1.00,2579.22,66.70
1762432504.915421,0.50,2579.21,66.70
1762432505.917594,1.00,2579.21,66.70
1762432506.9203217,1.50,2579.21,66.70
1762432507.9228172,2.00,2579.21,66.70
1762432508.9254017,5.60,2579.20,66.70
1762432509.9274287,9.10,2579.43,66.70
1762432510.9285736,44.20,2587.92,66.90
1762432511.9301305,40.50,2593.77,67.00
1762432512.9327903,27.60,2594.46,67.10
1762432513.9352376,13.30,2594.43,67.10
1762432514.9367032,31.80,2594.43,67.10
1762432515.9382896,58.60,2609.68,67.50
1762432516.9411163,66.00,2617.24,67.70
1762432517.9431946,23.20,2617.23,67.70
1762432518.944744,72.60,2623.57,67.80
1762432519.9461653,25.50,2625.01,67.90
1762432520.9477916,31.50,2636.94,68.20
1762432521.949551,68.50,2640.37,68.30
1762432522.9507766,34.20,2640.86,68.30
1762432523.953471,64.10,2632.89,68.10
1762432524.955192,10.70,2634.86,68.10
1762432525.9577193,6.60,2635.57,68.10
1762432526.9598005,23.90,2637.95,68.20
1762432527.9621856,64.30,2641.82,68.30
1762432528.963454,45.90,2647.21,68.40
1762432529.965343,41.10,2650.85,68.50
1762432530.9691045,43.10,2650.85,68.50
1762432531.9713986,32.00,2650.76,68.50
1762432532.972545,16.30,2654.38,68.60
1762432533.9732926,10.20,2654.48,68.60
1762432534.975085,18.70,2655.16,68.60
1762432535.9778304,7.60,2655.16,68.60
1762432536.9806077,3.00,2655.16,68.60
1762432537.9827886,2.50,2655.16,68.60
1762432538.985106,8.00,2670.64,69.00
1762432539.9868124,4.50,2670.64,69.00
1762432540.9891052,8.10,2670.64,69.00
1762432541.9911542,28.10,2670.84,69.00
1762432542.993301,15.90,2670.83,69.00
1762432543.995029,58.30,2671.02,69.00
1762432544.997311,41.80,2671.01,69.00
1762432545.9991798,25.50,2655.95,68.70
1762432547.0016098,8.60,2655.95,68.70
1762432548.0040803,15.20,2656.43,68.70
1762432549.006493,7.60,2656.40,68.70
1762432550.0087812,10.10,2656.64,68.70
1762432551.0106773,31.30,2658.17,68.70
1762432552.0134242,69.70,2659.34,68.70
1762432553.0151575,54.50,2671.62,69.10
1762432554.0170286,51.50,2677.55,69.20
1762432555.0194242,13.30,2677.55,69.20
1762432556.020387,70.20,2676.32,69.20
1762432557.0213535,68.70,2665.88,68.90
1762432558.0232198,82.90,2666.05,68.90
1762432559.0242476,58.80,2663.75,68.90
1762432560.0263913,74.90,2678.89,69.20
1762432561.027155,62.80,2678.30,69.20
1762432562.0292165,56.60,2676.54,69.20
1762432563.030641,78.00,2671.61,69.10
1762432564.0333192,32.50,2672.64,69.10
1762432565.034238,32.30,2655.12,68.60
1762432566.0360453,48.00,2623.96,67.80
1762432567.0385556,35.50,2626.21,67.90
1762432568.0416021,2.50,2626.21,67.90
1762432569.0436215,2.00,2626.21,67.90
1762432570.0463393,3.00,2625.76,67.90
1762432571.0487664,4.50,2625.75,67.90
1762432572.0515065,0.50,2625.78,67.90
1762432573.0542667,2.00,2625.78,67.90
1762432574.0564744,5.00,2625.73,67.90
1762432575.0582726,2.00,2625.73,67.90
1762432576.0599482,1.50,2625.73,67.90
1762432577.0627081,1.50,2625.71,67.90
1762432578.0654557,1.00,2625.71,67.90
1762432579.067782,2.50,2618.32,67.70
1762432580.0703511,1.00,2618.31,67.70
1762432581.0732434,0.50,2618.31,67.70
1762432582.077382,74.50,2670.97,69.00
1762432583.0792956,30.40,2673.54,69.10
1762432584.0801861,34.80,2674.66,69.10
