timestamp,cpu_percent,mem_used_mb
1762089333.4725313,70.30,1347.82
1762089334.474339,16.20,1347.81
1762089335.4765294,1.50,1347.80
1762089336.478761,1.00,1347.80
1762089337.4797106,0.50,1347.80
1762089338.4813037,1.00,1347.80
1762089339.4826088,0.50,1347.80
1762089340.4845154,1.00,1347.71
1762089341.486005,3.30,1348.73
1762089342.4878788,6.40,1335.75
1762089343.4894927,4.20,1341.07
1762089344.4910257,2.40,1341.20
1762089345.4927547,1.20,1341.73
1762089346.4944563,1.80,1341.45
1762089347.495966,1.20,1341.24
1762089348.4978685,1.20,1341.41
1762089349.4998696,1.20,1340.35
1762089350.5014107,0.00,1341.35
1762089351.502946,1.80,1341.27
1762089352.5048392,3.00,1342.68
1762089353.5065043,0.00,1341.30
1762089354.5080345,2.40,1341.20
1762089355.5095873,1.80,1341.74
1762089356.5110953,2.40,1342.30
1762089357.5125012,1.80,1341.25
1762089358.5140395,10.50,1341.07
1762089359.5158606,4.10,1341.07
1762089360.5176737,7.10,1338.95
1762089361.5193357,1.20,1339.98
1762089362.5199773,3.00,1340.00
1762089363.5216317,3.00,1340.91
1762089364.523615,43.40,1357.43
1762089365.5247676,15.20,1356.58
1762089366.525703,0.00,1356.58
1762089367.5270255,1.80,1356.96
1762089368.5281162,1.70,1357.68
1762089369.5289958,0.60,1356.89
1762089370.5306246,1.20,1357.66
1762089371.5327702,2.20,1321.88
1762089372.5344553,0.50,1321.88
1762089373.5369987,0.50,1321.88
1762089374.5385675,1.00,1322.13
1762089375.5403214,0.00,1322.12
1762089376.5422587,1.00,1322.12
1762089377.5438375,0.00,1322.12
1762089378.5471098,0.50,1322.11
1762089379.5488234,1.00,1322.11
1762089380.5504003,0.00,1322.11
1762089381.551969,1.00,1322.11
1762089382.5536056,0.50,1322.11
1762089383.5558007,1.00,1322.11
1762089384.5575135,0.00,1322.11
1762089385.5593138,0.00,1322.11
1762089386.5612726,0.50,1322.11
1762089387.5629838,0.00,1322.11
1762089388.5648162,0.50,1322.58
1762089389.5670767,1.00,1322.57
1762089390.5688453,0.00,1322.57
1762089391.5705152,0.00,1322.57
1762089392.5720694,5.00,1322.57
1762089393.5737157,0.00,1322.57
1762089394.5753164,0.00,1322.57
1762089395.5771084,0.50,1322.57
1762089396.5790558,0.00,1322.57
1762089397.5802681,0.50,1322.80
1762089398.5820425,1.00,1322.80
1762089399.5839074,0.00,1322.79
1762089400.5855331,1.00,1322.79
1762089401.5871212,0.00,1322.79
1762089402.589361,0.00,1322.79
1762089403.590125,1.00,1322.79
1762089404.591932,1.00,1322.79
1762089405.59356,2.50,1323.51
1762089406.5950694,3.50,1323.51
1762089407.596807,1.00,1323.51
1762089408.5984578,0.50,1323.51
1762089409.6002522,1.00,1323.50
1762089410.6018248,2.50,1323.50
1762089411.6034951,1.00,1323.50
1762089412.6051288,0.00,1323.48
1762089413.6069543,0.50,1323.48
1762089414.6085052,0.50,1323.48
1762089415.6100547,0.00,1323.48
1762089416.6116881,1.50,1323.48
1762089417.6135628,0.00,1323.46
1762089418.6151357,2.00,1323.42
1762089419.616903,0.50,1323.42
1762089420.618701,0.50,1323.42
1762089421.620382,4.00,1306.15
1762089422.6220162,0.00,1306.09
1762089423.624444,0.00,1306.09
1762089424.625991,1.00,1306.09
1762089425.6276217,0.00,1306.09
1762089426.6293554,0.00,1306.08
1762089427.6311147,0.50,1306.08
1762089428.6333537,1.00,1306.33
1762089429.6349611,0.00,1306.27
1762089430.6366282,1.00,1306.27
1762089431.6383266,0.00,1306.27
1762089432.6399024,0.00,1306.27
1762089433.64149,0.50,1306.27
1762089434.643057,0.50,1306.27
1762089435.6447825,0.50,1306.27
1762089436.6464877,0.50,1306.23
1762089437.6486313,0.00,1306.22
1762089438.65035,0.00,1306.22
1762089439.6519463,0.50,1306.22
1762089440.6535509,1.00,1306.22
1762089441.6552813,0.00,1306.21
1762089442.6569192,0.50,1306.21
1762089443.658506,0.00,1306.21
1762089444.6600268,0.00,1306.21
1762089445.6615996,1.00,1306.21
1762089446.6636775,0.00,1306.21
1762089447.6655464,0.00,1306.21
1762089448.6664715,0.50,1306.21
1762089449.6680896,0.50,1306.21
1762089450.669862,0.00,1306.21
1762089451.6715603,0.50,1306.21
1762089452.6732194,13.10,1307.68
1762089453.6749094,0.00,1307.66
1762089454.6765215,0.50,1307.66
1762089455.67828,0.00,1307.66
1762089456.679849,0.50,1307.66
1762089457.6815534,2.00,1308.63
1762089458.6833653,0.50,1308.50
1762089459.6850588,0.00,1308.49
1762089460.6867938,0.50,1308.49
1762089461.6888957,0.50,1308.49
1762089462.6906488,0.50,1308.47
1762089463.692298,0.50,1308.47
1762089464.6938975,0.00,1308.40
1762089465.6954813,0.50,1308.39
1762089466.6973217,0.50,1308.39
1762089467.6991153,1.00,1308.39
1762089468.700711,0.50,1308.39
1762089469.7024403,0.00,1308.39
1762089470.7040877,0.50,1308.39
1762089471.7055976,0.00,1308.39
1762089472.7076595,0.50,1308.38
1762089473.7093809,0.50,1308.38
1762089474.7110312,0.00,1308.38
1762089475.7118871,1.60,1309.46
1762089476.7127066,1.80,1310.34
1762089477.7138536,0.00,1310.77
1762089478.715198,0.60,1311.43
1762089479.7158158,2.50,1311.65
1762089480.717383,4.20,1311.65
1762089481.7180216,1.80,1311.65
1762089482.718738,1.20,1311.65
1762089483.719692,0.60,1311.62
1762089484.7210119,0.00,1311.62
1762089485.7217488,1.80,1311.62
1762089486.7228816,0.00,1311.62
1762089487.7238576,0.60,1311.61
1762089488.7247448,0.60,1311.61
1762089489.7268617,1.20,1311.61
1762089490.727764,2.40,1311.61
1762089491.7286236,0.00,1311.61
1762089492.7296736,0.60,1311.61
1762089493.7307417,1.20,1311.61
1762089494.7323768,0.00,1311.61
1762089495.7337644,1.20,1311.61
1762089496.7346358,0.60,1313.60
1762089497.7356064,0.60,1318.19
1762089498.7368166,0.60,1323.00
1762089499.7376573,0.00,1327.15
1762089500.738948,1.20,1331.75
1762089501.7398856,1.20,1336.34
1762089502.7407334,1.80,1338.68
1762089503.74155,1.20,1337.57
1762089504.7425241,0.60,1337.93
1762089505.7435007,0.60,1320.71
1762089506.7451243,1.50,1306.79
1762089507.7469516,0.50,1306.79
1762089508.7486517,0.50,1306.79
1762089509.750826,0.00,1307.03
1762089510.7525194,1.00,1307.03
1762089511.7540615,0.50,1307.03
1762089512.7558918,5.40,1307.03
1762089513.7575288,0.50,1307.03
1762089514.7597399,0.50,1307.03
1762089515.7614672,1.00,1307.03
1762089516.7629335,1.00,1307.03
1762089517.7649355,0.00,1307.03
1762089518.7666223,0.50,1307.03
1762089519.7684257,0.00,1307.03
1762089520.7702117,0.50,1307.02
1762089521.7718759,0.00,1307.02
1762089522.773483,0.50,1307.02
1762089523.775219,0.00,1307.02
1762089524.7769787,2.00,1307.02
1762089525.7786334,0.00,1307.00
1762089526.7804775,1.00,1307.00
1762089527.781972,0.50,1307.00
1762089528.783495,0.00,1307.00
1762089529.7850006,1.50,1307.24
1762089530.7866273,0.00,1307.24
1762089531.788203,1.00,1307.22
1762089532.7899199,0.50,1307.22
1762089533.791767,0.00,1307.22
1762089534.7934494,1.00,1307.22
1762089535.7950416,0.50,1307.21
1762089536.7969995,1.50,1307.21
1762089537.7986782,0.00,1307.19
1762089538.799833,57.50,1307.19
1762089539.8014402,63.30,1304.05
1762089540.8030825,1.00,1303.70
1762089541.8048158,2.50,1303.70
1762089542.8063893,1.00,1303.62
1762089543.8082645,2.00,1303.56
1762089544.8099515,9.00,1301.47
1762089545.811638,0.00,1301.47
1762089546.8132331,0.50,1301.47
1762089547.8153288,0.00,1301.46
1762089548.816944,2.50,1301.46
1762089549.8187904,1.50,1301.45
1762089550.8203516,1.00,1301.45
1762089551.8221343,0.00,1301.45
1762089552.8237348,1.00,1301.45
1762089553.825456,0.00,1301.44
1762089554.8269825,0.50,1301.44
1762089555.8285787,0.50,1301.44
1762089556.8303692,0.50,1301.39
1762089557.8318048,0.00,1301.39
1762089558.8334825,0.50,1301.39
1762089559.8350782,0.50,1301.39
1762089560.836762,0.00,1301.39
1762089561.8386352,0.50,1301.39
1762089562.8404577,0.50,1301.39
1762089563.8421018,0.00,1301.39
1762089564.8438673,0.50,1301.39
1762089565.8455968,0.00,1301.39
1762089566.8473566,0.50,1301.39
1762089567.848982,0.00,1301.39
1762089568.8505661,0.00,1301.39
1762089569.8522153,1.00,1301.39
1762089570.8537855,0.00,1301.38
1762089571.855467,0.00,1301.38
1762089572.856974,5.00,1301.38
1762089573.8585055,0.50,1301.38
1762089574.8602679,0.00,1301.38
1762089575.8618834,0.00,1301.38
1762089576.8636863,0.50,1301.38
1762089577.865308,0.50,1301.38
1762089578.8668199,0.50,1301.38
1762089579.8684616,0.00,1301.38
1762089580.8704162,0.00,1301.38
1762089581.8720856,0.50,1301.38
1762089582.873774,0.50,1301.38
1762089583.87546,0.00,1301.34
1762089584.8771243,0.00,1301.34
1762089585.878991,0.00,1301.34
1762089586.8805947,1.00,1301.34
1762089587.8821304,1.00,1301.34
1762089588.8839128,0.00,1301.34
1762089589.8855364,0.50,1301.34
1762089590.8870788,0.00,1301.34
1762089591.8886495,0.50,1301.34
1762089592.8902807,0.00,1301.34
1762089593.8924963,0.00,1301.34
1762089594.894236,1.00,1301.34
1762089595.8960266,0.00,1301.34
1762089596.8976762,0.50,1301.34
1762089597.8995025,0.00,1301.34
1762089598.9011235,0.50,1301.34
1762089599.9028125,1.50,1301.34
1762089600.905428,3.00,1301.22
1762089601.9073348,0.00,1301.22
1762089602.9089956,1.50,1301.22
1762089603.910538,5.00,1301.18
1762089604.9123015,1.00,1301.17
1762089605.9135308,0.00,1301.17
1762089606.915038,0.00,1301.17
1762089607.9167304,0.50,1301.17
1762089608.9184206,0.00,1301.17
1762089609.9199107,0.50,1301.17
1762089610.9214377,2.30,1302.21
1762089611.9227092,1.20,1303.08
1762089612.924663,0.00,1303.52
1762089613.9262686,0.60,1303.74
1762089614.9277976,0.60,1303.96
1762089615.9293845,0.00,1303.96
1762089616.9310243,1.70,1303.95
1762089617.9326546,0.00,1303.95
1762089618.934246,1.80,1303.95
1762089619.9357724,1.80,1303.95
1762089620.9374158,0.00,1303.95
1762089621.9393578,1.30,1303.95
1762089622.9408863,0.60,1303.94
1762089623.9424279,0.60,1303.94
1762089624.9443676,1.20,1303.94
1762089625.9459612,0.00,1303.94
1762089626.9475617,1.20,1303.94
1762089627.9490657,0.60,1303.94
1762089628.9510598,0.60,1303.93
1762089629.9526713,0.60,1303.93
1762089630.954521,0.60,1303.93
1762089631.9562292,0.60,1303.93
1762089632.957733,8.90,1307.65
1762089633.9597604,0.60,1308.50
1762089634.961418,1.20,1308.82
1762089635.9629152,0.60,1309.03
1762089636.9645147,0.60,1309.54
1762089637.9660542,1.20,1309.05
1762089638.9675968,0.00,1308.80
1762089639.9695847,0.60,1308.62
1762089640.9713655,2.20,1275.41
1762089641.972943,1.50,1275.41
1762089642.9745476,0.00,1275.41
1762089643.976397,1.50,1275.65
1762089644.9780447,1.00,1275.65
1762089645.979765,2.50,1275.64
1762089646.9814935,2.50,1275.88
1762089647.983362,0.50,1275.88
1762089648.9849322,0.50,1275.88
1762089649.986633,1.00,1275.88
1762089650.9885569,0.50,1275.88
1762089651.990722,0.50,1275.88
1762089652.9930582,0.50,1275.86
1762089653.994639,1.00,1275.86
1762089654.996213,1.00,1275.86
1762089655.9978013,0.50,1275.86
1762089656.9997294,1.00,1275.86
1762089658.0013435,1.00,1275.84
1762089659.0028424,0.50,1275.84
1762089660.0043507,8.10,1276.82
1762089661.005862,1.00,1276.79
1762089662.0074322,0.50,1277.27
1762089663.0093198,0.50,1277.27
1762089664.0109408,0.50,1277.26
1762089665.0126457,1.00,1277.26
1762089666.0143828,0.00,1277.26
1762089667.0161147,0.00,1277.26
1762089668.017866,0.00,1277.26
1762089669.0194948,1.00,1277.26
1762089670.0215952,0.50,1277.24
1762089671.0234914,1.00,1277.24
1762089672.0254903,0.00,1277.24
1762089673.0272095,0.00,1277.24
1762089674.028753,0.50,1277.24
1762089675.0305676,0.50,1277.24
1762089676.0323775,0.50,1277.24
1762089677.0339804,0.50,1277.23
1762089678.035548,0.00,1277.23
1762089679.0375543,1.00,1277.23
1762089680.0393565,0.50,1277.23
1762089681.0409372,0.00,1277.23
1762089682.0426216,0.50,1277.22
1762089683.0442414,0.50,1277.22
1762089684.0459008,0.50,1277.22
1762089685.0475285,1.00,1277.22
1762089686.0495155,0.50,1277.22
1762089687.0511334,0.50,1277.22
1762089688.052742,0.00,1277.21
1762089689.0544057,0.00,1277.21
1762089690.056265,1.00,1277.21
1762089691.0579424,0.50,1277.21
1762089692.0597332,0.50,1277.21
1762089693.06171,5.60,1277.21
1762089694.0634136,0.50,1277.21
1762089695.0650737,0.50,1277.21
1762089696.0667279,0.00,1277.21
1762089697.068614,0.50,1277.21
1762089698.070335,0.50,1277.21
1762089699.0719008,0.00,1277.21
1762089700.0735047,0.50,1277.20
1762089701.075023,0.00,1277.20
1762089702.0767174,0.50,1277.20
1762089703.0782855,0.50,1277.20
1762089704.0798402,0.00,1277.20
1762089705.0814466,0.50,1277.20
1762089706.082918,1.00,1277.19
1762089707.0845106,0.00,1277.19
1762089708.086344,0.50,1277.19
1762089709.086866,0.00,1277.19
1762089710.0885608,0.00,1277.19
1762089711.0903375,1.00,1277.19
1762089712.0922284,0.00,1277.18
1762089713.0939097,0.00,1277.18
1762089714.0956383,0.00,1277.18
1762089715.0974286,1.00,1277.18
1762089716.0991075,0.00,1277.18
1762089717.1008785,2.50,1277.18
1762089718.1025338,3.50,1277.42
1762089719.1044402,0.50,1277.42
1762089720.1063225,1.50,1277.42
1762089721.1080883,0.00,1277.42
1762089722.110202,0.50,1277.42
1762089723.111873,3.00,1277.86
1762089724.11323,0.50,1277.86
1762089725.1152973,7.10,1277.86
1762089726.1168942,1.50,1277.86
1762089727.1185267,0.50,1277.86
1762089728.120091,1.00,1277.86
1762089729.1210275,1.00,1277.86
1762089730.1225648,0.50,1277.85
1762089731.1242957,1.00,1277.85
1762089732.1257763,0.00,1277.85
1762089733.1274903,0.50,1277.85
1762089734.129274,0.50,1277.83
1762089735.1308982,0.50,1277.83
1762089736.1325197,0.50,1277.83
1762089737.1341972,0.50,1277.82
1762089738.136113,0.00,1277.82
1762089739.137817,0.50,1277.82
1762089740.13939,0.50,1277.82
1762089741.1410635,0.50,1277.82
1762089742.142669,0.00,1277.82
1762089743.144398,1.00,1277.82
1762089744.1460462,0.00,1277.82
1762089745.1477609,1.50,1278.96
1762089746.1493561,1.80,1279.83
1762089747.1514618,0.60,1280.49
1762089748.1530168,1.20,1280.92
1762089749.1545267,0.60,1280.92
1762089750.1560135,1.20,1280.92
1762089751.1575234,0.00,1280.92
1762089752.159011,1.20,1280.92
1762089753.1605198,1.20,1280.92
1762089754.1619673,0.60,1280.91
1762089755.1638117,1.80,1281.16
1762089756.1654277,11.00,1282.39
1762089757.1669674,1.20,1286.31
1762089758.1685274,0.60,1290.89
1762089759.1701148,1.20,1295.71
1762089760.171929,1.20,1300.08
1762089761.1735237,3.60,1305.37
1762089762.1751242,0.60,1307.99
1762089763.177016,1.20,1308.09
1762089764.178565,1.20,1308.27
1762089765.1803133,1.20,1308.18
1762089766.1818383,8.30,1308.18
1762089767.1835518,1.80,1308.03
1762089768.1850107,0.60,1308.17
1762089769.1864939,0.00,1307.92
1762089770.1880867,1.80,1307.59
1762089771.189668,1.20,1308.08
1762089772.1912653,0.00,1307.52
1762089773.1929154,1.20,1307.88
1762089774.1944013,0.60,1308.04
1762089775.1958544,1.20,1307.30
1762089776.1976368,0.50,1277.68
1762089777.1994267,1.50,1277.68
1762089778.2011044,0.00,1277.68
1762089779.2030277,0.50,1277.91
1762089780.2048042,1.50,1277.91
1762089781.2064326,0.00,1277.91
1762089782.207929,0.50,1277.91
1762089783.2099423,0.50,1277.91
1762089784.2115602,0.00,1277.91
1762089785.2131197,0.00,1277.91
1762089786.2148223,1.00,1277.91
1762089787.2164798,0.00,1277.91
1762089788.218047,0.00,1277.91
1762089789.2198584,1.00,1277.91
1762089790.222595,0.50,1277.90
1762089791.2241175,1.00,1277.90
1762089792.2258651,0.00,1277.90
1762089793.2274976,0.00,1277.90
1762089794.2292254,0.00,1277.89
1762089795.2308495,4.00,1277.89
1762089796.232447,48.20,1312.80
1762089797.2340078,51.00,1298.16
1762089798.2357657,8.50,1294.34
1762089799.2372897,0.50,1294.34
1762089800.238856,0.50,1294.34
1762089801.2405117,0.50,1294.34
1762089802.2420218,0.50,1294.34
1762089803.243545,0.00,1294.34
1762089804.2452447,0.00,1294.34
1762089805.247676,0.50,1294.34
1762089806.2494805,1.50,1293.02
1762089807.2501333,0.50,1293.02
1762089808.251877,0.50,1293.02
1762089809.2538366,0.00,1293.02
1762089810.2555568,0.50,1293.01
1762089811.2572298,0.50,1293.25
1762089812.2588987,0.50,1293.25
1762089813.2605896,0.00,1293.25
1762089814.262308,0.50,1293.25
1762089815.264048,0.50,1293.25
1762089816.2657545,0.00,1293.25
1762089817.2674687,0.00,1293.25
1762089818.2690825,0.50,1293.25
1762089819.270766,0.50,1293.25
1762089820.2724996,0.00,1293.25
1762089821.2743587,0.50,1293.25
1762089822.2760687,7.50,1292.56
1762089823.2776635,0.00,1292.56
1762089824.2783687,0.50,1292.56
1762089825.279318,0.00,1292.54
1762089826.2813787,0.50,1292.54
1762089827.2830274,0.50,1292.54
1762089828.284662,0.50,1292.54
1762089829.2862153,0.00,1292.54
1762089830.2868536,0.50,1292.54
1762089831.288533,0.50,1292.54
1762089832.290263,0.50,1292.54
1762089833.29234,0.00,1292.54
1762089834.2945127,6.50,1296.23
1762089835.2962608,31.50,1338.88
1762089836.2980855,0.50,1338.78
1762089837.299786,1.00,1338.79
1762089838.3016875,1.50,1338.79
1762089839.3034983,1.00,1333.68
1762089840.3073118,25.80,1333.38
1762089841.3090146,52.00,1333.38
1762089842.3106525,10.10,1333.34
1762089843.3126438,0.50,1333.34
1762089844.313944,0.00,1333.34
1762089845.3155575,0.00,1333.34
1762089846.3171148,1.00,1333.31
1762089847.3188007,3.50,1333.02
1762089848.3205824,0.00,1333.02
1762089849.3222406,1.00,1333.02
1762089850.323749,0.50,1333.00
1762089851.325579,0.00,1333.00
1762089852.327223,1.50,1333.00
1762089853.3287601,0.50,1333.00
1762089854.330443,0.50,1333.00
1762089855.3322368,0.00,1333.00
1762089856.3337588,0.50,1333.00
1762089857.3353875,0.00,1333.00
1762089858.3368368,0.50,1333.00
1762089859.3384593,0.50,1332.98
1762089860.3400013,0.00,1332.98
1762089861.3419216,0.00,1332.98
1762089862.343737,0.00,1332.98
1762089863.3456545,1.00,1332.98
1762089864.3474898,0.00,1332.98
1762089865.349416,0.00,1332.98
1762089866.351384,0.50,1332.98
1762089867.353301,0.00,1332.98
1762089868.3550868,0.50,1332.98
1762089869.3569586,0.00,1332.98
1762089870.3585885,0.00,1332.98
1762089871.360391,1.00,1332.97
1762089872.362332,0.00,1332.97
1762089873.3639326,0.50,1332.97
1762089874.3659291,1.00,1332.97
1762089875.3677511,0.00,1332.97
1762089876.3693068,0.00,1332.97
1762089877.3708615,0.00,1332.97
1762089878.3726418,0.50,1332.96
1762089879.3743026,0.00,1332.96
1762089880.375839,1.10,1333.77
1762089881.3774495,0.60,1334.65
1762089882.3792877,0.00,1335.09
1762089883.3812842,11.30,1334.07
1762089884.383112,9.80,1334.05
1762089885.3848803,0.60,1334.05
1762089886.3867111,2.40,1336.40
1762089887.387894,1.80,1341.00
1762089888.3896558,0.00,1345.59
1762089889.3913965,0.60,1346.59
1762089890.3929234,1.20,1346.46
1762089891.3946064,0.60,1346.50
1762089892.3966823,0.60,1346.36
1762089893.3982453,0.00,1346.27
1762089894.399745,1.20,1346.09
1762089895.4012063,0.60,1346.44
1762089896.402847,0.00,1346.54
1762089897.404392,1.20,1346.17
1762089898.4061205,1.20,1346.23
1762089899.4076436,1.20,1346.35
1762089900.4091268,0.60,1346.37
1762089901.410671,2.40,1346.22
1762089902.4120898,0.60,1346.81
1762089903.4137118,0.60,1346.41
1762089904.4156592,1.30,1346.50
1762089905.417674,0.60,1346.34
1762089906.419368,0.60,1346.02
1762089907.4210024,0.60,1346.11
1762089908.4224932,0.00,1346.23
1762089909.4239452,1.80,1346.04
1762089910.4254878,2.30,1310.47
1762089911.4270654,0.50,1310.46
1762089912.4287117,0.00,1310.46
1762089913.4303904,0.00,1310.71
1762089914.4319453,0.50,1310.70
1762089915.4336066,0.00,1310.70
1762089916.435343,0.50,1310.70
1762089917.4368896,0.00,1310.70
1762089918.4385922,1.00,1310.70
1762089919.4401035,0.00,1310.70
1762089920.4418917,0.50,1310.70
1762089921.4439344,0.00,1310.70
1762089922.4455698,0.50,1310.70
1762089923.4473372,0.50,1310.70
1762089924.4492614,0.00,1310.70
1762089925.4508357,0.00,1310.70
1762089926.4524515,1.00,1310.70
1762089927.4540265,0.00,1310.70
1762089928.4556673,0.00,1310.70
1762089929.4573407,0.50,1310.70
1762089930.4589763,0.00,1310.70
1762089931.4604876,0.50,1310.68
1762089932.4621053,0.50,1310.68
1762089933.4636385,0.00,1310.68
1762089934.4653366,0.50,1310.68
1762089935.4668977,1.00,1310.84
1762089936.4685316,0.00,1310.92
1762089937.4700735,1.00,1310.92
1762089938.4716666,0.00,1310.92
1762089939.473409,0.50,1310.92
1762089940.4750214,0.00,1310.92
1762089941.476843,0.00,1310.92
1762089942.4785569,0.50,1310.92
1762089943.4800465,5.00,1310.92
1762089944.4817538,0.50,1310.92
1762089945.483421,0.00,1310.92
1762089946.4850903,0.00,1310.90
1762089947.486747,0.50,1310.90
1762089948.4884636,0.00,1310.90
1762089949.490086,0.00,1310.90
1762089950.4918349,0.50,1310.90
1762089951.4936962,0.50,1310.90
1762089952.4953246,0.50,1310.90
1762089953.4969306,1.00,1310.90
1762089954.4985003,1.50,1310.89
1762089955.5002208,0.50,1310.89
1762089956.5018816,2.50,1310.89
1762089957.5035515,1.00,1310.88
1762089958.505976,1.00,1310.88
1762089959.5076666,0.00,1310.88
1762089960.5093794,2.00,1310.82
1762089961.5105217,7.00,1311.79
1762089962.512089,0.50,1311.77
1762089963.513792,0.50,1311.77
1762089964.5153966,4.00,1312.00
1762089965.517287,0.50,1311.99
1762089966.5187676,0.50,1311.99
1762089967.5203924,0.00,1311.99
1762089968.5219731,0.00,1311.99
1762089969.5234957,1.00,1311.99
1762089970.525237,1.00,1311.99
1762089971.526767,0.00,1311.99
1762089972.528871,0.00,1311.99
1762089973.5296226,0.50,1311.99
1762089974.531679,0.50,1311.96
1762089975.5336363,0.00,1311.96
1762089976.5351717,0.00,1311.96
1762089977.5367177,0.50,1311.96
1762089978.5384486,0.00,1311.96
1762089979.5399878,0.00,1311.95
1762089980.5415745,1.00,1311.95
1762089981.5431995,0.00,1311.95
1762089982.545517,0.00,1311.95
1762089983.5471103,0.50,1311.95
1762089984.5486991,0.50,1311.94
1762089985.550357,0.00,1311.94
1762089986.5520964,0.00,1311.94
1762089987.5537927,0.50,1311.94
1762089988.5553865,0.50,1311.94
1762089989.5566397,0.00,1311.93
1762089990.5583098,0.00,1311.93
1762089991.5602703,1.00,1311.93
1762089992.5620856,0.00,1311.93
1762089993.5635865,0.00,1311.93
1762089994.5652368,0.50,1311.92
1762089995.56696,0.00,1311.92
1762089996.568544,8.00,1311.91
1762089997.5700624,0.00,1311.91
1762089998.5718176,1.00,1311.91
1762089999.573492,0.00,1311.91
1762090000.5751204,0.00,1311.91
1762090001.5769522,0.50,1311.91
1762090002.5784764,0.50,1311.91
1762090003.5801253,4.50,1311.91
1762090004.5819929,0.00,1311.91
1762090005.5835006,1.00,1311.91
1762090006.5849712,0.50,1311.91
1762090007.586724,0.50,1311.91
1762090008.5883777,0.00,1311.91
1762090009.5900514,0.50,1311.91
1762090010.5917404,0.50,1311.89
1762090011.5929792,0.00,1311.89
1762090012.5945134,0.00,1311.89
1762090013.596517,0.50,1311.89
1762090014.5979753,1.00,1312.82
1762090015.59942,0.60,1317.60
1762090016.6009364,1.20,1323.07
1762090017.6024797,0.60,1328.34
1762090018.6040466,1.80,1333.15
1762090019.6056561,0.00,1337.52
1762090020.607096,1.20,1341.87
1762090021.609057,1.80,1341.22
1762090022.6105876,0.60,1341.73
1762090023.612042,0.60,1341.45
1762090024.6135235,0.60,1341.67
1762090025.6149497,0.60,1341.30
1762090026.616425,0.00,1341.66
1762090027.6179059,1.80,1341.46
1762090028.619466,1.20,1341.77
1762090029.621003,0.00,1341.23
1762090030.6224568,1.80,1341.69
1762090031.6240041,0.00,1341.41
1762090032.6254635,2.40,1341.66
1762090033.6269898,0.00,1341.32
1762090034.6287537,1.20,1341.57
1762090035.6303487,0.60,1341.50
1762090036.6318398,0.60,1341.75
1762090037.633732,0.60,1341.22
1762090038.6352253,0.00,1341.69
1762090039.636815,1.20,1341.09
1762090040.6384916,0.60,1341.45
1762090041.6399882,0.00,1341.57
1762090042.6415672,1.20,1341.78
1762090043.6430879,8.00,1341.66
1762090044.644686,0.60,1341.38
1762090045.6463554,1.10,1305.72
1762090046.6481266,0.00,1305.72
1762090047.6497877,0.50,1305.72
1762090048.6516342,0.50,1305.96
1762090049.6532936,0.50,1305.96
1762090050.6549854,0.00,1305.96
1762090051.6568303,0.50,1305.96
1762090052.6585596,0.00,1305.96
1762090053.660519,0.50,1305.96
1762090054.6630626,0.00,1305.96
1762090055.6650708,0.50,1305.96
1762090056.6669254,0.50,1305.96
1762090057.6685722,0.00,1305.96
1762090058.6701117,1.00,1305.96
1762090059.6717858,4.50,1306.21
1762090060.673548,3.00,1306.41
1762090061.6753838,0.50,1306.41
1762090062.677451,0.00,1306.38
1762090063.6790543,5.00,1306.38
1762090064.6809292,0.00,1306.38
1762090065.6827083,2.00,1306.24
1762090066.6844418,0.50,1306.16
1762090067.6859636,0.50,1306.16
1762090068.687619,0.00,1306.16
1762090069.689356,19.30,1306.11
1762090070.690977,1.00,1306.11
1762090071.692636,2.00,1306.09
1762090072.6943245,0.00,1306.09
1762090073.696015,0.50,1306.09
1762090074.6976547,0.50,1306.09
1762090075.6993315,0.50,1306.09
1762090076.700947,0.00,1306.09
1762090077.702703,0.50,1306.09
1762090078.7045038,0.50,1306.09
1762090079.7056234,0.50,1306.09
1762090080.7067513,0.50,1306.09
1762090081.708519,1.00,1306.09
1762090082.710213,0.50,1306.09
1762090083.7118464,0.00,1306.09
1762090084.71351,0.00,1306.08
1762090085.715087,0.00,1306.08
1762090086.717904,0.50,1306.08
1762090087.719687,0.00,1306.08
1762090088.7214031,0.50,1306.08
1762090089.722987,0.50,1306.07
1762090090.7245033,1.00,1306.07
1762090091.726214,0.00,1306.07
1762090092.7281113,0.00,1306.07
1762090093.7297752,0.50,1306.07
1762090094.73137,0.50,1306.07
1762090095.7332435,0.00,1306.07
1762090096.7347722,0.50,1306.06
1762090097.7363794,0.00,1306.06
1762090098.7382576,0.00,1306.06
1762090099.7398565,0.50,1306.06
1762090100.741493,0.00,1306.06
1762090101.7435093,0.50,1306.06
1762090102.745268,0.00,1306.05
1762090103.746922,0.50,1306.05
1762090104.7485723,0.50,1306.05
1762090105.75054,0.00,1306.05
1762090106.752221,0.50,1306.05
1762090107.7538052,0.50,1306.05
1762090108.755465,3.00,1306.04
1762090109.757227,3.00,1306.04
1762090110.758847,17.30,1306.29
1762090111.7604294,35.10,1319.19
1762090112.7619529,7.10,1319.93
1762090113.7639236,13.10,1320.16
1762090114.7656143,8.10,1320.39
1762090115.7673137,1.00,1320.39
1762090116.7688904,1.00,1320.39
1762090117.7704992,0.50,1320.39
1762090118.7722647,0.00,1320.39
1762090119.7738752,0.50,1320.39
1762090120.7755694,1.60,1320.39
1762090121.77721,2.60,1320.39
1762090122.7779675,0.50,1320.37
1762090123.779553,1.00,1320.29
1762090124.7813172,0.50,1320.29
1762090125.782861,1.00,1320.29
1762090126.7844646,0.50,1320.29
1762090127.785967,1.00,1320.29
1762090128.7880847,0.50,1320.28
1762090129.7897868,0.00,1320.28
1762090130.79144,1.50,1320.28
1762090131.7926958,1.00,1320.22
1762090132.7944822,0.00,1320.22
1762090133.7962708,4.50,1320.22
1762090134.7978842,1.00,1320.20
1762090135.7997918,0.50,1320.20
1762090136.8016224,0.50,1320.18
1762090137.8032653,0.00,1320.18
1762090138.8046086,3.50,1320.18
1762090139.8065155,0.00,1320.18
1762090140.8082068,1.00,1320.18
1762090141.8097172,1.50,1320.18
1762090142.81155,0.50,1320.18
1762090143.813074,0.50,1320.16
1762090144.81471,1.00,1320.16
1762090145.8166006,0.50,1320.16
1762090146.8182657,1.00,1320.16
1762090147.8199623,0.00,1320.16
1762090148.8216548,0.50,1320.16
1762090149.8225784,1.60,1320.54
1762090150.8236446,1.80,1321.18
1762090151.8247664,0.00,1321.60
1762090152.827641,1.80,1321.60
1762090153.828694,0.00,1321.60
1762090154.8295584,1.20,1321.60
1762090155.830818,1.20,1321.60
1762090156.832015,0.60,1321.60
1762090157.8332186,0.60,1321.60
1762090158.8339179,1.20,1321.60
1762090159.8350463,0.00,1321.59
1762090160.8358524,1.80,1321.59
1762090161.8367417,0.00,1321.59
1762090162.8375869,1.20,1321.59
1762090163.840301,0.60,1321.59
1762090164.8418713,0.60,1321.59
1762090165.8426726,1.20,1321.59
1762090166.8437893,0.00,1321.59
1762090167.8447661,0.60,1321.59
1762090168.8460078,0.60,1321.59
1762090169.8469317,0.60,1321.59
1762090170.8518448,2.00,1325.30
1762090171.853732,0.00,1330.10
1762090172.8550172,1.20,1334.48
1762090173.8565736,1.20,1339.07
1762090174.8582137,0.60,1335.14
1762090175.8600295,0.60,1325.77
1762090176.8612258,1.20,1331.25
1762090177.8620567,0.00,1336.30
1762090178.8632388,1.20,1341.78
1762090179.864204,0.00,1320.35
1762090180.8658543,2.30,1311.33
1762090181.867578,0.50,1311.33
1762090182.869417,0.50,1311.33
1762090183.8713164,1.00,1311.33
1762090184.8728743,0.50,1311.32
1762090185.8744564,0.50,1311.32
1762090186.8762896,0.50,1311.32
1762090187.877883,0.00,1311.32
1762090188.879624,0.50,1311.32
1762090189.8814416,0.50,1311.32
1762090190.8830538,0.50,1311.32
1762090191.8849149,0.50,1311.32
1762090192.8865361,0.50,1311.32
1762090193.8880398,0.50,1311.32
1762090194.8897,0.50,1311.32
1762090195.8914585,4.50,1311.31
1762090196.8929062,1.00,1311.31
1762090197.8946843,0.00,1311.31
1762090198.8956316,0.00,1311.31
1762090199.8970845,0.50,1311.31
1762090200.897631,1.00,1311.31
1762090201.899261,3.50,1305.86
1762090202.900832,1.50,1306.11
1762090203.9024355,0.50,1306.10
1762090204.9039826,0.00,1306.10
1762090205.905524,1.00,1306.10
1762090206.907111,0.50,1306.34
1762090207.9087853,0.50,1306.34
1762090208.9104571,0.00,1306.34
1762090209.912478,0.50,1306.34
1762090210.9143283,1.50,1306.34
1762090211.9160707,0.00,1306.34
1762090212.917809,0.50,1306.33
1762090213.919517,0.00,1306.33
1762090214.9213216,1.00,1306.33
1762090215.9230204,0.50,1306.33
1762090216.9247549,0.50,1306.33
1762090217.9265385,0.50,1306.33
1762090218.9282386,0.00,1306.33
1762090219.9298167,0.50,1306.33
1762090220.9315531,0.50,1306.33
1762090221.933311,0.00,1306.33
1762090222.9349751,0.50,1306.33
1762090223.9365659,0.00,1306.33
1762090224.9383538,2.00,1306.32
1762090225.940223,0.50,1306.32
1762090226.9419246,0.50,1306.31
1762090227.943687,0.00,1306.31
1762090228.945479,0.50,1306.31
1762090229.9472797,0.00,1306.31
1762090230.9489427,0.50,1306.28
1762090231.9507084,0.50,1306.28
1762090232.9525604,0.50,1306.28
1762090233.9543593,0.00,1306.28
1762090234.955842,0.00,1306.28
1762090235.9567528,0.00,1306.28
1762090236.9583967,0.50,1306.28
1762090237.9602702,0.50,1306.28
1762090238.9619262,0.50,1306.28
1762090239.9635365,0.00,1306.28
1762090240.9655998,0.00,1306.28
1762090241.9672832,0.00,1306.28
1762090242.9690514,0.50,1306.27
1762090243.970819,0.00,1306.27
1762090244.9724338,0.50,1306.27
1762090245.9743822,0.00,1306.27
1762090246.9759755,0.50,1306.27
1762090247.977827,1.50,1306.27
1762090248.979621,0.00,1306.25
1762090249.9815178,0.50,1306.50
1762090250.9834273,0.00,1306.50
1762090251.9851072,1.00,1306.50
1762090252.9870207,0.50,1306.50
1762090253.988774,0.00,1306.48
1762090254.9910986,0.00,1306.48
1762090255.9928343,0.50,1306.48
1762090256.9936428,0.00,1306.48
1762090257.9954567,5.00,1306.47
1762090258.9975495,0.50,1306.47
1762090259.9991097,0.50,1306.47
1762090261.0010285,3.00,1307.21
1762090262.0037425,1.50,1307.39
1762090263.0055928,1.00,1307.39
1762090264.0074,1.00,1307.39
1762090265.0093277,0.00,1307.39
1762090266.0109751,0.50,1307.39
1762090267.0127985,0.50,1307.39
1762090268.0145292,0.00,1307.39
1762090269.0162623,0.50,1307.39
1762090270.017847,1.00,1307.39
1762090271.0194297,0.50,1307.39
1762090272.021304,0.00,1307.39
1762090273.0232198,0.50,1307.39
1762090274.0248184,0.00,1307.37
1762090275.0266674,0.50,1307.37
1762090276.028445,0.50,1307.37
1762090277.0303442,0.00,1307.37
1762090278.03187,0.50,1307.37
1762090279.0334992,2.50,1307.83
1762090280.0350537,3.00,1307.83
1762090281.036993,0.50,1307.83
1762090282.038654,0.00,1307.83
1762090283.0406363,0.50,1307.83
1762090284.0424154,0.00,1307.83
1762090285.0434635,1.00,1309.59
1762090286.0448563,1.20,1315.28
1762090287.0456,0.00,1320.09
1762090288.0464365,6.60,1325.14
1762090289.0473244,36.50,1324.23
1762090290.048011,0.60,1324.46
1762090291.049514,1.20,1324.44
1762090292.0506816,0.60,1324.44
1762090293.0525866,1.20,1324.43
1762090294.0537076,0.60,1324.43
1762090295.054518,1.20,1324.65
1762090296.0556352,0.60,1329.46
1762090297.0567217,0.60,1333.84
1762090298.0577142,3.60,1337.27
1762090299.058662,1.20,1337.08
1762090300.0597634,0.00,1337.14
1762090301.0608315,1.20,1337.07
1762090302.062368,0.60,1337.07
1762090303.0633943,0.00,1336.78
1762090304.0645368,1.20,1337.03
1762090305.0661073,0.00,1336.94
1762090306.0669687,0.60,1336.78
1762090307.0676723,0.00,1337.12
1762090308.0686548,0.60,1336.77
1762090309.069537,1.20,1336.80
1762090310.0704665,0.00,1336.89
1762090311.07165,0.60,1336.95
1762090312.0738018,1.20,1336.82
1762090313.0749032,0.00,1336.91
1762090314.075805,1.20,1336.75
1762090315.0773983,1.20,1336.84
1762090316.0794725,1.60,1307.38
1762090317.0812442,0.50,1307.38
1762090318.0827365,5.00,1307.38
1762090319.0843804,0.50,1307.62
1762090320.08604,0.50,1307.62
1762090321.0877087,0.00,1307.62
1762090322.089336,0.50,1307.62
1762090323.0909722,1.50,1307.62
1762090324.09282,0.50,1307.62
1762090325.094555,0.00,1307.62
1762090326.0963082,1.50,1307.62
1762090327.0981054,0.50,1307.62
1762090328.0998235,0.50,1307.62
1762090329.1014805,0.50,1307.62
1762090330.1032174,0.50,1307.60
1762090331.1050422,0.50,1307.60
1762090332.1069589,0.50,1307.60
1762090333.108802,0.00,1307.60
1762090334.1104991,0.50,1307.60
1762090335.112354,2.00,1307.84
1762090336.114395,0.00,1307.84
1762090337.1160417,0.00,1307.84
1762090338.1176815,1.00,1307.84
1762090339.1194313,0.00,1307.84
1762090340.1210825,1.00,1307.82
1762090341.123124,0.50,1307.82
1762090342.1248572,0.00,1307.82
1762090343.1264908,1.00,1307.82
1762090344.128056,0.00,1307.82
1762090345.129919,0.50,1307.82
1762090346.1315148,0.00,1307.82
1762090347.133284,1.00,1307.82
1762090348.13495,0.00,1307.82
1762090349.1366262,0.50,1307.82
1762090350.1373243,0.00,1307.82
1762090351.1389844,1.00,1307.82
1762090352.1407342,0.00,1307.82
1762090353.1424103,0.50,1307.82
1762090354.143981,1.00,1307.82
1762090355.1456,0.00,1307.82
1762090356.1496923,0.50,1307.82
1762090357.151329,0.50,1307.82
1762090358.1594834,0.50,1307.82
1762090359.1612203,0.00,1307.82
1762090360.1627398,0.00,1307.82
1762090361.1644495,0.50,1307.82
1762090362.166374,3.00,1308.29
1762090363.1679585,0.00,1308.28
1762090364.169754,0.50,1308.28
1762090365.1715832,0.50,1308.28
1762090366.173498,0.50,1308.28
1762090367.175403,3.00,1308.71
1762090368.176961,1.50,1308.71
1762090369.1780672,0.00,1308.67
1762090370.1799762,0.50,1308.66
1762090371.181619,1.50,1308.66
1762090372.183279,2.00,1308.87
1762090373.1850665,0.50,1308.87
1762090374.1866426,0.00,1308.87
1762090375.1887414,1.00,1308.87
1762090376.190788,0.00,1308.87
1762090377.1925416,1.00,1308.87
1762090378.194093,0.00,1308.87
1762090379.1959796,0.00,1308.87
1762090380.1976194,5.50,1308.87
1762090381.1993518,0.00,1308.87
1762090382.2010174,0.50,1308.86
1762090383.2025003,1.50,1308.85
1762090384.2040272,0.00,1308.85
1762090385.2055354,0.50,1308.85
1762090386.2070951,0.00,1308.85
1762090387.2088413,0.50,1308.85
1762090388.2100184,0.00,1308.85
1762090389.211575,0.50,1308.85
1762090390.2133238,0.50,1308.84
1762090391.215396,0.00,1308.84
1762090392.2171264,0.50,1308.84
1762090393.2187667,0.00,1308.84
1762090394.2226422,0.50,1308.82
1762090395.2241223,0.50,1308.82
1762090396.2258115,0.50,1308.82
1762090397.2277875,0.00,1308.82
1762090398.2295625,0.50,1308.82
1762090399.2314079,0.50,1308.82
1762090400.2330892,0.50,1308.82
1762090401.234759,0.00,1308.82
1762090402.236698,0.00,1308.81
1762090403.238288,0.00,1308.81
1762090404.2396336,0.50,1308.81
1762090405.241311,0.00,1308.81
1762090406.242944,0.50,1308.81
1762090407.244655,0.50,1308.80
1762090408.2461205,0.00,1308.80
1762090409.24778,0.50,1308.80
1762090410.2494323,0.50,1308.80
1762090411.2512937,0.00,1308.80
1762090412.2529783,0.50,1308.79
1762090413.2547038,0.00,1308.79
1762090414.2565155,0.00,1308.79
1762090415.2580893,1.00,1308.79
1762090416.259941,0.00,1308.79
1762090417.261561,0.00,1308.79
1762090418.2632523,0.00,1308.79
1762090419.2650452,0.00,1308.79
1762090420.266033,1.60,1312.99
1762090421.267122,1.80,1318.02
1762090422.2682264,0.60,1322.83
1762090423.2692008,0.60,1327.66
1762090424.2709537,0.60,1332.25
1762090425.2734241,0.60,1336.63
1762090426.2746801,1.20,1337.47
1762090427.275457,0.00,1337.57
1762090428.2766716,1.20,1337.40
1762090429.277602,0.60,1337.28
1762090430.278665,0.60,1337.56
1762090431.2803037,0.60,1337.50
1762090432.2820203,1.80,1337.31
1762090433.2836046,1.80,1337.40
1762090434.2851346,0.00,1337.24
1762090435.2866886,1.20,1337.33
1762090436.2882571,1.80,1337.17
1762090437.2897863,0.00,1337.28
1762090438.2913249,0.60,1337.65
1762090439.2930343,0.60,1337.48
1762090440.2946215,6.50,1337.73
1762090441.2962189,0.00,1337.42
1762090442.2977898,1.20,1337.29
1762090443.2997775,5.30,1337.41
1762090444.301294,0.60,1337.34
1762090445.302779,0.60,1337.34
1762090446.3044803,0.60,1337.33
1762090447.306038,0.60,1337.33
1762090448.3076344,1.20,1337.32
1762090449.309355,0.00,1337.32
1762090450.310878,2.90,1309.58
1762090451.3125398,1.00,1309.58
1762090452.3142111,0.00,1309.58
1762090453.315652,1.00,1310.06
1762090454.3173409,1.00,1310.06
1762090455.3197966,0.50,1310.06
1762090456.3214486,0.50,1310.06
1762090457.3233292,0.50,1310.06
1762090458.325299,0.50,1310.06
1762090459.3269079,1.00,1310.06
1762090460.3286638,0.00,1310.06
1762090461.330408,0.50,1310.06
1762090462.3320498,0.50,1310.05
1762090463.3336236,0.50,1310.05
1762090464.3355038,1.00,1310.05
1762090465.3370612,0.50,1310.05
1762090466.3394709,0.00,1310.05
1762090467.341408,0.00,1310.05
1762090468.3435526,0.50,1310.05
1762090469.3455596,0.50,1310.05
1762090470.3473442,1.00,1310.05
1762090471.349093,1.00,1310.05
1762090472.350872,0.00,1310.05
1762090473.352588,0.50,1310.04
1762090474.354419,0.00,1310.04
1762090475.3559992,1.00,1310.04
1762090476.3575473,0.50,1310.04
1762090477.359357,0.00,1310.03
1762090478.3611228,0.50,1310.03
1762090479.3633163,0.50,1310.03
1762090480.365037,0.50,1310.03
1762090481.3666573,0.50,1310.03
1762090482.368456,0.50,1310.03
1762090483.3702393,0.50,1310.03
1762090484.3718374,0.50,1310.03
1762090485.3735852,0.00,1310.02
1762090486.3752396,0.50,1310.02
1762090487.3768969,1.00,1310.19
1762090488.3788059,1.50,1310.26
1762090489.380576,1.00,1310.51
1762090490.3825154,0.50,1310.51
1762090491.3842714,0.50,1310.50
1762090492.3859565,1.50,1310.50
1762090493.3887966,0.00,1310.50
1762090494.390432,1.00,1310.50
1762090495.3924813,1.00,1310.50
1762090496.3945582,0.00,1310.50
1762090497.3964562,0.50,1310.49
1762090498.3982997,0.50,1310.49
1762090499.4009888,2.00,1310.49
1762090500.4026453,5.00,1310.49
1762090501.4044154,0.00,1310.49
1762090502.406004,1.00,1310.45
1762090503.4076757,1.00,1310.45
1762090504.4084136,0.50,1310.45
1762090505.4100075,0.00,1310.45
1762090506.4116821,0.50,1310.45
1762090507.4134037,0.00,1310.45
1762090508.4150054,0.00,1310.45
1762090509.41666,0.50,1310.44
1762090510.419045,1.00,1310.44
1762090511.420637,1.00,1310.44
1762090512.421504,0.50,1310.44
1762090513.4230213,1.00,1310.43
1762090514.4245224,0.00,1310.43
1762090515.4260545,0.00,1310.43
1762090516.4278958,0.00,1310.43
1762090517.4295971,0.50,1310.43
1762090518.4312618,0.00,1310.43
1762090519.4329321,0.50,1310.43
1762090520.4345195,0.00,1310.43
1762090521.4360805,0.50,1310.42
1762090522.4378526,0.00,1310.41
1762090523.4393973,0.00,1310.41
1762090524.4413223,1.00,1310.41
1762090525.443454,0.00,1310.41
1762090526.4454184,0.00,1310.41
1762090527.446946,0.50,1310.40
1762090528.4486368,0.50,1310.40
1762090529.450252,0.00,1310.40
1762090530.4520557,0.50,1310.40
1762090531.4538915,0.50,1310.40
1762090532.456396,0.00,1310.40
1762090533.4576476,0.00,1310.39
1762090534.4593813,2.00,1310.39
1762090535.4608965,0.50,1310.39
1762090536.4624834,0.50,1310.39
1762090537.464239,0.50,1310.37
1762090538.465771,0.00,1310.37
1762090539.4673338,0.00,1310.36
1762090540.4689324,0.00,1310.36
1762090541.4708724,0.50,1310.36
1762090542.4725857,0.50,1310.36
1762090543.4741359,0.00,1310.36
1762090544.4757278,1.00,1310.36
1762090545.477129,0.00,1310.36
1762090546.4787805,0.50,1310.35
1762090547.4805322,0.00,1310.35
1762090548.482379,0.00,1310.35
1762090549.4834428,1.00,1310.34
1762090550.4850924,0.00,1310.34
1762090551.4869742,0.00,1310.34
1762090552.4893417,1.00,1310.34
1762090553.4910254,0.50,1310.34
1762090554.4930089,0.00,1310.34
1762090555.4947166,3.60,1316.73
1762090556.4964113,1.20,1321.76
1762090557.4982195,0.60,1326.79
1762090558.499897,0.60,1331.40
1762090559.501865,2.40,1336.43
1762090560.5034435,1.20,1337.84
1762090561.50494,18.20,1337.93
1762090562.5064511,7.10,1338.28
1762090563.5078907,3.70,1338.36
1762090564.50935,3.00,1338.39
1762090565.510768,5.00,1337.88
1762090566.512286,5.90,1337.88
1762090567.5137513,0.60,1338.57
1762090568.5152776,1.20,1338.25
1762090569.5167248,0.00,1338.28
1762090570.5183828,1.20,1338.15
1762090571.5198216,3.60,1338.20
1762090572.5213234,0.00,1338.06
1762090573.5228276,0.60,1338.20
1762090574.5245771,1.20,1339.14
1762090575.5263865,1.20,1339.06
1762090576.5278373,0.00,1338.87
1762090577.5296044,1.20,1338.82
1762090578.5315623,0.60,1338.55
1762090579.5331175,1.20,1338.39
1762090580.5346415,1.20,1338.70
1762090581.536133,0.60,1338.57
1762090582.5377047,0.60,1338.59
1762090583.53929,0.60,1338.28
1762090584.5407798,0.60,1338.39
1762090585.542519,2.60,1310.43
1762090586.5450816,0.50,1310.43
1762090587.5466757,1.00,1310.43
1762090588.5483904,1.00,1310.43
1762090589.55013,0.00,1310.43
1762090590.551732,0.50,1310.43
1762090591.5536096,0.50,1310.43
1762090592.555551,0.50,1310.43
1762090593.5570827,0.50,1310.43
1762090594.5589597,0.00,1310.43
1762090595.5607598,0.50,1310.42
1762090596.5624235,1.00,1310.42
1762090597.5640755,0.00,1310.42
1762090598.5657592,0.50,1310.42
1762090599.5675359,0.50,1310.42
1762090600.5692503,0.50,1310.41
1762090601.5712683,0.50,1310.41
1762090602.5730255,0.50,1310.41
1762090603.57497,0.50,1310.41
1762090604.5765762,0.50,1310.41
1762090605.57836,0.50,1310.41
1762090606.5804205,0.50,1310.41
1762090607.5819368,0.00,1310.41
1762090608.5942962,1.00,1310.41
1762090609.5959516,1.50,1310.64
1762090610.5969675,1.80,1310.62
1762090611.5984674,0.50,1310.62
1762090612.6002102,3.30,1310.62
1762090613.6017773,0.50,1310.62
1762090614.6034229,1.00,1310.62
1762090615.6053164,1.00,1310.62
1762090616.6072671,0.00,1310.61
1762090617.60884,0.50,1310.61
1762090618.6105506,0.50,1310.61
1762090619.6123137,0.00,1310.61
1762090620.6139445,1.50,1310.59
1762090621.615533,5.30,1310.59
1762090622.6172788,0.50,1310.59
1762090623.618833,1.50,1310.58
1762090624.6205153,1.60,1310.58
1762090625.6220384,0.00,1310.58
1762090626.6235926,1.00,1310.58
1762090627.625295,0.00,1310.58
1762090628.6269248,0.00,1310.58
1762090629.6287572,0.50,1310.58
1762090630.6306007,1.00,1310.58
1762090631.6323915,1.50,1310.58
1762090632.6333156,1.00,1310.58
1762090633.634835,0.50,1310.58
1762090634.6355884,0.50,1310.58
1762090635.6370988,1.00,1310.55
1762090636.63877,50.30,1310.79
1762090637.6403368,0.50,1310.79
1762090638.6417937,0.00,1310.79
1762090639.6436913,0.50,1310.79
1762090640.645599,0.50,1310.79
1762090641.6474926,0.50,1310.79
1762090642.6497014,0.50,1310.79
1762090643.6517887,0.00,1310.79
1762090644.6534953,1.00,1310.79
1762090645.6550136,0.00,1310.79
1762090646.6565056,0.50,1310.79
1762090647.6580951,0.00,1310.79
1762090648.659839,0.00,1310.79
1762090649.6614053,0.50,1310.79
1762090650.6629198,0.00,1310.79
1762090651.664519,1.10,1310.79
1762090652.6660707,0.00,1310.77
1762090653.6679382,0.00,1310.76
1762090654.6695323,0.50,1310.76
1762090655.6712453,0.50,1310.76
1762090656.672993,0.50,1310.76
1762090657.674917,0.00,1310.76
1762090658.6767142,0.00,1310.76
1762090659.6783729,1.00,1310.75
1762090660.6799874,0.00,1310.75
1762090661.6814868,0.00,1310.75
1762090662.6833513,0.50,1310.75
1762090663.684985,0.00,1310.75
1762090664.686544,0.50,1310.75
1762090665.6876738,20.80,1310.75
1762090666.6892812,7.50,1310.75
1762090667.690855,1.00,1310.73
1762090668.6926813,0.00,1310.73
1762090669.694345,1.00,1310.73
1762090670.6958463,0.00,1310.73
1762090671.697567,6.50,1310.98
1762090672.6991084,0.50,1310.87
1762090673.7012277,0.00,1310.87
1762090674.702845,0.50,1310.87
1762090675.704666,0.50,1310.87
1762090676.7058296,1.50,1310.79
1762090677.7076335,0.00,1310.70
1762090678.709482,0.00,1310.70
1762090679.7111025,1.00,1310.70
1762090680.712871,0.50,1310.70
1762090681.7145174,0.50,1310.70
1762090682.716228,4.50,1310.70
1762090683.7182658,1.00,1310.70
1762090684.719934,1.50,1310.69
1762090685.7215288,0.00,1310.69
1762090686.7233272,0.00,1310.69
1762090687.7249582,0.00,1310.69
1762090688.7267766,1.00,1310.68
1762090689.7285938,0.50,1310.68
1762090690.7303317,1.00,1310.68
1762090691.7318833,1.00,1310.68
1762090692.7335832,0.50,1310.68
1762090693.735863,0.00,1310.68
1762090694.7379005,0.50,1310.68
1762090695.7396426,0.50,1310.67
1762090696.7413943,0.00,1310.67
1762090697.7432425,0.00,1310.67
1762090698.7447863,0.00,1310.67
1762090699.7463531,1.00,1310.67
1762090700.747927,0.00,1310.67
1762090701.749545,0.00,1310.66
1762090702.7510638,1.00,1310.66
1762090703.752681,0.50,1310.66
1762090704.7543383,0.00,1310.66
1762090705.7559144,0.00,1310.66
1762090706.7577007,1.00,1310.66
1762090707.7593684,0.50,1310.66
1762090708.7609637,1.00,1310.66
1762090709.7625034,0.00,1310.66
1762090710.7639866,1.00,1310.66
1762090711.7655315,0.00,1310.66
1762090712.7670817,0.00,1310.66
1762090713.768847,1.00,1310.65
1762090714.770815,0.50,1310.65
1762090715.772957,0.00,1310.65
1762090716.774684,0.00,1310.65
1762090717.7764366,0.50,1310.65
1762090718.7780163,0.50,1310.65
1762090719.779553,0.00,1310.64
1762090720.781361,0.00,1310.64
1762090721.782972,0.50,1310.64
1762090722.7845826,0.50,1310.64
1762090723.786272,0.00,1310.64
1762090724.7880719,0.50,1310.64
1762090725.7897666,0.00,1310.64
1762090726.791884,0.00,1310.64
1762090727.7938309,0.50,1310.64
1762090728.7955093,2.00,1310.64
1762090729.7970486,0.50,1310.63
1762090730.7986434,0.00,1310.63
1762090731.8003054,0.00,1310.63
1762090732.8020031,1.50,1310.62
1762090733.8105898,0.50,1310.62
1762090734.812014,0.50,1310.62
1762090735.8136625,0.00,1310.61
1762090736.815371,5.10,1310.61
1762090737.817055,1.00,1310.58
1762090738.8188097,3.00,1310.58
1762090739.8205287,0.00,1310.58
1762090740.8224492,1.50,1310.56
1762090741.8240259,0.50,1310.56
1762090742.8257415,5.00,1310.56
1762090743.8274655,1.00,1310.55
1762090744.829014,0.00,1310.55
1762090745.8307304,1.50,1310.55
1762090746.8327699,0.00,1310.55
1762090747.8345332,0.50,1310.55
1762090748.8360555,0.50,1310.55
1762090749.8376548,0.00,1310.55
1762090750.8393185,0.50,1310.55
1762090751.8409061,1.00,1310.55
1762090752.8424563,1.00,1310.55
1762090753.8442152,0.00,1310.55
1762090754.8457303,0.00,1310.55
1762090755.8480115,1.00,1310.52
1762090756.8504267,0.50,1310.52
1762090757.852853,0.50,1310.52
1762090758.854643,0.50,1310.52
1762090759.8564174,0.00,1310.52
1762090760.8581166,0.00,1310.52
1762090761.860308,0.00,1310.52
1762090762.8618972,0.50,1310.52
1762090763.8635457,0.00,1310.52
1762090764.8652854,1.00,1310.52
1762090765.866869,0.00,1310.52
1762090766.868504,0.50,1310.52
1762090767.8703876,0.00,1310.51
1762090768.872017,0.50,1310.51
1762090769.8736734,0.50,1310.51
1762090770.8757257,0.00,1310.51
1762090771.8775468,0.50,1310.51
1762090772.8792598,0.00,1310.51
1762090773.8808355,0.50,1310.50
1762090774.8825052,0.50,1310.50
1762090775.8840678,0.50,1310.50
1762090776.8858733,0.50,1310.50
1762090777.887888,1.00,1310.74
1762090778.8895285,2.50,1310.74
1762090779.8918161,0.50,1310.72
1762090780.8934512,0.50,1310.72
1762090781.8950818,0.50,1310.72
1762090782.8967667,0.00,1310.72
1762090783.8975632,0.00,1310.71
1762090784.8992624,0.50,1310.71
1762090785.9007533,0.50,1310.71
1762090786.9024003,0.00,1310.71
1762090787.9039261,0.50,1310.71
1762090788.9056695,0.00,1310.71
1762090789.907491,0.50,1310.70
1762090790.9091206,0.50,1310.70
1762090791.9107294,0.00,1310.70
1762090792.9124513,1.50,1310.70
1762090793.9140985,0.00,1310.70
1762090794.915748,0.50,1310.70
1762090795.9175847,0.50,1310.70
1762090796.9195554,0.00,1310.70
1762090797.9213192,1.00,1310.70
1762090798.922844,0.00,1310.70
1762090799.924593,0.00,1310.70
1762090800.926291,1.00,1310.70
1762090801.927874,0.00,1310.70
1762090802.9295104,4.50,1310.70
1762090803.9312441,0.50,1310.70
1762090804.9337654,0.00,1310.70
1762090805.9356456,1.50,1310.70
1762090806.9373915,1.00,1310.68
1762090807.9392486,0.00,1310.68
1762090808.94091,0.50,1310.68
1762090809.9425118,0.00,1310.68
1762090810.944826,1.50,1310.67
1762090811.9466488,0.00,1310.67
1762090812.9482987,0.50,1310.67
1762090813.9499872,0.00,1310.67
1762090814.9515445,0.50,1310.67
1762090815.952507,0.50,1310.66
1762090816.954063,0.00,1310.66
1762090817.9556563,0.00,1310.66
1762090818.9572465,0.50,1310.66
1762090819.958736,0.50,1310.66
1762090820.9604666,0.50,1310.66
1762090821.9619095,0.50,1310.66
1762090822.963473,0.00,1310.66
1762090823.9649613,0.50,1310.66
1762090824.9666104,0.50,1310.66
1762090825.9695976,0.00,1310.66
1762090826.9712646,0.50,1310.66
1762090827.9728622,0.00,1310.66
1762090828.9744868,0.50,1310.65
1762090829.9759753,0.00,1310.65
1762090830.977641,0.50,1310.65
1762090831.9796228,0.50,1310.65
1762090832.981245,0.00,1310.65
1762090833.9827855,1.00,1310.64
1762090834.9844146,0.00,1310.64
1762090835.986134,0.00,1310.64
1762090836.9877913,0.00,1310.64
1762090837.989501,0.50,1310.64
1762090838.9910607,0.00,1310.64
1762090839.9927788,0.00,1310.64
1762090840.9945273,0.50,1310.64
1762090841.9960346,0.50,1310.64
1762090842.997722,0.00,1310.64
1762090843.9993677,0.00,1310.63
1762090845.0022423,0.00,1310.63
1762090846.0038095,0.00,1310.63
1762090847.0058064,0.50,1310.63
1762090848.0074892,0.50,1310.63
1762090849.0092027,0.00,1310.62
1762090850.0109131,1.50,1310.62
1762090851.0127437,0.00,1310.62
1762090852.0143607,1.00,1310.62
1762090853.0159338,1.50,1310.62
1762090854.0176275,0.00,1310.62
1762090855.0192251,0.50,1310.62
1762090856.02082,1.00,1310.61
1762090857.0224607,1.00,1310.60
1762090858.023978,0.50,1310.59
1762090859.0255244,0.00,1310.59
1762090860.026963,1.00,1310.59
1762090861.0285714,2.00,1310.59
1762090862.0300086,29.40,1310.82
1762090863.031928,8.00,1310.81
1762090864.0337703,1.50,1310.78
1762090865.0354047,0.50,1310.77
1762090866.0369425,1.50,1310.77
1762090867.0393515,0.50,1310.77
1762090868.0413282,0.50,1310.77
1762090869.042853,0.00,1310.77
1762090870.044505,0.50,1310.77
1762090871.046016,1.00,1310.77
1762090872.0475683,0.00,1310.76
1762090873.0490978,1.00,1310.76
1762090874.0506563,0.50,1310.76
1762090875.0522552,0.00,1310.76
1762090876.0537264,0.50,1310.75
1762090877.0553539,0.50,1310.75
1762090878.056817,0.00,1310.74
1762090879.0583572,0.00,1310.74
1762090880.0596716,1.50,1310.74
1762090881.0618918,15.70,1310.98
1762090882.063451,0.00,1310.98
1762090883.0649354,0.50,1310.98
1762090884.0666723,1.00,1310.98
1762090885.0683107,0.00,1310.98
1762090886.070208,0.00,1310.98
1762090887.0719655,1.00,1310.98
1762090888.0735524,0.00,1310.98
1762090889.0755875,0.00,1310.98
1762090890.0772579,0.00,1310.98
1762090891.0788753,0.00,1310.98
1762090892.0804412,0.00,1310.98
1762090893.0819707,1.00,1310.98
1762090894.083902,0.50,1310.96
1762090895.085941,0.00,1310.96
1762090896.0883505,1.00,1311.20
1762090897.0903032,0.00,1311.20
1762090898.0919826,0.50,1311.20
1762090899.09364,0.50,1311.20
1762090900.0952244,0.00,1311.20
1762090901.0967937,0.50,1311.20
1762090902.0984037,0.00,1311.20
1762090903.1002524,0.50,1311.20
1762090904.1017988,0.50,1311.20
1762090905.1035495,0.50,1311.20
1762090906.105204,0.00,1311.20
1762090907.1068423,0.50,1311.20
1762090908.1085181,0.50,1311.20
1762090909.1104097,0.00,1311.20
1762090910.1120646,0.50,1311.20
1762090911.1136875,0.50,1311.20
1762090912.1154113,0.00,1311.20
1762090913.116692,1.00,1311.20
1762090914.1184566,0.50,1311.20
1762090915.1199534,1.00,1311.20
1762090916.121581,0.00,1311.20
1762090917.1231024,0.00,1311.20
1762090918.1247275,0.00,1311.20
1762090919.126348,0.00,1311.20
1762090920.127852,1.00,1311.16
1762090921.1295276,0.00,1311.16
1762090922.1311038,0.50,1311.16
1762090923.132688,4.50,1311.16
1762090924.1344087,0.00,1311.16
1762090925.135962,0.00,1311.16
1762090926.1375399,1.50,1311.16
1762090927.1393895,0.00,1311.16
1762090928.1410186,0.50,1311.16
1762090929.142638,0.00,1311.16
1762090930.1444237,1.00,1311.16
1762090931.1460817,0.50,1311.16
1762090932.1476793,0.00,1311.16
1762090933.1496084,1.00,1311.15
1762090934.1514425,2.50,1311.15
1762090935.1529386,0.00,1311.15
1762090936.1537404,0.50,1311.15
1762090937.15556,0.50,1311.15
1762090938.157238,0.00,1311.15
1762090939.1588075,0.00,1311.15
1762090940.1606357,0.00,1311.15
1762090941.162441,1.00,1311.15
1762090942.164058,0.00,1311.15
1762090943.1655912,0.00,1311.14
1762090944.1672525,0.50,1311.14
1762090945.1688077,0.50,1311.14
1762090946.17053,0.50,1311.14
1762090947.1720421,0.00,1311.14
1762090948.1736472,0.00,1311.14
1762090949.1753042,1.00,1311.14
1762090950.1769216,0.00,1311.14
1762090951.1784468,0.50,1311.14
1762090952.1801255,0.50,1311.14
1762090953.1817288,1.00,1311.14
1762090954.183282,0.00,1311.12
1762090955.184801,0.50,1311.12
1762090956.1856482,0.50,1311.11
1762090957.1873617,6.10,1311.10
1762090958.1890593,1.00,1311.10
1762090959.1906123,0.00,1311.10
1762090960.1922476,4.00,1311.10
1762090961.1939104,4.00,1311.10
1762090962.1956022,1.50,1311.08
1762090963.1964693,6.10,1311.08
1762090964.1979733,1.00,1311.08
1762090965.1996398,0.50,1311.07
1762090966.2012432,0.50,1311.05
1762090967.2027843,0.00,1311.05
1762090968.2044675,0.00,1311.05
1762090969.2063723,0.50,1311.05
1762090970.2083094,38.30,1311.02
1762090971.2098198,0.50,1311.02
1762090972.2115226,1.50,1311.00
1762090973.2130845,2.00,1311.00
1762090974.214656,0.00,1311.00
1762090975.2165055,1.50,1310.99
1762090976.217789,0.50,1310.99
1762090977.2194529,0.00,1310.99
1762090978.2213812,1.00,1310.98
1762090979.2232366,0.00,1310.98
1762090980.2247713,1.00,1310.98
1762090981.2263715,1.00,1311.21
1762090982.228039,0.00,1311.21
1762090983.2297907,5.00,1311.21
1762090984.2335744,1.00,1311.20
1762090985.2352977,0.00,1311.20
1762090986.2369068,0.50,1311.20
1762090987.2385697,1.50,1311.45
1762090988.2405994,0.00,1311.45
1762090989.2422295,0.50,1311.45
1762090990.2438705,0.50,1311.45
1762090991.2457187,1.00,1311.45
1762090992.2474403,0.00,1311.45
1762090993.249009,0.00,1311.45
1762090994.2507064,1.00,1311.44
1762090995.2524376,0.50,1311.44
1762090996.2538748,0.50,1311.43
1762090997.2554986,0.50,1311.43
1762090998.2580438,0.00,1311.41
1762090999.2595518,0.00,1311.41
1762091000.2613013,0.50,1311.41
1762091001.262962,0.00,1311.41
1762091002.2646878,1.00,1311.41
1762091003.266427,0.00,1311.40
1762091004.2680788,1.00,1311.40
1762091005.2697086,0.00,1311.40
1762091006.2713847,0.50,1311.64
1762091007.2729483,0.00,1311.64
1762091008.2745657,0.50,1311.64
1762091009.2762465,0.50,1311.64
1762091010.2783055,0.50,1311.64
1762091011.279919,0.00,1311.64
1762091012.2815213,0.00,1311.64
1762091013.283108,1.00,1311.64
1762091014.2847707,0.00,1311.62
1762091015.2863672,1.00,1311.62
1762091016.2880955,0.00,1311.62
1762091017.2898037,0.00,1311.62
1762091018.2915215,1.00,1311.62
1762091019.2930367,0.00,1311.62
1762091020.2946439,0.00,1311.62
1762091021.2962682,0.50,1311.62
1762091022.2979083,0.50,1311.62
1762091023.2995584,0.00,1311.62
1762091024.3013012,1.00,1311.61
1762091025.302915,0.00,1311.61
1762091026.3045492,0.50,1311.61
1762091027.3060715,0.50,1311.61
1762091028.3077176,0.00,1311.61
1762091029.309443,0.50,1311.61
1762091030.3110404,0.00,1311.61
1762091031.3127038,0.50,1311.61
1762091032.3143647,1.10,1311.60
1762091033.315997,0.00,1311.60
1762091034.317613,0.50,1311.60
1762091035.3194118,0.50,1311.60
1762091036.3209765,13.10,1311.60
1762091037.3224704,0.00,1311.60
1762091038.3240018,10.60,1311.47
1762091039.3255389,0.00,1311.39
1762091040.327248,1.50,1311.39
1762091041.3293674,0.00,1311.39
1762091042.3308342,0.00,1311.39
1762091043.3324354,0.50,1311.39
1762091044.3339462,0.50,1311.36
1762091045.3346827,0.80,1311.36
1762091046.3362348,17.40,1311.35
1762091047.337229,33.30,1311.83
1762091048.341258,35.90,1311.77
1762091049.360916,15.70,1311.77
1762091050.3626359,1.80,1311.77
1762091051.3642766,0.00,1311.77
1762091052.3662364,3.60,1312.00
1762091053.4307444,14.80,1311.98
1762091054.457769,59.40,1311.96
