timestamp,cpu_percent,mem_used_mb
1762103657.1651142,37.70,1421.38
1762103658.1668549,3.00,1421.38
1762103659.1685245,0.50,1421.34
1762103660.1705012,1.00,1421.34
1762103661.1713257,1.00,1421.33
1762103662.173461,1.50,1421.33
1762103663.1752942,1.50,1421.33
1762103664.1768594,2.00,1421.44
1762103665.1778872,20.20,1403.64
1762103666.1786122,20.50,1398.33
1762103667.1804552,22.50,1397.89
1762103668.1822317,25.10,1398.08
1762103669.1835277,18.40,1398.25
1762103670.1853135,20.80,1398.13
1762103671.1870935,19.80,1398.09
1762103672.1886525,22.40,1398.09
1762103673.1903296,19.50,1398.47
1762103674.1917722,20.20,1398.27
1762103675.1932366,18.10,1398.24
1762103676.1947722,18.60,1398.27
1762103677.1962442,21.40,1398.23
1762103678.1978657,13.80,1398.01
1762103679.1993482,12.60,1397.93
1762103680.200543,12.90,1397.65
1762103681.202066,14.20,1397.86
1762103682.2037976,19.40,1397.58
1762103683.2054682,16.00,1397.85
1762103684.207291,15.40,1398.29
1762103685.2087395,17.80,1397.98
1762103686.210272,17.10,1397.76
1762103687.2118487,16.10,1397.70
1762103688.2134411,15.40,1397.96
1762103689.2149682,16.00,1397.73
1762103690.2165806,19.20,1397.84
1762103691.2194636,21.40,1397.69
1762103692.2210405,18.60,1397.91
1762103693.2226288,18.70,1397.63
1762103694.2239158,21.30,1397.85
1762103695.2261014,1.50,1391.97
1762103696.2277799,0.00,1391.97
1762103697.2294166,1.00,1391.97
1762103698.2310135,1.00,1392.21
1762103699.2325594,1.50,1392.21
1762103700.2350519,0.50,1392.21
1762103701.2366717,1.00,1392.21
1762103702.2384198,1.50,1392.21
1762103703.2400556,1.00,1392.21
1762103704.2420046,1.00,1392.21
1762103705.2436213,1.00,1392.20
1762103706.2453558,0.50,1392.20
1762103707.2470088,5.00,1392.20
1762103708.248685,0.00,1392.20
1762103709.25039,0.50,1392.20
1762103710.2522016,0.50,1392.20
1762103711.253817,1.00,1392.20
1762103712.2555413,0.50,1392.20
1762103713.2573857,1.00,1392.19
1762103714.2590473,1.50,1392.32
1762103715.2608216,0.00,1392.32
1762103716.2626114,1.00,1392.31
1762103717.26425,0.00,1392.31
1762103718.2659578,0.00,1392.30
1762103719.2674615,0.50,1392.30
1762103720.2692134,0.00,1392.30
1762103721.2707984,1.50,1392.30
1762103722.2725143,0.50,1392.30
1762103723.2742288,1.50,1392.30
1762103724.2758994,0.50,1392.30
1762103725.2775037,0.50,1392.30
1762103726.2792277,0.50,1391.80
1762103727.2808077,0.50,1391.80
1762103728.2825854,0.00,1391.80
1762103729.2843919,0.50,1391.80
1762103730.2859764,0.00,1391.80
1762103731.2876234,0.50,1391.80
1762103732.2894456,2.50,1391.75
1762103733.291321,1.00,1391.75
1762103734.2929187,1.00,1391.27
1762103735.2945082,0.00,1391.27
1762103736.2964618,0.50,1391.27
1762103737.2980626,0.00,1391.26
1762103738.2999496,0.50,1391.26
1762103739.301595,0.00,1391.26
1762103740.3034894,1.00,1391.26
1762103741.3051975,0.00,1391.50
1762103742.306734,2.00,1391.39
1762103743.3088853,1.00,1391.39
1762103744.3105896,1.00,1391.37
1762103745.3123088,0.00,1391.37
1762103746.3140147,0.50,1391.37
1762103747.3158333,0.00,1391.37
1762103748.3175142,0.50,1391.36
1762103749.319334,0.00,1391.36
1762103750.3209412,0.00,1391.36
1762103751.322552,1.00,1391.36
1762103752.3240597,1.50,1391.36
1762103753.3258853,1.50,1391.36
1762103754.3275948,0.50,1391.36
1762103755.329395,0.50,1391.36
1762103756.3312511,0.50,1391.35
1762103757.3328354,0.00,1391.35
1762103758.3347895,0.00,1391.35
1762103759.3364587,1.50,1391.35
1762103760.338099,0.50,1391.35
1762103761.339903,0.50,1391.33
1762103762.341696,1.00,1391.33
1762103763.3435845,0.00,1391.33
1762103764.3452919,1.00,1391.33
1762103765.3467927,0.00,1391.33
1762103766.34847,0.50,1391.56
1762103767.350195,0.00,1391.56
1762103768.3520193,4.00,1392.30
1762103769.353838,0.50,1392.30
1762103770.3558402,1.50,1392.29
1762103771.3575523,0.50,1392.16
1762103772.3592083,1.00,1392.16
1762103773.3608062,1.00,1392.16
1762103774.3624856,0.00,1392.16
1762103775.3639808,1.00,1392.16
1762103776.3657312,0.00,1392.16
1762103777.3674753,0.50,1392.16
1762103778.3692126,0.50,1392.16
1762103779.3708103,0.00,1392.16
1762103780.372521,0.00,1392.15
1762103781.3740196,1.50,1392.15
1762103782.375797,1.50,1392.15
1762103783.3775053,1.00,1392.15
1762103784.37927,2.00,1392.15
1762103785.3809583,0.00,1392.13
1762103786.382483,0.50,1392.13
1762103787.3842187,0.00,1392.13
1762103788.3863897,0.00,1392.13
1762103789.3883471,0.50,1392.13
1762103790.3900652,0.50,1392.13
1762103791.3917189,1.50,1392.12
1762103792.393443,0.50,1392.12
1762103793.395103,0.50,1392.12
1762103794.3965318,1.00,1392.12
1762103795.3982277,0.00,1392.12
1762103796.3999968,1.00,1392.12
1762103797.4019005,8.90,1392.97
1762103798.4050417,34.70,1391.95
1762103799.4064977,27.20,1391.27
1762103800.408389,19.20,1391.42
1762103801.4100971,13.90,1391.38
1762103802.4122608,19.60,1391.43
1762103803.4139047,18.30,1391.50
1762103804.415506,22.20,1391.14
1762103805.4169738,18.50,1391.28
1762103806.4178984,15.50,1391.38
1762103807.4189603,16.10,1391.31
1762103808.4205346,19.10,1391.31
1762103809.4222152,14.00,1390.90
1762103810.4246309,15.90,1391.41
1762103811.426249,18.00,1391.17
1762103812.4278564,13.20,1390.85
1762103813.4285607,12.30,1391.30
1762103814.4300478,14.50,1391.09
1762103815.4325504,14.80,1391.32
1762103816.4342446,15.70,1391.16
1762103817.435753,18.00,1391.22
1762103818.437346,15.50,1391.13
1762103819.4388368,14.70,1391.00
1762103820.441253,14.80,1391.25
1762103821.4428656,18.10,1391.22
1762103822.4445314,18.60,1391.31
1762103823.4456258,14.00,1391.27
1762103824.4472618,16.70,1391.08
1762103825.4482844,18.80,1390.91
1762103826.4499314,18.60,1391.21
1762103827.4505565,8.30,1388.41
1762103828.4520788,5.00,1388.40
1762103829.4538386,0.00,1388.40
1762103830.4555194,1.50,1388.64
1762103831.4572694,1.00,1388.64
1762103832.4589555,1.00,1388.64
1762103833.4606037,1.50,1388.64
1762103834.4621944,0.50,1388.64
1762103835.4637356,0.50,1388.64
1762103836.4654253,0.00,1388.64
1762103837.4669604,0.50,1388.64
1762103838.4685879,0.00,1388.64
1762103839.4703832,0.50,1388.63
1762103840.4718976,1.00,1388.63
1762103841.4743333,1.00,1388.63
1762103842.4759607,0.50,1388.05
1762103843.4769137,2.00,1388.04
1762103844.478695,1.00,1388.04
1762103845.480515,0.00,1388.03
1762103846.482388,0.50,1388.03
1762103847.4842079,0.00,1387.98
1762103848.4860234,0.00,1387.98
1762103849.4877214,1.00,1387.98
1762103850.489918,0.00,1387.98
1762103851.4918463,2.00,1387.96
1762103852.493531,1.00,1387.96
1762103853.495235,0.50,1387.96
1762103854.4970934,1.50,1387.96
1762103855.498941,0.00,1387.96
1762103856.5005429,0.50,1387.96
1762103857.5022926,0.00,1387.94
1762103858.5038118,1.00,1387.94
1762103859.5055308,0.00,1387.94
1762103860.507269,0.50,1387.94
1762103861.5089703,1.00,1387.94
1762103862.5108662,1.00,1387.94
1762103863.51255,1.00,1387.94
1762103864.5142744,1.50,1387.94
1762103865.5157928,0.00,1387.94
1762103866.5174851,2.50,1388.68
1762103867.5192482,1.50,1388.66
1762103868.5214992,0.00,1388.66
1762103869.523438,1.00,1388.66
1762103870.5249732,0.50,1388.66
1762103871.5266335,1.00,1388.66
1762103872.5283434,1.50,1388.60
1762103873.5301147,0.50,1388.58
1762103874.5318747,1.50,1388.58
1762103875.5336053,1.00,1388.58
1762103876.5352705,0.00,1388.58
1762103877.5369053,0.50,1388.58
1762103878.5386178,1.00,1388.56
1762103879.53993,1.00,1388.80
1762103880.5416787,0.00,1388.80
1762103881.5427206,1.00,1388.80
1762103882.5435023,0.50,1388.80
1762103883.5454009,1.00,1388.80
1762103884.547226,0.50,1388.80
1762103885.548983,1.50,1388.80
1762103886.5505908,0.00,1388.80
1762103887.5519097,1.00,1388.80
1762103888.5535662,4.50,1389.54
1762103889.555292,0.00,1389.52
1762103890.5568748,0.50,1389.52
1762103891.5585003,0.50,1389.52
1762103892.5604994,1.00,1389.52
1762103893.5623024,0.50,1389.52
1762103894.5640676,1.00,1389.51
1762103895.5657752,1.50,1389.39
1762103896.5673897,0.00,1389.39
1762103897.5690975,0.00,1389.39
1762103898.5708265,0.50,1389.38
1762103899.5724936,0.50,1389.38
1762103900.5739803,0.00,1389.38
1762103901.5757434,0.00,1389.38
1762103902.5773165,1.00,1389.38
1762103903.5789104,1.00,1389.38
1762103904.5809238,1.00,1389.38
1762103905.5825841,1.00,1389.36
1762103906.5843096,0.00,1389.36
1762103907.585891,0.50,1389.36
1762103908.587547,0.00,1389.36
1762103909.5892591,1.00,1389.59
1762103910.5912163,0.00,1389.59
1762103911.5928931,1.00,1389.59
1762103912.5947273,0.50,1389.59
1762103913.5964751,1.50,1389.27
1762103914.5985942,1.00,1389.23
1762103915.6003032,1.50,1389.23
1762103916.601958,0.00,1389.23
1762103917.603539,0.50,1389.22
1762103918.60524,0.50,1389.22
1762103919.6070068,0.00,1389.22
1762103920.608691,0.00,1389.22
1762103921.6103253,0.50,1389.22
1762103922.6121144,1.00,1389.22
1762103923.6138673,0.50,1389.22
1762103924.6155388,1.00,1389.14
1762103925.6170402,1.50,1389.09
1762103926.618694,1.00,1389.09
1762103927.6203103,0.00,1389.09
1762103928.6220567,0.00,1389.09
1762103929.6237478,0.50,1389.58
1762103930.6252973,31.20,1388.68
1762103931.62682,24.60,1388.91
1762103932.6284688,20.40,1388.84
1762103933.6295888,22.70,1388.90
1762103934.6313198,17.30,1389.34
1762103935.6329064,19.70,1388.98
1762103936.6344976,17.00,1388.82
1762103937.6360583,15.30,1389.02
1762103938.6377277,13.50,1388.77
1762103939.6395235,13.40,1388.78
1762103940.6413348,17.50,1388.73
1762103941.6430569,18.20,1388.85
1762103942.644665,17.40,1388.91
1762103943.6464844,19.00,1388.73
1762103944.648465,16.70,1388.81
1762103945.6500182,12.70,1388.90
1762103946.6515472,10.80,1388.84
1762103947.653108,13.20,1388.75
1762103948.6547143,17.00,1388.97
1762103949.6567783,18.10,1388.73
1762103950.658467,13.00,1388.68
1762103951.6599243,14.40,1388.80
1762103952.6605296,13.70,1389.14
1762103953.6621132,13.90,1389.04
1762103954.6636817,17.30,1389.12
1762103955.6653624,16.80,1389.11
1762103956.6674726,15.30,1389.16
1762103957.66904,12.90,1389.30
1762103958.6713166,13.70,1389.07
1762103959.6727858,17.10,1389.50
1762103960.6745145,1.00,1388.68
1762103961.676444,1.00,1388.68
1762103962.6779792,1.00,1388.68
1762103963.6808152,1.50,1388.91
1762103964.682533,2.00,1388.91
1762103965.6840794,0.50,1388.91
1762103966.6854374,0.00,1388.91
1762103967.6870005,1.00,1388.70
1762103968.6886127,0.00,1388.70
1762103969.6900303,0.50,1388.69
1762103970.6917427,0.50,1388.69
1762103971.693465,1.00,1388.69
1762103972.6953294,1.00,1388.69
1762103973.6970801,1.50,1388.69
1762103974.6982777,1.00,1388.68
1762103975.6998448,1.00,1388.68
1762103976.7014546,0.50,1388.68
1762103977.7032416,0.00,1388.68
1762103978.7049034,0.50,1388.68
1762103979.7065492,0.50,1388.68
1762103980.7082486,0.50,1388.68
1762103981.710099,1.50,1388.68
1762103982.7119443,1.00,1388.68
1762103983.7136023,1.00,1388.67
1762103984.7152488,1.00,1388.67
1762103985.7170088,1.50,1388.67
1762103986.7186532,0.00,1388.67
1762103987.7204707,0.50,1388.67
1762103988.7219634,0.50,1388.67
1762103989.7235854,0.00,1388.67
1762103990.7253504,1.00,1388.66
1762103991.7264218,0.00,1388.66
1762103992.7282937,1.00,1388.66
1762103993.729833,1.50,1388.66
1762103994.7319574,1.00,1388.66
1762103995.7335658,1.00,1388.66
1762103996.735112,0.50,1388.66
1762103997.7366636,1.00,1388.66
1762103998.738243,0.00,1388.66
1762103999.7398677,0.50,1388.66
1762104000.740461,1.50,1388.66
1762104001.7422068,1.00,1388.64
1762104002.74388,0.50,1388.64
1762104003.7455544,1.50,1388.64
1762104004.7472863,0.50,1388.64
1762104005.7489984,1.00,1388.64
1762104006.750703,0.50,1388.64
1762104007.752302,0.50,1388.64
1762104008.7544456,5.00,1388.88
1762104009.7562144,0.00,1388.88
1762104010.7579243,1.00,1388.88
1762104011.7596812,0.00,1388.88
1762104012.7611887,1.00,1388.88
1762104013.762755,1.00,1388.88
1762104014.7645347,1.00,1388.88
1762104015.766355,0.50,1388.82
1762104016.7679453,0.50,1388.82
1762104017.7697573,0.50,1388.82
1762104018.7714505,0.00,1388.82
1762104019.7732346,0.00,1388.78
1762104020.7749858,0.00,1388.78
1762104021.7768462,1.00,1388.78
1762104022.778556,0.50,1388.78
1762104023.780318,1.00,1389.03
1762104024.7819846,1.50,1389.27
1762104025.7835307,1.00,1389.25
1762104026.785317,0.50,1389.25
1762104027.78698,0.00,1389.25
1762104028.7887156,0.50,1389.25
1762104029.7904377,0.00,1389.25
1762104030.7920783,0.50,1389.25
1762104031.7937913,1.00,1389.23
1762104032.7955067,0.50,1389.23
1762104033.7971852,1.00,1389.23
1762104034.7990508,1.00,1389.23
1762104035.800833,1.50,1389.23
1762104036.8024213,0.00,1389.23
1762104037.8041475,0.50,1389.23
1762104038.8060641,0.00,1389.23
1762104039.807836,0.50,1389.22
1762104040.8095,0.50,1389.22
1762104041.8111138,0.50,1389.22
1762104042.812746,2.00,1389.21
1762104043.8145354,1.00,1389.21
1762104044.8163276,1.00,1389.11
1762104045.8177948,1.00,1389.11
1762104046.8194122,0.50,1389.11
1762104047.8210104,0.00,1389.11
1762104048.8225548,0.50,1389.08
1762104049.8237784,0.50,1389.08
1762104050.8248348,0.00,1389.08
1762104051.8261724,0.50,1389.08
1762104052.8278663,1.00,1389.08
1762104053.829632,1.00,1389.07
1762104054.831323,0.50,1389.07
1762104055.8328714,1.00,1389.07
1762104056.8345652,0.00,1389.07
1762104057.8362699,0.50,1389.07
1762104058.8380353,0.00,1389.06
1762104059.8396904,0.50,1389.06
1762104060.841324,1.50,1389.06
1762104061.8430371,0.00,1389.06
1762104062.8449817,11.10,1389.75
1762104063.846445,22.40,1389.50
1762104064.8479304,16.50,1389.42
1762104065.8496387,12.10,1389.90
1762104066.8516438,11.90,1389.53
1762104067.8524785,13.20,1389.60
1762104068.8539965,17.10,1389.67
1762104069.8555717,12.70,1389.79
1762104070.8570855,8.50,1389.64
1762104071.8587327,8.50,1389.69
1762104072.860349,11.80,1389.99
1762104073.8618994,11.90,1389.96
1762104074.863484,10.90,1389.79
1762104075.8653274,10.00,1389.95
1762104076.8665414,10.00,1389.85
1762104077.868094,7.40,1389.91
1762104078.8704216,10.50,1389.71
1762104079.871754,9.60,1389.89
1762104080.8733644,9.60,1389.56
1762104081.8749099,11.90,1389.52
1762104082.8764784,9.90,1389.82
1762104083.8774798,6.70,1389.62
1762104084.8789213,10.70,1389.52
1762104085.879778,9.70,1389.50
1762104086.881388,10.70,1389.46
1762104087.8837335,8.70,1389.69
1762104088.8854249,7.10,1389.38
1762104089.8869486,6.60,1389.49
1762104090.8885148,7.20,1389.64
1762104091.8900568,7.80,1389.59
1762104092.8917913,4.10,1389.55
1762104093.8935282,0.50,1389.52
1762104094.8952496,1.00,1389.51
1762104095.8967898,1.50,1389.76
1762104096.8985248,1.00,1389.75
1762104097.9001026,0.50,1389.75
1762104098.9018157,0.00,1389.75
1762104099.9034631,0.50,1389.75
1762104100.9055862,0.00,1389.75
1762104101.9073188,0.50,1389.75
1762104102.9094043,0.50,1389.75
1762104103.9110138,1.00,1389.73
1762104104.9128253,1.50,1389.73
1762104105.9144976,0.50,1389.73
1762104106.9163313,1.50,1389.73
1762104107.917925,0.50,1389.72
1762104108.9200592,1.00,1389.72
1762104109.9224975,0.50,1389.72
1762104110.9235957,0.50,1389.72
1762104111.9253914,0.00,1389.72
1762104112.9270365,0.00,1389.72
1762104113.9287162,1.50,1389.72
1762104114.9303634,1.50,1389.71
1762104115.931954,0.50,1389.71
1762104116.9336722,1.50,1389.96
1762104117.9356163,0.50,1389.96
1762104118.9373386,1.00,1389.96
1762104119.939054,0.00,1389.95
1762104120.9407904,1.00,1389.95
1762104121.9425209,1.00,1389.95
1762104122.9442542,0.50,1389.95
1762104123.9457738,1.00,1389.95
1762104124.9471145,1.00,1389.95
1762104125.9479747,2.00,1389.95
1762104126.9494421,0.50,1389.94
1762104127.9510376,1.00,1389.94
1762104128.9526246,4.00,1390.18
1762104129.954228,0.50,1390.18
1762104130.9558387,1.00,1390.18
1762104131.9577038,0.50,1390.18
1762104132.959652,0.50,1390.18
1762104133.9613082,1.50,1390.18
1762104134.9629495,0.50,1390.18
1762104135.9646513,1.00,1390.18
1762104136.96702,1.00,1390.17
1762104137.96875,0.50,1390.17
1762104138.9704576,1.00,1390.17
1762104139.9722042,0.50,1390.17
1762104140.9741154,0.50,1390.17
1762104141.9760656,0.50,1390.17
1762104142.9776495,0.50,1390.17
1762104143.9798648,0.50,1390.16
1762104144.981572,1.00,1390.16
1762104145.9832315,0.50,1390.16
1762104146.984908,1.00,1390.16
1762104147.9869144,0.00,1390.16
1762104148.988659,0.50,1390.16
1762104149.9906464,0.50,1390.15
1762104150.9921951,0.00,1390.15
1762104151.993841,0.50,1390.15
1762104152.9955225,0.50,1390.15
1762104153.9973176,0.50,1390.15
1762104154.999274,1.00,1390.14
1762104156.0008876,0.50,1390.14
1762104157.0025125,2.00,1390.14
1762104158.0040896,0.00,1390.14
1762104159.0053203,1.00,1390.14
1762104160.0072618,0.50,1390.12
1762104161.0087936,0.00,1390.12
1762104162.0096865,0.00,1390.12
1762104163.0115047,0.50,1390.12
1762104164.0132294,0.50,1390.12
1762104165.0149937,2.00,1390.12
1762104166.0166957,1.50,1390.12
1762104167.0188966,2.00,1390.51
1762104168.020631,3.00,1390.51
1762104169.022261,0.00,1390.51
1762104170.0238523,0.50,1390.51
1762104171.0254714,0.50,1390.51
1762104172.0271137,0.50,1390.45
1762104173.0293674,0.00,1390.45
1762104174.0310545,1.00,1390.45
1762104175.032647,1.00,1390.44
1762104176.0343013,1.00,1390.44
1762104177.0359583,1.00,1390.44
1762104178.0378406,0.50,1390.44
1762104179.0395122,0.50,1390.44
1762104180.0412455,0.50,1390.43
1762104181.042791,0.00,1390.43
1762104182.0445967,1.50,1390.67
1762104183.0463276,0.50,1390.67
1762104184.0478845,0.50,1390.67
1762104185.049488,1.00,1390.67
1762104186.0510988,1.00,1390.67
1762104187.0528562,0.50,1390.67
1762104188.0550199,0.50,1390.67
1762104189.0569723,4.00,1391.41
1762104190.0587413,0.50,1391.38
1762104191.060373,1.00,1391.38
1762104192.061926,0.00,1391.38
1762104193.0637963,0.50,1391.38
1762104194.065464,1.50,1391.38
1762104195.0670753,1.00,1391.04
1762104196.0690036,24.30,1391.33
1762104197.0706708,22.20,1391.48
1762104198.0714831,16.50,1391.47
1762104199.07306,18.20,1391.31
1762104200.0750446,17.10,1391.23
1762104201.076694,18.40,1391.20
1762104202.0781982,17.40,1391.38
1762104203.0795717,11.60,1391.51
1762104204.0812485,14.90,1391.14
1762104205.0829287,15.50,1391.32
1762104206.084668,16.10,1391.10
1762104207.0855715,20.10,1391.48
1762104208.088896,16.30,1391.21
1762104209.0905209,14.80,1391.23
1762104210.09197,13.50,1391.21
1762104211.0934632,14.10,1391.21
1762104212.0949974,16.80,1391.41
1762104213.0956259,16.00,1391.30
1762104214.0971968,15.80,1390.09
1762104215.0986195,17.90,1390.16
1762104216.100193,13.10,1389.84
1762104217.1028993,11.70,1390.34
1762104218.1048307,13.60,1389.71
1762104219.1069963,17.80,1390.01
1762104220.1085017,14.80,1389.96
1762104221.1100254,15.40,1389.98
1762104222.1115625,18.30,1389.85
1762104223.1130202,14.40,1389.79
1762104224.1145885,19.50,1389.89
1762104225.1163,16.40,1390.18
1762104226.1178415,2.00,1389.78
1762104227.1195006,1.50,1389.78
1762104228.1212018,0.50,1389.78
1762104229.122863,0.50,1390.03
1762104230.12474,0.50,1390.03
1762104231.1266332,0.50,1390.03
1762104232.1278336,0.50,1390.03
1762104233.129518,1.00,1390.02
1762104234.1310854,1.50,1390.02
1762104235.1327178,1.00,1390.02
1762104236.1335099,1.50,1390.02
1762104237.1350582,0.50,1390.02
1762104238.136649,1.00,1390.02
1762104239.1376348,1.00,1390.02
1762104240.1394157,0.00,1390.01
1762104241.1410108,0.50,1390.01
1762104242.1426322,1.50,1390.00
1762104243.1447124,0.50,1390.00
1762104244.1464624,1.00,1390.00
1762104245.1480901,1.00,1390.00
1762104246.1500387,1.00,1390.00
1762104247.1519644,1.50,1390.24
1762104248.1537097,1.00,1390.24
1762104249.1553907,4.50,1390.72
1762104250.1572683,1.00,1390.72
1762104251.1589663,0.50,1390.72
1762104252.1604903,0.50,1390.72
1762104253.1620395,0.50,1390.72
1762104254.1636617,1.50,1390.71
1762104255.1654463,0.50,1390.71
1762104256.1672053,1.50,1390.71
1762104257.1688235,1.00,1390.71
1762104258.170524,0.50,1390.68
1762104259.1723092,0.50,1390.68
1762104260.1741111,0.50,1390.68
1762104261.1757233,0.50,1390.68
1762104262.1774633,1.00,1390.68
1762104263.1796517,0.00,1390.68
1762104264.1815057,1.50,1390.67
1762104265.1833193,1.00,1390.55
1762104266.1848173,1.00,1390.55
1762104267.1864965,1.00,1390.55
1762104268.18834,1.00,1390.55
1762104269.1899426,0.50,1390.55
1762104270.1916835,0.50,1390.53
1762104271.1934316,0.00,1390.53
1762104272.1950874,1.50,1390.52
1762104273.1969192,0.00,1390.52
1762104274.1984825,1.00,1390.52
1762104275.199937,1.50,1390.77
1762104276.2015007,1.50,1390.77
1762104277.203194,1.00,1390.76
1762104278.2047083,0.00,1390.76
1762104279.206698,0.50,1390.76
1762104280.2084134,0.50,1390.76
1762104281.209846,0.00,1390.76
1762104282.2108693,1.00,1390.75
1762104283.2125595,0.00,1390.75
1762104284.2141898,0.50,1390.75
1762104285.2156415,0.50,1390.75
1762104286.2172456,1.00,1391.00
1762104287.2186534,0.50,1391.23
1762104288.2202623,1.00,1391.23
1762104289.2218225,0.50,1391.23
1762104290.2235506,0.50,1391.23
1762104291.2253861,0.00,1391.23
1762104292.2270632,0.00,1391.23
1762104293.2287729,1.00,1391.23
1762104294.2304776,0.00,1391.23
1762104295.2323012,1.50,1391.23
1762104296.2339048,1.00,1391.22
1762104297.2355692,1.00,1391.22
1762104298.2373893,1.00,1391.22
1762104299.2392836,0.00,1391.22
1762104300.240935,0.50,1391.21
1762104301.2426696,1.00,1391.20
1762104302.2442875,0.00,1391.20
1762104303.2459257,1.50,1391.20
1762104304.2474687,0.00,1391.20
1762104305.2494812,1.00,1391.20
1762104306.2511141,1.00,1391.20
1762104307.2527568,1.50,1391.20
1762104308.2544878,1.00,1391.20
1762104309.256053,0.00,1391.20
1762104310.2579434,5.50,1391.93
1762104311.2597947,0.00,1391.93
1762104312.261447,0.00,1391.93
1762104313.2634423,1.00,1391.93
1762104314.265118,0.00,1391.93
1762104315.2670112,1.00,1391.93
1762104316.268718,0.50,1391.93
1762104317.270421,1.00,1391.93
1762104318.2720077,1.50,1391.91
1762104319.273574,1.00,1391.91
1762104320.2752109,1.00,1391.91
1762104321.2768662,0.00,1391.91
1762104322.2786236,0.00,1391.91
1762104323.2803307,1.00,1391.91
1762104324.2823606,0.00,1391.91
1762104325.2845237,1.00,1391.91
1762104326.2860994,1.50,1391.91
1762104327.288076,1.00,1391.91
1762104328.2895637,15.10,1392.42
1762104329.2919242,25.60,1392.19
1762104330.293449,27.80,1392.05
1762104331.2949004,22.70,1392.14
1762104332.2965488,22.40,1392.17
1762104333.297704,22.50,1392.18
1762104334.299503,12.60,1391.52
1762104335.3009768,13.60,1391.60
1762104336.3023932,12.30,1391.49
1762104337.303776,15.00,1391.61
1762104338.3052962,13.50,1391.49
1762104339.3068714,18.90,1392.95
1762104340.3086867,13.10,1393.12
1762104341.3103797,18.40,1393.04
1762104342.311815,14.20,1393.04
1762104343.3134925,11.30,1393.04
1762104344.3150337,11.20,1392.87
1762104345.3166096,10.20,1392.61
1762104346.3180902,12.60,1393.05
1762104347.3201652,12.40,1392.80
1762104348.3216534,14.60,1392.91
1762104349.3236399,7.50,1392.70
1762104350.3250742,10.90,1392.77
1762104351.3267224,10.50,1392.62
1762104352.327946,10.40,1392.61
1762104353.329188,5.10,1392.69
1762104354.330668,8.20,1392.70
1762104355.3321936,7.90,1392.68
1762104356.334183,10.00,1392.69
1762104357.3357282,9.50,1392.63
1762104358.3373733,3.10,1390.16
1762104359.3389907,0.00,1390.16
1762104360.3407207,1.00,1390.16
1762104361.3425004,1.00,1390.40
1762104362.3440132,0.50,1390.40
1762104363.3457987,1.00,1390.40
1762104364.3474667,0.50,1390.40
1762104365.3490744,2.00,1390.40
1762104366.3508258,1.50,1390.40
1762104367.3525755,0.50,1390.40
1762104368.3540776,1.50,1391.22
1762104369.3556693,0.00,1391.14
1762104370.3572605,4.50,1391.11
1762104371.3589306,1.00,1391.11
1762104372.3605876,0.00,1391.11
1762104373.3623028,1.00,1391.11
1762104374.3638544,0.00,1391.11
1762104375.3654876,1.00,1391.19
1762104376.3672614,1.00,1391.10
1762104377.3689444,1.50,1391.09
1762104378.3705883,2.00,1390.79
1762104379.3722804,0.00,1390.79
1762104380.3739269,0.00,1390.79
1762104381.3759966,1.00,1390.79
1762104382.3777783,0.00,1390.79
1762104383.379716,0.50,1390.79
1762104384.381439,0.00,1390.79
1762104385.3830166,1.50,1391.04
1762104386.3850274,1.00,1390.88
1762104387.3867323,2.00,1391.10
1762104388.3883727,0.50,1391.34
1762104389.3902013,0.00,1391.34
1762104390.3920348,0.50,1391.34
1762104391.3936687,0.50,1391.34
1762104392.3953784,0.50,1391.34
1762104393.3970823,0.00,1391.33
1762104394.3986852,0.00,1391.33
1762104395.4004176,1.50,1391.33
1762104396.4019008,1.50,1391.33
1762104397.403581,1.00,1391.33
1762104398.405226,2.00,1391.33
1762104399.407017,1.50,1391.33
1762104400.4087908,0.50,1391.31
1762104401.4104688,0.50,1391.31
1762104402.4120026,0.50,1391.31
1762104403.4137416,0.50,1391.31
1762104404.4158173,0.00,1391.30
1762104405.4177558,1.50,1391.46
1762104406.4192863,1.50,1391.43
1762104407.4209278,1.00,1391.41
1762104408.4225028,1.00,1391.41
1762104409.424298,0.00,1391.41
1762104410.4261003,0.00,1391.41
1762104411.427705,0.50,1391.40
1762104412.4293404,0.00,1391.40
1762104413.4310362,0.50,1391.40
1762104414.432709,0.00,1391.40
1762104415.43447,1.50,1391.40
1762104416.4361968,2.50,1391.64
1762104417.4377494,1.00,1391.56
1762104418.4394224,1.50,1391.51
1762104419.4410048,0.00,1391.51
1762104420.4426465,0.50,1391.51
1762104421.4443986,0.00,1391.51
1762104422.4467134,0.00,1391.50
1762104423.4480588,2.00,1391.50
1762104424.449719,0.50,1391.50
1762104425.4513683,0.50,1391.50
1762104426.4532626,1.50,1391.50
1762104427.454794,0.50,1391.48
1762104428.4565682,1.00,1391.48
1762104429.4584243,0.50,1391.48
1762104430.4599307,5.00,1392.22
1762104431.461477,0.00,1392.22
1762104432.463344,0.00,1392.22
1762104433.4648933,0.50,1392.22
1762104434.46653,0.00,1392.21
1762104435.4684858,1.00,1392.21
1762104436.4700477,0.50,1392.21
1762104437.4716554,1.50,1392.21
1762104438.473444,1.00,1392.21
1762104439.474966,0.00,1392.21
1762104440.4767196,0.50,1392.20
1762104441.478389,0.50,1392.20
1762104442.4799802,0.00,1392.20
1762104443.481485,0.50,1392.20
1762104444.4831066,0.00,1392.20
1762104445.4848151,0.50,1392.20
1762104446.4855034,2.50,1392.20
1762104447.4871075,0.00,1392.20
1762104448.48885,0.50,1392.20
1762104449.490703,1.00,1392.20
1762104450.492477,0.50,1391.79
1762104451.4939768,0.50,1391.79
1762104452.4955966,0.50,1391.79
1762104453.4972615,0.00,1391.79
1762104454.4988077,0.50,1391.79
1762104455.5005934,3.00,1392.04
1762104456.5028057,0.00,1392.04
1762104457.5045033,2.00,1392.01
1762104458.5062587,0.50,1392.01
1762104459.5079622,1.50,1392.01
1762104460.5095987,3.50,1393.57
1762104461.5105581,24.00,1394.87
1762104462.5122197,23.80,1392.70
1762104463.5137997,21.40,1392.61
1762104464.5155673,23.50,1392.41
1762104465.5176575,23.10,1392.54
1762104466.518491,23.10,1392.78
1762104467.5195565,20.80,1392.71
1762104468.5212734,22.40,1392.60
1762104469.5227764,18.90,1392.69
1762104470.5244079,18.10,1392.44
1762104471.5259242,16.90,1392.62
1762104472.527381,14.50,1392.78
1762104473.5289636,19.40,1392.45
1762104474.5304236,21.00,1392.36
1762104475.531874,21.40,1392.48
1762104476.533529,16.50,1392.46
1762104477.535241,12.70,1392.48
1762104478.5367475,20.00,1392.24
1762104479.5382197,15.20,1392.14
1762104480.5398195,17.60,1392.36
1762104481.5416393,17.40,1392.29
1762104482.5436368,16.60,1392.11
1762104483.545202,17.00,1392.06
1762104484.546614,21.30,1392.13
1762104485.548068,15.10,1391.89
1762104486.5499036,16.20,1392.31
1762104487.5514662,13.30,1391.87
1762104488.5530393,12.70,1392.00
1762104489.554695,11.30,1391.95
1762104490.556402,16.00,1391.78
1762104491.558273,1.00,1391.49
1762104492.560276,0.00,1391.49
1762104493.561837,1.00,1391.48
1762104494.5635133,1.00,1391.97
1762104495.5653758,0.00,1391.97
1762104496.5669236,0.00,1391.97
1762104497.5686655,0.50,1391.97
1762104498.5704124,1.00,1391.97
1762104499.5723689,2.50,1391.97
1762104500.5744298,0.50,1391.96
1762104501.575796,0.00,1391.96
1762104502.577423,1.00,1391.96
1762104503.5789456,0.00,1391.96
1762104504.5806484,1.00,1391.96
1762104505.5825083,0.00,1391.96
1762104506.584263,0.50,1391.96
1762104507.5858645,0.50,1391.96
1762104508.5874672,1.00,1391.96
1762104509.5892036,2.00,1391.84
1762104510.5907686,0.50,1391.84
1762104511.592498,0.50,1391.84
1762104512.5940151,1.00,1391.82
1762104513.5956972,0.50,1391.82
1762104514.5974634,0.50,1391.82
1762104515.5990953,0.50,1391.82
1762104516.6007893,0.50,1391.82
1762104517.6024919,0.50,1391.82
1762104518.6042264,1.50,1391.81
1762104519.6058035,2.50,1391.81
1762104520.6074793,0.50,1391.80
1762104521.6092203,0.50,1391.80
1762104522.610959,0.00,1391.80
1762104523.612566,0.50,1391.80
1762104524.6141872,0.50,1391.80
1762104525.6157622,0.50,1391.80
1762104526.6175008,0.00,1391.80
1762104527.6193893,1.00,1391.80
1762104528.6210675,1.00,1391.80
1762104529.6226819,2.00,1391.80
1762104530.6237614,0.00,1391.79
1762104531.6254485,1.00,1391.79
1762104532.6272352,0.00,1391.79
1762104533.6289647,1.00,1391.79
1762104534.6304893,0.50,1391.79
1762104535.632172,0.00,1391.79
1762104536.6338966,0.50,1391.79
1762104537.6355784,1.00,1391.79
1762104538.6371164,1.00,1392.03
1762104539.639198,1.00,1392.03
1762104540.6408722,1.50,1392.03
1762104541.642578,1.00,1392.03
1762104542.6445522,0.00,1392.03
1762104543.6467383,0.00,1392.02
1762104544.6485114,1.50,1392.02
1762104545.6504438,0.00,1392.02
1762104546.652107,1.00,1392.02
1762104547.6537988,0.00,1392.02
1762104548.6554608,1.00,1392.02
1762104549.6571941,1.50,1392.01
1762104550.6588402,8.00,1392.99
1762104551.6605072,0.50,1392.99
1762104552.6625602,0.50,1392.58
1762104553.6637042,0.00,1392.50
1762104554.665315,0.50,1392.49
1762104555.6669028,0.50,1392.49
1762104556.6684997,0.50,1392.49
1762104557.670036,0.00,1392.49
1762104558.671713,1.00,1392.49
1762104559.6735067,1.50,1392.49
1762104560.6752796,1.50,1392.48
1762104561.6769192,0.50,1392.48
1762104562.6787713,0.50,1392.37
1762104563.6797068,0.00,1392.37
1762104564.681296,0.50,1392.37
1762104565.6829457,0.00,1392.37
1762104566.6845934,1.00,1392.36
1762104567.6863477,0.00,1392.36
1762104568.6879842,0.50,1392.59
1762104569.6897998,1.00,1392.59
1762104570.6914456,2.00,1392.84
1762104571.69369,1.00,1392.84
1762104572.6953368,0.00,1392.82
1762104573.6970189,0.50,1392.82
1762104574.698515,0.50,1392.82
1762104575.700047,0.50,1392.82
1762104576.7019577,0.00,1392.82
1762104577.7035465,0.50,1392.82
1762104578.7053618,1.00,1392.82
1762104579.707205,0.50,1392.82
1762104580.7089605,1.50,1392.82
1762104581.7108636,1.00,1392.82
1762104582.7124696,0.00,1392.82
1762104583.7130523,0.00,1392.82
1762104584.7146935,0.50,1392.81
1762104585.716334,0.00,1392.81
1762104586.7179308,0.00,1392.81
1762104587.719716,0.50,1392.81
1762104588.7215815,0.50,1392.81
1762104589.7234132,1.50,1392.81
1762104590.7250972,2.50,1392.80
1762104591.7268453,0.00,1392.80
1762104592.7288978,0.50,1392.80
1762104593.730438,6.70,1392.60
1762104594.7324438,37.20,1392.57
1762104595.7338264,27.20,1392.48
1762104596.7355716,23.60,1392.40
1762104597.7373376,17.10,1392.58
1762104598.7390866,15.60,1392.33
1762104599.7406433,17.00,1392.68
1762104600.7425497,15.30,1392.59
1762104601.744547,14.10,1392.69
1762104602.746317,11.10,1393.22
1762104603.7480483,10.10,1392.59
1762104604.7496653,8.00,1392.55
1762104605.7513187,10.80,1392.62
1762104606.753206,9.60,1392.64
1762104607.7547383,9.70,1392.55
1762104608.7570138,12.70,1392.60
1762104609.7586002,11.50,1392.58
1762104610.759597,18.10,1392.61
1762104611.7611527,15.20,1393.05
1762104612.7627902,12.50,1392.94
1762104613.7643337,12.30,1392.77
1762104614.7659416,9.10,1392.61
1762104615.767503,8.90,1392.85
1762104616.7699323,10.30,1392.75
1762104617.7708654,10.90,1392.55
1762104618.7721927,13.80,1392.72
1762104619.7738729,12.60,1392.53
1762104620.7756188,12.60,1392.68
1762104621.7770948,15.70,1392.59
1762104622.7787175,13.90,1392.58
1762104623.7805052,7.70,1392.08
1762104624.7820837,0.50,1392.02
1762104625.7838476,0.50,1392.02
1762104626.7855477,1.50,1392.27
1762104627.7874882,0.00,1392.27
1762104628.7894368,1.00,1392.27
1762104629.7909856,1.50,1392.26
1762104630.792936,0.00,1392.26
1762104631.7946763,2.00,1392.26
1762104632.7965043,1.00,1392.25
1762104633.7980442,0.00,1392.25
1762104634.7997983,0.50,1392.25
1762104635.8016665,0.00,1392.25
1762104636.8037694,0.50,1392.25
1762104637.8059297,0.50,1392.25
1762104638.8076053,0.00,1392.25
1762104639.8094215,1.50,1392.25
1762104640.8109655,1.00,1392.25
1762104641.8126519,1.00,1392.25
1762104642.8144927,0.50,1392.25
1762104643.8162394,0.50,1392.25
1762104644.817901,0.50,1392.24
1762104645.819571,1.50,1392.23
1762104646.821336,0.00,1392.23
1762104647.823004,0.50,1392.23
1762104648.8240817,1.00,1392.23
1762104649.825647,1.00,1392.23
1762104650.827279,2.00,1392.23
1762104651.828828,0.50,1392.23
1762104652.829696,0.50,1392.23
1762104653.8314521,1.00,1392.23
1762104654.8332665,0.00,1392.22
1762104655.8350592,0.50,1392.22
1762104656.8366303,0.50,1392.22
1762104657.838259,0.00,1392.22
1762104658.840283,1.50,1392.22
1762104659.8418243,1.50,1392.22
1762104660.8434336,1.50,1392.22
1762104661.8448668,0.50,1392.21
1762104662.84651,1.00,1392.20
1762104663.848203,0.00,1392.20
1762104664.8504725,1.00,1392.20
1762104665.8520374,1.50,1392.20
1762104666.8538978,0.00,1392.20
1762104667.8555558,0.50,1392.19
1762104668.8572912,1.00,1392.19
1762104669.8588634,0.50,1392.19
1762104670.8604991,7.00,1392.91
1762104671.86229,1.00,1392.91
1762104672.864086,1.50,1392.91
1762104673.8656945,0.50,1392.91
1762104674.8674028,1.00,1392.91
1762104675.869211,0.50,1392.91
1762104676.8710928,0.00,1392.91
1762104677.8729591,0.00,1392.91
1762104678.874677,0.50,1392.91
1762104679.8765938,0.50,1392.91
1762104680.8780887,1.00,1392.91
1762104681.8799338,1.00,1392.91
1762104682.881473,2.00,1392.91
1762104683.8832314,0.50,1392.91
1762104684.88535,0.00,1392.90
1762104685.8870049,0.50,1392.90
1762104686.8888466,0.50,1392.89
1762104687.8909037,0.50,1392.89
1762104688.8926713,0.00,1392.89
1762104689.8944685,1.00,1392.89
1762104690.8961036,0.50,1392.89
1762104691.8979042,1.50,1392.89
1762104692.8996367,0.50,1392.88
1762104693.9014027,1.00,1392.30
1762104694.9031925,0.00,1392.14
1762104695.9053335,0.50,1392.14
1762104696.9072478,0.00,1392.14
1762104697.9088438,0.00,1392.14
1762104698.9106684,0.50,1392.14
1762104699.9122934,1.50,1392.14
1762104700.9142299,0.50,1392.14
1762104701.9159386,1.50,1392.14
1762104702.9175081,0.50,1392.14
1762104703.9192348,1.00,1392.14
1762104704.9213417,0.00,1392.14
1762104705.9230003,1.00,1392.13
1762104706.9249022,0.00,1392.13
1762104707.9265447,0.50,1392.13
1762104708.927738,0.00,1392.13
1762104709.9296563,0.50,1392.11
1762104710.931097,1.50,1392.35
1762104711.9324489,1.00,1392.35
1762104712.934204,1.50,1392.35
1762104713.9358242,0.00,1392.35
1762104714.9373817,0.50,1392.35
1762104715.938917,0.00,1392.35
1762104716.94053,0.50,1392.35
1762104717.9423368,0.50,1392.35
1762104718.9439704,0.00,1392.35
1762104719.9456632,1.00,1392.34
1762104720.947326,1.50,1392.34
1762104721.9479687,1.00,1392.26
1762104722.9494336,0.50,1392.23
1762104723.9512787,0.50,1392.20
1762104724.9529388,0.50,1392.20
1762104725.9545436,1.00,1392.42
1762104726.9558353,15.70,1392.40
1762104727.9575148,24.50,1392.54
1762104728.958931,21.70,1392.61
1762104729.9610631,24.10,1392.46
1762104730.9629242,24.20,1392.29
1762104731.963744,30.10,1392.80
1762104732.9653795,23.60,1392.53
1762104733.9670794,18.50,1392.56
1762104734.968559,24.10,1392.73
1762104735.970046,23.50,1392.54
1762104736.9715605,25.30,1392.79
1762104737.9737926,20.50,1392.63
1762104738.9744704,18.00,1392.30
1762104739.9762475,18.60,1392.66
1762104740.9775224,18.90,1392.56
1762104741.9789798,19.30,1392.63
1762104742.9804115,16.60,1392.54
1762104743.981882,12.90,1392.37
1762104744.9834034,13.80,1392.52
1762104745.9854283,12.00,1392.50
1762104746.9865172,15.10,1392.50
1762104747.9880128,16.10,1392.34
1762104748.9895127,10.20,1392.28
1762104749.9910803,11.10,1392.69
1762104750.9928658,10.20,1392.59
1762104751.9946778,15.10,1392.70
1762104752.9962835,15.80,1392.67
1762104753.9978468,16.00,1392.45
1762104754.999413,9.40,1392.50
1762104756.0009282,8.50,1392.61
1762104757.0026786,3.60,1391.91
1762104758.0047522,0.00,1391.88
1762104759.0065043,1.00,1391.88
1762104760.0082302,1.50,1392.12
1762104761.009832,0.50,1392.12
1762104762.0115588,1.50,1392.11
1762104763.0131857,1.50,1392.11
1762104764.0146923,0.50,1392.11
1762104765.015594,0.00,1392.11
1762104766.0170996,0.50,1392.11
1762104767.0188982,2.00,1392.84
1762104768.0205178,2.00,1392.84
1762104769.022344,0.50,1392.84
1762104770.0243168,0.50,1392.84
1762104771.0263848,1.00,1392.84
1762104772.0279605,1.50,1392.84
1762104773.029595,1.50,1392.84
1762104774.0310717,0.00,1392.82
1762104775.0327637,1.50,1392.82
1762104776.0344996,0.00,1392.82
1762104777.0361097,0.50,1392.82
1762104778.0378006,0.50,1392.82
1762104779.03958,0.00,1392.82
1762104780.0412521,2.00,1392.81
1762104781.0429454,1.00,1392.81
1762104782.0437248,1.50,1392.81
1762104783.045524,1.00,1392.81
1762104784.0472925,0.50,1392.81
1762104785.0489907,0.00,1392.81
1762104786.0506532,2.00,1393.54
1762104787.0522318,0.50,1393.54
1762104788.053848,1.00,1393.54
1762104789.0556138,0.00,1393.54
1762104790.0573287,1.50,1393.52
1762104791.0592275,2.00,1393.52
1762104792.0608714,5.60,1394.02
1762104793.0627835,1.00,1394.02
1762104794.0644941,0.00,1394.02
1762104795.0662017,0.50,1394.02
1762104796.067854,0.50,1394.02
1762104797.0696228,0.50,1394.02
1762104798.0704887,0.50,1394.01
1762104799.0722253,1.00,1394.01
1762104800.0738986,1.00,1394.01
1762104801.0755134,1.00,1394.01
1762104802.077106,1.00,1394.01
1762104803.0788262,1.00,1394.01
1762104804.0805147,1.00,1394.01
1762104805.082088,0.50,1394.00
1762104806.083758,0.00,1393.99
1762104807.0853767,0.50,1393.99
1762104808.0870214,0.00,1393.99
1762104809.0877137,0.50,1393.99
1762104810.0884757,1.00,1393.99
1762104811.090182,1.00,1393.98
1762104812.091827,1.50,1393.98
1762104813.0934384,1.50,1393.90
1762104814.095203,0.50,1393.87
1762104815.0968688,0.00,1393.46
1762104816.0983734,0.50,1393.42
1762104817.0999432,0.50,1393.42
1762104818.1015155,0.00,1393.42
1762104819.1024544,0.00,1393.42
1762104820.1041024,1.00,1393.42
1762104821.1057801,0.50,1393.42
1762104822.1075144,1.00,1393.41
1762104823.109333,1.50,1393.41
1762104824.111117,0.00,1393.41
1762104825.1127906,0.00,1393.41
1762104826.115167,0.00,1393.41
1762104827.1167722,1.00,1393.64
1762104828.1186182,0.00,1393.64
1762104829.1196804,0.00,1393.64
1762104830.1216989,1.00,1393.64
1762104831.1233788,0.50,1393.64
1762104832.1250331,1.00,1393.64
1762104833.1269145,1.00,1393.88
1762104834.1285977,0.00,1393.88
1762104835.1304882,0.50,1393.88
1762104836.1323986,0.00,1393.88
1762104837.1341145,0.00,1393.88
1762104838.1357722,0.50,1393.88
1762104839.1374466,0.50,1393.88
1762104840.139075,1.50,1393.88
1762104841.1406603,1.00,1393.88
1762104842.1423764,1.00,1393.87
1762104843.1439972,1.00,1393.87
1762104844.1461096,1.00,1393.52
1762104845.1478488,0.00,1393.52
1762104846.1495893,1.50,1393.46
1762104847.151333,0.00,1393.46
1762104848.1529794,0.50,1393.46
1762104849.1544988,0.00,1393.46
1762104850.156421,2.00,1393.46
1762104851.157958,1.00,1393.46
1762104852.1594698,5.50,1393.46
1762104853.1611824,0.50,1393.46
1762104854.1629462,0.00,1393.45
1762104855.1646044,1.00,1393.45
1762104856.1662362,0.00,1393.45
1762104857.167941,0.50,1393.45
1762104858.1694849,0.00,1393.45
1762104859.1705287,3.60,1393.59
1762104860.1719801,26.70,1393.60
1762104861.1728923,20.70,1397.30
1762104862.1744459,15.00,1393.34
1762104863.1759624,14.50,1393.27
1762104864.1766918,11.70,1393.27
1762104865.178333,17.10,1393.39
1762104866.1798508,14.70,1393.60
1762104867.1814668,18.50,1393.10
1762104868.1829994,18.10,1393.04
1762104869.1836011,17.70,1392.99
1762104870.185024,20.40,1392.98
1762104871.1866956,18.30,1393.57
1762104872.1883247,16.00,1392.99
1762104873.1897962,12.40,1393.17
1762104874.1914654,16.50,1392.79
1762104875.1930757,15.40,1393.05
1762104876.194849,17.30,1392.83
1762104877.1964734,13.90,1395.00
1762104878.1989057,13.80,1392.66
1762104879.1997766,21.50,1392.98
1762104880.2014842,23.10,1392.98
1762104881.2030427,22.80,1392.75
1762104882.2046766,21.30,1392.66
1762104883.2058809,13.10,1392.87
1762104884.2074678,15.80,1392.64
1762104885.2090578,15.70,1392.60
1762104886.2106373,17.60,1393.00
1762104887.2121985,14.10,1392.96
1762104888.2143788,10.10,1393.11
1762104889.215755,9.30,1392.48
1762104890.2177513,0.00,1392.48
1762104891.2196767,1.00,1392.48
1762104892.2213142,1.50,1392.73
1762104893.2229037,0.50,1392.73
1762104894.2244742,1.00,1392.73
1762104895.2270463,1.00,1392.73
1762104896.2287776,0.50,1392.73
1762104897.230504,0.50,1392.73
1762104898.2323182,1.00,1392.73
1762104899.2339485,0.50,1392.73
1762104900.2357368,0.50,1392.72
1762104901.2374527,1.00,1392.72
1762104902.2389693,1.00,1392.71
1762104903.240978,1.00,1392.71
1762104904.2426279,1.00,1392.71
1762104905.24441,0.50,1392.71
1762104906.2462533,0.50,1392.70
1762104907.2478657,1.50,1392.70
1762104908.2498212,0.00,1392.70
1762104909.251709,1.00,1392.70
1762104910.253427,1.50,1392.70
1762104911.255254,1.00,1392.70
1762104912.256929,5.00,1393.43
1762104913.2585242,0.50,1393.43
1762104914.260099,0.50,1393.43
1762104915.2617915,0.50,1393.43
1762104916.2634943,0.00,1393.43
1762104917.2653766,0.50,1393.43
1762104918.267034,0.50,1393.43
1762104919.2687626,0.50,1393.43
1762104920.270399,0.50,1393.43
1762104921.271952,2.00,1393.43
1762104922.2735317,1.00,1393.42
1762104923.2752275,1.00,1393.42
1762104924.2768128,2.00,1393.30
1762104925.2785852,0.50,1393.30
1762104926.2804067,0.50,1393.29
1762104927.282095,0.50,1393.29
1762104928.2837782,0.50,1393.29
1762104929.2854557,0.50,1393.29
1762104930.2870092,0.50,1393.29
1762104931.288669,1.00,1393.29
1762104932.2904294,2.00,1393.29
1762104933.29203,1.50,1393.53
1762104934.2936826,1.50,1393.13
1762104935.2955034,0.00,1393.13
1762104936.2973166,1.00,1393.11
1762104937.2989645,0.50,1393.11
1762104938.3006094,0.50,1393.11
1762104939.3024526,0.00,1393.11
1762104940.3040595,0.50,1393.35
1762104941.305754,1.50,1393.35
1762104942.3074176,1.00,1393.34
1762104943.3086376,0.50,1393.34
1762104944.3106737,0.50,1393.34
1762104945.3125381,0.50,1393.34
1762104946.3141482,0.00,1393.34
1762104947.316347,0.00,1393.34
1762104948.3179092,0.00,1393.34
1762104949.3195612,0.50,1393.34
1762104950.321363,0.00,1393.34
1762104951.3229775,0.50,1393.34
1762104952.3246164,0.50,1393.34
1762104953.3262374,1.50,1393.34
1762104954.3276618,0.50,1393.32
1762104955.3294282,0.00,1393.32
1762104956.3309302,0.00,1393.32
1762104957.3325093,0.00,1393.32
1762104958.334218,1.00,1393.32
1762104959.3357708,0.00,1393.32
1762104960.337529,0.00,1393.32
1762104961.3391123,1.00,1393.31
1762104962.3407545,0.50,1393.31
1762104963.3424325,2.00,1393.31
1762104964.344262,0.00,1393.31
1762104965.3458993,1.00,1393.31
1762104966.3475866,0.00,1393.31
1762104967.3492613,0.50,1393.30
1762104968.3509412,0.50,1393.30
1762104969.3525941,0.00,1393.30
1762104970.3544428,0.50,1393.30
1762104971.3560638,1.00,1393.30
1762104972.358013,1.50,1393.30
1762104973.3596451,5.10,1393.29
1762104974.3614774,1.00,1393.29
1762104975.3632474,0.00,1393.29
1762104976.3648717,0.50,1393.29
1762104977.3668027,0.00,1393.29
1762104978.3677552,0.00,1393.29
1762104979.3692586,0.50,1393.29
1762104980.3708725,0.00,1393.53
1762104981.3726525,1.00,1393.53
1762104982.3742843,0.50,1393.53
1762104983.3760307,1.00,1393.53
1762104984.3776965,0.50,1393.53
1762104985.3793845,1.00,1393.52
1762104986.3810847,0.00,1393.52
1762104987.383075,0.00,1393.52
1762104988.3849506,0.50,1393.52
1762104989.3866096,0.00,1393.52
1762104990.3883033,0.00,1393.52
1762104991.389831,1.50,1393.76
1762104992.3915253,1.00,1393.76
1762104993.393352,1.00,1393.76
1762104994.394998,1.00,1393.76
1762104995.396625,0.50,1393.76
1762104996.3986695,0.50,1393.76
1762104997.4003952,0.50,1393.75
1762104998.4022427,0.00,1393.75
1762104999.4039428,0.50,1393.75
1762105000.405533,0.50,1393.75
1762105001.407208,0.50,1393.75
1762105002.4091067,1.00,1393.75
1762105003.4108245,1.00,1393.75
1762105004.4125211,0.50,1393.73
1762105005.4143605,0.00,1393.73
1762105006.4159682,0.00,1393.73
1762105007.4177852,0.50,1393.73
1762105008.4195528,0.50,1393.73
1762105009.4210844,0.50,1393.73
1762105010.4228332,0.00,1393.71
1762105011.4244897,1.50,1393.71
1762105012.426046,1.00,1393.71
1762105013.4277754,1.50,1393.71
1762105014.4295473,0.50,1393.71
1762105015.4312208,0.00,1393.71
1762105016.432899,0.50,1393.71
1762105017.4345129,0.50,1393.71
1762105018.4362767,0.50,1393.71
1762105019.4379287,0.00,1393.69
1762105020.439732,1.00,1393.69
1762105021.441442,0.00,1393.69
1762105022.4430494,1.00,1393.69
1762105023.4448962,1.00,1393.88
1762105024.4466724,1.50,1393.88
1762105025.4480872,0.00,1393.88
1762105026.4497938,0.00,1393.84
1762105027.450801,1.50,1393.83
1762105028.4524093,0.00,1393.83
1762105029.4540179,0.00,1393.83
1762105030.455593,1.50,1393.83
1762105031.4575691,0.00,1393.83
1762105032.459331,1.50,1393.82
1762105033.4608872,5.00,1394.07
1762105034.4625144,1.50,1394.07
1762105035.464427,0.00,1393.74
1762105036.46611,1.00,1393.70
1762105037.4678366,0.00,1393.70
1762105038.4694717,0.00,1393.69
1762105039.4711933,0.50,1393.69
1762105040.4729257,0.50,1393.69
1762105041.4746032,0.50,1393.69
1762105042.4762888,1.00,1393.82
1762105043.477928,1.50,1393.82
1762105044.47973,0.50,1393.80
1762105045.4814677,0.00,1393.80
1762105046.4829922,0.50,1393.80
1762105047.4846003,0.00,1393.80
1762105048.4863262,0.00,1393.80
1762105049.4879498,0.00,1393.80
1762105050.489596,0.50,1393.79
1762105051.4913135,1.50,1393.79
1762105052.4928877,1.50,1393.79
1762105053.494522,1.00,1393.79
1762105054.4967492,1.00,1393.79
1762105055.498664,0.00,1393.79
1762105056.5005376,0.50,1393.78
1762105057.5027645,0.00,1393.78
1762105058.5043762,0.50,1393.78
1762105059.5060236,0.00,1393.78
1762105060.5076637,0.50,1393.78
1762105061.5092747,1.00,1393.78
1762105062.5122736,1.50,1393.78
1762105063.5138917,1.00,1393.77
1762105064.515574,1.00,1393.77
1762105065.5171568,0.00,1393.77
1762105066.5186758,0.00,1393.77
1762105067.5204613,0.50,1393.77
1762105068.5222707,2.00,1394.74
1762105069.524218,1.50,1394.99
1762105070.526276,0.50,1394.99
1762105071.5282977,1.50,1394.99
1762105072.529962,1.50,1394.99
1762105073.531592,0.50,1394.97
1762105074.533372,0.50,1394.97
1762105075.5340917,0.50,1394.97
1762105076.5358367,0.00,1394.97
1762105077.5367746,0.50,1394.97
1762105078.5379,0.50,1394.97
1762105079.5394962,0.00,1394.96
1762105080.5410647,0.00,1394.96
1762105081.5427246,1.00,1394.96
1762105082.5436263,1.50,1394.96
1762105083.545508,0.00,1394.96
1762105084.5472171,1.00,1394.96
1762105085.5487745,1.00,1394.96
1762105086.5504236,1.00,1394.95
1762105087.5520585,0.00,1394.95
1762105088.5543644,1.50,1394.95
1762105089.5560045,0.00,1394.95
1762105090.557688,0.50,1394.95
1762105091.5595071,0.50,1394.95
1762105092.561314,1.00,1394.94
1762105093.5632782,5.50,1395.18
1762105094.5648746,1.50,1395.18
1762105095.5664957,1.00,1395.18
1762105096.5683894,0.50,1395.18
1762105097.5700483,0.00,1395.17
1762105098.5719652,0.00,1395.17
1762105099.5736856,0.50,1395.16
1762105100.5754929,0.50,1395.16
1762105101.5772111,0.50,1395.16
1762105102.578978,1.50,1395.16
1762105103.580793,1.00,1395.16
1762105104.5823433,0.50,1395.16
1762105105.5843358,1.50,1395.16
1762105106.5858498,0.00,1395.16
1762105107.5874295,0.50,1395.16
1762105108.589244,0.00,1395.16
1762105109.5909421,1.00,1395.40
1762105110.591828,0.00,1395.39
1762105111.5934856,1.00,1395.39
1762105112.5950487,1.00,1395.39
1762105113.5969398,0.50,1395.39
1762105114.5985408,1.50,1395.39
1762105115.6002717,1.00,1395.39
1762105116.6020248,0.50,1395.38
1762105117.603699,0.00,1395.38
1762105118.6055832,0.50,1395.38
1762105119.607362,0.00,1395.38
1762105120.609069,0.50,1395.38
1762105121.610931,0.50,1395.38
1762105122.6132257,0.50,1395.37
1762105123.6149206,2.00,1395.04
1762105124.616485,1.00,1394.97
1762105125.618259,1.00,1394.85
1762105126.6198318,0.50,1394.85
1762105127.6214666,0.00,1394.85
1762105128.623095,0.50,1394.83
1762105129.6248956,0.50,1394.83
1762105130.6264951,0.00,1394.83
1762105131.628065,0.50,1394.83
1762105132.6297119,0.50,1394.83
1762105133.631788,1.00,1394.83
1762105134.633403,1.50,1394.82
1762105135.6349466,0.50,1394.82
1762105136.6367636,1.00,1394.82
1762105137.6383536,0.00,1395.07
1762105138.6398392,0.00,1395.07
1762105139.6415455,1.00,1395.07
1762105140.643327,0.00,1395.07
1762105141.6449227,0.50,1395.07
1762105142.6466105,1.00,1395.06
1762105143.648439,0.50,1395.06
1762105144.6500878,2.00,1395.06
1762105145.652004,1.00,1395.06
1762105146.6536956,0.50,1395.06
1762105147.6553018,0.50,1395.06
1762105148.6570215,1.00,1395.06
1762105149.6586175,0.50,1395.06
1762105150.6605558,0.50,1395.06
1762105151.6622727,0.00,1395.06
1762105152.6638503,0.50,1395.06
1762105153.6655598,1.50,1395.06
1762105154.667487,5.00,1395.29
1762105155.6693175,1.00,1395.29
1762105156.6713223,0.00,1395.29
1762105157.6730175,0.00,1395.29
1762105158.6747491,0.50,1395.29
1762105159.6765099,0.50,1395.29
1762105160.6782308,0.00,1395.29
1762105161.6795385,0.50,1395.29
1762105162.6813495,1.50,1395.27
1762105163.6835084,1.00,1395.27
1762105164.6852186,0.50,1395.27
1762105165.686914,0.50,1395.27
1762105166.688481,0.00,1395.27
1762105167.690322,0.50,1395.27
1762105168.6919703,0.50,1395.27
1762105169.6936312,0.00,1395.27
1762105170.6957302,0.50,1395.27
1762105171.6974964,1.00,1395.27
1762105172.6993763,0.50,1395.27
1762105173.7012389,1.50,1395.27
1762105174.702984,0.50,1395.27
1762105175.7047205,1.00,1395.27
1762105176.706304,0.50,1395.43
1762105177.7078257,0.00,1395.43
1762105178.7097967,0.50,1395.43
1762105179.711583,0.00,1395.43
1762105180.7130582,0.50,1395.43
1762105181.71559,0.50,1395.43
1762105182.7173932,1.00,1395.42
1762105183.7192621,1.50,1395.42
1762105184.7212706,1.00,1395.41
1762105185.7230515,0.50,1395.41
1762105186.7248921,1.00,1395.41
1762105187.72651,0.50,1395.41
1762105188.7282372,0.00,1395.41
1762105189.7298985,0.00,1395.41
1762105190.7314382,0.50,1395.41
1762105191.7338173,0.00,1395.41
1762105192.7356224,1.00,1395.41
1762105193.7374883,1.00,1395.41
1762105194.7393508,1.50,1395.40
1762105195.741054,0.50,1395.40
1762105196.7427206,0.50,1395.40
1762105197.7444568,0.50,1395.39
1762105198.7460926,0.00,1395.39
1762105199.747736,0.00,1395.39
1762105200.7495008,0.50,1395.39
1762105201.7514305,0.50,1395.39
1762105202.7532985,1.50,1395.39
1762105203.7549448,1.50,1395.39
1762105204.7565534,1.00,1395.38
1762105205.7583356,1.00,1395.38
1762105206.7599075,0.00,1395.38
1762105207.7615867,0.00,1395.33
1762105208.7633255,1.50,1395.33
1762105209.7650557,1.50,1395.79
1762105210.7669358,1.00,1395.79
1762105211.7685356,4.50,1395.79
1762105212.7703626,4.00,1395.79
