timestamp,cpu_percent,mem_used_mb
1762567039.7586787,99.00,1571.39
1762567040.7619848,99.50,1561.66
1762567041.7670228,99.50,1569.64
1762567042.7756903,99.50,1565.64
1762567043.7769983,98.50,1570.39
1762567044.7801223,99.00,1571.13
1762567045.783494,98.50,1577.64
1762567046.7853875,99.00,1575.16
1762567047.787766,99.50,1568.69
1762567048.788808,99.50,1572.38
1762567049.7955155,99.50,1572.43
1762567050.7970202,99.00,1572.05
1762567051.800711,99.50,1574.27
1762567052.8016567,98.50,1570.89
1762567053.8024704,99.50,1574.59
1762567054.803625,99.50,1576.69
1762567055.805499,99.50,1576.89
1762567056.8270574,99.50,1570.23
1762567057.8302128,99.50,1573.60
1762567058.8310323,99.50,1573.60
1762567059.8334749,99.50,1574.57
1762567060.8355365,99.50,1576.16
1762567061.8563774,99.50,1572.19
1762567062.8614588,99.50,1578.25
1762567063.8637621,99.50,1572.71
1762567064.8667703,99.50,1572.85
1762567065.8705962,99.50,1571.69
1762567066.9068363,99.50,1571.98
1762567067.9078817,99.50,1576.18
1762567068.9102628,100.00,1575.76
1762567069.9164946,99.00,1576.50
1762567070.9176447,99.50,1579.48
1762567071.9186127,99.50,1576.03
1762567072.9238164,100.00,1573.04
1762567073.9256146,99.50,1574.85
1762567074.926642,98.00,1571.98
1762567075.9283793,100.00,1563.43
1762567076.9296284,100.00,1565.15
1762567077.930475,99.50,1569.80
1762567078.9334917,99.50,1570.46
1762567079.936036,99.50,1571.20
1762567080.9390748,99.50,1563.76
1762567081.9405468,100.00,1591.23
1762567082.9414375,100.00,1574.15
1762567083.94263,99.50,1569.43
1762567084.943875,100.00,1570.50
1762567085.946592,99.50,1570.00
1762567086.9475746,99.50,1568.10
1762567087.955612,100.00,1567.18
1762567088.9567552,99.50,1569.07
1762567089.9575078,100.00,1572.68
1762567091.080298,100.00,1575.39
1762567092.0856655,99.40,1569.67
1762567093.0907092,99.50,1569.75
1762567094.0934649,100.00,1569.15
1762567095.0977728,100.00,1568.44
1762567096.1008306,100.00,1569.98
1762567097.1027334,100.00,1569.90
1762567098.1068702,100.00,1567.16
1762567099.108734,100.00,1585.00
1762567100.110461,100.00,1568.22
1762567101.1114395,99.50,1570.44
1762567102.1124637,100.00,1569.03
1762567103.1150014,100.00,1572.77
1762567104.1191013,100.00,1571.53
1762567105.1275423,100.00,1570.81
1762567106.1285791,99.50,1570.50
1762567107.130849,100.00,1569.96
1762567108.1319866,100.00,1569.39
1762567109.134638,100.00,1570.70
1762567110.1471217,100.00,1571.90
1762567111.1546786,100.00,1571.02
1762567112.1555917,100.00,1572.37
1762567113.1588879,100.00,1569.43
1762567114.15963,100.00,1570.52
1762567115.1605928,100.00,1563.42
1762567116.1625576,99.50,1562.72
1762567117.1638312,100.00,1569.39
1762567118.1696048,100.00,1569.45
1762567119.1714845,100.00,1570.73
1762567120.1725876,100.00,1564.26
1762567121.1744697,99.50,1568.08
1762567122.1766932,100.00,1568.61
1762567123.1775787,100.00,1569.63
1762567124.1815553,99.50,1567.55
1762567125.1866407,100.00,1568.31
1762567126.1887856,99.50,1569.54
1762567127.1896923,100.00,1569.98
1762567128.1918678,100.00,1568.08
1762567129.194675,100.00,1571.84
1762567130.197676,100.00,1571.96
1762567131.1989582,99.50,1561.99
1762567132.2055469,100.00,1567.71
1762567133.2065547,100.00,1569.98
1762567134.2088645,100.00,1568.14
1762567135.2108488,100.00,1571.36
1762567136.213706,100.00,1572.19
1762567137.2187736,99.50,1572.12
1762567138.2204428,100.00,1578.94
1762567139.2246435,100.00,1571.26
1762567140.2288854,100.00,1571.34
1762567141.233682,99.50,1570.26
1762567142.2368503,100.00,1569.14
1762567143.2397652,100.00,1572.09
1762567144.2406201,100.00,1572.39
1762567145.2458405,100.00,1570.17
1762567146.2465963,99.50,1573.44
1762567147.248876,100.00,1571.75
1762567148.252221,100.00,1571.03
1762567149.2552042,100.00,1570.39
1762567150.2586114,100.00,1568.41
1762567151.2597268,99.50,1570.54
1762567152.265647,100.00,1571.00
1762567153.2666605,100.00,1570.02
1762567154.2707803,100.00,1571.11
1762567155.275433,100.00,1571.32
1762567156.2798724,99.50,1564.16
1762567157.2824507,100.00,1565.25
1762567158.283434,100.00,1568.71
1762567159.2869127,100.00,1572.71
1762567160.289526,99.50,1569.64
1762567161.294581,100.00,1570.09
1762567162.2957675,100.00,1571.21
1762567163.29891,100.00,1570.47
1762567164.3004491,100.00,1567.97
1762567165.3058941,99.50,1568.20
1762567166.3146567,100.00,1574.35
1762567167.318196,100.00,1569.84
1762567168.319552,99.50,1568.84
1762567169.3237927,100.00,1571.34
1762567170.3268645,100.00,1569.65
1762567171.332867,98.40,1569.52
1762567172.334212,100.00,1570.17
1762567173.339508,100.00,1570.18
1762567174.3417175,100.00,1570.13
1762567175.3426557,100.00,1570.98
1762567176.3436007,99.50,1570.19
1762567177.3472476,99.50,1571.14
1762567178.3514938,100.00,1570.21
1762567179.35247,99.50,1572.80
1762567180.3555691,100.00,1570.49
1762567181.3567808,99.50,1571.98
1762567182.3605149,100.00,1578.22
1762567183.3615143,100.00,1583.01
1762567184.3624582,100.00,1578.73
1762567185.3685255,100.00,1584.59
1762567186.3701694,99.50,1574.48
1762567187.3716292,99.50,1576.70
1762567188.3726974,100.00,1572.59
1762567189.3735182,99.40,1575.13
1762567190.3755858,100.00,1571.34
1762567191.3765528,99.50,1570.20
1762567192.3775203,100.00,1574.43
1762567193.3788946,100.00,1570.43
1762567194.3804438,100.00,1571.15
1762567195.3819482,100.00,1571.38
1762567196.3824565,99.50,1573.94
1762567197.3834665,100.00,1572.35
1762567198.384972,100.00,1567.96
1762567199.396634,99.50,1573.62
1762567200.400239,100.00,1571.18
1762567201.4014602,99.50,1571.30
1762567202.4084556,99.50,1576.75
1762567203.4105268,100.00,1572.10
1762567204.428246,100.00,1570.10
1762567205.4289966,99.50,1573.29
1762567206.4424636,100.00,1566.47
1762567207.44344,100.00,1571.30
1762567208.444566,99.50,1570.17
1762567209.4494598,100.00,1568.86
1762567210.451116,100.00,1572.10
1762567211.4557436,99.50,1578.55
1762567212.458425,100.00,1568.13
1762567213.4648454,100.00,1569.97
1762567214.4663763,100.00,1567.22
1762567215.4677453,99.50,1569.97
1762567216.4788713,99.50,1569.36
1762567217.4844599,100.00,1562.80
1762567218.4856281,99.00,1570.96
1762567219.4868567,100.00,1568.01
1762567220.4910588,98.30,1570.27
1762567221.5259347,98.90,1571.59
1762567222.528003,100.00,1569.26
1762567223.530706,100.00,1571.29
1762567224.5345626,100.00,1572.12
1762567225.5363019,100.00,1572.42
1762567226.5405643,98.40,1573.15
1762567227.543779,100.00,1568.77
1762567228.5625398,95.60,1570.56
1762567229.5899644,100.00,1568.66
1762567230.6026852,100.00,1570.27
1762567231.604909,100.00,1572.24
1762567232.6105547,100.00,1570.61
1762567233.6115515,99.50,1570.38
1762567234.612646,100.00,1571.36
1762567235.6150763,100.00,1568.80
1762567236.640695,99.40,1569.32
1762567237.6463678,100.00,1562.16
1762567238.6505518,100.00,1564.73
1762567239.6550484,100.00,1568.72
1762567240.659716,99.50,1570.11
1762567241.6636224,99.50,1568.64
1762567242.6648903,100.00,1568.62
1762567243.6663988,100.00,1571.17
1762567244.6679063,100.00,1584.00
1762567245.6723406,100.00,1573.24
1762567246.676761,98.90,1572.61
1762567247.6948814,100.00,1572.83
1762567248.697491,100.00,1566.35
1762567249.6984706,100.00,1572.11
1762567250.6999025,100.00,1568.99
1762567251.7036285,99.50,1569.07
1762567252.7339318,100.00,1568.93
1762567253.7586863,100.00,1566.46
1762567254.765781,99.50,1567.65
1762567255.7935574,99.50,1572.45
1762567256.7960439,100.00,1569.13
1762567257.8063564,100.00,1569.64
1762567258.8344448,100.00,1564.89
1762567259.8365562,100.00,1569.79
1762567260.8387609,99.40,1567.34
1762567261.8430474,100.00,1568.38
1762567262.854025,100.00,1567.91
1762567263.858007,100.00,1569.77
1762567264.8690448,100.00,1568.44
1762567265.8717067,99.50,1571.40
1762567266.8726213,100.00,1567.93
1762567267.8734577,100.00,1572.80
1762567268.8751628,99.50,1571.26
1762567269.912372,100.00,1571.00
1762567270.9148493,99.50,1569.25
1762567271.9160638,100.00,1575.79
1762567272.921171,100.00,1574.78
1762567273.9225123,100.00,1577.47
1762567274.9557524,99.50,1570.65
1762567275.9567447,99.50,1570.40
1762567276.9575992,99.40,1570.01
1762567277.9805508,99.40,1571.55
1762567278.981736,98.90,1572.00
1762567279.9826064,98.30,1569.35
1762567280.9868734,100.00,1573.84
1762567281.9894202,99.50,1564.62
1762567282.9940226,99.40,1565.88
1762567283.9979122,90.00,1574.22
1762567285.004374,97.90,1571.15
1762567286.0122516,99.50,1569.62
1762567287.0140064,100.00,1570.27
1762567288.0164359,99.50,1570.23
1762567289.017781,100.00,1569.26
1762567290.0185707,98.30,1570.53
1762567291.0195599,99.50,1569.56
1762567292.1124878,99.30,1570.11
1762567293.1145139,100.00,1576.80
1762567294.1170864,99.00,1568.48
1762567295.1307352,98.90,1569.80
1762567296.1344807,98.40,1571.71
1762567297.136578,98.90,1570.80
1762567298.1375642,98.90,1563.93
1762567299.1397345,98.90,1568.84
1762567300.1444967,98.90,1571.20
1762567301.1456034,98.90,1571.94
1762567302.1464472,97.90,1573.27
1762567303.1505368,98.90,1570.69
1762567304.1515918,99.00,1570.11
1762567305.1555252,97.90,1564.85
1762567306.1565282,98.90,1568.21
1762567307.157453,98.40,1570.32
1762567308.1598728,98.90,1571.32
1762567309.1618183,98.40,1575.69
1762567310.1626618,98.90,1578.56
1762567311.1653724,99.50,1565.59
1762567312.1664925,99.00,1571.48
1762567313.1674335,98.90,1572.76
1762567314.168542,99.00,1573.23
1762567315.1696897,98.90,1574.93
1762567316.1766608,99.50,1573.75
1762567317.1774712,97.80,1570.59
1762567318.1779196,98.90,1571.12
1762567319.1785982,100.00,1570.73
1762567320.179665,98.90,1571.07
1762567321.1805112,99.40,1573.20
1762567322.1816149,98.90,1571.31
1762567323.1835535,99.40,1571.17
1762567324.1862338,98.90,1574.27
1762567325.1886168,99.40,1572.93
1762567326.1909738,98.90,1574.14
1762567327.1925728,100.00,1572.03
1762567328.1967309,98.40,1576.70
1762567329.1976273,99.50,1574.94
1762567330.1984913,98.40,1575.24
1762567331.2001164,98.90,1575.82
1762567332.20355,98.90,1571.04
1762567333.2045703,98.90,1571.93
1762567334.2055404,99.50,1574.93
1762567335.2070243,98.90,1573.67
1762567336.20979,97.80,1575.51
1762567337.2116964,100.00,1575.37
1762567338.2479727,99.00,1575.04
1762567339.2486136,99.50,1575.97
1762567340.2494388,97.40,1578.63
1762567341.2504702,98.40,1570.88
1762567342.2516305,98.90,1569.94
1762567343.2526708,97.80,1573.40
1762567344.2566066,98.40,1569.69
1762567345.2578764,98.40,1569.86
1762567346.2596846,99.50,1570.88
1762567347.2646205,98.40,1573.05
1762567348.2680328,98.90,1569.85
1762567349.272052,96.80,1574.14
1762567350.287121,100.00,1570.12
1762567351.2945704,98.90,1572.76
1762567352.2955573,99.50,1572.44
1762567353.3015184,98.40,1573.05
1762567354.3024864,98.90,1564.86
1762567355.3243353,98.90,1573.48
1762567356.3379261,100.00,1566.23
1762567357.3397677,98.90,1574.16
1762567358.371973,97.80,1579.58
1762567359.3736618,97.70,1571.18
1762567360.3890982,100.00,1570.22
1762567361.4052942,99.50,1571.65
1762567362.4078095,98.30,1569.79
1762567363.410516,98.40,1571.05
1762567364.4117234,98.90,1572.11
1762567365.4135325,99.00,1571.60
1762567366.4149196,98.30,1571.09
1762567367.4310246,100.00,1572.58
1762567368.4345205,100.00,1570.43
1762567369.4415755,99.50,1569.66
1762567370.442637,100.00,1569.42
1762567371.4434104,99.50,1563.09
1762567372.4476182,99.50,1568.00
1762567373.4485023,99.50,1567.99
1762567374.4495952,99.50,1568.10
1762567375.4546657,100.00,1566.28
1762567376.455639,99.00,1567.80
1762567377.4566007,100.00,1567.47
1762567378.4585986,99.50,1568.19
1762567379.4628694,99.00,1572.46
1762567380.4634314,100.00,1567.30
1762567381.464597,99.00,1567.95
1762567382.4659948,100.00,1567.76
1762567383.4665213,99.50,1568.34
1762567384.4684627,99.50,1570.35
1762567385.469928,100.00,1570.08
1762567386.4734895,98.50,1568.09
1762567387.4762607,99.50,1567.41
1762567388.4774902,100.00,1571.45
1762567389.4806767,99.50,1567.29
1762567390.4814723,99.50,1563.96
1762567391.4838476,99.50,1564.52
1762567392.4884877,99.50,1568.07
1762567393.4916852,100.00,1569.32
1762567394.4936848,99.50,1568.57
1762567395.4965954,100.00,1571.41
1762567396.497489,99.50,1569.71
1762567397.4985197,100.00,1569.17
1762567398.499968,100.00,1570.30
1762567399.5046906,99.50,1570.50
1762567400.5054708,100.00,1570.29
1762567401.5085566,99.50,1564.48
1762567402.509521,99.50,1568.04
1762567403.5108466,100.00,1568.63
1762567404.5142272,100.00,1569.43
1762567405.5167003,99.50,1570.41
1762567406.5187526,100.00,1570.10
1762567407.523079,98.70,1571.20
1762567408.5277312,100.00,1571.58
1762567409.5713685,99.40,1569.06
1762567410.5725067,100.00,1570.93
1762567411.5735974,99.50,1570.19
1762567412.5767624,100.00,1569.28
1762567413.5775595,100.00,1568.94
1762567414.5782044,100.00,1570.20
1762567415.5795557,98.90,1569.36
1762567416.5813644,100.00,1569.75
1762567417.5886786,99.40,1571.06
1762567418.6378791,99.50,1566.64
1762567419.641736,100.00,1565.33
1762567420.6483588,99.50,1566.34
1762567421.64972,100.00,1570.86
1762567422.650441,99.50,1570.55
1762567423.6516051,100.00,1571.88
1762567424.654169,99.50,1570.69
1762567425.6574552,99.00,1570.94
1762567426.6596313,100.00,1570.39
1762567427.6605077,99.50,1571.94
1762567428.6616983,99.50,1564.05
1762567429.6635315,99.50,1568.07
1762567430.6689825,99.00,1568.66
1762567431.6705654,100.00,1570.41
1762567432.6718328,99.50,1570.36
1762567433.6723747,99.50,1570.37
1762567434.6734445,99.50,1569.65
1762567435.674442,99.00,1563.07
1762567436.67682,100.00,1568.09
1762567437.677497,100.00,1570.90
1762567438.6875029,100.00,1572.62
1762567439.6904757,100.00,1569.40
1762567440.6914265,99.00,1568.78
1762567441.6926813,100.00,1571.72
1762567442.6946266,99.50,1568.09
1762567443.697526,100.00,1571.61
1762567444.6984196,100.00,1569.96
1762567445.7019958,99.50,1574.85
1762567446.7065501,99.50,1576.33
1762567447.7076101,100.00,1576.60
1762567448.7095408,99.50,1573.55
1762567449.7145774,99.50,1575.93
1762567450.718564,99.50,1576.07
1762567451.719497,99.50,1576.08
1762567452.7215478,100.00,1574.64
1762567453.7254784,100.00,1574.18
1762567454.7264452,99.00,1576.53
1762567455.7276096,99.50,1574.76
1762567456.7306197,100.00,1575.83
1762567457.7406394,100.00,1573.86
1762567458.7436895,100.00,1574.61
1762567459.7445033,99.50,1583.90
1762567460.7455118,100.00,1583.48
1762567461.7465608,99.50,1577.72
1762567462.7518833,100.00,1576.32
1762567463.7525082,100.00,1578.54
1762567464.753429,100.00,1577.03
1762567465.7947383,100.00,1578.94
1762567466.8508217,99.50,1572.61
1762567467.8538966,100.00,1577.94
1762567468.8575554,100.00,1574.46
1762567469.863599,100.00,1577.69
1762567470.869114,99.00,1577.89
1762567471.8753598,100.00,1575.73
1762567472.8772295,100.00,1575.22
1762567473.8790712,99.50,1575.77
1762567474.9145372,100.00,1572.51
1762567475.9167893,99.50,1565.30
1762567476.9235883,100.00,1568.85
1762567477.9247127,99.50,1570.44
1762567478.925652,100.00,1568.84
1762567479.927608,100.00,1571.62
1762567480.928489,100.00,1575.78
1762567481.9314933,99.50,1580.43
1762567482.9324386,99.50,1568.10
1762567483.9356437,100.00,1568.59
1762567484.9366553,100.00,1571.70
1762567485.9392767,100.00,1569.91
1762567486.94055,99.40,1568.14
1762567487.9439273,100.00,1571.25
1762567488.9447122,99.50,1572.10
1762567489.9483557,100.00,1568.82
1762567490.95228,100.00,1569.91
1762567491.9555554,100.00,1570.12
1762567492.9564712,99.50,1566.73
1762567493.9578006,100.00,1569.51
1762567494.961615,100.00,1568.73
1762567495.962475,99.50,1568.11
1762567496.9656837,100.00,1569.25
1762567497.9685514,99.50,1570.07
1762567498.969632,100.00,1570.13
1762567499.9754868,100.00,1570.15
1762567500.978223,100.00,1568.59
1762567501.979503,100.00,1569.08
1762567502.9836872,99.40,1567.53
1762567503.9854007,100.00,1570.54
1762567504.9884546,100.00,1574.65
1762567505.9916024,100.00,1572.39
1762567506.9934516,100.00,1567.77
1762567507.9954426,99.50,1573.55
1762567508.9965646,100.00,1571.17
1762567509.9994912,99.50,1569.27
1762567511.0046365,100.00,1572.07
1762567512.0057065,100.00,1570.18
1762567513.0065486,100.00,1570.44
1762567514.008522,100.00,1572.19
1762567515.0094435,99.50,1571.08
1762567516.0105,100.00,1574.26
1762567517.0340323,98.80,1575.03
1762567518.0357933,99.40,1564.91
1762567519.0415154,99.50,1564.56
1762567520.06252,100.00,1569.00
1762567521.0851226,100.00,1569.51
1762567522.086471,100.00,1570.37
1762567523.0968096,99.50,1562.52
1762567524.0975378,100.00,1565.96
1762567525.0983977,100.00,1572.01
1762567526.1022444,100.00,1572.58
1762567527.1189873,100.00,1574.18
1762567528.131555,98.90,1570.82
1762567529.1669085,100.00,1570.68
1762567530.168472,100.00,1568.37
1762567531.1716542,100.00,1570.65
1762567532.1728551,99.50,1570.45
1762567533.1756265,99.50,1572.36
1762567534.176908,100.00,1572.07
1762567535.1785774,99.50,1568.07
1762567536.179579,100.00,1569.80
1762567537.200226,99.50,1570.11
1762567538.221344,99.40,1568.93
1762567539.2224517,99.50,1570.55
1762567540.2236223,100.00,1571.52
1762567541.2261696,100.00,1570.48
1762567542.2275245,100.00,1570.46
1762567543.2284606,98.90,1570.57
1762567544.2624998,100.00,1570.68
1762567545.2766638,99.40,1570.53
1762567546.295402,100.00,1563.23
1762567547.2966661,100.00,1571.48
1762567548.3031902,99.50,1568.73
1762567549.306749,100.00,1568.34
1762567550.3075113,99.50,1568.57
1762567551.3084614,100.00,1569.06
1762567552.3094475,100.00,1569.17
1762567553.310411,99.50,1566.07
1762567554.3119776,99.50,1569.03
1762567555.3136253,100.00,1569.91
1762567556.3145254,100.00,1570.47
1762567557.3157544,99.50,1570.80
1762567558.3165839,98.30,1573.20
1762567559.3206687,100.00,1570.20
1762567560.3246627,100.00,1571.84
1762567561.3288608,100.00,1571.33
1762567562.3316698,100.00,1572.04
1762567563.3384442,98.70,1573.16
1762567564.3423097,100.00,1572.20
1762567565.3434517,100.00,1572.97
1762567566.3445692,100.00,1571.92
1762567567.3466616,99.50,1570.66
1762567568.34898,99.50,1572.71
1762567569.350257,100.00,1570.25
1762567570.3545487,100.00,1569.52
1762567571.356492,100.00,1569.48
1762567572.3595505,99.50,1570.95
1762567573.3607495,99.00,1569.88
1762567574.3614857,99.40,1569.34
1762567575.3637855,100.00,1570.46
1762567576.3647304,100.00,1571.36
1762567577.368625,100.00,1570.63
1762567578.3715668,99.50,1563.92
1762567579.3740857,99.50,1579.86
1762567580.3766727,98.90,1576.30
1762567581.3785682,99.50,1577.10
1762567582.3792279,100.00,1574.20
1762567583.3833075,99.50,1575.37
1762567584.384475,100.00,1573.26
1762567585.3886003,99.40,1571.44
1762567586.3917572,99.50,1572.38
1762567587.4030783,100.00,1572.19
1762567588.406826,99.50,1575.96
1762567589.4076064,99.50,1568.30
1762567590.4083965,99.50,1570.15
1762567591.4104917,99.40,1571.78
1762567592.411709,100.00,1568.11
1762567593.4124694,98.90,1574.83
1762567594.416501,100.00,1573.02
1762567595.4212687,100.00,1575.02
1762567596.4264085,100.00,1577.34
1762567597.4315984,100.00,1573.50
1762567598.432566,98.90,1576.02
1762567599.4334683,100.00,1573.56
1762567600.4366696,99.50,1573.62
1762567601.4374955,99.50,1572.28
1762567602.4416244,100.00,1572.74
1762567603.4443064,97.70,1572.84
1762567604.4506855,99.50,1573.57
1762567605.4518046,99.00,1575.70
1762567606.4535687,99.50,1574.75
1762567607.4586039,98.90,1576.62
1762567608.472307,100.00,1574.99
1762567609.473464,99.40,1569.90
1762567610.4805207,99.50,1572.35
1762567611.4825037,100.00,1571.36
1762567612.4844294,99.50,1570.35
1762567613.4854896,100.00,1569.95
1762567614.4865031,100.00,1571.67
1762567615.4926355,100.00,1574.39
1762567616.4935808,100.00,1574.38
1762567617.4947977,99.50,1573.13
1762567618.503073,100.00,1572.16
1762567619.5067427,100.00,1572.83
1762567620.5077863,99.40,1568.38
1762567621.5084639,100.00,1570.83
1762567622.5243466,99.50,1568.90
1762567623.5386336,100.00,1570.20
1762567624.5398564,100.00,1571.76
1762567625.5425575,99.50,1570.93
1762567626.5483315,100.00,1568.38
1762567627.5496671,99.50,1568.51
1762567628.5578613,100.00,1568.88
1762567629.5659819,100.00,1571.40
1762567630.5725389,100.00,1573.10
1762567631.5757422,100.00,1564.24
1762567632.5766115,100.00,1564.39
1762567633.5785575,100.00,1569.54
1762567634.5807483,100.00,1571.42
1762567635.581563,99.50,1569.65
1762567636.6047955,100.00,1569.48
1762567637.6067774,99.50,1570.27
1762567638.6087828,99.50,1567.98
1762567639.610288,100.00,1569.43
1762567640.6128762,100.00,1569.17
1762567641.6146493,100.00,1568.11
1762567642.6398344,100.00,1568.54
1762567643.661869,100.00,1567.41
1762567644.6642697,100.00,1568.28
1762567645.68157,100.00,1568.61
1762567646.6834512,99.50,1572.81
1762567647.687567,100.00,1567.59
1762567648.6897037,100.00,1571.32
1762567649.692531,99.50,1567.74
1762567650.7008622,100.00,1570.38
1762567651.704885,100.00,1570.33
1762567652.7054904,100.00,1570.16
1762567653.734801,100.00,1569.00
1762567654.743668,99.50,1568.12
1762567655.744461,100.00,1569.97
1762567656.7477286,100.00,1569.14
1762567657.7486424,100.00,1570.98
1762567658.7500713,100.00,1569.31
1762567659.7544885,100.00,1570.04
1762567660.7576847,100.00,1568.43
1762567661.7606275,99.50,1570.64
1762567662.7615142,100.00,1568.60
1762567663.764692,100.00,1570.30
1762567664.7654715,100.00,1570.44
1762567665.7669365,100.00,1571.46
1762567666.7676055,100.00,1568.88
1762567667.8599858,99.30,1570.03
1762567668.8617585,100.00,1568.54
1762567669.862967,100.00,1570.62
1762567670.8645997,100.00,1569.89
1762567671.8655598,100.00,1567.95
1762567672.8665347,99.50,1568.48
1762567673.8675923,100.00,1568.77
1762567674.8698928,100.00,1571.14
1762567675.871022,100.00,1566.61
1762567676.8722389,100.00,1566.79
1762567677.87355,99.40,1569.85
1762567678.8749933,100.00,1574.25
1762567679.876567,100.00,1571.36
1762567680.8775806,100.00,1571.25
1762567681.8786619,100.00,1570.70
1762567682.8794575,100.00,1572.64
1762567683.8816426,100.00,1570.95
1762567684.8851845,100.00,1571.75
1762567685.885975,99.40,1564.02
1762567686.8875518,100.00,1565.10
1762567687.8914704,100.00,1570.39
1762567688.8931887,100.00,1568.36
1762567689.895891,100.00,1568.79
1762567690.89657,100.00,1570.56
1762567691.8975651,100.00,1567.97
1762567692.8993134,100.00,1569.24
1762567693.903452,99.40,1569.20
1762567694.9044578,100.00,1568.49
1762567695.9055142,100.00,1568.76
1762567696.9064565,100.00,1570.25
1762567697.9076657,100.00,1568.52
1762567698.9093542,100.00,1569.15
1762567699.9105165,100.00,1568.39
1762567700.9145079,99.50,1568.76
1762567701.9156365,100.00,1566.98
1762567702.9164402,99.40,1568.47
1762567703.921657,100.00,1568.61
1762567704.9224327,100.00,1570.66
1762567705.9255924,99.50,1569.27
1762567706.926545,100.00,1567.62
1762567707.9277477,100.00,1571.20
1762567708.9287567,100.00,1570.00
1762567709.9325275,100.00,1570.24
1762567710.9346209,98.90,1568.17
1762567711.955351,98.90,1570.26
1762567712.9594803,100.00,1572.78
1762567713.973205,100.00,1571.13
1762567714.9816756,99.50,1572.92
1762567715.9845245,98.90,1575.91
1762567716.9889617,100.00,1573.29
1762567717.9924827,99.50,1574.73
1762567718.9945784,99.50,1573.79
1762567719.9989507,98.40,1571.85
1762567720.9997542,98.40,1572.65
1762567722.0017104,99.50,1572.64
1762567723.0046995,98.40,1571.79
1762567724.0062976,99.00,1572.92
1762567725.0073266,99.50,1576.27
1762567726.008648,97.40,1575.26
1762567727.0097446,99.40,1573.10
1762567728.0186868,98.90,1573.53
1762567729.0205057,98.90,1587.81
1762567730.026113,99.50,1576.24
1762567731.0276556,98.90,1577.55
1762567732.0284693,98.90,1574.46
1762567733.0402837,98.40,1576.56
1762567734.0501893,99.50,1581.11
1762567735.0529487,98.40,1577.11
1762567736.0544028,98.30,1580.41
1762567737.0555274,99.50,1579.61
1762567738.0567138,98.90,1579.33
1762567739.0634894,99.50,1579.25
1762567740.0682898,98.90,1580.44
1762567741.0705833,98.40,1578.18
1762567742.0744064,100.00,1567.80
1762567743.0962675,99.50,1567.82
1762567744.1005886,100.00,1567.29
1762567745.1014674,99.50,1566.64
1762567746.1027029,99.50,1568.23
1762567747.1055615,99.00,1571.59
1762567748.1064847,100.00,1572.30
1762567749.110937,100.00,1568.80
1762567750.1115286,99.50,1568.31
1762567751.1125853,99.00,1568.83
1762567752.1150246,99.50,1569.02
1762567753.1196523,99.50,1569.16
1762567754.1227546,100.00,1570.01
1762567755.1236494,99.00,1568.15
1762567756.129669,99.50,1568.58
1762567757.130786,99.40,1569.79
1762567758.133512,99.50,1569.43
1762567759.1356177,99.50,1574.44
1762567760.1387928,97.80,1572.13
1762567761.142289,99.50,1573.04
1762567762.1457584,98.90,1573.83
1762567763.148522,99.50,1569.42
1762567764.1515524,100.00,1568.90
1762567765.1555307,100.00,1568.66
1762567766.1565907,99.50,1569.43
1762567767.158481,99.50,1564.14
1762567768.1597574,100.00,1568.68
1762567769.1624963,100.00,1567.61
1762567770.1656654,99.50,1568.18
1762567771.1688058,99.50,1569.93
1762567772.1705198,98.90,1568.70
1762567773.1747894,99.50,1568.34
1762567774.1756167,99.50,1568.97
1762567775.1765816,100.00,1570.81
1762567776.1791792,98.50,1568.84
1762567777.1805806,99.50,1567.44
1762567778.1817963,100.00,1570.66
1762567779.18377,100.00,1568.95
1762567780.184572,99.50,1569.44
1762567781.1858892,99.00,1568.56
1762567782.1894217,100.00,1572.88
1762567783.191508,100.00,1569.23
1762567784.1926851,100.00,1569.77
1762567785.1947684,99.50,1571.20
1762567786.1954665,100.00,1569.73
1762567787.1966355,100.00,1569.30
1762567788.201682,98.00,1572.36
1762567789.2026563,98.50,1567.25
1762567790.2046247,99.50,1566.94
1762567791.2094896,99.50,1569.47
1762567792.2108736,100.00,1568.42
1762567793.2155733,98.00,1567.48
1762567794.216319,99.00,1569.37
1762567795.2185276,100.00,1568.14
1762567796.220911,99.50,1567.70
1762567797.2216141,99.50,1567.61
1762567798.2245843,99.50,1568.29
1762567799.2274551,100.00,1582.87
1762567800.230512,99.50,1567.57
1762567801.2316432,99.50,1568.04
1762567802.233659,99.50,1568.38
1762567803.2374208,99.50,1567.71
1762567804.2385683,99.50,1566.53
1762567805.239541,100.00,1567.57
1762567806.2425094,99.50,1566.77
1762567807.2438185,99.50,1566.70
1762567808.2455294,99.00,1567.93
1762567809.2466955,99.50,1567.91
1762567810.2474608,99.50,1569.19
1762567811.249182,99.50,1568.31
1762567812.2520647,100.00,1566.86
1762567813.2534213,98.50,1563.78
1762567814.2593307,100.00,1568.00
1762567815.2605352,99.50,1569.74
1762567816.2635527,99.50,1567.92
1762567817.2656882,99.50,1568.69
1762567818.267945,99.00,1568.11
1762567819.26964,99.50,1569.51
1762567820.2727518,98.50,1568.27
1762567821.2743073,96.30,1569.46
1762567822.2765527,100.00,1569.05
1762567823.280469,98.50,1568.06
1762567824.2814953,99.00,1567.83
1762567825.2827432,100.00,1570.11
1762567826.2876549,99.50,1567.27
1762567827.3023114,99.50,1568.27
1762567828.3051097,98.50,1567.14
1762567829.3074992,99.50,1570.30
1762567830.308943,99.50,1564.50
1762567831.309464,97.50,1572.65
1762567832.312587,99.00,1572.46
1762567833.3135185,98.00,1579.23
1762567834.3145945,99.50,1573.75
1762567835.3157449,100.00,1568.66
1762567836.3169074,99.50,1570.31
1762567837.3190777,100.00,1569.36
1762567838.320489,99.00,1570.26
1762567839.324525,100.00,1568.94
1762567840.326594,99.50,1571.16
1762567841.3276587,99.00,1569.84
1762567842.3286269,99.50,1570.29
1762567843.3335693,99.50,1570.84
1762567844.339553,98.00,1571.89
1762567845.3408723,98.50,1571.91
1762567846.3418047,98.00,1572.43
1762567847.3534937,98.50,1574.57
1762567848.390869,99.50,1573.32
1762567849.3966088,99.50,1575.64
1762567850.397665,99.00,1571.79
1762567851.3986247,99.50,1571.02
1762567852.399824,100.00,1571.73
1762567853.405788,99.50,1572.69
1762567854.4064682,100.00,1572.35
1762567855.407471,98.50,1574.31
1762567856.4176776,99.00,1572.16
1762567857.4185822,99.00,1573.76
1762567858.4198816,99.00,1573.15
1762567859.4214256,99.00,1575.04
1762567860.4246404,99.00,1570.85
1762567861.4266331,98.50,1571.28
1762567862.4284089,99.00,1573.18
1762567863.4314294,99.00,1575.29
1762567864.432436,99.00,1573.77
1762567865.4364982,98.50,1572.92
1762567866.4374678,98.50,1574.07
1762567867.4414668,98.00,1576.50
1762567868.4444842,98.50,1577.52
1762567869.4465494,98.50,1573.84
1762567870.4485352,99.00,1578.32
1762567871.4494689,100.00,1576.27
1762567872.4505484,98.50,1577.73
1762567873.4518247,98.00,1577.85
1762567874.4543252,99.50,1569.17
1762567875.4625866,99.50,1570.57
1762567876.4637327,99.50,1570.87
1762567877.4727757,99.50,1573.93
1762567878.4746869,100.00,1567.20
1762567879.4793344,100.00,1567.36
1762567880.480504,100.00,1568.52
1762567881.4824748,99.50,1571.62
1762567882.485837,99.50,1573.29
1762567883.494414,99.50,1569.48
1762567884.495528,100.00,1571.19
1762567885.5047488,100.00,1568.89
1762567886.5054684,99.50,1569.57
1762567887.506808,97.50,1568.82
1762567888.5105457,99.50,1570.39
1762567889.5114534,99.50,1569.51
1762567890.5135229,100.00,1568.43
1762567891.5146346,100.00,1568.24
1762567892.5154707,99.50,1572.24
1762567893.5179524,99.50,1573.06
1762567894.5204558,100.00,1567.39
1762567895.5215614,99.50,1573.30
1762567896.5240169,100.00,1569.78
1762567897.5306985,99.00,1564.77
1762567898.531638,99.50,1569.61
1762567899.5325937,99.50,1568.99
1762567900.5336652,100.00,1572.18
1762567901.5348387,100.00,1568.69
1762567902.5354269,99.50,1569.88
1762567903.5364728,99.50,1567.31
1762567904.5378292,100.00,1567.93
1762567905.538588,100.00,1568.30
1762567906.5392473,100.00,1569.15
1762567907.540681,99.00,1567.99
1762567908.5433018,100.00,1568.27
1762567909.5460737,99.00,1573.65
1762567910.5486736,100.00,1568.53
1762567911.5531664,99.50,1569.25
1762567912.5608318,99.00,1571.92
1762567913.5630574,100.00,1569.20
1762567914.5647721,99.00,1568.96
1762567915.5675707,99.50,1568.54
1762567916.569003,99.50,1568.77
1762567917.569488,99.00,1569.95
1762567918.5728173,99.50,1568.20
1762567919.5746915,99.50,1571.97
1762567920.5764346,100.00,1567.76
1762567921.5805674,99.50,1569.34
1762567922.5815358,99.50,1573.39
1762567923.5825744,100.00,1566.75
1762567924.5845673,99.50,1569.65
1762567925.5854452,100.00,1570.59
1762567926.5864937,99.50,1568.56
1762567927.588761,99.50,1566.90
1762567928.5906665,100.00,1568.42
1762567929.6035824,100.00,1562.18
1762567930.6047447,100.00,1568.92
1762567931.6057677,99.50,1568.32
1762567932.6094553,99.00,1568.84
1762567933.610477,100.00,1569.23
1762567934.614584,100.00,1569.66
1762567935.6154668,99.50,1569.39
1762567936.6191325,99.50,1571.68
1762567937.6213791,98.50,1570.30
1762567938.6238186,100.00,1572.68
1762567939.6244986,100.00,1569.19
1762567940.6273139,99.50,1570.18
1762567941.6319818,100.00,1573.29
1762567942.6456504,100.00,1575.15
1762567943.6465235,99.50,1565.28
1762567944.6474257,100.00,1568.65
1762567945.6488829,100.00,1570.09
1762567946.6608794,100.00,1570.86
1762567947.6647227,100.00,1569.39
1762567948.6665576,100.00,1569.95
1762567949.6675549,100.00,1571.93
1762567950.668559,99.00,1571.48
1762567951.6726768,100.00,1568.67
1762567952.6754594,100.00,1570.61
1762567953.678714,100.00,1568.28
1762567954.6803594,100.00,1570.37
1762567955.683639,99.50,1570.09
1762567956.68535,99.50,1569.20
1762567957.6911283,100.00,1570.15
1762567958.6974797,97.90,1573.02
1762567959.7006323,100.00,1573.04
1762567960.7027543,99.50,1571.12
1762567961.7035215,100.00,1572.39
1762567962.7046204,100.00,1568.93
1762567963.7064657,100.00,1571.80
1762567964.7078018,100.00,1568.89
1762567965.7095003,99.00,1573.12
1762567966.7104733,100.00,1571.02
1762567967.7167156,100.00,1570.02
1762567968.7186623,99.50,1568.93
1762567969.7196946,100.00,1569.63
1762567970.73248,99.50,1575.07
1762567971.7390614,100.00,1570.60
1762567972.7438064,99.50,1570.64
1762567973.7445827,100.00,1569.57
1762567974.745734,100.00,1574.08
1762567975.7464614,99.00,1569.70
1762567976.749519,100.00,1577.60
1762567977.7590675,99.50,1572.27
1762567978.7606063,100.00,1569.88
1762567979.7614653,100.00,1571.86
1762567980.7635477,99.50,1571.70
1762567981.7644775,100.00,1573.88
1762567982.7659583,99.50,1578.82
1762567983.768456,100.00,1571.92
1762567984.7765317,100.00,1573.23
1762567985.7798789,99.50,1568.47
1762567986.7805264,100.00,1573.60
1762567987.7856863,99.50,1570.62
1762567988.7979035,99.50,1579.12
1762567989.7999942,99.00,1572.02
1762567990.809006,99.50,1580.39
1762567991.815563,100.00,1572.64
1762567992.8184295,99.50,1574.22
1762567993.8195872,99.50,1574.08
1762567994.8204503,100.00,1572.30
1762567995.8210802,99.50,1572.00
1762567996.828717,99.50,1572.74
1762567997.8297374,100.00,1571.86
1762567998.8349802,100.00,1575.10
1762567999.8405194,99.50,1571.73
1762568000.8445606,99.00,1574.61
1762568001.8455846,100.00,1575.62
1762568002.8515491,99.50,1573.56
1762568003.8546503,99.50,1575.01
1762568004.8555927,99.50,1574.43
1762568005.858516,99.50,1576.89
1762568006.8604734,100.00,1575.84
1762568007.861456,99.50,1570.71
1762568008.8625715,100.00,1570.33
1762568009.8634877,100.00,1569.01
1762568010.8646386,99.50,1570.03
1762568011.8656049,100.00,1576.15
1762568012.8694718,100.00,1571.85
1762568013.8715727,100.00,1568.81
1762568014.8726509,99.50,1573.15
1762568015.8743281,99.50,1569.20
1762568016.8757281,100.00,1569.75
1762568017.8787417,100.00,1568.95
1762568018.8794525,100.00,1564.69
1762568019.8815663,100.00,1568.77
1762568020.8865986,99.50,1567.90
1762568021.8874714,100.00,1568.80
1762568022.8886569,99.50,1569.50
1762568023.8895059,100.00,1569.50
1762568024.890431,100.00,1569.38
1762568025.8945668,99.50,1569.02
1762568026.8955886,99.50,1569.00
1762568027.9026775,100.00,1571.21
1762568028.903574,100.00,1572.07
1762568029.906764,100.00,1574.21
1762568030.9117277,99.50,1574.36
1762568031.9126558,100.00,1574.27
1762568032.9172263,100.00,1572.61
1762568033.9187052,100.00,1572.04
1762568034.92218,99.50,1571.60
1762568035.9264927,100.00,1572.18
1762568036.9275858,99.50,1570.86
1762568037.92845,100.00,1573.04
1762568038.930752,100.00,1573.00
1762568039.9317296,99.50,1570.45
1762568041.0288582,98.60,1564.48
1762568042.032723,100.00,1569.07
1762568043.0345387,100.00,1577.38
1762568044.037673,100.00,1571.42
1762568045.0405245,99.50,1570.19
1762568046.0416234,99.50,1568.30
1762568047.04247,100.00,1569.80
1762568048.0434442,100.00,1569.44
1762568049.0446432,100.00,1570.05
1762568050.045681,100.00,1569.09
1762568051.0466053,99.00,1568.50
1762568052.0475662,100.00,1568.25
1762568053.04939,100.00,1568.96
1762568054.0509915,100.00,1567.36
1762568055.0535293,100.00,1568.78
1762568056.054468,99.50,1569.32
1762568057.0587192,100.00,1569.58
1762568058.0636232,100.00,1569.53
1762568059.0655599,100.00,1568.97
1762568060.0665307,100.00,1565.44
1762568061.067619,99.00,1570.40
1762568062.069275,100.00,1569.55
1762568063.0713012,100.00,1568.37
1762568064.074631,99.50,1571.36
1762568065.0765543,100.00,1571.46
1762568066.0795064,99.50,1569.62
1762568067.0805957,100.00,1571.00
1762568068.0824573,100.00,1571.20
1762568069.0835135,100.00,1568.91
1762568070.088267,100.00,1570.00
1762568071.089788,99.00,1569.65
1762568072.0922303,100.00,1569.91
1762568073.0930839,100.00,1569.52
1762568074.0971112,100.00,1570.70
1762568075.0995126,100.00,1568.09
1762568076.1014256,99.00,1572.19
1762568077.1025107,100.00,1572.29
1762568078.1069458,100.00,1570.29
1762568079.1086562,100.00,1568.02
1762568080.1116376,100.00,1569.83
1762568081.1127687,99.50,1568.45
1762568082.1176867,100.00,1567.73
1762568083.1186492,99.50,1568.77
1762568084.1206477,100.00,1570.68
1762568085.1240296,100.00,1567.85
1762568086.1259289,99.50,1568.60
1762568087.1275518,100.00,1569.34
1762568088.129674,100.00,1571.16
1762568089.131803,100.00,1567.75
1762568090.1337934,100.00,1568.65
1762568091.1368523,99.00,1569.56
1762568092.1422133,100.00,1577.23
1762568093.1725373,99.40,1577.60
1762568094.2047076,100.00,1571.00
1762568095.219659,100.00,1573.27
1762568096.222488,99.50,1570.19
1762568097.223449,100.00,1567.91
1762568098.2275262,100.00,1568.63
1762568099.2407916,100.00,1569.32
1762568100.2428806,100.00,1571.26
1762568101.2434454,99.50,1567.91
1762568102.2446153,100.00,1571.61
1762568103.2455964,100.00,1570.40
1762568104.254716,100.00,1570.81
1762568105.256393,100.00,1568.23
1762568106.257535,99.00,1567.49
1762568107.2586133,99.50,1569.44
1762568108.2624319,100.00,1568.18
1762568109.265539,100.00,1567.80
1762568110.2690349,100.00,1572.38
1762568111.2711596,100.00,1573.64
1762568112.2809722,99.50,1570.30
1762568113.281411,100.00,1570.13
1762568114.2892573,100.00,1573.99
1762568115.2932544,99.50,1571.88
1762568116.2944543,99.50,1571.11
1762568117.2985344,100.00,1570.61
1762568118.2995908,100.00,1570.17
1762568119.3118532,100.00,1570.42
1762568120.3144553,99.00,1571.27
1762568121.3175948,100.00,1571.27
1762568122.320553,99.50,1572.57
1762568123.326346,100.00,1571.63
1762568124.3276837,100.00,1574.77
1762568125.328568,99.50,1571.62
1762568126.335585,100.00,1572.15
1762568127.3425148,99.50,1571.32
1762568128.3628318,100.00,1569.98
1762568129.372567,99.50,1574.32
1762568130.3926902,100.00,1573.27
1762568131.3936384,99.50,1574.78
1762568132.395618,99.50,1576.39
1762568133.398502,100.00,1575.26
1762568134.402334,100.00,1573.74
1762568135.4081845,100.00,1574.13
1762568136.413508,99.50,1576.06
1762568137.4144998,100.00,1578.16
1762568138.4176612,100.00,1582.29
1762568139.41861,100.00,1580.00
1762568140.5411236,99.40,1566.88
1762568141.545062,94.70,1570.54
1762568142.5466964,100.00,1572.57
1762568143.5562606,100.00,1568.54
1762568144.5626159,100.00,1568.77
1762568145.564534,100.00,1567.82
1762568146.5655236,99.00,1568.61
1762568147.5685673,100.00,1572.13
1762568148.5714962,100.00,1568.28
1762568149.574965,100.00,1569.95
1762568150.5796602,100.00,1566.82
1762568151.583773,99.50,1567.82
1762568152.5858333,99.50,1567.33
1762568153.5870066,100.00,1572.72
1762568154.5910552,100.00,1573.47
1762568155.5954638,100.00,1568.83
1762568156.6013653,99.50,1568.59
1762568157.6026702,100.00,1564.41
1762568158.6049256,99.50,1570.18
1762568159.609084,100.00,1570.39
1762568160.6107674,100.00,1571.88
1762568161.6151912,99.50,1568.74
1762568162.6168234,99.50,1570.44
1762568163.6190996,100.00,1569.61
1762568164.6229799,100.00,1572.54
1762568165.6251776,100.00,1564.97
1762568166.6287258,99.50,1569.59
1762568167.632141,100.00,1568.63
1762568168.6344454,100.00,1566.14
1762568169.6373432,100.00,1569.18
1762568170.6406534,100.00,1573.89
1762568171.6428356,99.00,1569.78
1762568172.648863,100.00,1567.92
1762568173.6535795,100.00,1566.29
1762568174.6544847,100.00,1568.06
1762568175.6554592,99.50,1567.67
1762568176.657892,99.00,1569.65
1762568177.658779,100.00,1579.12
1762568178.663504,100.00,1570.14
1762568179.6658287,100.00,1568.44
1762568180.6675942,100.00,1569.63
1762568181.6694126,99.50,1571.04
1762568182.672064,100.00,1569.74
1762568183.6781025,99.00,1569.33
1762568184.6846247,100.00,1569.03
1762568185.68644,100.00,1569.21
1762568186.6875553,99.50,1569.41
1762568187.6904979,100.00,1569.76
1762568188.69164,100.00,1570.32
1762568189.6935165,100.00,1567.80
1762568190.694586,100.00,1590.49
1762568191.6976228,99.50,1574.27
1762568192.7059815,100.00,1568.56
1762568193.708686,100.00,1572.52
1762568194.7095008,99.50,1570.82
1762568195.7104673,100.00,1570.51
1762568196.7126467,99.50,1570.19
1762568197.713757,100.00,1568.79
1762568198.7175462,100.00,1569.14
1762568199.7216105,100.00,1569.37
1762568200.7237892,100.00,1570.82
1762568201.7259824,99.50,1567.17
1762568202.729736,99.50,1564.75
1762568203.7314758,100.00,1569.92
1762568204.7345037,100.00,1568.43
1762568205.738746,99.50,1569.69
1762568206.755544,100.00,1568.71
1762568207.7590663,100.00,1570.24
1762568208.7819862,99.50,1569.24
1762568209.7836905,100.00,1567.30
1762568210.7846203,99.50,1570.78
1762568211.7926655,100.00,1574.22
1762568212.8252733,99.50,1577.00
1762568213.8264577,100.00,1572.96
1762568214.8278058,100.00,1569.10
1762568215.8305643,99.50,1567.91
1762568216.832599,99.50,1568.38
1762568217.834604,99.50,1569.66
1762568218.8394094,99.50,1567.79
1762568219.8476045,100.00,1570.98
1762568220.8488033,98.50,1567.71
1762568221.8494837,100.00,1568.70
1762568222.850417,99.50,1567.95
1762568223.851439,100.00,1568.21
1762568224.852625,100.00,1570.82
1762568225.854434,99.50,1569.43
1762568226.8564498,100.00,1568.09
1762568227.8597305,99.00,1568.14
1762568228.8614712,100.00,1573.54
1762568229.8626697,100.00,1569.09
1762568230.8642695,100.00,1567.45
1762568231.8695958,99.50,1570.52
1762568232.8725913,99.50,1568.55
1762568233.8746421,99.00,1568.20
1762568234.8764863,100.00,1568.12
1762568235.880525,100.00,1567.98
1762568236.8837686,100.00,1569.26
1762568237.885032,99.50,1568.50
1762568238.8867006,100.00,1566.22
1762568239.8884435,99.50,1571.66
1762568240.8945823,99.50,1566.74
1762568241.8964431,100.00,1567.17
1762568242.897475,99.50,1575.62
1762568243.8982892,99.50,1573.18
1762568244.8995783,100.00,1572.24
1762568245.9024625,99.50,1572.61
1762568246.9053903,100.00,1571.68
1762568247.9065545,100.00,1575.68
1762568248.9075413,99.50,1570.87
1762568249.908566,100.00,1574.82
1762568250.9125657,100.00,1575.93
1762568251.9136503,99.50,1573.94
1762568252.9145238,100.00,1585.08
1762568253.9176826,100.00,1575.18
1762568254.9206493,100.00,1574.44
1762568255.9215376,100.00,1575.40
1762568256.923949,99.50,1573.96
1762568257.9250827,100.00,1570.69
1762568258.9284065,100.00,1576.44
1762568259.9295397,100.00,1572.52
1762568260.9305122,100.00,1573.47
1762568261.9363563,100.00,1571.01
1762568262.9386044,99.50,1576.40
1762568263.939591,100.00,1574.62
1762568264.944443,100.00,1574.90
1762568265.9456291,100.00,1574.69
1762568266.9475696,99.50,1572.25
1762568267.9498425,100.00,1574.11
1762568268.9510088,100.00,1574.26
1762568269.954996,100.00,1577.17
1762568270.964672,99.50,1573.86
1762568271.97806,100.00,1573.57
1762568272.9845133,100.00,1575.15
1762568273.9885383,99.50,1572.48
1762568274.9896019,100.00,1570.50
1762568275.9925709,100.00,1571.41
1762568276.994429,100.00,1569.09
1762568277.9969237,99.50,1569.21
1762568278.9990015,100.00,1572.02
1762568280.0053437,100.00,1571.07
1762568281.0076559,100.00,1567.42
1762568282.0205016,100.00,1568.65
1762568283.0215578,99.50,1574.66
1762568284.0224705,100.00,1575.50
1762568285.0245054,100.00,1569.75
1762568286.0274491,99.00,1570.02
1762568287.028678,99.50,1570.37
1762568288.0322788,100.00,1566.80
1762568289.0354478,100.00,1568.29
1762568290.0365071,99.50,1570.22
1762568291.0396996,100.00,1568.57
1762568292.0406058,98.50,1569.30
1762568293.0428195,100.00,1570.25
1762568294.043593,100.00,1570.65
1762568295.0445378,99.50,1569.03
1762568296.046476,100.00,1569.03
1762568297.0546057,99.50,1566.81
1762568298.058519,100.00,1568.44
1762568299.0595393,100.00,1568.10
1762568300.0605414,100.00,1571.34
1762568301.063512,99.50,1571.15
1762568302.0684679,100.00,1569.60
1762568303.0695298,100.00,1569.82
1762568304.0706303,99.50,1568.62
1762568305.0722847,100.00,1569.20
1762568306.0748718,100.00,1568.85
1762568307.0776947,99.00,1570.35
1762568308.091516,97.20,1563.11
1762568309.093954,100.00,1568.80
1762568310.1006207,100.00,1569.12
1762568311.1039662,100.00,1571.93
1762568312.1073503,99.50,1569.29
1762568313.1092114,99.50,1569.57
1762568314.1106756,100.00,1568.70
1762568315.130068,100.00,1569.18
1762568316.1314251,99.50,1568.81
1762568317.1324894,100.00,1574.66
1762568318.1337223,99.50,1572.36
1762568319.1345584,100.00,1569.05
1762568320.1365817,100.00,1570.18
1762568321.1380758,100.00,1571.18
1762568322.1404784,99.50,1566.61
1762568323.1455832,100.00,1568.50
1762568324.1475027,100.00,1568.07
1762568325.1485522,100.00,1568.21
1762568326.1495464,100.00,1568.78
1762568327.1504743,99.50,1568.73
1762568328.151564,100.00,1568.85
1762568329.153552,100.00,1568.24
1762568330.1546493,97.90,1569.09
1762568331.1555605,100.00,1568.69
1762568332.1565607,100.00,1567.36
1762568333.159487,100.00,1568.52
1762568334.160458,100.00,1566.47
1762568335.1626096,99.50,1568.66
1762568336.1644669,100.00,1567.08
1762568337.1654587,99.50,1568.93
1762568338.168458,100.00,1571.25
1762568339.1718786,100.00,1570.66
1762568340.1737275,99.50,1569.30
1762568341.1762967,100.00,1567.56
1762568342.1777246,99.50,1567.65
1762568343.1806147,100.00,1569.21
1762568344.1883848,100.00,1568.87
1762568345.189846,99.50,1570.13
1762568346.193465,100.00,1572.67
1762568347.194763,99.50,1568.94
1762568348.1957304,100.00,1563.81
1762568349.2004325,100.00,1569.27
1762568350.2025015,100.00,1569.13
1762568351.2034607,100.00,1568.42
1762568352.2075243,98.50,1567.93
1762568353.2114985,100.00,1567.81
1762568354.2124228,100.00,1568.61
1762568355.2196777,100.00,1570.32
1762568356.2245154,100.00,1569.38
1762568357.2254333,99.50,1568.53
1762568358.2276928,100.00,1568.67
1762568359.228654,100.00,1567.93
1762568360.2307484,100.00,1567.95
1762568361.233182,100.00,1568.93
1762568362.2345104,99.00,1568.73
1762568363.2375007,100.00,1569.02
1762568364.2393515,100.00,1568.90
1762568365.2435143,100.00,1569.74
1762568366.2444923,99.40,1568.63
1762568367.2479038,100.00,1569.05
1762568368.2697916,100.00,1569.31
1762568369.2782137,100.00,1570.30
1762568370.2795556,100.00,1570.37
1762568371.2916777,100.00,1569.79
1762568372.2938316,99.50,1571.45
1762568373.3134856,100.00,1569.27
1762568374.3353648,100.00,1569.11
1762568375.3364217,100.00,1569.84
1762568376.3375413,100.00,1562.67
1762568377.3465624,99.50,1562.24
1762568378.3476017,100.00,1564.29
1762568379.3504593,99.50,1563.05
1762568380.3517663,100.00,1562.61
1762568381.352787,100.00,1563.12
1762568382.3593605,99.50,1562.96
1762568383.3605409,100.00,1563.68
1762568384.3622863,100.00,1563.36
1762568385.3634796,100.00,1565.02
1762568386.3647919,100.00,1570.64
1762568387.3671956,99.50,1571.00
1762568388.3698938,100.00,1571.52
1762568389.3718057,100.00,1572.71
1762568390.3773847,100.00,1570.96
1762568391.3830414,100.00,1578.58
1762568392.3886862,100.00,1578.82
1762568393.3913622,100.00,1578.82
1762568394.3956673,100.00,1579.12
1762568395.4020026,100.00,1579.63
1762568396.405913,100.00,1580.40
1762568397.4070473,99.00,1578.62
1762568398.4094303,100.00,1578.36
1762568399.4134843,100.00,1579.78
1762568400.4144368,100.00,1579.14
1762568401.4197,100.00,1579.41
1762568402.4256864,100.00,1575.75
1762568403.4274507,100.00,1578.10
1762568404.4287274,100.00,1578.14
1762568405.4328046,100.00,1576.83
1762568406.4391317,100.00,1577.63
1762568407.4405746,100.00,1576.13
1762568408.4465544,100.00,1575.12
1762568409.4475257,100.00,1578.13
1762568410.4497094,100.00,1579.36
1762568411.4517128,100.00,1576.67
1762568412.4576871,100.00,1577.92
1762568413.464127,100.00,1577.94
1762568414.4655128,99.50,1578.02
1762568415.481129,100.00,1577.53
1762568416.4826362,100.00,1577.66
1762568417.483489,100.00,1580.61
1762568418.4864807,100.00,1576.71
1762568419.4896107,100.00,1576.70
1762568420.490606,100.00,1580.64
1762568421.4941585,100.00,1573.13
1762568422.495446,100.00,1576.16
1762568423.496452,100.00,1577.04
1762568424.4977016,100.00,1578.06
1762568425.4989946,100.00,1577.33
1762568426.5046873,100.00,1580.20
1762568427.5054488,99.50,1576.33
1762568428.5095606,100.00,1579.20
1762568429.5107021,100.00,1575.84
1762568430.5125258,100.00,1577.04
1762568431.5135596,100.00,1577.54
1762568432.5145402,99.50,1574.82
1762568433.5175242,100.00,1576.18
1762568434.5220761,100.00,1576.41
1762568435.5235527,100.00,1578.15
1762568436.5273712,100.00,1577.07
1762568437.5434494,100.00,1575.53
1762568438.544692,100.00,1575.28
1762568439.5480478,100.00,1575.12
1762568440.5515797,100.00,1574.86
1762568441.5525851,99.50,1575.19
1762568442.5545912,100.00,1575.16
1762568443.5593665,100.00,1576.27
1762568444.560593,100.00,1575.56
1762568445.5627396,100.00,1576.16
1762568446.56449,99.00,1574.48
1762568447.5674658,100.00,1576.65
1762568448.5685942,100.00,1577.68
1762568449.5725114,100.00,1578.32
1762568450.5755773,100.00,1580.19
1762568451.5764384,100.00,1594.79
1762568452.5787556,100.00,1577.43
1762568453.584544,100.00,1574.66
1762568454.5857697,99.50,1576.43
1762568455.5914986,100.00,1580.56
1762568456.5949888,99.50,1577.31
1762568457.5970054,100.00,1578.85
1762568458.6006432,100.00,1579.04
1762568459.6065896,100.00,1575.83
1762568460.6074908,100.00,1575.92
1762568461.6124916,99.50,1578.86
1762568462.6134522,100.00,1577.58
1762568463.6147017,100.00,1576.02
1762568464.6155157,100.00,1578.04
1762568465.6164365,100.00,1576.75
1762568466.6195786,100.00,1576.09
1762568467.6229942,100.00,1575.08
1762568468.624537,100.00,1577.93
1762568469.625558,100.00,1574.21
1762568470.6318004,100.00,1574.17
1762568471.6335402,100.00,1576.77
1762568472.6344821,100.00,1577.30
1762568473.6355767,100.00,1579.07
1762568474.6407783,100.00,1579.77
1762568475.6427395,99.50,1574.75
1762568476.6485198,100.00,1577.64
1762568477.652856,100.00,1572.37
1762568478.6539042,100.00,1576.38
1762568479.6574175,100.00,1575.96
1762568480.6596386,100.00,1577.43
1762568481.6636858,99.50,1569.95
1762568482.6685774,100.00,1576.62
1762568483.6704988,100.00,1577.97
1762568484.6727953,99.50,1577.47
1762568485.6736894,100.00,1577.46
1762568486.6775048,99.50,1575.30
1762568487.6785417,100.00,1576.96
1762568488.681709,100.00,1580.98
1762568489.6825001,100.00,1575.30
1762568490.6853132,100.00,1574.52
1762568491.689547,100.00,1576.11
1762568492.6905763,100.00,1575.87
1762568493.6923947,100.00,1575.61
1762568494.695531,100.00,1577.98
1762568495.7085693,99.50,1574.61
1762568496.709732,99.50,1578.71
1762568497.7105415,100.00,1576.28
1762568498.7124183,100.00,1576.15
1762568499.7145321,100.00,1577.96
1762568500.7177582,100.00,1578.11
1762568501.7185292,100.00,1577.82
1762568502.7204618,100.00,1575.48
1762568503.7249937,100.00,1574.16
1762568504.7284756,100.00,1577.86
1762568505.7305367,100.00,1575.79
1762568506.7335527,99.50,1575.31
1762568507.735621,100.00,1575.65
1762568508.7366183,100.00,1577.30
1762568509.7381983,100.00,1576.55
1762568510.745466,100.00,1576.57
1762568511.7466779,99.50,1577.63
1762568512.748608,100.00,1577.08
1762568513.7526324,100.00,1574.60
1762568514.7554615,100.00,1575.27
1762568515.75645,100.00,1572.62
1762568516.7575328,99.50,1575.91
1762568517.7625933,100.00,1576.36
1762568518.7634902,100.00,1574.04
1762568519.7662652,100.00,1577.70
1762568520.7692933,99.50,1576.06
1762568521.7711098,99.50,1575.88
1762568522.7744594,100.00,1575.44
1762568523.7756305,99.50,1577.40
1762568524.7802675,100.00,1576.94
1762568525.7830298,100.00,1577.55
1762568526.8148506,100.00,1574.02
1762568527.8302631,100.00,1576.91
1762568528.8396344,100.00,1578.51
1762568529.8406959,99.50,1578.09
1762568530.8522015,100.00,1577.24
1762568531.8557937,100.00,1575.06
1762568532.8566787,100.00,1577.86
1762568533.8636515,100.00,1575.32
1762568534.867677,100.00,1581.73
1762568535.87051,100.00,1576.14
1762568536.871619,100.00,1577.78
1762568537.873549,100.00,1575.62
1762568538.8756309,100.00,1576.66
1762568539.8799622,100.00,1576.78
1762568540.881234,99.50,1577.12
1762568541.8826687,100.00,1577.06
1762568542.8915744,100.00,1575.50
1762568543.8924453,100.00,1577.21
1762568544.8932455,100.00,1576.62
1762568545.894626,100.00,1576.72
1762568546.9078686,100.00,1578.00
1762568547.9084353,100.00,1575.95
1762568549.516603,100.00,1573.82
1762568550.5207632,100.00,1576.81
1762568551.5214424,100.00,1577.05
1762568552.528695,100.00,1576.62
1762568553.5597074,100.00,1574.94
1762568554.5632868,97.90,1576.98
1762568555.5644436,100.00,1574.42
1762568556.5671997,100.00,1575.65
1762568557.5693164,97.10,1577.60
1762568558.570938,100.00,1577.23
1762568559.5726345,99.50,1577.91
1762568560.5739813,100.00,1575.73
1762568561.5757768,100.00,1576.02
1762568562.5796854,100.00,1576.45
1762568563.58091,100.00,1577.01
1762568564.5848763,99.50,1576.35
1762568565.5886915,100.00,1575.58
1762568566.5897346,100.00,1578.63
1762568567.5947046,100.00,1578.24
1762568568.5985956,100.00,1574.84
1762568569.6045623,99.50,1576.53
1762568570.6109564,98.90,1577.47
1762568571.6147187,100.00,1576.30
1762568572.6182194,100.00,1578.46
1762568573.6215193,100.00,1575.45
1762568574.6224287,100.00,1576.91
1762568575.6255543,100.00,1580.30
1762568576.6275558,100.00,1579.11
1762568577.6308954,99.50,1576.23
1762568578.6324441,100.00,1576.43
1762568579.6385353,100.00,1577.74
1762568580.6396332,99.50,1577.19
1762568581.6436357,100.00,1580.07
1762568582.648469,100.00,1576.21
1762568583.6538289,100.00,1576.98
1762568584.65486,100.00,1575.25
1762568585.6572495,99.50,1576.64
1762568586.6625402,100.00,1577.51
1762568587.6645033,100.00,1576.97
1762568588.6666596,100.00,1579.86
1762568589.668718,100.00,1576.31
1762568590.67162,99.50,1577.65
1762568591.6738503,100.00,1577.15
1762568592.6785374,100.00,1575.04
1762568593.679606,100.00,1578.95
1762568594.693402,100.00,1574.35
1762568595.697584,99.50,1578.63
1762568596.700193,100.00,1576.63
1762568597.7014308,100.00,1576.22
1762568598.7025993,100.00,1576.29
1762568599.704969,100.00,1576.32
1762568600.7093916,99.50,1577.25
1762568601.7115607,100.00,1576.65
1762568602.7166736,100.00,1576.00
1762568603.717554,100.00,1578.71
1762568604.7202497,100.00,1577.55
1762568605.723488,100.00,1576.78
1762568606.7260978,100.00,1576.34
1762568607.7316797,99.50,1577.74
1762568608.737049,100.00,1579.25
1762568609.7385828,100.00,1576.86
1762568610.7405324,99.50,1577.34
1762568611.7423704,100.00,1580.22
1762568612.7439332,100.00,1577.22
1762568613.7488937,100.00,1578.00
1762568614.7495928,100.00,1579.07
1762568615.750501,99.50,1576.68
1762568616.7542603,100.00,1577.41
1762568617.7604856,100.00,1577.04
1762568618.7617226,100.00,1577.01
1762568619.762754,100.00,1577.43
1762568620.7689,99.50,1577.20
1762568621.7695029,99.50,1578.27
1762568622.772125,100.00,1579.94
1762568623.7735453,100.00,1577.86
1762568624.7749515,100.00,1579.46
1762568625.7782764,100.00,1578.21
1762568626.7826958,99.50,1579.62
1762568627.783828,100.00,1577.23
1762568628.7854488,100.00,1581.53
1762568629.7874627,100.00,1581.11
1762568630.791299,96.20,1581.99
1762568631.7954686,100.00,1578.87
1762568632.7965896,100.00,1578.02
1762568633.797502,100.00,1579.97
1762568634.8035655,100.00,1578.27
1762568635.8045466,99.50,1577.54
1762568636.8058798,100.00,1578.66
1762568637.8085399,100.00,1577.99
1762568638.8117678,100.00,1578.90
1762568639.8127522,100.00,1579.46
1762568640.815563,99.50,1578.50
1762568641.819918,100.00,1574.76
1762568642.823472,100.00,1579.44
1762568643.825407,100.00,1578.43
1762568644.8284934,100.00,1577.77
1762568645.8304787,99.00,1580.42
1762568646.831649,100.00,1577.54
1762568647.8383818,100.00,1578.26
1762568648.842216,100.00,1577.18
1762568649.850005,100.00,1578.30
1762568650.8515277,99.50,1577.07
1762568651.8534756,100.00,1572.47
1762568652.878842,100.00,1576.45
1762568653.8833935,100.00,1578.18
1762568654.8864262,100.00,1576.48
1762568655.8877625,99.50,1575.44
1762568656.892986,100.00,1577.45
1762568657.8934312,100.00,1576.68
1762568658.8944936,100.00,1577.24
1762568659.8974023,100.00,1577.23
1762568660.9005845,99.50,1576.51
1762568661.9026248,100.00,1578.48
1762568662.9067533,99.50,1579.17
1762568663.9080698,100.00,1578.82
1762568664.9102793,100.00,1576.24
1762568665.9149244,99.50,1577.72
1762568666.9183717,100.00,1576.07
1762568667.962301,100.00,1577.29
1762568668.967766,100.00,1577.69
1762568669.96977,100.00,1579.39
1762568670.9728901,99.50,1579.31
1762568671.9792776,100.00,1581.79
1762568672.9810302,100.00,1577.94
1762568673.989366,100.00,1578.47
1762568674.9920812,100.00,1579.18
1762568675.9985292,100.00,1577.52
1762568677.0095649,99.50,1582.02
1762568678.0105085,100.00,1577.93
1762568679.0146456,100.00,1579.71
1762568680.0219402,99.50,1579.79
1762568681.0297775,100.00,1579.97
1762568682.030877,99.50,1579.14
1762568683.0435233,100.00,1579.12
1762568684.0447948,99.50,1578.92
1762568685.0454664,100.00,1579.71
1762568686.0464017,100.00,1580.54
1762568687.0503588,100.00,1577.45
1762568688.0514307,100.00,1575.25
1762568689.0535302,100.00,1577.90
1762568690.058614,100.00,1577.33
1762568691.060937,99.50,1577.44
1762568692.0620015,100.00,1578.85
1762568693.0659966,100.00,1578.98
1762568694.0685716,100.00,1579.43
1762568695.0706158,100.00,1574.62
1762568696.0735593,99.50,1579.02
1762568697.0746284,100.00,1576.98
1762568698.0756147,100.00,1577.98
1762568699.076417,100.00,1576.21
1762568700.0862195,100.00,1577.61
1762568701.087469,99.50,1577.38
1762568702.088994,100.00,1578.20
1762568703.0908127,100.00,1576.23
1762568704.0934625,100.00,1578.66
1762568705.1113827,100.00,1577.65
1762568706.1129313,99.40,1578.93
1762568707.1134834,100.00,1577.76
1762568708.1145663,100.00,1578.39
1762568709.1155486,100.00,1578.64
1762568710.1165578,100.00,1579.92
1762568711.1215076,99.50,1577.38
1762568712.1227417,100.00,1578.81
1762568713.124749,100.00,1576.89
1762568714.1254618,100.00,1576.47
1762568715.1346936,100.00,1577.86
1762568716.1361158,99.50,1579.57
1762568717.1405911,100.00,1581.02
1762568718.1448107,100.00,1579.84
1762568719.1475387,100.00,1577.56
1762568720.1486254,100.00,1578.39
1762568721.152502,99.50,1577.47
1762568722.1535592,100.00,1574.04
1762568723.1547556,100.00,1578.57
1762568724.1565797,100.00,1579.39
1762568725.1596403,100.00,1576.90
1762568726.160427,99.50,1577.50
1762568727.1615317,100.00,1571.41
1762568728.16752,100.00,1577.37
1762568729.1735163,100.00,1577.14
1762568730.1746995,100.00,1580.38
1762568731.178723,99.00,1577.49
1762568732.1794968,100.00,1580.38
1762568733.1886563,100.00,1576.93
1762568734.1897314,100.00,1578.69
1762568735.207134,100.00,1578.02
1762568736.2098212,99.50,1579.09
1762568737.2115443,100.00,1575.61
1762568738.213803,100.00,1578.25
1762568739.2161198,100.00,1575.57
1762568740.2187338,100.00,1578.01
1762568741.2194514,99.50,1576.13
1762568742.222793,100.00,1592.53
1762568743.2237093,100.00,1585.24
1762568744.2296891,100.00,1578.68
1762568745.230669,100.00,1578.67
1762568746.2356803,100.00,1576.89
1762568747.23758,100.00,1577.68
1762568748.238638,100.00,1580.12
1762568749.243593,100.00,1578.07
1762568750.2456465,100.00,1576.54
1762568751.2496145,99.50,1576.02
1762568752.2525074,100.00,1578.88
1762568753.2534623,100.00,1576.97
1762568754.2594213,100.00,1572.26
1762568755.2605126,100.00,1581.18
1762568756.2624476,99.50,1577.27
1762568757.2635195,100.00,1578.98
1762568758.2685058,100.00,1577.51
1762568759.2720656,100.00,1577.53
1762568760.2807705,100.00,1580.00
1762568761.2827828,99.50,1578.29
1762568762.2843328,100.00,1577.80
1762568763.2874815,100.00,1576.93
1762568764.2886105,100.00,1581.57
1762568765.28957,100.00,1577.57
1762568766.2967224,99.50,1579.02
1762568767.3016388,99.50,1577.67
1762568768.304649,100.00,1576.82
1762568769.305436,100.00,1578.48
1762568770.306491,100.00,1576.84
1762568771.3096998,99.50,1577.82
1762568772.311818,100.00,1576.38
1762568773.313527,100.00,1579.87
1762568774.3156955,100.00,1577.13
1762568775.3174999,100.00,1578.33
1762568776.3187213,99.50,1576.98
1762568777.321499,100.00,1577.20
1762568778.3234735,100.00,1575.98
1762568779.3249109,100.00,1576.18
1762568780.3285246,100.00,1578.93
1762568781.3296607,99.50,1577.22
1762568782.3347447,100.00,1578.00
1762568783.3364367,100.00,1577.54
1762568784.3374555,100.00,1579.22
1762568785.3405926,100.00,1576.60
1762568786.3422613,100.00,1575.69
1762568787.3468063,100.00,1578.32
1762568788.3484786,99.50,1577.02
1762568789.3573146,100.00,1576.00
1762568790.3585448,100.00,1581.45
1762568791.3607512,96.90,1576.79
1762568792.3626187,100.00,1578.45
1762568793.3763633,100.00,1580.05
1762568794.3788838,100.00,1579.93
1762568795.382459,100.00,1579.00
1762568796.4147162,100.00,1580.12
1762568797.4203537,98.40,1578.66
1762568798.4234862,100.00,1577.02
1762568799.4275808,100.00,1581.21
1762568800.43063,100.00,1575.60
1762568801.4315972,100.00,1577.59
1762568802.433364,100.00,1578.61
1762568803.4395037,98.40,1577.95
1762568804.4404862,100.00,1576.47
1762568805.4455755,100.00,1579.69
1762568806.44651,100.00,1576.14
1762568807.4476779,100.00,1580.02
1762568808.448754,100.00,1577.73
1762568809.451679,100.00,1578.12
1762568810.4546168,100.00,1576.34
1762568811.4555054,99.50,1576.64
1762568812.4619823,100.00,1579.21
1762568813.464559,100.00,1580.59
1762568814.4694228,100.00,1578.82
1762568815.477668,100.00,1578.06
1762568816.4826152,99.50,1580.69
1762568817.484259,100.00,1577.85
1762568818.4876285,99.50,1588.30
1762568819.496557,100.00,1578.68
1762568820.4975343,100.00,1576.95
1762568821.4999838,100.00,1578.02
1762568822.5063784,100.00,1577.25
1762568823.5116546,100.00,1577.57
1762568824.5166438,99.50,1578.14
1762568825.5205586,100.00,1576.93
1762568826.524648,99.50,1576.33
1762568827.5295258,100.00,1578.24
1762568828.5304415,100.00,1576.96
1762568829.5348978,100.00,1578.83
1762568830.5383327,100.00,1579.62
1762568831.5475643,100.00,1577.56
1762568832.5488882,100.00,1576.92
1762568833.5545697,100.00,1577.14
1762568834.5614188,100.00,1577.73
1762568835.5648227,100.00,1578.57
1762568836.566034,99.40,1576.70
1762568837.568607,100.00,1576.86
1762568838.5698433,100.00,1577.46
1762568839.5709338,100.00,1587.16
1762568840.571595,100.00,1589.00
1762568841.5725832,100.00,1583.35
1762568842.5738966,100.00,1578.20
1762568843.593687,100.00,1575.83
1762568844.594658,100.00,1578.41
1762568845.595589,100.00,1578.90
1762568846.5999868,100.00,1576.88
1762568847.6025593,100.00,1576.59
1762568848.605929,100.00,1576.37
1762568849.6067014,100.00,1577.95
1762568850.6076074,99.50,1576.71
1762568851.6125908,100.00,1576.89
1762568852.6156905,100.00,1577.18
1762568853.6164627,100.00,1576.73
1762568854.6197999,100.00,1577.75
1762568855.6244864,99.50,1578.63
1762568856.6319432,100.00,1579.12
1762568857.6327553,100.00,1576.75
1762568858.6368508,100.00,1575.58
1762568859.6396787,100.00,1582.26
1762568860.6406271,100.00,1577.47
1762568861.6414695,100.00,1590.00
1762568862.648295,100.00,1599.10
1762568863.6525652,99.50,1608.67
1762568864.6534505,100.00,1622.37
1762568865.6545837,100.00,1625.20
1762568866.6566188,100.00,1622.55
1762568867.6596267,100.00,1618.95
1762568868.6616101,100.00,1618.98
1762568869.669678,99.50,1618.93
1762568870.6706736,100.00,1619.16
1762568871.674652,100.00,1621.36
1762568872.6817076,100.00,1618.61
1762568873.6902702,100.00,1621.22
1762568874.6938746,99.00,1620.10
1762568875.6953235,100.00,1608.59
1762568876.700656,100.00,1609.18
1762568877.7075586,100.00,1609.25
1762568878.7095706,100.00,1607.34
1762568879.710489,99.50,1608.29
1762568880.7126367,100.00,1607.77
1762568881.7175162,100.00,1611.83
1762568882.7184384,100.00,1610.44
1762568883.7245333,100.00,1607.77
1762568884.7269773,99.50,1609.94
1762568885.727981,100.00,1611.39
1762568886.7284737,100.00,1607.65
1762568887.7295847,100.00,1607.52
1762568888.7344382,100.00,1606.96
1762568889.7392275,99.50,1607.43
1762568890.7428803,100.00,1608.09
1762568891.7491918,100.00,1604.39
1762568892.7510045,100.00,1605.41
1762568893.7534888,100.00,1607.08
1762568894.755247,99.50,1606.33
1762568895.7585015,100.00,1610.09
1762568896.7595866,100.00,1606.30
1762568897.762619,100.00,1607.36
1762568898.7654927,99.40,1607.64
1762568899.7675946,99.00,1607.00
1762568900.770464,100.00,1607.83
1762568901.7718062,100.00,1609.23
1762568902.777909,100.00,1607.48
1762568903.7815378,100.00,1607.57
1762568904.7864156,99.00,1607.46
1762568905.7897093,100.00,1608.52
1762568906.7906845,100.00,1606.95
1762568907.7916038,100.00,1609.03
1762568908.7958677,100.00,1606.79
1762568909.8069324,99.50,1608.68
1762568910.8077056,100.00,1607.30
1762568911.843848,100.00,1608.26
1762568912.8535395,100.00,1607.71
1762568913.8545918,100.00,1606.54
1762568914.8565338,100.00,1608.22
1762568915.8587708,100.00,1609.99
1762568916.8654833,100.00,1608.46
1762568917.8693233,100.00,1606.79
1762568918.8707142,99.50,1607.23
1762568919.8758864,100.00,1605.98
1762568920.8766782,100.00,1611.50
1762568921.8785605,100.00,1609.07
1762568922.8794742,100.00,1607.94
1762568923.8800254,99.50,1610.58
1762568924.8837247,100.00,1607.11
1762568925.8857641,99.50,1609.18
1762568926.888313,99.50,1608.51
1762568927.8915482,99.50,1610.83
1762568928.8924804,100.00,1609.34
1762568929.8936977,99.50,1606.42
1762568930.9011872,100.00,1607.84
1762568931.9106007,99.50,1610.50
1762568932.9153037,100.00,1607.96
1762568933.917918,99.50,1610.14
1762568934.9344196,100.00,1608.20
1762568935.9385018,99.50,1608.50
1762568936.9405591,100.00,1608.44
1762568937.944333,100.00,1606.59
1762568938.948631,99.00,1608.39
1762568939.9495735,99.50,1606.22
1762568940.9510875,99.50,1607.45
1762568941.95611,99.50,1609.38
1762568942.961517,99.50,1611.41
1762568943.9635818,100.00,1605.49
1762568944.96732,99.50,1611.14
1762568945.9716349,99.50,1607.84
1762568946.9803545,99.50,1612.58
1762568947.9901304,99.50,1607.66
1762568948.9932387,98.00,1616.16
1762568949.9961689,99.00,1608.36
1762568950.998725,99.50,1607.04
1762568952.0028198,99.50,1608.52
1762568953.0069697,100.00,1608.98
1762568954.010777,99.00,1605.54
1762568955.0143082,100.00,1608.19
1762568956.0155065,99.50,1608.36
1762568957.0170555,100.00,1608.51
1762568958.0195076,100.00,1608.12
1762568959.0216744,99.00,1607.24
1762568960.0228596,100.00,1605.62
1762568961.024912,100.00,1600.64
1762568962.0294645,100.00,1606.50
1762568963.031883,100.00,1607.48
1762568964.0345151,99.00,1610.89
1762568965.037539,100.00,1607.61
1762568966.0406551,100.00,1609.00
1762568967.0415099,99.50,1606.70
1762568968.0445356,100.00,1609.39
1762568969.0456073,99.00,1606.25
1762568970.049716,100.00,1607.74
1762568971.0544565,100.00,1606.49
1762568972.055846,99.50,1607.62
1762568973.0566099,100.00,1609.24
1762568974.059105,99.50,1606.38
1762568975.063019,100.00,1609.02
1762568976.0645888,100.00,1611.54
1762568977.0675385,99.50,1607.89
1762568978.0684376,100.00,1607.40
1762568979.0697157,99.50,1607.64
1762568980.0727503,100.00,1609.66
1762568981.0749469,100.00,1607.36
1762568982.0754325,100.00,1607.33
1762568983.07962,100.00,1608.79
1762568984.082546,100.00,1608.68
1762568985.0884576,100.00,1608.57
1762568986.0894868,99.50,1608.33
1762568987.0915365,100.00,1608.14
1762568988.0973115,100.00,1609.08
1762568989.099581,99.50,1609.40
1762568990.1019738,100.00,1607.43
1762568991.1073265,100.00,1607.90
1762568992.1084733,100.00,1607.34
1762568993.1144524,100.00,1606.16
1762568994.1155396,99.50,1605.98
1762568995.117277,99.50,1606.34
1762568996.123602,100.00,1606.04
1762568997.124491,100.00,1609.73
1762568998.12546,100.00,1608.84
1762568999.126434,100.00,1609.52
1762569000.1291153,100.00,1609.30
1762569001.1305113,100.00,1607.95
1762569002.133492,100.00,1608.95
1762569003.1347103,100.00,1608.76
1762569004.1354933,99.50,1607.85
1762569005.139834,100.00,1607.09
1762569006.1418474,100.00,1606.03
1762569007.1427696,100.00,1611.71
1762569008.1465573,99.50,1606.15
1762569009.1474917,99.50,1607.37
1762569010.1484601,100.00,1609.89
1762569011.150602,100.00,1609.14
1762569012.1535137,100.00,1612.19
1762569013.154429,100.00,1606.39
1762569014.1555676,99.50,1608.18
1762569015.1580164,100.00,1608.20
1762569016.1584606,99.50,1607.60
1762569017.1594806,99.50,1609.88
1762569018.1636236,100.00,1608.30
1762569019.1646724,99.50,1608.41
1762569020.1700342,100.00,1609.91
1762569021.1717656,100.00,1607.23
1762569022.1726413,100.00,1606.02
1762569023.1745508,100.00,1605.82
1762569024.1805315,100.00,1606.22
1762569025.1818278,100.00,1609.75
1762569026.183622,100.00,1605.91
1762569027.186601,100.00,1606.94
1762569028.1874888,100.00,1607.55
1762569029.1907432,99.50,1606.08
1762569030.1944904,100.00,1607.95
1762569031.1956925,100.00,1607.12
1762569032.1968489,100.00,1606.89
1762569033.2006176,100.00,1606.91
1762569034.2047682,99.50,1609.15
1762569035.2055092,100.00,1607.25
1762569036.2095065,100.00,1607.42
1762569037.2104187,100.00,1607.30
1762569038.212509,100.00,1617.11
1762569039.2134864,97.80,1608.38
1762569040.2176266,100.00,1607.34
1762569041.2192965,100.00,1607.63
1762569042.221593,100.00,1607.36
1762569043.2235587,100.00,1610.05
1762569044.229282,98.90,1610.57
1762569045.2305713,100.00,1606.65
1762569046.2318013,100.00,1605.89
1762569047.2324932,100.00,1607.62
1762569048.2344842,100.00,1606.59
1762569049.2354763,100.00,1607.12
1762569050.2447503,100.00,1608.25
1762569051.2456162,100.00,1609.14
1762569052.257445,99.50,1601.86
1762569053.2586439,100.00,1608.38
1762569054.262104,100.00,1608.07
1762569055.2677934,100.00,1607.75
1762569056.2685053,100.00,1609.89
1762569057.2695434,99.50,1609.14
1762569058.285388,100.00,1605.56
1762569059.286702,100.00,1614.15
1762569060.2878063,100.00,1608.30
1762569061.2925568,100.00,1609.63
1762569062.2951279,100.00,1609.25
1762569063.3008382,100.00,1608.51
1762569064.3041887,100.00,1607.86
1762569065.3098176,100.00,1609.95
1762569066.3122177,100.00,1611.25
1762569067.313513,99.50,1608.00
1762569068.318617,100.00,1607.98
1762569069.3196106,100.00,1608.78
1762569070.3225203,100.00,1608.34
1762569071.32739,100.00,1603.73
1762569072.3285103,99.50,1608.34
1762569073.3300502,100.00,1608.36
1762569074.331414,100.00,1609.55
1762569075.3340545,100.00,1612.41
1762569076.335594,100.00,1610.83
1762569077.3365123,99.50,1607.76
1762569078.3377826,100.00,1608.56
1762569079.3393857,100.00,1608.04
1762569080.5364897,94.20,1609.70
1762569081.544768,100.00,1608.19
1762569082.5458033,99.50,1611.95
1762569083.551039,100.00,1607.03
1762569084.5556595,100.00,1608.02
1762569085.5577881,100.00,1610.46
1762569086.5616016,100.00,1607.13
1762569087.5685287,99.50,1607.20
1762569088.6287696,100.00,1608.86
1762569089.6357222,97.50,1609.51
1762569090.6366649,100.00,1608.45
1762569091.6404777,99.50,1606.56
1762569092.6416159,100.00,1609.79
1762569093.6534045,100.00,1608.51
1762569094.6545324,100.00,1607.03
1762569095.670983,100.00,1607.44
1762569096.6714983,99.50,1609.04
1762569097.6742413,100.00,1606.66
1762569098.6754465,100.00,1607.12
1762569099.6779315,100.00,1606.41
1762569100.6796365,100.00,1608.57
1762569101.681207,100.00,1607.37
1762569102.6837814,100.00,1610.92
1762569103.689645,100.00,1610.76
1762569104.6957,100.00,1607.21
1762569105.6977284,99.50,1608.29
1762569106.722042,100.00,1608.73
1762569107.7240164,100.00,1608.46
1762569108.72712,98.40,1607.71
1762569109.7295778,100.00,1607.27
1762569110.7307725,99.50,1608.87
1762569111.7338765,100.00,1609.77
1762569112.7354405,99.50,1609.25
1762569113.7410464,100.00,1607.59
1762569114.742454,99.50,1610.91
1762569115.748666,99.50,1607.11
1762569116.7555664,99.00,1607.85
1762569117.7587986,100.00,1609.55
1762569118.7594297,100.00,1607.09
1762569119.7626317,100.00,1607.05
1762569120.764,100.00,1606.02
1762569121.7644806,99.00,1607.80
1762569122.766688,100.00,1609.97
1762569123.7705293,99.50,1607.44
1762569124.7715642,100.00,1604.32
1762569125.7757394,99.50,1608.57
1762569126.7765155,99.50,1607.10
1762569127.7787051,100.00,1605.47
1762569128.780523,100.00,1608.09
1762569129.7825434,100.00,1612.29
1762569130.7875595,100.00,1605.08
1762569131.7897134,98.90,1607.23
1762569132.7915273,100.00,1606.98
1762569133.7944658,99.50,1607.56
1762569134.7956226,100.00,1606.85
1762569135.7975378,100.00,1606.98
1762569136.7989757,98.90,1606.15
1762569137.800866,100.00,1608.41
1762569138.8064427,100.00,1607.86
1762569139.8114038,98.90,1605.55
1762569140.8136187,100.00,1609.10
1762569141.8155644,100.00,1607.43
1762569142.8165824,99.40,1608.64
1762569143.817613,99.40,1607.50
1762569144.8224638,100.00,1606.07
1762569145.8275797,100.00,1608.05
1762569146.8285642,99.50,1609.51
1762569147.830693,99.50,1606.65
1762569148.8426542,100.00,1605.93
1762569149.843659,99.50,1607.58
1762569150.8467948,100.00,1607.77
1762569151.86099,99.40,1606.26
1762569152.8624592,100.00,1609.53
1762569153.8654356,99.50,1606.56
1762569154.8697295,100.00,1608.62
1762569155.8780582,100.00,1605.64
1762569156.89072,100.00,1608.72
1762569157.8959794,99.40,1610.11
1762569158.9126098,99.40,1609.01
1762569159.9297414,98.90,1608.57
1762569160.9931219,100.00,1608.26
1762569162.0088243,99.30,1605.53
1762569163.0198967,98.80,1607.44
1762569164.0214407,99.40,1607.39
1762569165.027347,100.00,1607.62
1762569166.0299156,99.50,1608.50
1762569167.0306013,100.00,1602.91
1762569168.0318077,100.00,1606.19
1762569169.0326204,99.50,1608.48
1762569170.0337296,100.00,1607.09
1762569171.036407,100.00,1606.29
1762569172.043085,100.00,1606.39
1762569173.046343,99.50,1606.28
1762569174.0621734,99.50,1606.43
1762569175.0637307,100.00,1607.13
1762569176.074883,100.00,1607.94
1762569177.076533,99.50,1608.01
1762569178.0808525,99.50,1607.27
1762569179.1085422,99.50,1605.73
1762569180.1236637,99.50,1605.66
1762569181.1270368,100.00,1607.24
1762569182.1288176,99.50,1608.78
1762569183.1363916,99.50,1611.44
1762569184.1517797,99.50,1609.42
1762569185.1735122,99.50,1609.19
1762569186.1777513,99.50,1609.09
1762569187.1794765,99.50,1571.09
1762569188.1818838,100.00,1572.48
1762569189.2023325,100.00,1572.58
1762569190.2046702,100.00,1571.91
1762569191.2080007,100.00,1575.45
1762569192.2374084,100.00,1571.88
1762569193.2405095,100.00,1574.32
1762569194.2415204,100.00,1573.09
1762569195.242665,100.00,1573.61
1762569196.2436094,100.00,1573.55
1762569197.2494051,100.00,1574.77
1762569198.2624865,100.00,1573.88
1762569199.2636616,100.00,1573.08
1762569200.2684424,100.00,1573.58
1762569201.2730517,100.00,1573.14
1762569202.2746048,100.00,1571.03
1762569203.2755237,99.50,1574.41
1762569204.3074505,99.50,1573.80
1762569205.3086357,99.50,1572.59
1762569206.3109317,100.00,1574.30
1762569207.312484,99.00,1575.65
1762569208.313511,99.50,1575.66
1762569209.3147576,99.50,1573.41
1762569210.3181841,100.00,1573.08
1762569211.333488,100.00,1573.16
1762569212.3393085,99.50,1573.93
1762569213.3416476,99.50,1572.60
1762569214.3430884,100.00,1573.68
1762569215.359451,99.50,1575.30
1762569216.3605871,100.00,1574.15
1762569217.3724594,98.50,1574.56
1762569218.3912694,100.00,1577.00
1762569219.392609,99.50,1573.89
1762569220.3936381,99.50,1583.55
1762569221.394349,100.00,1572.19
1762569222.4015644,99.50,1573.16
1762569223.4116704,100.00,1569.24
1762569224.413902,100.00,1574.86
1762569225.425511,99.50,1574.55
1762569226.4285476,100.00,1573.73
1762569227.4389668,99.50,1571.67
1762569228.4567297,99.50,1576.80
1762569229.457724,100.00,1574.32
1762569230.4585032,100.00,1573.78
1762569231.4615417,100.00,1574.71
1762569232.463951,99.50,1573.09
1762569233.4712002,99.50,1576.08
1762569234.4789093,100.00,1570.63
1762569235.5190656,100.00,1573.39
1762569236.5206738,100.00,1573.64
1762569237.5218678,100.00,1575.48
1762569238.5225964,100.00,1575.50
1762569239.523492,100.00,1570.91
1762569240.5247495,100.00,1574.01
1762569241.5544705,100.00,1572.89
1762569242.5554469,99.00,1573.22
1762569243.558172,99.50,1573.55
1762569244.5594928,100.00,1571.30
1762569245.5607886,100.00,1571.71
1762569246.565186,100.00,1574.39
1762569247.5667732,99.50,1572.74
1762569248.5903447,100.00,1573.55
1762569249.595444,100.00,1572.17
1762569250.597642,100.00,1575.45
1762569251.600047,100.00,1572.13
1762569252.6075323,100.00,1575.38
1762569253.609787,100.00,1575.34
1762569254.644437,100.00,1572.48
1762569255.6514544,100.00,1573.12
1762569256.6525824,100.00,1572.18
1762569257.6566422,99.00,1572.51
1762569258.6577005,100.00,1574.88
1762569259.6597822,100.00,1570.66
1762569260.6937525,100.00,1574.23
1762569261.6978867,100.00,1572.31
1762569262.7015095,100.00,1572.99
1762569263.7024739,100.00,1575.41
1762569264.7055423,99.50,1572.03
1762569265.7135081,100.00,1573.23
1762569266.7162504,100.00,1573.82
1762569267.7192101,99.50,1572.61
1762569268.720566,100.00,1572.02
1762569269.723609,100.00,1573.65
1762569270.7263198,100.00,1571.89
1762569271.7280688,100.00,1573.43
1762569272.7319472,99.50,1571.81
1762569273.7356339,100.00,1571.45
1762569274.7406821,100.00,1571.80
1762569275.7453043,100.00,1571.33
1762569276.7466538,100.00,1572.32
1762569277.7542126,99.50,1572.33
1762569278.7567222,100.00,1575.12
1762569279.7595127,100.00,1572.59
1762569280.7655046,100.00,1573.71
1762569281.7664263,100.00,1574.42
1762569282.7686286,99.00,1574.64
1762569283.7724462,100.00,1573.11
1762569284.780674,100.00,1576.75
1762569285.7818608,100.00,1569.38
1762569286.7828565,100.00,1573.38
1762569287.783602,99.50,1572.25
1762569288.7858043,100.00,1572.45
1762569289.7874286,100.00,1579.39
1762569290.7884853,100.00,1573.73
1762569291.7937882,100.00,1574.82
1762569292.7965527,99.50,1573.05
1762569293.8014808,100.00,1572.95
1762569294.8024461,100.00,1574.39
1762569295.8034737,100.00,1574.15
1762569296.807557,100.00,1574.40
1762569297.8116934,99.50,1573.50
1762569298.8135793,99.50,1574.05
1762569299.8203747,100.00,1573.02
1762569300.8234673,100.00,1572.89
1762569301.8247676,100.00,1572.50
1762569302.8318102,99.50,1574.87
1762569303.8325682,100.00,1571.62
1762569304.833618,100.00,1571.35
1762569305.8367631,100.00,1571.52
1762569306.8429081,100.00,1573.12
1762569307.8465626,99.50,1573.26
1762569308.8495274,100.00,1573.90
1762569309.8557248,100.00,1573.86
1762569310.8565297,100.00,1571.93
1762569311.8588367,100.00,1573.59
1762569312.8594584,99.50,1575.21
1762569313.8618133,100.00,1574.21
1762569314.8641932,99.50,1573.46
1762569315.8656232,100.00,1573.36
1762569316.866557,100.00,1575.11
1762569317.8684657,99.50,1573.67
1762569318.8714533,100.00,1572.66
1762569319.8734195,100.00,1581.51
1762569320.8794355,100.00,1573.62
1762569321.8819046,100.00,1575.79
1762569322.885566,99.50,1572.39
1762569323.8918333,100.00,1572.22
1762569324.8927703,100.00,1573.50
1762569325.8987217,100.00,1572.18
1762569326.9025793,100.00,1575.73
1762569327.944941,99.50,1574.69
1762569328.948892,100.00,1570.25
1762569329.9495642,100.00,1573.89
1762569330.950635,100.00,1572.65
1762569331.954598,100.00,1575.65
1762569332.9557,99.50,1573.96
1762569333.961574,100.00,1571.94
1762569334.9628358,99.50,1572.79
1762569335.9645288,100.00,1573.33
1762569336.9665492,100.00,1572.36
1762569337.9673731,99.50,1575.63
1762569338.980585,99.50,1575.35
1762569339.9844303,100.00,1573.19
1762569340.9881263,100.00,1573.43
1762569341.9903514,100.00,1571.94
1762569342.9979525,100.00,1574.89
1762569343.998676,100.00,1571.93
1762569345.0086823,100.00,1571.49
1762569346.009448,100.00,1573.88
1762569347.0179052,100.00,1572.89
1762569348.0185297,99.50,1573.57
1762569349.0255766,100.00,1573.63
1762569350.0333123,100.00,1570.31
1762569351.0356772,100.00,1573.37
1762569352.0422912,100.00,1585.65
1762569353.0434606,99.50,1577.39
1762569354.0456123,100.00,1572.56
1762569355.0465374,100.00,1569.75
1762569356.0544226,100.00,1574.38
1762569357.0554893,100.00,1571.74
1762569358.056435,99.50,1572.25
1762569359.0612388,100.00,1571.90
1762569360.0627182,100.00,1571.36
1762569361.0664876,100.00,1571.38
1762569362.0695243,100.00,1573.91
1762569363.0725627,99.50,1571.53
1762569364.0755687,100.00,1576.11
1762569365.076554,100.00,1575.33
1762569366.0774739,100.00,1572.95
1762569367.0796216,100.00,1573.89
1762569368.0805957,99.50,1571.79
1762569369.0857234,100.00,1572.21
1762569370.0865254,100.00,1572.59
1762569371.0904596,99.50,1572.71
1762569372.091438,100.00,1574.05
1762569373.0926695,99.50,1574.37
1762569374.102013,100.00,1572.61
1762569375.111383,100.00,1574.49
1762569376.1124828,100.00,1572.96
1762569377.1135576,100.00,1573.36
1762569378.1156685,99.50,1573.11
1762569379.1187544,100.00,1572.82
1762569380.1200926,100.00,1573.41
1762569381.1250343,100.00,1571.96
1762569382.1278503,100.00,1573.04
1762569383.1305013,99.50,1572.95
1762569384.1325073,100.00,1573.20
1762569385.1351855,100.00,1582.07
1762569386.1388175,100.00,1573.04
1762569387.1409428,100.00,1574.50
1762569388.146783,99.00,1572.89
1762569389.1473982,100.00,1574.23
1762569390.148541,100.00,1575.55
1762569391.1536658,100.00,1572.88
1762569392.1556895,100.00,1574.31
1762569393.1580083,99.50,1574.22
1762569394.1620953,100.00,1573.63
1762569395.165822,100.00,1571.45
1762569396.1675534,100.00,1573.07
1762569397.1684644,100.00,1572.04
1762569398.1694746,99.00,1573.67
1762569399.171451,100.00,1572.43
1762569400.175884,100.00,1572.12
1762569401.179244,100.00,1575.52
1762569402.1806328,100.00,1573.20
1762569403.183706,99.50,1575.03
1762569404.1846416,100.00,1573.10
1762569405.1868858,100.00,1573.40
1762569406.1874292,100.00,1571.93
1762569407.1895046,100.00,1572.12
1762569408.190461,99.50,1575.20
1762569409.1957388,100.00,1572.05
1762569410.1965024,100.00,1570.99
1762569411.2036092,100.00,1574.68
1762569412.2054505,100.00,1572.55
1762569413.2083325,99.50,1573.26
1762569414.214932,100.00,1572.85
1762569415.2156415,100.00,1574.04
1762569416.2172768,100.00,1574.91
1762569417.2225769,100.00,1571.93
1762569418.2236478,99.50,1572.00
1762569419.2245831,100.00,1574.54
1762569420.2265694,100.00,1571.67
1762569421.2314844,100.00,1574.34
1762569422.234598,100.00,1574.35
1762569423.2365298,99.00,1572.16
1762569424.2374454,100.00,1572.84
1762569425.2387183,100.00,1573.15
1762569426.2422843,100.00,1572.96
1762569427.243578,100.00,1572.09
1762569428.2465546,99.50,1573.25
1762569429.2474818,100.00,1571.85
1762569430.2509215,100.00,1573.82
1762569431.2515347,100.00,1574.07
1762569432.2575529,100.00,1574.07
1762569433.2766323,100.00,1571.37
1762569434.2796016,100.00,1574.07
1762569435.2835097,100.00,1574.63
1762569436.2885427,100.00,1576.43
1762569437.2898893,99.00,1571.33
1762569438.2919183,100.00,1572.33
1762569439.2945092,100.00,1572.20
1762569440.2955844,100.00,1570.98
1762569441.2974973,99.50,1573.05
1762569442.2987556,100.00,1574.15
1762569443.3016665,100.00,1572.50
                                                                                                                                                                                                                                                                                                                                                                                                                                                                                                                                                                                                                                                                                                                                                                                                        