timestamp,cpu_percent,mem_used_mb
1762110093.1013923,29.10,1332.93
1762110094.1032944,1.00,1332.93
1762110095.1054997,2.50,1332.91
1762110096.1074977,1.00,1332.91
1762110097.1092453,0.50,1332.91
1762110098.11095,1.50,1332.91
1762110099.1126235,1.50,1330.78
1762110100.114233,1.50,1330.73
1762110101.1157246,0.00,1330.73
1762110102.1187046,20.90,1311.38
1762110103.1207795,11.50,1313.71
1762110104.1220303,13.00,1313.82
1762110105.1243722,7.50,1313.72
1762110106.1258702,4.30,1312.39
1762110107.1282194,7.20,1313.83
1762110108.1296709,6.10,1315.80
1762110109.1314323,6.20,1314.24
1762110110.1374085,6.20,1312.85
1762110111.142186,7.40,1314.41
1762110112.143753,6.00,1314.13
1762110113.1446016,4.00,1315.34
1762110114.1487055,4.00,1314.03
1762110115.1499739,4.70,1314.67
1762110116.1515062,3.50,1315.05
1762110117.1538517,4.00,1314.27
1762110118.1554098,1.70,1314.06
1762110119.1569366,3.40,1316.56
1762110120.1585624,4.00,1315.21
1762110121.1594734,2.90,1313.71
1762110122.160994,4.60,1313.52
1762110123.1626601,4.40,1314.07
1762110124.1643257,1.70,1310.66
1762110125.1656702,5.10,1312.36
1762110126.167251,2.30,1312.52
1762110127.1696084,2.90,1312.55
1762110128.1708646,3.50,1312.82
1762110129.174308,3.40,1312.63
1762110130.176224,3.50,1312.04
1762110131.177836,2.30,1313.27
1762110132.1794927,2.80,1299.99
1762110133.181227,0.50,1299.99
1762110134.1828952,0.50,1299.99
1762110135.1845706,0.50,1300.23
1762110136.1861918,1.50,1300.23
1762110137.1878707,0.00,1300.23
1762110138.189761,2.00,1300.22
1762110139.191502,0.00,1300.22
1762110140.1929827,1.00,1300.22
1762110141.1945255,1.00,1300.22
1762110142.1961968,0.00,1300.22
1762110143.1978476,1.50,1300.21
1762110144.1995077,0.50,1300.21
1762110145.2012777,0.00,1300.21
1762110146.2028766,0.50,1300.21
1762110147.2046816,0.50,1300.21
1762110148.205673,0.50,1300.21
1762110149.2072906,0.00,1300.20
1762110150.2088988,1.50,1299.93
1762110151.210548,0.50,1299.93
1762110152.212457,1.00,1300.17
1762110153.214438,1.50,1300.16
1762110154.2162256,0.50,1300.13
1762110155.217804,2.50,1300.56
1762110156.2193913,1.00,1300.77
1762110157.2210846,1.50,1300.86
1762110158.2229376,1.50,1300.86
1762110159.2245712,1.00,1300.74
1762110160.2262647,0.00,1300.74
1762110161.2278433,0.00,1300.74
1762110162.2293525,6.00,1300.97
1762110163.2310033,1.00,1300.97
1762110164.232475,1.00,1300.96
1762110165.234297,1.00,1300.96
1762110166.2359788,0.00,1300.96
1762110167.2376535,0.00,1300.96
1762110168.2398262,1.00,1300.96
1762110169.2415464,1.50,1300.96
1762110170.2434628,0.00,1300.96
1762110171.245013,1.00,1300.96
1762110172.246904,0.00,1300.96
1762110173.2487473,0.50,1300.96
1762110174.250482,1.00,1300.96
1762110175.2520509,4.00,1301.38
1762110176.2536786,0.50,1301.62
1762110177.255386,2.00,1301.62
1762110178.2569697,1.00,1301.62
1762110179.2586205,1.00,1301.62
1762110180.2602143,1.00,1301.62
1762110181.2619538,0.50,1301.62
1762110182.2639356,0.00,1301.62
1762110183.265677,0.00,1301.61
1762110184.267423,1.00,1301.61
1762110185.269245,0.50,1301.61
1762110186.2708297,0.00,1301.61
1762110187.2725453,1.00,1301.61
1762110188.2742686,0.50,1301.61
1762110189.2757623,0.50,1301.59
1762110190.2775166,1.50,1301.59
1762110191.2793038,0.50,1301.59
1762110192.281202,0.50,1301.59
1762110193.2827437,0.00,1301.59
1762110194.2847,0.50,1301.59
1762110195.2865207,1.00,1301.59
1762110196.288073,1.00,1301.59
1762110197.2898514,0.00,1301.59
1762110198.2915792,0.50,1301.57
1762110199.294089,0.50,1301.57
1762110200.2956624,1.00,1301.57
1762110201.2973928,0.50,1301.57
1762110202.2990768,1.00,1301.57
1762110203.300664,0.00,1301.57
1762110204.302552,0.00,1301.57
1762110205.3040502,1.00,1301.57
1762110206.30578,1.00,1301.57
1762110207.3075058,0.50,1301.57
1762110208.309347,0.50,1301.57
1762110209.3112435,0.00,1301.57
1762110210.3130145,1.50,1303.04
1762110211.3147352,2.50,1302.83
1762110212.3165195,1.50,1302.82
1762110213.3182619,0.50,1302.82
1762110214.319883,0.50,1302.82
1762110215.3214142,0.00,1302.82
1762110216.322906,2.00,1302.93
1762110217.3245249,0.00,1302.93
1762110218.3261924,0.00,1302.93
1762110219.327696,1.50,1302.93
1762110220.3292763,0.00,1302.93
1762110221.331086,0.00,1302.93
1762110222.3330874,6.50,1303.66
1762110223.3348563,0.50,1303.66
1762110224.3369226,0.00,1303.66
1762110225.3386765,0.00,1303.66
1762110226.3405862,2.00,1303.65
1762110227.342296,0.00,1303.64
1762110228.344052,0.00,1303.64
1762110229.3458638,1.00,1303.64
1762110230.3475335,1.00,1303.89
1762110231.3492954,0.50,1303.89
1762110232.3506596,0.50,1303.89
1762110233.3522441,1.00,1303.88
1762110234.3538082,4.00,1304.25
1762110235.3555224,14.80,1317.32
1762110236.3573608,9.60,1315.05
1762110237.3594072,11.00,1315.94
1762110238.3609471,7.90,1316.80
1762110239.3625746,6.20,1315.74
1762110240.3639948,5.80,1317.35
1762110241.3654926,3.60,1316.01
1762110242.3673158,4.20,1316.57
1762110243.3683078,7.60,1317.33
1762110244.369854,4.00,1316.06
1762110245.3714511,2.40,1315.65
1762110246.3729918,4.10,1316.69
1762110247.374657,5.80,1316.49
1762110248.3763218,3.00,1316.10
1762110249.3779511,4.10,1314.30
1762110250.3796513,4.10,1315.72
1762110251.3813994,3.40,1316.31
1762110252.383025,3.60,1315.76
1762110253.3845627,5.30,1315.09
1762110254.3860614,7.60,1315.78
1762110255.3879275,5.30,1315.28
1762110256.3895059,2.90,1314.81
1762110257.391021,3.50,1316.25
1762110258.39285,4.60,1314.82
1762110259.394853,4.70,1314.86
1762110260.3965137,3.40,1316.66
1762110261.3982198,2.80,1314.48
1762110262.4000475,16.90,1345.25
1762110263.4016137,58.40,1350.82
1762110264.403591,59.70,1361.76
1762110265.4050286,44.00,1335.39
1762110266.4065902,27.90,1336.05
1762110267.4086027,1.00,1336.05
1762110268.4102855,4.00,1336.03
1762110269.412005,0.50,1336.03
1762110270.4136198,0.50,1336.03
1762110271.4153156,2.00,1336.03
1762110272.4168622,0.00,1336.03
1762110273.4185398,0.50,1336.03
1762110274.4200783,0.50,1336.03
1762110275.4215574,1.50,1336.03
1762110276.423297,3.00,1336.00
1762110277.4249947,0.50,1336.00
1762110278.426482,0.00,1336.00
1762110279.4279547,1.00,1336.00
1762110280.4295483,1.00,1336.00
1762110281.4306197,0.00,1336.01
1762110282.4323556,1.00,1336.00
1762110283.4343433,0.50,1336.00
1762110284.4363413,0.50,1336.00
1762110285.4379482,6.00,1336.00
1762110286.4399421,1.50,1336.00
1762110287.4415662,0.00,1335.99
1762110288.4430652,0.50,1335.99
1762110289.4446023,0.50,1335.99
1762110290.4462988,0.50,1335.99
1762110291.4488528,1.00,1335.99
1762110292.4505851,1.50,1335.99
1762110293.452293,0.00,1335.98
1762110294.454096,0.00,1335.98
1762110295.4557421,1.00,1335.98
1762110296.4573858,0.50,1335.98
1762110297.4590583,1.50,1335.97
1762110298.4607277,1.00,1335.97
1762110299.4625134,1.00,1335.94
1762110300.4642437,0.50,1335.94
1762110301.4658804,0.50,1335.94
1762110302.4674923,1.00,1335.94
1762110303.4695296,0.50,1335.93
1762110304.4714003,0.50,1335.93
1762110305.4729207,1.00,1335.93
1762110306.4746366,1.00,1335.93
1762110307.4764376,1.00,1335.93
1762110308.4785035,0.00,1335.93
1762110309.4802585,1.00,1335.93
1762110310.4820976,1.50,1335.92
1762110311.4839258,0.00,1335.92
1762110312.4858015,0.50,1335.92
1762110313.4875565,1.00,1335.91
1762110314.4892938,0.50,1335.91
1762110315.4906764,1.00,1335.91
1762110316.492377,0.00,1335.91
1762110317.4941852,0.50,1335.91
1762110318.4959662,1.50,1335.91
1762110319.497546,0.00,1335.91
1762110320.4992707,1.00,1335.91
1762110321.5014365,0.50,1335.91
1762110322.503284,0.00,1335.91
1762110323.5050097,1.00,1335.90
1762110324.5068352,0.50,1335.90
1762110325.5086503,0.00,1335.90
1762110326.5102694,0.50,1335.90
1762110327.5118268,1.50,1335.89
1762110328.5137007,1.00,1335.88
1762110329.5155354,0.50,1335.88
1762110330.5174346,1.00,1335.88
1762110331.5192106,2.50,1335.88
1762110332.5209854,1.00,1335.82
1762110333.5232608,0.50,1335.82
1762110334.5252304,1.00,1335.82
1762110335.5269704,0.50,1335.82
1762110336.528488,1.00,1335.82
1762110337.5304105,1.00,1335.69
1762110338.532299,0.50,1335.69
1762110339.5340765,1.50,1335.58
1762110340.5357702,0.00,1335.58
1762110341.5374715,1.00,1335.58
1762110342.5392625,1.00,1335.58
1762110343.5409935,0.00,1335.58
1762110344.542648,2.00,1335.55
1762110345.5443487,0.50,1335.55
1762110346.5460608,3.50,1335.55
1762110347.5480263,1.00,1335.55
1762110348.5496714,1.00,1335.55
1762110349.5513237,0.00,1334.97
1762110350.55305,1.50,1334.97
1762110351.5545094,0.50,1334.97
1762110352.5562654,1.00,1334.96
1762110353.5579965,0.00,1334.96
1762110354.5597634,1.00,1334.96
1762110355.5615404,0.50,1334.96
1762110356.5633688,0.50,1334.96
1762110357.5640824,0.00,1334.96
1762110358.565775,1.00,1334.96
1762110359.567533,0.50,1334.96
1762110360.5692487,1.50,1334.95
1762110361.5710993,0.00,1334.95
1762110362.5729508,1.00,1334.95
1762110363.574561,0.50,1334.95
1762110364.5756395,1.00,1334.95
1762110365.57727,0.00,1334.95
1762110366.5788176,0.50,1334.94
1762110367.5828831,8.50,1326.99
1762110368.5845897,10.40,1321.12
1762110369.5863686,6.70,1323.56
1762110370.587977,7.60,1322.24
1762110371.5898178,1.70,1322.89
1762110372.5913649,2.80,1322.89
1762110373.592893,4.60,1323.31
1762110374.5954747,3.40,1323.52
1762110375.5969894,2.30,1323.75
1762110376.5985548,3.30,1323.10
1762110377.5995238,1.10,1322.93
1762110378.6011782,4.00,1322.21
1762110379.6027322,2.90,1322.81
1762110380.604543,2.30,1322.60
1762110381.6061049,2.20,1323.82
1762110382.607773,3.30,1321.98
1762110383.609455,1.70,1323.36
1762110384.61119,4.50,1322.03
1762110385.6123443,4.50,1323.66
1762110386.6138551,2.30,1322.70
1762110387.6155934,1.70,1322.64
1762110388.6171093,2.30,1324.26
1762110389.6187675,4.50,1322.84
1762110390.6203358,2.90,1324.07
1762110391.6219537,4.00,1323.54
1762110392.6234772,2.90,1322.82
1762110393.6253924,2.90,1322.20
1762110394.627163,4.10,1323.05
1762110395.6287913,5.20,1322.00
1762110396.6304038,5.90,1323.88
1762110397.631713,1.60,1309.57
1762110398.6334946,1.00,1309.57
1762110399.6353,0.50,1309.57
1762110400.6379392,1.00,1309.81
1762110401.6396394,0.50,1309.81
1762110402.6414375,1.00,1309.81
1762110403.643325,0.50,1309.81
1762110404.6449463,1.00,1309.80
1762110405.6465442,1.00,1309.80
1762110406.6483102,4.50,1310.05
1762110407.649851,0.50,1310.05
1762110408.6515245,0.50,1310.05
1762110409.6532228,1.50,1310.05
1762110410.654766,0.50,1310.05
1762110411.6565378,1.00,1310.05
1762110412.6582506,0.00,1310.05
1762110413.6599832,1.50,1310.04
1762110414.661608,0.50,1310.04
1762110415.6631858,1.50,1310.03
1762110416.6648777,1.00,1310.03
1762110417.6663694,0.00,1309.30
1762110418.6679783,1.00,1309.30
1762110419.6697059,0.00,1309.30
1762110420.6713324,1.00,1309.25
1762110421.673017,0.50,1309.25
1762110422.6747634,0.00,1309.25
1762110423.6765823,1.50,1309.25
1762110424.6783304,0.50,1309.25
1762110425.6800146,1.50,1309.25
1762110426.6820593,1.00,1309.25
1762110427.6839404,0.00,1309.25
1762110428.6856947,0.50,1309.25
1762110429.6873345,1.50,1309.25
1762110430.689057,1.50,1309.25
1762110431.690811,1.00,1309.24
1762110432.6926134,0.00,1309.24
1762110433.6945276,1.00,1309.24
1762110434.6963217,1.00,1309.24
1762110435.6979213,0.50,1309.24
1762110436.6995387,1.00,1309.23
1762110437.7011805,0.50,1309.23
1762110438.7028475,0.50,1309.23
1762110439.704589,0.00,1309.23
1762110440.7061837,1.00,1309.23
1762110441.7078383,0.50,1309.22
1762110442.7096128,0.00,1309.22
1762110443.7114432,1.00,1309.22
1762110444.7130368,1.50,1309.19
1762110445.7147932,0.50,1309.14
1762110446.7165995,2.50,1309.37
1762110447.718444,0.50,1309.37
1762110448.7200372,0.00,1309.37
1762110449.7217898,0.50,1309.37
1762110450.7235749,0.50,1309.37
1762110451.7254295,1.50,1309.37
1762110452.727041,0.00,1309.37
1762110453.7288382,0.50,1309.37
1762110454.7306108,1.00,1309.53
1762110455.732321,0.50,1309.47
1762110456.7339349,2.50,1309.47
1762110457.7357016,0.50,1309.46
1762110458.7375531,0.50,1309.46
1762110459.7392795,0.00,1309.46
1762110460.7410285,0.50,1309.46
1762110461.7427697,1.00,1309.46
1762110462.7445104,1.00,1309.46
1762110463.7460365,0.00,1309.45
1762110464.7476726,0.50,1309.45
1762110465.7493777,0.50,1309.45
1762110466.7505982,5.50,1310.18
1762110467.7523372,0.50,1310.19
1762110468.7540932,0.50,1310.17
1762110469.7558393,0.50,1310.17
1762110470.757422,0.50,1310.17
1762110471.759347,0.50,1310.17
1762110472.7610705,0.50,1310.17
1762110473.7627397,1.50,1310.17
1762110474.7644377,0.50,1310.16
1762110475.7659595,3.60,1310.40
1762110476.7677183,1.50,1310.40
1762110477.7694197,1.50,1310.40
1762110478.7705576,1.00,1310.39
1762110479.7720907,0.50,1310.39
1762110480.7738593,0.00,1310.39
1762110481.7754977,1.00,1310.39
1762110482.77733,0.50,1310.38
1762110483.7789679,0.50,1310.38
1762110484.7806778,1.00,1310.38
1762110485.782223,0.00,1310.38
1762110486.7836611,1.00,1309.94
1762110487.785341,0.00,1309.90
1762110488.7870126,1.00,1309.91
1762110489.7887313,1.00,1309.89
1762110490.7904794,1.00,1309.89
1762110491.7921076,0.00,1309.89
1762110492.7939515,0.00,1309.89
1762110493.795945,1.00,1309.88
1762110494.7975934,1.50,1309.88
1762110495.7992487,0.00,1309.88
1762110496.8009386,0.50,1309.88
1762110497.8026955,0.50,1309.88
1762110498.8043432,1.00,1309.88
1762110499.8060298,5.10,1322.36
1762110500.807487,19.60,1322.71
1762110501.8092136,17.60,1323.35
1762110502.8107553,15.00,1322.80
1762110503.814275,7.10,1322.50
1762110504.8156278,5.60,1322.64
1762110505.8198261,8.50,1321.57
1762110506.8213828,6.20,1323.38
1762110507.8229554,9.00,1322.22
1762110508.8245628,5.30,1323.61
1762110509.8260221,4.10,1323.25
1762110510.8279102,3.60,1324.00
1762110511.8296337,5.40,1322.98
1762110512.8310962,4.10,1322.45
1762110513.8322124,4.70,1323.43
1762110514.8330424,3.60,1322.16
1762110515.8348155,5.90,1323.82
1762110516.8364503,5.40,1322.96
1762110517.8380384,8.20,1321.86
1762110518.8392775,3.00,1323.85
1762110519.841275,6.00,1321.88
1762110520.8429437,6.70,1323.23
1762110521.8467176,6.40,1321.79
1762110522.847657,3.60,1322.84
1762110523.8483305,3.50,1322.63
1762110524.8492568,3.00,1323.81
1762110525.8538866,4.70,1324.30
1762110526.8559752,5.30,1323.05
1762110527.8578184,12.10,1322.88
1762110528.85945,4.00,1323.65
1762110529.8610296,3.40,1310.05
1762110530.862661,1.00,1310.05
1762110531.8642917,1.00,1310.04
1762110532.8658063,0.50,1310.29
1762110533.8675654,1.00,1310.29
1762110534.8694665,0.00,1310.29
1762110535.8710191,1.00,1310.29
1762110536.872888,0.50,1310.29
1762110537.8745186,0.50,1310.29
1762110538.876739,1.00,1310.29
1762110539.8785455,0.50,1310.29
1762110540.880203,2.00,1310.29
1762110541.8821964,1.00,1310.27
1762110542.8842175,0.50,1310.27
1762110543.885894,0.50,1310.27
1762110544.8872423,0.00,1310.27
1762110545.8888125,0.50,1310.27
1762110546.8904338,0.00,1310.27
1762110547.8918805,1.50,1310.23
1762110548.8933554,1.00,1310.23
1762110549.8946042,0.50,1310.23
1762110550.8960752,1.50,1310.23
1762110551.8974438,0.00,1310.23
1762110552.8985863,1.50,1310.14
1762110553.9003808,0.00,1310.09
1762110554.9017882,0.50,1310.09
1762110555.903382,0.50,1310.09
1762110556.9046383,0.00,1310.09
1762110557.9057803,1.50,1310.09
1762110558.9075713,1.50,1310.09
1762110559.9093897,0.00,1310.09
1762110560.9108038,1.00,1310.09
1762110561.9125443,0.50,1310.09
1762110562.9143438,1.50,1310.09
1762110563.916101,0.50,1310.07
1762110564.9173665,0.50,1310.07
1762110565.918612,0.50,1310.07
1762110566.920643,0.50,1310.07
1762110567.9222457,1.00,1310.07
1762110568.923208,0.50,1310.07
1762110569.9240584,1.00,1310.07
1762110570.9258933,0.50,1310.07
1762110571.9279325,2.50,1310.07
1762110572.9293003,1.50,1311.05
1762110573.9305093,2.00,1311.02
1762110574.9315088,0.00,1311.02
1762110575.9332073,1.00,1311.02
1762110576.9349017,1.50,1311.27
1762110577.936453,0.50,1311.27
1762110578.9373736,0.50,1311.20
1762110579.938681,1.00,1311.20
1762110580.9404953,0.50,1311.20
1762110581.94224,1.00,1311.18
1762110582.9438534,0.50,1311.18
1762110583.9457467,1.50,1311.18
1762110584.9475322,0.00,1311.18
1762110585.9485722,0.00,1311.18
1762110586.95005,0.00,1311.17
1762110587.9515593,1.00,1311.17
1762110588.9525185,4.00,1311.91
1762110589.954085,1.50,1311.91
1762110590.9558666,1.50,1311.91
1762110591.958032,0.00,1311.91
1762110592.9598134,0.50,1311.91
1762110593.9615605,1.00,1311.89
1762110594.962841,0.50,1311.89
1762110595.9642248,0.00,1311.89
1762110596.9653733,0.00,1311.89
1762110597.9666147,1.00,1311.89
1762110598.9674997,0.00,1311.89
1762110599.9691126,1.00,1311.88
1762110600.9704442,0.00,1311.88
1762110601.9715502,0.50,1311.88
1762110602.9728827,0.00,1311.88
1762110603.974206,1.00,1311.88
1762110604.9757614,0.50,1311.88
1762110605.977042,1.00,1311.87
1762110606.9789367,0.50,1311.46
1762110607.9804888,0.00,1311.46
1762110608.9820976,0.50,1311.46
1762110609.9839444,1.00,1311.46
1762110610.985571,1.00,1311.41
1762110611.9872596,1.00,1311.41
1762110612.9891918,0.50,1311.40
1762110613.990533,1.00,1311.40
1762110614.992218,0.50,1311.40
1762110615.9943209,1.00,1311.40
1762110616.9956586,0.00,1311.40
1762110617.9968178,0.50,1311.39
1762110618.998269,0.50,1311.39
1762110619.9995718,1.50,1311.39
1762110621.0016232,0.50,1311.39
1762110622.0025263,0.50,1311.39
1762110623.0042992,0.50,1311.39
1762110624.0061038,0.50,1311.39
1762110625.0080736,6.00,1311.13
1762110626.00979,1.00,1311.10
1762110627.0105913,0.00,1311.10
1762110628.012354,0.00,1311.10
1762110629.0134346,0.50,1311.10
1762110630.015213,0.50,1311.10
1762110631.0170395,1.50,1311.09
1762110632.0186,1.50,1311.09
1762110633.0200088,18.40,1324.14
1762110634.021558,12.70,1323.71
1762110635.0223098,11.70,1323.38
1762110636.0272086,10.20,1324.45
1762110637.028308,10.60,1324.30
1762110638.0335255,7.90,1324.50
1762110639.0342708,5.60,1325.70
1762110640.036039,4.50,1324.46
1762110641.037802,9.90,1325.27
1762110642.0394976,7.30,1325.23
1762110643.0413382,7.20,1324.08
1762110644.042982,4.20,1323.88
1762110645.0446,4.70,1324.99
1762110646.046524,4.20,1324.38
1762110647.0482848,5.40,1325.05
1762110648.0498831,4.30,1325.15
1762110649.05149,5.40,1324.07
1762110650.0529873,9.10,1323.95
1762110651.0545537,5.60,1324.61
1762110652.0560985,6.20,1325.06
1762110653.0578747,4.90,1325.55
1762110654.0595543,4.80,1324.80
1762110655.0610695,4.90,1324.31
1762110656.0627031,4.90,1324.66
1762110657.0635452,6.10,1324.02
1762110658.0652606,7.40,1326.18
1762110659.066741,5.00,1324.96
1762110660.0682368,7.50,1324.07
1762110661.070526,7.00,1324.47
1762110662.0723047,11.00,1324.36
1762110663.073969,1.60,1311.58
1762110664.0758169,1.00,1311.58
1762110665.0775418,1.00,1311.58
1762110666.079411,2.00,1311.96
1762110667.080936,0.50,1311.96
1762110668.0825198,1.00,1311.94
1762110669.084232,0.50,1311.94
1762110670.0859175,0.50,1311.94
1762110671.0875685,0.50,1311.94
1762110672.0895028,1.00,1311.93
1762110673.091448,0.50,1311.93
1762110674.0931075,1.50,1311.92
1762110675.0949364,0.00,1311.92
1762110676.0958273,1.50,1311.92
1762110677.0976787,0.00,1311.92
1762110678.0994978,0.50,1311.91
1762110679.1012928,0.50,1311.91
1762110680.1030385,0.00,1311.91
1762110681.1046898,0.50,1311.91
1762110682.106434,0.50,1311.91
1762110683.10832,1.00,1311.91
1762110684.1096125,0.00,1311.91
1762110685.111316,1.00,1311.91
1762110686.1131153,0.50,1311.91
1762110687.1149771,0.00,1311.91
1762110688.1164477,1.00,1311.91
1762110689.1180916,1.00,1311.90
1762110690.1198475,0.00,1311.89
1762110691.1214907,1.00,1311.89
1762110692.1231678,0.50,1311.89
1762110693.1247563,1.00,1311.89
1762110694.126477,0.00,1311.89
1762110695.128082,1.50,1311.89
1762110696.1296134,0.50,1311.89
1762110697.131364,1.00,1311.89
1762110698.1331005,0.50,1311.89
1762110699.1350048,1.50,1312.17
1762110700.1365464,1.00,1312.16
1762110701.1382525,0.50,1312.16
1762110702.1400297,0.00,1312.12
1762110703.1417782,0.50,1312.12
1762110704.1433592,1.00,1312.11
1762110705.1448617,1.50,1312.11
1762110706.1464767,0.00,1312.11
1762110707.1483235,1.50,1312.11
1762110708.1501102,0.50,1312.11
1762110709.1517532,0.00,1312.11
1762110710.1535897,5.50,1312.10
1762110711.1552458,0.50,1312.10
1762110712.1569853,0.50,1312.10
1762110713.1587374,0.50,1312.10
1762110714.160651,0.50,1312.10
1762110715.1623998,1.00,1312.09
1762110716.163974,0.50,1312.09
1762110717.1655722,0.50,1312.09
1762110718.1673753,1.00,1312.09
1762110719.1689954,0.00,1312.09
1762110720.1706262,1.00,1312.08
1762110721.172378,0.50,1312.08
1762110722.1740277,0.00,1312.08
1762110723.1757455,0.00,1312.08
1762110724.1773016,0.50,1312.08
1762110725.1788602,1.00,1312.07
1762110726.1806884,1.00,1312.07
1762110727.1824636,0.50,1312.07
1762110728.1839159,0.50,1312.07
1762110729.185539,0.00,1312.07
1762110730.1871023,1.50,1312.06
1762110731.1887815,0.00,1312.29
1762110732.1905196,0.50,1312.29
1762110733.1922867,0.50,1312.29
1762110734.1939611,0.00,1312.29
1762110735.1955237,1.00,1312.28
1762110736.1970074,1.00,1312.17
1762110737.1986146,0.50,1312.17
1762110738.2003176,1.50,1312.17
1762110739.2019317,0.00,1312.17
1762110740.2036428,0.50,1312.14
1762110741.2058563,1.00,1312.14
1762110742.2075822,0.00,1312.14
1762110743.2094119,0.50,1312.14
1762110744.2110417,0.50,1311.50
1762110745.2127564,1.00,1311.48
1762110746.2144256,1.00,1311.45
1762110747.2160044,1.50,1311.45
1762110748.2177265,0.00,1311.45
1762110749.2194715,1.00,1311.45
1762110750.2212005,0.50,1311.44
1762110751.2228374,1.00,1311.44
1762110752.2247496,1.00,1311.44
1762110753.2264497,0.50,1311.44
1762110754.2280796,0.00,1311.44
1762110755.2297137,0.50,1311.44
1762110756.2316124,0.00,1311.43
1762110757.2326107,1.00,1311.41
1762110758.2343667,2.00,1311.41
1762110759.2362967,1.00,1311.41
1762110760.237938,0.00,1311.41
1762110761.239585,1.00,1311.55
1762110762.2408893,0.50,1311.54
1762110763.2425964,0.50,1311.54
1762110764.2444277,0.00,1311.54
1762110765.2477896,6.70,1325.34
1762110766.2507195,20.00,1323.56
1762110767.251627,9.70,1323.50
1762110768.253409,6.90,1324.22
1762110769.2552998,8.40,1324.32
1762110770.2568202,7.20,1323.66
1762110771.2586327,12.60,1325.96
1762110772.260038,6.10,1324.51
1762110773.2635763,4.90,1325.78
1762110774.2644465,2.90,1324.71
1762110775.2656317,7.60,1325.71
1762110776.2664018,5.20,1323.90
1762110777.2678006,5.80,1324.42
1762110778.270895,5.30,1326.57
1762110779.2727256,7.60,1326.20
1762110780.2748039,5.90,1325.25
1762110781.2765422,2.30,1325.88
1762110782.2785625,4.10,1326.66
1762110783.2798157,3.50,1326.02
1762110784.282292,3.00,1325.11
1762110785.2833595,4.70,1325.64
1762110786.2850332,2.30,1324.17
1762110787.2869105,2.20,1323.77
1762110788.2886043,2.30,1324.70
1762110789.2903724,2.30,1326.74
1762110790.2927074,6.10,1326.35
1762110791.2974894,4.50,1326.02
1762110792.299052,1.70,1325.11
1762110793.3006213,4.50,1325.71
1762110794.3021894,1.70,1325.57
1762110795.303828,2.20,1311.78
1762110796.3054464,0.00,1311.78
1762110797.3070884,0.50,1311.78
1762110798.3094926,1.50,1312.02
1762110799.311189,1.00,1312.02
1762110800.3128994,1.00,1312.02
1762110801.3149238,1.50,1312.02
1762110802.3166974,0.50,1312.02
1762110803.3184772,1.00,1312.02
1762110804.320343,0.50,1312.01
1762110805.3219097,1.00,1312.01
1762110806.32349,0.00,1312.01
1762110807.3254046,0.50,1312.01
1762110808.3270416,0.50,1312.01
1762110809.3287766,1.00,1312.01
1762110810.3296497,1.00,1312.00
1762110811.3312984,0.50,1312.00
1762110812.3329675,2.00,1312.00
1762110813.3349068,1.50,1312.00
1762110814.3367922,0.50,1312.00
1762110815.338542,0.50,1312.00
1762110816.3400633,0.50,1312.00
1762110817.3418286,0.50,1312.00
1762110818.342572,0.00,1312.00
1762110819.3445017,1.50,1311.99
1762110820.3462403,1.00,1311.99
1762110821.34789,1.00,1311.99
1762110822.3496435,1.50,1311.98
1762110823.351475,0.50,1311.98
1762110824.353361,2.00,1311.98
1762110825.3552737,0.50,1311.98
1762110826.3570883,0.50,1311.98
1762110827.3587754,0.50,1311.98
1762110828.3605442,0.50,1311.98
1762110829.3622122,0.00,1311.98
1762110830.3646333,1.00,1311.98
1762110831.3662813,5.10,1312.22
1762110832.3679426,1.00,1312.22
1762110833.3697457,0.50,1312.22
1762110834.3714697,1.00,1312.21
1762110835.3732364,0.50,1312.21
1762110836.3747792,1.00,1312.21
1762110837.375545,0.50,1312.21
1762110838.377111,0.00,1312.21
1762110839.3788502,0.50,1312.21
1762110840.3804715,1.00,1312.20
1762110841.3820212,1.50,1312.19
1762110842.3836572,1.00,1312.19
1762110843.3850577,0.50,1312.19
1762110844.3875062,0.50,1312.19
1762110845.3892632,0.50,1312.19
1762110846.3910532,1.00,1312.19
1762110847.3927915,0.50,1312.19
1762110848.3945696,0.00,1312.19
1762110849.3963602,0.00,1312.19
1762110850.3981018,1.00,1312.19
1762110851.3996494,1.00,1312.18
1762110852.4014328,0.50,1312.18
1762110853.403212,1.50,1312.30
1762110854.4048016,0.50,1312.30
1762110855.4065132,0.50,1312.30
1762110856.4082458,0.50,1312.24
1762110857.410033,0.00,1312.22
1762110858.4117265,0.50,1312.22
1762110859.4134681,0.00,1312.22
1762110860.4150028,0.50,1312.22
1762110861.4165914,1.50,1312.18
1762110862.4183755,0.00,1312.18
1762110863.4199529,1.00,1312.18
1762110864.421604,0.50,1312.18
1762110865.4232743,0.50,1312.18
1762110866.424902,0.50,1312.17
1762110867.4272308,0.50,1312.17
1762110868.4288354,0.00,1312.17
1762110869.4304826,0.00,1312.17
1762110870.4319704,0.00,1312.17
1762110871.4336488,1.50,1312.09
1762110872.4353783,1.00,1312.05
1762110873.43706,0.00,1312.04
1762110874.4388196,1.00,1312.04
1762110875.4404368,0.50,1312.04
1762110876.4415052,0.00,1312.04
1762110877.4432812,1.00,1312.03
1762110878.444759,0.50,1312.03
1762110879.4465923,1.50,1312.03
1762110880.4476416,0.00,1312.03
1762110881.4493623,0.50,1312.03
1762110882.4511964,1.50,1312.02
1762110883.4528096,1.50,1312.02
1762110884.4545665,0.00,1312.02
1762110885.4561949,0.50,1312.02
1762110886.457809,1.00,1312.02
1762110887.4594882,1.00,1312.01
1762110888.4611819,0.00,1312.01
1762110889.462737,0.50,1312.01
1762110890.4644687,0.00,1312.01
1762110891.4661603,0.50,1312.01
1762110892.4678743,4.50,1312.50
1762110893.4696794,1.50,1312.50
1762110894.4719286,1.50,1312.49
1762110895.4724793,1.00,1312.49
1762110896.474081,0.00,1312.49
1762110897.4758198,1.50,1312.88
1762110898.477897,14.00,1325.48
1762110899.480512,8.50,1325.56
1762110900.4822319,9.00,1324.39
1762110901.483907,2.90,1324.91
1762110902.4847236,3.50,1324.66
1762110903.4854689,5.30,1325.25
1762110904.4869723,5.80,1326.00
1762110905.488444,4.60,1325.17
1762110906.4900408,5.00,1326.00
1762110907.4914887,4.00,1326.04
1762110908.4929938,7.30,1324.49
1762110909.4946098,2.40,1326.19
1762110910.4962306,4.10,1325.64
1762110911.4978511,2.90,1326.46
1762110912.499546,4.10,1324.77
1762110913.501391,4.10,1325.18
1762110914.502994,6.40,1325.43
1762110915.5046477,5.70,1326.75
1762110916.506215,5.80,1325.20
1762110917.507828,4.10,1324.29
1762110918.5096123,5.80,1326.23
1762110919.511429,3.00,1325.10
1762110920.5126565,3.00,1326.44
1762110921.5142865,4.10,1323.69
1762110922.515879,2.40,1325.82
1762110923.5174437,1.80,1323.90
1762110924.519077,5.40,1325.15
1762110925.520764,4.80,1324.34
1762110926.52253,4.80,1325.71
1762110927.5240412,5.50,1325.14
1762110928.5258417,2.60,1311.92
1762110929.5278301,1.00,1311.91
1762110930.5294158,0.00,1311.91
1762110931.531045,1.50,1311.91
1762110932.5327573,0.50,1311.91
1762110933.5343015,0.50,1311.91
1762110934.5359917,0.00,1311.91
1762110935.5375774,1.00,1311.91
1762110936.5393462,1.00,1311.91
1762110937.5410824,1.00,1311.91
1762110938.5429049,1.00,1311.91
1762110939.544752,2.00,1312.64
1762110940.5466373,1.00,1312.64
1762110941.548345,0.00,1312.64
1762110942.5500932,1.00,1312.64
1762110943.5517502,0.00,1312.64
1762110944.5535328,1.00,1312.64
1762110945.5552223,0.00,1312.64
1762110946.5568638,1.00,1312.64
1762110947.5585492,0.50,1312.64
1762110948.5601928,1.00,1312.64
1762110949.5618913,1.50,1312.64
1762110950.563533,0.00,1312.64
1762110951.5652132,0.50,1312.62
1762110952.5668912,0.50,1312.62
1762110953.568499,4.00,1312.87
1762110954.5702498,0.50,1312.87
1762110955.5718932,0.50,1312.87
1762110956.5736575,2.00,1312.87
1762110957.5752954,1.00,1312.87
1762110958.576964,1.50,1312.87
1762110959.5789657,1.50,1312.86
1762110960.5806265,0.50,1312.86
1762110961.5823133,0.00,1312.86
1762110962.5839765,0.50,1312.86
1762110963.5855694,0.50,1312.45
1762110964.5873218,0.50,1312.41
1762110965.5890164,0.50,1312.41
1762110966.5906122,1.00,1312.41
1762110967.5915215,1.00,1312.41
1762110968.593235,1.00,1312.41
1762110969.594775,0.50,1312.41
1762110970.5964203,1.50,1312.39
1762110971.5979779,0.50,1312.39
1762110972.5996258,0.50,1312.39
1762110973.601374,0.50,1311.98
1762110974.602993,0.50,1311.95
1762110975.6049411,0.00,1311.95
1762110976.6065764,0.50,1311.94
1762110977.6083128,1.00,1311.94
1762110978.6100547,1.00,1311.94
1762110979.6118405,0.50,1311.82
1762110980.6136737,1.00,1311.82
1762110981.6154692,0.00,1311.81
1762110982.6170955,1.50,1311.78
1762110983.618698,0.00,1311.78
1762110984.6203902,0.50,1311.78
1762110985.622166,0.00,1311.78
1762110986.6238873,0.50,1311.78
1762110987.6257117,0.50,1311.77
1762110988.6274006,0.50,1311.77
1762110989.6290615,0.50,1311.77
1762110990.630778,0.00,1311.77
1762110991.632528,1.50,1311.77
1762110992.6341002,0.00,1311.77
1762110993.6357777,0.00,1311.77
1762110994.6376781,0.50,1311.77
1762110995.639306,0.00,1311.77
1762110996.6409826,0.00,1311.77
1762110997.6427193,1.00,1311.76
1762110998.6443925,1.50,1311.76
1762110999.645939,1.00,1311.75
1762111000.64774,1.50,1311.75
1762111001.6493914,0.50,1311.75
1762111002.650982,1.00,1311.75
1762111003.6527734,0.00,1311.75
1762111004.6544678,0.00,1311.75
1762111005.6563923,0.00,1311.75
1762111006.6582496,0.50,1311.75
1762111007.6599479,0.00,1311.75
1762111008.661484,0.50,1311.74
1762111009.6630204,0.50,1311.74
1762111010.6647737,1.00,1311.74
1762111011.6665125,0.50,1311.74
1762111012.668297,1.00,1311.74
1762111013.6698785,4.50,1312.48
1762111014.6716707,0.00,1312.47
1762111015.6734457,0.50,1312.47
1762111016.6751015,0.00,1312.47
1762111017.6769598,0.50,1312.47
1762111018.6786194,0.00,1312.47
1762111019.68028,1.00,1312.46
1762111020.6819282,0.50,1312.46
1762111021.6835043,1.00,1312.46
1762111022.6850522,2.00,1311.90
1762111023.6868849,0.00,1311.65
1762111024.6876757,0.50,1311.60
1762111025.6894152,0.50,1311.60
1762111026.690955,0.00,1311.60
1762111027.6926587,0.00,1311.60
1762111028.6942112,0.50,1311.60
1762111029.6956894,0.00,1311.59
1762111030.697351,5.10,1320.42
1762111031.6988897,17.50,1326.20
1762111032.7006352,12.30,1325.56
1762111033.7025003,6.90,1325.33
1762111034.7036834,6.80,1326.48
1762111035.7045784,3.80,1325.70
1762111036.7060957,4.90,1325.21
1762111037.707583,5.00,1326.38
1762111038.7089992,5.00,1325.52
1762111039.7105105,5.60,1326.03
1762111040.712013,6.70,1325.65
1762111041.713547,6.00,1325.78
1762111042.7154882,7.10,1325.19
1762111043.7174008,6.20,1325.80
1762111044.719021,3.00,1325.04
1762111045.720495,4.10,1326.29
1762111046.7220101,3.60,1325.63
1762111047.7238648,3.00,1325.79
1762111048.7259426,2.40,1324.66
1762111049.7275326,3.60,1324.95
1762111050.7293983,6.40,1324.85
1762111051.7309039,6.00,1326.20
1762111052.7323444,4.80,1325.31
1762111053.7340894,8.80,1327.28
1762111054.735923,6.00,1327.50
1762111055.7374394,2.80,1326.88
1762111056.7390342,2.30,1327.96
1762111057.7410207,2.30,1328.02
1762111058.7428205,2.30,1327.68
1762111059.7444506,4.00,1327.57
1762111060.7462728,0.60,1319.06
1762111061.7480774,2.00,1313.30
1762111062.7497427,1.00,1313.30
1762111063.7512338,1.00,1313.30
1762111064.7529027,1.50,1313.53
1762111065.7547226,0.50,1313.53
1762111066.7565632,1.00,1313.53
1762111067.7584252,0.50,1313.53
1762111068.7600415,0.00,1313.53
1762111069.761742,1.00,1313.53
1762111070.763384,0.50,1313.53
1762111071.764556,1.00,1313.53
1762111072.7666554,0.50,1313.53
1762111073.7683449,5.00,1313.78
1762111074.7698722,0.50,1313.77
1762111075.7714252,2.00,1314.75
1762111076.7729328,1.00,1314.75
1762111077.774622,2.00,1314.75
1762111078.7765753,0.00,1314.71
1762111079.7782028,0.50,1314.71
1762111080.7797368,0.50,1314.71
1762111081.7813153,0.00,1314.70
1762111082.7830048,1.00,1314.45
1762111083.7847416,1.00,1314.41
1762111084.7863524,0.50,1314.41
1762111085.7880428,0.50,1314.41
1762111086.789931,1.00,1314.39
1762111087.7917945,1.00,1314.37
1762111088.7936594,1.00,1314.37
1762111089.7955287,0.50,1314.37
1762111090.7972424,1.00,1314.37
1762111091.7988605,0.50,1314.37
1762111092.799666,1.50,1314.36
1762111093.80136,0.50,1314.36
1762111094.8029544,1.00,1314.36
1762111095.8045597,1.00,1314.28
1762111096.8063843,0.50,1314.23
1762111097.8075573,2.00,1314.23
1762111098.8092616,0.50,1314.23
1762111099.8110797,0.50,1314.23
1762111100.8129745,0.00,1314.23
1762111101.814691,1.00,1314.23
1762111102.816376,0.00,1314.22
1762111103.8180258,1.50,1314.23
1762111104.8196833,1.50,1314.22
1762111105.821364,0.00,1314.46
1762111106.8229697,1.00,1314.45
1762111107.8245187,1.00,1314.45
1762111108.8263922,1.00,1314.45
1762111109.8280432,0.00,1314.45
1762111110.8296785,1.00,1314.45
1762111111.831321,0.50,1314.45
1762111112.8331904,0.00,1314.45
1762111113.8352358,0.50,1314.45
1762111114.8365881,0.50,1314.44
1762111115.838324,0.50,1314.44
1762111116.83991,1.00,1314.44
1762111117.8417065,1.00,1314.44
1762111118.843423,0.50,1314.44
1762111119.844939,1.00,1314.43
1762111120.8466656,2.50,1314.27
1762111121.8485076,0.00,1314.25
1762111122.850323,1.00,1314.25
1762111123.8520606,0.00,1314.25
1762111124.853872,1.00,1314.21
1762111125.855754,0.00,1314.21
1762111126.8575704,1.50,1314.20
1762111127.8592455,1.00,1314.20
1762111128.8610048,0.50,1314.20
1762111129.8625717,1.00,1314.20
1762111130.8642693,0.00,1314.20
1762111131.8660011,0.00,1314.19
1762111132.8678818,1.00,1314.19
1762111133.8696487,0.00,1314.19
1762111134.871474,5.00,1314.19
1762111135.8730848,0.00,1314.19
1762111136.874815,1.00,1314.19
1762111137.8764064,1.00,1314.19
1762111138.878114,0.00,1314.19
1762111139.8797827,2.00,1314.17
1762111140.8815045,0.00,1314.17
1762111141.883259,0.50,1314.17
1762111142.8849792,0.00,1314.17
1762111143.8865466,0.50,1314.17
1762111144.888253,1.00,1314.42
1762111145.889935,0.50,1314.42
1762111146.891464,0.50,1314.42
1762111147.8930922,0.50,1314.42
1762111148.8949084,0.50,1314.42
1762111149.8968587,1.00,1314.42
1762111150.8985343,0.50,1314.41
1762111151.90025,0.00,1314.41
1762111152.9019623,0.50,1314.41
1762111153.9036727,0.00,1314.41
1762111154.9054284,1.50,1314.41
1762111155.9073377,0.50,1314.39
1762111156.9090488,0.00,1314.39
1762111157.9108481,1.00,1314.39
1762111158.9117858,1.00,1314.39
1762111159.9136508,0.50,1314.39
1762111160.915338,1.00,1314.39
1762111161.9170947,0.00,1314.38
1762111162.9187737,0.50,1314.38
1762111163.9207168,12.10,1326.75
1762111164.9223132,15.10,1327.82
1762111165.9238725,15.80,1328.25
1762111166.9261756,8.90,1327.07
1762111167.9275522,9.60,1325.95
1762111168.9309127,6.90,1327.45
1762111169.933218,6.90,1328.04
1762111170.9379723,11.60,1325.41
1762111171.9388208,7.10,1327.70
1762111172.9406247,5.70,1327.47
1762111173.9440424,5.80,1327.08
1762111174.9457135,8.00,1327.80
1762111175.9467666,6.90,1328.23
1762111176.9477966,6.70,1328.91
1762111177.9501624,5.50,1327.59
1762111178.9523423,7.40,1326.97
1762111179.9538674,9.10,1328.36
1762111180.9566817,7.30,1326.56
1762111181.958618,4.70,1326.90
1762111182.9602098,2.90,1329.64
1762111183.9609506,2.80,1325.87
1762111184.962303,2.30,1327.25
1762111185.9638789,2.90,1327.64
1762111186.9669747,4.00,1326.93
1762111187.9690108,4.50,1327.37
1762111188.9699109,4.00,1328.55
1762111189.9711516,6.20,1326.67
1762111190.971961,3.50,1327.54
1762111191.9737065,3.50,1327.43
1762111192.9775074,3.40,1327.65
1762111193.9795094,1.60,1314.39
1762111194.9812598,5.00,1314.64
1762111195.9830935,0.00,1314.64
1762111196.9848397,1.00,1314.89
1762111197.9866698,1.00,1314.89
1762111198.9876904,1.00,1314.88
1762111199.9894128,0.50,1314.88
1762111200.9912055,1.00,1314.88
1762111201.992971,0.50,1314.88
1762111202.9945006,1.50,1313.73
1762111203.9962528,0.50,1313.67
1762111204.9978359,1.00,1313.67
1762111205.9996603,0.00,1313.67
1762111207.001894,0.50,1313.67
1762111208.00344,1.00,1313.67
1762111209.0052047,0.00,1313.68
1762111210.0068636,1.00,1313.67
1762111211.0077431,1.50,1313.67
1762111212.0095177,0.00,1313.66
1762111213.0105145,0.50,1313.66
1762111214.0120914,1.00,1313.66
1762111215.0140936,0.00,1313.66
1762111216.0159407,1.00,1313.66
1762111217.0176296,0.50,1313.61
1762111218.0194986,0.50,1313.61
1762111219.0212948,0.50,1313.61
1762111220.0230002,1.50,1313.61
1762111221.0250556,1.00,1313.61
1762111222.0269344,1.00,1313.61
1762111223.0285478,1.00,1313.61
1762111224.0302513,0.50,1313.61
1762111225.031793,0.50,1313.59
1762111226.0335245,0.50,1313.59
1762111227.0351093,0.50,1313.59
1762111228.036821,0.50,1313.59
1762111229.0384414,1.00,1313.59
1762111230.0402527,0.50,1313.58
1762111231.0422087,0.50,1313.58
1762111232.0442162,2.00,1313.58
1762111233.0458167,0.50,1313.58
1762111234.0476186,1.00,1313.58
1762111235.049504,0.00,1313.57
1762111236.051287,0.50,1313.57
1762111237.0530677,0.50,1313.57
1762111238.054806,0.50,1313.57
1762111239.0564368,0.50,1313.57
1762111240.0578816,1.50,1313.57
1762111241.0595105,1.50,1313.57
1762111242.0613537,0.50,1313.57
1762111243.063062,0.50,1313.57
1762111244.0646863,1.00,1313.57
1762111245.066629,0.50,1313.57
1762111246.0684083,0.50,1313.57
1762111247.0700977,0.00,1313.57
1762111248.0718052,0.00,1313.56
1762111249.07334,1.00,1313.56
1762111250.0747218,1.00,1313.56
1762111251.0765247,1.00,1313.56
1762111252.0782905,0.00,1313.56
1762111253.0804431,1.00,1313.56
1762111254.0819783,1.00,1313.55
1762111255.083629,5.60,1313.79
1762111256.0854957,0.50,1313.79
1762111257.087117,0.00,1313.70
1762111258.088863,0.50,1313.62
1762111259.0905428,0.50,1313.62
1762111260.092307,0.50,1313.87
1762111261.093957,1.00,1313.86
1762111262.0957005,0.50,1313.86
1762111263.0973716,0.50,1313.86
1762111264.0989013,1.00,1313.86
1762111265.1005843,0.50,1313.86
1762111266.1022441,1.00,1313.86
1762111267.1038957,0.50,1313.86
1762111268.1054928,0.50,1313.86
1762111269.10727,0.50,1313.86
1762111270.1089754,0.50,1313.85
1762111271.1106205,1.00,1313.84
1762111272.1123517,1.00,1313.84
1762111273.1140032,0.00,1313.84
1762111274.1154988,0.00,1313.84
1762111275.1175418,1.00,1313.84
1762111276.1193955,1.50,1313.84
1762111277.1209044,0.00,1313.83
1762111278.1225855,0.50,1313.83
1762111279.1243384,0.00,1313.83
1762111280.125931,0.50,1313.83
1762111281.1275442,1.00,1313.83
1762111282.1286113,1.00,1313.71
1762111283.1301656,0.50,1313.71
1762111284.1315422,0.00,1313.70
1762111285.1331983,1.00,1313.70
1762111286.1350534,0.50,1313.70
1762111287.136661,1.00,1313.67
1762111288.1383996,0.00,1313.67
1762111289.1403067,0.50,1313.67
1762111290.1418865,0.00,1313.67
1762111291.1435628,1.00,1313.67
1762111292.1454475,32.10,1325.24
1762111293.1472259,0.50,1325.18
1762111294.1488519,0.50,1325.18
1762111295.1505063,0.50,1325.18
1762111296.1521175,5.60,1336.64
1762111297.153705,11.40,1329.73
1762111298.155246,7.30,1330.28
1762111299.1569755,4.00,1330.39
1762111300.161083,2.80,1330.88
1762111301.1632357,2.30,1329.89
1762111302.1647258,7.80,1330.96
1762111303.1663141,1.20,1331.60
1762111304.1677513,5.70,1330.86
1762111305.169357,2.30,1330.82
1762111306.1709716,2.90,1329.98
1762111307.1725636,4.00,1332.05
1762111308.174099,4.70,1330.04
1762111309.175023,2.40,1329.32
1762111310.1765578,3.50,1330.33
1762111311.17838,2.30,1330.55
1762111312.1798108,4.60,1330.37
1762111313.1833777,5.20,1330.83
1762111314.1875308,3.00,1330.09
1762111315.1890762,10.00,1331.37
1762111316.1902158,5.20,1332.28
1762111317.191745,4.70,1332.88
1762111318.192531,7.00,1329.23
1762111319.1946952,5.40,1330.11
1762111320.1962535,5.50,1330.99
1762111321.1979828,5.00,1331.18
1762111322.1995473,4.20,1332.20
1762111323.2020805,3.40,1329.42
1762111324.2035944,3.40,1332.00
1762111325.2056613,2.90,1331.29
1762111326.207446,6.10,1317.80
1762111327.2092524,0.50,1317.80
1762111328.2108223,1.00,1317.80
1762111329.2128139,1.00,1318.04
1762111330.214775,0.50,1318.04
1762111331.2165205,1.00,1318.04
1762111332.2182624,0.50,1318.04
1762111333.2199357,1.50,1318.04
1762111334.2215602,0.00,1318.03
1762111335.2230828,1.00,1318.03
1762111336.22482,1.00,1318.03
1762111337.226466,0.50,1318.02
1762111338.2283123,1.00,1318.02
1762111339.2302053,1.50,1318.02
1762111340.2318728,0.00,1318.02
1762111341.2335248,1.00,1318.02
1762111342.2350745,0.50,1318.02
1762111343.2365808,1.00,1318.02
1762111344.2382386,0.50,1318.02
1762111345.2398515,0.00,1318.01
1762111346.241523,1.00,1318.01
1762111347.2432725,1.00,1318.01
1762111348.2450821,1.00,1318.01
1762111349.2466416,0.50,1318.01
1762111350.2479584,0.50,1318.01
1762111351.2494857,0.00,1318.00
1762111352.251179,1.00,1318.00
1762111353.252785,0.50,1318.00
1762111354.2544694,1.00,1317.99
1762111355.2560985,0.00,1317.99
1762111356.2578166,1.00,1317.99
1762111357.2593713,0.50,1317.99
1762111358.260997,1.00,1317.99
1762111359.262695,1.50,1317.99
1762111360.264392,1.50,1317.99
1762111361.2660859,0.50,1317.99
1762111362.267673,0.00,1317.99
1762111363.2692733,0.50,1317.98
1762111364.270877,1.50,1317.97
1762111365.272519,0.00,1317.97
1762111366.2744195,0.50,1317.97
1762111367.2762783,0.50,1317.97
1762111368.2779202,1.00,1317.97
1762111369.2797956,1.50,1317.97
1762111370.2814703,1.00,1317.97
1762111371.2832086,0.00,1317.97
1762111372.284914,0.50,1317.97
1762111373.2864764,0.50,1318.18
1762111374.2881029,0.50,1318.43
1762111375.2889144,5.50,1319.16
1762111376.290528,2.50,1319.12
1762111377.292251,1.00,1319.12
1762111378.2938943,1.00,1319.25
1762111379.2957542,1.50,1319.25
1762111380.2973847,1.50,1319.23
1762111381.2989585,1.00,1319.23
1762111382.3005166,0.00,1319.23
1762111383.3023815,1.00,1319.23
1762111384.304332,0.00,1319.23
1762111385.3059464,1.00,1319.22
1762111386.3075488,1.00,1319.11
1762111387.3094609,0.00,1319.10
1762111388.3110664,0.00,1319.10
1762111389.3125877,1.00,1319.10
1762111390.3136022,2.00,1319.09
1762111391.3145256,0.50,1319.33
1762111392.3162477,1.00,1319.33
1762111393.3180742,0.00,1319.33
1762111394.3199759,0.00,1319.33
1762111395.3215485,0.50,1319.32
1762111396.3230999,1.00,1319.32
1762111397.3250182,0.50,1319.32
1762111398.3266091,0.00,1319.32
1762111399.3276477,0.00,1319.32
1762111400.3294952,1.00,1319.32
1762111401.3312273,1.00,1319.32
1762111402.3330603,1.00,1319.32
1762111403.334768,0.50,1319.31
1762111404.3364494,4.00,1319.19
1762111405.3380048,0.00,1319.14
1762111406.3395374,0.50,1319.14
1762111407.3412507,1.00,1319.14
1762111408.342778,0.00,1319.14
1762111409.3444042,0.00,1319.14
1762111410.3454862,0.50,1319.14
1762111411.3484452,1.00,1319.14
1762111412.3503036,1.50,1319.13
1762111413.3518717,0.00,1319.13
1762111414.3536644,0.50,1319.13
1762111415.3552902,0.50,1319.13
1762111416.357031,0.50,1319.12
1762111417.3587568,1.00,1319.12
1762111418.3603337,0.00,1319.12
1762111419.3619533,0.50,1319.12
1762111420.3636122,0.50,1319.12
1762111421.3653064,1.50,1319.12
1762111422.366946,1.00,1319.12
1762111423.3686802,0.50,1319.12
1762111424.370398,0.50,1319.12
1762111425.3719947,0.50,1319.12
1762111426.3736897,0.00,1319.12
1762111427.3754473,0.50,1319.12
1762111428.3773346,0.50,1319.12
1762111429.3789456,0.50,1319.12
1762111430.380602,0.00,1319.12
1762111431.3824258,1.00,1319.12
1762111432.3835454,0.50,1319.12
1762111433.385302,1.00,1319.11
1762111434.3869684,1.50,1319.11
1762111435.3887365,4.50,1319.60
1762111436.3905478,0.00,1319.59
1762111437.392234,0.50,1319.59
1762111438.3937783,1.00,1319.59
1762111439.3953803,0.50,1319.59
1762111440.3970332,0.00,1319.59
1762111441.3987024,1.00,1319.59
1762111442.400262,0.50,1319.59
1762111443.4018087,1.00,1319.57
1762111444.4033985,1.00,1319.57
1762111445.4051964,0.00,1319.57
1762111446.4068508,1.00,1319.57
1762111447.40857,0.00,1319.57
1762111448.4100738,1.00,1319.57
1762111449.411679,0.50,1319.56
1762111450.4132707,0.50,1319.56
1762111451.4149215,0.50,1319.56
1762111452.4164793,0.50,1319.56
1762111453.4182389,1.00,1319.56
1762111454.420079,1.50,1319.55
1762111455.421713,1.00,1319.55
1762111456.423288,0.00,1319.55
1762111457.4250355,0.00,1319.55
1762111458.4272609,0.50,1319.55
1762111459.4292393,2.00,1319.54
1762111460.4309304,0.00,1319.54
1762111461.4324913,0.50,1319.54
1762111462.4340699,1.00,1319.54
1762111463.4362478,0.00,1319.54
1762111464.4380941,1.00,1319.52
1762111465.440022,0.50,1319.52
1762111466.4418597,0.50,1319.51
1762111467.4435077,0.00,1319.51
1762111468.445206,0.00,1319.51
1762111469.4463232,1.00,1319.52
1762111470.447888,0.00,1319.52
1762111471.4494908,1.00,1319.52
1762111472.4511008,0.50,1319.52
1762111473.452784,0.50,1319.52
1762111474.4546268,1.00,1319.50
1762111475.4560013,0.50,1319.50
1762111476.4576588,1.50,1319.50
1762111477.4594183,0.00,1319.50
1762111478.4610028,0.00,1319.50
1762111479.4626353,0.00,1319.50
1762111480.463789,1.50,1319.49
1762111481.465652,1.00,1319.48
1762111482.4675336,1.00,1319.48
1762111483.4692373,1.00,1319.61
1762111484.4707928,0.50,1319.61
1762111485.4724693,1.00,1319.60
1762111486.4739878,0.50,1319.60
1762111487.475629,0.00,1319.59
1762111488.4773715,1.00,1319.59
1762111489.479193,0.00,1319.59
1762111490.480952,1.50,1319.59
1762111491.482676,0.50,1319.59
1762111492.48441,0.00,1319.59
1762111493.4855845,1.00,1319.83
1762111494.4872594,1.00,1319.83
1762111495.4886284,5.10,1320.08
1762111496.4901023,5.60,1320.99
1762111497.4918103,1.50,1320.99
1762111498.493655,0.00,1320.99
1762111499.4954093,0.00,1320.99
1762111500.4970684,1.00,1320.99
1762111501.4987772,0.50,1320.98
1762111502.500527,0.00,1320.98
1762111503.5020647,0.00,1320.98
1762111504.5036788,0.50,1320.98
1762111505.5053656,0.50,1320.98
1762111506.507397,1.50,1320.97
1762111507.5090961,1.00,1320.97
1762111508.5107713,0.00,1320.97
1762111509.5123236,0.50,1320.97
1762111510.5139587,0.50,1320.97
1762111511.5155566,1.00,1320.97
1762111512.5170588,0.00,1320.97
1762111513.5186727,0.00,1320.97
1762111514.5205317,1.50,1320.96
1762111515.5222142,0.50,1320.94
1762111516.5240707,7.60,1320.94
