timestamp,cpu_percent,mem_used_mb
1762689457.5167758,6.10,2188.38
1762689458.5186205,1.00,2188.37
1762689459.5203874,2.00,2188.37
1762689460.5232384,1.00,2188.37
1762689461.5256126,2.00,2188.37
1762689462.5276513,2.00,2188.36
1762689463.529752,2.00,2188.36
1762689464.531421,1.50,2188.36
1762689465.533385,1.00,2188.36
1762689466.5367446,2.50,2188.36
1762689467.53967,1.00,2188.36
1762689468.5416355,2.00,2188.36
1762689469.5436065,1.00,2188.36
1762689470.5455775,1.50,2188.36
1762689471.552701,1.50,2188.36
1762689472.5800407,2.50,2188.36
1762689473.5822608,1.00,2188.35
1762689474.5853007,3.00,2188.35
1762689475.5880466,2.00,2188.35
1762689476.589397,43.20,2203.93
1762689477.591503,41.10,2200.96
1762689478.5934615,17.80,2203.76
1762689479.5953853,11.10,2188.89
1762689480.5966413,11.90,2191.13
1762689481.5982351,8.60,2186.45
1762689482.6044664,13.50,2186.18
1762689483.6083226,9.40,2186.62
1762689484.6101708,15.10,2185.92
1762689485.6122608,47.20,2187.29
1762689486.6137984,71.30,2192.60
1762689487.617825,66.90,2193.26
1762689488.6293607,37.30,2190.26
1762689489.6308234,58.60,2194.45
1762689490.6354291,81.10,2204.57
1762689491.6365569,87.60,2207.14
1762689492.6386259,70.80,2202.91
1762689493.6405566,18.70,2203.30
1762689494.65628,68.70,2217.28
1762689495.6574728,97.70,2245.77
1762689496.6590824,85.20,2246.51
1762689497.6665015,85.20,2233.28
1762689498.6675966,91.80,2229.77
1762689499.6687682,68.20,2230.25
1762689500.6708417,85.20,2228.02
1762689501.6725533,86.30,2245.81
1762689502.678008,94.90,2256.91
1762689503.6838343,72.10,2254.46
1762689504.6855693,49.40,2254.92
1762689505.6865108,94.90,2283.05
1762689506.6907833,87.80,2257.89
1762689507.692964,79.80,2248.69
1762689508.6956968,12.70,2248.93
1762689509.7001457,70.70,2249.64
1762689510.7033355,87.20,2250.12
1762689511.7166178,88.60,2272.51
1762689512.7243643,84.70,2273.15
1762689513.7282605,90.80,2255.24
1762689514.730606,78.00,2261.30
1762689515.743659,70.00,2255.28
1762689516.7675018,49.10,2256.45
1762689517.7684224,72.10,2256.67
1762689518.7745848,88.20,2280.96
1762689519.77756,83.90,2271.06
1762689520.7800195,34.40,2271.16
1762689521.7822013,4.00,2271.11
1762689522.7840471,80.90,2282.05
1762689523.7891276,15.50,2278.02
1762689524.7904458,44.20,2262.54
1762689525.7914393,84.90,2267.88
1762689526.7955797,66.50,2267.93
1762689527.7987363,47.90,2245.17
1762689528.8010151,91.00,2276.26
1762689529.8036757,58.90,2275.14
1762689530.805651,32.50,2261.75
1762689531.8085325,11.30,2262.08
1762689532.8122997,65.20,2262.30
1762689533.8157525,65.50,2262.19
1762689534.8177152,79.20,2262.19
1762689535.8235025,84.90,2262.18
1762689536.8281386,81.20,2262.13
1762689537.8303137,39.30,2262.12
1762689538.8325396,66.70,2288.13
1762689539.8533654,62.00,2265.14
1762689540.855484,9.10,2265.14
1762689541.8575554,30.80,2265.30
1762689542.8596647,16.80,2265.30
1762689543.8622782,43.10,2265.30
1762689544.8677442,43.30,2265.93
1762689545.8696728,86.10,2265.18
1762689546.8714828,86.10,2235.38
1762689547.8732555,55.30,2220.31
1762689548.8761387,35.60,2228.40
1762689549.879153,33.00,2228.40
1762689550.881617,30.30,2228.87
1762689551.8834407,64.00,2229.33
1762689552.884982,84.20,2229.49
1762689553.8864982,44.10,2229.48
1762689554.8875027,76.60,2241.25
1762689555.8962476,86.90,2242.84
1762689556.8975832,92.80,2248.34
1762689557.8985274,85.90,2252.47
1762689558.900696,91.00,2264.27
1762689559.9025593,9.60,2264.27
1762689560.9050488,41.00,2265.20
1762689561.9065018,90.80,2307.84
1762689562.908882,45.20,2309.93
1762689563.9116175,27.20,2299.24
1762689564.9138167,9.20,2291.80
1762689565.9182136,19.30,2291.95
1762689566.9276354,17.90,2291.53
1762689567.929829,14.20,2291.70
1762689568.931646,16.80,2291.45
1762689569.9335206,8.70,2291.45
1762689570.93635,2.00,2291.45
1762689571.9396117,2.50,2291.45
1762689572.9440682,16.00,2291.66
1762689573.9461737,7.70,2291.63
1762689574.949492,10.60,2291.57
1762689575.9600098,12.30,2291.77
1762689576.9620762,61.20,2291.73
1762689577.9642184,68.30,2291.73
1762689578.9693203,40.20,2294.23
1762689579.971558,30.10,2294.52
1762689580.9737577,5.50,2294.52
1762689581.9760787,2.00,2294.52
1762689582.9793074,10.70,2294.75
1762689583.9813194,1.00,2294.75
1762689584.9844544,3.00,2294.75
1762689585.9873018,3.00,2294.73
1762689586.9891207,4.00,2294.73
1762689587.990808,10.20,2294.93
1762689588.9927342,2.50,2294.93
1762689589.9955335,6.10,2294.93
1762689590.998781,7.60,2265.92
1762689592.0004942,36.50,2266.61
1762689593.0059605,31.20,2266.76
1762689594.0081983,15.20,2266.75
1762689595.009537,21.30,2266.73
1762689596.0124083,29.40,2270.86
1762689597.014003,57.70,2255.46
1762689598.0175993,69.20,2253.03
1762689599.0206234,41.30,2253.59
1762689600.0226376,40.20,2253.81
1762689601.0284321,15.80,2254.21
1762689602.0386913,71.10,2250.04
1762689603.040941,36.00,2251.17
1762689604.042619,72.70,2251.82
1762689605.0496597,73.00,2260.36
1762689606.050582,79.50,2255.75
1762689607.0524597,52.20,2265.03
1762689608.0545106,59.50,2266.54
1762689609.060009,81.20,2268.43
1762689610.0633013,77.30,2271.21
1762689611.0652854,54.40,2271.12
1762689612.0685008,76.50,2269.28
1762689613.070295,91.80,2268.24
1762689614.0727088,85.80,2267.89
1762689615.0819545,92.60,2285.58
1762689616.0874534,81.10,2277.61
1762689617.0886538,81.10,2282.54
1762689618.0940704,95.50,2283.30
1762689619.158186,83.30,2280.70
1762689620.161351,86.10,2282.35
1762689621.165792,89.60,2316.68
1762689622.168516,97.70,2330.69
1762689623.171828,67.20,2303.79
1762689624.173845,69.70,2311.58
1762689625.1747417,61.40,2306.75
1762689626.1774302,7.10,2303.25
1762689627.178554,50.30,2304.66
1762689628.1804147,78.70,2276.09
1762689629.1836367,59.40,2268.31
1762689630.1923845,58.00,2272.45
1762689631.1951594,59.20,2272.33
1762689632.204565,55.10,2268.25
1762689633.2058532,23.60,2253.46
1762689634.207549,3.60,2253.05
1762689635.2144768,13.90,2253.37
1762689636.216689,59.10,2254.85
1762689637.218759,60.30,2255.85
1762689638.2312403,68.70,2253.80
1762689639.233322,52.60,2254.67
1762689640.235261,42.50,2255.34
1762689641.2371254,26.50,2256.13
1762689642.2397547,47.20,2253.36
1762689643.2418664,4.50,2250.58
1762689644.2468493,15.60,2250.82
1762689645.2507458,13.40,2251.32
1762689646.2532961,18.80,2251.54
1762689647.2579224,71.80,2254.77
1762689648.2595947,44.40,2254.92
1762689649.2618308,36.60,2255.61
1762689650.2720706,17.80,2255.59
1762689651.275693,58.20,2255.55
1762689652.2813292,83.50,2260.69
1762689653.2858229,90.20,2261.91
1762689654.288485,33.20,2261.90
1762689655.2932203,75.90,2265.81
1762689656.2953627,87.50,2266.25
1762689657.3095982,71.50,2266.76
1762689658.3114946,86.90,2266.48
1762689659.3127184,83.20,2266.59
1762689660.3151488,66.00,2267.06
1762689661.3174548,75.60,2266.82
1762689662.3206706,86.60,2272.52
1762689663.324971,86.80,2293.93
1762689664.326824,98.90,2339.47
1762689665.3325236,81.00,2341.14
1762689666.3365214,79.80,2338.22
1762689667.3375273,84.00,2357.23
1762689668.3447506,96.30,2351.36
1762689669.3477757,16.30,2351.86
1762689670.351384,5.10,2351.86
1762689671.353355,8.20,2352.20
1762689672.3555877,3.00,2352.19
1762689673.3575003,18.20,2336.01
1762689674.3599555,11.20,2334.92
1762689675.3621793,21.40,2334.84
1762689676.372137,27.70,2334.75
1762689677.375685,54.60,2330.12
1762689678.3776443,27.70,2330.28
1762689679.3804405,39.60,2330.70
1762689680.382571,27.80,2330.67
1762689681.3844948,11.50,2330.66
1762689682.3875456,10.60,2330.05
1762689683.3887398,14.00,2330.04
1762689684.3918438,14.20,2330.61
1762689685.3966024,19.80,2330.81
1762689686.4024227,6.00,2330.76
1762689687.403582,19.20,2331.16
1762689688.4066198,51.40,2301.35
1762689689.408663,50.30,2303.24
1762689690.41171,15.10,2303.24
1762689691.4322429,15.60,2301.93
1762689692.437755,1.60,2300.96
1762689693.4397762,2.60,2300.77
1762689694.445119,1.50,2300.72
1762689695.4964216,5.10,2300.71
1762689696.4981394,1.00,2300.71
1762689697.7181659,3.60,2300.71
1762689698.732877,13.70,2299.81
1762689699.7793987,34.60,2299.81
1762689701.2304668,1.60,2299.79
1762689702.2326694,3.10,2300.03
1762689703.2396424,1.50,2299.77
1762689704.2423048,1.00,2299.53
1762689705.2444146,2.60,2299.53
1762689706.2505076,1.60,2299.77
1762689707.2595105,2.00,2299.57
1762689708.2760153,2.00,2299.52
1762689709.2796288,2.60,2299.52
1762689710.2817645,1.50,2299.52
1762689711.2880166,1.50,2299.51
1762689712.29436,0.50,2299.51
1762689713.2964103,1.00,2299.51
1762689714.298572,1.00,2299.51
1762689715.3007278,1.00,2299.51
1762689716.3027096,1.00,2299.50
1762689717.3046126,2.50,2299.50
1762689718.3076413,3.00,2299.50
1762689719.3105862,1.00,2299.50
1762689720.3124738,2.60,2299.50
1762689721.3149602,1.00,2299.50
1762689722.323689,0.50,2299.50
1762689723.3257675,1.50,2299.50
1762689724.3277316,2.50,2299.49
1762689725.3501256,1.50,2299.49
1762689726.3526998,3.10,2299.49
1762689727.365234,6.00,2299.46
1762689728.3743334,3.10,2299.46
1762689729.3764184,0.50,2299.46
1762689730.3784468,3.00,2299.46
1762689731.4045496,1.00,2299.46
1762689732.4368618,2.50,2299.46
1762689733.4506297,2.60,2299.46
1762689734.4568021,1.50,2299.46
1762689735.473755,5.10,2299.41
1762689736.4895713,1.00,2299.41
1762689737.4978626,1.00,2299.41
1762689738.506817,6.30,2299.41
1762689739.5392122,15.10,2299.41
1762689740.5416071,1.00,2299.41
1762689741.5445027,1.50,2299.40
1762689742.551799,1.00,2299.40
1762689743.5537927,1.00,2299.40
1762689744.5599575,1.50,2299.40
1762689745.5621703,1.00,2299.40
1762689746.5666797,2.50,2299.39
1762689747.5689843,7.10,2298.84
1762689748.5706577,6.70,2288.81
1762689749.5725548,11.70,2271.62
1762689750.5737717,12.60,2261.08
1762689751.576631,11.00,2260.29
1762689752.5831974,9.70,2261.50
1762689753.584941,10.80,2262.09
1762689754.589112,8.10,2261.79
1762689755.5916004,5.60,2261.99
1762689756.595683,13.50,2261.56
1762689757.6136734,10.50,2259.92
1762689758.6156578,7.50,2260.79
1762689759.6182916,8.30,2261.49
1762689760.63173,11.10,2261.38
1762689761.6341562,9.80,2261.32
1762689762.649572,9.40,2260.84
1762689763.6993191,9.70,2260.24
1762689764.7012272,6.50,2260.94
1762689765.703504,5.30,2260.84
1762689766.7114987,7.90,2261.55
1762689767.7198236,2.70,2261.66
1762689768.72235,6.50,2260.88
1762689769.7301307,11.70,2261.36
1762689770.7324197,12.30,2261.81
1762689771.7436597,11.90,2261.54
1762689772.7462535,13.10,2261.20
1762689773.7485638,11.30,2262.12
1762689774.7496154,9.30,2261.37
1762689775.7557645,8.20,2261.48
1762689776.7614996,10.40,2261.71
1762689777.7634923,12.30,2256.80
1762689778.7657006,3.00,2257.95
1762689779.8155706,1.40,2257.94
1762689780.8223183,3.60,2257.94
1762689781.8366618,2.60,2257.94
1762689782.8507915,1.50,2257.93
1762689783.878257,2.00,2257.93
1762689784.8906462,2.60,2257.92
1762689785.9086685,1.00,2257.92
1762689786.9105515,3.00,2257.92
1762689787.9129994,0.50,2257.92
1762689788.920755,0.50,2257.92
1762689789.9448013,9.30,2257.92
1762689790.9475257,10.90,2258.64
1762689791.9571445,3.10,2258.64
1762689792.9603536,1.50,2258.64
1762689793.9624639,1.00,2258.64
1762689794.9644608,1.00,2258.64
1762689795.9667692,6.10,2258.78
1762689796.9686515,1.00,2258.78
1762689797.970716,0.00,2258.78
1762689798.972714,1.50,2258.78
1762689799.9760106,17.30,2259.02
1762689800.977779,4.20,2259.02
1762689802.0627618,1.40,2259.01
1762689803.0663545,1.50,2259.01
1762689804.0754805,1.50,2259.01
1762689805.07887,2.10,2259.00
1762689806.0875657,2.50,2259.00
1762689807.1116006,4.80,2259.00
1762689808.1235216,4.20,2259.00
1762689809.1318808,1.00,2259.00
1762689810.1341426,1.00,2258.99
1762689811.149155,1.00,2258.99
1762689812.1555595,2.50,2258.99
1762689813.1593473,0.50,2258.99
1762689814.1617556,1.50,2258.99
1762689815.169653,0.50,2258.98
1762689816.2378607,1.00,2258.98
1762689817.2553458,1.10,2258.98
1762689818.2597523,0.00,2258.98
1762689819.2621596,1.00,2258.98
1762689820.2640977,1.00,2258.98
1762689821.2658722,1.50,2258.98
1762689822.2848673,1.00,2258.98
1762689823.3025541,2.00,2258.98
1762689824.3060935,1.00,2258.98
1762689825.3082924,0.50,2258.98
1762689826.3109825,1.50,2258.97
1762689827.3157623,1.00,2258.97
1762689828.318349,1.00,2258.97
1762689829.3204155,1.50,2258.97
1762689830.3217247,2.00,2258.97
1762689831.3245678,2.60,2258.96
1762689832.3565211,1.00,2258.96
1762689833.3596244,1.50,2258.96
1762689834.3638666,0.50,2258.96
1762689835.3708615,1.50,2258.96
1762689836.385063,0.50,2258.96
1762689837.3875268,2.50,2258.96
1762689838.39954,4.20,2258.96
1762689839.4053116,1.50,2258.96
1762689840.4160283,1.50,2258.96
1762689841.4184985,10.50,2259.20
1762689842.4204462,2.10,2259.20
1762689843.5364735,1.40,2259.20
1762689844.5380173,1.00,2259.20
1762689845.6266465,0.90,2259.20
1762689846.6876001,1.90,2259.20
1762689847.8369555,3.10,2259.18
1762689848.8482375,1.00,2259.17
1762689849.8686473,2.00,2259.17
1762689850.8757327,4.70,2259.17
1762689851.8971758,1.60,2259.17
1762689852.8998322,41.90,2262.82
1762689853.9035819,55.20,2267.95
1762689854.9133258,57.30,2267.80
1762689855.9155293,39.00,2270.73
1762689856.9253912,47.40,2272.48
1762689857.9283123,34.60,2269.04
1762689858.9328718,31.10,2269.70
1762689859.944659,40.50,2271.24
1762689860.9466214,30.60,2269.68
1762689862.115184,1.90,2269.68
1762689863.1174495,6.80,2269.62
1762689864.1211104,5.70,2269.62
1762689865.196217,9.80,2269.62
1762689866.327513,23.20,2269.62
1762689867.330092,7.60,2269.62
1762689868.3320549,8.90,2269.60
1762689869.3342147,4.10,2269.60
1762689870.3434238,4.60,2269.14
1762689871.345497,2.60,2269.14
1762689872.3576362,2.60,2269.14
1762689873.3601496,2.00,2269.14
1762689874.3622975,2.00,2269.14
1762689875.3665266,2.50,2269.14
1762689876.3775568,1.00,2269.14
1762689877.380324,2.50,2269.14
1762689878.3827364,1.50,2269.14
1762689879.386445,2.00,2269.14
1762689880.3903053,1.00,2269.13
1762689881.3924372,2.00,2269.13
1762689882.3937082,2.50,2269.13
1762689883.3958263,5.60,2269.13
1762689884.3968794,5.50,2270.25
1762689885.4012985,9.90,2270.91
1762689886.4036243,5.50,2271.60
1762689887.4047685,6.50,2271.50
1762689888.4067473,5.20,2271.24
1762689889.4112265,4.60,2271.77
1762689890.413281,7.00,2272.13
1762689891.416633,5.80,2271.78
1762689892.4177282,8.50,2269.42
1762689893.4215412,5.30,2269.87
1762689894.4235337,5.90,2270.84
1762689895.4254138,7.90,2271.00
1762689896.4268131,11.50,2270.84
1762689897.4282558,8.40,2270.54
1762689898.4316447,8.20,2268.43
1762689899.4337232,6.70,2269.51
1762689900.4357626,10.90,2269.40
1762689901.442184,8.80,2269.31
1762689902.44436,10.50,2269.72
1762689903.4481385,11.60,2269.58
1762689904.450419,9.90,2268.75
1762689905.4524128,10.30,2269.84
1762689906.4535635,8.00,2270.07
1762689907.45471,7.90,2269.74
1762689908.4573889,6.80,2270.50
1762689909.4587133,7.10,2269.83
1762689910.4627554,10.50,2270.42
1762689911.4636645,6.00,2270.13
1762689912.4693923,16.40,2269.68
1762689913.4852319,16.10,2269.39
1762689914.4895663,7.90,2264.55
1762689915.4916797,13.20,2265.72
1762689916.502589,4.10,2266.21
1762689917.5045896,2.60,2266.21
1762689918.506738,2.00,2266.21
1762689919.5116587,15.60,2266.21
1762689920.5736468,5.90,2266.21
1762689921.5983422,2.00,2266.21
1762689922.607762,1.50,2266.21
1762689923.6353338,3.30,2266.21
1762689924.6783807,1.50,2266.21
1762689925.6905065,1.50,2266.21
1762689926.801576,3.10,2266.21
1762689927.8046353,9.00,2266.21
1762689928.8406012,4.50,2266.21
1762689929.8730958,2.00,2266.21
1762689930.886026,1.50,2266.20
1762689931.888229,1.50,2266.20
1762689932.8913996,3.20,2266.20
1762689933.9111378,9.50,2266.20
1762689934.9353995,5.40,2266.19
1762689935.9544265,2.60,2266.18
1762689937.004999,1.50,2266.18
1762689938.012386,2.00,2266.18
1762689939.0169895,2.10,2266.18
1762689940.0191343,2.00,2266.18
1762689941.021177,2.20,2266.18
1762689942.0318167,2.00,2266.17
1762689943.0356069,2.50,2266.17
1762689944.0378268,2.60,2266.17
1762689945.0427186,1.50,2266.17
1762689946.053528,3.10,2266.17
1762689947.4854693,1.90,2266.17
1762689948.4891222,2.10,2266.16
1762689949.4922726,1.00,2266.16
1762689950.510769,1.80,2266.16
1762689951.5127733,2.50,2266.16
1762689952.5148385,1.50,2266.16
1762689953.5314755,2.60,2266.16
1762689954.5343277,3.20,2266.16
1762689955.5395405,9.40,2266.87
1762689956.5471191,47.50,2267.45
1762689957.5504372,51.70,2267.55
1762689958.5540965,43.00,2271.23
1762689959.5832796,25.40,2271.23
1762689960.6177723,47.00,2270.45
1762689961.6337404,27.60,2271.27
1762689962.637273,54.90,2271.33
1762689963.6421204,46.20,2271.41
1762689964.6533391,29.10,2271.58
1762689965.6582687,2.70,2271.57
1762689966.7337458,4.60,2271.57
1762689967.7424052,7.90,2271.55
1762689968.7554743,2.20,2271.55
1762689969.8144784,1.50,2271.55
1762689970.8164625,2.50,2271.54
1762689971.8207967,2.00,2271.54
1762689972.8231835,1.00,2271.54
1762689973.8254414,1.50,2271.54
1762689974.8291748,1.50,2271.54
1762689975.8329482,3.60,2271.53
1762689976.8351562,2.10,2271.53
1762689977.8374298,1.50,2271.53
1762689978.84361,1.00,2271.53
1762689979.8462105,24.90,2271.53
1762689980.8482466,3.00,2271.74
1762689981.8504364,1.00,2271.74
1762689982.852594,2.00,2271.74
1762689983.8545055,1.00,2271.74
1762689984.9394276,1.90,2271.74
1762689985.9414928,5.30,2271.74
1762689986.9615805,4.50,2271.73
1762689988.0057743,8.60,2271.73
1762689989.0210958,2.00,2271.73
1762689990.0323908,4.10,2271.71
1762689991.038219,5.30,2271.61
1762689992.040322,1.50,2271.61
1762689993.0426245,1.50,2271.61
1762689994.0446234,1.00,2271.61
1762689995.0482202,2.00,2271.61
1762689996.0534036,1.50,2271.61
1762689997.0557063,1.00,2271.61
1762689998.0586,1.50,2271.61
1762689999.0604517,1.00,2271.61
1762690000.0687745,1.00,2271.61
1762690001.0896833,2.10,2271.60
1762690002.0924826,2.00,2271.60
1762690003.0952308,2.00,2271.60
1762690004.1066916,2.00,2271.60
1762690005.121225,1.60,2271.60
1762690006.1232727,2.60,2271.59
1762690007.1336029,1.50,2271.59
1762690008.142681,1.00,2271.59
1762690009.1512902,2.00,2271.59
1762690010.1534705,2.00,2271.59
1762690011.1584935,1.00,2271.58
1762690012.1672401,1.00,2271.58
1762690013.1693168,2.00,2271.58
1762690014.1717627,0.50,2271.58
1762690015.174184,2.00,2271.58
1762690016.1764872,1.00,2271.58
1762690017.1795385,4.00,2271.56
1762690018.187829,2.50,2271.56
1762690019.1901553,4.70,2272.16
1762690020.198995,9.10,2268.77
1762690021.2021818,6.90,2269.88
1762690022.2040212,12.60,2270.75
1762690023.2063923,9.90,2271.15
1762690024.2090693,8.50,2272.01
1762690025.230641,8.30,2271.39
1762690026.2388365,7.20,2271.95
1762690027.2401822,9.80,2272.31
1762690028.2660182,7.70,2271.56
1762690029.2733064,10.40,2271.73
1762690030.2823577,10.00,2271.20
1762690031.3011096,4.50,2271.80
1762690032.3047645,2.70,2272.24
1762690033.3066163,5.30,2270.74
1762690034.3095338,5.50,2271.33
1762690035.3114784,6.00,2271.38
1762690036.3125086,8.20,2271.86
1762690037.3313744,7.60,2271.88
1762690038.3330557,4.70,2271.97
1762690039.33556,6.00,2272.23
1762690040.3366992,30.40,2272.38
1762690041.3396206,7.80,2271.69
1762690042.3476632,4.10,2271.74
1762690043.349475,6.50,2272.46
1762690044.3515346,8.50,2272.33
1762690045.3525648,7.80,2272.54
1762690046.3538258,8.30,2272.20
1762690047.357374,5.60,2272.50
1762690048.3620522,9.70,2271.86
1762690049.3640451,10.10,2267.65
1762690050.3658252,4.10,2266.54
1762690051.3684108,2.00,2266.79
1762690052.379535,3.50,2266.79
1762690053.3817785,2.00,2266.79
1762690054.3847404,2.00,2266.79
1762690055.3876762,2.00,2266.79
1762690056.3916178,2.50,2266.78
1762690057.3944952,1.00,2266.78
1762690058.3964975,2.00,2266.78
1762690059.3986096,2.00,2266.78
1762690060.400747,2.00,2266.78
1762690061.4036202,1.50,2266.77
1762690062.405824,1.50,2266.77
1762690063.4120615,2.00,2266.77
1762690064.414454,1.00,2266.77
1762690065.4165473,1.50,2266.77
1762690066.4176517,1.50,2266.77
1762690067.4195895,1.50,2266.76
1762690068.4224021,1.00,2266.76
1762690069.4245582,1.50,2266.76
1762690070.4265618,1.50,2266.76
1762690071.4285932,1.50,2266.76
1762690072.4296591,1.50,2266.76
1762690073.4333365,1.00,2266.76
1762690074.4355865,1.50,2266.76
1762690075.4402504,1.00,2266.76
1762690076.442324,1.00,2266.76
1762690077.448745,2.00,2266.76
1762690078.4508731,4.10,2266.75
1762690079.4531188,1.50,2266.75
1762690080.4551578,2.00,2266.75
1762690081.4585028,1.50,2266.75
1762690082.4603636,1.00,2266.75
1762690083.4626193,2.50,2266.75
1762690084.464511,0.50,2266.75
1762690085.469586,1.50,2266.75
1762690086.4771316,2.00,2266.75
1762690087.495463,5.00,2266.73
1762690088.496488,1.50,2266.73
1762690089.4997265,2.00,2266.73
1762690090.501708,2.00,2266.73
1762690091.503319,0.50,2266.73
1762690092.5051908,2.00,2266.73
1762690093.510536,1.50,2266.73
1762690094.5124905,1.50,2266.73
1762690095.5148802,1.00,2266.73
1762690096.5168443,2.00,2266.73
1762690097.5191374,1.50,2266.73
1762690098.521226,1.00,2266.73
1762690099.5233037,15.30,2268.20
1762690100.5253527,7.10,2268.18
1762690101.5273085,1.00,2268.18
1762690102.529089,1.00,2268.18
1762690103.5312696,1.00,2268.18
1762690104.5335422,0.50,2268.18
1762690105.535736,2.50,2269.08
1762690106.5376625,2.50,2269.08
1762690107.5397153,1.00,2269.08
1762690108.5410676,4.50,2269.08
1762690109.5433793,1.50,2269.08
1762690110.5462227,1.50,2269.07
1762690111.5484862,0.50,2269.07
1762690112.5504243,0.50,2269.07
1762690113.5525374,1.00,2269.07
1762690114.5545843,1.00,2269.07
1762690115.5576997,1.00,2268.80
1762690116.563414,1.00,2268.80
1762690117.5655942,1.00,2268.80
1762690118.5690882,2.10,2268.80
1762690119.572019,1.60,2268.80
1762690120.5740335,52.50,2269.31
1762690121.5761776,55.90,2269.10
1762690122.5784543,23.40,2269.34
1762690123.580458,15.30,2269.50
1762690124.5831718,24.90,2269.74
1762690125.5850334,18.30,2270.17
1762690126.589707,65.00,2270.39
1762690127.6162002,22.00,2270.23
1762690128.622841,59.10,2274.14
1762690129.6254249,34.40,2274.61
1762690130.6293015,7.30,2274.61
1762690131.631761,2.50,2274.61
1762690132.6364284,3.10,2274.61
1762690133.6383731,1.50,2274.61
1762690134.64024,3.10,2274.61
1762690135.7060523,2.40,2274.61
1762690136.709399,5.20,2274.60
1762690137.7233508,1.60,2274.59
1762690138.7277317,5.20,2274.59
1762690139.7294044,1.50,2274.59
1762690140.7304978,1.60,2274.59
1762690141.7500343,2.50,2274.59
1762690142.768666,5.80,2274.57
1762690143.7726858,1.00,2274.57
1762690144.9057298,2.40,2274.57
1762690145.9252405,4.30,2274.56
1762690146.9453871,4.30,2274.56
1762690147.9696352,1.50,2274.56
1762690148.980438,2.50,2274.56
1762690149.985144,4.30,2274.55
1762690151.0036497,3.00,2274.55
1762690152.0876591,2.90,2274.55
1762690153.094529,2.60,2274.55
1762690154.1148367,3.00,2274.00
1762690155.1166747,8.20,2274.49
1762690156.1178432,11.60,2275.66
1762690157.1282916,8.00,2276.25
1762690158.13029,10.40,2276.20
1762690159.1323316,9.70,2276.96
1762690160.1464527,32.30,2276.36
1762690161.1653497,7.30,2277.05
1762690162.196559,7.60,2277.27
1762690163.199111,7.50,2276.99
1762690164.2017415,5.80,2277.44
1762690165.2114115,4.50,2277.11
1762690166.2148297,12.20,2277.08
1762690167.2178338,8.10,2276.72
1762690168.2285068,8.10,2276.80
1762690169.2312975,12.00,2277.21
1762690170.2322283,7.00,2277.57
1762690171.2353165,8.30,2277.44
1762690172.2475774,9.10,2277.69
1762690173.2518215,13.30,2277.11
1762690174.26235,7.00,2277.02
1762690175.2635338,9.30,2277.10
1762690176.265341,9.20,2277.14
1762690177.2675674,8.40,2276.96
1762690178.270681,8.10,2277.50
1762690179.2926037,10.10,2277.00
1762690180.2996283,9.50,2277.41
1762690181.3083527,8.30,2276.95
1762690182.3095484,8.20,2277.62
1762690183.3116071,7.90,2276.86
1762690184.3130968,14.20,2275.95
1762690185.315247,3.10,2274.59
1762690186.3245127,1.00,2274.59
1762690187.326627,1.50,2274.59
1762690188.332156,1.00,2274.59
1762690189.3352563,1.50,2274.59
1762690190.3430748,1.50,2274.59
1762690191.3454635,1.00,2274.58
1762690192.3687098,0.50,2274.58
1762690193.3726594,2.50,2274.58
1762690194.377009,1.00,2274.58
1762690195.3901274,1.00,2274.58
1762690196.3943505,1.00,2274.58
1762690197.396467,1.00,2274.57
1762690198.4004781,3.60,2274.57
1762690199.4051492,1.50,2274.57
1762690200.4071336,10.00,2274.57
1762690201.604272,0.90,2274.57
1762690202.6084023,2.00,2274.57
1762690203.6283593,5.40,2274.56
1762690204.6302261,30.10,2274.78
1762690205.6373148,43.40,2275.84
1762690206.6431243,7.80,2275.84
1762690207.7620838,9.80,2275.80
1762690208.766742,3.20,2275.80
1762690209.7686663,2.50,2275.80
1762690210.7708542,8.40,2275.80
1762690211.7782762,1.50,2275.80
1762690212.78546,2.60,2275.80
1762690213.7957516,2.60,2275.79
1762690214.803272,2.60,2275.79
1762690215.8054466,9.70,2275.76
1762690216.8075492,2.00,2275.76
1762690217.8095834,2.00,2275.76
1762690218.8164468,2.50,2275.75
1762690219.8184972,16.80,2275.75
1762690220.8208635,1.50,2275.75
1762690221.822842,2.10,2275.75
1762690222.8247561,2.00,2275.75
1762690223.8272932,1.50,2275.74
1762690224.8322434,2.60,2275.74
1762690225.8347025,11.90,2275.72
1762690226.8365858,5.10,2275.72
1762690227.8384788,1.50,2275.72
1762690228.840439,3.50,2275.72
1762690229.8484056,1.50,2275.71
1762690230.8505435,1.00,2275.71
1762690231.852425,1.50,2275.71
1762690232.854388,2.50,2275.71
1762690233.8685317,2.50,2275.71
1762690234.874749,2.00,2275.71
1762690235.881642,1.50,2275.70
1762690236.8838713,2.50,2275.70
1762690237.886425,0.50,2275.70
1762690238.8965776,1.50,2275.70
1762690239.9073174,3.00,2275.70
1762690240.911517,1.00,2275.69
1762690241.9153576,2.00,2275.69
1762690242.9174058,1.50,2275.69
1762690243.930116,1.50,2275.69
1762690244.9326038,2.50,2275.69
1762690245.9365678,1.00,2275.69
1762690246.9387271,1.50,2275.68
1762690247.9614391,1.60,2275.68
1762690248.96374,1.50,2275.68
1762690249.966644,2.10,2275.68
1762690250.977652,1.50,2275.68
1762690251.979826,1.50,2275.68
1762690252.9821992,1.50,2275.68
1762690253.9842653,1.00,2275.68
1762690254.9878168,2.60,2275.68
1762690255.995788,2.00,2275.68
1762690256.9981043,3.00,2275.67
1762690258.0021358,2.00,2275.66
1762690259.004666,1.00,2275.66
1762690260.0625856,2.60,2275.66
1762690261.0645769,12.90,2276.00
1762690262.0677378,1.00,2276.00
1762690263.1943796,2.80,2276.00
1762690264.203752,2.00,2275.99
1762690265.2098856,7.30,2275.98
1762690266.2121544,3.60,2275.98
1762690267.2154233,58.50,2316.68
1762690268.2175531,1.50,2316.68
1762690269.2196498,1.00,2316.68
1762690270.2226095,3.50,2316.71
1762690271.228975,1.00,2316.70
1762690272.2328267,1.00,2316.70
1762690273.2356217,2.00,2316.70
1762690274.2386456,1.00,2316.70
1762690275.2410152,1.00,2316.69
1762690276.243233,1.00,2316.69
1762690277.2452693,6.70,2308.99
1762690278.2472975,3.50,2308.99
1762690279.2493913,2.00,2308.99
1762690280.2559268,15.20,2308.99
1762690281.2634187,1.00,2308.98
1762690282.265615,0.50,2308.98
1762690283.2674232,1.00,2308.98
1762690284.27181,1.00,2308.98
1762690285.2737808,0.50,2308.98
1762690286.2760386,0.50,2308.98
1762690287.2781253,1.00,2308.97
1762690288.2802064,0.50,2308.97
1762690289.3004727,7.60,2309.09
1762690290.308006,14.70,2279.90
1762690291.3118367,4.90,2280.15
1762690292.3128657,5.40,2280.73
1762690293.3145034,6.10,2281.29
1762690294.3165214,6.30,2281.57
1762690295.3204532,7.40,2281.60
1762690296.3225346,4.80,2281.90
1762690297.3266518,11.40,2278.58
1762690298.329148,9.90,2278.65
1762690299.3335042,6.00,2279.40
1762690300.3445244,24.80,2279.28
1762690301.3465676,61.20,2278.68
1762690302.3557527,35.50,2279.48
1762690303.3605633,58.50,2278.98
1762690304.3619134,42.20,2278.69
1762690305.364376,40.90,2279.27
1762690306.3686347,17.40,2278.38
1762690307.3736067,11.90,2279.50
1762690308.3755226,20.50,2279.92
1762690309.3792648,23.10,2280.08
1762690310.3810437,59.60,2280.19
1762690311.3841066,41.40,2280.13
1762690312.3895764,36.20,2280.38
1762690313.3925004,40.00,2280.75
1762690314.3944905,28.80,2305.76
1762690315.3975158,43.00,2282.82
1762690316.4068723,22.90,2281.67
1762690317.4091918,21.80,2280.49
1762690318.4123847,9.40,2280.91
1762690319.4137192,6.50,2278.55
1762690320.417831,6.80,2274.72
1762690321.4210534,19.40,2274.95
1762690322.423597,43.90,2276.38
1762690323.4260743,40.00,2277.19
1762690324.4294438,16.40,2277.16
1762690325.4337645,7.30,2277.40
1762690326.4368548,8.20,2277.64
1762690327.440417,3.60,2277.64
1762690328.447953,15.20,2278.09
1762690329.4510696,5.10,2278.08
1762690330.4532168,2.50,2278.07
1762690331.4554255,0.50,2278.07
1762690332.457247,0.50,2278.07
1762690333.459845,1.50,2278.07
1762690334.461808,0.50,2278.07
1762690335.46549,1.00,2278.07
1762690336.470966,14.50,2278.02
1762690337.4731047,30.20,2279.13
1762690338.482458,27.20,2279.13
1762690339.486277,3.00,2279.12
1762690340.487535,17.80,2279.59
1762690341.5160162,10.30,2279.55
1762690342.5185754,1.00,2279.55
1762690343.524582,1.00,2279.55
1762690344.5330505,1.50,2279.55
1762690345.5365045,1.00,2279.55
1762690346.5648372,10.70,2279.55
1762690347.5705981,3.10,2279.50
1762690348.5763092,6.10,2279.50
1762690349.5854828,0.50,2279.50
1762690350.5896287,1.00,2279.50
1762690351.6021657,1.00,2279.50
1762690352.620359,1.00,2279.50
1762690353.6476533,1.50,2279.50
1762690354.6533666,2.60,2279.50
1762690355.6556058,0.50,2279.50
1762690356.6577473,0.50,2279.50
1762690357.6613095,1.00,2279.49
1762690358.6654932,1.00,2279.48
1762690359.667449,1.00,2279.48
1762690360.6695132,0.50,2279.48
1762690361.6715474,2.00,2279.48
1762690362.674387,1.00,2279.48
1762690363.6767526,1.00,2279.48
1762690364.684482,1.00,2279.48
1762690365.6866422,1.00,2279.48
1762690366.6887746,0.50,2279.48
1762690367.6914666,1.30,2279.48
1762690368.6930764,1.00,2279.47
1762690369.6952808,0.50,2279.47
1762690370.6984916,0.50,2279.47
1762690371.6995142,1.00,2279.47
1762690372.7031186,1.00,2279.47
1762690373.7051563,0.00,2279.47
1762690374.7083256,1.00,2279.46
1762690375.7149901,0.50,2279.46
1762690376.7201667,2.60,2279.46
1762690377.7516012,1.00,2279.46
1762690378.7928686,2.10,2279.46
1762690379.7953107,2.10,2279.45
1762690380.7977266,1.50,2279.45
1762690381.8021827,0.50,2279.45
1762690382.8044508,2.00,2279.45
1762690383.808134,0.50,2279.44
1762690384.8152056,4.00,2279.43
1762690385.8173397,4.70,2279.43
1762690386.9130619,1.90,2279.43
1762690387.9151144,1.50,2279.43
1762690388.9812508,1.00,2279.43
1762690390.010881,1.50,2279.43
1762690391.0165281,1.00,2279.42
1762690392.0409956,1.50,2279.42
1762690393.0467558,2.00,2279.42
1762690394.0496714,1.00,2279.41
1762690395.0518022,1.00,2279.41
1762690396.09452,1.00,2279.41
1762690397.0971272,1.00,2279.41
1762690398.099307,0.00,2279.41
1762690399.1162164,2.10,2279.41
1762690400.2169375,25.40,2279.39
1762690401.2198157,31.70,2279.39
1762690402.2313204,1.50,2279.39
1762690403.233322,1.00,2279.39
1762690404.2415824,0.00,2279.39
1762690405.2454345,5.50,2279.28
1762690406.247194,0.50,2279.28
1762690407.2488675,1.00,2279.28
1762690408.262443,1.00,2279.28
1762690409.277417,4.50,2279.28
1762690410.279511,2.50,2279.28
1762690411.281404,1.00,2279.27
1762690412.2836025,1.00,2279.27
1762690413.291727,2.60,2279.27
1762690414.2965717,1.00,2279.27
1762690415.2996542,1.00,2279.27
1762690416.3016865,1.50,2279.27
1762690417.3041549,2.50,2279.27
1762690418.308131,1.00,2279.27
1762690419.3105907,1.50,2279.27
1762690420.3146915,0.00,2279.27
1762690421.3227425,2.00,2279.25
1762690422.3248365,1.00,2279.25
1762690423.3270977,0.50,2279.25
1762690424.3289964,1.50,2279.25
1762690425.3862572,3.90,2279.25
1762690426.394946,3.60,2279.68
1762690427.4226182,5.60,2279.68
1762690428.4305456,4.30,2278.91
1762690429.4754405,10.50,2279.68
1762690430.4881365,9.40,2277.41
1762690431.4903667,6.00,2277.96
1762690432.4915998,6.60,2278.59
1762690433.4934204,3.50,2279.17
1762690434.494667,6.60,2278.77
1762690435.496914,7.30,2278.50
1762690436.49871,9.90,2279.50
1762690437.4998162,6.60,2279.81
1762690438.5064151,10.40,2280.52
1762690439.5085967,11.80,2279.39
1762690440.510062,8.60,2278.49
1762690441.5121412,9.30,2279.98
1762690442.514934,10.10,2280.28
1762690443.5171094,7.20,2278.95
1762690444.5217786,10.50,2279.33
1762690445.5235746,9.40,2279.24
1762690446.5258706,10.00,2279.16
1762690447.530124,9.60,2280.83
1762690448.7556446,8.10,2280.11
1762690449.76232,6.50,2279.59
1762690450.7675602,9.00,2279.23
1762690451.7697697,6.20,2279.52
1762690452.8086412,4.90,2280.39
1762690453.809792,5.40,2278.70
1762690454.8143742,7.30,2279.13
1762690455.8226128,15.20,2273.72
1762690456.825155,2.00,2274.07
1762690457.8846617,2.60,2274.55
1762690458.9180925,3.00,2274.55
1762690459.9355826,1.00,2274.55
1762690460.9509795,2.00,2274.79
1762690461.9534712,2.00,2274.79
1762690462.9557352,16.10,2274.79
1762690463.9582026,0.50,2274.79
1762690464.9635725,1.50,2274.79
1762690466.0867882,1.00,2274.79
1762690467.102221,3.10,2274.79
1762690468.1224556,1.00,2274.79
1762690469.1240487,5.10,2274.79
1762690470.126578,4.60,2274.79
1762690471.1287227,1.60,2274.78
1762690472.13085,1.00,2274.78
1762690473.1333666,1.00,2274.78
1762690474.1353807,1.00,2274.78
1762690475.1376967,0.00,2274.78
1762690476.1398492,1.50,2274.78
1762690477.1434238,1.00,2274.78
1762690478.1473565,1.00,2274.78
1762690479.1496563,1.00,2274.78
1762690480.151512,1.00,2274.78
1762690481.153565,1.00,2274.78
1762690482.155468,0.50,2274.78
1762690483.1573699,1.50,2274.78
1762690484.1593611,0.50,2274.78
1762690485.1626773,1.00,2274.78
1762690486.1666474,1.00,2274.78
1762690487.1687863,1.00,2274.78
1762690488.17116,0.50,2274.78
1762690489.1733327,1.00,2274.77
1762690490.1753778,0.00,2274.77
1762690491.1811612,1.00,2274.77
1762690492.1849651,0.50,2274.77
1762690493.1941752,1.00,2274.77
1762690494.1977022,1.00,2274.77
1762690495.2006078,1.50,2274.77
1762690496.202546,1.00,2274.77
1762690497.2047582,2.00,2274.76
1762690498.207446,0.50,2274.75
1762690499.2094889,1.00,2274.75
1762690500.2206647,2.50,2274.75
1762690501.22319,0.50,2274.75
1762690502.2277744,1.00,2274.75
1762690503.2301972,1.50,2274.96
1762690504.232097,1.00,2274.95
1762690505.2342749,1.50,2274.95
1762690506.236615,2.50,2274.94
1762690507.2390046,0.50,2274.94
1762690508.2413874,0.50,2274.94
1762690509.243192,1.00,2274.93
1762690510.2459366,1.00,2274.93
1762690511.2488532,0.50,2274.93
1762690512.2509933,0.00,2274.93
1762690513.2531044,1.00,2274.93
1762690514.2555835,1.00,2274.93
1762690515.2581458,9.20,2274.77
1762690516.260707,0.50,2274.77
1762690517.2627242,1.00,2274.77
1762690518.2655592,1.00,2274.77
1762690519.2707028,3.50,2275.00
1762690520.2737029,1.00,2275.00
1762690521.276189,1.50,2275.00
1762690522.2780752,0.00,2275.00
1762690523.2802627,9.60,2275.00
1762690524.2824497,2.50,2275.00
1762690525.2845445,1.00,2275.00
1762690526.2864294,0.50,2274.99
1762690527.287575,1.50,2274.99
1762690528.2907188,1.00,2274.99
1762690529.2924585,2.00,2274.98
1762690530.2945356,3.00,2274.98
1762690531.2964742,0.50,2274.98
1762690532.299687,0.00,2274.98
1762690533.301861,0.50,2274.98
1762690534.303825,1.00,2274.98
1762690535.3060687,1.00,2274.98
1762690536.3086216,2.00,2274.98
1762690537.3108504,1.00,2274.97
1762690538.3128452,0.50,2274.97
1762690539.3151429,0.50,2274.97
1762690540.3183901,1.00,2274.97
1762690541.3205764,0.50,2274.97
1762690542.3225608,1.00,2274.96
1762690543.3245676,1.00,2274.96
1762690544.3264868,0.00,2274.96
1762690545.328411,1.50,2274.96
1762690546.3303552,0.00,2274.96
1762690547.3330257,0.50,2274.96
1762690548.3354025,2.00,2275.21
1762690549.3374746,1.00,2275.21
1762690550.3409708,1.00,2275.21
1762690551.3433082,2.00,2275.21
1762690552.3453574,0.00,2275.21
1762690553.3482468,1.00,2275.20
1762690554.350274,0.50,2275.20
1762690555.3525984,0.50,2275.20
1762690556.3545046,0.50,2275.20
1762690557.3564253,1.00,2275.20
1762690558.3585563,0.50,2275.20
1762690559.3607335,1.00,2275.20
1762690560.36246,5.60,2276.12
1762690561.3633318,4.10,2276.38
1762690562.3644748,3.50,2277.62
1762690563.3656058,3.60,2278.81
1762690564.3692436,4.70,2278.21
1762690565.3728065,7.20,2278.26
1762690566.3757975,13.90,2278.17
1762690567.3775632,8.20,2278.84
1762690568.3798459,3.00,2278.95
1762690569.3818219,4.70,2278.70
1762690570.383421,8.80,2279.22
1762690571.3855982,4.80,2279.46
1762690572.3885145,4.50,2278.46
1762690573.390764,5.70,2279.18
1762690574.3931499,4.10,2279.20
1762690575.3966265,5.10,2278.41
1762690576.4021456,5.20,2279.33
1762690577.404578,2.90,2279.97
1762690578.4075143,6.40,2278.96
1762690579.408638,4.80,2279.22
1762690580.411103,4.70,2280.18
1762690581.413307,4.80,2278.79
1762690582.4151607,2.90,2279.20
1762690583.4175293,18.50,2279.58
1762690584.4185758,3.40,2279.11
1762690585.422055,4.00,2279.19
1762690586.4242077,4.70,2280.06
1762690587.4253569,2.90,2280.12
1762690588.4265423,6.40,2280.83
1762690589.4275055,6.40,2280.01
1762690590.428989,7.70,2277.97
1762690591.4317837,5.10,2272.57
1762690592.4338782,1.00,2272.82
1762690593.4361045,1.50,2273.07
1762690594.4382145,0.50,2273.07
1762690595.4402487,0.50,2273.07
1762690596.4422157,1.00,2273.31
1762690597.444536,1.00,2273.31
1762690598.4472535,0.50,2273.31
1762690599.4493535,1.00,2273.31
1762690600.4514852,0.00,2273.31
1762690601.4535415,1.00,2273.31
1762690602.4554594,1.00,2273.31
1762690603.4615605,0.00,2273.31
1762690604.4842534,0.50,2273.31
1762690605.4993763,0.50,2273.31
1762690606.5014906,1.50,2273.31
1762690607.503858,0.00,2273.30
1762690608.5061307,1.00,2273.30
1762690609.5098357,1.00,2273.30
1762690610.5142136,1.50,2273.30
1762690611.5202546,0.50,2273.30
1762690612.5223806,0.50,2273.30
1762690613.5244527,1.00,2273.30
1762690614.5263534,1.00,2273.30
1762690615.5285654,1.00,2273.30
1762690616.53046,0.00,2273.30
1762690617.532389,2.50,2273.29
1762690618.5342746,0.50,2273.28
1762690619.536328,1.00,2273.28
1762690620.538407,1.50,2273.28
1762690621.5405076,0.50,2273.28
1762690622.542578,3.00,2273.16
1762690623.546449,1.50,2273.89
1762690624.5488775,0.50,2273.89
1762690625.5507915,1.50,2273.88
1762690626.5530596,1.00,2273.88
1762690627.5547786,1.00,2273.88
1762690628.5568504,1.00,2273.88
1762690629.55977,1.50,2273.88
1762690630.5621407,2.00,2273.87
1762690631.564261,1.00,2273.87
1762690632.5661945,1.00,2273.87
1762690633.5683541,0.00,2273.87
1762690634.5707915,0.50,2273.87
1762690635.5727386,1.00,2273.86
1762690636.6768615,2.40,2273.86
1762690637.678878,1.00,2273.86
1762690638.6825073,1.00,2273.86
1762690639.6844273,1.00,2273.86
1762690640.6870246,3.20,2273.86
1762690641.7047727,1.00,2273.86
1762690642.7084267,2.50,2273.86
1762690643.7146046,15.50,2273.86
1762690644.7166054,1.00,2273.86
1762690645.718656,2.00,2273.86
1762690646.7227626,69.20,2273.85
1762690647.7290483,26.20,2273.94
1762690648.731202,12.20,2273.94
1762690649.733715,20.40,2273.94
1762690650.7361257,15.20,2273.94
1762690651.745603,35.00,2273.94
1762690652.75434,15.00,2273.93
1762690653.7571924,10.30,2273.93
1762690654.7622259,6.10,2273.93
1762690655.7642546,5.10,2273.93
1762690656.766537,41.80,2270.68
1762690657.7683902,6.60,2236.54
1762690658.7811518,1.00,2236.54
1762690659.7831585,0.50,2236.54
1762690660.785445,1.50,2236.54
1762690661.7873764,2.00,2236.54
1762690662.7897224,1.00,2236.53
1762690663.7966838,1.00,2236.77
1762690664.803326,1.00,2236.77
1762690665.8058,1.00,2236.77
1762690666.8078804,4.50,2236.77
1762690667.8104422,1.00,2236.77
1762690668.8119943,1.50,2236.77
1762690669.8153517,0.00,2236.77
1762690670.818294,1.00,2236.77
1762690671.826808,1.50,2236.77
1762690672.8298419,1.50,2236.77
1762690673.8326018,1.50,2236.76
1762690674.8419282,2.70,2236.76
1762690675.8444343,1.00,2236.76
1762690676.8497393,16.90,2238.97
1762690677.8567297,40.90,2254.27
1762690678.858433,61.40,2260.91
1762690679.8598757,67.00,2256.60
1762690680.861451,82.60,2259.55
1762690681.8627896,80.10,2263.67
1762690682.8652067,78.00,2275.21
1762690683.868101,48.70,2275.72
1762690684.8702035,4.50,2275.72
1762690685.8732193,2.00,2275.71
1762690686.8794198,12.40,2275.71
1762690687.8822205,2.00,2275.70
1762690688.8845334,1.50,2275.70
1762690689.8864663,5.10,2275.70
1762690690.893525,17.30,2275.94
1762690691.895986,45.80,2276.18
1762690692.9006631,28.30,2278.41
1762690693.9026768,22.80,2278.62
1762690694.9048748,15.00,2278.62
1762690695.9093776,8.00,2264.24
1762690696.910534,7.10,2254.25
1762690697.911586,4.80,2254.41
1762690698.9134479,5.20,2253.87
1762690699.9152796,3.50,2254.86
1762690700.9172995,7.80,2253.84
1762690701.9196308,4.60,2255.85
1762690702.921504,14.20,2256.30
1762690703.9231746,27.60,2256.32
1762690704.9253469,6.50,2256.89
1762690705.9292736,6.40,2257.72
1762690706.931234,5.70,2255.08
1762690707.9322338,31.00,2254.39
1762690708.9351757,5.70,2252.93
1762690709.9365892,16.50,2253.88
1762690710.937402,7.00,2253.13
1762690711.9393826,28.80,2254.85
1762690712.941364,29.80,2253.32
1762690713.9437268,25.30,2255.26
1762690714.9463048,22.50,2255.62
1762690715.9473314,11.90,2255.59
1762690716.9605176,24.30,2254.60
1762690717.961579,19.30,2255.16
1762690718.962737,24.90,2255.70
1762690719.9644964,18.70,2254.50
1762690720.9677885,17.60,2255.18
1762690721.971102,20.90,2256.47
1762690722.974441,41.40,2257.62
1762690723.976503,17.30,2257.09
1762690724.977675,4.60,2257.39
1762690725.979535,7.50,2252.99
1762690726.9828198,1.00,2252.99
1762690727.9861596,1.50,2253.23
1762690728.9882917,0.50,2253.23
1762690729.9904616,1.00,2253.23
1762690730.9926078,2.50,2253.23
1762690731.9951913,0.50,2253.23
1762690732.9983768,0.50,2253.23
1762690734.0007682,1.50,2253.23
1762690735.0037804,0.50,2253.23
1762690736.0075018,1.00,2253.23
1762690737.009609,2.50,2253.22
1762690738.0209603,1.00,2253.22
1762690739.023037,1.00,2253.22
1762690740.0345244,1.00,2253.22
1762690741.0364609,1.50,2253.22
1762690742.0394526,1.00,2253.21
1762690743.0414095,1.50,2253.21
1762690744.0434823,1.00,2253.20
1762690745.0454428,0.50,2253.20
1762690746.0477107,2.00,2253.20
1762690747.0493314,3.00,2253.44
1762690748.053669,8.50,2253.92
1762690749.055581,2.00,2253.92
1762690750.0585222,1.00,2253.92
1762690751.0606692,0.50,2253.92
1762690752.0638146,1.00,2253.92
1762690753.0667276,0.50,2253.91
1762690754.0687068,1.00,2253.91
1762690755.0713346,0.50,2253.91
1762690756.073787,1.00,2253.91
1762690757.0766048,0.00,2253.91
1762690758.0785015,1.50,2253.90
1762690759.080281,0.50,2253.90
1762690760.082093,0.50,2253.90
1762690761.0863178,1.00,2253.90
1762690762.0880976,1.50,2253.90
1762690763.0896013,12.10,2253.89
1762690764.0922942,1.00,2253.89
1762690765.0943358,0.50,2253.89
1762690766.0966113,1.00,2253.89
1762690767.0984993,1.50,2253.89
1762690768.1007547,0.50,2253.89
1762690769.103424,0.50,2253.89
1762690770.1064465,5.10,2253.89
1762690771.1083913,2.00,2254.12
1762690772.1130517,1.00,2254.12
1762690773.1154335,1.00,2255.84
1762690774.1178343,1.00,2255.84
1762690775.122214,0.50,2255.84
1762690776.1242187,2.00,2255.84
1762690777.126197,1.00,2255.84
1762690778.1279964,1.00,2255.84
1762690779.1302614,1.00,2255.84
1762690780.1341462,0.00,2255.84
1762690781.1360412,1.00,2255.84
1762690782.13777,0.00,2255.84
1762690783.1403985,0.50,2255.84
1762690784.1424706,0.50,2255.84
1762690785.1468027,0.50,2255.84
1762690786.1487687,1.00,2255.84
1762690787.1508412,1.50,2255.83
1762690788.1528094,0.00,2255.83
1762690789.1572185,1.00,2255.83
1762690790.188885,1.00,2255.83
1762690791.191654,1.00,2255.83
1762690792.193662,1.00,2255.83
1762690793.1958156,1.00,2255.83
1762690794.199768,0.50,2255.83
1762690795.202393,1.00,2255.83
1762690796.2044094,0.50,2255.83
1762690797.2070014,4.00,2256.07
1762690798.2090595,5.60,2256.03
1762690799.21055,3.00,2256.03
1762690800.2125213,5.00,2256.02
1762690801.214869,1.00,2256.02
1762690802.216875,0.50,2256.02
1762690803.2190318,8.10,2256.48
1762690804.2212396,33.50,2256.42
1762690805.2237034,6.10,2256.42
1762690806.2266977,37.00,2256.39
1762690807.2321064,23.80,2256.60
1762690808.23425,13.80,2257.00
1762690809.2356143,30.60,2257.16
1762690810.2374055,15.50,2257.16
1762690811.2401116,16.90,2257.10
1762690812.247754,9.20,2257.26
1762690813.2522767,32.60,2257.26
1762690814.2545903,51.60,2257.22
1762690815.258449,41.50,2257.89
1762690816.2610593,52.40,2259.09
1762690817.270648,36.90,2259.50
1762690818.2777345,42.60,2259.50
1762690819.28155,36.60,2259.49
1762690820.283418,22.60,2263.41
1762690821.2854896,23.70,2263.41
1762690822.2893245,14.70,2263.73
1762690823.2923326,20.00,2264.20
1762690824.2943726,7.30,2264.64
1762690825.2967803,26.30,2264.64
1762690826.2986884,20.20,2264.64
1762690827.3006372,49.70,2264.61
1762690828.3015554,22.10,2264.59
1762690829.3070943,20.60,2264.59
1762690830.3120666,45.70,2265.31
1762690831.313412,72.70,2266.50
1762690832.3241482,52.70,2273.55
1762690833.3261354,17.30,2273.55
1762690834.3284912,11.20,2273.55
1762690835.3296068,39.10,2273.79
1762690836.3320646,20.90,2274.16
1762690837.33443,24.20,2274.21
1762690838.337733,38.30,2271.89
1762690839.3401718,17.30,2272.11
1762690840.3423784,41.50,2272.80
1762690841.3462636,4.10,2272.80
1762690842.3483837,1.00,2272.80
1762690843.351229,1.50,2272.79
1762690844.37911,2.00,2272.79
1762690845.381848,2.10,2272.79
1762690846.3862805,2.50,2272.79
1762690847.3883271,1.00,2272.79
1762690848.394633,1.50,2272.79
1762690849.3975296,3.10,2272.79
1762690850.4054759,3.50,2273.03
1762690851.4074233,1.50,2273.03
1762690852.4094272,1.00,2273.03
1762690853.411379,1.00,2273.03
1762690854.4131398,1.50,2273.03
1762690855.4151733,1.00,2273.02
1762690856.4173596,1.00,2273.02
1762690857.4192524,2.00,2273.02
1762690858.421169,1.50,2273.02
1762690859.4231293,1.50,2273.02
1762690860.4274325,2.00,2273.02
1762690861.4426122,4.10,2273.02
1762690862.4448152,2.00,2273.02
1762690863.458658,2.50,2273.02
