timestamp,cpu_percent,mem_used_mb
1762087279.70562,38.10,1302.32
1762087280.709681,3.00,1301.25
1762087281.7114015,1.00,1301.21
1762087282.7128973,0.00,1301.21
1762087283.714499,1.00,1301.21
1762087284.7160065,0.50,1301.21
1762087285.7177033,4.00,1301.20
1762087286.7194142,0.50,1301.20
1762087287.7208638,16.10,1294.29
1762087288.7234797,35.20,1294.61
1762087289.7250838,29.20,1294.69
1762087290.727014,22.90,1294.42
1762087291.72934,20.70,1294.43
1762087292.7309113,20.50,1294.40
1762087293.7318912,25.00,1294.39
1762087294.7336712,24.40,1294.60
1762087295.7353415,20.00,1294.31
1762087296.7369542,16.70,1294.57
1762087297.7386916,16.10,1294.63
1762087298.7403474,20.00,1294.39
1762087299.7420332,24.60,1294.47
1762087300.743774,20.00,1294.28
1762087301.7459402,21.00,1294.44
1762087302.747975,16.70,1294.26
1762087303.7500236,17.40,1294.32
1762087304.751595,16.60,1294.26
1762087305.7532635,17.10,1291.91
1762087306.755266,19.30,1291.92
1762087307.7570295,14.10,1292.16
1762087308.75867,11.90,1292.12
1762087309.7606027,12.30,1291.95
1762087310.7621636,13.40,1291.87
1762087311.7637084,15.20,1291.77
1762087312.764708,15.00,1291.84
1762087313.7665453,14.00,1291.80
1762087314.7681105,15.90,1291.97
1762087315.7698333,19.20,1291.74
1762087316.7714465,18.10,1292.19
1762087317.773255,9.20,1274.00
1762087318.7750046,1.00,1273.95
1762087319.7767735,0.50,1273.95
1762087320.7777507,1.00,1274.67
1762087321.7794764,0.50,1274.67
1762087322.781101,0.50,1274.67
1762087323.782701,0.50,1274.67
1762087324.784461,0.50,1274.67
1762087325.786227,0.50,1274.67
1762087326.7879243,0.50,1274.67
1762087327.789487,0.50,1274.67
1762087328.7910593,1.00,1274.66
1762087329.792719,0.50,1274.66
1762087330.7944903,0.00,1274.66
1762087331.7961237,1.00,1274.66
1762087332.797996,0.00,1274.66
1762087333.7997108,0.00,1274.66
1762087334.8013747,0.00,1274.66
1762087335.8030128,0.00,1274.66
1762087336.8046594,0.50,1274.66
1762087337.8066165,1.00,1274.66
1762087338.8084214,0.00,1274.65
1762087339.8099537,1.00,1274.65
1762087340.811693,0.00,1274.65
1762087341.8134217,0.00,1274.65
1762087342.8152797,0.00,1274.65
1762087343.8169258,0.50,1274.65
1762087344.818584,0.50,1274.65
1762087345.820081,0.00,1274.65
1762087346.821745,0.50,1274.64
1762087347.8234563,0.00,1274.64
1762087348.8250363,0.50,1274.64
1762087349.8266463,0.00,1274.64
1762087350.8285012,0.00,1274.64
1762087351.8300676,0.50,1274.64
1762087352.831799,0.50,1274.63
1762087353.8335288,0.50,1274.63
1762087354.8351893,0.00,1274.63
1762087355.8368254,0.50,1274.63
1762087356.8384504,0.50,1274.63
1762087357.8400688,1.50,1274.87
1762087358.8418403,0.50,1274.84
1762087359.843505,0.50,1274.84
1762087360.845261,1.50,1274.84
1762087361.8469899,0.00,1274.84
1762087362.8485968,0.50,1274.84
1762087363.8504977,0.00,1274.84
1762087364.8521748,0.50,1274.84
1762087365.8538818,0.50,1274.83
1762087366.8555617,1.00,1274.82
1762087367.8566337,0.00,1274.82
1762087368.8577724,0.50,1274.82
1762087369.8594265,1.50,1274.82
1762087370.861247,0.00,1274.79
1762087371.8628256,1.00,1274.79
1762087372.8648884,0.00,1274.79
1762087373.8665721,1.00,1274.79
1762087374.8682582,0.50,1274.77
1762087375.8707023,5.00,1274.77
1762087376.8723755,1.00,1274.77
1762087377.8739486,1.00,1274.77
1762087378.875589,0.00,1274.77
1762087379.8772166,0.50,1274.77
1762087380.8799672,0.00,1274.77
1762087381.8816981,0.50,1274.77
1762087382.8834019,0.50,1274.76
1762087383.8854825,0.00,1274.76
1762087384.8873038,0.00,1274.76
1762087385.8897965,0.00,1274.74
1762087386.8914304,0.50,1274.74
1762087387.8929706,0.50,1274.74
1762087388.8946254,0.00,1274.74
1762087389.896364,0.50,1274.73
1762087390.89801,0.50,1274.73
1762087391.899607,0.50,1274.73
1762087392.9013166,0.00,1274.73
1762087393.9029377,1.00,1274.73
1762087394.904591,0.00,1274.73
1762087395.9060593,1.00,1274.71
1762087396.9077039,2.50,1274.71
1762087397.90931,9.50,1277.62
1762087398.9112687,0.00,1277.62
1762087399.9128177,1.00,1277.61
1762087400.9145033,1.50,1277.61
1762087401.916251,1.00,1277.57
1762087402.9177988,0.50,1277.57
1762087403.91944,0.00,1277.57
1762087404.921483,0.50,1277.57
1762087405.923305,0.50,1277.57
1762087406.9249618,0.00,1277.57
1762087407.9267466,0.50,1277.57
1762087408.928469,0.50,1277.57
1762087409.9303012,0.00,1277.56
1762087410.9318492,0.00,1277.56
1762087411.9335008,1.00,1277.56
1762087412.9350464,0.00,1277.56
1762087413.9373183,0.00,1277.55
1762087414.9390116,1.00,1277.55
1762087415.9408755,0.00,1277.55
1762087416.9425766,0.00,1277.55
1762087417.9442825,0.00,1277.55
1762087418.946379,1.00,1277.54
1762087419.948082,0.50,1277.79
1762087420.9499872,25.60,1277.10
1762087421.9518323,26.30,1277.43
1762087422.9535913,22.40,1277.52
1762087423.9544768,23.30,1277.41
1762087424.9564986,12.20,1277.38
1762087425.9580216,13.50,1277.18
1762087426.9596403,15.20,1277.13
1762087427.960477,15.20,1277.18
1762087428.9627228,14.90,1277.36
1762087429.9642632,13.20,1277.13
1762087430.967535,12.80,1277.38
1762087431.9691694,17.50,1277.06
1762087432.9716663,15.40,1277.37
1762087433.972525,17.80,1277.20
1762087434.9739637,15.50,1276.98
1762087435.975552,23.10,1277.07
1762087436.9770203,19.20,1277.16
1762087437.9775393,19.90,1280.39
1762087438.9793694,17.50,1277.11
1762087439.9814095,17.80,1277.11
1762087440.9828587,21.10,1277.23
1762087441.9846592,25.60,1277.07
1762087442.9868844,23.30,1277.29
1762087443.9887514,22.60,1277.20
1762087444.9905252,17.00,1277.09
1762087445.9922056,14.50,1277.21
1762087446.9936585,16.80,1276.98
1762087447.9951,18.00,1276.94
1762087448.996675,16.60,1277.05
1762087449.998294,16.00,1277.41
1762087450.9999175,1.50,1274.59
1762087452.0014844,0.00,1274.59
1762087453.0030615,3.00,1274.82
1762087454.0046456,1.50,1275.29
1762087455.00633,1.00,1275.29
1762087456.0079355,0.00,1275.29
1762087457.0099955,0.50,1275.29
1762087458.0115047,0.50,1275.29
1762087459.013071,0.00,1275.29
1762087460.0147328,0.50,1275.29
1762087461.0166128,0.50,1275.29
1762087462.0182767,0.50,1275.28
1762087463.020009,1.50,1275.28
1762087464.0216072,0.00,1275.28
1762087465.0230753,1.00,1275.28
1762087466.0247278,0.50,1275.27
1762087467.026363,0.00,1275.27
1762087468.0280108,0.50,1275.27
1762087469.0296817,0.50,1275.27
1762087470.0312765,0.50,1275.27
1762087471.033747,0.00,1275.27
1762087472.035418,1.00,1275.27
1762087473.0369446,0.00,1275.26
1762087474.0380418,0.50,1275.26
1762087475.0397236,0.50,1275.26
1762087476.0413394,0.50,1275.26
1762087477.0429037,0.00,1275.26
1762087478.0438645,0.50,1275.26
1762087479.045393,1.00,1275.26
1762087480.0470374,0.00,1275.25
1762087481.0485902,2.00,1275.25
1762087482.050263,0.00,1275.25
1762087483.0519876,0.50,1275.25
1762087484.0537257,0.50,1275.24
1762087485.0553057,0.00,1275.23
1762087486.0568717,1.00,1275.23
1762087487.058679,1.00,1275.23
1762087488.0604277,0.00,1275.23
1762087489.062012,0.50,1275.23
1762087490.0635684,0.50,1275.23
1762087491.0652814,1.00,1275.23
1762087492.066821,0.00,1275.23
1762087493.0685806,1.00,1275.23
1762087494.0703142,0.50,1275.23
1762087495.0719264,1.00,1275.23
1762087496.0736566,5.00,1275.23
1762087497.0754838,1.50,1275.46
1762087498.0770724,0.50,1275.46
1762087499.0786495,0.00,1275.46
1762087500.0801375,0.50,1275.46
1762087501.0821319,2.50,1275.46
1762087502.0844555,0.00,1275.46
1762087503.0861328,1.00,1275.46
1762087504.0877776,0.00,1275.46
1762087505.0895736,0.50,1275.46
1762087506.0912411,0.00,1275.46
1762087507.092954,0.50,1275.46
1762087508.094591,0.50,1275.46
1762087509.0960858,0.00,1275.44
1762087510.0977488,1.00,1275.44
1762087511.0985937,0.00,1275.44
1762087512.1004112,0.00,1275.44
1762087513.1020038,0.50,1275.44
1762087514.1035817,0.00,1275.44
1762087515.1052938,0.50,1275.43
1762087516.1068594,0.00,1275.43
1762087517.1088266,0.50,1275.43
1762087518.1104794,0.00,1275.43
1762087519.1120164,0.50,1275.43
1762087520.1136734,0.00,1275.43
1762087521.115458,0.00,1275.42
1762087522.1172464,0.50,1275.42
1762087523.1188762,0.00,1275.42
1762087524.1204574,1.00,1275.42
1762087525.122014,0.00,1275.42
1762087526.12365,0.00,1275.41
1762087527.125343,1.00,1275.41
1762087528.1268756,0.00,1275.41
1762087529.1285312,0.00,1275.41
1762087530.1302352,0.00,1275.41
1762087531.1317966,0.50,1275.41
1762087532.133549,0.50,1275.41
1762087533.135597,0.50,1275.41
1762087534.1372435,0.00,1275.41
1762087535.138862,0.50,1275.41
1762087536.1407268,0.00,1275.41
1762087537.1425273,0.50,1275.41
1762087538.144259,0.50,1275.41
1762087539.1460044,0.00,1275.39
1762087540.1476343,0.00,1275.39
1762087541.1492617,0.50,1275.39
1762087542.1509354,0.00,1275.39
1762087543.1526425,0.50,1275.39
1762087544.1538022,0.50,1275.39
1762087545.15551,0.00,1275.39
1762087546.159063,1.00,1275.39
1762087547.160942,0.00,1275.39
1762087548.161653,0.50,1275.39
1762087549.1634088,0.00,1275.39
1762087550.1655884,0.50,1275.39
1762087551.167212,0.50,1275.38
1762087552.1689267,0.00,1275.38
1762087553.1705513,11.70,1275.08
1762087554.1714346,32.90,1274.89
1762087555.173082,31.40,1275.07
1762087556.1748905,22.20,1274.82
1762087557.17699,21.90,1274.67
1762087558.1785314,25.30,1275.71
1762087559.1796324,19.40,1275.72
1762087560.18126,19.60,1275.78
1762087561.1827893,19.90,1275.66
1762087562.1843226,20.70,1275.44
1762087563.1858969,23.70,1275.43
1762087564.186783,20.70,1275.73
1762087565.1888578,20.80,1275.69
1762087566.1910188,16.50,1275.60
1762087567.1935833,25.00,1275.66
1762087568.1948755,14.70,1275.52
1762087569.1965084,9.00,1275.57
1762087570.1976192,12.80,1275.59
1762087571.1992028,10.50,1275.44
1762087572.2006316,9.80,1275.64
1762087573.202117,12.40,1275.32
1762087574.2037044,11.90,1275.56
1762087575.2046168,12.30,1275.62
1762087576.2062635,11.20,1275.95
1762087577.2090323,13.40,1275.62
1762087578.2105064,11.60,1275.39
1762087579.211714,13.60,1275.41
1762087580.2152956,14.90,1275.40
1762087581.2168822,15.90,1275.68
1762087582.218434,14.50,1275.58
1762087583.2202263,7.00,1275.06
1762087584.221778,1.50,1275.06
1762087585.22356,1.00,1275.06
1762087586.225811,0.50,1275.31
1762087587.2275894,0.50,1275.31
1762087588.2293713,0.50,1275.31
1762087589.2311165,0.50,1275.30
1762087590.232867,0.50,1275.30
1762087591.2345328,0.50,1275.30
1762087592.23637,0.50,1275.30
1762087593.2380097,0.50,1275.30
1762087594.2395985,0.00,1275.30
1762087595.2412672,1.00,1275.30
1762087596.242806,0.00,1275.30
1762087597.2444792,1.00,1275.29
1762087598.2460732,0.50,1275.29
1762087599.2478783,0.00,1275.29
1762087600.2495549,0.50,1275.29
1762087601.2510993,1.00,1275.29
1762087602.2528002,0.50,1275.29
1762087603.2545037,0.00,1275.29
1762087604.2553248,0.00,1275.29
1762087605.256875,0.50,1275.27
1762087606.2586434,1.00,1275.27
1762087607.2603638,0.00,1275.27
1762087608.262105,1.00,1275.27
1762087609.2639937,0.50,1275.27
1762087610.265617,0.00,1275.27
1762087611.2674832,0.50,1275.27
1762087612.2691107,0.50,1275.27
1762087613.2708688,0.50,1275.27
1762087614.2725084,1.00,1275.27
1762087615.2738929,0.50,1275.27
1762087616.275593,0.50,1275.27
1762087617.2772725,1.50,1275.25
1762087618.2789414,0.00,1275.25
1762087619.280591,0.50,1275.25
1762087620.281369,1.00,1275.25
1762087621.2830825,0.50,1275.25
1762087622.28463,1.00,1275.25
1762087623.28641,0.50,1275.23
1762087624.2881129,0.50,1275.23
1762087625.2898123,0.00,1275.23
1762087626.2915604,1.00,1275.23
1762087627.293131,4.00,1275.23
1762087628.294753,0.50,1275.23
1762087629.296677,0.50,1275.23
1762087630.2982776,1.00,1275.23
1762087631.2997637,0.50,1275.23
1762087632.3014114,0.50,1275.23
1762087633.302994,0.00,1275.23
1762087634.3045864,0.50,1275.23
1762087635.3066957,0.00,1275.23
1762087636.308406,0.00,1275.20
1762087637.3099976,0.50,1275.20
1762087638.3117545,0.00,1275.20
1762087639.3137944,0.00,1275.20
1762087640.3156362,0.50,1275.20
1762087641.3174255,0.50,1275.20
1762087642.3190966,0.00,1275.20
1762087643.3206298,0.50,1275.20
1762087644.322324,0.00,1275.20
1762087645.323935,0.50,1275.20
1762087646.3256207,0.00,1275.20
1762087647.3272452,0.00,1275.20
1762087648.328794,0.50,1275.20
1762087649.3300533,0.50,1275.20
1762087650.331738,0.00,1275.20
1762087651.333477,0.00,1275.20
1762087652.3355052,0.50,1275.20
1762087653.3374095,0.50,1275.20
1762087654.3392293,0.50,1275.20
1762087655.3410509,0.50,1275.20
1762087656.342701,0.00,1275.20
1762087657.3443036,0.00,1275.18
1762087658.345837,0.00,1275.18
1762087659.3475425,0.50,1275.18
1762087660.3490407,0.50,1275.18
1762087661.3505793,0.00,1275.18
1762087662.3522203,0.00,1275.18
1762087663.3538673,0.50,1275.18
1762087664.355594,0.00,1275.18
1762087665.3573546,0.00,1275.18
1762087666.3589776,1.00,1275.42
1762087667.3605552,0.50,1275.42
1762087668.3623552,0.00,1275.42
1762087669.3639953,1.00,1275.42
1762087670.3656127,0.00,1275.42
1762087671.3672123,0.00,1275.42
1762087672.3688061,0.00,1275.42
1762087673.3705008,0.00,1275.42
1762087674.3723516,1.00,1275.42
1762087675.3739693,0.00,1275.42
1762087676.3759773,0.50,1275.42
1762087677.3776715,0.50,1275.42
1762087678.379258,1.50,1275.39
1762087679.3810534,0.00,1275.39
1762087680.3827658,0.50,1275.39
1762087681.3845,0.50,1275.39
1762087682.3862758,0.50,1275.38
1762087683.3880444,0.00,1275.38
1762087684.389693,0.50,1275.38
1762087685.3913357,1.00,1275.62
1762087686.3927693,43.40,1278.48
1762087687.39462,32.20,1274.89
1762087688.3962402,22.70,1274.79
1762087689.3980508,13.90,1274.75
1762087690.3995335,23.70,1274.77
1762087691.4045444,14.90,1274.66
1762087692.4066458,18.40,1275.18
1762087693.408492,18.90,1275.12
1762087694.4103267,13.50,1275.55
1762087695.4115143,12.10,1274.93
1762087696.413242,13.70,1275.09
1762087697.4148583,13.60,1275.08
1762087698.4177697,11.20,1275.04
1762087699.418512,16.60,1275.11
1762087700.4200573,12.90,1275.04
1762087701.421664,14.00,1275.10
1762087702.4232612,16.60,1275.36
1762087703.4248748,11.90,1275.48
1762087704.4270837,36.60,1303.77
1762087705.429779,32.80,1302.11
1762087706.431626,11.30,1301.83
1762087707.433069,12.50,1301.91
1762087708.4346232,17.50,1301.89
1762087709.4362087,14.60,1302.05
1762087710.4376686,14.60,1302.05
1762087711.4399335,9.80,1302.07
1762087712.4417832,16.00,1302.00
1762087713.4435654,18.70,1302.00
1762087714.445686,16.70,1302.67
1762087715.4473743,12.20,1302.10
1762087716.4495485,0.50,1301.18
1762087717.4513083,0.50,1301.18
1762087718.4530458,1.00,1301.18
1762087719.4548893,1.00,1301.66
1762087720.4565456,0.00,1301.66
1762087721.45774,2.00,1301.66
1762087722.4593904,0.00,1301.66
1762087723.4610708,0.50,1301.66
1762087724.4629905,0.50,1301.66
1762087725.4645905,1.50,1301.66
1762087726.4663296,0.50,1301.66
1762087727.4680338,0.50,1301.64
1762087728.469832,1.00,1301.64
1762087729.4705381,0.50,1301.64
1762087730.4728427,1.00,1301.64
1762087731.4748275,1.00,1301.64
1762087732.4769673,0.50,1301.64
1762087733.478654,0.50,1301.64
1762087734.4808347,2.00,1301.63
1762087735.4828649,1.50,1301.61
1762087736.4846106,0.00,1301.61
1762087737.4862604,3.20,1301.61
1762087738.5375426,1.00,1301.61
1762087739.5393739,0.50,1301.61
1762087740.541372,1.00,1301.61
1762087741.5433574,1.00,1301.61
1762087742.544981,0.00,1301.61
1762087743.5466166,1.00,1301.61
1762087744.5484042,0.00,1301.61
1762087745.5499673,0.50,1301.60
1762087746.5516422,8.00,1301.59
1762087747.553399,0.50,1301.59
1762087748.5550528,0.50,1301.58
1762087749.556733,0.00,1301.58
1762087750.5584857,1.50,1301.58
1762087751.5602827,0.00,1301.58
1762087752.5622215,1.00,1301.58
1762087753.5639184,0.50,1301.58
1762087754.5655723,0.00,1301.58
1762087755.5682447,1.00,1301.58
1762087756.5700908,0.50,1301.58
1762087757.5720494,0.50,1301.57
1762087758.5741322,1.00,1301.57
1762087759.5759504,0.00,1301.57
1762087760.5774727,0.00,1301.57
1762087761.5790308,0.50,1301.57
1762087762.580367,0.50,1301.57
1762087763.5819223,0.00,1301.57
1762087764.5835176,0.50,1301.57
1762087765.585548,1.00,1301.57
1762087766.5870981,0.00,1301.57
1762087767.5890663,0.00,1301.56
1762087768.5919144,0.50,1301.56
1762087769.593744,0.50,1301.56
1762087770.5953708,0.00,1301.56
1762087771.5969334,0.50,1301.56
1762087772.5984268,0.50,1301.55
1762087773.6007893,0.00,1301.55
1762087774.602533,0.50,1301.55
1762087775.6040163,0.50,1301.55
1762087776.6056597,0.00,1301.55
1762087777.6077256,0.00,1301.54
1762087778.609669,0.50,1301.54
1762087779.6113753,0.00,1301.54
1762087780.6130624,0.50,1301.54
1762087781.6148896,0.00,1301.54
1762087782.6169608,0.50,1301.54
1762087783.6187057,0.00,1301.54
1762087784.6205459,0.00,1301.54
1762087785.6224585,1.50,1301.54
1762087786.6242523,0.50,1301.54
1762087787.625873,0.50,1301.54
1762087788.6276786,0.00,1301.54
1762087789.6295462,0.50,1301.54
1762087790.6313553,0.00,1301.54
1762087791.6330469,0.50,1301.54
1762087792.6347563,0.00,1301.54
1762087793.6363487,0.00,1301.54
1762087794.638238,0.50,1301.54
1762087795.639944,0.00,1301.54
1762087796.6414664,2.00,1301.54
1762087797.6431074,1.00,1301.51
1762087798.6448414,1.00,1301.73
1762087799.6474078,0.50,1301.73
1762087800.649517,1.00,1301.72
1762087801.6513515,0.00,1301.72
1762087802.6533587,0.00,1301.72
1762087803.6549516,0.00,1301.72
1762087804.65648,0.00,1301.72
1762087805.658115,0.50,1301.72
1762087806.6604452,0.50,1301.72
1762087807.6622598,0.00,1301.72
1762087808.6638358,6.00,1301.72
1762087809.6655407,0.00,1301.72
1762087810.6674502,1.50,1301.70
1762087811.6693845,0.00,1301.70
1762087812.6712532,0.00,1301.70
1762087813.672875,0.00,1301.70
1762087814.6745498,0.00,1301.70
1762087815.6763763,1.00,1301.70
1762087816.678129,0.00,1301.70
1762087817.6802933,0.50,1301.70
1762087818.681885,19.20,1298.56
1762087819.6849294,40.80,1298.69
1762087820.6868353,25.30,1298.61
1762087821.6885743,27.70,1298.66
1762087822.6896105,28.70,1298.77
1762087823.6918344,25.70,1298.70
1762087824.693511,25.00,1298.70
1762087825.6949108,19.90,1298.49
1762087826.6966634,17.60,1298.59
1762087827.6984587,18.60,1298.59
1762087828.6995816,17.60,1298.74
1762087829.701661,19.50,1298.58
1762087830.7036524,20.20,1298.77
1762087831.705358,21.10,1298.48
1762087832.7069435,20.80,1298.76
1762087833.708489,20.40,1298.74
1762087834.710541,24.40,1298.50
1762087835.7125256,21.30,1298.40
1762087836.7137806,15.60,1298.57
1762087837.7149723,19.80,1298.58
1762087838.715848,25.10,1298.57
1762087839.7173765,21.50,1298.30
1762087840.7189422,19.70,1298.37
1762087841.7212768,19.90,1298.35
1762087842.7234652,19.30,1298.25
1762087843.725732,16.10,1298.30
1762087844.7274177,12.20,1298.57
1762087845.7296479,15.60,1298.40
1762087846.731726,12.10,1298.50
1762087847.733002,16.10,1298.56
1762087848.7346005,4.70,1292.51
1762087849.7372828,1.00,1292.48
1762087850.739274,0.00,1292.48
1762087851.7409675,1.00,1292.72
1762087852.7426453,0.00,1292.72
1762087853.7444,1.50,1292.72
1762087854.74611,0.00,1292.71
1762087855.7482603,1.00,1292.71
1762087856.7498708,2.00,1292.71
1762087857.7517147,2.50,1292.71
1762087858.7535257,3.00,1292.91
1762087859.7551332,0.50,1292.90
1762087860.7567549,1.00,1292.90
1762087861.7584977,1.00,1292.90
1762087862.7602167,0.50,1292.90
1762087863.7609375,0.00,1292.90
1762087864.7625449,1.00,1292.90
1762087865.764443,0.50,1292.88
1762087866.7655127,0.50,1292.88
1762087867.7670817,0.50,1292.88
1762087868.7690117,4.50,1292.88
1762087869.7706633,0.50,1292.88
1762087870.772294,0.50,1292.88
1762087871.774078,1.00,1292.87
1762087872.7758281,0.00,1292.87
1762087873.7775369,0.50,1292.87
1762087874.7791345,0.50,1292.87
1762087875.7808237,0.50,1292.87
1762087876.7825232,0.50,1292.87
1762087877.7842572,0.50,1292.87
1762087878.7859232,0.00,1292.87
1762087879.7875638,0.00,1292.87
1762087880.7891233,1.00,1292.87
1762087881.7910378,0.50,1292.87
1762087882.7931015,1.00,1292.87
1762087883.7947614,0.50,1292.87
1762087884.7967696,1.00,1292.87
1762087885.7985005,1.00,1292.87
1762087886.8002164,0.50,1292.87
1762087887.8020418,0.50,1292.86
1762087888.803671,0.50,1292.86
1762087889.8056052,0.50,1292.86
1762087890.8077123,0.00,1292.86
1762087891.8094766,1.00,1292.86
1762087892.811111,0.50,1292.85
1762087893.8129478,0.50,1292.85
1762087894.814587,0.50,1292.85
1762087895.816468,0.50,1292.85
1762087896.8182201,0.00,1292.85
1762087897.8198369,0.00,1292.84
1762087898.8215508,1.00,1292.84
1762087899.823538,0.00,1292.84
1762087900.825136,0.50,1292.84
1762087901.8267856,0.00,1292.83
1762087902.8285346,0.00,1292.83
1762087903.8300474,0.50,1292.83
1762087904.8316855,0.50,1292.83
1762087905.8337944,1.00,1292.83
1762087906.8355665,0.00,1292.83
1762087907.8378646,0.50,1292.83
1762087908.8396528,0.50,1292.83
1762087909.8415103,0.50,1292.83
1762087910.8431106,0.00,1292.83
1762087911.8449395,0.00,1292.83
1762087912.8466609,0.50,1292.83
1762087913.8482962,0.00,1292.83
1762087914.8502748,0.50,1292.83
1762087915.8518128,0.50,1292.83
1762087916.853551,1.00,1292.83
1762087917.8554804,1.00,1292.83
1762087918.8573906,1.00,1292.83
1762087919.8589756,0.00,1292.83
1762087920.8607416,1.00,1292.82
1762087921.862786,0.50,1292.82
1762087922.864537,0.00,1292.82
1762087923.8663502,0.00,1292.80
1762087924.8680267,0.00,1292.80
1762087925.8697085,0.50,1292.80
1762087926.8714554,0.50,1292.79
1762087927.8732982,2.50,1292.79
1762087928.87545,2.00,1292.79
1762087929.876691,0.00,1292.79
1762087930.8783395,0.50,1292.79
1762087931.879958,0.50,1292.79
1762087932.8819199,0.00,1292.79
1762087933.883967,1.00,1292.79
1762087934.885575,0.00,1292.79
1762087935.8872561,0.50,1292.79
1762087936.8891325,0.00,1292.79
1762087937.8909702,0.00,1292.79
1762087938.8924959,0.50,1292.79
1762087939.8942268,0.50,1292.79
1762087940.8964698,0.00,1292.79
1762087941.897574,0.00,1292.79
1762087942.8991194,0.50,1292.79
1762087943.9007514,0.00,1292.76
1762087944.9023654,0.50,1292.76
1762087945.9039493,0.50,1292.76
1762087946.9055505,1.50,1293.00
1762087947.9071066,0.50,1292.97
1762087948.908788,0.00,1292.97
1762087949.9107537,0.50,1292.97
1762087950.911919,2.00,1292.22
1762087951.913506,33.90,1292.12
1762087952.915336,19.40,1292.13
1762087953.9173665,19.50,1292.19
1762087954.9188406,22.90,1292.00
1762087955.9203799,21.20,1292.15
1762087956.9219086,25.90,1291.96
1762087957.9225268,22.90,1292.00
1762087958.9247692,17.80,1291.97
1762087959.926496,18.00,1292.14
1762087960.928123,18.10,1292.11
1762087961.930945,18.60,1291.88
1762087962.9317183,15.50,1291.69
1762087963.9332736,16.10,1292.02
1762087964.9348674,15.70,1292.00
1762087965.9369526,12.50,1292.08
1762087966.9376433,13.30,1292.38
1762087967.9392428,14.70,1292.04
1762087968.9413257,13.70,1292.10
1762087969.9429984,15.40,1292.13
1762087970.944561,14.00,1292.15
1762087971.9457393,14.10,1291.88
1762087972.9474938,17.40,1292.37
1762087973.9486167,17.60,1292.21
1762087974.9501038,11.50,1292.22
1762087975.951807,15.70,1292.10
1762087976.9536176,18.40,1291.88
1762087977.9552708,15.80,1292.16
1762087978.9569366,13.10,1292.16
1762087979.958693,12.60,1292.14
1762087980.9606476,13.10,1286.07
1762087981.9624922,0.50,1286.06
1762087982.9641206,0.50,1286.06
1762087983.9658685,0.50,1286.31
1762087984.9678295,0.50,1286.29
1762087985.9699264,0.50,1286.29
1762087986.972002,0.50,1286.29
1762087987.9735699,4.50,1286.29
1762087988.9756079,1.00,1286.29
1762087989.9777536,0.50,1286.29
1762087990.9793532,0.50,1286.29
1762087991.9810803,0.50,1286.29
1762087992.983106,0.50,1286.29
1762087993.9848373,0.50,1286.29
1762087994.9877753,1.00,1286.29
1762087995.989477,0.50,1286.29
1762087996.991054,0.50,1286.29
1762087997.9927306,0.00,1286.27
1762087998.9943426,0.50,1286.27
1762087999.9960752,0.00,1286.27
1762088000.9978302,0.50,1286.27
1762088001.999449,0.00,1286.27
1762088003.0013466,1.00,1286.27
1762088004.0031128,0.50,1286.27
1762088005.004722,1.00,1286.27
1762088006.0063314,0.00,1286.27
1762088007.0079734,1.00,1286.27
1762088008.009774,0.50,1286.27
1762088009.0115569,0.50,1286.27
1762088010.0135405,0.50,1286.27
1762088011.015513,0.50,1286.27
1762088012.0172858,0.00,1286.27
1762088013.0191367,0.50,1286.27
1762088014.0208077,0.50,1286.27
1762088015.022537,0.50,1286.27
1762088016.0240614,1.00,1286.27
1762088017.026111,0.00,1286.27
1762088018.027826,0.50,1286.25
1762088019.030573,0.50,1286.25
1762088020.0326917,0.50,1286.25
1762088021.0344121,1.00,1286.25
1762088022.0362196,0.00,1286.25
1762088023.037931,1.00,1286.25
1762088024.0396013,40.70,1313.31
1762088025.0411327,40.90,1281.92
1762088026.0427766,2.00,1281.92
1762088027.0444765,1.00,1281.92
1762088028.0462732,0.50,1272.54
1762088029.047875,1.00,1272.79
1762088030.0494502,0.50,1272.79
1762088031.0510976,1.00,1272.79
1762088032.0527747,1.50,1272.79
1762088033.05426,13.70,1273.37
1762088034.055926,32.60,1279.77
1762088035.0574987,6.70,1280.01
1762088036.059232,0.50,1278.90
1762088037.0607405,4.00,1278.98
1762088038.0624444,14.10,1279.40
1762088039.0640688,0.50,1279.09
1762088040.0655556,1.00,1279.09
1762088041.0675392,0.50,1279.07
1762088042.0694816,0.00,1279.07
1762088043.071086,2.50,1279.07
1762088044.0730278,0.00,1279.07
1762088045.0748146,0.50,1279.07
1762088046.076503,0.00,1279.06
1762088047.0783126,0.00,1279.06
1762088048.0801253,7.00,1279.06
1762088049.081875,0.50,1279.04
1762088050.083636,1.00,1279.03
1762088051.0852416,1.50,1279.02
1762088052.0869555,0.00,1279.02
1762088053.0885985,0.50,1279.02
1762088054.0905585,0.50,1279.02
1762088055.0932364,0.50,1279.02
1762088056.094919,1.00,1279.01
1762088057.096643,0.00,1279.01
1762088058.0984478,0.50,1279.01
1762088059.1000545,0.00,1279.01
1762088060.1016788,0.00,1279.01
1762088061.1034534,1.00,1279.01
1762088062.1053932,0.00,1279.01
1762088063.1072986,0.50,1279.00
1762088064.1098807,0.50,1279.00
1762088065.1117806,0.00,1279.00
1762088066.113501,0.00,1279.00
1762088067.1152322,0.50,1279.00
1762088068.1168058,0.50,1279.00
1762088069.118707,0.00,1279.00
1762088070.120414,0.50,1279.00
1762088071.1220398,0.50,1279.00
1762088072.123853,0.00,1279.00
1762088073.1255436,0.50,1278.98
1762088074.1273422,0.00,1278.98
1762088075.1290236,0.50,1278.98
1762088076.1306045,0.50,1278.98
1762088077.1324174,0.00,1278.98
1762088078.1340804,1.00,1278.98
1762088079.136103,0.00,1278.98
1762088080.1378675,0.00,1278.98
1762088081.139549,0.50,1278.98
1762088082.1413367,1.00,1278.98
1762088083.1429052,0.50,1278.98
1762088084.1450508,21.00,1279.04
1762088085.146905,30.10,1278.98
1762088086.1484194,27.40,1278.82
1762088087.1502073,17.90,1278.79
1762088088.1517382,22.10,1278.58
1762088089.1525586,16.20,1278.92
1762088090.1542716,13.50,1278.64
1762088091.1560357,20.70,1278.53
1762088092.158008,18.50,1278.80
1762088093.1600013,14.90,1278.49
1762088094.1615188,18.00,1278.44
1762088095.1634374,16.20,1278.68
1762088096.1650906,7.30,1278.82
1762088097.1666062,12.30,1278.64
1762088098.1680562,13.70,1278.78
1762088099.1704466,10.70,1278.77
1762088100.1719368,16.40,1278.82
1762088101.1821964,61.20,1280.22
1762088102.1856933,81.30,1279.64
1762088103.194412,76.00,1279.18
1762088104.196649,73.20,1279.27
1762088105.198517,53.50,1280.80
1762088106.1999211,59.50,1281.00
1762088107.2007387,66.20,1281.22
1762088108.2023447,67.20,1280.49
1762088109.2091277,69.80,1280.14
1762088110.2110064,72.90,1278.52
1762088111.212673,63.50,1278.52
1762088112.2158337,78.10,1278.76
1762088113.2297397,60.50,1278.76
1762088114.2307518,72.60,1273.82
1762088115.232438,56.70,1274.27
1762088116.2346308,1.00,1273.66
1762088117.2364855,0.50,1273.66
1762088118.2381206,0.50,1273.65
1762088119.2397537,1.00,1273.89
1762088120.2415247,0.00,1273.89
1762088121.2432308,0.50,1273.89
1762088122.2447877,0.50,1273.89
1762088123.2464275,0.50,1273.89
1762088124.2481272,1.00,1273.89
1762088125.249851,0.50,1273.89
1762088126.2516704,0.50,1273.89
1762088127.2532709,0.50,1273.89
1762088128.2550173,0.50,1273.89
1762088129.25667,0.50,1273.89
1762088130.2585235,0.50,1273.88
1762088131.2602603,1.00,1273.88
1762088132.2619698,0.00,1273.88
1762088133.2635922,0.00,1273.88
1762088134.265235,0.50,1273.88
1762088135.2673182,1.00,1273.88
1762088136.2689192,0.50,1273.87
1762088137.2706015,0.50,1273.87
1762088138.272321,0.50,1273.87
1762088139.2739317,0.00,1273.87
1762088140.2755086,0.50,1273.87
1762088141.2770412,0.50,1273.87
1762088142.278684,0.50,1273.87
1762088143.2804372,1.00,1273.87
1762088144.282367,0.50,1273.87
1762088145.2841263,0.50,1273.87
1762088146.28584,1.00,1273.87
1762088147.2875164,0.50,1273.86
1762088148.2895186,0.00,1273.86
1762088149.2912374,0.50,1273.86
1762088150.2928762,0.50,1273.86
1762088151.2950428,1.00,1273.86
1762088152.2966902,0.50,1273.86
1762088153.298284,0.50,1273.86
1762088154.2999065,1.00,1273.86
1762088155.3016264,0.00,1273.86
1762088156.3033853,2.50,1273.85
1762088157.3050385,1.00,1273.85
1762088158.306666,6.10,1274.79
1762088159.3087626,1.00,1274.76
1762088160.310657,2.50,1274.96
1762088161.3134356,1.00,1274.96
1762088162.3150163,0.00,1274.96
1762088163.3166397,1.00,1274.96
1762088164.318217,0.00,1274.96
1762088165.3201349,0.50,1274.92
1762088166.3220298,1.00,1274.92
1762088167.32359,0.00,1274.92
1762088168.325251,2.50,1274.92
1762088169.3268185,5.50,1274.92
1762088170.3274724,1.00,1274.92
1762088171.328995,0.50,1274.90
1762088172.3302424,0.00,1274.90
1762088173.3319087,0.50,1274.90
1762088174.334438,0.00,1274.90
1762088175.3369763,0.50,1274.90
1762088176.3389323,0.00,1274.90
1762088177.3405864,0.00,1274.90
1762088178.3422844,0.50,1274.90
1762088179.3437824,1.00,1274.90
1762088180.3453658,0.00,1274.90
1762088181.346941,0.00,1274.90
1762088182.3487098,0.50,1274.90
1762088183.3505177,0.50,1274.90
1762088184.3524234,0.00,1274.90
1762088185.3540494,0.50,1274.90
1762088186.355747,0.50,1274.90
1762088187.3575962,0.50,1274.90
1762088188.3594496,0.50,1274.90
1762088189.3611197,0.00,1274.90
1762088190.3628666,0.50,1274.90
1762088191.3644938,0.00,1274.90
1762088192.3660698,2.00,1275.08
1762088193.3678074,0.50,1275.08
1762088194.3695586,0.00,1275.07
1762088195.3713746,0.50,1275.07
1762088196.3731003,0.00,1275.07
1762088197.375435,0.00,1275.07
1762088198.377529,0.00,1275.07
1762088199.3794916,0.50,1275.07
1762088200.3812332,0.50,1275.07
1762088201.3828022,0.50,1275.07
1762088202.3844423,0.50,1275.07
1762088203.3859787,1.00,1275.07
1762088204.388876,0.00,1275.07
1762088205.3905115,0.50,1275.07
1762088206.392129,1.00,1275.29
1762088207.3937654,0.00,1275.29
1762088208.3953345,0.00,1275.29
1762088209.3970509,0.50,1275.29
1762088210.3988545,0.50,1275.29
1762088211.400893,0.00,1275.29
1762088212.4026086,0.50,1275.29
1762088213.4042597,0.00,1275.29
1762088214.4059079,1.00,1275.29
1762088215.4077966,0.50,1275.29
1762088216.4094195,0.50,1275.29
1762088217.4110832,1.50,1275.29
1762088218.4128213,13.30,1275.30
1762088219.4144967,20.20,1275.13
1762088220.4164095,19.00,1275.43
1762088221.4180121,22.20,1274.97
1762088222.4194806,18.80,1275.13
1762088223.4210613,21.90,1274.98
1762088224.4233823,20.60,1275.11
1762088225.425888,15.40,1275.04
1762088226.4277277,17.30,1275.44
1762088227.4292517,13.10,1275.12
1762088228.430887,13.80,1275.18
1762088229.4324667,19.10,1275.01
1762088230.434995,25.40,1274.64
1762088231.4369934,21.40,1274.91
1762088232.4387693,14.50,1274.75
1762088233.440323,15.00,1274.79
1762088234.44192,18.10,1274.90
1762088235.4437008,17.10,1274.76
1762088236.445035,15.00,1274.35
1762088237.4465287,14.00,1274.73
1762088238.4481342,18.50,1274.44
1762088239.4496796,12.10,1274.56
1762088240.4521093,14.10,1274.69
1762088241.453672,15.80,1274.91
1762088242.455177,16.20,1274.63
1762088243.4566154,20.20,1274.87
1762088244.4581661,17.70,1274.89
1762088245.4597585,17.80,1274.88
1762088246.460765,12.60,1275.09
1762088247.4623876,18.00,1275.05
1762088248.464767,6.20,1273.88
1762088249.4663527,0.50,1273.88
1762088250.4679284,0.50,1273.88
1762088251.4699366,1.00,1274.61
1762088252.4718537,0.50,1274.61
1762088253.4736986,0.00,1274.61
1762088254.475434,1.00,1274.61
1762088255.4770703,0.00,1274.61
1762088256.4786625,1.00,1274.61
1762088257.4804475,0.00,1274.60
1762088258.482224,0.50,1274.60
1762088259.4835927,1.00,1274.60
1762088260.4851325,1.50,1274.60
1762088261.486951,0.00,1274.60
1762088262.488586,0.50,1274.60
1762088263.4902673,0.50,1274.60
1762088264.4917483,0.50,1274.60
1762088265.493848,1.00,1274.60
1762088266.4955726,0.50,1274.60
1762088267.4971309,0.50,1274.60
1762088268.4990904,0.50,1274.58
1762088269.5010486,1.00,1274.58
1762088270.5025399,0.50,1274.58
1762088271.5040505,0.50,1274.58
1762088272.505774,0.00,1274.58
1762088273.5074003,1.00,1274.58
1762088274.5088825,0.50,1274.58
1762088275.5104766,1.00,1274.56
1762088276.5125084,0.50,1274.56
1762088277.5136366,1.00,1274.56
1762088278.5154028,2.50,1274.56
1762088279.517366,0.00,1274.56
1762088280.5189922,0.50,1274.55
1762088281.5207596,1.00,1274.79
1762088282.5225356,0.00,1274.79
1762088283.5242722,0.50,1274.79
1762088284.526708,0.50,1274.79
1762088285.5283523,0.50,1274.79
1762088286.5302448,0.50,1274.79
1762088287.5317953,0.50,1274.79
1762088288.533398,0.50,1274.79
1762088289.534955,1.00,1274.79
1762088290.5354235,5.00,1274.79
1762088291.5369759,0.50,1274.79
1762088292.538644,1.50,1274.79
1762088293.5408304,0.00,1274.79
1762088294.5427158,0.50,1274.79
1762088295.5442612,1.00,1274.79
1762088296.5459006,0.00,1274.77
1762088297.5475466,1.00,1274.77
1762088298.5490887,0.00,1274.77
1762088299.5509684,0.00,1274.76
1762088300.5525653,0.50,1274.76
1762088301.554073,0.00,1274.76
1762088302.5557399,0.50,1274.76
1762088303.5573108,0.00,1274.76
1762088304.55901,0.50,1274.76
1762088305.5606682,0.00,1274.76
1762088306.5624502,0.50,1274.75
1762088307.5640206,0.50,1274.75
1762088308.5656238,0.00,1274.75
1762088309.5664768,0.00,1274.75
1762088310.5683346,0.50,1274.75
1762088311.569927,0.00,1274.75
1762088312.5715325,1.00,1274.75
1762088313.5731022,0.00,1274.75
1762088314.5746975,0.50,1274.75
1762088315.5766833,0.00,1274.75
1762088316.57828,0.50,1274.75
1762088317.5812218,0.50,1274.75
1762088318.5827484,0.00,1274.75
1762088319.5851214,0.00,1274.75
1762088320.5868428,0.50,1274.75
1762088321.5896478,0.00,1274.73
1762088322.5912817,2.00,1274.73
1762088323.5929122,1.00,1274.73
1762088324.594533,0.00,1274.73
1762088325.5963817,1.00,1274.73
1762088326.597989,0.00,1274.71
1762088327.6003032,0.50,1274.71
1762088328.6020322,1.00,1274.71
1762088329.6037004,0.00,1274.71
1762088330.605436,0.00,1274.71
1762088331.6069982,0.00,1274.71
1762088332.608685,0.50,1274.71
1762088333.6104708,0.50,1274.71
1762088334.6120903,0.50,1274.71
1762088335.6137996,1.00,1274.69
1762088336.6154554,0.50,1274.69
1762088337.6175828,0.00,1274.69
1762088338.6192691,1.50,1274.69
1762088339.6207957,0.50,1274.69
1762088340.6224873,0.00,1274.69
1762088341.624259,0.50,1274.67
1762088342.6257734,0.50,1274.67
1762088343.6276715,0.50,1274.67
1762088344.6296513,1.50,1274.67
1762088345.6314485,0.00,1274.67
1762088346.6334517,0.50,1274.67
1762088347.6350222,0.00,1274.64
1762088348.6373394,0.50,1274.64
1762088349.6389258,0.00,1274.64
1762088350.6406677,3.00,1274.42
1762088351.6427705,41.60,1274.47
1762088352.6445723,30.50,1274.63
1762088353.6462224,23.40,1274.29
1762088354.6479294,16.60,1274.47
1762088355.6494808,21.00,1274.45
1762088356.6513124,25.10,1274.61
1762088357.6528895,20.60,1274.60
1762088358.6555207,18.40,1274.45
1762088359.6589205,16.80,1274.13
1762088360.6626253,19.00,1274.31
1762088361.6643195,21.80,1274.29
1762088362.6659067,18.70,1274.04
1762088363.6678503,17.00,1274.38
1762088364.670137,18.70,1274.29
1762088365.6717384,18.90,1274.28
1762088366.674423,21.60,1274.16
1762088367.6760538,22.50,1274.20
1762088368.6779206,22.40,1273.93
1762088369.6804082,25.40,1273.89
1762088370.6827722,26.80,1274.21
1762088371.6846619,25.70,1273.94
1762088372.6864605,26.60,1274.05
1762088373.6881363,27.80,1274.14
1762088374.6900988,26.20,1274.11
1762088375.6920006,19.20,1273.96
1762088376.6930943,16.10,1274.09
1762088377.6946392,9.40,1273.83
1762088378.696049,17.00,1274.32
1762088379.6966286,21.60,1274.18
1762088380.6982641,11.60,1274.04
1762088381.70013,1.00,1274.04
1762088382.7017822,0.50,1274.04
1762088383.7033732,0.50,1274.29
1762088384.7058473,0.50,1274.29
1762088385.7072392,1.50,1274.53
1762088386.7086751,0.50,1274.53
1762088387.7103417,1.00,1274.53
1762088388.7120512,0.50,1274.53
1762088389.7137547,0.50,1274.53
1762088390.7152948,0.00,1274.53
1762088391.7168841,0.50,1274.53
1762088392.718517,0.50,1274.53
1762088393.7203422,0.00,1274.53
1762088394.7218041,1.50,1274.53
1762088395.7239418,0.00,1274.53
1762088396.7258012,1.00,1274.53
1762088397.7275074,0.50,1274.53
1762088398.7291014,4.00,1274.53
1762088399.7307673,0.50,1274.48
1762088400.732599,0.00,1274.48
1762088401.7343621,0.50,1274.47
1762088402.7359028,1.00,1274.47
1762088403.737462,0.00,1274.47
1762088404.7389202,0.50,1274.47
1762088405.7404418,0.50,1274.47
1762088406.7424078,0.50,1274.47
1762088407.7442703,0.50,1274.47
1762088408.7458522,0.00,1274.47
1762088409.7475133,1.00,1274.47
1762088410.7491186,0.50,1274.47
1762088411.750792,4.50,1274.47
1762088412.7525265,0.50,1274.47
1762088413.754065,0.50,1274.45
1762088414.7561142,1.00,1274.45
1762088415.7579358,0.50,1274.45
1762088416.7594702,0.50,1274.45
1762088417.761514,0.50,1274.45
1762088418.7634156,0.50,1274.45
1762088419.7652736,0.00,1274.45
1762088420.7668126,1.00,1274.45
1762088421.7684588,0.00,1274.45
1762088422.7703326,1.00,1274.45
1762088423.7722607,0.00,1274.45
1762088424.7739208,0.50,1274.45
1762088425.7757623,0.50,1274.45
1762088426.7775722,0.00,1274.45
1762088427.7791133,1.00,1274.45
1762088428.7809098,0.00,1274.45
1762088429.7830312,0.50,1274.45
1762088430.7846992,1.00,1274.45
1762088431.786452,0.50,1274.43
1762088432.788057,0.00,1274.43
1762088433.7896183,0.00,1274.43
1762088434.7912436,1.00,1274.43
1762088435.7930598,2.00,1274.91
1762088436.7947168,0.00,1274.88
1762088437.7965462,0.00,1275.12
1762088438.7983463,0.50,1275.12
1762088439.7998693,0.50,1275.12
1762088440.8014576,0.50,1275.12
1762088441.803135,0.50,1275.12
1762088442.8050075,1.00,1275.12
1762088443.8079364,0.00,1275.11
1762088444.8096807,0.00,1275.11
1762088445.811248,1.00,1275.11
1762088446.813035,0.00,1275.11
1762088447.8150096,1.00,1275.11
1762088448.8166528,0.00,1275.11
1762088449.8183348,0.00,1275.11
1762088450.8203084,0.50,1275.11
1762088451.8221025,0.00,1275.11
1762088452.8240407,0.00,1275.11
1762088453.82589,0.00,1275.09
1762088454.827704,1.00,1275.09
1762088455.829384,1.00,1275.09
1762088456.831218,0.50,1275.33
1762088457.8328938,0.00,1275.33
1762088458.8345966,11.10,1275.55
1762088459.8363037,0.50,1275.54
1762088460.8379226,0.50,1275.53
1762088461.8395512,0.00,1275.53
1762088462.8412187,0.50,1275.53
1762088463.8430395,1.00,1275.53
1762088464.84492,0.50,1275.53
1762088465.846559,0.00,1275.53
1762088466.8482192,0.00,1275.51
1762088467.8498745,0.00,1275.51
1762088468.8522909,1.00,1275.51
1762088469.8538344,0.50,1275.51
1762088470.8556428,1.00,1275.50
1762088471.8573484,4.50,1275.50
1762088472.8589017,0.00,1275.50
1762088473.860505,0.00,1275.50
1762088474.862244,0.50,1275.50
1762088475.8638256,0.00,1275.50
1762088476.865492,0.50,1275.50
1762088477.8670917,0.50,1275.50
1762088478.8689451,0.50,1275.50
1762088479.870809,0.00,1275.50
1762088480.8726397,1.00,1275.50
1762088481.8747454,0.00,1275.50
1762088482.8763845,0.00,1275.71
1762088483.8782969,27.90,1275.40
1762088484.8799682,36.10,1275.29
1762088485.8810859,24.80,1275.29
1762088486.8828678,12.00,1275.54
1762088487.8844168,17.30,1275.41
1762088488.8858695,17.20,1275.46
1762088489.8869567,16.40,1275.42
1762088490.888413,16.00,1275.51
1762088491.8894901,17.80,1275.50
1762088492.8913338,17.50,1275.60
1762088493.893273,17.40,1275.43
1762088494.894837,22.20,1275.18
1762088495.896272,15.00,1275.57
1762088496.8977842,18.20,1275.34
1762088497.8985958,19.90,1275.72
1762088498.9001667,20.00,1276.33
1762088499.902734,22.20,1275.32
1762088500.9036202,17.40,1275.33
1762088501.905072,17.40,1275.32
1762088502.9065466,11.40,1275.23
1762088503.9082096,11.90,1275.68
1762088504.90884,9.80,1275.26
1762088505.9103982,13.10,1275.33
1762088506.9118931,11.40,1275.23
1762088507.9133892,14.60,1275.41
1762088508.9149978,9.70,1275.37
1762088509.9170065,13.10,1275.18
1762088510.9184966,15.00,1275.34
1762088511.9197779,12.70,1275.33
1762088512.9216957,15.30,1275.20
1762088513.9234908,2.60,1274.43
1762088514.9250658,0.50,1274.39
1762088515.926834,0.50,1274.39
1762088516.9284947,1.00,1274.64
1762088517.9311705,2.50,1274.64
1762088518.9331143,2.00,1274.88
1762088519.9348392,0.50,1274.87
1762088520.936391,0.00,1274.87
1762088521.9380124,1.00,1274.87
1762088522.9396155,0.00,1274.87
1762088523.9413686,0.50,1274.87
1762088524.9431112,1.50,1274.86
1762088525.9449546,0.00,1274.86
1762088526.945907,0.50,1274.86
1762088527.9475203,0.00,1274.86
1762088528.949626,1.00,1274.86
1762088529.9513254,0.00,1274.86
1762088530.9531126,0.50,1274.86
1762088531.9547222,1.00,1274.86
1762088532.9566352,5.00,1274.86
1762088533.958421,0.50,1274.86
1762088534.9601245,0.50,1274.86
1762088535.961653,0.00,1274.86
1762088536.963465,0.50,1274.86
1762088537.9651918,0.50,1274.86
1762088538.966749,0.50,1274.86
1762088539.9684112,0.00,1274.86
1762088540.9700806,0.50,1274.86
1762088541.9717448,0.50,1274.86
1762088542.9733598,0.50,1274.86
1762088543.9750974,0.50,1274.86
1762088544.9769046,0.50,1274.83
1762088545.9787734,0.00,1274.83
1762088546.980355,0.50,1274.83
1762088547.9820511,0.50,1274.83
1762088548.9838789,0.50,1274.83
1762088549.985645,0.50,1274.83
1762088550.9877534,0.00,1274.83
1762088551.989584,1.00,1274.83
1762088552.99136,0.00,1274.82
1762088553.9929004,0.50,1274.82
1762088554.994859,0.50,1274.82
1762088555.9965537,0.50,1274.82
1762088556.998269,0.50,1274.82
1762088558.000051,0.50,1274.82
1762088559.0016963,1.00,1274.82
1762088560.0035295,0.00,1274.82
1762088561.0050647,0.00,1274.82
1762088562.006738,1.50,1274.82
1762088563.008525,0.50,1274.79
1762088564.010019,0.50,1274.79
1762088565.0116992,0.00,1274.79
1762088566.0133123,1.00,1274.79
1762088567.0149248,0.00,1274.79
1762088568.0165653,0.00,1274.79
1762088569.0181258,0.50,1274.79
1762088570.019959,1.00,1274.79
1762088571.0216417,0.00,1274.79
1762088572.0234237,0.00,1274.79
1762088573.0250046,1.00,1275.04
1762088574.0267258,0.00,1275.04
1762088575.0284033,1.00,1275.04
1762088576.0300403,0.50,1275.04
1762088577.0316153,0.00,1275.04
1762088578.0333703,1.50,1275.01
1762088579.0350187,1.00,1275.01
1762088580.0369563,0.00,1275.01
1762088581.0385184,0.00,1275.01
1762088582.040352,0.00,1275.01
1762088583.0421083,0.50,1275.01
1762088584.0436876,0.50,1275.01
1762088585.0454903,0.00,1274.99
1762088586.047272,0.50,1274.99
1762088587.049071,0.00,1274.99
1762088588.0508814,0.00,1274.99
1762088589.0527372,0.50,1274.99
1762088590.0544932,1.00,1274.98
1762088591.0563307,0.00,1274.98
1762088592.0579472,0.50,1274.98
1762088593.0595355,0.00,1274.98
1762088594.0611057,4.00,1274.98
1762088595.0628254,0.00,1274.98
1762088596.0645525,0.00,1274.98
1762088597.0665376,0.50,1274.98
1762088598.0684075,0.00,1274.98
1762088599.0699775,1.00,1274.97
1762088600.0718975,0.00,1274.97
1762088601.0736074,0.00,1274.97
1762088602.0750763,0.50,1274.97
1762088603.0778923,0.50,1274.97
1762088604.0796561,0.00,1274.97
1762088605.0810978,1.00,1274.97
1762088606.0829492,0.00,1274.97
1762088607.0849843,0.50,1274.97
1762088608.0865455,0.00,1274.97
1762088609.0883422,0.50,1274.95
1762088610.0905597,0.50,1274.95
1762088611.0923905,0.50,1274.95
1762088612.0939567,0.00,1274.95
1762088613.0955727,0.00,1274.95
1762088614.0973186,0.50,1274.95
1762088615.0989165,0.00,1274.95
1762088616.1004977,0.50,1274.95
1762088617.1021109,0.50,1274.95
1762088618.1038322,0.00,1274.95
1762088619.1055024,0.00,1274.95
1762088620.1072226,0.50,1274.94
1762088621.109056,5.60,1275.66
1762088622.1103835,1.50,1275.66
1762088623.1120172,0.50,1275.66
1762088624.1126246,0.50,1275.66
1762088625.1137207,0.00,1275.62
1762088626.1154606,1.00,1275.62
1762088627.117073,0.50,1275.62
1762088628.1187272,0.50,1275.62
1762088629.1205325,0.50,1275.62
1762088630.12222,0.00,1275.62
1762088631.1242564,0.00,1275.62
1762088632.1260686,0.00,1275.62
1762088633.1285336,1.00,1275.62
1762088634.130241,0.00,1275.61
1762088635.1319919,3.00,1275.84
1762088636.1345243,50.00,1275.81
1762088637.136252,17.00,1275.87
1762088638.1384327,1.50,1275.87
1762088639.1401238,2.00,1275.87
1762088640.1419113,1.00,1275.87
1762088641.14329,25.30,1276.78
1762088642.1458054,0.50,1276.75
1762088643.147545,0.50,1276.75
1762088644.1491005,0.00,1276.75
1762088645.1509967,0.00,1276.75
1762088646.1525185,4.50,1276.61
1762088647.1541367,0.50,1276.59
1762088648.1564791,0.00,1276.59
1762088649.1585195,0.50,1276.59
1762088650.1603932,1.00,1276.59
1762088651.1619828,0.00,1276.59
1762088652.1636457,0.00,1276.59
1762088653.1654043,0.50,1276.59
1762088654.1671028,0.50,1276.59
1762088655.1689463,0.00,1276.59
1762088656.170981,0.00,1276.59
1762088657.1726897,4.50,1276.59
1762088658.1743426,1.00,1276.59
1762088659.1760707,0.00,1276.59
1762088660.1777124,0.00,1276.59
1762088661.179514,0.50,1276.59
1762088662.181092,0.00,1276.59
1762088663.1828256,0.50,1276.59
1762088664.1844218,0.00,1276.59
1762088665.185687,0.50,1276.59
1762088666.1873608,0.50,1276.59
1762088667.1892517,0.00,1276.59
1762088668.1908195,1.00,1276.59
1762088669.192508,0.00,1276.59
1762088670.1942828,0.50,1276.57
1762088671.1962762,0.00,1276.57
1762088672.1982834,0.50,1276.57
1762088673.2000263,0.50,1276.57
1762088674.2018607,0.00,1276.57
1762088675.2035966,0.50,1276.56
1762088676.2054117,0.00,1276.56
1762088677.2072365,0.00,1276.56
1762088678.2089267,0.50,1276.56
1762088679.2097197,0.00,1276.56
1762088680.211263,1.00,1276.56
1762088681.2127867,0.00,1276.56
1762088682.2144072,2.00,1276.79
1762088683.21605,0.50,1276.76
1762088684.2173767,0.00,1276.76
1762088685.218991,0.50,1276.76
1762088686.2207122,0.50,1276.76
1762088687.222324,0.00,1276.75
1762088688.2239869,0.50,1276.75
1762088689.225932,0.00,1276.75
1762088690.227556,0.00,1276.75
1762088691.2297826,0.50,1276.75
1762088692.2315245,0.00,1276.75
1762088693.233018,0.00,1276.75
1762088694.233903,0.50,1276.75
1762088695.2357984,1.50,1276.75
1762088696.237517,0.00,1276.75
1762088697.2410753,0.50,1276.75
1762088698.2427733,1.50,1276.75
1762088699.2444868,0.50,1276.75
1762088700.2462707,0.00,1276.75
1762088701.2478938,0.00,1276.71
1762088702.2495365,0.50,1276.71
1762088703.25141,0.00,1276.71
1762088704.2531137,1.00,1276.71
1762088705.2548306,0.00,1276.71
1762088706.2566483,0.50,1276.71
1762088707.2583408,1.00,1276.70
1762088708.259849,0.00,1276.70
1762088709.2614777,0.00,1276.70
1762088710.2630336,1.00,1276.70
1762088711.2648315,0.50,1276.70
1762088712.266677,0.00,1276.70
1762088713.2685356,0.00,1276.70
1762088714.2701042,0.00,1276.70
1762088715.2717822,0.00,1276.70
1762088716.2734618,0.50,1276.69
1762088717.2749496,0.00,1276.69
1762088718.2765791,5.00,1276.69
1762088719.2781212,0.00,1276.69
1762088720.2799606,0.50,1276.69
1762088721.28168,0.00,1276.69
1762088722.2833476,0.50,1276.69
1762088723.2850485,0.50,1276.69
1762088724.2867742,0.50,1276.69
1762088725.2885113,0.00,1276.69
1762088726.2900639,0.00,1276.69
1762088727.291778,0.50,1276.67
1762088728.293511,0.50,1276.67
1762088729.2952878,0.00,1276.67
1762088730.2968776,0.50,1276.67
1762088731.2985368,0.50,1276.67
1762088732.3002875,0.00,1276.67
1762088733.3020039,0.50,1276.67
1762088734.3037534,0.50,1276.67
1762088735.3053904,0.00,1276.67
1762088736.3072698,0.50,1276.67
1762088737.3089468,1.00,1276.67
1762088738.310639,0.00,1276.66
1762088739.312539,0.50,1276.66
1762088740.3142684,0.00,1276.66
1762088741.316017,0.00,1276.66
1762088742.3176231,0.50,1276.66
1762088743.3194482,0.50,1276.66
1762088744.320958,0.00,1276.66
1762088745.3228233,0.00,1276.66
1762088746.3245718,1.50,1276.65
1762088747.3261254,0.00,1276.65
1762088748.3278315,0.50,1276.64
1762088749.3299227,0.50,1276.64
1762088750.3314846,0.00,1276.64
1762088751.333061,0.50,1276.64
1762088752.3347242,0.00,1276.64
1762088753.3363473,0.50,1276.64
1762088754.3378832,0.50,1276.64
1762088755.339578,1.00,1276.64
1762088756.341413,0.50,1276.64
1762088757.342929,0.00,1276.63
1762088758.3446405,20.70,1276.88
1762088759.3461266,2.50,1276.84
1762088760.3477354,2.50,1276.84
1762088761.3493986,3.00,1277.09
1762088762.3509142,0.50,1277.08
1762088763.3528507,0.50,1277.08
1762088764.354601,0.50,1277.08
1762088765.3564427,0.00,1277.08
1762088766.358265,1.50,1277.05
1762088767.3598032,0.50,1277.05
1762088768.3613884,0.00,1277.05
1762088769.3632112,0.50,1277.05
1762088770.3653505,0.50,1277.05
1762088771.3670726,0.00,1277.05
1762088772.3687837,0.50,1277.05
1762088773.370437,0.50,1277.04
1762088774.372072,0.00,1277.03
1762088775.3740284,0.50,1277.03
1762088776.37564,0.00,1277.03
1762088777.3773074,0.50,1277.03
1762088778.3789265,0.00,1277.03
1762088779.3805182,5.00,1277.03
1762088780.3821328,1.00,1277.02
1762088781.38387,0.00,1277.02
1762088782.3855274,0.00,1277.02
1762088783.3872437,0.00,1277.02
1762088784.388988,0.50,1277.02
1762088785.390663,0.00,1277.02
1762088786.3922865,1.00,1277.01
1762088787.3940096,0.00,1277.01
1762088788.3957133,0.50,1277.01
1762088789.397354,0.00,1277.01
1762088790.3988926,0.50,1277.01
1762088791.4004672,0.50,1277.01
1762088792.4020858,0.50,1277.00
1762088793.4037237,0.50,1277.00
1762088794.4054165,0.50,1277.00
1762088795.4076724,0.00,1277.00
1762088796.409405,0.50,1277.00
1762088797.4110248,0.00,1277.00
1762088798.4126844,0.50,1277.00
1762088799.41433,0.00,1277.00
1762088800.4160366,0.00,1277.00
1762088801.4177656,1.00,1277.00
1762088802.4194071,3.50,1277.21
1762088803.4209063,7.50,1277.21
1762088804.4225514,0.00,1277.20
1762088805.4242797,0.00,1277.20
1762088806.4257329,1.50,1277.20
1762088807.4275165,0.00,1277.20
1762088808.4290974,0.00,1277.20
1762088809.4307988,0.00,1277.19
1762088810.4324791,0.00,1277.19
1762088811.4340742,0.00,1277.19
1762088812.4362268,0.50,1277.19
1762088813.4378924,0.00,1277.19
1762088814.439528,0.00,1277.19
1762088815.441356,1.50,1277.18
1762088816.4429471,0.00,1277.18
1762088817.4444907,0.50,1277.18
1762088818.446083,2.00,1277.18
1762088819.4477518,0.00,1277.18
1762088820.4493308,0.50,1277.18
1762088821.450967,0.00,1277.17
1762088822.452481,0.50,1277.17
1762088823.454088,0.50,1277.17
1762088824.4557574,1.00,1277.17
1762088825.4576783,0.00,1277.17
1762088826.458483,0.50,1277.17
1762088827.462374,0.50,1277.16
1762088828.4645448,0.00,1277.16
1762088829.4662318,0.00,1277.16
1762088830.4679365,1.00,1277.16
1762088831.4694905,0.50,1277.16
1762088832.4710603,0.00,1277.15
1762088833.4727075,0.50,1277.13
1762088834.4744568,0.50,1277.13
1762088835.476066,0.00,1277.13
1762088836.4777274,0.00,1277.13
1762088837.479435,0.50,1277.13
1762088838.4810898,0.50,1277.37
1762088839.4827971,0.00,1277.37
1762088840.4845762,5.00,1277.37
1762088841.486563,0.50,1277.37
1762088842.4883523,0.00,1277.37
1762088843.4899912,0.50,1277.37
1762088844.4916399,0.50,1277.36
1762088845.4933052,0.50,1277.36
1762088846.4950678,0.50,1277.36
1762088847.496826,0.00,1277.36
1762088848.4986238,0.00,1277.36
1762088849.5006583,1.00,1277.36
1762088850.5030863,0.00,1277.36
1762088851.5047684,0.00,1277.36
1762088852.5055344,0.50,1277.36
1762088853.507136,0.50,1277.36
1762088854.5092394,0.00,1277.36
1762088855.5118182,0.00,1277.34
1762088856.513506,0.50,1277.34
1762088857.515373,0.00,1277.34
1762088858.5172935,0.50,1277.34
1762088859.5188897,0.00,1277.34
1762088860.520501,0.50,1277.34
1762088861.5220451,0.50,1277.34
1762088862.5236967,0.00,1277.34
1762088863.52541,0.50,1277.34
1762088864.5268884,0.50,1277.34
1762088865.5286448,0.50,1277.34
1762088866.5302534,1.00,1277.34
1762088867.5318484,1.00,1277.33
1762088868.5335004,0.00,1277.33
1762088869.5353644,1.00,1277.33
1762088870.5370123,0.00,1277.33
1762088871.5387948,0.00,1277.30
1762088872.5404296,0.50,1277.30
1762088873.542089,1.50,1277.29
1762088874.5436957,0.50,1277.29
1762088875.545574,0.00,1277.29
1762088876.5473833,1.00,1277.29
1762088877.548946,0.00,1277.29
1762088878.5504856,2.50,1277.29
1762088879.5520947,0.00,1277.29
1762088880.5537198,0.50,1277.29
1762088881.5553112,0.00,1277.27
1762088882.5568352,0.50,1277.27
1762088883.558622,0.00,1277.27
1762088884.560293,0.50,1277.27
1762088885.561799,0.50,1277.27
1762088886.563419,0.00,1277.27
1762088887.5652764,0.50,1277.27
1762088888.5668342,0.50,1277.27
1762088889.568417,0.50,1277.27
1762088890.5697184,0.50,1277.26
1762088891.571633,0.50,1277.26
1762088892.5735912,0.00,1277.26
1762088893.5751033,0.50,1277.26
1762088894.5767052,0.50,1277.26
1762088895.5778959,0.50,1277.25
1762088896.5800471,0.50,1277.25
1762088897.5818965,0.00,1277.25
1762088898.583457,0.50,1277.25
1762088899.5854342,0.00,1277.25
1762088900.587053,0.50,1277.25
1762088901.5888762,0.50,1277.25
1762088902.5905883,4.50,1277.25
1762088903.592195,0.50,1277.25
1762088904.5939226,1.50,1277.25
1762088905.5955381,0.00,1277.25
1762088906.5970898,0.00,1277.25
1762088907.5987408,0.50,1277.25
1762088908.6005,1.00,1277.25
1762088909.6020758,0.00,1277.25
1762088910.6038814,0.50,1277.25
1762088911.605707,0.50,1277.25
1762088912.6073236,0.00,1277.25
1762088913.608853,0.50,1277.25
1762088914.6104822,0.00,1277.25
1762088915.612035,0.00,1277.25
1762088916.6137388,0.50,1277.25
1762088917.6154828,0.50,1277.25
1762088918.6170743,0.00,1277.25
1762088919.618652,0.00,1277.25
1762088920.6202567,0.00,1277.25
1762088921.6218622,0.50,1277.25
1762088922.6234763,1.50,1277.25
1762088923.6251023,0.00,1277.25
1762088924.6267543,0.00,1277.22
1762088925.6284077,1.50,1277.22
1762088926.6302125,0.50,1277.21
1762088927.6318429,0.00,1277.21
1762088928.633542,0.00,1277.21
1762088929.6352699,0.50,1277.21
1762088930.6367803,0.50,1277.21
1762088931.6384864,0.00,1277.21
1762088932.640248,0.00,1277.21
1762088933.6417685,0.50,1277.19
1762088934.6439745,0.50,1277.19
1762088935.6455574,1.50,1277.19
1762088936.6471353,0.00,1277.19
1762088937.648917,0.50,1277.19
1762088938.649638,1.00,1277.19
1762088939.6511893,0.50,1277.18
1762088940.6529284,0.50,1277.18
1762088941.654601,0.50,1277.15
1762088942.6563485,0.00,1277.15
1762088943.6578915,0.00,1277.15
1762088944.6595159,1.00,1277.15
1762088945.6613247,0.00,1277.15
1762088946.66301,0.50,1277.15
1762088947.6647966,0.50,1277.13
1762088948.666848,0.00,1277.13
1762088949.6685004,0.00,1277.12
1762088950.670246,1.50,1277.12
1762088951.671906,0.00,1277.12
1762088952.6739147,0.00,1277.12
1762088953.6755624,0.00,1277.11
1762088954.6777933,0.50,1277.11
1762088955.6795185,0.50,1277.11
1762088956.6811218,0.00,1277.11
1762088957.6828818,0.50,1277.11
1762088958.6844547,0.00,1277.11
1762088959.6863422,0.00,1277.11
1762088960.6880648,0.00,1277.11
1762088961.6900156,0.00,1277.11
1762088962.6920831,0.50,1277.11
1762088963.6955028,2.00,1277.11
1762088964.6972854,3.00,1277.11
1762088965.699297,0.50,1277.11
1762088966.7009807,0.50,1277.11
1762088967.703042,0.00,1277.11
1762088968.7045321,0.50,1277.11
1762088969.7056444,0.00,1277.10
1762088970.7071939,0.00,1277.10
1762088971.7087965,0.50,1277.10
1762088972.7105045,0.50,1277.10
1762088973.7120066,0.00,1277.10
1762088974.7136528,0.50,1277.10
1762088975.715388,0.00,1277.10
1762088976.717033,0.50,1277.10
1762088977.7186248,0.00,1277.10
1762088978.7200992,0.50,1277.10
1762088979.7217798,0.00,1277.10
1762088980.723352,0.00,1277.08
1762088981.7250462,0.50,1277.08
1762088982.7266376,0.50,1277.08
1762088983.7282417,0.00,1277.08
1762088984.7299583,0.00,1277.08
1762088985.7316332,1.00,1277.07
1762088986.7332785,0.00,1277.07
1762088987.734979,0.50,1277.07
1762088988.7365189,0.00,1277.07
1762088989.738052,0.00,1277.07
1762088990.7397134,1.00,1277.07
1762088991.7413368,0.00,1277.07
1762088992.7427948,0.00,1277.07
1762088993.7444253,0.00,1277.07
1762088994.7461321,1.00,1277.07
1762088995.7477806,0.00,1277.07
1762088996.7494745,0.50,1277.07
1762088997.7511027,0.00,1277.07
1762088998.7527041,4.50,1277.07
1762088999.7544086,0.00,1277.03
1762089000.7562256,0.50,1277.03
1762089001.7580807,0.50,1277.03
1762089002.759622,0.00,1277.03
1762089003.761237,0.00,1277.03
1762089004.7629442,0.50,1277.03
1762089005.764561,0.50,1277.03
1762089006.7662492,0.00,1277.03
1762089007.7678368,0.50,1277.03
1762089008.7694862,0.00,1277.03
1762089009.7710855,1.00,1277.03
1762089010.772772,0.00,1277.03
1762089011.7743845,0.50,1277.03
1762089012.7759144,0.50,1277.03
1762089013.7775314,0.50,1277.03
1762089014.7790718,0.00,1277.03
1762089015.7808485,0.50,1277.03
1762089016.7824519,0.50,1277.03
1762089017.7840946,0.00,1277.01
1762089018.7857287,0.50,1277.01
1762089019.787472,0.50,1277.01
1762089020.7892714,0.00,1277.01
1762089021.7908576,0.50,1277.01
1762089022.7925992,0.00,1277.01
1762089023.7940564,0.00,1277.01
1762089024.7957387,5.00,1277.01
1762089025.7974684,0.50,1277.01
1762089026.798969,0.50,1277.01
1762089027.800396,0.50,1277.01
1762089028.8021164,0.00,1277.01
1762089029.8038726,0.50,1277.01
1762089030.8059251,0.50,1276.99
1762089031.8077354,0.50,1276.99
1762089032.8094325,0.00,1276.98
1762089033.8109565,0.50,1276.98
1762089034.8126714,0.00,1276.98
1762089035.8145037,0.50,1276.98
1762089036.8161097,0.00,1276.98
1762089037.81776,0.50,1276.98
1762089038.8193643,0.00,1276.98
1762089039.8209076,0.50,1276.98
1762089040.8225126,0.50,1276.98
1762089041.8242202,0.00,1276.98
1762089042.825761,1.00,1276.98
1762089043.8273892,0.50,1276.96
1762089044.8289938,0.50,1276.96
1762089045.8305962,0.50,1276.96
1762089046.8322504,0.50,1276.96
1762089047.8337812,0.50,1276.96
1762089048.8354309,0.00,1276.96
1762089049.8370235,0.00,1276.96
1762089050.83852,0.50,1276.96
1762089051.8401368,0.00,1276.96
1762089052.8417256,0.50,1276.96
1762089053.8434737,0.00,1276.96
1762089054.8450403,1.50,1276.96
1762089055.8467512,0.50,1276.95
1762089056.8484547,1.00,1276.95
1762089057.8495715,0.00,1276.95
1762089058.8513155,13.60,1276.95
1762089059.852919,0.50,1276.90
1762089060.8545156,0.50,1276.90
1762089061.8561013,0.00,1276.90
1762089062.8578682,0.00,1276.90
1762089063.8594394,0.00,1276.90
1762089064.8610246,1.50,1276.89
1762089065.862812,0.50,1276.89
1762089066.8645456,0.50,1276.89
1762089067.866105,0.00,1277.10
1762089068.8677516,0.50,1277.10
1762089069.869339,0.00,1277.10
1762089070.8709826,0.50,1277.10
1762089071.8728251,0.50,1277.10
1762089072.8744855,0.50,1277.10
1762089073.8761044,0.00,1277.34
1762089074.8777463,0.50,1277.34
1762089075.8794148,0.50,1277.34
1762089076.8809776,0.50,1277.34
1762089077.8826075,0.00,1277.34
1762089078.8842294,0.00,1277.34
1762089079.8862839,0.50,1277.34
1762089080.8879218,0.50,1277.34
1762089081.8895946,0.00,1277.34
1762089082.8914247,0.50,1277.34
1762089083.893012,0.00,1277.34
1762089084.8946216,0.50,1277.34
1762089085.896511,4.00,1277.34
1762089086.8982344,0.00,1277.34
1762089087.902511,0.50,1277.34
1762089088.904292,0.50,1277.34
1762089089.9059267,0.50,1277.32
1762089090.906775,0.00,1277.32
1762089091.9084373,1.00,1277.32
1762089092.9101014,0.00,1277.32
1762089093.9117506,0.00,1277.32
1762089094.9133391,0.50,1277.31
1762089095.9150138,0.00,1277.31
1762089096.9169643,0.50,1277.31
1762089097.9187222,0.50,1277.31
1762089098.9204555,0.00,1277.31
1762089099.9220014,0.00,1277.30
1762089100.923665,0.50,1277.30
1762089101.9254875,0.50,1277.30
1762089102.9271972,0.00,1277.30
1762089103.9287956,0.50,1277.29
1762089104.930559,0.00,1277.29
1762089105.9316032,1.00,1277.29
1762089106.9331207,0.00,1277.29
1762089107.9348488,1.00,1277.29
1762089108.9367352,0.00,1277.29
1762089109.9385614,0.00,1277.29
1762089110.9403257,0.00,1277.29
1762089111.9418712,1.50,1277.29
1762089112.943552,0.00,1277.29
1762089113.9453793,0.50,1277.29
1762089114.947052,0.00,1277.29
1762089115.9487538,1.00,1277.25
1762089116.950467,0.00,1277.25
1762089117.9523175,0.00,1277.25
1762089118.9538157,3.00,1277.25
1762089119.954537,0.00,1277.50
1762089120.9563498,0.50,1277.50
1762089121.9579082,0.00,1277.48
1762089122.959474,1.00,1277.48
1762089123.9609816,0.00,1277.48
1762089124.9616053,0.50,1277.48
1762089125.9633033,0.00,1277.48
1762089126.9648418,0.00,1277.48
1762089127.9663901,0.50,1277.48
1762089128.9679074,1.00,1277.48
1762089129.969476,1.50,1277.48
1762089130.9710944,0.00,1277.48
1762089131.9726193,0.50,1277.48
1762089132.9745069,56.20,1277.72
1762089133.9762738,48.00,1277.70
