timestamp,cpu_percent,mem_used_mb
1762001632.3438547,69.10,1403.97
1762001633.3454087,47.40,1397.98
1762001634.3470438,13.60,1398.19
1762001635.3486183,2.00,1398.19
1762001636.350404,0.50,1398.17
1762001637.3519528,1.00,1398.17
1762001638.35363,1.00,1398.17
1762001639.3554204,1.50,1398.38
1762001640.3571367,4.50,1397.75
1762001641.3589418,1.00,1397.67
1762001642.3601933,0.00,1397.67
1762001643.361786,0.50,1397.67
1762001644.363246,6.60,1398.72
1762001645.3648195,2.90,1404.44
1762001646.3670006,4.80,1409.25
1762001647.3684502,10.70,1396.91
1762001648.3691463,1.80,1401.27
1762001649.3700857,1.20,1405.64
1762001650.3706286,1.20,1409.80
1762001651.3724906,3.60,1414.61
1762001652.373408,4.20,1410.83
1762001653.3746374,2.40,1415.27
1762001654.3757029,8.20,1411.78
1762001655.376428,3.00,1415.04
1762001656.378648,17.40,1417.91
1762001657.3813448,12.40,1414.88
1762001658.3830369,14.00,1411.27
1762001659.38453,5.30,1415.50
1762001660.3861868,10.10,1412.25
1762001661.3877475,4.70,1416.79
1762001662.389286,14.40,1416.79
1762001663.3908942,2.40,1416.79
1762001664.3922787,5.30,1418.10
1762001665.3937385,6.40,1414.61
1762001666.3953137,0.60,1411.47
1762001667.3969803,5.20,1415.47
1762001668.3985238,12.40,1384.30
1762001669.4000602,1.20,1388.39
1762001670.4014874,24.10,1394.67
1762001671.4031487,11.60,1399.00
1762001672.4047797,5.80,1404.03
1762001673.4063263,23.40,1409.29
1762001674.4079318,18.50,1412.32
1762001675.4097364,5.20,1400.94
1762001676.4113362,0.50,1400.94
1762001677.4129448,0.50,1400.93
1762001678.4146295,1.50,1401.02
1762001679.4164505,0.50,1401.00
1762001680.418314,0.50,1401.00
1762001681.4199271,3.00,1401.73
1762001682.421554,0.50,1401.71
1762001683.4232242,0.50,1401.71
1762001684.4248025,1.00,1401.71
1762001685.4263763,0.50,1401.71
1762001686.4275212,0.00,1401.71
1762001687.4293625,1.00,1401.71
1762001688.430944,0.50,1401.71
1762001689.4325755,0.50,1401.71
1762001690.4342039,1.00,1401.87
1762001691.4360864,3.50,1401.95
1762001692.4378495,1.00,1401.95
1762001693.439425,0.00,1401.94
1762001694.4411077,0.50,1401.93
1762001695.442748,1.00,1401.93
1762001696.4444194,0.00,1401.93
1762001697.4462337,0.50,1401.93
1762001698.4478786,0.50,1401.93
1762001699.4494743,0.00,1401.92
1762001700.4512312,1.50,1401.92
1762001701.4528315,0.00,1401.92
1762001702.454383,0.50,1401.92
1762001703.4561677,0.50,1401.92
1762001704.4578898,0.50,1401.92
1762001705.4596877,0.50,1401.92
1762001706.4613214,1.00,1401.92
1762001707.4629598,0.00,1401.92
1762001708.464568,0.50,1401.92
1762001709.4662778,0.50,1401.92
1762001710.4691586,0.50,1401.92
1762001711.470802,1.50,1401.92
1762001712.4723768,0.00,1401.92
1762001713.474132,1.50,1401.92
1762001714.475856,4.50,1401.92
1762001715.477517,0.00,1401.90
1762001716.479054,1.00,1401.90
1762001717.4807575,0.00,1401.90
1762001718.482561,0.00,1401.90
1762001719.484287,0.50,1401.90
1762001720.4858582,0.00,1401.90
1762001721.487578,0.00,1401.90
1762001722.4893875,0.00,1401.90
1762001723.4911487,1.00,1401.90
1762001724.4927616,0.00,1401.90
1762001725.4945657,1.00,1401.90
1762001726.4962275,0.00,1401.90
1762001727.4979925,0.00,1401.90
1762001728.4997091,0.50,1401.90
1762001729.5018334,1.50,1401.90
1762001730.503547,0.50,1401.86
1762001731.5053067,0.50,1401.86
1762001732.506834,0.50,1401.86
1762001733.5083973,0.50,1401.86
1762001734.51041,0.00,1401.86
1762001735.5123181,1.00,1401.86
1762001736.5139527,0.00,1401.86
1762001737.5155742,0.50,1401.86
1762001738.5173497,0.50,1401.86
1762001739.5189915,0.00,1401.86
1762001740.5209036,0.50,1401.86
1762001741.5226688,1.50,1401.86
1762001742.5243437,0.50,1401.86
1762001743.5259137,1.00,1401.84
1762001744.5274053,1.00,1401.84
1762001745.528939,0.50,1402.33
1762001746.5305712,1.00,1402.33
1762001747.5323443,0.50,1402.33
1762001748.5341563,0.50,1402.32
1762001749.535725,0.00,1402.32
1762001750.5374656,0.50,1402.32
1762001751.5390012,0.00,1402.32
1762001752.5407586,0.50,1402.32
1762001753.5424185,3.50,1402.32
1762001754.5443783,0.50,1402.29
1762001755.5462935,1.00,1402.29
1762001756.5478027,0.00,1402.29
1762001757.5484228,0.00,1402.29
1762001758.5501041,0.50,1402.29
1762001759.55184,0.00,1402.29
1762001760.5535684,0.50,1402.29
1762001761.5552604,0.00,1402.29
1762001762.5570824,1.00,1402.29
1762001763.5588799,0.00,1402.29
1762001764.5605192,0.50,1402.27
1762001765.562166,0.50,1402.27
1762001766.5635233,0.00,1402.27
1762001767.5652695,4.00,1402.27
1762001768.5668297,1.00,1402.27
1762001769.568407,1.00,1402.27
1762001770.5699773,0.00,1402.24
1762001771.5715206,0.50,1402.24
1762001772.5730906,0.50,1402.24
1762001773.5747373,1.00,1402.24
1762001774.5764558,0.50,1402.24
1762001775.578525,0.50,1402.24
1762001776.5801876,0.00,1402.24
1762001777.5818207,0.00,1402.24
1762001778.5833948,1.00,1402.24
1762001779.5848603,8.40,1406.34
1762001780.5867064,1.20,1411.59
1762001781.588299,1.20,1411.68
1762001782.5897923,0.00,1412.04
1762001783.5914314,1.80,1411.85
1762001784.5925798,3.50,1411.98
1762001785.5941887,0.60,1412.23
1762001786.5957482,1.20,1412.10
1762001787.597323,0.60,1412.22
1762001788.598837,0.60,1412.54
1762001789.6004345,1.70,1412.57
1762001790.6021407,0.00,1412.45
1762001791.6037068,0.00,1412.29
1762001792.6053348,1.30,1412.14
1762001793.60687,0.70,1412.22
1762001794.608572,2.50,1412.09
1762001795.610517,0.60,1411.94
1762001796.6125324,1.30,1412.07
1762001797.6135643,0.00,1412.31
1762001798.6153488,2.00,1411.93
1762001799.6167223,4.80,1412.30
1762001800.6183972,10.30,1412.60
1762001801.6204498,6.00,1413.08
1762001802.622299,1.30,1413.12
1762001803.6241524,2.00,1412.81
1762001804.6261532,2.00,1412.65
1762001805.6281424,0.70,1412.71
1762001806.6304421,2.00,1412.34
1762001807.6323688,0.70,1412.25
1762001808.6341262,1.30,1412.52
1762001809.6356807,2.40,1382.41
1762001810.6374495,0.00,1382.41
1762001811.6394875,0.50,1382.41
1762001812.6412883,0.50,1382.66
1762001813.6428657,1.00,1382.66
1762001814.6446009,0.50,1382.66
1762001815.6474812,0.00,1382.66
1762001816.649775,1.00,1382.66
1762001817.6515515,0.00,1382.65
1762001818.6536198,1.00,1382.65
1762001819.6556294,0.50,1382.65
1762001820.6576257,0.50,1382.65
1762001821.6593788,0.50,1382.65
1762001822.6618657,0.00,1382.65
1762001823.6634665,0.50,1382.64
1762001824.6657481,1.00,1382.64
1762001825.6675887,0.00,1382.64
1762001826.6691058,0.50,1382.64
1762001827.6696563,0.50,1382.64
1762001828.6711764,0.00,1382.63
1762001829.6728175,0.50,1382.63
1762001830.6748285,0.50,1382.63
1762001831.6769226,1.50,1382.62
1762001832.67879,0.00,1382.62
1762001833.6805806,1.00,1382.62
1762001834.6822376,1.00,1382.62
1762001835.6834116,0.50,1382.62
1762001836.6849668,0.00,1382.62
1762001837.6867733,0.00,1382.62
1762001838.688341,1.00,1382.62
1762001839.6906807,0.50,1382.62
1762001840.6922984,0.50,1382.62
1762001841.6938624,0.00,1382.62
1762001842.6954455,1.00,1382.62
1762001843.6971664,0.00,1382.62
1762001844.6991396,14.10,1383.83
1762001845.7007306,0.50,1383.82
1762001846.7024136,0.50,1383.82
1762001847.7040787,0.50,1383.82
1762001848.7058606,0.00,1383.82
1762001849.7075994,3.50,1384.81
1762001850.709196,0.50,1384.81
1762001851.7109327,0.50,1384.81
1762001852.7127283,0.50,1384.81
1762001853.7146702,0.00,1384.80
1762001854.7163658,1.00,1384.61
1762001855.7179873,0.00,1384.60
1762001856.7197878,0.00,1384.55
1762001857.7214963,1.00,1384.55
1762001858.7232513,0.00,1384.55
1762001859.7251718,1.00,1384.55
1762001860.7269573,0.00,1384.55
1762001861.7286973,2.00,1384.55
1762001862.7304146,0.00,1384.55
1762001863.731932,0.50,1384.55
1762001864.7336965,0.50,1384.55
1762001865.7355716,0.50,1384.55
1762001866.7387803,1.00,1384.55
1762001867.740403,0.00,1384.53
1762001868.7419138,0.50,1384.53
1762001869.7436266,0.50,1384.53
1762001870.7455373,0.50,1384.53
1762001871.747344,0.50,1384.53
1762001872.7487535,0.00,1384.53
1762001873.7503102,0.50,1384.53
1762001874.751842,0.50,1384.53
1762001875.753325,0.50,1384.53
1762001876.7558258,0.00,1384.53
1762001877.7575188,0.50,1384.53
1762001878.7592149,1.00,1384.53
1762001879.7610006,0.00,1384.51
1762001880.7627003,1.00,1384.51
1762001881.7642913,0.00,1384.51
1762001882.7659297,0.50,1384.51
1762001883.7675903,0.00,1384.51
1762001884.7693107,0.50,1384.51
1762001885.7702787,0.50,1384.50
1762001886.7717798,0.00,1384.50
1762001887.7741425,0.00,1384.50
1762001888.7757552,0.50,1384.50
1762001889.776429,0.00,1384.50
1762001890.7779543,1.00,1384.50
1762001891.7796052,0.50,1384.49
1762001892.7813668,0.00,1384.49
1762001893.7827396,0.50,1384.49
1762001894.787481,1.00,1384.49
1762001895.7899718,0.00,1384.49
1762001896.7916663,0.00,1384.49
1762001897.7934172,0.50,1384.49
1762001898.796107,0.50,1384.49
1762001899.7977412,0.00,1384.49
1762001900.7993376,1.50,1385.46
1762001901.8009965,0.00,1385.46
1762001902.8026319,1.00,1385.46
1762001903.8043432,0.00,1385.46
1762001904.8058982,1.00,1385.46
1762001905.8077443,5.00,1385.45
1762001906.809399,0.50,1385.45
1762001907.811151,0.00,1385.44
1762001908.8127942,0.50,1385.44
1762001909.8145442,0.00,1385.44
1762001910.8162477,1.00,1385.44
1762001911.8183408,0.00,1385.44
1762001912.8202584,0.50,1385.44
1762001913.821977,0.00,1388.70
1762001914.8236122,2.40,1393.95
1762001915.8256018,0.60,1399.22
1762001916.8272378,0.60,1404.46
1762001917.82887,0.00,1409.05
1762001918.830751,1.20,1413.64
1762001919.8323722,0.60,1414.48
1762001920.8339338,0.60,1414.79
1762001921.8358083,2.90,1414.15
1762001922.8374736,1.20,1414.09
1762001923.8390448,0.60,1414.54
1762001924.8407292,0.60,1414.36
1762001925.8424032,0.60,1414.70
1762001926.8441522,1.20,1414.58
1762001927.8462958,0.60,1414.42
1762001928.8482032,0.00,1414.30
1762001929.8497398,1.20,1414.12
1762001930.8512702,0.60,1414.00
1762001931.8527837,0.00,1413.88
1762001932.8543713,0.60,1413.75
1762001933.8558638,0.60,1413.75
1762001934.857406,1.20,1413.75
1762001935.8589742,0.60,1413.74
1762001936.8608007,1.20,1413.74
1762001937.8623633,0.60,1413.74
1762001938.8643126,1.20,1413.74
1762001939.8658712,0.00,1413.74
1762001940.8673983,1.20,1413.74
1762001941.8685563,0.60,1413.74
1762001942.8702514,1.20,1413.73
1762001943.8718884,0.00,1385.71
1762001944.8737705,1.00,1384.16
1762001945.875441,0.50,1384.16
1762001946.8769298,0.00,1384.16
1762001947.8786638,1.00,1384.40
1762001948.8803105,0.00,1384.40
1762001949.8818934,0.50,1384.40
1762001950.8836257,0.50,1384.40
1762001951.8844981,1.00,1384.40
1762001952.8863442,0.00,1384.39
1762001953.8880847,0.50,1384.39
1762001954.88969,0.50,1384.39
1762001955.891247,0.50,1384.39
1762001956.8930027,0.00,1384.39
1762001957.8947268,1.00,1384.39
1762001958.8963814,0.00,1384.39
1762001959.8979266,0.00,1384.39
1762001960.8999083,1.00,1384.39
1762001961.9015224,0.00,1384.39
1762001962.9032729,0.50,1384.39
1762001963.905703,0.50,1384.39
1762001964.907969,0.50,1384.39
1762001965.909747,4.00,1384.39
1762001966.9116263,0.50,1384.39
1762001967.9136674,1.50,1384.39
1762001968.9153352,0.00,1384.39
1762001969.916918,0.50,1384.39
1762001970.9186852,0.50,1384.39
1762001971.9205766,0.50,1384.36
1762001972.9223888,1.50,1384.34
1762001973.9239929,0.00,1384.34
1762001974.925772,0.00,1384.34
1762001975.9277,0.50,1384.34
1762001976.9295294,0.50,1384.34
1762001977.9313877,0.50,1384.33
1762001978.9333022,0.00,1384.33
1762001979.9348252,11.10,1384.33
1762001980.936636,4.00,1384.32
1762001981.938191,4.50,1384.26
1762001982.9398665,0.50,1384.25
1762001983.9417758,0.00,1384.25
1762001984.9426258,55.30,1384.25
1762001985.9461286,82.10,1384.23
1762001986.947488,88.10,1384.44
1762001987.9492922,46.20,1384.15
1762001988.9512346,1.00,1383.35
1762001989.9530032,0.50,1383.35
1762001990.9547215,0.50,1383.35
1762001991.9574106,1.00,1383.35
1762001992.9590838,1.00,1383.35
1762001993.9604914,1.00,1383.35
1762001994.9621332,0.50,1383.35
1762001995.9639103,0.00,1383.34
1762001996.966413,0.00,1383.34
1762001997.9679956,0.00,1383.34
1762001998.969769,0.00,1383.34
1762001999.9714665,0.50,1383.34
1762002000.973169,1.00,1383.34
1762002001.9755163,0.00,1383.33
1762002002.977404,0.50,1383.33
1762002003.979156,0.50,1383.33
1762002004.980813,0.00,1383.33
1762002005.9824724,1.00,1383.33
1762002006.9843965,0.50,1383.33
1762002007.9863136,0.00,1383.32
1762002008.9878201,0.00,1383.32
1762002009.98939,0.50,1383.32
1762002010.991117,1.00,1383.32
1762002011.9928794,1.50,1383.29
1762002012.9945207,1.50,1383.29
1762002013.9959948,0.50,1383.29
1762002014.9976015,1.00,1383.29
1762002015.9993405,0.00,1383.25
1762002017.0009885,0.50,1383.25
1762002018.0027716,0.50,1383.25
1762002019.0049865,0.50,1383.24
1762002020.0066435,0.50,1383.23
1762002021.0084248,0.50,1383.23
1762002022.009631,14.60,1383.48
1762002023.011204,10.60,1383.45
1762002024.0123532,11.10,1384.14
1762002025.0141706,2.50,1384.12
1762002026.0158203,21.20,1385.65
1762002027.017553,12.60,1386.55
1762002028.0192707,1.50,1386.54
1762002029.0209439,0.50,1386.54
1762002030.0227604,0.00,1386.54
1762002031.023402,0.50,1386.54
1762002032.0254087,1.00,1386.54
1762002033.027388,0.00,1386.54
1762002034.0292377,0.50,1386.54
1762002035.030911,1.50,1386.54
1762002036.0326915,0.50,1386.54
1762002037.034532,0.50,1386.50
1762002038.036301,0.00,1386.50
1762002039.0381308,0.50,1386.50
1762002040.0396917,0.50,1386.50
1762002041.0413644,0.00,1386.50
1762002042.04313,8.50,1386.50
1762002043.0449607,0.00,1386.49
1762002044.0469892,0.00,1386.48
1762002045.048591,1.00,1386.48
1762002046.0505834,4.50,1386.48
1762002047.0522537,4.00,1386.46
1762002048.0540497,0.50,1386.38
1762002049.0556824,2.30,1387.80
1762002050.057631,0.00,1388.02
1762002051.0592327,4.10,1388.22
1762002052.0607216,1.20,1388.44
1762002053.062225,0.00,1388.44
1762002054.0636806,1.70,1388.44
1762002055.0653775,0.60,1388.44
1762002056.0670884,1.80,1388.43
1762002057.0688412,0.60,1388.43
1762002058.0707462,0.60,1388.43
1762002059.072282,1.20,1388.43
1762002060.073772,0.00,1388.43
1762002061.075766,1.20,1388.43
1762002062.0773735,0.00,1388.42
1762002063.0789084,1.20,1388.42
1762002064.0804098,0.60,1388.42
1762002065.0822308,0.00,1388.42
1762002066.0839818,0.00,1388.42
1762002067.085515,0.60,1388.42
1762002068.0872371,0.60,1392.57
1762002069.0887294,0.60,1396.95
1762002070.0902922,0.60,1401.10
1762002071.091807,1.20,1404.91
1762002072.093307,1.70,1404.57
1762002073.0948784,1.70,1404.92
1762002074.0963788,0.00,1404.70
1762002075.0979042,1.70,1404.42
1762002076.099513,0.60,1404.53
1762002077.1009555,0.60,1404.94
1762002078.1024902,0.60,1404.44
1762002079.1041474,1.60,1369.46
1762002080.1059363,0.00,1369.46
1762002081.1079426,0.00,1369.46
1762002082.10954,1.00,1369.46
1762002083.1112845,0.00,1369.46
1762002084.113004,1.00,1369.46
1762002085.1147263,0.50,1369.46
1762002086.116321,0.50,1369.46
1762002087.1179707,1.00,1369.46
1762002088.1197062,4.00,1369.46
1762002089.1214771,0.50,1369.46
1762002090.123462,2.00,1369.45
1762002091.1250665,0.00,1369.45
1762002092.1266475,0.50,1369.45
1762002093.1282792,0.00,1369.45
1762002094.1298373,1.00,1369.45
1762002095.1313632,0.00,1369.45
1762002096.1328506,0.50,1369.44
1762002097.1345966,0.00,1369.44
1762002098.1365616,1.00,1369.43
1762002099.1382544,0.00,1369.43
1762002100.1398208,7.00,1369.64
1762002101.141335,0.00,1369.63
1762002102.1430376,1.50,1369.62
1762002103.1448126,0.50,1369.62
1762002104.1466541,0.50,1369.62
1762002105.1479883,0.50,1369.62
1762002106.1497257,0.00,1369.62
1762002107.151483,2.00,1369.62
1762002108.1529877,0.00,1369.62
1762002109.1547635,0.50,1369.61
1762002110.156374,0.50,1369.61
1762002111.1581721,3.00,1369.61
1762002112.1598728,1.50,1369.56
1762002113.1613598,0.00,1369.56
1762002114.1629844,1.00,1369.56
1762002115.16486,0.00,1369.56
1762002116.166407,0.50,1369.56
1762002117.1683297,1.00,1369.56
1762002118.170148,0.00,1369.53
1762002119.1717877,0.00,1369.53
1762002120.1735158,0.50,1369.53
1762002121.1751552,0.50,1369.53
1762002122.1768024,0.50,1369.53
1762002123.1784933,0.00,1369.53
1762002124.1800954,0.00,1369.53
1762002125.181716,0.50,1369.53
1762002126.1833255,0.50,1369.53
1762002127.1848996,0.00,1369.53
1762002128.1867602,0.50,1369.53
1762002129.1884558,0.00,1369.53
1762002130.1903996,1.00,1369.53
1762002131.1919456,1.50,1369.53
1762002132.1931036,0.00,1369.53
1762002133.1946647,0.00,1369.53
1762002134.1963835,1.50,1369.53
1762002135.197983,0.00,1369.53
1762002136.199559,0.50,1369.53
1762002137.2011852,0.50,1369.53
1762002138.203205,0.00,1369.53
1762002139.2047892,0.50,1369.53
1762002140.2065222,0.50,1369.50
1762002141.2081227,0.00,1369.50
1762002142.2099617,1.00,1369.50
1762002143.211513,0.00,1369.50
1762002144.2132297,1.00,1369.50
1762002145.2149324,0.00,1369.50
1762002146.2166214,0.50,1369.50
1762002147.218161,0.50,1369.50
1762002148.2196786,0.50,1369.50
1762002149.221238,0.50,1369.50
1762002150.2227926,9.60,1371.44
1762002151.2244163,0.00,1371.44
1762002152.2265718,1.00,1371.42
1762002153.2282946,0.00,1371.42
1762002154.229899,1.00,1371.42
1762002155.2317495,1.00,1371.42
1762002156.2334702,2.00,1372.04
1762002157.235431,0.50,1371.89
1762002158.2374206,0.00,1371.89
1762002159.2394352,0.50,1371.89
1762002160.2410924,0.00,1371.89
1762002161.2426586,1.00,1371.76
1762002162.244424,2.00,1371.63
1762002163.2460933,0.00,1371.57
1762002164.2476737,0.50,1371.56
1762002165.2495396,0.50,1371.56
1762002166.2511725,0.50,1371.56
1762002167.2528212,0.00,1371.56
1762002168.2547488,1.00,1371.56
1762002169.2565813,0.00,1371.56
1762002170.258417,0.00,1371.56
1762002171.2599628,1.00,1371.56
1762002172.2617311,0.00,1371.56
1762002173.2634335,0.00,1371.56
1762002174.265079,0.50,1371.56
1762002175.26667,0.50,1371.56
1762002176.26829,0.50,1371.55
1762002177.269755,0.00,1371.55
1762002178.2715116,0.50,1371.55
1762002179.2734144,0.50,1371.55
1762002180.2752147,1.00,1371.55
1762002181.2777402,0.00,1371.55
1762002182.2793224,0.50,1371.55
1762002183.2808783,2.10,1375.03
1762002184.2828317,0.00,1380.04
1762002185.284464,1.20,1385.32
1762002186.2862523,0.60,1390.12
1762002187.2881098,1.80,1394.49
1762002188.289716,0.60,1399.09
1762002189.2914343,1.70,1400.02
1762002190.2934983,0.60,1400.47
1762002191.295116,1.70,1400.34
1762002192.2966666,1.20,1399.88
1762002193.2983158,0.60,1399.84
1762002194.3001227,1.80,1399.84
1762002195.3017051,0.60,1399.84
1762002196.3035,1.80,1399.84
1762002197.30506,1.20,1400.37
1762002198.3069081,0.00,1400.39
1762002199.308795,1.80,1400.72
1762002200.3104422,0.60,1400.71
1762002201.3119426,0.60,1400.66
1762002202.3135443,1.20,1400.83
1762002203.3151152,0.60,1400.70
1762002204.3167377,1.20,1400.70
1762002205.318215,0.00,1401.12
1762002206.3196435,1.20,1401.25
1762002207.3211792,0.00,1400.71
1762002208.3228698,0.60,1400.64
1762002209.3243926,1.20,1400.79
1762002210.3257499,8.20,1400.94
1762002211.3263628,1.20,1401.18
1762002212.3270054,1.20,1400.84
1762002213.3286428,1.70,1364.75
1762002214.3303366,0.00,1364.75
1762002215.3321395,1.50,1364.75
1762002216.333705,0.50,1364.75
1762002217.335362,1.00,1364.75
1762002218.3369465,0.00,1364.75
1762002219.3385735,0.50,1364.75
1762002220.3402045,0.50,1364.75
1762002221.3418732,1.00,1364.75
1762002222.3434286,2.00,1364.75
1762002223.345125,0.00,1364.75
1762002224.3466706,0.50,1364.74
1762002225.3483117,0.50,1364.74
1762002226.3498175,10.60,1366.16
1762002227.350499,12.10,1366.11
1762002228.3513794,17.90,1366.95
1762002229.3532298,15.50,1367.37
1762002230.3549993,0.50,1367.37
1762002231.356728,0.50,1367.37
1762002232.358472,1.00,1367.37
1762002233.360317,1.00,1367.37
1762002234.3618796,0.50,1367.37
1762002235.3636005,0.50,1367.37
1762002236.3653162,0.50,1367.37
1762002237.3668764,2.00,1367.36
1762002238.3686562,1.00,1367.36
1762002239.3704076,0.50,1367.36
1762002240.3719523,0.50,1367.35
1762002241.3736546,0.50,1367.35
1762002242.3753667,1.00,1367.35
1762002243.3771267,0.00,1367.35
1762002244.378672,1.00,1367.35
1762002245.3804264,0.00,1367.35
1762002246.3821476,1.00,1367.35
1762002247.383641,0.50,1367.34
1762002248.38526,0.00,1367.34
1762002249.38698,0.50,1367.34
1762002250.3885868,0.00,1367.34
1762002251.3904228,1.00,1367.33
1762002252.3920813,2.00,1367.33
1762002253.393727,0.00,1367.33
1762002254.3954556,1.00,1367.33
1762002255.3969545,1.00,1367.33
1762002256.3989544,0.00,1367.33
1762002257.4006932,2.00,1367.33
1762002258.4023194,0.50,1367.33
1762002259.403841,0.50,1367.33
1762002260.405713,0.00,1367.33
1762002261.4072301,1.00,1367.33
1762002262.408765,0.50,1367.33
1762002263.410366,0.50,1367.30
1762002264.4119868,0.50,1367.53
1762002265.4136486,1.50,1367.53
1762002266.4154403,0.50,1367.50
1762002267.4172184,0.50,1367.50
1762002268.418859,1.00,1367.50
1762002269.4194686,0.50,1367.50
1762002270.421237,0.00,1367.50
1762002271.4228213,1.00,1367.50
1762002272.424434,0.50,1367.50
1762002273.426096,0.00,1367.50
1762002274.4276738,6.00,1367.50
1762002275.4292262,0.50,1367.48
1762002276.4308817,1.00,1367.48
1762002277.4331856,1.00,1367.48
1762002278.4347253,2.00,1367.48
1762002279.4363728,2.50,1367.47
1762002280.4382403,0.00,1367.47
1762002281.4401047,0.50,1367.45
1762002282.4417098,2.50,1367.45
1762002283.4432666,0.00,1367.45
1762002284.444949,0.50,1367.43
1762002285.446614,0.50,1367.43
1762002286.448398,1.00,1367.43
1762002287.4504154,0.00,1367.43
1762002288.4520795,0.00,1367.43
1762002289.4536002,1.00,1367.43
1762002290.4559767,0.00,1367.43
1762002291.457734,0.50,1367.43
1762002292.4594066,0.00,1367.43
1762002293.461204,1.00,1367.43
1762002294.4655972,0.50,1367.43
1762002295.4675612,0.00,1367.43
1762002296.4692688,0.50,1367.43
1762002297.471122,0.50,1367.42
1762002298.4727483,0.00,1367.42
1762002299.4743867,0.50,1367.42
1762002300.476053,0.00,1367.42
1762002301.477642,0.50,1367.42
1762002302.4793537,1.50,1367.34
1762002303.4809253,0.00,1367.41
1762002304.4828227,0.50,1367.41
1762002305.4844513,0.50,1367.41
1762002306.486081,0.50,1367.41
1762002307.487885,0.00,1367.41
1762002308.4893708,0.50,1367.41
1762002309.4910622,0.00,1367.40
1762002310.4930708,1.00,1367.40
1762002311.494749,0.50,1367.40
1762002312.4962924,0.50,1367.39
1762002313.4979112,1.00,1367.39
1762002314.4995542,0.50,1367.39
1762002315.501202,0.50,1367.39
1762002316.5028336,0.00,1367.39
1762002317.5044096,1.60,1369.55
1762002318.5062652,0.60,1375.02
1762002319.5078194,0.00,1380.72
1762002320.5093672,1.80,1385.31
1762002321.510947,0.00,1390.56
1762002322.5126116,0.60,1394.94
1762002323.5142946,1.20,1395.78
1762002324.5159492,0.60,1395.91
1762002325.5175593,0.60,1395.72
1762002326.5192466,0.60,1396.05
1762002327.5208213,1.20,1395.72
1762002328.52249,0.60,1395.97
1762002329.5241232,1.20,1395.57
1762002330.5260222,1.20,1396.86
1762002331.5277388,0.60,1395.75
1762002332.529355,0.60,1395.87
1762002333.530873,1.20,1396.70
1762002334.5326457,5.80,1396.60
1762002335.534279,1.20,1396.19
1762002336.5359826,0.60,1396.44
1762002337.5379367,0.60,1395.98
1762002338.5394776,1.20,1396.31
1762002339.5410752,14.40,1395.78
1762002340.542618,19.20,1395.82
1762002341.5441725,1.20,1395.30
1762002342.5457184,2.30,1395.26
1762002343.547228,0.00,1395.26
1762002344.5487568,0.60,1395.26
1762002345.5503519,0.60,1395.26
1762002346.55184,1.20,1395.26
1762002347.5534415,2.30,1387.20
1762002348.5549715,0.50,1365.43
1762002349.5568593,0.50,1365.42
1762002350.55841,1.50,1365.42
1762002351.560089,1.50,1365.41
1762002352.5618808,0.50,1365.41
1762002353.5637615,0.50,1365.41
1762002354.5645888,0.00,1365.41
1762002355.566462,1.00,1365.41
1762002356.5683463,0.00,1365.41
1762002357.5699427,1.00,1365.41
1762002358.571486,0.50,1365.41
1762002359.573832,0.00,1365.41
1762002360.5755064,1.00,1365.41
1762002361.5772774,0.00,1365.41
1762002362.5788906,1.00,1365.41
1762002363.5796018,0.00,1365.41
1762002364.5812325,1.00,1365.39
1762002365.5829608,0.00,1365.39
1762002366.5847182,1.00,1365.39
1762002367.5864089,0.00,1365.39
1762002368.5879195,0.50,1365.39
1762002369.5895333,0.50,1365.39
1762002370.5913336,1.00,1365.39
1762002371.593077,0.50,1365.39
1762002372.5946798,0.50,1365.39
1762002373.5959134,2.00,1365.39
1762002374.598111,0.00,1365.38
1762002375.5997908,0.50,1365.35
1762002376.601372,0.50,1365.35
1762002377.6028752,0.50,1365.35
1762002378.6037538,0.50,1365.35
1762002379.6053681,0.50,1365.35
1762002380.6072106,0.50,1365.35
1762002381.6087205,1.00,1365.35
1762002382.6104453,0.00,1365.35
1762002383.6120768,1.00,1365.35
1762002384.6137266,0.50,1365.35
1762002385.6154425,0.00,1365.34
1762002386.6169515,0.50,1365.34
1762002387.6187024,0.50,1365.34
1762002388.6204844,0.50,1365.34
1762002389.6220958,1.00,1365.34
1762002390.623169,0.50,1365.33
1762002391.62491,0.50,1365.33
1762002392.626574,0.50,1365.33
1762002393.6282654,1.00,1365.33
1762002394.6298947,5.00,1365.33
1762002395.6315236,0.00,1365.33
1762002396.6332567,1.00,1365.31
1762002397.6347842,0.00,1365.31
1762002398.6356354,0.50,1365.31
1762002399.637327,3.00,1365.55
1762002400.6389449,2.50,1365.55
1762002401.6406345,0.50,1365.52
1762002402.642878,2.00,1365.52
1762002403.6447783,0.50,1365.52
1762002404.6464205,0.00,1365.52
1762002405.6480777,1.00,1365.52
1762002406.6507912,0.00,1365.52
1762002407.6525722,0.50,1365.51
1762002408.654301,0.50,1365.49
1762002409.6558223,0.50,1365.49
1762002410.6574988,0.00,1365.49
1762002411.6591241,0.50,1365.49
1762002412.6608613,0.50,1365.49
1762002413.6627162,0.50,1365.49
1762002414.6643784,0.50,1365.49
1762002415.6660848,0.00,1365.49
1762002416.667655,1.00,1365.49
1762002417.669412,0.00,1365.49
1762002418.6709976,0.00,1365.49
1762002419.6727238,0.50,1365.49
1762002420.674393,0.50,1365.49
1762002421.6759307,0.50,1365.49
1762002422.6776137,0.50,1365.49
1762002423.6793387,0.00,1365.49
1762002424.681253,1.00,1365.48
1762002425.6834261,0.00,1365.48
1762002426.6849666,0.00,1365.48
1762002427.6868708,0.50,1365.48
1762002428.6885188,0.00,1365.48
1762002429.6902008,0.00,1365.48
1762002430.691953,1.50,1365.46
1762002431.6936727,0.00,1365.46
1762002432.6952574,0.50,1365.46
1762002433.6968033,1.00,1365.46
1762002434.6985853,0.50,1365.46
1762002435.7002587,0.50,1365.46
1762002436.701925,0.00,1365.46
1762002437.703628,0.00,1365.46
1762002438.7054715,1.00,1365.46
1762002439.7073247,0.50,1365.46
1762002440.7089639,0.00,1365.46
1762002441.7107182,0.00,1365.46
1762002442.7125268,1.50,1365.46
1762002443.7141368,0.00,1365.46
1762002444.715619,1.00,1365.46
1762002445.7174313,0.00,1365.46
1762002446.719242,0.50,1365.46
1762002447.7210925,0.50,1365.46
1762002448.7235057,0.00,1365.46
1762002449.725281,1.00,1365.46
1762002450.7270932,4.50,1366.40
1762002451.728774,0.00,1366.38
1762002452.7303698,1.70,1371.12
1762002453.7323167,0.60,1376.38
1762002454.7341816,0.00,1381.19
1762002455.7357275,3.50,1386.89
1762002456.737422,0.00,1391.38
1762002457.7389698,0.60,1394.75
1762002458.740554,0.60,1394.62
1762002459.7421513,0.60,1394.90
1762002460.7437387,5.80,1394.39
1762002461.745706,1.20,1394.20
1762002462.747278,2.30,1394.68
1762002463.7488294,0.60,1394.23
1762002464.7503452,0.60,1394.35
1762002465.7521024,0.00,1394.30
1762002466.7537236,0.00,1394.09
1762002467.7553773,1.20,1394.78
1762002468.7580433,0.00,1394.45
1762002469.759774,0.60,1394.30
1762002470.7615373,0.60,1394.46
1762002471.763174,1.20,1394.27
1762002472.7647023,0.00,1394.14
1762002473.7663002,0.60,1394.41
1762002474.7678316,1.20,1394.66
1762002475.7695332,1.20,1394.58
1762002476.771133,0.00,1394.32
1762002477.772559,1.20,1394.25
1762002478.774236,0.60,1394.16
1762002479.7758868,0.00,1394.51
1762002480.777543,1.20,1394.57
1762002481.779167,0.00,1394.71
1762002482.7806425,1.60,1362.61
1762002483.782359,0.50,1362.61
1762002484.783938,0.50,1362.61
1762002485.7852108,1.00,1362.61
1762002486.7867632,0.00,1362.61
1762002487.787524,0.00,1362.61
1762002488.7891867,0.50,1362.61
1762002489.7907536,0.00,1362.61
1762002490.7924185,1.50,1362.60
1762002491.7938898,0.00,1362.60
1762002492.7953923,0.50,1362.60
1762002493.7969568,1.50,1362.60
1762002494.7984953,0.00,1362.60
1762002495.800227,0.50,1362.60
1762002496.8017867,0.50,1362.60
1762002497.8036659,0.00,1362.60
1762002498.8053982,1.00,1362.60
1762002499.8071458,0.00,1362.60
1762002500.8087196,0.00,1362.60
1762002501.8105037,0.50,1362.58
1762002502.812441,1.50,1362.82
1762002503.8142242,0.00,1362.82
1762002504.815857,0.50,1362.82
1762002505.8174787,0.00,1362.82
1762002506.819241,0.50,1362.79
1762002507.820874,1.00,1362.79
1762002508.8223639,0.00,1362.79
1762002509.8240404,0.50,1362.79
1762002510.8255978,0.50,1362.79
1762002511.8273122,0.50,1362.79
1762002512.829211,0.50,1362.79
1762002513.8308284,0.50,1362.79
1762002514.8316393,1.00,1362.79
1762002515.8332746,0.50,1362.79
1762002516.8350854,1.00,1362.77
1762002517.835846,0.50,1362.77
1762002518.8378642,0.00,1362.77
1762002519.8396091,0.50,1362.77
1762002520.8405702,5.50,1362.77
1762002521.8422585,0.00,1362.77
1762002522.8439207,2.00,1363.23
1762002523.845497,0.50,1363.22
1762002524.847291,0.50,1363.22
1762002525.8496358,0.50,1363.22
1762002526.8513534,0.50,1363.22
1762002527.8531263,0.00,1363.21
1762002528.8547719,0.50,1363.21
1762002529.8565512,1.00,1363.21
1762002530.858388,0.50,1363.21
1762002531.859977,0.50,1363.21
1762002532.8618147,0.00,1363.21
1762002533.8634992,0.50,1363.21
1762002534.865246,0.50,1363.21
1762002535.866803,0.50,1363.21
1762002536.8685157,0.00,1363.21
1762002537.8702633,3.50,1363.36
1762002538.8718116,7.70,1363.35
1762002539.8738627,1.00,1363.35
1762002540.8754294,0.00,1363.35
1762002541.8771443,2.50,1363.35
1762002542.8787894,0.00,1363.35
1762002543.8804228,1.50,1363.35
1762002544.8822153,2.00,1363.35
1762002545.8837664,0.00,1363.35
1762002546.8855429,0.50,1363.34
1762002547.8872123,0.00,1363.34
1762002548.8889022,0.50,1363.34
1762002549.889763,0.50,1363.34
1762002550.891348,1.00,1363.33
1762002551.8930435,0.00,1363.33
1762002552.894653,0.50,1363.33
1762002553.8963234,1.00,1363.33
1762002554.8980043,0.00,1363.33
1762002555.8995848,0.50,1363.33
1762002556.901278,0.00,1363.33
1762002557.902918,0.00,1363.33
1762002558.9044747,0.50,1363.33
1762002559.9062529,0.50,1363.33
1762002560.9079747,0.00,1363.33
1762002561.9096296,0.00,1363.33
1762002562.9111927,1.00,1363.33
1762002563.9126809,0.50,1363.31
1762002564.9143193,1.00,1363.31
1762002565.9158607,0.00,1363.31
1762002566.9176104,0.50,1363.31
1762002567.9193826,0.50,1363.31
1762002568.9218404,16.90,1363.13
1762002569.931623,20.20,1362.10
1762002570.9331944,26.00,1360.87
1762002571.934744,18.90,1361.24
1762002572.9355516,21.30,1361.66
1762002573.9373415,20.20,1364.41
1762002574.9455438,18.20,1363.23
1762002575.947091,26.70,1368.68
1762002576.9486263,23.80,1375.90
1762002577.950371,20.60,1375.84
1762002578.9520407,19.50,1383.72
1762002579.96193,20.20,1383.72
1762002580.962713,27.00,1383.71
1762002581.9767785,23.30,1376.27
1762002583.0291865,100.00,1376.58
1762002584.030754,68.20,1376.16
1762002585.032318,35.00,1391.17
1762002586.0599666,30.30,1357.58
1762002587.0615864,24.60,1368.14
1762002588.075869,10.40,1368.80
1762002589.0774832,15.80,1369.45
1762002590.0789564,22.20,1370.72
1762002591.080598,18.70,1386.30
1762002592.082518,1.20,1390.65
1762002593.084075,0.60,1395.27
1762002594.0856133,1.80,1394.80
1762002595.0871964,0.00,1394.80
1762002596.0889032,0.60,1394.80
1762002597.0904412,1.20,1394.80
1762002598.0919662,0.00,1394.80
1762002599.0937366,12.90,1393.68
1762002600.0952609,1.20,1394.49
1762002601.0966763,0.60,1394.83
1762002602.0981631,0.60,1394.32
1762002603.0997329,0.00,1394.59
1762002604.1012986,1.20,1394.98
1762002605.1028786,1.20,1394.25
1762002606.104476,0.00,1394.23
1762002607.1066687,0.60,1394.64
1762002608.1073854,1.10,1394.89
1762002609.1088219,0.60,1394.40
1762002610.1102793,0.00,1394.79
1762002611.111993,2.30,1371.24
1762002612.113604,0.00,1375.84
1762002613.115323,0.60,1380.21
1762002614.1168697,1.20,1385.05
1762002615.1184068,0.60,1389.67
1762002616.1198661,0.60,1394.26
1762002617.1214118,1.10,1359.48
1762002618.1232543,0.50,1359.48
1762002619.1249998,0.00,1359.48
1762002620.1267574,1.50,1359.48
1762002621.1283987,0.50,1359.48
1762002622.1299407,1.00,1359.47
1762002623.1317828,0.00,1359.47
1762002624.1335247,1.00,1359.47
1762002625.1354165,0.00,1359.47
1762002626.1371293,1.00,1359.47
1762002627.1388187,0.50,1359.47
1762002628.1403496,0.50,1359.47
1762002629.1422448,0.50,1359.47
1762002630.1429753,0.50,1359.46
1762002631.1456165,0.00,1359.46
1762002632.1474147,1.00,1359.46
1762002633.1491802,0.50,1359.46
1762002634.1508105,0.50,1359.46
1762002635.1524022,1.00,1359.46
1762002636.1535156,1.00,1359.46
1762002637.1551404,0.00,1359.46
1762002638.1567483,0.50,1359.46
1762002639.1583278,0.50,1359.45
1762002640.1599472,0.50,1359.45
1762002641.161603,5.00,1359.45
1762002642.163272,1.50,1359.45
1762002643.16515,1.50,1359.43
1762002644.1666722,1.00,1359.43
1762002645.1682637,0.00,1359.43
1762002646.16983,1.00,1359.43
1762002647.1716,0.50,1359.43
1762002648.1734285,0.00,1359.43
1762002649.174927,0.50,1359.42
1762002650.176511,0.50,1359.42
1762002651.178401,0.50,1359.42
1762002652.1799731,1.00,1359.42
1762002653.1816618,0.00,1359.42
1762002654.183445,1.00,1359.42
1762002655.1852632,0.50,1359.41
1762002656.186965,0.50,1359.41
1762002657.188849,1.00,1359.41
1762002658.1903958,0.50,1359.41
1762002659.1921234,0.50,1359.41
1762002660.19363,0.50,1359.41
1762002661.195198,1.00,1359.41
1762002662.1968064,0.00,1359.41
1762002663.1984644,0.50,1359.41
1762002664.20023,0.50,1359.41
1762002665.2028809,0.50,1359.41
1762002666.205593,0.50,1359.41
1762002667.2072809,0.50,1359.41
1762002668.2088993,0.00,1359.41
1762002669.2105448,0.00,1359.41
1762002670.2121525,1.00,1359.41
1762002671.213723,0.50,1359.41
1762002672.2153616,0.50,1359.38
1762002673.2171838,0.50,1359.38
1762002674.218872,1.00,1359.38
1762002675.2206671,0.00,1359.38
1762002676.2223725,0.00,1359.38
1762002677.2242916,0.50,1359.38
1762002678.2259166,0.50,1359.38
1762002679.2275918,0.00,1359.38
1762002680.2292576,0.50,1359.38
1762002681.2311304,0.50,1359.38
1762002682.2327282,0.50,1359.38
1762002683.234682,0.00,1359.38
1762002684.2366247,1.00,1359.38
1762002685.2382886,0.00,1359.38
1762002686.2402582,1.00,1359.38
1762002687.241855,0.00,1359.38
1762002688.2435265,0.50,1359.38
1762002689.2454093,0.00,1359.36
1762002690.2471137,1.00,1359.36
1762002691.2488327,0.50,1359.35
1762002692.2505882,0.50,1359.35
1762002693.2524028,0.50,1359.35
1762002694.2538838,0.00,1359.35
1762002695.255414,1.00,1359.35
1762002696.2570832,0.50,1359.35
1762002697.2588105,0.50,1359.35
1762002698.2606456,2.00,1359.35
1762002699.2626345,1.00,1359.35
1762002700.2644172,5.00,1360.07
1762002701.2664115,5.00,1360.07
1762002702.2682443,1.50,1360.07
1762002703.2697847,0.50,1360.07
1762002704.2715497,1.00,1360.07
1762002705.2733288,2.00,1360.07
1762002706.2778184,13.50,1360.06
1762002707.2798128,8.00,1360.06
1762002708.281402,0.00,1360.05
1762002709.2830787,0.50,1360.02
1762002710.2845793,0.00,1360.02
1762002711.2861514,1.50,1360.27
1762002712.2878122,1.00,1360.27
1762002713.2895036,1.00,1360.27
1762002714.2909944,3.50,1360.27
1762002715.2926376,0.00,1360.25
1762002716.2942078,0.50,1360.25
1762002717.2959025,0.50,1360.25
1762002718.2975705,0.50,1360.21
1762002719.2993274,0.50,1360.21
1762002720.3009965,4.50,1360.21
1762002721.3020692,1.70,1363.64
1762002722.3033648,1.20,1369.59
1762002723.3041518,0.00,1374.84
1762002724.3052518,0.60,1380.09
1762002725.3062677,0.00,1384.47
1762002726.30698,0.60,1389.28
1762002727.3082938,1.20,1389.62
1762002728.3093755,0.60,1389.31
1762002729.3102083,0.00,1389.66
1762002730.3110712,0.60,1389.50
1762002731.3128614,1.80,1389.37
1762002732.3135498,0.60,1389.16
1762002733.3142986,1.20,1389.00
1762002734.3151898,1.20,1388.82
1762002735.316297,0.60,1389.76
1762002736.3177447,1.20,1389.57
1762002737.318728,0.00,1389.50
1762002738.3193836,1.70,1389.68
1762002739.3203506,0.00,1390.15
1762002740.3211908,0.60,1389.63
1762002741.3223886,0.60,1390.02
1762002742.323276,0.60,1389.48
1762002743.3244436,0.00,1390.05
1762002744.325312,1.20,1390.02
1762002745.3261328,0.60,1389.84
1762002746.327104,0.00,1389.46
1762002747.3293717,0.60,1389.82
1762002748.3305745,0.00,1389.43
1762002749.3315387,2.30,1390.22
1762002750.3325045,1.20,1390.04
1762002751.334264,2.90,1357.74
1762002752.3359947,1.00,1357.74
1762002753.3377159,0.50,1357.74
1762002754.33934,1.50,1357.98
1762002755.3408847,0.50,1357.98
1762002756.3424804,0.50,1357.98
1762002757.3439877,0.50,1357.98
1762002758.346212,0.00,1357.96
1762002759.34785,0.50,1357.96
1762002760.3495154,0.50,1357.96
1762002761.3513215,5.00,1357.96
1762002762.352862,2.50,1357.96
1762002763.3545237,0.00,1357.96
1762002764.356276,1.00,1357.96
1762002765.3578148,0.00,1357.94
1762002766.359377,0.50,1357.92
1762002767.3609848,0.00,1357.92
1762002768.3627641,1.00,1357.92
1762002769.3644798,1.00,1357.92
1762002770.366201,1.00,1357.92
1762002771.3678353,0.00,1357.92
1762002772.3696911,1.00,1357.91
1762002773.371482,0.50,1357.91
1762002774.3733947,1.00,1357.91
1762002775.3749895,0.50,1357.91
1762002776.3765187,1.00,1357.91
1762002777.3782692,0.00,1357.91
1762002778.379862,0.50,1357.91
1762002779.3816547,1.00,1357.91
1762002780.383292,0.50,1357.91
1762002781.384776,0.50,1357.91
1762002782.386407,0.50,1357.91
1762002783.3881266,0.50,1357.90
1762002784.389653,0.00,1357.90
1762002785.3912256,1.00,1357.90
1762002786.3931532,0.00,1357.90
1762002787.3947394,1.00,1357.90
1762002788.3963377,0.00,1357.90
1762002789.3979557,1.00,1357.90
1762002790.3997447,0.50,1357.89
1762002791.401397,1.00,1357.89
1762002792.4029758,0.00,1357.88
1762002793.4046886,1.00,1357.88
1762002794.4055226,1.00,1357.88
1762002795.4071345,0.50,1357.88
1762002796.4086938,0.00,1357.88
1762002797.4104376,1.00,1357.88
1762002798.4119146,0.50,1357.88
1762002799.413475,0.00,1357.88
1762002800.4149997,1.00,1357.88
1762002801.4167433,1.00,1357.87
1762002802.418555,0.50,1358.11
1762002803.4206464,0.50,1358.11
1762002804.4224582,0.50,1358.11
1762002805.423981,0.50,1358.11
1762002806.4255953,0.00,1358.11
1762002807.4272983,0.00,1358.10
1762002808.4287694,1.00,1358.10
1762002809.4303439,0.00,1358.34
1762002810.4320712,1.50,1358.34
1762002811.4336793,0.00,1358.34
1762002812.4353745,0.50,1358.34
1762002813.4368963,0.50,1358.32
1762002814.4383821,0.50,1358.32
1762002815.4401608,0.50,1358.32
1762002816.4418142,0.00,1358.32
1762002817.443438,0.00,1358.32
1762002818.445081,0.50,1358.32
1762002819.4466734,0.50,1358.32
1762002820.4485884,0.00,1358.32
1762002821.4502058,5.00,1358.32
1762002822.4516916,1.00,1358.32
1762002823.4533386,1.00,1358.32
1762002824.4549315,0.00,1358.31
1762002825.4566505,0.50,1358.31
1762002826.4583437,0.50,1358.31
1762002827.4598753,0.00,1358.31
1762002828.4613938,0.00,1358.31
1762002829.462973,1.00,1358.31
1762002830.4647841,0.00,1358.31
1762002831.4669392,1.50,1358.30
1762002832.468647,0.00,1358.30
1762002833.4703765,1.00,1358.30
1762002834.4720924,0.00,1358.30
1762002835.4739084,1.00,1358.30
1762002836.475724,0.00,1358.30
1762002837.4772632,0.50,1358.28
1762002838.4788973,0.00,1358.28
1762002839.480627,1.00,1358.28
1762002840.4823773,0.50,1358.28
1762002841.4839044,0.50,1358.28
1762002842.4858456,0.50,1358.27
1762002843.4874904,1.00,1358.27
1762002844.4891515,0.00,1358.27
1762002845.4906604,0.00,1358.27
1762002846.492368,1.00,1358.27
1762002847.4939296,0.00,1358.27
1762002848.4956284,0.00,1358.27
1762002849.4963126,0.50,1358.27
1762002850.4979746,0.50,1358.27
1762002851.499604,0.50,1358.27
1762002852.5014226,1.00,1358.26
1762002853.5030034,0.50,1358.26
1762002854.504844,0.50,1358.26
1762002855.5063422,1.00,1360.50
1762002856.5079045,0.60,1366.17
1762002857.508967,0.60,1370.77
1762002858.5106332,0.60,1375.36
1762002859.512321,0.00,1379.95
1762002860.5138874,1.20,1384.33
1762002861.5154262,0.60,1386.67
1762002862.5169578,1.20,1386.85
1762002863.5188162,0.60,1387.00
1762002864.5203612,0.60,1386.98
1762002865.5218427,1.20,1386.77
1762002866.5236707,0.60,1386.77
1762002867.5252848,0.60,1386.32
1762002868.5268376,0.60,1386.41
1762002869.5284598,0.60,1386.32
1762002870.530105,0.60,1387.04
1762002871.5317078,0.60,1387.09
1762002872.533318,0.00,1386.92
1762002873.5352855,0.00,1386.82
1762002874.53688,0.60,1386.44
1762002875.538394,1.20,1386.97
1762002876.5399306,1.20,1387.14
1762002877.541512,0.60,1386.85
1762002878.5431347,0.60,1387.05
1762002879.5447738,1.20,1386.94
1762002880.5463543,0.60,1387.17
1762002881.5478055,0.00,1387.20
1762002882.549393,8.00,1386.82
1762002883.5509288,0.60,1386.98
1762002884.552476,1.20,1387.18
1762002885.5538936,0.00,1386.08
1762002886.5556257,2.00,1357.07
1762002887.5572922,1.00,1357.07
1762002888.5587358,0.00,1357.06
1762002889.559507,1.50,1357.06
1762002890.5609536,0.50,1357.06
1762002891.5627246,0.50,1357.06
1762002892.5647302,1.00,1357.06
1762002893.566392,0.00,1357.06
1762002894.5679793,1.00,1357.05
1762002895.569713,0.50,1357.05
1762002896.571556,0.50,1357.05
1762002897.574429,0.50,1357.05
1762002898.5759623,0.50,1357.05
1762002899.5776267,0.50,1357.05
1762002900.5794358,0.50,1357.04
1762002901.5813725,1.00,1357.04
1762002902.5828424,0.50,1357.04
1762002903.5843844,0.50,1357.04
1762002904.5860844,0.50,1357.04
1762002905.5878084,1.00,1357.04
1762002906.5894196,0.00,1357.04
1762002907.5912454,1.00,1357.04
1762002908.592851,0.00,1357.04
1762002909.5943983,0.50,1357.04
1762002910.5959203,1.50,1357.04
1762002911.597653,0.50,1357.04
1762002912.5993543,0.50,1357.03
1762002913.600943,1.00,1357.03
1762002914.60283,0.50,1357.03
1762002915.6045825,0.00,1357.03
1762002916.6062558,1.00,1357.03
1762002917.6078837,0.50,1357.03
1762002918.6096325,0.50,1357.03
1762002919.6112847,0.50,1357.03
1762002920.6131337,1.00,1357.03
1762002921.6149611,0.50,1357.03
1762002922.6167684,0.00,1357.03
1762002923.618453,1.50,1357.03
1762002924.6204307,1.50,1357.02
1762002925.6226144,3.00,1357.46
1762002926.6245139,1.50,1357.46
1762002927.626238,0.50,1357.46
1762002928.6282148,0.00,1357.46
1762002929.629859,1.00,1357.46
1762002930.6319814,0.50,1357.46
1762002931.6335928,0.50,1357.46
1762002932.6353238,0.50,1357.46
1762002933.6368558,0.50,1357.46
1762002934.6383443,0.50,1357.46
1762002935.6399195,0.50,1357.46
1762002936.641873,1.00,1357.45
1762002937.6443465,0.00,1357.45
1762002938.6461442,0.00,1357.45
1762002939.6478288,0.00,1357.45
1762002940.6495938,0.50,1357.44
1762002941.651612,0.50,1357.44
1762002942.6534069,5.50,1357.44
1762002943.6550674,0.00,1357.43
1762002944.65681,0.50,1357.43
1762002945.658388,0.00,1357.43
1762002946.6600873,0.00,1357.43
1762002947.6616802,0.00,1357.43
1762002948.663224,0.00,1357.43
1762002949.6648128,0.50,1357.43
1762002950.6663384,0.00,1357.43
1762002951.6681783,1.00,1357.43
1762002952.6704433,0.50,1357.43
1762002953.6723268,0.50,1357.41
1762002954.6738727,0.50,1357.41
1762002955.6756222,0.00,1357.41
1762002956.6771967,0.00,1357.41
1762002957.678774,0.50,1357.41
1762002958.680585,0.00,1357.41
1762002959.6823082,0.50,1357.40
1762002960.6835852,0.50,1357.39
1762002961.6854098,0.50,1357.39
1762002962.6871328,0.50,1357.39
1762002963.689247,0.50,1357.39
1762002964.690821,0.00,1357.39
1762002965.6924913,0.00,1357.39
1762002966.694265,1.00,1357.39
1762002967.6959987,0.50,1357.39
1762002968.6977315,0.00,1357.39
1762002969.6993299,0.50,1357.39
1762002970.7009757,1.00,1357.39
1762002971.702835,0.00,1357.39
1762002972.7045448,0.50,1357.38
1762002973.706177,1.00,1357.38
1762002974.707868,0.50,1357.38
1762002975.709614,0.50,1357.38
1762002976.712138,0.50,1357.38
1762002977.7139468,0.00,1357.38
1762002978.7156832,0.00,1357.38
1762002979.7173662,0.50,1357.38
1762002980.719058,0.50,1357.38
1762002981.7207053,0.00,1357.38
1762002982.7224581,0.50,1357.38
1762002983.7240937,0.50,1357.38
1762002984.7256422,0.50,1357.38
1762002985.7273366,0.50,1357.38
1762002986.729211,0.00,1357.38
1762002987.730702,1.00,1357.38
1762002988.731756,0.00,1357.38
1762002989.733504,0.00,1357.38
1762002990.735189,0.00,1357.38
1762002991.7367961,1.00,1357.38
1762002992.738434,0.50,1357.38
1762002993.7399762,0.00,1357.38
1762002994.7417665,1.00,1357.38
1762002995.7435157,1.00,1357.36
1762002996.7452815,0.50,1357.36
1762002997.7471437,0.50,1357.36
1762002998.7476635,0.00,1357.34
1762002999.749476,4.00,1358.08
1762003000.7512488,2.00,1358.04
1762003001.752864,0.00,1358.04
1762003002.7546504,2.00,1358.04
1762003003.7557757,1.00,1358.02
1762003004.7574303,0.00,1358.02
1762003005.7592783,5.00,1358.02
1762003006.7610998,0.00,1358.02
1762003007.762721,1.00,1358.02
1762003008.7644155,0.00,1358.02
1762003009.7661057,1.00,1358.02
1762003010.7677348,0.00,1358.02
1762003011.7692537,0.00,1358.02
1762003012.7707999,0.50,1358.02
1762003013.7724302,0.00,1358.02
1762003014.7743025,1.00,1358.02
1762003015.77588,0.00,1358.02
1762003016.777755,0.00,1358.02
1762003017.779455,1.00,1358.02
1762003018.7812998,0.00,1358.02
1762003019.7828557,0.00,1358.01
1762003020.7846928,1.00,1358.01
1762003021.786383,6.50,1357.49
1762003022.7879486,0.00,1357.49
1762003023.7897427,1.00,1357.49
1762003024.7914076,0.00,1357.49
1762003025.7931428,0.50,1357.46
1762003026.7948012,0.00,1357.46
1762003027.796578,1.00,1357.45
1762003028.7982118,0.00,1357.45
1762003029.7997882,0.50,1357.45
1762003030.8014932,1.00,1357.45
1762003031.8033314,0.50,1357.45
1762003032.8049328,0.00,1357.45
1762003033.8068323,0.50,1357.69
1762003034.8083823,0.50,1357.69
1762003035.810195,0.00,1357.69
1762003036.81175,0.00,1357.69
1762003037.8138745,0.50,1357.69
1762003038.8156462,2.50,1357.92
1762003039.817265,4.60,1358.16
1762003040.8189397,13.10,1358.32
