timestamp,cpu_percent,mem_used_mb
1762514231.0902739,27.00,13186.12
1762514232.0917559,27.80,13206.09
1762514233.0925825,11.80,13209.07
1762514234.0936882,15.00,13190.18
1762514235.0947163,20.00,13197.11
1762514236.095932,9.10,13199.88
1762514237.096838,16.10,13207.80
1762514238.098485,11.80,13188.18
1762514239.09964,6.60,13194.18
1762514240.1005955,7.80,13193.86
1762514241.1023862,10.30,13197.17
1762514242.1035163,6.40,13197.29
1762514243.1044097,8.00,13200.99
1762514244.1060622,7.30,13192.98
1762514245.1069965,14.20,13177.69
1762514246.1076167,7.00,13177.98
1762514247.1090565,12.00,13181.15
1762514248.110883,9.60,13170.01
1762514249.1120725,10.00,13158.53
1762514250.1131115,6.10,13159.18
1762514251.1143074,8.50,13157.25
1762514252.117078,6.80,13153.64
1762514253.1178663,13.00,13150.20
1762514254.119047,6.30,13151.66
1762514255.1200056,7.70,13157.38
1762514256.1207683,9.60,13179.34
1762514257.1221611,15.80,13165.20
1762514258.123804,11.90,13161.46
1762514259.1250556,10.70,13161.14
1762514260.1268892,10.30,13161.68
1762514261.127953,9.00,13154.98
1762514262.128894,7.30,13156.90
1762514263.1294734,9.00,13173.30
1762514264.1304028,5.20,13167.38
1762514265.1315887,6.20,13175.00
1762514266.1328125,15.30,13173.32
1762514267.133475,6.90,13164.36
1762514268.134214,10.10,13168.35
1762514269.1353414,9.30,13165.27
1762514270.1368146,11.80,13166.57
1762514271.1381485,20.40,13166.60
1762514272.1391578,19.20,13166.48
1762514273.1409433,9.10,13162.94
1762514274.1418483,6.10,13163.39
1762514275.142945,9.50,13162.74
1762514276.1442947,6.20,13156.55
1762514277.1453574,7.90,13161.11
1762514278.1467788,8.70,13169.53
1762514279.1476312,7.10,13169.28
1762514280.1482747,6.50,13171.29
1762514281.1497765,8.20,13162.55
1762514282.1505005,6.30,13160.69
1762514283.1516256,11.90,13152.45
1762514284.1527297,6.60,13158.65
1762514285.1541107,9.00,13153.25
1762514286.155078,11.80,13189.20
1762514287.1567078,13.30,13175.98
1762514288.1575894,9.40,13168.01
1762514289.1589906,8.40,13175.00
1762514290.1605663,5.60,13175.88
1762514291.1621633,7.20,13175.41
1762514292.1629603,7.80,13176.05
1762514293.164159,6.70,13172.04
1762514294.1657233,8.50,13171.64
1762514295.16632,8.60,13172.17
1762514296.1673832,6.30,13177.24
1762514297.1682708,8.90,13178.14
1762514298.1694837,12.00,13179.68
1762514299.171133,10.10,13180.90
1762514300.171911,8.00,13176.74
1762514301.1735604,10.60,13179.89
1762514302.1744013,14.00,13180.79
1762514303.175182,9.60,13183.12
1762514304.1763039,9.10,13192.49
1762514305.177437,9.50,13190.73
1762514306.1791327,7.20,13200.78
1762514307.1800573,8.50,13194.83
1762514308.1811626,5.80,13194.91
1762514309.18239,4.40,13193.99
1762514310.183935,10.30,13196.96
1762514311.184882,7.50,13192.99
1762514312.1861532,6.10,13197.11
1762514313.1871374,7.30,13194.21
1762514314.1886458,8.70,13191.99
1762514315.189864,6.80,13189.33
1762514316.1919587,14.00,13204.70
1762514317.1941373,11.60,13173.92
1762514318.1952841,8.50,13164.29
1762514319.196022,5.90,13167.39
1762514320.1971848,6.10,13163.87
1762514321.198281,10.50,13173.93
1762514322.1992211,15.90,13164.98
1762514323.2003071,7.10,13168.55
1762514324.2014108,5.90,13169.29
1762514325.2023113,12.50,13169.35
1762514326.2030602,12.90,13178.51
1762514327.2044516,9.60,13177.61
1762514328.2054949,10.20,13185.77
1762514329.2069023,11.40,13182.65
1762514330.2074897,6.60,13183.43
1762514331.2084796,10.10,13184.21
1762514332.209249,6.20,13185.68
1762514333.2101932,8.00,13182.09
1762514334.2111907,7.00,13184.42
1762514335.2123108,5.30,13182.35
1762514336.213228,9.90,13171.06
1762514337.214551,13.20,13182.41
1762514338.2148256,13.40,13181.30
1762514339.216607,7.30,13168.21
1762514340.217862,8.80,13168.75
1762514341.2185333,12.80,13183.27
1762514342.219323,11.90,13183.83
1762514343.2204206,5.60,13197.81
1762514344.2219489,10.50,13213.91
1762514345.2228777,10.00,13227.93
1762514346.22451,12.80,13274.60
1762514347.2252576,9.60,13251.29
1762514348.2267148,14.10,13256.14
1762514349.2284627,7.10,13257.91
1762514350.2336488,6.70,13256.49
1762514351.2343116,8.30,13260.92
1762514352.235717,12.30,13255.65
1762514353.2380836,11.10,13261.21
1762514354.2422705,6.60,13257.64
1762514355.2509055,12.40,13254.84
1762514356.2518823,7.60,13254.71
1762514357.2527556,5.70,13253.82
1762514358.2566361,5.90,13254.23
1762514359.2576485,7.80,13254.19
1762514360.2607262,6.90,13251.91
1762514361.2641091,8.10,13257.66
1762514362.267231,6.80,13261.70
1762514363.270551,12.20,13255.43
1762514364.2710578,8.30,13260.33
1762514365.2724133,9.00,13263.61
1762514366.2732427,7.70,13263.71
1762514367.2739217,13.60,13262.47
1762514368.2745209,10.20,13272.20
1762514369.2763655,11.20,13279.15
1762514370.277919,6.80,13268.24
1762514371.2787766,9.10,13268.18
1762514372.280488,9.70,13269.01
1762514373.282799,6.40,13274.10
1762514374.2894425,5.20,13274.21
1762514375.290285,5.80,13273.72
1762514376.2917912,14.40,13311.77
1762514377.2929027,15.50,13297.36
1762514378.2934377,8.70,13287.88
1762514379.2955928,11.50,13286.60
1762514380.3016455,15.70,13285.73
1762514381.3025632,9.70,13286.05
1762514382.303271,8.60,13296.30
1762514383.3044631,8.10,13291.84
1762514384.3052714,7.40,13298.48
1762514385.3078036,5.20,13280.70
1762514386.3091536,5.40,13280.81
1762514387.309867,12.40,13281.53
1762514388.3108087,4.80,13292.48
1762514389.3115673,6.80,13291.87
1762514390.3123472,4.90,13289.69
1762514391.3130236,8.30,13288.69
1762514392.3142076,8.50,13288.62
1762514393.3151875,6.80,13286.36
1762514394.316433,10.60,13286.25
1762514395.3179648,9.50,13286.20
1762514396.3191829,5.80,13286.49
1762514397.3201735,6.80,13286.57
1762514398.3209991,4.60,13285.20
1762514399.3223636,17.30,13291.80
1762514400.3235087,12.90,13292.46
1762514401.3246534,13.70,13295.64
1762514402.3259375,17.90,13290.47
1762514403.328282,12.10,13285.34
1762514404.3337407,11.50,13283.17
1762514405.3358092,9.20,13283.68
1762514406.3366764,14.90,13325.03
1762514407.3388104,13.90,13299.96
1762514408.3402293,10.50,13325.50
1762514409.3415282,12.50,13325.03
1762514410.342271,8.60,13326.55
1762514411.3429568,9.00,13338.56
1762514412.3449948,18.30,13358.94
1762514413.3462524,13.30,13371.17
1762514414.347186,9.20,13385.69
1762514415.3480332,17.20,13393.19
1762514416.3487906,17.80,13397.86
1762514417.3494213,12.60,13405.83
1762514418.3504198,15.00,13404.57
1762514419.3521383,19.30,13410.62
1762514420.352705,12.90,13414.02
1762514421.35341,8.60,13410.61
1762514422.354151,12.00,13408.14
1762514423.354853,13.20,13410.55
1762514424.3557348,11.00,13427.76
1762514425.3570492,7.30,13427.42
1762514426.3577864,12.90,13447.72
1762514427.3604746,26.90,13463.00
1762514428.3612201,17.00,13504.01
1762514429.362209,14.10,13522.65
1762514430.3632076,7.60,13510.91
1762514431.364286,9.20,13517.34
1762514432.3657498,17.50,13505.08
1762514433.3661132,9.80,13507.69
1762514434.3673298,10.20,13508.69
1762514435.3681192,6.50,13507.84
1762514436.3689635,15.90,13527.49
1762514437.369872,18.00,13532.93
1762514438.3705473,10.90,13501.61
1762514439.371306,12.10,13490.38
1762514440.3719697,6.70,13506.09
1762514441.3730986,5.00,13503.02
1762514442.3736324,11.80,13505.94
1762514443.3752096,10.40,13493.95
1762514444.3764322,9.60,13490.29
1762514445.3772726,11.80,13502.63
1762514446.3782759,11.60,13500.76
1762514447.378972,23.10,13413.02
1762514448.3799527,22.80,13293.34
1762514449.3808494,16.90,13298.56
1762514450.3815694,6.80,13302.61
1762514451.3823435,10.70,13302.64
1762514452.3833647,14.70,13302.00
1762514453.3841453,11.50,13300.62
1762514454.3850687,7.80,13299.04
1762514455.3858643,18.00,13306.04
1762514456.3870192,10.50,13291.60
1762514457.3883688,9.90,13285.79
1762514458.3895075,7.80,13285.14
1762514459.3905823,9.80,13284.33
1762514460.393422,16.90,13301.77
1762514461.3953996,18.80,13304.69
1762514462.3962467,12.50,13307.64
1762514463.397178,18.40,13346.43
1762514464.3978684,17.60,13334.99
1762514465.3984878,10.30,13337.00
1762514466.3992805,30.70,13363.35
1762514467.400182,25.50,13347.48
1762514468.4017127,12.30,13348.22
1762514469.4025805,10.60,13340.74
1762514470.4036949,17.70,13341.28
1762514471.4043803,10.60,13341.45
1762514472.4051707,10.20,13346.04
1762514473.4065163,16.40,13373.06
1762514474.4077375,30.20,13477.11
1762514475.4084797,27.60,13521.79
1762514476.4091027,26.50,13533.21
1762514477.4097059,30.40,13566.88
1762514478.4105852,24.40,13534.13
1762514479.411521,30.70,13571.90
1762514480.4123244,32.90,13535.12
1762514481.414034,27.40,13640.52
1762514482.4150755,44.20,13813.03
1762514483.4173005,38.60,13729.41
1762514484.4183583,31.80,13762.85
1762514485.421589,15.30,13661.65
1762514486.4228,8.30,13594.02
1762514487.4236329,5.90,13579.27
1762514488.426204,6.30,13585.00
1762514489.4277308,12.20,13580.00
1762514490.428603,13.70,13575.16
1762514491.4295285,12.50,13563.78
1762514492.4304082,15.90,13544.39
1762514493.430916,9.00,13540.80
1762514494.4319367,8.40,13563.41
1762514495.4324946,11.10,13547.23
1762514496.4334364,11.50,13554.41
1762514497.434307,28.40,13592.58
1762514498.4349773,15.50,13559.98
1762514499.435867,15.70,13565.43
1762514500.4365132,21.20,13550.74
1762514501.437553,16.20,13554.10
1762514502.4388251,14.50,13554.03
1762514503.439565,22.50,13572.26
1762514504.4403143,13.00,13572.16
1762514505.442135,6.70,13564.30
1762514506.4424775,10.80,13576.96
1762514507.4430733,12.50,13579.86
1762514508.444168,20.60,13572.80
1762514509.4450583,17.10,13604.69
1762514510.446752,19.10,13602.60
1762514511.447488,10.80,13598.16
1762514512.4482124,15.90,13598.88
1762514513.4491968,12.30,13602.50
1762514514.4498787,15.90,13593.83
1762514515.451123,17.60,13595.81
1762514516.4522703,16.90,13605.97
1762514517.4530063,23.40,13623.21
1762514518.4553907,16.20,13621.73
1762514519.456474,12.80,13625.38
1762514520.45757,11.40,13625.44
1762514521.4580297,8.00,13628.90
1762514522.4588234,7.60,13623.17
1762514523.4595687,11.90,13607.44
1762514524.460292,18.20,13614.39
1762514525.4608524,15.50,13616.16
1762514526.4617183,20.10,13653.34
1762514527.4626346,16.90,13612.61
1762514528.463613,12.40,13608.37
1762514529.464584,15.00,13614.42
1762514530.465505,16.50,13628.25
1762514531.466296,13.00,13618.02
1762514532.4671066,16.40,13628.62
1762514533.4689403,14.90,13637.68
1762514534.470107,18.50,13646.47
1762514535.471041,20.40,13647.98
1762514536.471847,19.50,13653.73
1762514537.4727442,24.60,13647.66
1762514538.473547,16.90,13651.89
1762514539.4748209,18.00,13652.37
1762514540.4759052,17.00,13649.74
1762514541.4768462,14.40,13654.10
1762514542.477807,11.50,13663.94
1762514543.4787967,17.30,13652.20
1762514544.4793308,11.00,13663.18
1762514545.4805508,11.80,13658.23
1762514546.481024,14.40,13649.32
1762514547.4823296,14.20,13646.52
1762514548.4832401,10.10,13635.32
1762514549.4838471,16.20,13649.67
1762514550.4848547,16.00,13649.89
1762514551.486092,12.70,13644.94
1762514552.4863703,15.30,13638.65
1762514553.4871278,10.80,13632.46
1762514554.4879735,9.30,13632.29
1762514555.488571,22.70,13679.21
1762514556.4891465,25.70,13701.72
1762514557.4898322,18.80,13662.73
1762514558.490878,16.80,13662.47
1762514559.4922786,13.80,13655.95
1762514560.493817,8.70,13648.71
1762514561.4952269,16.10,13645.71
1762514562.4962292,28.00,13642.10
1762514563.49771,15.90,13656.51
1762514564.498352,14.40,13654.79
1762514565.4993527,15.70,13667.13
1762514566.5003443,21.20,13678.35
1762514567.5009644,16.60,13672.96
1762514568.502172,20.90,13674.86
1762514569.502776,18.40,13700.59
1762514570.504205,8.10,13704.06
1762514571.5055401,7.90,13693.82
1762514572.5063474,10.90,13689.21
1762514573.5071616,9.70,13693.55
1762514574.5077653,11.50,13692.12
1762514575.5086803,16.20,13615.96
1762514576.5102472,9.40,13611.62
1762514577.5105293,13.10,13614.32
1762514578.511592,16.10,13625.85
1762514579.5127375,21.20,13625.54
1762514580.5137324,16.70,13628.27
1762514581.5145466,20.30,13630.30
1762514582.5155299,13.20,13632.86
1762514583.516173,10.70,13620.74
1762514584.5170197,9.10,13615.12
1762514585.5183816,7.60,13614.75
1762514586.519386,11.60,13632.42
1762514587.520383,13.00,13658.20
1762514588.5211804,9.30,13606.74
1762514589.5219932,10.00,13615.82
1762514590.5233312,44.40,13728.54
1762514591.5247016,19.10,13736.95
1762514592.5268295,14.40,13753.30
1762514593.5278804,17.20,13800.82
1762514594.5288675,12.10,13800.29
1762514595.5300858,9.60,13793.88
1762514596.5307124,11.70,13791.87
1762514597.5317628,15.80,13792.95
1762514598.532331,7.50,13802.35
1762514599.5339406,9.00,13794.06
1762514600.5350046,16.30,13770.36
1762514601.5362058,13.30,13770.18
1762514602.5368774,11.30,13783.84
1762514603.5380821,19.40,13767.44
1762514604.538938,23.20,13761.44
1762514605.540303,15.10,13770.42
1762514606.5437863,11.20,13777.40
1762514607.54449,14.80,13764.18
1762514608.545143,6.80,13768.41
1762514609.5460815,5.50,13764.87
1762514610.5466957,8.70,13767.75
1762514611.5477166,12.40,13769.43
1762514612.5488217,8.40,13766.20
1762514613.5496552,5.50,13757.25
1762514614.5505462,8.50,13754.62
1762514615.551283,8.70,13752.91
1762514616.5529144,18.80,13772.21
1762514617.5539794,22.40,13812.66
1762514618.5547326,19.90,13759.87
1762514619.5554676,16.60,13770.06
1762514620.5561948,13.50,13771.79
1762514621.5571852,7.50,13772.07
1762514622.5581045,6.70,13768.41
1762514623.5589473,5.20,13764.17
1762514624.5604706,10.70,13759.67
1762514625.5608451,8.50,13758.28
1762514626.5615964,10.60,13769.09
1762514627.5626698,12.40,13766.43
1762514628.5635798,12.40,13758.53
1762514629.5648642,12.90,13769.00
1762514630.5655177,7.50,13768.16
1762514631.5662959,8.00,13766.14
1762514632.5694487,20.20,13768.28
1762514633.570518,17.70,13769.73
1762514634.5714772,13.60,13759.73
1762514635.5720356,13.90,13755.84
1762514636.572945,12.10,13767.60
1762514637.5741248,5.70,13765.43
1762514638.5751896,9.10,13764.03
1762514639.5763183,6.90,13765.39
1762514640.5772169,5.90,13771.83
1762514641.578107,4.80,13768.23
1762514642.5796719,9.20,13768.06
1762514643.5801783,8.60,13760.04
1762514644.5809581,8.10,13758.41
1762514645.5815222,6.60,13755.68
1762514646.582496,15.60,13798.55
1762514647.5833201,12.60,13733.81
1762514648.585114,7.30,13728.95
1762514649.5876324,4.50,13722.93
1762514650.5890493,8.40,13721.14
1762514651.5898523,8.50,13700.84
1762514652.5907896,7.90,13696.90
1762514653.5916915,8.30,13694.72
1762514654.5926063,8.60,13693.09
1762514655.5933645,9.90,13709.29
1762514656.5940876,8.80,13716.51
1762514657.5951347,8.30,13718.57
1762514658.596056,9.80,13723.98
1762514659.5969641,8.80,13722.02
1762514660.5980785,12.30,13717.57
1762514661.599142,6.00,13713.27
1762514662.599906,13.40,13717.22
1762514663.6006706,6.70,13715.81
1762514664.6017954,11.70,13709.31
1762514665.6036694,7.20,13708.86
1762514666.6047902,14.70,13698.65
1762514667.6056705,16.00,13713.44
1762514668.6067896,11.60,13711.61
1762514669.6075234,14.10,13765.05
1762514670.6084747,24.00,13764.58
1762514671.6094637,17.70,13741.61
1762514672.6106102,16.10,13733.32
1762514673.6116467,16.20,13740.75
1762514674.6125412,15.50,13751.60
1762514675.613798,12.00,13743.23
1762514676.6144917,19.60,13781.66
1762514677.6150596,19.80,13794.92
1762514678.6165655,10.80,13758.14
1762514679.6169386,8.20,13752.31
1762514680.617735,17.10,13750.71
1762514681.61853,11.70,13761.13
1762514682.6194537,16.90,13758.70
1762514683.6202319,16.30,13755.52
1762514684.6209426,14.20,13759.46
1762514685.6216855,12.90,13755.95
1762514686.622477,18.60,13758.51
1762514687.6232734,22.20,13754.40
1762514688.6243663,17.10,13748.05
1762514689.6254787,10.90,13753.22
1762514690.62643,10.10,13759.60
1762514691.6274307,9.30,13746.27
1762514692.6292214,8.50,13744.23
1762514693.629995,5.20,13744.88
1762514694.6306763,5.20,13742.82
1762514695.6317499,7.40,13742.24
1762514696.6326869,7.00,13743.48
1762514697.6333022,13.80,13739.69
1762514698.6358075,17.70,13714.36
1762514699.6370485,11.50,13712.73
1762514700.6379957,13.50,13730.74
1762514701.638897,13.00,13732.82
1762514702.6415427,19.00,13730.04
1762514703.6428905,13.50,13729.21
1762514704.6439312,6.50,13730.18
1762514705.645244,5.60,13731.00
1762514706.6459458,12.60,13779.62
1762514707.646991,12.10,13742.10
1762514708.6477368,7.80,13745.72
1762514709.6482701,6.30,13743.76
1762514710.6489894,8.90,13742.10
1762514711.6496408,10.30,13738.15
1762514712.6511183,7.90,13729.36
1762514713.6520815,7.90,13728.33
1762514714.6541636,5.50,13726.36
1762514715.6548362,6.00,13725.67
1762514716.6556535,5.70,13724.09
1762514717.6562378,14.40,13721.70
1762514718.6570623,6.00,13720.79
1762514719.658199,6.30,13720.40
1762514720.6596138,5.80,13711.74
1762514721.6601562,9.40,13724.84
1762514722.66092,7.20,13722.03
1762514723.6628768,9.80,13730.72
1762514724.6637678,15.40,13707.36
1762514725.664581,12.10,13714.07
1762514726.6655548,6.90,13707.52
1762514727.6662023,9.70,13713.98
1762514728.666964,6.10,13705.75
1762514729.6677554,6.50,13704.08
1762514730.668724,10.80,13704.20
1762514731.6700726,5.30,13704.48
1762514732.672788,10.80,13703.54
1762514733.675395,9.40,13717.89
1762514734.676039,12.10,13712.82
1762514735.6769936,9.50,13717.43
1762514736.6777973,17.20,13759.30
1762514737.6789258,23.70,13743.11
1762514738.679898,12.10,13743.84
1762514739.6807802,6.50,13741.85
1762514740.681967,15.30,13737.50
1762514741.682522,8.70,13736.64
1762514742.6838624,6.80,13736.36
1762514743.684717,16.60,13738.96
1762514744.6856756,19.40,13737.95
1762514745.6861854,7.40,13737.48
1762514746.6868103,12.20,13735.11
1762514747.6878123,15.90,13629.02
1762514748.6886973,10.80,13628.93
1762514749.6902487,10.80,13629.32
1762514750.6909823,8.50,13625.51
1762514751.692147,10.70,13624.82
1762514752.692662,9.40,13636.82
1762514753.6932654,10.40,13636.61
1762514754.6942077,8.30,13635.48
1762514755.6952503,6.70,13635.60
1762514756.6963224,6.80,13635.30
1762514757.6975846,5.10,13633.94
1762514758.6978834,8.50,13634.37
1762514759.6986413,8.90,13632.29
1762514760.7003777,10.80,13659.67
1762514761.7013822,4.60,13663.77
1762514762.7026699,11.20,13704.86
1762514763.7045097,11.20,13721.86
1762514764.7049487,7.70,13717.38
1762514765.706239,8.30,13720.07
1762514766.7069764,20.40,13763.45
1762514767.707716,12.40,13716.30
1762514768.7091231,8.60,13712.91
1762514769.7107725,5.90,13711.58
1762514770.7122648,11.10,13709.96
1762514771.7130852,11.40,13706.00
1762514772.7140841,11.80,13705.61
1762514773.7152882,4.90,13704.16
1762514774.715918,6.20,13707.27
1762514775.7167134,8.60,13706.93
1762514776.7177224,9.30,13705.36
1762514777.718914,10.60,13706.09
1762514778.7195666,11.20,13705.36
1762514779.720786,10.30,13707.80
1762514780.7216256,8.80,13707.45
1762514781.7225633,8.50,13707.82
1762514782.723604,8.60,13713.02
1762514783.7243996,7.50,13715.14
1762514784.7253547,9.10,13713.92
1762514785.7269301,7.70,13714.37
1762514786.7286453,11.10,13724.07
1762514787.7294083,13.00,13728.89
1762514788.7300506,10.40,13749.01
1762514789.7312126,22.20,13837.43
1762514790.7322006,16.20,13856.62
1762514791.7332659,12.00,13849.99
1762514792.734546,14.90,13849.05
1762514793.7358322,20.20,13865.10
1762514794.7368007,16.40,13873.50
1762514795.7375953,12.90,13879.88
1762514796.7389736,22.30,14168.11
1762514797.7406883,23.20,14119.36
1762514798.7417524,21.30,14057.39
1762514799.7431214,10.70,14053.89
1762514800.7435358,25.90,14083.73
1762514801.7445993,18.80,14071.20
1762514802.7579412,19.90,14064.02
1762514803.7604105,21.40,14087.97
1762514804.761178,13.70,14086.81
1762514805.763117,11.50,14172.27
1762514806.7640483,12.00,14161.18
1762514807.7650785,11.30,14144.89
1762514808.7663121,10.10,14157.41
1762514809.7673612,11.60,14116.94
1762514810.7693126,11.70,14113.74
1762514811.7715294,15.30,13896.68
1762514812.772668,20.30,13822.11
1762514813.773941,8.80,13814.75
1762514814.7754006,8.10,13814.26
1762514815.7781436,26.40,14009.14
1762514816.7802389,14.60,13887.72
1762514817.7842739,16.80,13871.73
1762514818.786981,7.40,13872.77
1762514819.7889102,12.20,13858.78
1762514820.790577,15.40,13804.45
1762514821.7916267,15.70,13826.08
1762514822.7926097,11.60,13825.11
1762514823.793397,10.40,13808.62
1762514824.794446,8.90,13746.59
1762514825.7954445,12.00,13743.32
1762514826.7961035,10.50,13764.92
1762514827.797467,11.60,13747.73
1762514828.7980938,5.70,13747.14
1762514829.7990332,10.50,13739.28
1762514830.799839,9.20,13760.61
1762514831.800566,9.00,13760.61
1762514832.801798,18.30,13752.48
1762514833.8024719,9.40,13754.41
1762514834.8033977,7.70,13757.38
1762514835.8042035,8.30,13752.24
1762514836.8049915,13.30,13756.33
1762514837.8064241,7.40,13764.71
1762514838.8078883,7.70,13764.29
1762514839.8086476,10.70,13767.50
1762514840.8097086,5.70,13766.92
1762514841.810619,8.10,13764.85
1762514842.8124864,11.40,13765.02
1762514843.8130026,8.30,13777.76
1762514844.8136363,8.20,13773.26
1762514845.814586,9.80,13768.70
1762514846.815423,8.40,13763.30
1762514847.816765,9.10,13773.42
1762514848.817981,8.30,13684.91
1762514849.8190405,8.50,13684.25
1762514850.8199968,11.30,13711.82
1762514851.8209417,9.10,13705.38
1762514852.8219767,10.40,13709.95
1762514853.8228238,6.30,13710.46
1762514854.824665,7.40,13710.77
1762514855.825582,8.90,13713.89
1762514856.835449,13.60,13767.97
1762514857.83633,15.20,13722.05
1762514858.8373547,9.70,13714.61
1762514859.8380442,9.40,13714.10
1762514860.8395479,9.20,13730.90
1762514861.8404078,8.40,13739.49
1762514862.8412945,14.20,13738.34
1762514863.842595,9.20,13755.16
1762514864.8441057,11.30,13758.96
1762514865.844961,9.90,13777.59
1762514866.8461986,9.20,13779.96
1762514867.852679,9.50,13772.59
1762514868.8550487,15.20,13783.80
1762514869.85585,9.70,13780.78
1762514870.8567038,19.30,13763.20
1762514871.8586164,8.60,13753.38
1762514872.8614905,7.90,13759.63
1762514873.8628068,11.00,13759.73
1762514874.8645184,6.20,13756.70
1762514875.8660405,8.50,13787.06
1762514876.866738,13.40,13818.00
1762514877.8682432,9.90,13830.36
1762514878.869123,6.40,13819.68
1762514879.8703554,10.80,13815.43
1762514880.8711667,10.30,13821.50
1762514881.8726017,19.50,13814.90
1762514882.873098,20.50,13814.40
1762514883.8738236,7.70,13812.41
1762514884.8749998,8.20,13811.79
1762514885.8755894,8.50,13814.20
1762514886.8766067,18.70,13840.52
1762514887.8781614,13.50,13820.49
1762514888.8788493,8.50,13815.16
1762514889.8832445,5.00,13802.80
1762514890.8840213,8.80,13800.55
1762514891.885414,13.10,13795.44
1762514892.887282,8.20,13797.14
1762514893.8885572,11.10,13821.23
1762514894.8893611,5.20,13813.93
1762514895.8905723,14.40,13844.52
1762514896.891857,16.00,13885.52
1762514897.8936708,6.60,13878.13
1762514898.894718,13.20,13916.07
1762514899.8962135,14.50,13913.02
1762514900.8974504,10.50,13905.84
1762514901.8988616,9.40,13905.57
1762514902.9039366,10.70,13904.64
1762514903.9046524,9.90,13916.04
1762514904.9083533,19.70,13914.84
1762514905.9100688,10.40,13913.79
1762514906.9111342,8.70,13908.88
1762514907.91213,7.50,13905.53
1762514908.9136653,10.30,13903.77
1762514909.9143395,8.00,13902.14
1762514910.914933,10.20,13938.54
1762514911.918439,12.40,13951.19
1762514912.9208457,14.90,14017.38
1762514913.9217584,13.90,13970.29
1762514914.9229531,10.40,13968.64
1762514915.923692,10.30,13968.10
1762514916.9242404,20.60,14013.44
1762514917.9251153,22.60,14037.35
1762514918.926779,17.10,14008.09
1762514919.9279988,14.50,13996.41
1762514920.9286387,16.90,13988.40
1762514921.9294717,14.70,13994.11
1762514922.9314735,9.60,13991.91
1762514923.9328368,25.50,14055.55
1762514924.934114,19.60,13988.52
1762514925.9352462,15.10,13972.73
1762514926.93578,27.40,13981.84
1762514927.9363809,12.70,13917.74
1762514928.9370146,18.40,13918.65
1762514929.9380434,23.60,13917.01
1762514930.9396956,30.20,13907.66
1762514931.9400017,25.90,13882.33
1762514932.9408998,13.10,13878.89
1762514933.9427514,17.50,13882.11
1762514934.9431524,7.10,13884.18
1762514935.9441192,8.40,13883.33
1762514936.9447048,16.30,13892.96
1762514937.945454,16.10,13896.42
1762514938.9464293,7.90,13905.08
1762514939.9470313,19.10,13886.78
1762514940.9479702,12.80,13852.70
1762514941.9487133,18.60,13848.70
1762514942.949379,27.20,13864.32
1762514943.9502895,24.70,13851.86
1762514944.9514544,12.70,13837.31
1762514945.952427,10.10,13824.81
1762514946.9529629,17.00,13858.60
1762514947.9537385,21.40,13841.29
1762514948.9546618,12.70,13829.10
1762514949.9553266,13.50,13855.00
1762514950.956264,11.10,13852.68
1762514951.9570343,21.80,13852.94
1762514952.9576945,12.70,13835.40
1762514953.959109,15.00,13837.50
1762514954.960263,16.60,13826.38
1762514955.9609888,10.80,13828.98
1762514956.9619653,24.00,13842.51
1762514957.9635556,20.70,13825.79
1762514958.9642677,13.00,13834.69
1762514959.9652803,15.50,13844.82
1762514960.966055,20.00,13834.57
1762514961.967171,22.10,13841.30
1762514962.9685316,15.00,13842.40
1762514963.9694808,8.60,13831.82
1762514964.970384,26.70,13839.75
1762514965.9714997,13.90,13857.71
1762514966.9723039,11.90,13850.88
1762514967.973227,15.30,13857.73
1762514968.9737272,20.60,13850.24
1762514969.9748807,18.00,13843.11
1762514970.9758236,13.20,13884.59
1762514971.9763715,21.80,13900.72
1762514972.977113,17.90,13884.34
1762514973.9781709,13.30,13890.16
1762514974.9789894,19.00,13892.59
1762514975.9801462,11.60,13891.59
1762514976.9811947,20.80,13945.08
1762514977.982901,25.80,13888.31
1762514978.9839883,9.10,13867.95
1762514979.9849014,11.40,13877.71
1762514980.9860528,10.30,13869.18
1762514981.9870045,21.90,13883.88
1762514982.9879086,13.70,13874.77
1762514983.9889731,20.10,13889.74
1762514984.990226,15.60,13880.93
1762514985.9908428,17.10,13870.82
1762514986.99202,12.40,13888.30
1762514987.9935467,12.00,13869.86
1762514988.9945407,17.10,13880.34
1762514989.995942,16.60,13877.51
1762514990.9968324,14.10,13873.41
1762514991.9981024,20.20,13877.10
1762514992.9989522,16.60,13873.70
1762514994.0003915,17.80,13887.70
1762514995.0008132,13.70,13880.07
1762514996.002045,11.80,13879.30
1762514997.0025716,11.70,13884.42
1762514998.0040493,9.70,13879.28
1762514999.0043254,10.00,13885.71
1762515000.0056179,9.80,13878.77
1762515001.0068514,8.90,13829.94
1762515002.0074856,15.40,13853.66
1762515003.0087867,14.20,13864.03
1762515004.009529,20.60,13873.97
1762515005.0101247,9.60,13860.99
1762515006.012738,18.40,13918.55
1762515007.0131717,24.20,13982.54
1762515008.014083,28.10,14000.06
1762515009.0209558,13.20,13988.75
1762515010.0226493,17.80,14003.44
1762515011.0232878,11.40,13998.27
1762515012.0241928,10.50,13997.94
1762515013.0254612,5.90,13995.75
1762515014.0261068,6.10,13995.98
1762515015.0270736,11.80,13991.49
1762515016.027678,6.70,13990.20
1762515017.028946,12.30,13959.43
1762515018.0342348,7.70,13952.26
1762515019.039309,5.00,13944.34
1762515020.040728,10.40,13943.54
1762515021.041722,14.20,13931.34
1762515022.0424254,14.50,13970.84
1762515023.0429628,11.10,13970.01
1762515024.044413,12.70,13981.42
1762515025.0447001,9.10,13980.72
1762515026.0459385,9.00,13982.33
1762515027.0467887,6.70,13978.23
1762515028.04776,8.90,13976.96
1762515029.0486948,9.00,13984.29
1762515030.0496743,9.00,13977.24
1762515031.0505354,7.70,13998.91
1762515032.0518966,14.90,14028.07
1762515033.056053,16.70,14026.64
1762515034.0566437,8.30,14024.10
1762515035.0581474,7.30,14022.53
1762515036.0599,9.90,14022.21
1762515037.0605452,14.60,14061.19
1762515038.061595,13.40,14010.07
1762515039.0627255,14.10,13981.42
1762515040.0633354,8.00,13981.59
1762515041.0649905,13.30,14003.16
1762515042.065938,8.90,14002.34
1762515043.0674455,6.50,14000.89
1762515044.0686584,7.30,14011.31
1762515045.0704145,12.10,13989.16
1762515046.0714922,11.10,14003.21
1762515047.0727947,10.20,14005.58
1762515048.0766568,13.30,13999.50
1762515049.0776305,10.00,13930.07
1762515050.0788682,22.70,13793.76
1762515051.079779,10.70,13750.74
1762515052.0806067,14.20,13775.70
1762515053.0814154,6.40,13765.79
1762515054.0824916,7.20,13761.55
1762515055.0833986,11.30,13770.08
1762515056.0842917,7.40,13758.44
1762515057.0857396,7.30,13759.30
1762515058.0866876,9.20,13758.60
1762515059.0876205,12.00,13751.55
1762515060.0906863,12.60,13752.78
1762515061.096032,15.60,13752.27
1762515062.097793,17.70,13756.73
1762515063.0989664,13.70,13754.02
1762515064.1003878,22.50,13832.70
1762515065.102602,19.90,13887.91
1762515066.1031132,17.00,13884.74
1762515067.1041014,18.20,13943.35
1762515068.107786,9.70,13898.18
1762515069.1089437,8.00,13890.24
1762515070.109979,8.10,13887.68
1762515071.110613,8.10,13885.14
1762515072.111642,12.50,13888.83
1762515073.1123276,9.80,13879.21
1762515074.1130416,14.90,13889.56
1762515075.1139781,14.30,13890.38
1762515076.115065,11.80,13877.90
1762515077.1165454,9.70,13883.73
1762515078.117499,8.60,13881.37
1762515079.1185236,11.00,13903.69
1762515080.1200142,11.40,13943.93
1762515081.1212988,17.10,14031.12
1762515082.1226218,15.90,14027.00
1762515083.1241086,20.80,14076.12
1762515084.12723,11.20,14075.84
1762515085.1287372,17.90,14078.21
1762515086.1303496,18.10,14090.07
1762515087.1313708,19.30,14083.57
1762515088.1325462,17.40,14088.80
1762515089.1338568,15.20,14087.76
1762515090.1346931,14.10,14084.69
1762515091.1356595,15.50,14080.17
1762515092.1368735,13.50,14100.16
1762515093.1385124,10.30,14040.34
1762515094.1388757,15.10,14003.36
1762515095.1400135,15.90,14006.17
1762515096.1413996,11.20,14006.34
1762515097.1426423,19.80,14028.09
1762515098.144231,26.40,14006.50
1762515099.146499,14.40,14008.68
1762515100.1477196,13.30,14000.60
1762515101.1483982,16.80,14024.38
1762515102.1493018,8.90,14023.73
1762515103.150121,7.90,14020.05
1762515104.1518652,8.20,14016.38
1762515105.1540344,9.70,14014.41
1762515106.1557252,22.50,14066.68
1762515107.156742,10.60,14051.73
1762515108.1575272,7.20,14050.73
1762515109.1586328,12.00,14007.11
1762515110.1708753,17.40,14020.17
1762515111.172239,14.50,14031.66
1762515112.1731684,9.20,14011.58
1762515113.1745985,9.00,14003.89
1762515114.1756852,8.40,14002.81
1762515115.1763964,11.60,14002.80
1762515116.1771266,6.20,14002.44
1762515117.1783552,10.30,14001.41
1762515118.1791263,8.50,14000.88
1762515119.1800187,7.50,14001.98
1762515120.1808693,9.10,14004.24
1762515121.1860728,13.60,13991.13
1762515122.1873453,12.70,13981.92
1762515123.190278,14.20,13980.22
1762515124.1916296,9.10,13961.08
1762515125.1925988,5.10,13958.53
1762515126.193892,12.80,13988.86
1762515127.1955433,17.00,14021.87
1762515128.1966753,14.10,14025.25
1762515129.1978838,24.60,13983.47
1762515130.198847,21.40,13989.92
1762515131.2018137,14.00,13997.55
1762515132.2040195,16.20,14026.76
1762515133.2109811,12.80,14029.93
1762515134.2115636,12.80,14030.85
1762515135.2128282,11.50,14030.41
1762515136.2143755,21.30,14027.25
1762515137.2163053,8.10,14028.82
1762515138.2182162,7.90,14029.28
1762515139.2186584,9.30,14036.71
1762515140.2246757,16.60,14032.71
1762515141.2253714,5.40,14037.39
1762515142.2259448,7.30,14032.90
1762515143.2267876,6.50,14030.33
1762515144.2279327,10.00,14040.46
1762515145.2298415,9.30,14044.30
1762515146.2308078,7.30,14040.40
1762515147.2315361,13.40,14059.75
1762515148.2338939,13.10,14079.42
1762515149.2364755,9.00,14062.38
1762515150.2383034,8.80,14049.00
1762515151.2398098,9.80,14047.27
1762515152.2405615,14.50,14068.23
1762515153.2417448,6.80,14070.30
1762515154.2426572,8.20,14065.61
1762515155.2433064,8.20,14066.61
1762515156.2448423,12.60,14075.63
1762515157.2462916,14.40,14095.14
1762515158.2467515,13.70,14114.32
1762515159.247789,15.50,14059.84
1762515160.2540336,9.10,14023.52
1762515161.25514,15.10,14022.61
1762515162.2563765,10.10,14020.80
1762515163.258519,6.30,14017.51
1762515164.2605717,8.50,14020.97
1762515165.2618165,4.90,14021.02
1762515166.2628157,10.90,14020.94
1762515167.2670963,8.10,14022.23
1762515168.269787,5.80,14032.70
1762515169.2727084,7.10,14033.42
1762515170.27355,10.00,14032.30
1762515171.275186,9.70,13979.66
1762515172.2766614,9.00,13975.34
1762515173.278351,12.20,13973.88
1762515174.280021,9.70,13978.36
1762515175.2805126,9.70,13967.13
1762515176.2885294,11.80,13967.98
1762515177.2914057,11.90,13972.85
1762515178.2925973,5.40,13964.52
1762515179.2936878,4.10,13964.97
1762515180.2962162,8.10,13968.21
1762515181.2973452,4.50,13982.85
1762515182.298715,9.70,13955.89
1762515183.300384,9.00,13953.77
1762515184.3017108,4.00,13960.70
1762515185.3030887,9.30,13956.01
1762515186.3052394,10.10,13964.81
1762515187.3070889,16.90,13953.31
1762515188.3081741,7.70,13957.87
1762515189.3091004,10.80,13952.18
1762515190.310938,7.80,13957.96
1762515191.3126338,5.20,13952.68
1762515192.3138719,5.60,13945.44
1762515193.3148897,10.50,13944.46
1762515194.3165557,20.20,13931.46
1762515195.317906,26.00,13923.75
1762515196.3201013,9.80,13922.17
1762515197.3215742,11.60,13926.11
1762515198.322176,10.20,13930.14
1762515199.3242095,23.70,13930.96
1762515200.3251867,10.80,13929.08
1762515201.3262055,7.30,13927.72
1762515202.3274434,13.70,13925.96
1762515203.3288965,14.10,13997.32
1762515204.3305495,16.70,14012.05
1762515205.3311245,34.80,14139.65
1762515206.3323314,11.80,14148.33
1762515207.3330252,18.50,14167.09
1762515208.3337636,15.40,14184.21
1762515209.3352802,18.90,14264.27
1762515210.336005,17.10,14053.78
1762515211.3377833,19.00,13505.70
1762515212.338864,7.30,13495.97
1762515213.3404794,16.30,13566.20
1762515214.3413923,13.20,13559.82
1762515215.342392,8.40,13553.72
1762515216.342845,8.80,13562.86
1762515217.3439913,16.80,13587.04
1762515218.345597,20.80,13566.68
1762515219.3510413,9.30,13562.38
1762515220.3519928,12.50,13562.13
1762515221.3526208,9.00,13561.93
1762515222.3538518,5.60,13560.02
1762515223.3570604,4.30,13548.86
1762515224.3578854,4.40,13546.00
1762515225.3588688,9.70,13533.12
1762515226.3595505,8.40,13520.13
1762515227.3603103,8.60,13532.28
1762515228.3610582,7.60,13531.43
1762515229.361805,7.20,13530.99
1762515230.3628438,14.70,13532.96
1762515231.36378,9.20,13535.25
1762515232.3643925,8.60,13531.51
1762515233.3651648,9.00,13535.07
1762515234.3657658,4.30,13513.92
1762515235.3669062,9.10,13495.26
1762515236.3677683,9.60,13489.89
1762515237.3689287,6.00,13478.66
1762515238.3698509,6.40,13476.25
1762515239.3709955,9.90,13420.80
1762515240.371861,13.30,13434.89
1762515241.3728316,9.10,13434.39
1762515242.3738062,7.40,13416.08
1762515243.3745553,9.40,13405.70
1762515244.3758297,10.90,13398.34
1762515245.3766842,7.90,13396.68
1762515246.3774543,9.00,13411.30
1762515247.3793836,12.00,13402.63
1762515248.3805118,8.40,13340.46
1762515249.3814638,4.90,13341.25
1762515250.3850193,4.60,13340.81
1762515251.3887122,5.00,13341.55
1762515252.3897812,10.80,13341.23
1762515253.3904407,7.70,13341.92
1762515254.3912427,6.30,13341.46
1762515255.3924592,6.40,13342.00
1762515256.393195,5.80,13339.95
1762515257.394354,5.90,13342.17
1762515258.3969822,5.80,13342.49
1762515259.3981051,4.90,13343.66
1762515260.4000132,10.20,13340.92
1762515261.4033315,16.00,13356.18
1762515262.4079337,10.30,13356.71
1762515263.4092739,12.80,13345.03
1762515264.410501,17.60,13350.60
1762515265.411836,20.60,13315.66
1762515266.4125626,8.00,13312.05
1762515267.413307,8.10,13311.20
1762515268.4175978,7.30,13319.38
1762515269.4180753,6.50,13317.47
1762515270.418842,11.20,13309.13
1762515271.4194903,8.90,13307.25
1762515272.4207714,8.40,13319.07
1762515273.421781,5.10,13317.29
1762515274.4225135,12.00,13316.82
1762515275.4236856,6.70,13317.95
1762515276.4252632,10.60,13339.80
1762515277.4266348,20.50,13368.43
1762515278.4275002,7.70,13347.03
1762515279.4282243,8.30,13341.22
1762515280.4288647,14.20,13364.22
1762515281.4299135,10.60,13394.89
1762515282.4304516,9.20,13400.58
1762515283.4314716,5.70,13400.00
1762515284.4321845,8.80,13399.46
1762515285.434736,9.60,13400.21
1762515286.435731,7.50,13406.12
1762515287.4370122,4.70,13405.52
1762515288.4377334,7.40,13405.54
1762515289.4382746,6.30,13406.09
1762515290.439081,6.30,13405.30
1762515291.4470904,9.20,13404.46
1762515292.4532337,6.50,13403.38
1762515293.4546936,11.50,13409.93
1762515294.4563344,14.00,13407.45
1762515295.4573078,10.20,13384.02
1762515296.4585035,8.20,13385.38
1762515297.4601855,8.40,13384.04
1762515298.4626083,5.00,13372.70
1762515299.4640312,8.50,13376.04
1762515300.4648454,9.70,13376.17
1762515301.4657476,4.50,13375.34
1762515302.46727,7.20,13370.93
1762515303.4681163,4.30,13369.38
1762515304.4689848,8.90,13368.02
1762515305.4704018,8.10,13368.14
1762515306.4710486,8.80,13377.41
1762515307.4721334,23.10,13405.64
1762515308.4733665,12.10,13377.46
1762515309.4744203,7.40,13386.62
1762515310.4750462,6.30,13377.03
1762515311.4760206,7.80,13376.30
1762515312.4769244,7.80,13386.98
1762515313.4774961,4.20,13382.93
1762515314.47801,3.90,13385.41
1762515315.478734,10.00,13383.00
1762515316.4799757,4.60,13381.40
1762515317.4808385,7.20,13380.62
1762515318.4815638,9.90,13380.70
1762515319.4829888,9.80,13380.42
1762515320.4839723,6.40,13380.65
1762515321.4848537,13.50,13380.77
1762515322.485969,14.40,13375.82
1762515323.4868157,9.40,13376.96
1762515324.488591,8.60,13377.44
1762515325.4891858,14.40,13406.89
1762515326.4910588,13.00,13404.58
1762515327.4928658,12.10,13408.81
1762515328.4935355,9.70,13406.55
1762515329.4948342,18.90,13408.80
1762515330.4964447,21.40,13402.67
1762515331.497351,10.10,13401.09
1762515332.4988768,5.80,13402.17
1762515333.5000129,5.20,13402.11
1762515334.5012786,9.40,13401.40
1762515335.5019834,7.80,13402.83
1762515336.502784,10.50,13415.71
1762515337.503895,22.10,13461.09
1762515338.5054858,14.20,13422.09
1762515339.507047,22.70,13429.32
1762515340.5079873,29.30,13458.12
1762515341.5089457,9.10,13462.47
1762515342.5094395,21.60,13486.25
1762515343.5103924,20.00,13490.06
1762515344.5119903,15.40,13520.52
1762515345.5127232,14.70,13518.27
1762515346.5136783,23.80,13514.91
1762515347.5142925,10.90,13512.32
1762515348.5156434,12.20,13511.13
1762515349.5164692,27.20,13365.86
1762515350.5170453,29.50,13171.84
1762515351.5184906,18.40,13171.62
1762515352.5193212,22.10,13171.45
1762515353.520138,7.90,13173.03
1762515354.5209055,20.90,13151.96
1762515355.5219235,19.30,13142.41
1762515356.5226,14.10,13106.23
1762515357.5233893,22.30,13124.23
1762515358.5239663,7.30,13118.79
1762515359.524713,11.70,13126.82
1762515360.5256584,15.70,13132.48
1762515361.5267322,24.10,13141.34
1762515362.5275297,13.20,13142.57
1762515363.5284154,12.20,13132.03
1762515364.5317397,9.50,13137.82
1762515365.5325308,15.20,13142.18
1762515366.5337546,18.80,13147.35
1762515367.534575,14.50,13156.06
1762515368.5471716,20.80,13130.14
1762515369.5505042,22.20,13114.15
1762515370.551309,14.80,13120.37
1762515371.55233,15.10,13109.33
1762515372.5534685,14.40,13105.27
1762515373.5543003,18.00,13114.48
1762515374.5551064,17.40,13109.85
1762515375.5560288,12.80,13117.03
1762515376.5568495,8.10,13107.26
1762515377.557736,5.10,13107.62
1762515378.5584264,17.30,13107.31
1762515379.5590231,17.20,13127.42
1762515380.5601418,18.40,13134.98
1762515381.5611076,30.80,13645.98
1762515382.562026,18.50,13546.03
1762515383.563314,19.60,13574.27
1762515384.564754,17.60,13558.80
1762515385.566026,19.40,13593.42
1762515386.566887,16.40,13582.00
1762515387.567525,14.50,13582.59
1762515388.568459,13.70,13566.59
1762515389.569726,14.70,13567.07
1762515390.5706646,20.00,13560.25
1762515391.5713885,21.50,13573.78
1762515392.5721169,24.90,13567.12
1762515393.5732648,11.80,13573.11
1762515394.573885,16.30,13551.09
1762515395.574874,18.40,13547.05
1762515396.5771809,18.50,13557.69
1762515397.578312,29.00,13572.99
1762515398.5791073,20.40,13553.50
1762515399.5797887,16.40,13556.05
1762515400.580601,17.70,13568.27
1762515401.581428,17.10,13580.79
1762515402.5819106,22.70,13582.98
1762515403.5828671,9.40,13586.00
1762515404.5836556,14.50,13585.99
1762515405.5843987,8.80,13593.80
1762515406.5854669,18.50,13595.66
1762515407.5875247,23.20,13598.62
1762515408.5891685,16.30,13594.36
1762515409.5895905,8.60,13593.34
1762515410.590368,10.70,13595.86
1762515411.5912313,7.80,13592.32
1762515412.5918605,15.20,13594.36
1762515413.592785,20.00,13604.19
1762515414.5935457,14.10,13593.95
1762515415.5942922,24.50,13584.05
1762515416.595475,20.50,13577.06
1762515417.5964565,17.40,13572.93
1762515418.5975535,8.90,13553.75
1762515419.5984414,13.10,13570.23
1762515420.5997412,15.60,13582.57
1762515421.6006482,9.10,13576.05
1762515422.6018598,6.50,13564.38
1762515423.6027935,10.10,13570.92
1762515424.6036973,12.30,13563.16
1762515425.6042676,13.00,13586.23
1762515426.6053514,22.90,13598.27
1762515427.6063452,18.90,13581.78
1762515428.6073294,9.40,13579.85
1762515429.6082819,9.20,13591.48
1762515430.6094697,13.00,13575.05
1762515431.6102443,7.10,13577.31
1762515432.6114771,5.20,13576.69
1762515433.6122997,6.10,13569.42
1762515434.6138654,12.40,13588.27
1762515435.6148942,10.80,13581.13
1762515436.6154702,6.50,13576.04
1762515437.616818,9.30,13574.19
1762515438.6177902,15.00,13567.56
1762515439.6184924,9.40,13563.88
1762515440.6194055,10.50,13561.31
1762515441.6217363,9.10,13566.54
1762515442.6236513,7.90,13561.88
1762515443.6245124,9.40,13479.52
1762515444.6250157,6.90,13477.81
1762515445.6263976,11.60,13498.89
1762515446.6275146,9.30,13500.41
1762515447.6282368,10.10,13496.68
1762515448.6296964,9.10,13495.74
1762515449.6303222,8.80,13494.57
1762515450.631372,9.40,13494.61
1762515451.632223,6.80,13497.86
1762515452.6329186,19.30,13496.75
1762515453.6343431,12.60,13507.71
1762515454.635075,11.30,13508.60
1762515455.6359098,18.10,13543.81
1762515456.6367352,8.70,13576.74
1762515457.6376524,8.80,13612.79
1762515458.638528,10.90,13650.65
1762515459.639182,8.10,13637.09
1762515460.6401582,11.40,13625.03
1762515461.6408274,7.10,13622.64
1762515462.6421266,6.60,13623.28
1762515463.6426413,6.60,13622.94
1762515464.6435814,9.10,13618.00
1762515465.6446567,5.30,13618.73
1762515466.6458366,4.00,13616.84
1762515467.6467042,4.20,13610.93
1762515468.647434,7.80,13612.85
1762515469.6483703,12.30,13618.13
1762515470.649353,4.10,13618.01
1762515471.6502173,4.00,13618.04
1762515472.6513596,5.00,13619.13
1762515473.6523986,3.40,13619.12
1762515474.6532323,3.60,13618.79
1762515475.6538873,3.10,13618.62
1762515476.6548657,7.60,13605.46
1762515477.6558044,4.50,13605.81
1762515478.657035,2.40,13609.10
1762515479.6578255,6.70,13505.32
1762515480.6583624,5.50,13510.42
1762515481.6613894,3.30,13509.93
1762515482.662898,4.10,13509.58
1762515483.663761,7.70,13509.34
1762515484.6650085,4.50,13509.27
1762515485.665504,3.30,13509.21
1762515486.666673,7.90,13531.00
1762515487.6672735,17.40,13533.12
1762515488.6686466,3.30,13502.68
1762515489.6697857,2.70,13470.18
1762515490.6708107,4.70,13471.91
1762515491.6721215,2.90,13470.39
1762515492.6729133,8.80,13468.46
1762515493.6738315,8.40,13467.65
1762515494.675079,7.10,13468.98
1762515495.6757858,5.60,13463.39
1762515496.676887,6.30,13463.50
1762515497.6775997,7.20,13464.02
1762515498.6782522,4.20,13464.99
1762515499.6788764,2.20,13463.36
1762515500.679849,7.20,13464.09
1762515501.6812913,8.10,13462.55
1762515502.682323,13.20,13463.29
1762515503.6829562,13.10,13463.70
1762515504.6843083,11.30,13467.82
1762515505.6855528,10.70,13481.11
1762515506.6867247,14.80,13502.20
1762515507.688231,11.30,13516.15
1762515508.6886094,17.80,13533.50
1762515509.689498,14.50,13544.59
1762515510.690294,18.00,13557.64
1762515511.6917663,16.20,13563.42
1762515512.6922665,16.30,13577.21
1762515513.6931503,5.70,13544.32
1762515514.6939847,14.30,13520.55
1762515515.6948335,14.10,13544.96
1762515516.6964626,18.40,13569.01
1762515517.6973257,16.00,13597.02
1762515518.6983054,13.80,13578.08
1762515519.6991534,10.60,13572.72
1762515520.6997886,12.10,13559.10
1762515521.7003512,19.40,13559.54
1762515522.7015638,17.50,13586.14
1762515523.702284,11.30,13582.77
1762515524.703347,8.10,13596.55
1762515525.7041104,11.50,13603.43
1762515526.705163,10.90,13608.25
1762515527.706132,10.60,13619.83
1762515528.707246,14.10,13625.36
1762515529.7084947,15.60,13631.40
1762515530.7098842,7.50,13631.75
1762515531.710474,9.20,13628.76
1762515532.711464,7.80,13627.54
1762515533.712038,10.00,13623.65
1762515534.7129793,11.00,13622.70
1762515535.713673,11.20,13622.34
1762515536.7160947,6.80,13595.49
1762515537.7168136,13.10,13609.34
1762515538.717686,9.10,13603.64
1762515539.718414,9.30,13606.14
1762515540.719125,17.50,13628.52
1762515541.7198625,13.20,13645.59
1762515542.721762,14.80,13659.51
1762515543.722758,21.10,13656.68
1762515544.7234745,17.80,13678.97
1762515545.724676,18.10,13683.77
1762515546.7282875,21.80,13695.06
1762515547.7293787,20.70,13713.80
1762515548.7301664,13.20,13723.53
1762515549.7311187,14.90,13751.86
1762515550.732028,11.10,13765.41
1762515551.7329133,14.50,13782.20
1762515552.7343519,10.80,13795.72
1762515553.736046,10.20,13793.88
1762515554.7371247,12.20,13802.41
1762515555.737856,10.10,13813.08
1762515556.7385037,9.90,13818.45
1762515557.7398822,14.70,13804.66
1762515558.7412767,11.20,13800.82
1762515559.7418008,11.80,13799.05
1762515560.7427304,8.00,13798.79
1762515561.7434993,12.30,13792.16
1762515562.7442749,6.70,13793.03
1762515563.7454135,9.00,13788.37
1762515564.746653,8.10,13788.90
1762515565.747693,6.70,13786.25
1762515566.751018,20.30,13820.77
1762515567.751679,8.20,13816.24
1762515568.752458,5.10,13819.59
1762515569.7534995,10.10,13817.87
1762515570.7541256,7.00,13816.64
1762515571.7545705,10.90,13815.70
1762515572.7558331,9.60,13822.39
1762515573.7566755,9.10,13817.05
1762515574.7581997,21.00,13814.95
1762515575.759121,16.30,13820.04
1762515576.7604024,15.70,13821.38
1762515577.7617712,17.00,13848.98
1762515578.76247,21.80,13835.54
1762515579.763671,23.70,13834.20
1762515580.7642329,12.90,13835.34
1762515581.765244,7.70,13834.50
1762515582.7667742,5.10,13834.27
1762515583.767522,9.80,13829.14
1762515584.7680447,7.50,13826.96
1762515585.7689857,7.10,13825.87
1762515586.7751245,5.80,13825.21
1762515587.7759228,14.30,13822.25
1762515588.7765582,14.20,13820.97
1762515589.7780097,8.60,13821.29
1762515590.7788868,6.90,13820.27
1762515591.7797194,15.80,13819.20
1762515592.780584,13.80,13819.38
1762515593.7815745,15.00,13823.70
1762515594.7822642,15.50,13843.00
1762515595.7829888,13.20,13845.78
1762515596.7841628,6.00,13821.07
1762515597.784991,6.30,13823.91
1762515598.7856905,7.10,13815.62
1762515599.7873397,7.70,13813.49
1762515600.7888525,10.80,13823.22
1762515601.789867,9.50,13816.80
1762515602.7906618,6.70,13815.25
1762515603.7916372,8.80,13813.86
1762515604.7924829,6.60,13810.39
1762515605.7931457,11.50,13825.51
1762515606.7941902,18.70,13836.08
1762515607.7952766,18.70,13904.25
1762515608.795854,12.90,13873.71
1762515609.796902,9.40,13867.26
1762515610.7982194,21.50,13868.81
1762515611.7992513,17.00,13860.25
1762515612.7999334,16.70,13861.59
1762515613.800643,17.00,13869.03
1762515614.8014858,12.30,13851.59
1762515615.802218,9.00,13848.70
1762515616.8036346,12.60,13866.96
1762515617.804558,8.30,13862.00
1762515618.8063025,13.40,13858.71
1762515619.8072293,21.90,13805.09
1762515620.8081872,15.50,13818.12
1762515621.8101015,15.90,13819.94
1762515622.8113296,10.50,13815.54
1762515623.8127508,12.50,13839.38
1762515624.815962,17.80,13829.85
1762515625.8169758,18.80,13821.48
1762515626.8178678,19.00,13848.32
1762515627.8186412,16.20,13857.84
1762515628.819962,20.70,13861.06
1762515629.8220742,16.70,13850.05
1762515630.8232498,13.10,13866.64
1762515631.824393,25.90,13946.01
1762515632.8254693,18.60,13961.59
1762515633.8264587,19.60,13961.77
1762515634.8273392,20.40,13945.36
1762515635.828508,15.80,13950.49
1762515636.8299496,18.00,13951.77
1762515637.83039,25.50,13968.94
1762515638.8315554,15.10,13931.83
1762515639.83248,17.70,13955.49
1762515640.83511,19.80,13944.35
1762515641.8369675,19.50,13952.92
1762515642.8382719,22.90,13957.60
1762515643.838811,10.40,13950.07
1762515644.83993,13.40,13955.46
1762515645.8406887,11.50,13950.23
1762515646.8419182,7.70,13947.94
1762515647.8425367,13.10,13950.52
1762515648.8439176,12.80,13966.93
1762515649.8456104,19.50,13958.47
1762515650.8469346,11.20,13965.89
1762515651.8482456,16.50,13839.88
1762515652.8505902,11.50,13832.50
1762515653.852044,17.90,13819.11
1762515654.8530202,15.50,13831.61
1762515655.8536546,5.30,13825.48
1762515656.8543546,10.80,13842.32
1762515657.8559957,7.20,13842.86
1762515658.8572187,6.10,13885.07
1762515659.8582425,16.10,13887.32
1762515660.859953,7.10,13897.75
1762515661.8611221,9.50,13858.48
1762515662.86216,10.70,13846.26
1762515663.8629737,17.80,13831.80
1762515664.86382,10.40,13836.81
1762515665.864752,6.90,13846.94
1762515666.8658297,18.10,13850.27
1762515667.8673806,13.70,13830.40
1762515668.8680024,12.00,13842.57
