timestamp,cpu_percent,mem_used_mb,mem_percent
1762426962.4471672,10.70,2576.44,66.60
1762426963.4501889,60.00,2589.92,66.90
1762426964.4516113,100.00,2578.00,66.60
1762426965.4555023,100.00,2576.15,66.60
1762426966.4585643,100.00,2579.35,66.70
1762426967.4654043,100.00,2576.19,66.60
1762426968.4664638,100.00,2578.49,66.70
1762426969.4694567,100.00,2580.91,66.70
1762426970.509797,100.00,2588.51,66.90
1762426971.561354,100.00,2588.17,66.90
1762426972.5656862,99.10,2583.89,66.80
1762426973.5681295,100.00,2576.85,66.60
1762426974.5951025,95.10,2598.34,67.20
1762426975.6004536,96.30,2588.08,66.90
1762426976.6024334,100.00,2593.95,67.10
1762426977.6075404,100.00,2590.07,67.00
1762426978.6122189,100.00,2589.18,66.90
1762426979.613516,99.40,2588.07,66.90
1762426980.6172798,100.00,2597.96,67.20
1762426981.6218116,99.40,2592.25,67.00
1762426982.6292071,99.40,2593.36,67.00
1762426983.63137,100.00,2591.75,67.00
1762426984.6323912,100.00,2592.56,67.00
1762426985.6539931,98.10,2596.63,67.10
1762426986.6571977,100.00,2582.88,66.80
1762426987.6593418,100.00,2586.83,66.90
1762426988.6629672,100.00,2587.48,66.90
1762426989.6675823,100.00,2584.98,66.80
1762426990.6704545,100.00,2581.53,66.70
1762426991.6732042,100.00,2579.43,66.70
1762426992.6778624,100.00,2583.68,66.80
1762426993.6796522,48.20,2577.65,66.60
1762426994.6815422,0.50,2577.65,66.60
1762426995.6834767,2.50,2578.64,66.70
1762426996.6854413,1.00,2578.64,66.70
1762426997.6875126,1.00,2578.64,66.70
1762426998.689458,0.00,2578.64,66.70
1762426999.6912823,1.50,2578.64,66.70
1762427000.693442,0.50,2578.64,66.70
1762427001.6955113,1.00,2578.64,66.70
1762427002.6972845,1.50,2578.64,66.70
1762427003.699054,1.00,2578.64,66.70
1762427004.7074296,1.00,2578.63,66.70
1762427005.7096908,1.50,2578.63,66.70
1762427006.7125258,1.00,2578.63,66.70
1762427007.714274,1.50,2578.63,66.70
1762427008.7164147,1.00,2578.63,66.70
1762427009.7214332,1.00,2578.63,66.70
1762427010.723342,0.50,2578.63,66.70
1762427011.7254765,10.10,2580.10,66.70
1762427012.7276113,0.00,2580.10,66.70
1762427013.7296836,0.50,2580.10,66.70
1762427014.7317746,1.50,2580.10,66.70
1762427015.7346895,0.00,2580.09,66.70
1762427016.736823,1.00,2580.09,66.70
1762427017.7389126,1.00,2580.09,66.70
1762427018.7404597,0.00,2580.09,66.70
1762427019.743331,1.00,2580.09,66.70
1762427020.7442307,0.50,2580.09,66.70
1762427021.7545452,6.20,2580.09,66.70
1762427022.7564006,0.50,2580.09,66.70
1762427023.7584412,2.50,2580.09,66.70
1762427024.7603216,1.00,2580.34,66.70
1762427025.7626474,1.00,2580.34,66.70
1762427026.7645242,1.00,2580.33,66.70
1762427027.7669544,0.00,2580.33,66.70
1762427028.7691405,0.50,2580.33,66.70
1762427029.7721803,6.20,2580.57,66.70
1762427030.7740564,0.50,2580.57,66.70
1762427031.7887082,2.00,2580.57,66.70
1762427032.791593,0.50,2580.56,66.70
1762427033.7934008,2.00,2580.56,66.70
1762427034.7954884,5.60,2579.83,66.70
1762427035.798568,1.00,2579.77,66.70
1762427036.8034625,1.00,2579.77,66.70
1762427037.8062894,1.50,2579.77,66.70
1762427038.8084784,0.50,2579.74,66.70
1762427039.8102496,3.00,2579.74,66.70
1762427040.8122783,0.50,2579.74,66.70
1762427041.8140526,0.00,2579.74,66.70
1762427042.8163276,0.50,2579.74,66.70
1762427043.8192277,0.50,2579.74,66.70
1762427044.8210702,0.50,2579.74,66.70
1762427045.8232896,3.50,2579.72,66.70
1762427046.8251262,2.50,2580.46,66.70
1762427047.8275228,0.50,2580.46,66.70
1762427048.830299,1.00,2580.44,66.70
1762427049.8324316,0.50,2580.44,66.70
1762427050.83473,1.00,2580.44,66.70
1762427051.8364325,1.00,2580.44,66.70
1762427052.8385324,0.00,2580.43,66.70
1762427053.8407996,0.50,2580.43,66.70
1762427054.8434186,1.00,2580.43,66.70
1762427055.8454351,1.00,2580.43,66.70
1762427056.848194,0.50,2580.41,66.70
1762427057.85059,0.00,2580.41,66.70
1762427058.8523903,0.50,2580.41,66.70
1762427059.8542292,0.50,2580.41,66.70
1762427060.8560257,0.50,2580.41,66.70
1762427061.8578327,0.50,2580.41,66.70
1762427062.8598056,0.00,2580.41,66.70
1762427063.8618314,0.50,2580.41,66.70
1762427064.8645346,0.50,2580.41,66.70
1762427065.8664987,0.50,2580.41,66.70
1762427066.8687363,1.00,2580.40,66.70
1762427067.8714986,0.00,2580.40,66.70
1762427068.8736162,1.00,2580.39,66.70
1762427069.875833,0.00,2580.39,66.70
1762427070.878124,0.50,2580.39,66.70
1762427071.8800704,7.00,2581.12,66.70
1762427072.8824027,0.00,2581.12,66.70
1762427073.8844352,0.50,2581.12,66.70
1762427074.885516,1.00,2581.12,66.70
1762427075.8874168,0.50,2581.12,66.70
1762427076.8903449,0.50,2581.12,66.70
1762427077.8924792,0.50,2581.12,66.70
1762427078.8951426,0.50,2581.12,66.70
1762427079.8983111,0.50,2581.12,66.70
1762427080.9010735,0.50,2581.12,66.70
1762427081.9033039,3.00,2581.12,66.70
1762427082.9050233,1.00,2581.12,66.70
1762427083.90671,2.00,2581.12,66.70
1762427084.9084673,0.50,2581.12,66.70
1762427085.9108043,0.50,2581.12,66.70
1762427086.9129734,1.50,2581.11,66.70
1762427087.914645,0.00,2581.11,66.70
1762427088.917644,0.00,2581.11,66.70
1762427089.9201748,1.00,2581.11,66.70
1762427090.9228208,1.00,2581.11,66.70
1762427091.924738,0.00,2581.11,66.70
1762427092.9265118,1.00,2581.10,66.70
1762427093.9287655,0.00,2581.10,66.70
1762427094.931488,2.50,2581.09,66.70
1762427095.9343767,0.00,2581.09,66.70
1762427096.9364724,0.50,2581.09,66.70
1762427097.938335,40.00,2580.53,66.70
1762427098.93951,100.00,2579.27,66.70
1762427099.945987,100.00,2588.94,66.90
1762427100.9535909,100.00,2597.85,67.20
1762427101.9543023,100.00,2579.39,66.70
1762427102.9553392,100.00,2586.63,66.90
1762427103.9584117,100.00,2579.67,66.70
1762427104.9632347,100.00,2580.03,66.70
1762427105.9662323,100.00,2580.57,66.70
1762427106.9671917,100.00,2582.06,66.70
1762427107.969197,100.00,2579.12,66.70
1762427108.9722335,100.00,2584.53,66.80
1762427109.9778347,100.00,2583.24,66.80
1762427110.98002,100.00,2577.98,66.60
1762427111.981453,100.00,2578.27,66.60
1762427112.986662,100.00,2588.86,66.90
1762427113.9945505,100.00,2579.37,66.70
1762427115.0104005,100.00,2578.15,66.60
1762427116.0190015,100.00,2584.04,66.80
1762427117.0283408,100.00,2582.22,66.80
1762427118.0337832,100.00,2584.78,66.80
1762427119.0539265,100.00,2588.36,66.90
1762427120.0557945,91.70,2579.34,66.70
1762427121.0683887,100.00,2582.68,66.80
1762427122.0703337,100.00,2580.05,66.70
1762427123.0733852,100.00,2579.93,66.70
1762427124.0764241,99.50,2578.51,66.70
1762427125.079418,100.00,2583.84,66.80
1762427126.0804071,100.00,2581.39,66.70
1762427127.0833445,100.00,2582.45,66.80
1762427128.0856204,49.00,2578.64,66.70
1762427129.0877628,1.50,2578.64,66.70
1762427130.0907931,2.00,2578.64,66.70
1762427131.0933743,1.00,2578.64,66.70
1762427132.0965662,10.00,2578.88,66.70
1762427133.0987358,1.00,2578.88,66.70
1762427134.1011486,1.00,2578.88,66.70
1762427135.1036017,0.50,2578.88,66.70
1762427136.1057034,1.00,2578.88,66.70
1762427137.1077912,1.00,2578.88,66.70
1762427138.1100843,1.00,2578.88,66.70
1762427139.1125112,0.50,2578.88,66.70
1762427140.1152499,1.00,2578.88,66.70
1762427141.11767,1.00,2578.88,66.70
1762427142.119621,2.00,2578.88,66.70
1762427143.1214774,1.00,2578.87,66.70
1762427144.1242404,2.50,2578.87,66.70
1762427145.1262991,1.00,2578.87,66.70
1762427146.1282089,0.50,2578.87,66.70
1762427147.1298308,1.00,2578.87,66.70
1762427148.1316895,1.00,2578.87,66.70
1762427149.1340432,1.00,2578.87,66.70
1762427150.1361098,0.00,2578.87,66.70
1762427151.1382802,1.00,2578.87,66.70
1762427152.1411936,0.50,2578.87,66.70
1762427153.1440868,0.50,2578.87,66.70
1762427154.1461973,1.50,2578.87,66.70
1762427155.148264,0.50,2578.87,66.70
1762427156.150467,0.50,2578.87,66.70
1762427157.1522348,2.00,2579.10,66.70
1762427158.1545477,0.50,2579.10,66.70
1762427159.1564424,0.50,2579.09,66.70
1762427160.1581857,1.50,2579.09,66.70
1762427161.1603892,0.50,2579.09,66.70
1762427162.162373,1.00,2579.09,66.70
1762427163.1648324,1.50,2579.09,66.70
1762427164.1680105,1.00,2579.08,66.70
1762427165.169927,0.50,2579.08,66.70
1762427166.1722581,1.50,2579.08,66.70
1762427167.1746502,1.00,2579.08,66.70
1762427168.1765819,0.50,2579.08,66.70
1762427169.178427,1.00,2579.08,66.70
1762427170.1804821,0.50,2579.07,66.70
1762427171.1824408,1.50,2579.07,66.70
1762427172.1855006,1.00,2579.07,66.70
1762427173.187451,1.00,2579.07,66.70
1762427174.189231,0.50,2579.07,66.70
1762427175.1913195,1.00,2579.07,66.70
1762427176.1941671,1.00,2579.06,66.70
1762427177.196418,0.50,2579.06,66.70
1762427178.1984155,1.00,2579.06,66.70
1762427179.2033968,0.00,2579.06,66.70
1762427180.2056499,1.00,2579.06,66.70
1762427181.20769,0.50,2579.06,66.70
1762427182.2103186,0.00,2579.06,66.70
1762427183.2127736,0.50,2579.06,66.70
1762427184.216669,0.50,2579.06,66.70
1762427185.2197428,0.50,2579.06,66.70
1762427186.2216816,0.00,2579.06,66.70
1762427187.2242296,1.00,2579.06,66.70
1762427188.226136,0.00,2579.06,66.70
1762427189.2280595,0.50,2579.06,66.70
1762427190.230357,0.00,2579.05,66.70
1762427191.2327554,1.50,2579.29,66.70
1762427192.235316,5.00,2579.29,66.70
1762427193.237114,0.50,2579.29,66.70
1762427194.2395225,0.50,2579.29,66.70
1762427195.2412174,22.60,2579.29,66.70
1762427196.243346,26.40,2571.08,66.50
1762427197.2453835,0.50,2571.08,66.50
1762427198.24746,1.00,2571.08,66.50
1762427199.2494752,0.00,2571.08,66.50
1762427200.2512555,3.00,2570.01,66.40
1762427201.253412,0.50,2570.01,66.40
1762427202.2553225,2.00,2570.00,66.40
1762427203.2575016,0.00,2570.00,66.40
1762427204.2598097,2.50,2570.00,66.40
1762427205.2621312,0.00,2570.00,66.40
1762427206.2643502,1.50,2570.00,66.40
1762427207.266215,3.00,2570.00,66.40
1762427208.2682688,2.00,2569.96,66.40
1762427209.2699993,0.50,2569.96,66.40
1762427210.271653,0.50,2569.96,66.40
1762427211.2740214,1.00,2569.96,66.40
1762427212.2761488,0.50,2569.96,66.40
1762427213.2785442,0.50,2569.96,66.40
1762427214.2806885,0.00,2569.96,66.40
1762427215.283028,0.50,2569.96,66.40
1762427216.2854574,0.50,2569.96,66.40
1762427217.287514,0.00,2569.96,66.40
1762427218.2897246,0.00,2569.96,66.40
1762427219.2924728,0.50,2569.95,66.40
1762427220.2944949,0.50,2569.95,66.40
1762427221.2963881,1.50,2570.20,66.40
1762427222.2983878,0.50,2570.18,66.40
1762427223.3011117,1.50,2570.18,66.40
1762427224.3032415,0.00,2570.18,66.40
1762427225.3045263,0.50,2570.18,66.40
1762427226.3063357,0.50,2570.18,66.40
1762427227.308469,1.00,2570.18,66.40
1762427228.3104384,0.50,2570.17,66.40
1762427229.3125367,1.00,2570.17,66.40
1762427230.314637,1.00,2570.16,66.40
1762427231.3174713,2.50,2570.16,66.40
1762427232.3186696,37.70,2507.66,64.80
1762427233.3202267,100.00,2506.66,64.80
1762427234.3230374,100.00,2511.14,64.90
1762427235.3253832,100.00,2506.46,64.80
1762427236.3269222,100.00,2506.23,64.80
1762427237.3285406,100.00,2505.36,64.80
1762427238.3298235,100.00,2509.95,64.90
1762427239.3333461,100.00,2507.54,64.80
1762427240.3363712,100.00,2504.70,64.70
1762427241.3385174,100.00,2507.69,64.80
1762427242.3402169,100.00,2506.39,64.80
1762427243.3418217,100.00,2509.16,64.90
1762427244.3441718,100.00,2509.31,64.90
1762427245.3454165,100.00,2509.64,64.90
1762427246.3477416,100.00,2513.19,65.00
1762427247.3492126,100.00,2506.55,64.80
1762427248.3522036,100.00,2506.34,64.80
1762427249.3549278,100.00,2505.53,64.80
1762427250.3593726,100.00,2510.04,64.90
1762427251.3606582,100.00,2510.88,64.90
1762427252.3621688,100.00,2507.12,64.80
1762427253.374172,100.00,2517.08,65.10
1762427254.3814254,100.00,2507.09,64.80
1762427255.386334,100.00,2522.46,65.20
1762427256.3947086,100.00,2509.63,64.90
1762427257.4073157,100.00,2505.47,64.80
1762427258.4347498,100.00,2510.96,64.90
1762427259.4407296,100.00,2511.86,64.90
1762427260.45544,100.00,2502.95,64.70
1762427261.4602954,95.00,2503.41,64.70
1762427262.4832997,49.70,2503.77,64.70
1762427263.4859004,2.00,2503.77,64.70
1762427264.4877155,2.00,2504.50,64.70
1762427265.4896543,0.50,2504.49,64.70
1762427266.4932153,1.00,2504.49,64.70
1762427267.4951262,0.50,2504.49,64.70
1762427268.4971173,0.50,2504.49,64.70
1762427269.49921,1.50,2504.49,64.70
1762427270.5011725,1.00,2504.48,64.70
1762427271.5030153,0.50,2504.48,64.70
1762427272.505997,0.50,2504.48,64.70
1762427273.5088174,1.00,2504.48,64.70
1762427274.5114613,0.50,2504.48,64.70
1762427275.5141406,1.00,2504.48,64.70
1762427276.5162182,0.50,2504.47,64.70
1762427277.520377,0.50,2504.47,64.70
1762427278.5225375,1.50,2504.47,64.70
1762427279.5322447,1.00,2504.47,64.70
1762427280.536023,1.00,2504.47,64.70
1762427281.538142,8.50,2506.19,64.80
1762427282.5399806,0.50,2506.19,64.80
1762427283.5420988,1.50,2506.18,64.80
1762427284.544013,0.50,2506.18,64.80
1762427285.5458064,1.50,2506.18,64.80
1762427286.5477314,2.50,2506.83,64.80
1762427287.549529,1.00,2506.83,64.80
1762427288.5502636,0.50,2506.83,64.80
1762427289.5521803,0.50,2506.83,64.80
1762427290.5543303,1.00,2506.83,64.80
1762427291.5574198,1.50,2506.83,64.80
1762427292.559443,0.50,2506.83,64.80
1762427293.561433,1.00,2506.83,64.80
1762427294.5727015,1.00,2506.83,64.80
1762427295.5752497,1.00,2506.83,64.80
1762427296.5783472,1.00,2506.83,64.80
1762427297.580347,1.00,2506.82,64.80
1762427298.5823462,1.00,2506.82,64.80
1762427299.5843005,0.50,2506.82,64.80
1762427300.5866513,1.00,2506.82,64.80
1762427301.5896883,2.50,2508.79,64.90
1762427302.5922267,2.50,2510.73,64.90
1762427303.5944743,0.50,2510.73,64.90
1762427304.596584,0.50,2510.73,64.90
1762427305.5983849,1.00,2510.73,64.90
1762427306.6006932,0.50,2510.73,64.90
1762427307.6036477,0.50,2510.73,64.90
1762427308.605821,1.00,2510.73,64.90
1762427309.6078207,1.00,2510.73,64.90
1762427310.610485,0.50,2510.73,64.90
1762427311.6126525,1.50,2510.73,64.90
1762427312.615041,0.50,2510.73,64.90
1762427313.6174307,0.00,2510.73,64.90
1762427314.619466,1.00,2510.73,64.90
1762427315.6213996,0.50,2510.73,64.90
1762427316.6234229,6.00,2511.46,64.90
1762427317.6253035,0.50,2511.46,64.90
1762427318.627681,0.50,2511.46,64.90
1762427319.6301444,0.50,2511.46,64.90
1762427320.6322606,0.50,2511.46,64.90
1762427321.634243,1.50,2511.46,64.90
1762427322.636329,13.10,2511.46,64.90
1762427323.6387877,2.50,2511.46,64.90
1762427324.6412501,0.00,2511.46,64.90
1762427325.6434414,1.50,2511.45,64.90
1762427326.645538,1.50,2511.45,64.90
1762427327.6482944,0.00,2511.45,64.90
1762427328.6504338,1.00,2511.45,64.90
1762427329.6527004,4.00,2511.45,64.90
1762427330.6545649,7.50,2511.45,64.90
1762427331.6564407,6.50,2511.44,64.90
1762427332.658438,5.50,2511.44,64.90
1762427333.6604037,5.50,2511.44,64.90
1762427334.6615176,5.00,2511.44,64.90
1762427335.6634874,5.00,2511.44,64.90
1762427336.665386,4.00,2511.43,64.90
1762427337.6671476,8.10,2511.66,64.90
1762427338.6690876,1.50,2511.66,64.90
1762427339.6714985,0.50,2511.66,64.90
1762427340.673683,2.00,2511.66,64.90
1762427341.676528,1.50,2511.66,64.90
1762427342.6791408,2.00,2511.64,64.90
1762427343.681267,1.00,2511.64,64.90
1762427344.6833842,1.00,2511.64,64.90
1762427345.6856833,1.50,2511.64,64.90
1762427346.6881554,1.00,2511.63,64.90
1762427347.6908216,0.50,2511.63,64.90
1762427348.6927187,1.00,2511.63,64.90
1762427349.6948178,1.00,2511.63,64.90
1762427350.6965716,2.00,2511.63,64.90
1762427351.6984606,1.50,2511.61,64.90
1762427352.7003846,1.00,2511.61,64.90
1762427353.7025247,1.50,2511.61,64.90
1762427354.7045226,0.50,2511.61,64.90
1762427355.7068267,1.50,2511.61,64.90
1762427356.7091517,1.00,2511.61,64.90
1762427357.711276,1.00,2511.61,64.90
1762427358.7132201,0.50,2511.61,64.90
1762427359.7152784,1.00,2511.61,64.90
1762427360.7173004,0.50,2511.61,64.90
1762427361.719213,1.00,2511.61,64.90
1762427362.7214413,0.50,2511.60,64.90
1762427363.7233787,0.50,2511.60,64.90
1762427364.7253468,1.00,2511.60,64.90
1762427365.7276354,0.50,2511.60,64.90
1762427366.7293718,33.00,2507.09,64.80
1762427367.7320406,100.00,2504.38,64.70
1762427368.7331915,100.00,2504.30,64.70
1762427369.734349,100.00,2507.02,64.80
1762427370.735577,100.00,2515.30,65.00
1762427371.7421875,100.00,2507.50,64.80
1762427372.7444313,100.00,2509.85,64.90
1762427373.746379,100.00,2506.50,64.80
1762427374.7482967,100.00,2511.50,64.90
1762427375.749514,100.00,2509.40,64.90
1762427376.7542753,99.50,2511.17,64.90
1762427377.7573195,100.00,2509.49,64.90
1762427378.7607067,100.00,2509.24,64.90
1762427379.7670453,100.00,2514.76,65.00
1762427380.7693489,100.00,2508.88,64.90
1762427381.7715347,99.40,2510.68,64.90
1762427382.773401,100.00,2508.88,64.90
1762427383.7774148,100.00,2509.79,64.90
1762427384.782096,100.00,2511.36,64.90
1762427385.7862246,100.00,2512.21,64.90
1762427386.787732,99.50,2517.43,65.10
1762427387.790593,100.00,2512.46,64.90
1762427388.79545,100.00,2509.86,64.90
1762427389.7994752,100.00,2509.97,64.90
1762427390.8051927,100.00,2510.99,64.90
1762427391.8077962,100.00,2516.35,65.00
1762427392.8124661,100.00,2518.46,65.10
1762427393.815426,100.00,2511.73,64.90
1762427394.818166,100.00,2512.78,65.00
1762427395.823109,100.00,2515.93,65.00
1762427396.8255877,62.50,2508.47,64.80
1762427397.827656,1.00,2508.45,64.80
1762427398.8314435,1.50,2509.43,64.90
1762427399.8337634,0.50,2509.43,64.90
1762427400.836598,1.00,2509.43,64.90
1762427401.8393662,0.50,2509.43,64.90
1762427402.8415275,1.00,2509.43,64.90
1762427403.845185,1.50,2509.43,64.90
1762427404.8481147,0.50,2509.43,64.90
1762427405.8504982,1.00,2509.43,64.90
1762427406.852503,2.50,2509.43,64.90
1762427407.8543682,0.50,2509.43,64.90
1762427408.856554,0.50,2509.43,64.90
1762427409.8583553,1.00,2509.43,64.90
1762427410.8604476,0.50,2509.42,64.90
1762427411.8623183,1.00,2509.42,64.90
1762427412.864447,0.50,2509.42,64.90
1762427413.8667128,1.00,2509.42,64.90
1762427414.869351,1.00,2509.42,64.90
1762427415.8833652,0.50,2509.42,64.90
1762427416.8853014,1.00,2509.42,64.90
1762427417.8882418,1.00,2509.42,64.90
1762427418.8904665,0.50,2509.42,64.90
1762427419.8941538,0.50,2509.42,64.90
1762427420.8965127,1.00,2509.42,64.90
1762427421.898575,0.50,2509.42,64.90
1762427422.9005556,1.00,2509.42,64.90
1762427423.9027758,0.50,2509.42,64.90
1762427424.9053545,1.00,2509.42,64.90
1762427425.9076242,0.50,2509.42,64.90
1762427426.9104128,1.00,2509.42,64.90
1762427427.91133,1.00,2509.41,64.90
1762427428.9137897,1.00,2509.40,64.90
1762427429.9164286,1.00,2509.40,64.90
1762427430.91815,1.50,2509.40,64.90
1762427431.9196405,0.00,2509.40,64.90
1762427432.9221365,1.00,2509.40,64.90
1762427433.924433,1.50,2509.40,64.90
1762427434.9263675,1.00,2509.39,64.90
1762427435.9285595,0.50,2509.39,64.90
1762427436.9311333,6.60,2510.13,64.90
1762427437.9335551,30.70,2606.50,67.40
1762427438.9355333,0.50,2604.39,67.30
1762427439.9371994,1.00,2596.99,67.10
1762427440.938978,0.50,2590.52,67.00
1762427441.9413667,1.00,2584.86,66.80
1762427442.9434986,3.00,2567.24,66.40
1762427443.94555,1.50,2566.59,66.30
1762427444.9482265,1.00,2566.59,66.30
1762427445.9502702,0.50,2566.59,66.30
1762427446.9521315,1.00,2566.59,66.30
1762427447.9539576,1.00,2566.59,66.30
1762427448.9555576,0.00,2566.59,66.30
1762427449.9561853,0.00,2566.59,66.30
1762427450.9583101,1.00,2566.59,66.30
1762427451.9602382,0.50,2566.59,66.30
1762427452.9619467,0.00,2566.58,66.30
1762427453.9634686,0.00,2566.58,66.30
1762427454.9652874,1.00,2566.58,66.30
1762427455.966998,1.00,2566.29,66.30
1762427456.9709232,1.50,2566.33,66.30
1762427457.9731522,8.10,2566.56,66.30
1762427458.9755733,1.00,2566.56,66.30
1762427459.9772964,0.50,2566.56,66.30
1762427460.9789548,1.50,2566.56,66.30
1762427461.9809759,1.00,2566.56,66.30
1762427462.9827902,0.50,2566.54,66.30
1762427463.9858155,1.00,2566.53,66.30
1762427465.014684,0.50,2566.53,66.30
1762427466.0181541,0.50,2566.53,66.30
1762427467.022407,1.00,2566.52,66.30
1762427468.0252004,1.50,2566.52,66.30
1762427469.0271673,0.50,2566.52,66.30
1762427470.029623,0.50,2566.52,66.30
1762427471.0315971,1.00,2566.52,66.30
1762427472.0349782,0.50,2566.50,66.30
1762427473.0369847,1.00,2566.50,66.30
1762427474.0396128,0.50,2566.50,66.30
1762427475.041588,1.00,2566.50,66.30
1762427476.0434413,1.50,2566.50,66.30
1762427477.0451953,1.00,2566.50,66.30
1762427478.04729,0.00,2566.50,66.30
1762427479.0495567,0.50,2566.50,66.30
1762427480.0539007,0.50,2566.50,66.30
1762427481.057586,0.00,2566.50,66.30
1762427482.0600584,0.50,2566.50,66.30
1762427483.062605,1.50,2566.48,66.30
1762427484.064421,2.00,2566.48,66.30
1762427485.0665007,0.00,2566.48,66.30
1762427486.069311,0.50,2566.48,66.30
1762427487.0715415,0.50,2566.48,66.30
1762427488.0734148,1.00,2566.48,66.30
1762427489.075343,0.50,2566.48,66.30
1762427490.0776293,0.00,2566.48,66.30
1762427491.07964,1.50,2566.48,66.30
1762427492.0849867,0.50,2566.48,66.30
1762427493.0869691,1.50,2566.70,66.30
1762427494.0892937,0.50,2566.68,66.30
1762427495.0914266,1.00,2566.68,66.30
1762427496.0937943,0.50,2566.68,66.30
1762427497.0963156,1.50,2566.68,66.30
1762427498.098522,0.50,2566.68,66.30
1762427499.0999184,6.00,2567.40,66.40
1762427500.1149228,2.00,2567.39,66.40
1762427501.1200109,27.20,2524.48,65.30
1762427502.12138,100.00,2510.48,64.90
1762427503.1236465,96.30,2515.28,65.00
1762427504.1263168,100.00,2515.84,65.00
1762427505.1289513,100.00,2517.78,65.10
1762427506.131703,100.00,2513.89,65.00
1762427507.1348,100.00,2514.07,65.00
1762427508.1434557,99.50,2534.07,65.50
1762427509.1521456,100.00,2516.50,65.10
1762427510.154063,100.00,2513.90,65.00
1762427511.156289,100.00,2515.96,65.00
1762427512.1582315,100.00,2516.16,65.00
1762427513.1619325,100.00,2513.96,65.00
1762427514.1643553,100.00,2521.44,65.20
1762427515.166227,100.00,2516.23,65.00
1762427516.1694193,100.00,2513.89,65.00
1762427517.1701865,100.00,2519.84,65.10
1762427518.1733072,100.00,2515.86,65.00
1762427519.176467,100.00,2515.64,65.00
1762427520.1794086,100.00,2521.29,65.20
1762427521.184434,100.00,2516.60,65.10
1762427522.1854072,100.00,2517.08,65.10
1762427523.1881979,100.00,2515.05,65.00
1762427524.1905186,100.00,2513.66,65.00
1762427525.195231,100.00,2513.12,65.00
1762427526.197509,100.00,2517.90,65.10
1762427527.201804,100.00,2514.41,65.00
1762427528.2033465,99.50,2526.25,65.30
1762427529.2062082,100.00,2519.65,65.10
1762427530.2092085,100.00,2522.19,65.20
1762427531.2119763,69.00,2518.25,65.10
1762427532.2141726,0.50,2518.25,65.10
1762427533.2165775,2.00,2519.22,65.10
1762427534.2184217,1.00,2519.22,65.10
1762427535.2202017,0.50,2519.22,65.10
1762427536.2225547,1.00,2519.22,65.10
1762427537.22521,1.00,2519.22,65.10
1762427538.2273273,2.00,2519.21,65.10
1762427539.2295258,2.00,2519.71,65.10
1762427540.2321663,1.00,2519.71,65.10
1762427541.2343574,1.00,2519.71,65.10
1762427542.2365136,0.50,2519.71,65.10
1762427543.2393746,1.50,2519.70,65.10
1762427544.2425838,0.50,2519.70,65.10
1762427545.2446847,0.50,2519.70,65.10
1762427546.2462597,0.50,2519.68,65.10
1762427547.2482631,2.00,2519.68,65.10
1762427548.2505002,0.00,2519.68,65.10
1762427549.2526538,0.50,2519.68,65.10
1762427550.2553444,1.50,2519.68,65.10
1762427551.2574174,0.00,2519.68,65.10
1762427552.2598186,1.00,2519.67,65.10
1762427553.2622375,1.00,2519.67,65.10
1762427554.2642918,0.50,2519.67,65.10
1762427555.2665043,1.50,2519.67,65.10
1762427556.268718,1.00,2519.67,65.10
1762427557.2707002,0.50,2519.67,65.10
1762427558.2725816,1.00,2519.66,65.10
1762427559.2750099,6.50,2520.40,65.20
1762427560.277443,0.00,2520.40,65.20
1762427561.2794704,1.00,2520.40,65.20
1762427562.2813168,1.00,2520.39,65.20
1762427563.2834623,3.00,2520.39,65.20
1762427564.285401,1.50,2520.39,65.20
1762427565.2872696,1.50,2520.39,65.20
1762427566.2894173,0.50,2520.39,65.20
1762427567.2924986,1.50,2520.39,65.20
1762427568.2947478,0.50,2520.39,65.20
1762427569.2969875,0.50,2520.39,65.20
1762427570.2989464,1.00,2520.38,65.20
1762427571.3004816,0.50,2520.38,65.20
1762427572.3035595,2.50,2520.38,65.20
1762427573.306464,2.00,2520.38,65.20
1762427574.311377,1.00,2520.38,65.20
1762427575.31363,0.50,2520.38,65.20
1762427576.3160956,1.00,2520.36,65.20
1762427577.3181067,0.50,2520.36,65.20
1762427578.3200955,0.50,2520.36,65.20
1762427579.3224523,1.50,2520.36,65.20
1762427580.3245156,0.50,2520.36,65.20
1762427581.3263485,1.00,2520.36,65.20
1762427582.3282876,4.50,2522.79,65.20
1762427583.3304636,0.50,2522.79,65.20
1762427584.3327396,1.00,2522.79,65.20
1762427585.3349576,0.50,2522.79,65.20
1762427586.3373816,0.00,2522.79,65.20
1762427587.3393707,2.00,2524.66,65.30
1762427588.3410506,0.50,2524.66,65.30
1762427589.3431125,0.00,2524.66,65.30
1762427590.3455856,0.50,2524.66,65.30
1762427591.347699,1.50,2524.66,65.30
1762427592.349653,1.00,2524.61,65.30
1762427593.3520136,1.00,2524.61,65.30
1762427594.3540602,0.50,2524.61,65.30
1762427595.3560345,0.00,2524.61,65.30
1762427596.358207,1.00,2524.61,65.30
1762427597.3610594,0.50,2524.61,65.30
1762427598.3633106,0.00,2524.61,65.30
1762427599.3654904,1.00,2524.61,65.30
1762427600.3673036,0.00,2524.61,65.30
1762427601.3692698,1.00,2524.61,65.30
1762427602.3713715,0.00,2524.60,65.30
1762427603.3735974,0.50,2524.59,65.30
1762427604.3755975,1.00,2524.58,65.30
1762427605.3775659,0.50,2524.58,65.30
1762427606.3794265,0.00,2524.58,65.30
1762427607.38124,1.00,2524.58,65.30
1762427608.3834574,0.50,2524.58,65.30
1762427609.3855965,0.50,2524.58,65.30
1762427610.3876276,0.50,2524.58,65.30
1762427611.3894584,0.50,2524.58,65.30
1762427612.39125,0.00,2524.58,65.30
1762427613.393306,0.50,2524.57,65.30
1762427614.3944237,0.50,2524.57,65.30
1762427615.3965485,0.50,2524.57,65.30
1762427616.398462,0.00,2524.57,65.30
1762427617.400487,1.50,2524.57,65.30
1762427618.403411,0.00,2524.57,65.30
1762427619.4054034,5.50,2524.56,65.30
1762427620.4073215,0.00,2524.56,65.30
1762427621.409441,0.50,2524.56,65.30
1762427622.411477,1.00,2524.56,65.30
1762427623.4136422,2.00,2524.56,65.30
1762427624.4165366,1.50,2524.55,65.30
1762427625.4190257,1.00,2524.55,65.30
1762427626.4212615,0.50,2524.55,65.30
1762427627.423601,0.50,2524.55,65.30
1762427628.4264238,0.00,2524.55,65.30
1762427629.4285986,0.50,2524.55,65.30
1762427630.4305272,1.00,2524.55,65.30
1762427631.432554,0.00,2524.55,65.30
1762427632.4347937,0.50,2524.55,65.30
1762427633.4367726,1.00,2524.55,65.30
1762427634.4390905,0.50,2524.55,65.30
1762427635.4406786,17.50,2527.43,65.30
1762427636.4423923,100.00,2527.41,65.30
1762427637.4441817,100.00,2526.97,65.30
1762427638.445315,100.00,2528.20,65.40
1762427639.4476864,100.00,2528.16,65.40
1762427640.4513776,100.00,2524.46,65.30
1762427641.4531798,100.00,2526.36,65.30
1762427642.4572852,100.00,2528.53,65.40
1762427643.4611962,99.50,2524.80,65.30
1762427644.464249,100.00,2530.98,65.40
1762427645.4681718,100.00,2523.46,65.20
1762427646.4698873,100.00,2524.65,65.30
1762427647.473637,100.00,2527.85,65.30
1762427648.4751754,100.00,2526.20,65.30
1762427649.47766,100.00,2525.44,65.30
1762427650.4794366,100.00,2526.96,65.30
1762427651.4813302,100.00,2527.39,65.30
1762427652.4845548,100.00,2524.94,65.30
1762427653.4871967,100.00,2526.93,65.30
1762427654.4893403,100.00,2523.25,65.20
1762427655.4932563,100.00,2526.93,65.30
1762427656.494383,100.00,2526.73,65.30
1762427657.4965925,100.00,2528.93,65.40
1762427658.498418,100.00,2522.79,65.20
1762427659.500248,100.00,2525.77,65.30
1762427660.5037048,100.00,2529.84,65.40
1762427661.5052764,100.00,2523.01,65.20
1762427662.507833,100.00,2522.95,65.20
1762427663.5092711,100.00,2525.71,65.30
1762427664.5113797,100.00,2524.83,65.30
1762427665.5160089,78.40,2525.69,65.30
1762427666.5178204,0.50,2525.69,65.30
1762427667.5201068,2.00,2525.93,65.30
1762427668.5221303,1.50,2525.93,65.30
1762427669.5241477,4.00,2526.64,65.30
1762427670.5263596,1.00,2526.64,65.30
1762427671.5283356,1.00,2526.64,65.30
1762427672.5302536,1.00,2526.88,65.30
1762427673.5324779,0.00,2526.88,65.30
1762427674.534319,1.00,2526.88,65.30
1762427675.5360165,0.50,2526.88,65.30
1762427676.5376565,0.50,2526.88,65.30
1762427677.540462,1.50,2526.88,65.30
1762427678.542288,0.50,2526.88,65.30
1762427679.5443063,7.00,2527.61,65.30
1762427680.5460749,0.50,2527.61,65.30
1762427681.548207,0.50,2527.61,65.30
1762427682.550368,0.50,2527.61,65.30
1762427683.5523632,4.00,2529.33,65.40
1762427684.5543892,1.00,2529.33,65.40
1762427685.556494,1.00,2529.33,65.40
1762427686.5589917,2.00,2529.33,65.40
1762427687.56083,0.50,2529.33,65.40
1762427688.5628228,1.00,2529.33,65.40
1762427689.5652587,0.50,2529.32,65.40
1762427690.567214,1.00,2529.32,65.40
1762427691.5694163,0.50,2529.32,65.40
1762427692.5725064,1.00,2529.32,65.40
1762427693.5747287,1.00,2529.32,65.40
1762427694.5768213,0.50,2529.32,65.40
1762427695.579595,0.50,2529.32,65.40
1762427696.581708,0.50,2529.32,65.40
1762427697.5836651,1.00,2529.32,65.40
1762427698.58577,1.00,2529.32,65.40
1762427699.5880275,0.50,2529.32,65.40
1762427700.5900114,0.50,2529.32,65.40
1762427701.5908287,1.50,2529.32,65.40
1762427702.592802,1.00,2529.32,65.40
1762427703.5952282,1.50,2529.32,65.40
1762427704.5975614,0.50,2529.29,65.40
1762427705.5995817,1.00,2529.29,65.40
1762427706.601363,1.00,2529.29,65.40
1762427707.6038258,0.50,2529.29,65.40
1762427708.6053007,1.00,2529.29,65.40
1762427709.6087134,0.50,2529.28,65.40
1762427710.613709,1.50,2529.28,65.40
1762427711.6156406,5.10,2529.27,65.40
1762427712.6174128,3.60,2529.27,65.40
1762427713.6192176,1.00,2529.25,65.40
1762427714.6210842,0.50,2529.25,65.40
1762427715.6239078,3.00,2529.24,65.40
1762427716.6277635,2.00,2529.22,65.40
1762427717.6303477,0.50,2529.22,65.40
1762427718.6355953,1.00,2529.22,65.40
1762427719.637381,0.00,2529.22,65.40
1762427720.6396441,1.00,2529.22,65.40
1762427721.6425264,0.00,2529.22,65.40
1762427722.6445057,0.50,2529.22,65.40
1762427723.6462154,0.00,2529.22,65.40
1762427724.6477833,0.00,2529.22,65.40
1762427725.6495836,1.00,2529.22,65.40
1762427726.6512907,0.50,2529.21,65.40
1762427727.6532435,0.50,2529.21,65.40
1762427728.655599,0.00,2529.21,65.40
1762427729.6585212,0.50,2529.21,65.40
1762427730.6610634,0.00,2529.21,65.40
1762427731.6636758,0.50,2529.21,65.40
1762427732.6656601,0.00,2529.21,65.40
1762427733.6676257,1.00,2529.21,65.40
1762427734.6697965,0.00,2529.20,65.40
1762427735.6723037,0.00,2529.20,65.40
1762427736.6745532,1.00,2529.19,65.40
1762427737.676296,1.00,2529.19,65.40
1762427738.6782074,0.00,2529.19,65.40
1762427739.6809883,8.00,2529.92,65.40
1762427740.6842432,0.50,2529.92,65.40
1762427741.6857703,0.50,2529.91,65.40
1762427742.688497,0.50,2529.91,65.40
1762427743.6905675,3.50,2529.91,65.40
1762427744.6932101,1.50,2529.91,65.40
1762427745.6955452,0.50,2529.91,65.40
1762427746.6978276,0.50,2529.91,65.40
1762427747.700512,1.00,2529.91,65.40
1762427748.7025,0.50,2529.91,65.40
1762427749.7047646,0.00,2529.91,65.40
1762427750.7072415,0.50,2529.91,65.40
1762427751.7094872,0.50,2529.91,65.40
1762427752.7119915,0.00,2529.91,65.40
1762427753.7292426,0.50,2529.91,65.40
1762427754.7313323,0.50,2529.91,65.40
1762427755.7333477,0.00,2529.91,65.40
1762427756.7343147,2.00,2529.91,65.40
1762427757.7362974,3.50,2529.89,65.40
1762427758.7385874,7.00,2529.89,65.40
1762427759.7404697,6.10,2529.89,65.40
1762427760.7412822,6.00,2529.89,65.40
1762427761.7423568,5.60,2529.89,65.40
1762427762.7442474,5.00,2529.89,65.40
1762427763.7461298,7.10,2529.89,65.40
1762427764.7477453,4.50,2529.89,65.40
1762427765.7502759,3.50,2529.89,65.40
1762427766.7522364,3.00,2529.89,65.40
1762427767.7534602,10.00,2523.19,65.20
1762427768.7565107,31.70,2490.14,64.40
1762427769.7589817,11.00,2486.98,64.30
1762427770.7608042,100.00,2489.17,64.30
1762427771.7653522,100.00,2491.28,64.40
1762427772.767668,100.00,2490.36,64.40
1762427773.7715175,100.00,2489.65,64.40
1762427774.773397,100.00,2488.63,64.30
1762427775.776367,100.00,2485.62,64.30
1762427776.7772627,100.00,2487.80,64.30
1762427777.7813785,100.00,2489.50,64.40
1762427778.7823465,100.00,2484.02,64.20
1762427779.7855794,100.00,2490.27,64.40
1762427780.787694,100.00,2483.67,64.20
1762427781.7906399,100.00,2491.86,64.40
1762427782.7954113,100.00,2490.06,64.40
1762427783.7976294,100.00,2488.25,64.30
1762427784.802239,100.00,2483.83,64.20
1762427785.803971,100.00,2492.90,64.40
1762427786.8054278,100.00,2484.62,64.20
1762427787.8086414,100.00,2485.54,64.30
1762427788.8112001,100.00,2486.28,64.30
1762427789.813504,100.00,2488.77,64.30
1762427790.814609,100.00,2492.25,64.40
1762427791.8164763,100.00,2484.66,64.20
1762427792.8173943,100.00,2490.18,64.40
1762427793.8248234,100.00,2483.97,64.20
1762427794.8277786,100.00,2489.58,64.40
1762427795.8307781,100.00,2490.91,64.40
1762427796.8342388,100.00,2484.50,64.20
1762427797.8362043,100.00,2487.63,64.30
1762427798.837176,100.00,2484.54,64.20
1762427799.8407762,85.00,2483.91,64.20
1762427800.8434732,0.50,2483.91,64.20
1762427801.8457985,9.00,2485.84,64.30
1762427802.8482425,0.00,2485.84,64.30
1762427803.850389,3.00,2486.34,64.30
1762427804.85108,1.50,2486.34,64.30
1762427805.8528252,0.00,2486.34,64.30
1762427806.8550901,1.00,2486.34,64.30
1762427807.8576877,3.50,2488.79,64.30
1762427808.859711,2.00,2488.76,64.30
1762427809.8622274,0.50,2488.76,64.30
1762427810.8642707,0.50,2488.76,64.30
1762427811.866311,1.00,2488.76,64.30
1762427812.8685582,1.00,2488.76,64.30
1762427813.8706608,0.00,2488.76,64.30
1762427814.8723874,1.00,2488.76,64.30
1762427815.8742712,0.50,2488.75,64.30
1762427816.8762643,1.00,2488.74,64.30
1762427817.878737,0.00,2488.74,64.30
1762427818.880628,0.50,2488.74,64.30
1762427819.8823442,0.50,2488.74,64.30
1762427820.884368,0.50,2488.74,64.30
1762427821.8874948,2.50,2488.38,64.30
1762427822.8901036,1.00,2488.38,64.30
1762427823.8920765,2.50,2488.56,64.30
1762427824.8940153,0.50,2488.81,64.30
1762427825.8959992,1.00,2489.06,64.30
1762427826.8988807,1.00,2489.06,64.30
1762427827.9012544,1.00,2489.05,64.30
1762427828.9035773,0.00,2489.05,64.30
1762427829.905991,1.50,2489.05,64.30
1762427830.9078152,1.00,2489.05,64.30
1762427831.9105198,2.00,2489.04,64.30
1762427832.912278,0.00,2489.04,64.30
1762427833.9140263,1.00,2489.04,64.30
1762427834.916274,0.50,2489.04,64.30
1762427835.9193878,1.50,2489.04,64.30
1762427836.921359,1.00,2489.03,64.30
1762427837.9233398,0.50,2489.02,64.30
1762427838.9254973,0.50,2489.02,64.30
1762427839.9289756,0.50,2489.02,64.30
1762427840.9312944,0.50,2489.02,64.30
1762427841.9333794,0.50,2489.02,64.30
1762427842.93557,0.50,2489.02,64.30
1762427843.9380991,1.50,2489.02,64.30
1762427844.9404528,0.00,2489.02,64.30
1762427845.9431412,2.00,2489.49,64.40
1762427846.9453588,0.50,2489.49,64.40
1762427847.948451,1.00,2489.48,64.40
1762427848.9503891,0.00,2489.48,64.40
1762427849.9525838,0.50,2489.48,64.40
1762427850.9545343,1.00,2489.48,64.40
1762427851.956542,0.50,2489.48,64.40
1762427852.9590092,0.50,2489.48,64.40
1762427853.9611516,0.50,2489.48,64.40
1762427854.96362,0.50,2489.48,64.40
1762427855.9663582,0.50,2489.48,64.40
1762427856.969052,0.50,2489.48,64.40
1762427857.971274,0.50,2489.48,64.40
1762427858.9735043,1.00,2489.48,64.40
1762427859.9754217,0.50,2489.47,64.40
1762427860.9785774,0.50,2489.47,64.40
1762427861.980557,1.00,2489.47,64.40
1762427862.9831343,2.00,2489.47,64.40
1762427863.9852424,8.50,2490.21,64.40
1762427864.9871352,0.50,2490.21,64.40
1762427865.9892936,0.50,2490.21,64.40
1762427866.9911103,1.00,2490.20,64.40
1762427867.9931095,0.50,2490.20,64.40
1762427868.9952412,0.50,2490.20,64.40
1762427869.9973404,1.00,2490.20,64.40
1762427870.9997356,0.50,2490.20,64.40
1762427872.001692,0.00,2490.19,64.40
1762427873.0036254,1.00,2490.19,64.40
1762427874.005786,0.00,2490.19,64.40
1762427875.0086472,1.00,2490.19,64.40
1762427876.0108237,0.50,2490.19,64.40
1762427877.0125318,2.00,2490.19,64.40
1762427878.0147,0.50,2490.18,64.40
1762427879.017402,0.00,2490.18,64.40
1762427880.020183,0.50,2490.18,64.40
1762427881.0223382,1.00,2490.17,64.40
1762427882.0243545,0.50,2490.17,64.40
1762427883.0264418,1.00,2490.16,64.40
1762427884.0293744,1.50,2490.16,64.40
1762427885.0320354,0.50,2490.16,64.40
1762427886.0343056,0.50,2490.16,64.40
1762427887.036234,1.00,2490.16,64.40
1762427888.0386915,0.50,2490.16,64.40
1762427889.0409377,0.50,2490.15,64.40
1762427890.0431843,0.50,2490.15,64.40
1762427891.0454025,1.50,2490.15,64.40
1762427892.0476367,0.50,2490.15,64.40
1762427893.0495617,1.00,2490.15,64.40
1762427894.0512013,0.50,2490.15,64.40
1762427895.0528336,0.50,2490.15,64.40
1762427896.0544736,2.00,2490.39,64.40
1762427897.056412,0.50,2490.39,64.40
1762427898.058371,0.50,2490.39,64.40
1762427899.0603232,0.50,2490.39,64.40
1762427900.0623116,0.50,2490.39,64.40
1762427901.06356,1.00,2490.39,64.40
1762427902.0662897,0.50,2490.38,64.40
1762427903.068282,0.50,2490.38,64.40
1762427904.070056,1.00,2490.38,64.40
1762427905.0720363,99.50,2491.18,64.40
1762427906.0740204,100.00,2495.00,64.50
1762427907.0777266,100.00,2491.25,64.40
1762427908.080337,100.00,2490.00,64.40
1762427909.0812976,100.00,2487.45,64.30
1762427910.0873096,100.00,2507.38,64.80
1762427911.0913541,100.00,2491.45,64.40
1762427912.0942543,100.00,2488.45,64.30
1762427913.0969872,100.00,2491.11,64.40
1762427914.1003206,100.00,2487.95,64.30
1762427915.1011846,100.00,2486.94,64.30
1762427916.103696,100.00,2496.08,64.50
1762427917.1053581,100.00,2486.94,64.30
1762427918.1086266,100.00,2490.07,64.40
1762427919.1102767,100.00,2490.93,64.40
1762427920.1116743,100.00,2494.88,64.50
1762427921.1135783,100.00,2490.84,64.40
1762427922.1154482,100.00,2490.11,64.40
1762427923.1181793,100.00,2488.16,64.30
1762427924.119194,99.50,2487.18,64.30
1762427925.1226444,100.00,2493.30,64.50
1762427926.1296597,99.00,2493.02,64.40
1762427927.1311648,100.00,2488.41,64.30
1762427928.1342626,100.00,2497.44,64.60
1762427929.1363368,100.00,2487.32,64.30
1762427930.1428201,100.00,2497.56,64.60
1762427931.1447394,100.00,2490.34,64.40
1762427932.1483865,100.00,2487.38,64.30
1762427933.149909,100.00,2492.01,64.40
1762427934.1534684,93.50,2487.48,64.30
1762427935.156368,0.50,2487.48,64.30
1762427936.158441,1.00,2488.45,64.30
1762427937.160293,1.00,2488.45,64.30
1762427938.1623788,0.50,2488.45,64.30
1762427939.1642768,0.50,2488.45,64.30
1762427940.1654809,1.00,2488.45,64.30
1762427941.1673617,1.00,2488.45,64.30
1762427942.1697278,1.50,2488.45,64.30
1762427943.17208,1.00,2488.43,64.30
1762427944.1736915,1.50,2488.42,64.30
1762427945.1758003,0.50,2488.67,64.30
1762427946.1781468,0.50,2488.67,64.30
1762427947.1806922,0.50,2488.67,64.30
1762427948.183195,0.50,2488.66,64.30
1762427949.1851318,0.50,2488.66,64.30
1762427950.1875787,0.50,2488.66,64.30
1762427951.1894603,2.00,2488.65,64.30
1762427952.1914504,0.50,2488.64,64.30
1762427953.1933348,1.00,2488.64,64.30
1762427954.194297,0.50,2488.64,64.30
1762427955.196325,0.50,2488.64,64.30
1762427956.198512,1.00,2488.64,64.30
1762427957.2010372,1.00,2488.64,64.30
1762427958.2033715,0.50,2488.87,64.30
1762427959.2058127,1.00,2488.87,64.30
1762427960.208554,1.00,2488.87,64.30
1762427961.210773,0.50,2488.87,64.30
1762427962.213349,1.00,2488.86,64.30
1762427963.2155166,0.50,2488.86,64.30
1762427964.2172692,0.50,2488.86,64.30
1762427965.2197895,0.00,2488.86,64.30
1762427966.221806,0.00,2488.86,64.30
1762427967.2241404,0.00,2488.86,64.30
1762427968.2260005,0.00,2488.86,64.30
1762427969.2276297,1.00,2488.86,64.30
1762427970.230027,0.50,2488.86,64.30
1762427971.2314448,0.50,2488.86,64.30
1762427972.2335505,0.50,2488.86,64.30
1762427973.2356699,0.50,2488.86,64.30
1762427974.2377276,0.50,2488.85,64.30
1762427975.239815,1.00,2488.85,64.30
1762427976.2421865,0.50,2488.85,64.30
1762427977.2442117,1.00,2488.85,64.30
1762427978.2460802,0.50,2488.85,64.30
1762427979.2481475,1.00,2488.85,64.30
1762427980.255276,2.50,2488.84,64.30
1762427981.2572584,1.00,2488.84,64.30
1762427982.259159,0.00,2488.84,64.30
1762427983.2611306,2.50,2489.58,64.40
1762427984.2635026,1.50,2489.57,64.40
1762427985.265255,1.00,2489.57,64.40
1762427986.2692904,1.00,2489.57,64.40
1762427987.2735786,7.60,2489.57,64.40
1762427988.277321,0.50,2489.57,64.40
1762427989.2796652,0.00,2489.56,64.40
1762427990.281309,0.50,2489.56,64.40
1762427991.283152,2.00,2489.56,64.40
1762427992.2851849,0.00,2489.56,64.40
1762427993.2874033,0.50,2489.56,64.40
1762427994.289445,1.00,2489.55,64.40
1762427995.2912443,0.00,2489.55,64.40
1762427996.2934103,0.50,2489.55,64.40
1762427997.2955,1.50,2489.54,64.40
1762427998.297451,0.50,2489.54,64.40
1762427999.299343,1.00,2489.54,64.40
1762428000.3011057,0.50,2489.82,64.40
1762428001.3033447,0.50,2489.82,64.40
1762428002.305088,0.50,2489.81,64.40
1762428003.3073874,0.50,2489.81,64.40
1762428004.3097758,1.00,2489.81,64.40
1762428005.312324,1.00,2489.81,64.40
1762428006.313373,0.50,2489.80,64.40
1762428007.3156643,1.00,2489.80,64.40
1762428008.3183029,1.50,2489.80,64.40
1762428009.3207955,0.50,2489.80,64.40
1762428010.322602,0.00,2489.80,64.40
1762428011.3243988,2.00,2489.80,64.40
1762428012.3252747,0.00,2489.80,64.40
1762428013.3274052,1.00,2489.80,64.40
1762428014.3295383,0.50,2489.80,64.40
1762428015.3314834,0.50,2489.80,64.40
1762428016.3342373,1.00,2489.80,64.40
1762428017.33616,0.50,2489.78,64.40
1762428018.338396,0.50,2489.78,64.40
1762428019.3412428,0.00,2489.78,64.40
1762428020.343615,0.50,2489.78,64.40
1762428021.3461986,0.50,2489.77,64.40
1762428022.348501,1.00,2489.77,64.40
1762428023.3505936,0.50,2489.77,64.40
1762428024.352478,0.00,2489.77,64.40
1762428025.3543975,1.50,2489.77,64.40
1762428026.3564303,1.00,2489.77,64.40
1762428027.3585236,1.00,2490.23,64.40
1762428028.3611636,1.00,2490.23,64.40
1762428029.3641388,0.50,2490.23,64.40
1762428030.3660398,0.50,2490.23,64.40
1762428031.3675313,0.50,2490.23,64.40
1762428032.3696387,0.50,2490.23,64.40
1762428033.3718116,0.50,2490.23,64.40
1762428034.3740733,0.50,2490.23,64.40
1762428035.3760166,0.00,2490.23,64.40
1762428036.378277,1.00,2490.23,64.40
1762428037.3802354,1.00,2490.21,64.40
1762428038.3821929,0.00,2490.21,64.40
1762428039.3831773,91.00,2493.69,64.50
1762428040.3853047,100.00,2491.96,64.40
1762428041.3871703,100.00,2492.26,64.40
1762428042.3883488,100.00,2493.34,64.50
1762428043.393187,100.00,2496.12,64.50
1762428044.3951705,100.00,2499.19,64.60
1762428045.3983612,100.00,2500.30,64.60
1762428046.3999474,100.00,2495.52,64.50
1762428047.4022713,100.00,2494.36,64.50
1762428048.4043775,100.00,2498.89,64.60
1762428049.408297,100.00,2493.46,64.50
1762428050.4100676,100.00,2496.42,64.50
1762428051.4117017,100.00,2495.91,64.50
1762428052.4133003,100.00,2494.43,64.50
1762428053.4171653,100.00,2492.53,64.40
1762428054.419294,100.00,2496.43,64.50
1762428055.4213173,100.00,2498.52,64.60
1762428056.4247239,100.00,2494.61,64.50
1762428057.426443,100.00,2498.21,64.60
1762428058.4281802,100.00,2498.52,64.60
1762428059.4291751,100.00,2494.91,64.50
1762428060.4313545,100.00,2494.79,64.50
1762428061.4335444,100.00,2496.60,64.50
1762428062.4364429,100.00,2497.36,64.60
1762428063.4386427,100.00,2499.99,64.60
1762428064.4405951,100.00,2497.24,64.60
1762428065.4417293,100.00,2500.54,64.60
1762428066.4463558,100.00,2499.37,64.60
1762428067.4480379,100.00,2498.37,64.60
1762428068.4530647,100.00,2502.52,64.70
1762428069.4570937,3.00,2491.19,64.40
1762428070.4593236,1.00,2491.19,64.40
1762428071.4620528,2.00,2491.92,64.40
1762428072.4645104,0.50,2491.92,64.40
1762428073.4664495,1.00,2491.92,64.40
1762428074.4686997,0.00,2491.91,64.40
1762428075.4706404,1.00,2491.91,64.40
1762428076.4731276,0.50,2491.91,64.40
1762428077.474994,0.50,2491.91,64.40
1762428078.477064,0.50,2491.91,64.40
1762428079.479124,0.50,2491.91,64.40
1762428080.481548,1.50,2492.14,64.40
1762428081.484177,1.00,2492.14,64.40
1762428082.48661,1.50,2492.38,64.40
1762428083.48871,2.00,2492.59,64.40
1762428084.4910736,0.50,2492.59,64.40
1762428085.493795,1.00,2492.59,64.40
1762428086.4961114,0.50,2492.59,64.40
1762428087.4983578,0.50,2492.59,64.40
1762428088.5004363,0.50,2492.59,64.40
1762428089.5025926,0.50,2492.59,64.40
1762428090.5052686,1.00,2492.59,64.40
1762428091.5073776,0.50,2492.59,64.40
1762428092.5094428,0.00,2492.59,64.40
1762428093.5117724,1.00,2492.58,64.40
1762428094.514214,0.00,2492.58,64.40
1762428095.5163434,0.50,2492.58,64.40
1762428096.517449,1.00,2492.58,64.40
1762428097.5191832,0.50,2492.58,64.40
1762428098.5207164,1.00,2492.58,64.40
1762428099.523385,0.50,2492.57,64.40
1762428100.5252943,0.50,2492.57,64.40
1762428101.5273328,0.00,2492.57,64.40
1762428102.5294456,0.50,2492.57,64.40
1762428103.5321481,3.50,2492.81,64.40
1762428104.5344777,1.00,2492.81,64.40
1762428105.5365908,0.50,2492.81,64.40
1762428106.538577,1.50,2492.81,64.40
1762428107.5415306,2.50,2492.81,64.40
1762428108.5436854,2.00,2492.79,64.40
1762428109.5461938,0.00,2492.79,64.40
1762428110.5485394,0.00,2492.79,64.40
1762428111.5507185,0.50,2492.77,64.40
1762428112.5529535,0.50,2492.77,64.40
1762428113.5555043,1.00,2492.77,64.40
1762428114.557532,0.50,2492.77,64.40
1762428115.559699,5.50,2494.49,64.50
1762428116.5622225,0.50,2494.49,64.50
1762428117.564604,1.50,2494.49,64.50
1762428118.5666192,1.00,2494.47,64.50
1762428119.5685182,0.00,2494.46,64.50
1762428120.570622,1.00,2494.46,64.50
1762428121.5728235,0.50,2494.46,64.50
1762428122.575568,0.00,2494.46,64.50
1762428123.5777867,1.00,2494.46,64.50
1762428124.5807626,1.00,2494.46,64.50
1762428125.583152,0.50,2494.46,64.50
1762428126.5854428,0.50,2494.46,64.50
1762428127.5874956,0.50,2494.46,64.50
1762428128.5895185,1.00,2494.46,64.50
1762428129.592166,1.00,2494.45,64.50
1762428130.594509,0.00,2494.45,64.50
1762428131.5973735,2.00,2494.45,64.50
1762428132.5996327,0.50,2494.45,64.50
1762428133.6022494,0.50,2494.45,64.50
1762428134.6037095,0.00,2494.45,64.50
1762428135.6061275,0.00,2494.45,64.50
1762428136.6085813,0.50,2494.45,64.50
1762428137.6111145,0.50,2494.45,64.50
1762428138.613737,0.00,2494.45,64.50
1762428139.6162825,1.00,2494.45,64.50
1762428140.6184623,1.50,2494.44,64.50
1762428141.6207376,1.00,2494.43,64.50
1762428142.623268,0.00,2494.43,64.50
1762428143.6255212,1.00,2494.43,64.50
1762428144.6281354,0.00,2494.43,64.50
1762428145.6303375,0.50,2494.43,64.50
1762428146.6326654,2.00,2494.64,64.50
1762428147.6346266,0.50,2494.64,64.50
1762428148.6365228,1.00,2494.63,64.50
1762428149.6383765,0.00,2494.63,64.50
1762428150.6404915,0.50,2494.63,64.50
1762428151.6431386,0.50,2494.62,64.50
1762428152.645245,0.50,2494.62,64.50
1762428153.6475716,0.50,2494.62,64.50
1762428154.6497898,1.00,2494.62,64.50
1762428155.6523917,0.50,2494.62,64.50
1762428156.6543286,0.00,2494.62,64.50
1762428157.656388,1.00,2494.61,64.50
1762428158.6586404,0.50,2494.61,64.50
1762428159.660686,1.00,2494.61,64.50
1762428160.6630557,0.00,2494.61,64.50
1762428161.665216,1.00,2494.61,64.50
1762428162.667592,0.00,2494.61,64.50
1762428163.6704805,4.50,2494.60,64.50
1762428164.6729584,0.50,2494.60,64.50
1762428165.6751277,0.50,2494.60,64.50
1762428166.6769028,1.50,2494.60,64.50
1762428167.6781886,1.00,2494.60,64.50
1762428168.6807828,0.00,2494.60,64.50
1762428169.6825244,0.50,2494.60,64.50
1762428170.6841662,0.50,2494.60,64.50
1762428171.68636,0.50,2494.60,64.50
1762428172.6885452,0.50,2494.59,64.50
1762428173.6895268,82.10,2494.77,64.50
1762428174.6922038,100.00,2491.98,64.40
1762428175.6943636,100.00,2495.65,64.50
1762428176.698078,100.00,2494.10,64.50
1762428177.6998975,100.00,2491.07,64.40
1762428178.7031548,99.50,2493.72,64.50
1762428179.705318,100.00,2490.71,64.40
1762428180.706365,100.00,2490.81,64.40
1762428181.7112799,100.00,2489.12,64.30
1762428182.7132807,99.50,2488.79,64.30
1762428183.7143838,100.00,2491.92,64.40
1762428184.7154949,100.00,2491.11,64.40
1762428185.7177186,100.00,2499.48,64.60
1762428186.7191732,100.00,2488.68,64.30
1762428187.7211876,100.00,2495.75,64.50
1762428188.7227602,100.00,2489.86,64.40
1762428189.725516,100.00,2488.88,64.30
1762428190.7272313,100.00,2489.27,64.30
1762428191.728463,100.00,2494.30,64.50
1762428192.7301795,100.00,2496.15,64.50
1762428193.7313387,100.00,2492.34,64.40
1762428194.7325046,100.00,2491.15,64.40
1762428195.7332802,100.00,2490.09,64.40
1762428196.7351835,100.00,2489.14,64.30
1762428197.7392418,100.00,2493.27,64.50
1762428198.7412956,100.00,2498.23,64.60
1762428199.7459064,100.00,2493.74,64.50
1762428200.747184,100.00,2490.87,64.40
1762428201.7513294,100.00,2490.45,64.40
1762428202.7524145,100.00,2490.62,64.40
1762428203.7541049,14.10,2489.06,64.30
1762428204.756195,0.50,2489.06,64.30
1762428205.7583575,1.00,2489.79,64.40
1762428206.7606893,0.50,2489.79,64.40
1762428207.762514,2.00,2490.02,64.40
1762428208.7647545,1.50,2490.02,64.40
1762428209.768154,0.00,2490.02,64.40
1762428210.7704902,1.00,2490.02,64.40
1762428211.7724302,0.00,2490.02,64.40
1762428212.773698,1.00,2490.02,64.40
1762428213.7756512,0.50,2490.02,64.40
1762428214.778198,0.50,2490.02,64.40
1762428215.7807946,0.50,2490.02,64.40
1762428216.7833836,1.00,2490.02,64.40
1762428217.785529,1.00,2490.01,64.40
1762428218.7876184,0.00,2490.01,64.40
1762428219.79037,1.00,2490.01,64.40
1762428220.7922773,0.50,2490.01,64.40
1762428221.7934763,1.50,2490.01,64.40
1762428222.7953181,0.50,2490.00,64.40
1762428223.797303,3.50,2490.00,64.40
1762428224.7991865,0.50,2490.00,64.40
1762428225.8012674,1.50,2490.00,64.40
1762428226.8032835,1.00,2490.00,64.40
1762428227.805476,0.00,2490.00,64.40
1762428228.8077679,0.50,2490.00,64.40
1762428229.812057,1.00,2490.00,64.40
1762428230.8141787,1.00,2490.00,64.40
1762428231.8163395,0.50,2490.00,64.40
1762428232.8184729,0.50,2490.00,64.40
1762428233.8204467,0.50,2490.00,64.40
1762428234.8222246,0.00,2490.00,64.40
1762428235.8239343,9.50,2490.23,64.40
1762428236.825585,0.00,2490.23,64.40
1762428237.8272371,1.00,2490.23,64.40
1762428238.8294475,0.50,2490.21,64.40
1762428239.8316383,1.00,2490.21,64.40
1762428240.8338375,0.00,2490.21,64.40
1762428241.8356936,0.50,2490.21,64.40
1762428242.8378022,0.50,2490.21,64.40
1762428243.8408911,1.00,2490.21,64.40
1762428244.8434358,1.00,2490.20,64.40
1762428245.8451788,0.50,2490.20,64.40
1762428246.8467274,0.50,2490.20,64.40
1762428247.8484533,0.00,2490.20,64.40
1762428248.8504093,0.50,2490.20,64.40
1762428249.8523278,0.50,2490.20,64.40
1762428250.8543615,1.00,2490.20,64.40
1762428251.8561015,0.50,2490.20,64.40
1762428252.8581336,0.00,2490.20,64.40
1762428253.8600094,0.50,2490.18,64.40
1762428254.8617494,0.50,2490.18,64.40
1762428255.900891,5.40,2490.18,64.40
1762428256.9213486,9.60,2490.17,64.40
1762428257.923431,8.00,2490.17,64.40
1762428258.9256952,3.50,2490.17,64.40
1762428259.928197,1.50,2490.17,64.40
1762428260.9304461,0.50,2490.17,64.40
1762428261.9329064,0.50,2490.17,64.40
1762428262.934696,1.00,2490.17,64.40
1762428263.9366674,1.50,2490.17,64.40
1762428264.939022,0.50,2490.17,64.40
1762428265.9408243,1.50,2490.17,64.40
1762428266.9426823,2.00,2490.14,64.40
1762428267.9446418,3.50,2490.14,64.40
1762428268.946563,0.50,2490.14,64.40
1762428269.9485507,1.50,2490.14,64.40
1762428270.950715,1.00,2490.14,64.40
1762428271.953231,0.50,2490.14,64.40
1762428272.9554555,0.50,2490.13,64.40
1762428273.9580216,1.50,2490.13,64.40
1762428274.960361,0.00,2490.13,64.40
1762428275.9625843,0.50,2490.13,64.40
1762428276.9651847,2.50,2490.13,64.40
1762428277.9674833,1.00,2490.13,64.40
1762428278.9694395,1.00,2490.13,64.40
1762428279.9715223,0.50,2490.12,64.40
1762428280.9735236,1.00,2490.12,64.40
1762428281.9757674,2.00,2490.12,64.40
1762428282.9783666,3.00,2490.12,64.40
1762428284.0057712,28.70,2490.12,64.40
1762428285.0403697,34.50,2490.12,64.40
1762428286.0536056,21.20,2490.12,64.40
1762428287.0564845,10.20,2490.12,64.40
1762428288.0582237,2.00,2490.12,64.40
1762428289.060481,1.50,2490.12,64.40
1762428290.0622315,0.50,2490.12,64.40
1762428291.0639672,0.00,2490.11,64.40
1762428292.0654962,0.50,2490.11,64.40
1762428293.0670807,0.50,2490.11,64.40
1762428294.0686371,0.00,2490.11,64.40
1762428295.0704951,0.50,2490.11,64.40
1762428296.0712392,32.70,2490.11,64.40
1762428297.073129,1.00,2490.11,64.40
1762428298.074749,1.00,2490.11,64.40
1762428299.0764554,1.50,2490.11,64.40
1762428300.077568,5.00,2490.10,64.40
1762428301.081055,5.50,2490.10,64.40
1762428302.0837214,7.10,2490.10,64.40
1762428303.0856934,1.50,2490.10,64.40
1762428304.0876858,5.00,2490.10,64.40
1762428305.089454,7.00,2490.08,64.40
1762428306.0912607,0.50,2490.08,64.40
1762428307.092959,2.50,2490.07,64.40
1762428308.0946012,50.30,2481.93,64.20
1762428309.0964289,1.00,2481.95,64.20
1762428310.0984163,2.50,2481.95,64.20
1762428311.1001678,12.10,2481.95,64.20
1762428312.1017036,3.00,2481.95,64.20
1762428313.1033266,0.00,2481.95,64.20
1762428314.1052299,1.00,2481.95,64.20
1762428315.1069896,0.50,2481.93,64.20
1762428316.1087513,0.00,2481.93,64.20
1762428317.1106539,1.00,2481.93,64.20
1762428318.1123154,0.50,2481.93,64.20
1762428319.1139321,0.50,2481.93,64.20
1762428320.115452,1.00,2481.93,64.20
1762428321.117337,0.00,2481.93,64.20
1762428322.1191354,0.50,2481.93,64.20
1762428323.1197474,0.50,2481.93,64.20
1762428324.1214244,0.50,2481.93,64.20
1762428325.1231997,2.50,2481.93,64.20
1762428326.1247733,0.50,2481.91,64.20
1762428327.126553,1.00,2481.91,64.20
1762428328.128408,3.00,2481.91,64.20
1762428329.1302853,0.50,2481.91,64.20
1762428330.1320043,3.50,2481.91,64.20
1762428331.1337824,3.50,2482.16,64.20
1762428332.136317,0.50,2482.15,64.20
1762428333.1383522,0.00,2482.15,64.20
1762428334.1400633,0.50,2482.15,64.20
1762428335.1416287,0.00,2482.14,64.20
1762428336.1435664,0.50,2482.14,64.20
1762428337.1453161,1.00,2482.14,64.20
1762428338.1462018,0.50,2482.14,64.20
1762428339.1479769,0.50,2482.14,64.20
1762428340.1496825,0.00,2482.14,64.20
1762428341.151441,0.00,2482.14,64.20
1762428342.1533396,1.00,2482.14,64.20
1762428343.155155,0.50,2482.14,64.20
1762428344.156815,19.10,2482.13,64.20
1762428345.159096,0.50,2482.13,64.20
1762428346.1613634,1.50,2482.13,64.20
1762428347.1650677,1.00,2482.13,64.20
1762428348.1668317,1.00,2482.12,64.20
1762428349.1686885,0.50,2482.12,64.20
1762428350.170496,0.50,2482.12,64.20
1762428351.1724923,4.00,2482.12,64.20
1762428352.174406,0.00,2482.12,64.20
1762428353.1761324,1.00,2482.12,64.20
1762428354.1783705,0.50,2482.12,64.20
1762428355.18032,0.50,2482.12,64.20
1762428356.1827307,5.50,2482.86,64.20
1762428357.1851046,0.50,2482.85,64.20
1762428358.18723,0.50,2482.85,64.20
1762428359.1892974,0.50,2482.85,64.20
1762428360.1914096,5.50,2482.85,64.20
1762428361.193603,2.50,2482.85,64.20
1762428362.1957188,1.00,2482.85,64.20
1762428363.1983366,0.00,2482.84,64.20
1762428364.2004297,1.50,2482.84,64.20
1762428365.2023647,0.50,2482.84,64.20
1762428366.2049296,0.00,2482.84,64.20
1762428367.2074897,1.00,2482.84,64.20
1762428368.2093077,1.00,2482.84,64.20
1762428369.2109463,0.50,2482.84,64.20
1762428370.2127771,0.50,2482.84,64.20
1762428371.2147543,1.00,2482.84,64.20
1762428372.2177913,1.00,2482.83,64.20
1762428373.2206676,0.50,2482.83,64.20
1762428374.2225997,0.50,2482.83,64.20
1762428375.2247248,1.00,2482.83,64.20
1762428376.227409,0.00,2482.83,64.20
1762428377.2298286,0.50,2482.83,64.20
1762428378.2322547,1.00,2482.83,64.20
1762428379.2344186,0.50,2482.83,64.20
1762428380.2367637,0.00,2482.83,64.20
1762428381.2392008,0.50,2482.83,64.20
1762428382.241365,0.00,2482.83,64.20
1762428383.2437134,0.50,2482.82,64.20
1762428384.2455645,0.50,2482.82,64.20
1762428385.247402,0.50,2482.82,64.20
1762428386.2495697,0.50,2482.81,64.20
1762428387.2514434,0.50,2482.81,64.20
1762428388.2533429,0.50,2482.81,64.20
1762428389.2552755,6.00,2482.81,64.20
1762428390.256664,0.00,2482.81,64.20
1762428391.2588148,0.50,2482.81,64.20
1762428392.261338,0.50,2482.81,64.20
1762428393.2633872,0.50,2482.81,64.20
1762428394.265373,1.00,2482.81,64.20
1762428395.2676404,0.50,2482.80,64.20
1762428396.2703812,1.00,2482.80,64.20
1762428397.272449,1.00,2482.80,64.20
1762428398.2745793,0.00,2482.80,64.20
1762428399.277255,0.50,2482.80,64.20
1762428400.279179,0.50,2482.80,64.20
1762428401.2807853,0.00,2482.80,64.20
1762428402.2826574,0.50,2482.79,64.20
1762428403.2846222,0.50,2482.79,64.20
1762428404.2871668,3.00,2482.79,64.20
1762428405.2892551,0.00,2482.79,64.20
1762428406.2910748,1.50,2482.79,64.20
1762428407.2927105,1.50,2482.79,64.20
1762428408.2943554,8.00,2483.03,64.20
1762428409.29597,2.00,2483.00,64.20
1762428410.2984254,1.00,2483.00,64.20
1762428411.3001437,0.50,2483.00,64.20
1762428412.3023517,0.50,2483.00,64.20
1762428413.3047674,0.50,2483.00,64.20
1762428414.3073726,0.50,2482.99,64.20
1762428415.3097224,4.00,2483.24,64.20
1762428416.3122284,7.50,2484.94,64.20
1762428417.3143203,1.00,2484.94,64.20
1762428418.3165975,3.00,2484.94,64.20
1762428419.3186965,1.00,2484.94,64.20
1762428420.3211935,1.50,2484.93,64.20
1762428421.3235652,0.50,2484.93,64.20
1762428422.3254979,1.50,2484.93,64.20
1762428423.3276432,0.00,2484.93,64.20
1762428424.330145,1.50,2484.92,64.20
1762428425.3325844,1.00,2484.92,64.20
1762428426.3352542,1.00,2484.91,64.20
1762428427.3372827,1.00,2484.91,64.20
1762428428.3389328,21.00,2500.64,64.60
1762428429.341095,1.50,2500.63,64.60
1762428430.3437204,1.00,2500.63,64.60
1762428431.3456492,2.00,2500.63,64.60
1762428432.3468094,0.50,2500.63,64.60
1762428433.3493013,1.00,2500.63,64.60
1762428434.3512046,0.50,2500.61,64.60
1762428435.3535883,0.50,2500.61,64.60
1762428436.3557248,0.50,2500.61,64.60
1762428437.3584158,0.50,2500.61,64.60
1762428438.360621,1.00,2500.61,64.60
1762428439.3626826,0.50,2500.61,64.60
1762428440.364622,1.00,2500.60,64.60
1762428441.3674338,0.50,2500.60,64.60
1762428442.3691857,0.50,2500.60,64.60
1762428443.3721166,1.00,2500.60,64.60
1762428444.3744075,0.00,2500.60,64.60
1762428445.37665,0.50,2500.60,64.60
1762428446.378809,1.00,2500.60,64.60
1762428447.3812718,0.50,2500.60,64.60
1762428448.3833122,0.50,2500.60,64.60
1762428449.385486,0.50,2500.60,64.60
1762428450.3883402,1.00,2500.60,64.60
1762428451.3902912,0.50,2500.59,64.60
1762428452.392342,0.50,2500.59,64.60
1762428453.3942733,1.00,2500.59,64.60
1762428454.3962903,0.50,2500.59,64.60
1762428455.3974378,0.00,2500.59,64.60
1762428456.399429,1.00,2500.59,64.60
1762428457.4014072,0.50,2500.59,64.60
1762428458.40369,0.50,2500.59,64.60
1762428459.4066904,2.00,2500.59,64.60
1762428460.40882,0.50,2500.59,64.60
1762428461.4111807,1.00,2500.59,64.60
1762428462.4133334,0.50,2500.58,64.60
1762428463.415602,1.00,2500.58,64.60
1762428464.4177704,3.00,2500.58,64.60
1762428465.4195533,1.00,2500.58,64.60
1762428466.421737,0.50,2500.58,64.60
1762428467.4242005,1.00,2500.58,64.60
1762428468.4270134,0.50,2500.58,64.60
1762428469.4296203,1.00,2500.58,64.60
1762428470.4318311,0.00,2500.57,64.60
1762428471.434454,1.00,2500.57,64.60
1762428472.43681,0.50,2500.57,64.60
1762428473.438678,0.50,2500.57,64.60
1762428474.4406786,1.00,2500.57,64.60
1762428475.4432578,0.00,2500.57,64.60
1762428476.4452977,5.50,2500.57,64.60
1762428477.4471755,1.50,2500.57,64.60
1762428478.4495435,1.00,2500.57,64.60
1762428479.4517658,0.50,2500.57,64.60
1762428480.4538097,1.50,2500.55,64.60
1762428481.456767,0.50,2500.55,64.60
1762428482.4587796,0.50,2500.55,64.60
1762428483.461342,1.00,2500.55,64.60
1762428484.4633014,1.00,2500.55,64.60
1762428485.4663978,0.50,2500.55,64.60
1762428486.4688346,0.50,2500.55,64.60
1762428487.4714258,0.50,2500.55,64.60
1762428488.4736686,1.00,2500.55,64.60
1762428489.47651,0.50,2500.55,64.60
1762428490.478667,0.50,2500.55,64.60
1762428491.4811866,1.00,2500.54,64.60
1762428492.483229,0.50,2500.54,64.60
1762428493.4853776,1.00,2500.54,64.60
1762428494.4876454,0.00,2500.53,64.60
1762428495.4898345,0.50,2500.53,64.60
1762428496.4919765,0.50,2500.53,64.60
1762428497.4936988,0.00,2500.53,64.60
1762428498.4962795,0.50,2500.53,64.60
1762428499.4984975,1.00,2500.53,64.60
1762428500.5004826,0.50,2500.53,64.60
1762428501.5023372,0.50,2500.52,64.60
1762428502.5048308,0.50,2500.52,64.60
1762428503.5073104,0.50,2500.52,64.60
1762428504.509435,0.00,2500.52,64.60
1762428505.5113616,0.50,2500.52,64.60
1762428506.5130785,1.00,2500.51,64.60
1762428507.515048,1.00,2500.51,64.60
1762428508.5168352,0.00,2500.51,64.60
1762428509.5188138,1.50,2500.51,64.60
1762428510.520751,0.00,2500.50,64.60
1762428511.5320563,1.00,2500.49,64.60
1762428512.533765,0.00,2500.49,64.60
1762428513.5355046,0.50,2500.49,64.60
1762428514.5373375,0.00,2500.49,64.60
1762428515.5391076,0.50,2500.49,64.60
1762428516.5407457,0.00,2500.49,64.60
1762428517.543333,1.00,2500.49,64.60
1762428518.5461156,0.50,2500.49,64.60
1762428519.54852,1.00,2500.49,64.60
1762428520.5501533,0.00,2500.49,64.60
1762428521.5522413,1.00,2500.48,64.60
1762428522.554102,0.50,2500.48,64.60
1762428523.5563016,1.50,2500.48,64.60
1762428524.5583491,2.50,2500.48,64.60
1762428525.560228,0.50,2500.48,64.60
1762428526.5625243,1.00,2500.48,64.60
1762428527.564648,0.50,2500.48,64.60
1762428528.5674727,1.00,2500.48,64.60
1762428529.5694692,0.00,2500.48,64.60
1762428530.5715876,1.50,2500.48,64.60
1762428531.5742364,0.50,2500.47,64.60
1762428532.5767198,0.00,2500.47,64.60
1762428533.5792773,1.00,2500.47,64.60
1762428534.5812597,0.50,2500.47,64.60
1762428535.5832794,0.50,2500.47,64.60
1762428536.5854988,5.50,2500.47,64.60
1762428537.5876305,0.50,2500.47,64.60
1762428538.5896692,0.50,2500.47,64.60
1762428539.5916653,0.00,2500.47,64.60
1762428540.593797,1.00,2500.46,64.60
1762428541.5964963,0.50,2500.46,64.60
1762428542.5982869,0.50,2500.46,64.60
1762428543.600932,2.00,2500.46,64.60
1762428544.6031196,1.00,2500.46,64.60
1762428545.605316,1.00,2500.43,64.60
1762428546.6072068,1.00,2500.43,64.60
1762428547.609219,3.50,2500.42,64.60
1762428548.6112514,1.50,2500.41,64.60
1762428549.6133482,1.00,2500.41,64.60
1762428550.6154852,0.50,2500.41,64.60
1762428551.617451,2.00,2500.40,64.60
1762428552.619333,0.00,2500.40,64.60
1762428553.621541,0.50,2500.40,64.60
1762428554.623762,1.50,2500.39,64.60
1762428555.6266766,0.50,2500.39,64.60
1762428556.6288261,1.00,2500.39,64.60
1762428557.630727,0.00,2500.39,64.60
1762428558.6335301,0.50,2500.39,64.60
1762428559.636432,1.00,2500.39,64.60
1762428560.6408055,0.50,2500.39,64.60
1762428561.6427774,48.00,2481.96,64.20
1762428562.6443696,15.70,2486.05,64.30
1762428563.6460366,70.60,2494.83,64.50
1762428564.6475084,95.00,2499.59,64.60
1762428565.6494002,79.90,2503.18,64.70
1762428566.6518342,63.50,2522.72,65.20
1762428567.6531496,44.40,2549.54,65.90
1762428568.6547742,6.60,2549.49,65.90
1762428569.6584213,5.00,2549.73,65.90
1762428570.6604795,5.70,2549.73,65.90
1762428571.6631446,5.00,2549.73,65.90
1762428572.6651878,1.00,2549.73,65.90
1762428573.6671877,1.50,2549.73,65.90
1762428574.6693811,1.50,2549.73,65.90
1762428575.671762,1.00,2549.73,65.90
1762428576.674609,3.00,2549.73,65.90
1762428577.6773715,1.50,2549.72,65.90
1762428578.6802335,1.00,2549.72,65.90
1762428579.6825883,4.00,2549.72,65.90
1762428580.6854737,1.00,2549.72,65.90
1762428581.6881778,3.50,2549.71,65.90
1762428582.6906867,0.50,2549.71,65.90
1762428583.6933,3.00,2549.71,65.90
1762428584.6955178,3.50,2549.71,65.90
1762428585.698274,1.50,2549.71,65.90
1762428586.7004662,1.00,2549.71,65.90
1762428587.7031465,1.00,2549.71,65.90
1762428588.705744,1.50,2549.71,65.90
1762428589.7084477,1.00,2549.70,65.90
1762428590.711558,1.00,2549.70,65.90
1762428591.7142797,0.50,2549.70,65.90
1762428592.716222,2.50,2546.28,65.80
1762428593.7181091,1.00,2546.28,65.80
1762428594.720417,3.00,2546.28,65.80
1762428595.7225094,4.60,2546.74,65.80
