timestamp,cpu_percent,mem_used_mb
1762100517.0868921,31.60,1408.01
1762100518.0888894,6.60,1408.45
1762100519.0907774,1.00,1408.45
1762100520.0927107,1.00,1408.43
1762100521.094596,1.50,1408.43
1762100522.0967603,2.00,1408.43
1762100523.099277,1.50,1408.43
1762100524.100921,2.00,1408.44
1762100525.101597,47.70,1390.29
1762100526.102748,46.80,1384.12
1762100527.1047065,63.20,1370.26
1762100528.1063714,58.60,1360.00
1762100529.1079152,57.60,1351.73
1762100530.1089945,47.20,1351.66
1762100531.114384,54.30,1351.55
1762100532.1159053,63.10,1350.79
1762100533.1176314,52.90,1350.89
1762100534.1186285,56.50,1350.71
1762100535.1204333,58.00,1350.88
1762100536.1216154,54.50,1351.15
1762100537.1232743,56.90,1350.69
1762100538.1250489,52.60,1350.90
1762100539.1270056,52.60,1350.45
1762100540.1288793,53.10,1350.80
1762100541.1314013,53.00,1350.90
1762100542.1333532,56.20,1350.83
1762100543.134663,58.70,1350.85
1762100544.13559,56.50,1350.97
1762100545.137203,73.60,1350.73
1762100546.1389987,57.50,1350.84
1762100547.140456,51.90,1350.89
1762100548.1419814,59.60,1350.93
1762100549.1440217,70.60,1350.84
1762100550.1458976,79.30,1350.78
1762100551.1482832,75.70,1350.98
1762100552.1503747,80.30,1351.42
1762100553.1525235,81.70,1351.71
1762100554.1540713,74.70,1351.57
1762100555.156265,7.60,1348.40
1762100556.1584435,1.50,1348.40
1762100557.160394,0.00,1348.40
1762100558.1620412,4.50,1352.02
1762100559.1636634,3.00,1351.93
1762100560.165756,0.00,1351.92
1762100561.1676702,1.50,1351.92
1762100562.169773,12.40,1353.48
1762100563.171824,4.00,1353.22
1762100564.1736946,2.50,1352.62
1762100565.175611,4.00,1352.59
1762100566.1776147,0.50,1352.59
1762100567.1797643,3.50,1352.59
1762100568.181671,2.00,1352.63
1762100569.1834974,6.50,1351.90
1762100570.1855562,1.00,1351.38
1762100571.1875424,1.00,1348.75
1762100572.1897318,0.50,1348.68
1762100573.191803,3.00,1348.68
1762100574.193648,3.50,1347.95
1762100575.194869,1.00,1347.95
1762100576.1967244,1.50,1347.95
1762100577.1991656,0.50,1347.95
1762100578.2010684,1.50,1347.95
1762100579.20257,1.00,1347.94
1762100580.2047033,1.00,1347.94
1762100581.2083385,0.00,1347.94
1762100582.2103212,1.00,1347.46
1762100583.2124312,0.50,1347.46
1762100584.2142437,2.00,1347.46
1762100585.2176862,0.50,1347.46
1762100586.2199173,2.50,1347.46
1762100587.2229693,0.00,1347.45
1762100588.2250552,7.00,1347.08
1762100589.2268453,0.50,1347.08
1762100590.228958,1.00,1347.08
1762100591.2308407,0.50,1347.08
1762100592.234,0.50,1347.08
1762100593.236555,0.00,1347.08
1762100594.2390876,1.00,1347.08
1762100595.2422702,2.00,1347.32
1762100596.2445154,2.50,1347.32
1762100597.245687,1.00,1347.32
1762100598.2496128,1.50,1347.32
1762100599.251396,0.00,1347.32
1762100600.2529297,0.00,1347.32
1762100601.2547882,0.90,1347.32
1762100602.2564754,0.50,1347.32
1762100603.2583675,0.00,1347.31
1762100604.2599907,0.00,1347.31
1762100605.2618766,1.00,1347.31
1762100606.2635965,1.00,1347.31
1762100607.2652748,1.50,1347.31
1762100608.2669327,0.50,1347.31
1762100609.2687054,1.00,1347.31
1762100610.2706902,0.50,1347.30
1762100611.2725785,1.50,1347.29
1762100612.274237,0.00,1347.29
1762100613.2758987,0.00,1347.29
1762100614.2775757,1.00,1347.29
1762100615.2792003,0.00,1347.29
1762100616.2809432,1.00,1347.29
1762100617.2825513,1.50,1347.20
1762100618.2842631,3.00,1347.41
1762100619.2860126,3.00,1347.41
1762100620.287683,0.00,1347.41
1762100621.289446,0.00,1347.41
1762100622.2912297,0.00,1347.41
1762100623.292946,0.50,1347.41
1762100624.294778,0.00,1347.41
1762100625.2964787,5.50,1347.64
1762100626.2982109,1.50,1347.61
1762100627.299923,0.50,1347.53
1762100628.3016276,1.00,1347.50
1762100629.303107,1.00,1347.50
1762100630.3047059,0.50,1347.50
1762100631.3063169,3.00,1347.43
1762100632.3078957,0.00,1347.43
1762100633.309577,1.00,1347.43
1762100634.311298,0.00,1347.43
1762100635.3128078,0.00,1347.43
1762100636.3144877,2.00,1347.43
1762100637.3165076,1.00,1347.42
1762100638.3183327,1.50,1347.42
1762100639.320061,0.50,1347.41
1762100640.3218837,0.50,1347.41
1762100641.3235128,0.50,1347.40
1762100642.3253975,0.00,1347.40
1762100643.3270683,0.50,1347.40
1762100644.3289974,0.00,1347.40
1762100645.3311162,0.00,1347.40
1762100646.33279,1.00,1347.40
1762100647.334495,1.50,1347.40
1762100648.335977,1.00,1347.20
1762100649.3377569,1.00,1347.20
1762100650.3393512,1.00,1347.19
1762100651.3410637,0.50,1347.19
1762100652.342771,0.50,1347.19
1762100653.3445802,0.00,1347.19
1762100654.3464859,0.50,1347.19
1762100655.3482423,0.50,1347.18
1762100656.3500445,1.00,1347.12
1762100657.3515909,1.50,1347.09
1762100658.3530626,22.30,1338.34
1762100659.354591,76.20,1338.25
1762100660.356077,70.60,1338.51
1762100661.3575583,69.40,1338.76
1762100662.3585691,56.10,1338.47
1762100663.3598695,52.40,1338.16
1762100664.36176,53.10,1338.56
1762100665.3624356,53.40,1338.79
1762100666.3641694,58.00,1338.72
1762100667.36586,64.90,1338.77
1762100668.3676572,63.20,1338.71
1762100669.368777,56.30,1338.49
1762100670.3698623,69.90,1338.76
1762100671.3718388,58.00,1338.76
1762100672.372612,54.90,1338.76
1762100673.374007,53.80,1338.57
1762100674.374761,54.80,1338.66
1762100675.376246,57.00,1339.00
1762100676.3782716,55.30,1338.71
1762100677.3805106,56.00,1338.84
1762100678.38244,56.40,1338.83
1762100679.384405,55.80,1339.13
1762100680.3866193,67.30,1339.07
1762100681.387801,55.30,1338.97
1762100682.3893824,55.30,1339.04
1762100683.3906286,57.80,1338.95
1762100684.3925986,57.70,1339.09
1762100685.3960307,52.20,1338.84
1762100686.398846,74.20,1339.36
1762100687.40008,79.90,1339.32
1762100688.4019585,50.50,1338.00
1762100689.4036841,1.00,1338.00
1762100690.405379,1.00,1338.00
1762100691.4069366,1.00,1338.18
1762100692.408535,0.50,1338.18
1762100693.4109807,0.00,1338.17
1762100694.4126062,0.50,1338.17
1762100695.4142802,0.50,1338.17
1762100696.4158833,0.50,1338.17
1762100697.4164996,1.50,1338.17
1762100698.4179697,1.00,1338.17
1762100699.419512,0.50,1338.16
1762100700.4210436,1.50,1338.16
1762100701.4228344,0.50,1338.16
1762100702.424562,0.50,1338.16
1762100703.4264686,0.00,1338.16
1762100704.4279916,1.00,1338.16
1762100705.4297001,0.00,1338.15
1762100706.43156,0.00,1338.15
1762100707.4333894,1.50,1338.15
1762100708.434945,1.00,1338.15
1762100709.4365268,1.00,1338.14
1762100710.43825,1.50,1338.14
1762100711.43998,0.00,1338.14
1762100712.4416149,0.00,1338.14
1762100713.4432511,0.50,1338.14
1762100714.4448788,0.50,1338.14
1762100715.446561,0.50,1338.14
1762100716.4480038,0.00,1338.14
1762100717.4497323,1.00,1338.14
1762100718.4514222,1.50,1338.14
1762100719.4530356,1.00,1338.14
1762100720.4547665,1.00,1338.14
1762100721.4564986,0.50,1338.14
1762100722.4582412,1.00,1338.13
1762100723.4598353,0.00,1338.12
1762100724.4615462,0.50,1338.12
1762100725.4633276,0.00,1338.12
1762100726.4650486,0.50,1338.12
1762100727.4668427,1.50,1338.12
1762100728.4684732,0.50,1338.12
1762100729.470194,1.00,1338.12
1762100730.471914,2.00,1338.12
1762100731.4736543,1.00,1338.12
1762100732.4754066,0.00,1338.12
1762100733.4770157,0.50,1338.12
1762100734.4788377,0.50,1338.12
1762100735.4805245,0.00,1338.12
1762100736.482033,1.00,1338.12
1762100737.4836564,0.50,1338.12
1762100738.4854445,1.00,1338.12
1762100739.4871016,1.00,1338.12
1762100740.4888473,1.50,1338.12
1762100741.4904175,1.00,1338.11
1762100742.492474,0.00,1338.11
1762100743.4942315,0.00,1338.11
1762100744.495946,0.50,1338.11
1762100745.4976313,0.00,1338.11
1762100746.4992504,0.00,1338.11
1762100747.5009122,5.50,1338.11
1762100748.5026097,1.00,1338.11
1762100749.503794,1.00,1338.11
1762100750.5054853,1.00,1338.28
1762100751.5071006,0.50,1338.28
1762100752.5087714,0.00,1338.28
1762100753.5105336,0.50,1338.28
1762100754.5123253,0.00,1338.28
1762100755.514203,0.50,1338.28
1762100756.5159388,0.50,1338.28
1762100757.517583,0.00,1338.28
1762100758.5193534,1.50,1338.28
1762100759.521039,1.00,1338.27
1762100760.522706,1.50,1338.27
1762100761.5244963,0.00,1338.27
1762100762.5262318,0.00,1338.27
1762100763.5278602,0.50,1338.27
1762100764.5295243,0.00,1338.27
1762100765.5310884,0.00,1338.27
1762100766.5328305,0.50,1338.23
1762100767.5344942,1.00,1338.23
1762100768.5363452,0.50,1338.23
1762100769.5379176,1.50,1338.23
1762100770.5397716,1.50,1338.23
1762100771.541422,0.00,1338.22
1762100772.543028,0.00,1338.22
1762100773.5446708,0.50,1338.22
1762100774.546376,0.50,1338.22
1762100775.547943,0.00,1338.22
1762100776.5495481,0.00,1338.21
1762100777.551195,1.00,1338.21
1762100778.5528607,0.50,1338.21
1762100779.5544822,1.00,1338.21
1762100780.5562532,1.00,1338.21
1762100781.5577927,0.50,1338.21
1762100782.5595539,1.00,1338.20
1762100783.5613403,0.00,1338.20
1762100784.5630057,0.50,1338.20
1762100785.564834,0.50,1338.20
1762100786.5664918,0.50,1338.20
1762100787.5683827,0.50,1338.20
1762100788.5699532,1.50,1338.08
1762100789.5716002,1.00,1338.30
1762100790.5733306,1.00,1338.30
1762100791.5748794,1.00,1338.30
1762100792.576683,3.10,1338.63
1762100793.5778663,51.10,1338.50
1762100794.5804145,66.00,1338.75
1762100795.5814362,56.90,1338.58
1762100796.5827963,53.40,1338.86
1762100797.5842862,58.70,1338.63
1762100798.585712,68.00,1339.14
1762100799.5876098,74.10,1338.76
1762100800.5890727,63.40,1338.53
1762100801.590806,65.80,1338.74
1762100802.592501,71.20,1338.64
1762100803.5942707,53.70,1338.70
1762100804.59605,70.20,1338.70
1762100805.5975342,78.40,1338.70
1762100806.5997357,78.30,1338.69
1762100807.601754,77.90,1338.54
1762100808.60251,66.10,1338.62
1762100809.6046786,75.70,1338.67
1762100810.606494,79.20,1338.65
1762100811.6074414,79.00,1338.64
1762100812.6087723,78.90,1338.64
1762100813.6105096,77.80,1338.64
1762100814.6122947,66.10,1338.70
1762100815.6137204,75.40,1338.64
1762100816.615197,78.00,1338.86
1762100817.6173935,78.70,1338.98
1762100818.6188383,78.10,1338.84
1762100819.6204967,79.10,1339.04
1762100820.6222746,65.50,1338.98
1762100821.6237106,62.70,1338.84
1762100822.625375,66.30,1338.05
1762100823.6270978,0.50,1338.05
1762100824.6287308,0.50,1338.05
1762100825.630396,1.00,1338.29
1762100826.6320202,1.00,1338.29
1762100827.6338434,0.00,1338.29
1762100828.635527,1.00,1338.29
1762100829.6371017,1.50,1338.29
1762100830.6387248,2.00,1338.29
1762100831.6404488,1.00,1338.28
1762100832.642206,0.00,1338.28
1762100833.6442027,0.50,1338.28
1762100834.6458032,1.00,1338.27
1762100835.647427,0.00,1338.27
1762100836.6493473,0.50,1338.27
1762100837.6509058,0.50,1338.27
1762100838.6524913,1.00,1338.27
1762100839.6543171,1.00,1338.27
1762100840.6560774,1.50,1338.27
1762100841.6578307,1.00,1338.27
1762100842.6594746,0.50,1338.27
1762100843.6610527,0.50,1338.51
1762100844.6629038,0.50,1338.51
1762100845.6645029,1.00,1338.51
1762100846.6660583,0.50,1338.51
1762100847.6677816,0.00,1338.51
1762100848.6700995,1.00,1338.51
1762100849.67178,1.00,1338.51
1762100850.673593,0.50,1338.51
1762100851.675269,2.50,1338.51
1762100852.6768613,0.50,1338.51
1762100853.6787405,4.50,1338.74
1762100854.6804805,0.50,1338.72
1762100855.6819873,0.00,1338.72
1762100856.6835275,1.00,1338.72
1762100857.685323,0.00,1338.72
1762100858.687011,2.50,1339.39
1762100859.6886508,1.00,1339.20
1762100860.6903734,2.50,1339.18
1762100861.6920125,1.50,1339.18
1762100862.6939905,3.50,1340.62
1762100863.6955438,1.50,1340.49
1762100864.6972623,1.00,1340.41
1762100865.6982207,0.50,1340.39
1762100866.7000196,0.00,1340.39
1762100867.701317,5.00,1340.39
1762100868.70293,1.50,1340.39
1762100869.704605,1.00,1340.39
1762100870.7063363,11.10,1340.96
1762100871.7079973,1.00,1340.89
1762100872.7098653,0.00,1340.89
1762100873.7116206,0.00,1340.89
1762100874.7133706,1.00,1340.89
1762100875.7148736,0.00,1340.89
1762100876.716465,0.00,1340.89
1762100877.7180724,0.50,1340.89
1762100878.7196772,0.50,1340.89
1762100879.7212267,1.00,1340.89
1762100880.7228289,1.00,1340.89
1762100881.7244048,1.50,1340.88
1762100882.7260795,1.00,1340.88
1762100883.728031,0.00,1340.88
1762100884.7299976,0.50,1340.88
1762100885.7316325,0.50,1340.86
1762100886.7335324,0.00,1340.86
1762100887.7353208,0.50,1340.84
1762100888.737014,0.00,1340.84
1762100889.738637,1.00,1340.83
1762100890.7406607,1.50,1340.83
1762100891.7422802,1.00,1340.83
1762100892.7439585,0.50,1340.83
1762100893.7446752,0.50,1340.83
1762100894.746482,0.00,1340.83
1762100895.7479708,0.50,1340.82
1762100896.7494092,0.00,1340.82
1762100897.7510848,0.00,1340.82
1762100898.7522917,0.00,1340.82
1762100899.7541983,0.00,1340.82
1762100900.7558734,1.50,1340.82
1762100901.7577777,1.50,1340.82
1762100902.7598526,0.50,1340.82
1762100903.7615576,0.00,1340.82
1762100904.763257,1.00,1340.81
1762100905.7649364,0.50,1340.81
1762100906.7665288,0.00,1340.80
1762100907.7682924,0.50,1340.80
1762100908.7699044,0.00,1340.80
1762100909.771682,1.50,1340.80
1762100910.7735374,2.00,1341.54
1762100911.7753253,1.00,1341.53
1762100912.7771034,0.50,1341.53
1762100913.778864,0.50,1341.53
1762100914.7804697,0.00,1341.52
1762100915.7821164,0.50,1341.52
1762100916.783703,0.00,1341.52
1762100917.785438,0.50,1341.52
1762100918.7870433,0.00,1341.52
1762100919.7887623,1.50,1341.51
1762100920.7906125,1.50,1341.45
1762100921.7918198,1.00,1341.45
1762100922.7934132,1.00,1341.45
1762100923.7952526,0.50,1341.45
1762100924.796786,0.50,1341.45
1762100925.7984684,0.50,1341.44
1762100926.8002064,0.50,1341.44
1762100927.801515,26.80,1341.32
1762100928.803324,55.00,1341.45
1762100929.8052113,71.30,1341.53
1762100930.8066428,73.20,1341.51
1762100931.8077629,46.30,1341.47
1762100932.809562,59.70,1341.59
1762100933.8116567,75.10,1341.55
1762100934.8131135,77.10,1341.56
1762100935.8148344,67.50,1341.84
1762100936.8162773,56.60,1341.54
1762100937.81788,48.80,1341.59
1762100938.8193605,61.20,1341.59
1762100939.8212628,59.10,1341.39
1762100940.822672,62.40,1341.77
1762100941.8239625,62.60,1341.68
1762100942.8261,66.90,1341.54
1762100943.828498,73.50,1341.92
1762100944.8304963,78.20,1341.48
1762100945.8324316,80.30,1341.57
1762100946.833858,73.60,1341.63
1762100947.8354442,64.90,1341.57
1762100948.836629,77.80,1341.66
1762100949.8380795,80.00,1341.78
1762100950.8405507,80.00,1341.71
1762100951.8423219,73.40,1341.65
1762100952.8435836,68.60,1341.59
1762100953.8456903,79.40,1341.72
1762100954.8473787,77.70,1341.60
1762100955.8492866,71.30,1341.71
1762100956.8511155,38.00,1341.53
1762100957.852739,2.10,1340.86
1762100958.854298,0.00,1340.86
1762100959.85652,1.00,1340.86
1762100960.858061,2.50,1341.10
1762100961.8596957,1.00,1341.10
1762100962.861731,0.00,1341.10
1762100963.8637419,1.00,1341.10
1762100964.8656523,0.50,1341.10
1762100965.8674805,0.50,1341.10
1762100966.87038,0.50,1341.10
1762100967.8722777,0.50,1341.10
1762100968.8738406,0.00,1341.10
1762100969.8756332,2.00,1341.10
1762100970.8772213,1.50,1341.09
1762100971.8787708,1.50,1341.09
1762100972.8804927,0.00,1341.09
1762100973.8821752,1.00,1341.09
1762100974.8837929,1.00,1341.09
1762100975.8854852,0.50,1341.08
1762100976.8870764,0.00,1341.08
1762100977.888772,0.00,1341.08
1762100978.8912253,1.00,1341.08
1762100979.892791,0.00,1341.08
1762100980.8944087,3.50,1341.08
1762100981.8959339,2.00,1341.08
1762100982.8974638,1.00,1341.08
1762100983.8993082,1.00,1341.07
1762100984.9012482,0.50,1341.07
1762100985.9030647,1.00,1341.07
1762100986.9047887,0.00,1341.06
1762100987.9065151,0.50,1341.06
1762100988.9083643,0.00,1341.06
1762100989.9102688,4.50,1341.06
1762100990.9118578,1.50,1341.06
1762100991.913486,0.50,1341.06
1762100992.9150255,2.00,1341.06
1762100993.9166954,1.00,1340.98
1762100994.9186983,0.50,1340.93
1762100995.9202695,0.50,1340.93
1762100996.9218552,0.50,1340.93
1762100997.9234912,0.00,1340.92
1762100998.9250736,0.50,1340.92
1762100999.9269447,0.50,1340.92
1762101000.9287088,1.50,1340.92
1762101001.93047,1.00,1340.21
1762101002.9322908,1.50,1340.46
1762101003.934023,1.00,1340.59
1762101004.9357226,0.50,1340.59
1762101005.9373248,0.00,1340.59
1762101006.9393137,0.50,1340.58
1762101007.940988,1.00,1340.58
1762101008.942712,0.00,1340.58
1762101009.9442484,0.00,1340.58
1762101010.945894,2.00,1340.58
1762101011.9475436,1.00,1340.57
1762101012.9493136,1.50,1340.57
1762101013.9509356,0.00,1340.57
1762101014.9526503,0.50,1340.57
1762101015.9543488,0.00,1340.57
1762101016.9560003,0.00,1340.57
1762101017.9577549,1.00,1340.57
1762101018.9595811,0.00,1340.55
1762101019.961063,0.00,1340.55
1762101020.9626944,1.00,1340.55
1762101021.9642513,0.50,1340.55
1762101022.96561,0.50,1340.55
1762101023.9675245,1.00,1340.55
1762101024.9692478,2.00,1340.54
1762101025.9708536,0.00,1340.54
1762101026.972579,0.00,1340.54
1762101027.9742484,0.50,1340.54
1762101028.9758904,0.00,1340.54
1762101029.9776397,0.50,1340.54
1762101030.9792948,2.00,1340.54
1762101031.9808378,1.50,1340.54
1762101032.9815543,0.00,1340.54
1762101033.9832702,0.50,1340.54
1762101034.9847696,2.00,1340.94
1762101035.9865155,0.50,1341.00
1762101036.9882548,0.50,1341.00
1762101037.9899917,0.00,1341.00
1762101038.991555,1.50,1341.00
1762101039.9932084,0.50,1340.97
1762101040.9947896,2.00,1341.22
1762101041.9965637,0.50,1341.21
1762101042.9976728,1.50,1341.21
1762101043.9993427,0.00,1341.21
1762101045.0009353,1.00,1341.21
1762101046.0025952,0.50,1341.21
1762101047.0053725,0.00,1341.20
1762101048.0070376,0.00,1341.20
1762101049.0087936,0.50,1341.20
1762101050.0104458,0.50,1341.20
1762101051.0114253,4.50,1341.20
1762101052.013051,1.50,1341.20
1762101053.014734,0.50,1341.20
1762101054.0163538,1.00,1341.20
1762101055.018256,1.00,1341.19
1762101056.020058,0.50,1341.19
1762101057.0218973,0.50,1341.18
1762101058.023668,0.00,1341.18
1762101059.0254426,0.50,1341.18
1762101060.0270832,0.50,1341.18
1762101061.0287375,0.50,1341.40
1762101062.0305693,72.20,1341.63
1762101063.0320399,77.90,1343.49
1762101064.0358095,60.30,1343.09
1762101065.0374696,64.20,1343.00
1762101066.038831,73.40,1343.05
1762101067.0404398,76.30,1343.23
1762101068.0425684,78.20,1343.08
1762101069.0443504,79.20,1343.08
1762101070.0460668,77.70,1343.58
1762101071.0475535,76.80,1343.35
1762101072.0495844,65.70,1343.14
1762101073.0513926,74.90,1342.90
1762101074.0534554,78.50,1343.01
1762101075.0552416,59.00,1342.99
1762101076.0567129,48.40,1342.93
1762101077.0589306,36.10,1343.15
1762101078.060443,52.60,1342.95
1762101079.062066,76.10,1343.12
1762101080.0638788,79.80,1343.02
1762101081.065421,68.60,1343.08
1762101082.0674725,73.00,1343.12
1762101083.0694413,80.40,1343.44
1762101084.0708325,70.80,1343.16
1762101085.0725396,78.10,1343.02
1762101086.073803,65.00,1343.05
1762101087.0758965,77.10,1343.18
1762101088.076913,80.60,1343.20
1762101089.078492,81.30,1343.17
1762101090.079502,72.80,1343.17
1762101091.080955,68.00,1343.02
1762101092.0824726,2.50,1341.66
1762101093.0841134,1.00,1341.66
1762101094.0858593,1.50,1341.17
1762101095.0875695,1.00,1341.38
1762101096.0892916,1.00,1341.37
1762101097.090944,0.50,1341.37
1762101098.0924902,0.50,1341.37
1762101099.0940344,0.50,1341.37
1762101100.0957124,1.50,1341.54
1762101101.0974607,0.00,1341.54
1762101102.0991166,2.50,1341.54
1762101103.100938,1.00,1341.54
1762101104.102451,1.00,1341.54
1762101105.1043518,0.00,1341.53
1762101106.1063058,1.50,1341.53
1762101107.107816,0.50,1341.53
1762101108.1094513,1.00,1341.53
1762101109.1110778,0.50,1341.53
1762101110.1128154,0.00,1341.53
1762101111.1146085,1.00,1341.53
1762101112.1163917,5.50,1341.77
1762101113.117594,1.00,1341.77
1762101114.1191645,1.00,1341.77
1762101115.1209943,0.50,1341.77
1762101116.12255,1.00,1341.77
1762101117.1240587,0.50,1341.77
1762101118.125637,0.50,1341.76
1762101119.1273189,0.50,1341.76
1762101120.1286845,0.50,1341.75
1762101121.1305826,0.00,1341.75
1762101122.1324327,1.00,1341.75
1762101123.1340485,2.00,1341.75
1762101124.1357486,1.50,1341.75
1762101125.1374617,0.50,1341.75
1762101126.1395361,1.00,1341.75
1762101127.1410751,1.00,1341.75
1762101128.1426666,0.00,1341.74
1762101129.1443362,0.50,1341.73
1762101130.1463425,1.00,1341.73
1762101131.148101,1.00,1341.73
1762101132.149745,1.00,1341.73
1762101133.151494,0.50,1341.73
1762101134.1533458,1.00,1341.73
1762101135.154901,0.50,1341.73
1762101136.1565564,1.50,1341.73
1762101137.1582658,1.00,1341.73
1762101138.1599638,0.00,1341.73
1762101139.1616158,1.00,1341.73
1762101140.1634138,0.50,1341.73
1762101141.1652114,1.00,1341.73
1762101142.1668785,3.50,1341.11
1762101143.1684587,1.00,1341.85
1762101144.1699786,0.50,1341.84
1762101145.1717842,0.00,1341.84
1762101146.173675,1.50,1341.69
1762101147.175412,1.00,1341.59
1762101148.177325,0.00,1341.58
1762101149.1790228,0.00,1341.58
1762101150.1806266,0.50,1341.58
1762101151.1821928,0.00,1341.58
1762101152.183905,1.50,1341.58
1762101153.1855588,1.50,1341.58
1762101154.1872263,1.50,1341.58
1762101155.1888995,0.50,1341.58
1762101156.1904628,0.00,1341.57
1762101157.192117,0.50,1341.56
1762101158.1937304,0.50,1341.56
1762101159.1954064,1.00,1341.43
1762101160.1974483,0.00,1341.43
1762101161.1996503,0.50,1341.43
1762101162.2016745,1.50,1341.43
1762101163.2033842,3.00,1342.40
1762101164.2052994,2.00,1342.40
1762101165.2072082,1.50,1342.40
1762101166.2088096,1.00,1342.37
1762101167.2105315,0.00,1342.37
1762101168.2123191,0.50,1342.36
1762101169.2142696,0.00,1342.36
1762101170.2159686,0.50,1342.36
1762101171.2177203,0.50,1342.36
1762101172.2194176,4.00,1342.36
1762101173.2209337,1.50,1342.35
1762101174.222472,1.00,1342.35
1762101175.224027,1.00,1342.35
1762101176.2257593,0.50,1342.35
1762101177.2275338,0.50,1342.35
1762101178.229235,0.00,1342.35
1762101179.230762,0.50,1342.35
1762101180.2324872,0.50,1342.27
1762101181.2344077,0.00,1342.27
1762101182.2359061,1.00,1342.27
1762101183.237614,1.00,1342.27
1762101184.2393105,0.50,1342.27
1762101185.241087,1.50,1342.27
1762101186.2430282,0.00,1342.25
1762101187.244859,0.50,1342.25
1762101188.2467513,0.00,1342.24
1762101189.247782,0.00,1342.24
1762101190.2495856,1.00,1342.24
1762101191.2515702,0.50,1342.24
1762101192.2532973,0.50,1342.23
1762101193.2550042,1.50,1342.23
1762101194.256639,0.50,1342.23
1762101195.258261,0.50,1342.23
1762101196.2594864,30.30,1342.57
1762101197.2613056,56.60,1342.72
1762101198.2633743,57.90,1342.79
1762101199.264995,41.20,1342.58
1762101200.266666,72.60,1342.54
1762101201.2685087,77.40,1342.93
1762101202.2701106,77.70,1342.83
1762101203.272223,61.00,1342.63
1762101204.274248,50.00,1342.69
1762101205.2759197,76.40,1342.77
1762101206.2783918,78.20,1342.87
1762101207.2804239,79.40,1342.82
1762101208.2825804,71.80,1342.79
1762101209.2840528,67.10,1342.72
1762101210.2855222,79.70,1342.66
1762101211.2883668,80.10,1342.72
1762101212.2895393,79.30,1342.82
1762101213.2907557,60.40,1342.75
1762101214.2921813,53.40,1342.90
1762101215.2936127,56.50,1342.84
1762101216.2956653,67.50,1342.82
1762101217.2970977,78.00,1342.91
1762101218.2995746,80.20,1342.86
1762101219.3011434,79.10,1342.82
1762101220.3025742,68.80,1342.70
1762101221.3040843,70.00,1342.62
1762101222.305669,73.40,1342.70
1762101223.3082194,71.90,1342.86
1762101224.309697,75.60,1342.78
1762101225.311111,46.20,1342.71
1762101226.3129125,24.20,1342.52
1762101227.3141062,1.50,1342.52
1762101228.3158774,0.00,1342.51
1762101229.3174639,1.00,1342.75
1762101230.3192308,0.50,1342.75
1762101231.3212798,0.50,1342.75
1762101232.3229694,4.50,1342.75
1762101233.3246207,0.50,1342.75
1762101234.3262398,1.00,1342.74
1762101235.3277366,1.00,1342.74
1762101236.3296123,1.00,1342.74
1762101237.3316891,1.00,1342.74
1762101238.3334966,0.00,1342.74
1762101239.3355145,1.50,1342.74
1762101240.337294,0.50,1342.73
1762101241.339065,0.00,1342.73
1762101242.3409514,1.00,1342.73
1762101243.3425715,0.50,1342.73
1762101244.3443127,0.50,1342.73
1762101245.3458974,2.00,1342.72
1762101246.3475351,0.50,1342.72
1762101247.3493369,1.00,1342.72
1762101248.3509436,0.50,1342.72
1762101249.3527212,0.50,1342.72
1762101250.3547618,1.50,1342.72
1762101251.3565524,0.50,1342.72
1762101252.3580713,0.50,1342.72
1762101253.3598533,0.50,1342.72
1762101254.361535,1.00,1342.72
1762101255.3632264,1.00,1342.71
1762101256.364997,1.00,1342.71
1762101257.3665593,1.00,1342.96
1762101258.3676348,1.00,1342.96
1762101259.3692498,0.00,1342.95
1762101260.369945,1.00,1342.95
1762101261.3716874,0.00,1342.94
1762101262.3733447,0.50,1342.94
1762101263.3753595,0.50,1342.94
1762101264.3769987,1.00,1342.94
1762101265.3786972,0.50,1342.94
1762101266.3805413,2.00,1342.94
1762101267.3824453,1.00,1342.94
1762101268.3842123,0.00,1342.94
1762101269.3857737,0.50,1342.94
1762101270.3875136,0.50,1342.91
1762101271.3893619,0.50,1342.91
1762101272.391295,1.00,1342.91
1762101273.3929503,0.50,1342.91
1762101274.3945558,0.50,1343.15
1762101275.3963528,1.50,1343.15
1762101276.3979447,1.00,1343.15
1762101277.399645,0.50,1343.14
1762101278.4012187,1.00,1343.14
1762101279.4027934,0.00,1343.14
1762101280.404491,0.50,1343.14
1762101281.4055843,1.50,1343.14
1762101282.407252,0.50,1343.14
1762101283.4096282,0.00,1343.14
1762101284.4114735,0.50,1343.14
1762101285.4130607,1.00,1343.14
1762101286.414654,1.00,1343.14
1762101287.4162772,1.00,1343.14
1762101288.4180524,0.50,1343.12
1762101289.419651,0.00,1343.12
1762101290.4213345,0.00,1343.12
1762101291.4229972,0.50,1343.12
1762101292.4246364,4.50,1343.12
1762101293.426584,0.00,1343.11
1762101294.4281168,1.00,1343.11
1762101295.429936,0.50,1343.11
1762101296.4314673,0.50,1343.11
1762101297.4331021,1.50,1343.11
1762101298.4347978,0.50,1343.11
1762101299.4364855,0.00,1343.11
1762101300.4383056,0.00,1343.11
1762101301.4400258,1.00,1343.09
1762101302.4418068,0.00,1343.09
1762101303.4435492,0.00,1343.09
1762101304.4451735,1.00,1343.09
1762101305.4469051,0.50,1343.34
1762101306.4479413,1.50,1343.34
1762101307.448511,1.00,1343.34
1762101308.4501104,0.50,1343.34
1762101309.4517858,0.50,1343.34
1762101310.4534464,0.50,1343.34
1762101311.4550638,0.00,1343.33
1762101312.4567444,0.50,1343.32
1762101313.4585361,0.00,1343.32
1762101314.4605172,1.50,1343.32
1762101315.4623146,1.00,1343.21
1762101316.463936,1.00,1343.21
1762101317.4656186,1.50,1343.21
1762101318.46717,0.50,1343.19
1762101319.4688601,0.00,1343.19
1762101320.470629,0.00,1343.19
1762101321.4716995,0.50,1343.19
1762101322.4735758,0.50,1343.18
1762101323.4753308,0.00,1343.18
1762101324.4769382,1.50,1343.18
1762101325.4786053,0.50,1343.18
1762101326.480442,1.00,1343.18
1762101327.4820619,0.50,1343.18
1762101328.4838166,0.00,1343.18
1762101329.4855313,0.00,1343.18
1762101330.4877288,12.40,1343.87
1762101331.4907076,56.70,1344.83
1762101332.4920485,77.30,1343.83
1762101333.4936025,79.20,1343.87
1762101334.4950008,70.30,1343.88
1762101335.4966896,54.00,1343.91
1762101336.497917,77.00,1343.93
1762101337.4999216,79.20,1343.75
1762101338.5016997,73.30,1344.13
1762101339.5045109,45.80,1343.80
1762101340.5062914,68.30,1343.98
1762101341.5080094,79.00,1343.80
1762101342.5095117,78.20,1343.95
1762101343.5113823,77.00,1343.97
1762101344.5133593,79.70,1343.97
1762101345.5148468,66.30,1343.82
1762101346.5159616,74.10,1344.02
1762101347.518259,80.80,1343.85
1762101348.5204303,78.50,1343.97
1762101349.5222561,76.40,1344.00
1762101350.5237882,66.90,1344.00
1762101351.5244281,77.10,1343.96
1762101352.5258176,70.80,1344.02
1762101353.5273416,78.10,1343.93
1762101354.5287786,69.60,1343.75
1762101355.5295384,56.80,1343.95
1762101356.5308824,78.70,1344.02
1762101357.5323007,79.40,1344.20
1762101358.5338297,79.80,1344.14
1762101359.5354493,66.70,1344.14
1762101360.5365465,26.90,1343.63
1762101361.5380833,1.00,1343.62
1762101362.5399373,0.00,1343.62
1762101363.5416207,1.00,1343.87
1762101364.543237,0.50,1343.87
1762101365.5449,1.00,1343.87
1762101366.5465505,1.00,1343.87
1762101367.5480409,1.00,1343.87
1762101368.5496247,1.50,1343.87
1762101369.5513344,0.50,1343.87
1762101370.552896,1.00,1344.12
1762101371.5545485,1.00,1344.09
1762101372.5560904,0.00,1344.09
1762101373.5576828,1.00,1344.09
1762101374.559301,0.00,1344.09
1762101375.5609016,1.50,1344.08
1762101376.5630314,0.50,1344.08
1762101377.5647855,1.00,1344.08
1762101378.5666575,1.50,1344.08
1762101379.5684552,0.50,1344.08
1762101380.5705473,0.50,1344.08
1762101381.572209,0.50,1344.08
1762101382.573904,0.50,1344.08
1762101383.5756826,0.50,1344.08
1762101384.5764987,0.50,1344.08
1762101385.5780432,1.50,1344.08
1762101386.5805752,1.00,1344.07
1762101387.5821142,1.50,1344.07
1762101388.5837631,1.00,1344.07
1762101389.585494,0.50,1344.07
1762101390.5872245,0.50,1344.06
1762101391.5887904,1.50,1344.06
1762101392.5898886,0.50,1344.06
1762101393.590618,0.50,1344.06
1762101394.591507,0.00,1344.06
1762101395.5930123,1.00,1344.06
1762101396.5946467,1.00,1344.06
1762101397.5963466,1.00,1344.06
1762101398.5978413,1.00,1344.06
1762101399.599475,0.50,1344.06
1762101400.6011868,0.50,1344.06
1762101401.602783,0.50,1344.06
1762101402.6045063,0.50,1344.04
1762101403.606372,2.00,1344.04
1762101404.6080208,0.50,1344.04
1762101405.6099956,1.00,1344.04
1762101406.61177,1.00,1344.04
1762101407.6134295,1.50,1344.04
1762101408.6150978,1.50,1344.04
1762101409.616817,0.50,1344.04
1762101410.6184337,0.50,1344.04
1762101411.6200776,0.50,1344.04
1762101412.621709,4.00,1344.04
1762101413.6233006,0.50,1344.03
1762101414.6250722,0.50,1344.03
1762101415.6268203,0.50,1344.03
1762101416.6284785,1.00,1344.03
1762101417.6300738,1.00,1343.91
1762101418.6320183,1.00,1343.91
1762101419.633609,0.50,1343.89
1762101420.6353083,0.50,1343.89
1762101421.6368158,0.50,1343.89
1762101422.6385229,0.50,1343.88
1762101423.640165,0.00,1343.88
1762101424.6420407,0.00,1343.88
1762101425.6438692,1.00,1343.88
1762101426.645588,0.50,1343.88
1762101427.6473277,0.50,1343.88
1762101428.6489904,1.00,1343.88
1762101429.6506302,0.50,1343.88
1762101430.6523442,1.00,1343.87
1762101431.6539037,0.00,1343.87
1762101432.655538,0.00,1343.87
1762101433.6576412,1.00,1343.87
1762101434.659502,0.00,1343.87
1762101435.661179,0.50,1343.87
1762101436.6627357,1.00,1343.86
1762101437.6646228,0.50,1343.86
1762101438.6661801,1.50,1343.85
1762101439.6679587,0.50,1343.85
1762101440.6695373,0.00,1343.85
1762101441.671255,0.50,1343.85
1762101442.6728356,1.00,1343.85
1762101443.6745365,0.00,1343.84
1762101444.6762516,0.00,1343.84
1762101445.677947,1.00,1343.84
1762101446.6797698,0.50,1343.84
1762101447.6814318,1.00,1343.84
1762101448.683018,0.50,1344.09
1762101449.6846786,0.50,1344.09
1762101450.6864212,0.00,1344.09
1762101451.6881127,1.00,1344.09
1762101452.6898186,0.50,1344.09
1762101453.6915042,0.00,1344.08
1762101454.6933992,0.50,1344.08
1762101455.695769,1.00,1344.08
1762101456.697363,1.00,1344.08
1762101457.69907,0.50,1344.33
1762101458.7008736,1.00,1344.32
1762101459.7024214,0.50,1344.32
1762101460.7032347,0.00,1344.32
1762101461.7050061,0.00,1344.32
1762101462.706747,2.00,1345.05
1762101463.7083745,3.00,1345.01
1762101464.710449,11.40,1345.63
1762101465.711426,55.60,1345.31
1762101466.712635,59.00,1345.46
1762101467.7150326,54.20,1345.21
1762101468.7165475,52.00,1345.55
1762101469.7177904,74.30,1345.39
1762101470.7194088,79.10,1345.42
1762101471.721386,78.00,1345.30
1762101472.7231014,81.20,1345.17
1762101473.7248898,79.30,1345.14
1762101474.7266004,71.20,1344.96
1762101475.728027,69.80,1344.87
1762101476.7302094,78.80,1344.88
1762101477.7322087,61.50,1344.89
1762101478.7337697,61.00,1345.05
1762101479.7353494,59.50,1345.10
1762101480.7367747,69.60,1345.07
1762101481.7387433,63.10,1344.96
1762101482.740512,79.20,1345.05
1762101483.744004,77.80,1345.14
1762101484.7456386,75.10,1344.99
1762101485.7471697,62.30,1344.96
1762101486.7491508,79.40,1345.18
1762101487.7509122,59.20,1345.29
1762101488.7515674,57.00,1345.13
1762101489.7531912,56.50,1345.48
1762101490.7555134,75.70,1345.51
1762101491.7566233,73.10,1345.32
1762101492.758472,67.10,1345.32
1762101493.76053,78.10,1345.32
1762101494.7625086,53.50,1342.47
1762101495.7640274,1.00,1342.46
1762101496.7658186,1.00,1342.46
1762101497.767543,2.00,1343.20
1762101498.7699437,2.00,1343.20
1762101499.7716875,1.00,1343.20
1762101500.7733467,0.50,1343.20
1762101501.7751038,0.50,1343.20
1762101502.7769227,0.50,1343.44
1762101503.7786243,0.00,1343.43
1762101504.780258,1.00,1343.43
1762101505.7818332,0.50,1343.43
1762101506.7834444,2.00,1343.43
1762101507.78542,0.50,1343.43
1762101508.7871985,1.50,1343.43
1762101509.7882683,1.00,1343.43
1762101510.7898748,0.50,1343.43
1762101511.7914953,1.00,1343.42
1762101512.79256,0.00,1343.42
1762101513.7942324,0.00,1343.42
1762101514.795806,0.50,1343.42
1762101515.7974718,1.00,1343.42
1762101516.7987115,1.00,1343.31
1762101517.8004396,1.00,1343.31
1762101518.8023896,1.50,1343.31
1762101519.8042498,1.50,1343.28
1762101520.8060372,0.50,1343.28
1762101521.8078647,1.00,1343.28
1762101522.8095045,0.50,1343.27
1762101523.8112674,0.00,1343.27
1762101524.8129132,1.50,1343.27
1762101525.8144526,0.50,1343.27
1762101526.816276,1.00,1343.27
1762101527.8178806,1.00,1343.27
1762101528.8195672,0.50,1343.27
1762101529.821191,1.00,1343.27
1762101530.8228438,1.00,1343.27
1762101531.8245933,3.00,1343.26
1762101532.8262072,0.00,1343.25
1762101533.8295348,4.50,1343.25
1762101534.8311849,0.50,1343.25
1762101535.832899,0.00,1343.25
1762101536.834824,1.50,1343.25
1762101537.8364265,1.00,1343.22
1762101538.837994,1.50,1343.22
1762101539.8395975,1.00,1343.22
1762101540.8413448,0.50,1343.22
1762101541.843056,1.00,1343.22
1762101542.8453736,0.50,1343.22
1762101543.8472502,0.50,1343.21
1762101544.8490098,0.50,1343.21
1762101545.8508217,0.00,1343.21
1762101546.8524716,1.00,1343.45
1762101547.8543873,0.50,1343.69
1762101548.8563097,1.50,1343.69
1762101549.8580043,0.50,1343.69
1762101550.8595867,1.50,1343.69
1762101551.861308,0.00,1343.69
1762101552.8629076,0.00,1343.68
1762101553.864478,0.50,1343.68
1762101554.866524,0.00,1343.67
1762101555.868175,0.00,1343.67
1762101556.8698554,1.50,1343.67
1762101557.8715007,1.00,1343.52
1762101558.8730855,0.50,1343.52
1762101559.875012,1.50,1343.95
1762101560.876736,0.00,1343.95
1762101561.8785388,0.00,1343.95
1762101562.8801167,0.50,1343.90
1762101563.8817654,0.50,1343.90
1762101564.8835356,0.00,1343.89
1762101565.885192,0.00,1343.89
1762101566.8869333,0.50,1343.89
1762101567.8884552,2.50,1343.89
1762101568.8901033,0.50,1343.89
1762101569.8918655,1.50,1343.77
1762101570.8936024,0.50,1343.73
1762101571.8953595,1.00,1343.73
1762101572.8970647,0.00,1343.73
1762101573.8988874,0.50,1343.73
1762101574.9005845,0.00,1343.72
1762101575.9030833,0.50,1343.72
1762101576.9052696,0.50,1343.71
1762101577.9068813,1.50,1343.71
1762101578.908636,0.50,1343.71
1762101579.9097202,1.00,1343.71
1762101580.91132,0.00,1343.71
1762101581.91289,1.00,1343.71
1762101582.9145045,0.00,1343.70
1762101583.916328,0.50,1343.70
1762101584.917964,1.00,1343.70
1762101585.919661,1.00,1343.70
1762101586.921426,1.00,1343.70
1762101587.9229248,1.00,1343.70
1762101588.9245358,1.00,1343.70
1762101589.9262877,0.50,1343.70
1762101590.9277332,0.00,1343.69
1762101591.929342,1.00,1343.69
1762101592.930892,4.00,1343.69
1762101593.9325786,0.00,1343.69
1762101594.9346952,0.50,1343.69
1762101595.9370286,0.00,1343.69
1762101596.938837,1.00,1343.85
1762101597.9405224,1.50,1344.05
1762101598.9416904,8.70,1344.34
1762101599.9437988,53.40,1344.22
1762101600.9453518,56.60,1344.58
1762101601.9474723,45.80,1344.46
1762101602.9495063,45.90,1344.79
1762101603.9506016,67.80,1344.71
1762101604.9520075,78.30,1344.55
1762101605.9531467,79.20,1344.68
1762101606.9546328,67.90,1344.59
1762101607.9566474,78.90,1344.67
1762101608.9583576,73.40,1344.61
1762101609.9596572,67.10,1344.73
1762101610.9605467,75.70,1345.00
1762101611.962029,60.10,1344.77
1762101612.9641967,78.00,1344.61
1762101613.9658813,78.20,1344.68
1762101614.9668279,78.50,1344.58
1762101615.9676633,63.60,1344.71
1762101616.9686785,71.80,1344.91
1762101617.970556,73.80,1344.80
1762101618.9719641,54.90,1344.89
1762101619.9730427,57.50,1344.64
1762101620.9746993,51.90,1345.12
1762101621.976816,61.80,1344.99
1762101622.9780936,78.90,1344.73
1762101623.9795573,57.00,1344.87
1762101624.981348,77.10,1344.73
1762101625.9837024,61.50,1344.98
1762101626.9851522,57.60,1344.68
1762101627.98651,42.30,1344.91
1762101628.9888663,40.00,1345.91
1762101629.990459,1.50,1345.88
1762101630.992096,0.50,1345.88
1762101631.9937918,2.00,1346.86
1762101632.995399,0.50,1346.86
1762101633.9977686,0.50,1346.86
1762101634.9995139,0.50,1346.86
1762101636.001323,0.00,1346.86
1762101637.0030935,0.50,1346.85
1762101638.0050626,1.50,1346.85
1762101639.0068307,1.00,1346.84
1762101640.0084817,1.50,1346.84
1762101641.0101066,1.00,1346.84
1762101642.010894,0.00,1346.84
1762101643.0125468,0.50,1346.84
1762101644.014354,0.50,1346.84
1762101645.0162437,0.50,1346.84
1762101646.017919,1.00,1346.84
1762101647.019572,0.50,1346.84
1762101648.021365,1.00,1346.84
1762101649.023025,1.50,1346.83
1762101650.0247097,1.00,1346.83
1762101651.0264242,1.00,1346.83
1762101652.0279956,0.50,1346.83
1762101653.0297832,5.50,1346.83
1762101654.0315065,0.50,1346.83
1762101655.0333593,1.00,1346.83
1762101656.0351076,1.00,1346.82
1762101657.036958,0.00,1346.82
1762101658.0384939,1.50,1346.82
1762101659.0402017,1.00,1346.82
1762101660.0419943,1.50,1346.82
1762101661.0436842,1.50,1346.81
1762101662.0454607,0.00,1346.81
1762101663.0471961,0.50,1346.81
1762101664.048838,0.50,1346.81
1762101665.050482,0.50,1346.81
1762101666.0520833,0.50,1346.81
1762101667.0537012,0.00,1346.80
1762101668.0554903,1.50,1346.80
1762101669.0571594,0.50,1346.80
1762101670.058736,1.00,1346.80
1762101671.060491,1.50,1346.80
1762101672.0622919,0.00,1346.80
1762101673.0640242,0.00,1346.80
1762101674.0658212,1.00,1346.79
1762101675.067539,0.50,1346.79
1762101676.069359,0.50,1346.79
1762101677.071074,0.50,1346.75
1762101678.0727618,0.50,1346.74
1762101679.0743616,2.00,1346.74
1762101680.076061,1.00,1346.74
1762101681.077766,1.50,1346.74
1762101682.079619,0.50,1346.74
1762101683.0813034,0.50,1346.74
1762101684.0829957,0.00,1346.74
1762101685.084561,0.50,1346.74
1762101686.086335,0.50,1346.74
1762101687.0880036,0.00,1346.74
1762101688.0896087,1.00,1346.74
1762101689.09129,0.50,1346.74
1762101690.0931013,2.00,1346.74
1762101691.094843,0.50,1346.72
1762101692.0956523,0.50,1346.72
1762101693.0974026,0.50,1346.72
1762101694.0989993,0.50,1346.72
1762101695.1005993,0.00,1346.72
1762101696.1023214,0.00,1346.72
1762101697.1039839,0.00,1346.72
1762101698.1056406,1.50,1346.72
1762101699.1073215,1.00,1346.97
1762101700.1089358,1.00,1346.97
1762101701.11064,1.00,1346.97
1762101702.1123323,0.00,1346.96
1762101703.1141138,0.50,1346.96
1762101704.115924,0.50,1346.96
1762101705.1177118,0.50,1346.96
1762101706.1192834,1.50,1346.96
1762101707.120976,0.00,1346.95
1762101708.1227891,1.00,1346.95
1762101709.1244566,1.00,1346.95
1762101710.126199,1.50,1346.94
1762101711.1278129,1.00,1346.94
1762101712.128593,0.00,1346.94
1762101713.1291049,4.50,1346.94
1762101714.130862,0.50,1346.92
1762101715.1324391,0.00,1346.92
1762101716.1336374,0.50,1346.92
1762101717.1353545,0.50,1346.92
1762101718.1370585,0.50,1346.92
1762101719.139251,1.00,1346.92
1762101720.1409254,1.00,1346.91
1762101721.1425622,1.00,1346.91
1762101722.144083,0.50,1346.91
1762101723.1457052,0.00,1346.90
1762101724.1475234,0.00,1346.90
1762101725.1493118,1.00,1346.90
1762101726.1542838,0.00,1346.90
1762101727.1559942,0.00,1346.90
1762101728.1577382,1.50,1346.90
1762101729.1594431,1.00,1346.90
1762101730.1610136,1.00,1346.90
1762101731.1626966,1.50,1346.88
1762101732.1643205,0.50,1346.88
1762101733.166248,0.00,1346.88
1762101734.1675556,68.70,1346.91
1762101735.1694095,78.70,1347.07
1762101736.1706822,77.50,1347.13
1762101737.172513,65.80,1347.04
1762101738.174323,70.80,1347.07
1762101739.1762238,80.40,1347.14
1762101740.1782198,60.10,1346.57
1762101741.1797864,57.90,1347.06
1762101742.18187,78.70,1347.05
1762101743.18341,76.00,1346.89
1762101744.1852841,65.50,1346.80
1762101745.1873627,74.60,1347.05
1762101746.1886742,78.40,1346.86
1762101747.1902745,61.00,1346.84
1762101748.1919184,46.70,1346.98
1762101749.1936684,54.10,1347.33
1762101750.1955013,77.70,1347.04
1762101751.1968966,72.00,1346.96
1762101752.1979475,79.40,1347.53
1762101753.1989532,80.60,1347.02
1762101754.201085,78.10,1347.09
1762101755.202851,68.50,1346.92
1762101756.2035515,69.60,1347.11
1762101757.2046692,61.50,1347.04
1762101758.2057898,60.00,1346.89
1762101759.207448,77.20,1347.11
1762101760.2084243,81.30,1347.00
1762101761.210504,80.80,1347.17
1762101762.2123182,74.90,1346.96
1762101763.213959,65.10,1346.87
1762101764.2163157,7.60,1343.91
1762101765.217863,2.00,1343.82
1762101766.2195733,1.00,1343.82
1762101767.2212029,2.00,1344.07
1762101768.222781,0.50,1344.06
1762101769.225218,1.00,1344.05
1762101770.2271123,1.50,1344.03
1762101771.2288215,2.00,1344.03
1762101772.2304878,1.00,1344.03
1762101773.232067,1.00,1344.03
1762101774.2340908,4.50,1344.03
1762101775.2359943,0.00,1344.03
1762101776.237564,1.00,1344.02
1762101777.2394397,0.50,1344.02
1762101778.2412062,0.50,1344.02
1762101779.2429261,1.00,1344.02
1762101780.2445605,1.00,1344.02
1762101781.2463357,1.00,1344.02
1762101782.2479997,1.50,1344.02
1762101783.2497678,1.00,1344.02
1762101784.2514288,0.00,1344.02
1762101785.2532375,1.00,1344.02
1762101786.2548666,0.00,1344.02
1762101787.2576864,0.50,1344.02
1762101788.2595227,0.50,1344.02
1762101789.2610471,1.50,1343.98
1762101790.263259,1.50,1343.98
1762101791.2654502,0.50,1343.98
1762101792.2672496,1.00,1344.23
1762101793.269064,0.50,1344.23
1762101794.2709196,0.50,1344.23
1762101795.2727761,0.50,1344.21
1762101796.2744696,0.50,1344.21
1762101797.2762697,0.00,1344.21
1762101798.277829,0.50,1344.20
1762101799.2795517,1.00,1344.45
1762101800.2812397,1.50,1344.43
1762101801.2828398,1.50,1344.68
1762101802.2845674,1.00,1344.68
1762101803.2862663,0.50,1344.68
1762101804.2876892,0.00,1344.67
1762101805.2894676,0.50,1344.67
1762101806.2910743,0.50,1344.67
1762101807.2929318,0.50,1344.67
1762101808.2945757,0.50,1344.67
1762101809.2962573,1.00,1344.67
1762101810.2979703,1.50,1344.66
1762101811.3007588,2.00,1344.91
1762101812.302372,1.00,1344.91
1762101813.3039227,0.00,1344.91
1762101814.3058503,0.50,1344.90
1762101815.3074658,0.00,1344.90
1762101816.3080747,0.50,1344.90
1762101817.309446,0.00,1344.90
1762101818.3110402,0.00,1344.90
1762101819.312743,1.00,1344.90
1762101820.3144617,0.00,1344.90
1762101821.316101,1.00,1344.90
1762101822.3179834,2.00,1344.88
1762101823.31961,0.00,1344.88
1762101824.3211656,0.50,1344.88
1762101825.3228734,0.50,1344.88
1762101826.3244855,0.00,1344.88
1762101827.3262255,1.00,1344.83
1762101828.3277826,0.50,1344.83
1762101829.3294582,0.50,1344.83
1762101830.3309586,1.00,1344.83
1762101831.3326585,1.50,1344.83
1762101832.334539,1.50,1344.72
1762101833.336207,0.00,1344.71
1762101834.3378217,4.50,1344.70
1762101835.339578,0.00,1344.70
1762101836.3412306,0.00,1344.70
1762101837.3425815,0.00,1344.70
1762101838.3443077,0.50,1344.70
1762101839.3459635,1.50,1344.69
1762101840.3475542,1.00,1344.68
1762101841.3492253,0.50,1344.93
1762101842.3507862,1.00,1344.93
1762101843.3525934,0.00,1344.93
1762101844.354264,1.00,1344.92
1762101845.355931,0.00,1344.92
1762101846.357585,0.50,1344.91
1762101847.359356,0.00,1344.91
1762101848.3608909,0.50,1344.91
1762101849.3626025,1.00,1344.91
1762101850.364471,1.00,1344.91
1762101851.3660655,0.50,1344.91
1762101852.367851,1.50,1344.91
1762101853.3694885,0.50,1344.91
1762101854.3710818,0.00,1344.91
1762101855.372884,0.00,1344.91
1762101856.3744826,0.00,1344.91
1762101857.376186,0.50,1344.90
1762101858.3778625,0.00,1344.90
1762101859.3795414,1.00,1344.90
1762101860.3812125,1.50,1344.90
1762101861.3827138,1.00,1344.89
1762101862.3844147,1.00,1345.14
1762101863.386497,0.50,1345.14
1762101864.3880107,0.00,1345.13
1762101865.3895903,0.50,1345.13
1762101866.3913667,0.00,1345.13
1762101867.3936722,0.00,1345.13
1762101868.3959844,0.50,1345.13
1762101869.397754,0.50,1345.13
1762101870.3993552,1.00,1345.12
1762101871.4008899,1.50,1345.12
1762101872.4025211,1.00,1345.12
1762101873.4042537,0.50,1345.12
1762101874.4058466,0.00,1345.12
1762101875.4076152,0.50,1345.12
1762101876.4093733,0.00,1345.12
1762101877.4110224,0.00,1345.12
1762101878.4127054,1.00,1345.12
1762101879.4144473,0.50,1345.12
1762101880.4163516,1.00,1345.12
1762101881.41821,1.50,1345.12
1762101882.41977,0.50,1345.11
1762101883.4214685,0.50,1345.11
1762101884.423114,0.00,1345.11
1762101885.4247205,0.00,1345.11
1762101886.426416,0.50,1345.11
1762101887.4281864,1.00,1345.10
1762101888.4306667,0.50,1345.10
1762101889.4325078,1.00,1345.10
1762101890.4342053,0.50,1345.10
1762101891.4360108,1.50,1345.09
1762101892.4377549,0.50,1345.09
1762101893.4395485,0.50,1345.09
1762101894.4414165,4.00,1345.09
1762101895.4429698,0.50,1345.09
1762101896.4447978,0.50,1345.08
1762101897.4464583,0.50,1345.08
1762101898.4479878,0.00,1345.08
1762101899.4495244,0.50,1345.32
1762101900.4513295,1.00,1345.32
1762101901.4530215,1.00,1345.32
1762101902.4546328,1.00,1345.32
1762101903.4562693,0.50,1345.32
1762101904.457941,0.00,1345.32
1762101905.4596226,0.50,1345.32
1762101906.461369,0.50,1345.32
1762101907.4632027,0.00,1345.32
1762101908.4648721,0.00,1345.32
1762101909.4665537,1.50,1345.32
1762101910.4682758,1.00,1345.32
1762101911.469961,0.50,1345.31
1762101912.471737,1.50,1345.31
1762101913.4734733,1.00,1345.31
1762101914.4752057,0.00,1345.31
1762101915.4768133,0.50,1345.30
1762101916.4785426,0.00,1345.29
1762101917.4802399,0.50,1345.29
1762101918.4825253,0.50,1345.29
1762101919.4842627,0.50,1345.29
1762101920.4860015,0.50,1345.29
1762101921.4877393,1.00,1345.29
1762101922.489538,1.50,1345.29
1762101923.491476,0.00,1345.29
1762101924.4933333,0.50,1345.29
1762101925.4950554,0.00,1345.27
1762101926.4969313,0.50,1345.27
1762101927.4984438,0.50,1345.27
1762101928.5002348,0.00,1345.27
1762101929.5018177,0.00,1345.27
1762101930.5034409,1.50,1345.27
1762101931.5050845,1.50,1345.27
1762101932.5067632,1.50,1345.27
1762101933.5084753,1.50,1345.27
1762101934.5102556,0.00,1345.26
1762101935.5118175,1.00,1345.26
1762101936.51347,0.00,1345.26
1762101937.5152183,0.00,1345.26
1762101938.516895,0.00,1345.26
1762101939.5185945,0.50,1345.25
1762101940.5201771,1.50,1345.38
1762101941.5220225,1.00,1345.38
1762101942.5236382,0.50,1345.38
1762101943.525245,1.00,1345.38
1762101944.5267277,0.50,1345.38
1762101945.5284233,0.00,1345.37
1762101946.5302577,0.50,1345.36
1762101947.5320454,0.50,1345.36
1762101948.532745,1.00,1345.36
1762101949.5343547,0.50,1345.36
1762101950.5359654,0.50,1345.36
1762101951.5376253,1.50,1345.36
1762101952.5394773,1.50,1345.36
1762101953.5413208,0.50,1345.36
1762101954.5429773,0.00,1345.36
1762101955.5453227,4.00,1345.36
1762101956.5470505,0.00,1345.34
1762101957.5488253,1.00,1345.34
1762101958.5505993,0.00,1345.34
1762101959.5523338,0.50,1345.34
1762101960.5540905,1.00,1345.59
1762101961.5560367,2.00,1345.58
1762101962.5577579,1.00,1345.58
1762101963.5595448,1.00,1345.58
1762101964.5612822,0.00,1345.58
1762101965.5628047,0.50,1345.58
1762101966.564482,0.50,1345.58
1762101967.5659764,0.50,1345.58
1762101968.5674953,0.00,1345.57
1762101969.5693524,0.50,1345.57
1762101970.5709717,2.00,1345.57
1762101971.572714,1.00,1345.57
1762101972.574473,1.50,1345.55
1762101973.5760298,1.00,1345.55
1762101974.5777085,0.00,1345.55
1762101975.5793173,0.50,1345.55
1762101976.580926,0.50,1345.55
1762101977.5826137,1.00,1345.51
1762101978.5842924,0.00,1345.49
1762101979.5857491,0.50,1345.49
1762101980.5874908,1.50,1345.49
1762101981.589037,1.00,1345.48
1762101982.590872,1.00,1345.48
1762101983.5925612,1.50,1345.48
1762101984.5940979,0.50,1345.48
1762101985.5957012,0.00,1345.48
1762101986.5975296,0.50,1345.48
1762101987.599214,0.00,1345.48
1762101988.6010756,0.50,1345.47
1762101989.6030095,0.50,1345.47
1762101990.6049745,0.50,1345.47
1762101991.6069598,1.50,1345.46
1762101992.608702,1.50,1345.71
1762101993.6105013,0.50,1345.71
1762101994.6123774,0.00,1345.70
1762101995.6142585,0.00,1345.70
1762101996.615767,0.00,1345.70
1762101997.617495,0.00,1345.70
1762101998.619194,0.50,1345.70
1762101999.6208622,0.00,1345.70
1762102000.6225262,0.50,1345.70
1762102001.6242497,0.50,1345.70
1762102002.6259289,2.00,1345.70
1762102003.6274862,1.00,1345.69
1762102004.6291904,0.50,1345.69
1762102005.6307113,0.00,1345.69
1762102006.6323764,0.50,1345.69
1762102007.633962,0.50,1345.69
1762102008.6355674,1.00,1345.93
1762102009.6373045,0.50,1345.93
1762102010.6389093,0.50,1345.93
1762102011.64048,1.50,1345.93
1762102012.642188,1.00,1345.93
1762102013.6439464,1.00,1345.92
1762102014.6455975,0.00,1345.91
1762102015.647257,4.00,1345.91
1762102016.648791,0.50,1345.91
1762102017.6505575,0.00,1345.91
1762102018.652404,0.00,1345.91
1762102019.653989,1.00,1345.91
1762102020.6556826,1.00,1345.91
1762102021.657334,1.00,1345.91
1762102022.6590922,1.50,1345.91
1762102023.6607566,0.50,1345.90
1762102024.6623816,0.50,1345.90
1762102025.663552,0.00,1345.90
1762102026.6655073,0.00,1345.89
1762102027.6670043,1.00,1345.89
1762102028.6687262,0.00,1345.89
1762102029.670407,0.50,1345.89
1762102030.6719897,1.50,1345.89
1762102031.6734943,0.50,1345.89
1762102032.675367,1.00,1345.80
1762102033.676992,1.00,1345.78
1762102034.678653,0.00,1345.78
1762102035.6802905,0.00,1345.78
1762102036.6822066,0.50,1345.72
1762102037.6837268,0.00,1345.72
1762102038.6853306,0.00,1345.72
1762102039.6869714,0.00,1345.72
1762102040.6886275,1.50,1345.72
1762102041.6902883,1.50,1345.72
1762102042.6919734,0.50,1345.72
1762102043.6935353,1.00,1345.72
1762102044.694778,0.50,1345.71
1762102045.695599,0.50,1345.71
1762102046.6973283,0.50,1345.71
1762102047.6982584,0.00,1345.71
1762102048.6997638,0.00,1345.71
1762102049.701324,0.00,1345.71
1762102050.703055,1.00,1345.71
1762102051.7047658,1.50,1345.70
1762102052.7064676,1.00,1345.70
1762102053.7082338,1.50,1345.70
1762102054.709833,0.00,1345.70
1762102055.7113888,0.50,1345.70
1762102056.7131743,0.50,1345.69
1762102057.715364,0.00,1345.69
1762102058.7170656,0.00,1345.69
1762102059.7187557,0.50,1345.69
1762102060.7204998,1.50,1345.69
1762102061.7221751,0.50,1345.69
1762102062.7238047,0.00,1345.68
1762102063.7254405,3.00,1346.66
1762102064.7270665,2.50,1346.88
1762102065.7277172,0.50,1346.88
1762102066.7294283,0.00,1346.87
1762102067.7310967,0.50,1346.87
1762102068.7329276,1.50,1346.87
1762102069.7344978,0.50,1346.86
1762102070.7361379,0.50,1346.86
1762102071.7378216,1.00,1346.86
1762102072.7395241,0.00,1346.86
1762102073.7411919,0.00,1346.86
1762102074.742848,1.00,1346.86
1762102075.7445328,4.50,1346.86
1762102076.7462738,1.00,1346.86
1762102077.7479498,0.00,1346.85
1762102078.749599,0.00,1346.85
1762102079.7512665,0.50,1346.85
1762102080.752938,1.50,1346.85
1762102081.7547174,1.00,1346.85
1762102082.7564406,0.00,1346.84
1762102083.7580323,0.50,1346.84
1762102084.7597525,0.50,1346.84
1762102085.7613683,1.50,1346.84
1762102086.763034,0.00,1346.83
1762102087.764648,0.50,1346.83
1762102088.7663357,0.50,1346.83
1762102089.7680519,0.00,1346.83
1762102090.7697792,1.00,1346.83
1762102091.7709484,1.00,1346.83
1762102092.771538,0.00,1346.83
1762102093.7723362,0.00,1346.81
1762102094.7740119,0.50,1346.81
1762102095.7756243,1.00,1346.81
1762102096.7776415,0.50,1346.81
1762102097.77948,0.00,1346.81
1762102098.781097,0.00,1346.80
1762102099.7828665,0.00,1346.80
1762102100.7846017,1.00,1346.80
1762102101.786332,1.50,1346.80
1762102102.787858,0.50,1346.80
1762102103.7894263,0.50,1346.80
1762102104.7902951,0.50,1346.79
1762102105.7916648,1.00,1346.79
1762102106.7933695,0.00,1346.79
1762102107.7948728,0.00,1346.79
1762102108.7967408,0.50,1346.79
1762102109.79843,0.50,1346.79
1762102110.799769,0.50,1346.79
1762102111.801342,1.00,1347.03
1762102112.80289,1.00,1347.03
1762102113.8045127,1.00,1347.03
1762102114.8062246,0.00,1347.03
1762102115.807952,1.00,1347.03
1762102116.8095727,1.00,1347.01
1762102117.8113778,0.00,1347.01
1762102118.8132741,1.00,1347.01
1762102119.8148057,0.00,1347.01
1762102120.8164585,0.00,1347.01
1762102121.8181112,1.50,1347.01
1762102122.8199549,1.50,1347.00
1762102123.8215978,0.50,1347.00
1762102124.8233047,0.00,1347.00
1762102125.8249238,0.50,1347.00
1762102126.8265529,1.50,1347.00
1762102127.8283112,0.50,1347.00
1762102128.8298533,0.50,1346.99
1762102129.8317852,1.50,1346.99
1762102130.8335009,0.00,1346.99
1762102131.8350308,0.00,1346.99
1762102132.836777,1.50,1346.99
1762102133.8384612,1.00,1346.99
1762102134.8399198,0.50,1346.99
1762102135.8415911,1.00,1346.87
1762102136.8433218,5.50,1346.87
1762102137.8448875,0.50,1346.87
1762102138.8466885,0.00,1346.86
1762102139.848361,0.50,1346.86
1762102140.8500223,0.50,1346.86
1762102141.8517423,0.50,1346.86
1762102142.8533356,0.50,1346.85
1762102143.8551142,1.00,1346.85
1762102144.8568616,1.00,1346.85
1762102145.8584647,0.50,1346.85
1762102146.8600771,1.00,1346.85
1762102147.8618133,0.50,1346.84
1762102148.8635385,0.00,1346.84
1762102149.8655128,0.50,1346.84
1762102150.8672729,1.00,1346.84
1762102151.8689282,0.00,1346.84
1762102152.8704975,1.00,1346.83
1762102153.8723097,0.50,1346.83
1762102154.8738563,0.00,1346.83
1762102155.8755097,2.00,1346.83
1762102156.877295,1.00,1346.81
1762102157.878907,0.00,1346.81
1762102158.880821,0.50,1346.81
1762102159.8824832,0.50,1346.81
1762102160.884297,0.00,1346.81
1762102161.8859081,0.50,1346.81
1762102162.8877542,1.00,1346.81
1762102163.8894758,1.00,1346.81
1762102164.8912861,0.00,1346.81
1762102165.89275,1.50,1346.80
1762102166.8943825,1.00,1346.79
1762102167.8960018,0.00,1346.79
1762102168.8977528,0.50,1346.79
1762102169.8995445,0.00,1346.79
1762102170.9010751,0.50,1346.79
1762102171.9027972,0.50,1346.79
1762102172.9043717,1.00,1346.79
1762102173.9058933,1.00,1346.79
1762102174.9075475,0.00,1346.79
1762102175.909217,1.00,1346.79
1762102176.910911,0.50,1346.78
1762102177.9125473,0.50,1346.77
1762102178.9142854,0.50,1346.77
1762102179.9158213,0.50,1346.77
1762102180.9174862,0.00,1346.77
1762102181.9190803,1.00,1346.77
1762102182.9207613,0.50,1346.76
1762102183.92285,0.50,1346.76
1762102184.9246864,1.50,1346.76
1762102185.9264574,1.00,1346.76
1762102186.9280312,0.50,1347.00
1762102187.9304075,0.50,1347.00
1762102188.9320204,0.50,1346.99
1762102189.9328399,1.00,1346.99
1762102190.934565,0.50,1346.99
1762102191.9356725,0.50,1346.99
1762102192.9373775,0.00,1346.99
1762102193.9391105,1.50,1346.99
1762102194.9408443,0.50,1346.98
1762102195.942425,0.50,1346.98
1762102196.944469,5.00,1346.98
1762102197.9464686,3.00,1350.14
1762102198.9480512,1.50,1350.29
