timestamp,cpu_percent,mem_used_mb
1761995512.5765452,58.30,1144.17
1761995513.5787828,9.20,1144.40
1761995514.5804188,1.50,1144.37
1761995515.5819166,1.00,1144.37
1761995516.583549,2.00,1144.37
1761995517.5852916,1.50,1144.36
1761995518.5868149,0.50,1144.36
1761995519.588736,0.50,1144.36
1761995520.5903885,1.00,1144.36
1761995521.5919063,0.50,1144.36
1761995522.5936365,0.00,1144.36
1761995523.5953135,1.00,1144.36
1761995524.5969927,0.50,1144.36
1761995525.5986598,0.50,1144.36
1761995526.6004195,7.70,1119.97
1761995527.6024864,61.70,1120.23
1761995528.6036687,69.70,1119.80
1761995529.6053472,46.50,1119.89
1761995530.6066253,44.00,1120.05
1761995531.6082675,28.60,1119.67
1761995532.6097054,34.80,1120.02
1761995533.6114612,76.30,1120.36
1761995534.6132047,50.30,1119.89
1761995535.6147897,33.50,1119.57
1761995536.6157415,14.50,1119.79
1761995537.616364,11.90,1119.79
1761995538.6177397,31.10,1120.04
1761995539.6187387,58.30,1119.57
1761995540.6203814,63.50,1119.98
1761995541.6217995,65.10,1120.20
1761995542.62433,51.00,1119.90
1761995543.625581,66.20,1120.03
1761995544.6266508,68.50,1120.33
1761995545.6288211,41.80,1120.23
1761995546.62942,53.30,1119.70
1761995547.6309316,13.10,1119.79
1761995548.6326146,11.80,1119.73
1761995549.6341805,20.30,1119.41
1761995550.635378,20.50,1119.82
1761995551.636899,21.10,1120.12
1761995552.6386204,22.90,1119.71
1761995553.6406758,63.00,1119.74
1761995554.641717,70.50,1119.83
1761995555.6431983,54.00,1120.00
1761995556.6446757,29.90,1112.39
1761995557.6463413,0.50,1112.39
1761995558.648114,0.00,1112.38
1761995559.6497667,1.00,1113.12
1761995560.6513672,0.50,1113.12
1761995561.6529942,0.50,1113.12
1761995562.6546347,0.50,1113.12
1761995563.656524,0.50,1113.12
1761995564.6583488,0.50,1113.11
1761995565.6599064,0.00,1113.11
1761995566.661739,0.00,1113.11
1761995567.6637132,0.50,1113.11
1761995568.66558,0.50,1113.11
1761995569.6672187,0.00,1113.11
1761995570.6686735,0.00,1113.11
1761995571.6705732,0.00,1113.11
1761995572.6721036,0.50,1113.11
1761995573.6736915,0.00,1113.11
1761995574.6753795,1.00,1113.11
1761995575.676927,1.00,1113.11
1761995576.6785548,0.00,1113.11
1761995577.6801581,0.00,1113.11
1761995578.6816223,0.50,1113.11
1761995579.68325,0.00,1113.11
1761995580.6848588,0.50,1113.11
1761995581.68646,0.50,1113.11
1761995582.6883745,0.00,1113.11
1761995583.6898854,0.00,1113.11
1761995584.6916497,0.00,1113.11
1761995585.6932914,0.50,1113.11
1761995586.6951222,0.00,1113.11
1761995587.69679,0.50,1113.11
1761995588.69844,0.50,1113.11
1761995589.700107,0.00,1113.11
1761995590.7018626,0.50,1113.11
1761995591.703418,0.50,1113.11
1761995592.7050836,0.00,1113.11
1761995593.7067661,0.50,1113.11
1761995594.7085223,0.00,1113.11
1761995595.710225,0.50,1113.11
1761995596.711777,0.00,1113.11
1761995597.7133648,0.50,1113.11
1761995598.7149248,0.50,1113.11
1761995599.7167623,0.00,1113.11
1761995600.7183545,0.00,1113.11
1761995601.720328,0.00,1113.11
1761995602.7221963,0.50,1113.11
1761995603.7238283,0.50,1113.11
1761995604.7254684,0.50,1113.11
1761995605.7276692,0.00,1113.11
1761995606.7297437,0.50,1113.06
1761995607.7313163,0.50,1113.06
1761995608.732871,0.00,1113.06
1761995609.7344081,0.00,1113.06
1761995610.7361052,0.00,1113.06
1761995611.7382123,0.50,1113.06
1761995612.7401507,0.00,1113.06
1761995613.741728,0.50,1113.06
1761995614.7436562,0.50,1113.06
1761995615.7453165,0.00,1113.06
1761995616.7469234,0.00,1113.06
1761995617.749328,0.00,1113.06
1761995618.7516224,0.00,1113.06
1761995619.7538126,0.50,1113.06
1761995620.7553663,0.00,1113.06
1761995621.7570794,0.00,1113.06
1761995622.7589138,0.00,1113.06
1761995623.7607112,0.50,1113.06
1761995624.7624028,0.50,1113.06
1761995625.7639823,0.00,1113.04
1761995626.7656162,0.00,1113.04
1761995627.7674422,0.00,1113.04
1761995628.769257,0.50,1113.04
1761995629.7709746,0.50,1113.04
1761995630.7725832,0.00,1113.04
1761995631.7743182,0.00,1113.04
1761995632.775884,0.50,1113.04
1761995633.7777755,0.00,1113.04
1761995634.7799797,0.00,1113.04
1761995635.78171,1.00,1113.04
1761995636.7833912,0.00,1113.04
1761995637.785147,0.00,1113.04
1761995638.7868273,0.50,1113.04
1761995639.78758,0.00,1113.04
1761995640.789196,0.00,1113.04
1761995641.7907155,3.00,1113.50
1761995642.792261,2.50,1113.49
1761995643.7939992,0.50,1113.49
1761995644.7958522,0.00,1113.49
1761995645.797414,0.50,1113.49
1761995646.7989395,0.00,1113.49
1761995647.8005657,0.50,1113.49
1761995648.8024647,0.50,1113.49
1761995649.8041794,0.00,1113.49
1761995650.8058832,0.50,1113.49
1761995651.8074656,0.00,1113.49
1761995652.8090053,0.50,1113.49
1761995653.810623,0.00,1113.49
1761995654.812244,0.50,1113.49
1761995655.8138235,0.50,1113.49
1761995656.8161218,0.00,1113.49
1761995657.8178253,0.50,1113.49
1761995658.8193595,0.00,1113.49
1761995659.821292,0.00,1113.45
1761995660.8229532,0.50,1113.45
1761995661.8246663,34.60,1113.54
1761995662.825751,78.20,1113.50
1761995663.8274257,78.50,1113.75
1761995664.8284733,78.80,1113.71
1761995665.8298914,81.50,1113.58
1761995666.8313394,79.80,1113.73
1761995667.832844,79.70,1113.68
1761995668.8339007,82.00,1113.93
1761995669.8366342,66.40,1113.68
1761995670.83807,70.30,1113.83
1761995671.839914,82.10,1113.71
1761995672.8421705,79.80,1113.64
1761995673.843769,79.80,1113.57
1761995674.8450649,79.90,1113.79
1761995675.847973,80.00,1113.79
1761995676.8493347,82.00,1113.73
1761995677.8512595,81.70,1113.77
1761995678.853472,80.90,1113.76
1761995679.8549335,80.60,1113.75
1761995680.8571036,81.30,1113.70
1761995681.8589487,82.60,1113.70
1761995682.8613117,79.40,1113.57
1761995683.8624058,80.40,1113.76
1761995684.8634174,82.50,1113.72
1761995685.8653233,83.20,1113.54
1761995686.8673377,81.40,1113.79
1761995687.869148,83.60,1113.78
1761995688.870479,82.00,1113.72
1761995689.8717415,80.30,1113.79
1761995690.8735836,81.40,1113.66
1761995691.8751743,40.10,1107.52
1761995692.8767583,0.50,1107.52
1761995693.8784,0.50,1107.52
1761995694.8801844,1.00,1107.51
1761995695.8819318,0.00,1107.51
1761995696.8836405,1.00,1107.51
1761995697.8852277,0.00,1107.51
1761995698.88674,0.50,1107.51
1761995699.8883948,0.50,1107.51
1761995700.889945,0.50,1107.51
1761995701.891542,0.50,1107.51
1761995702.8932211,1.00,1107.50
1761995703.8947577,0.50,1107.50
1761995704.8963315,0.50,1107.50
1761995705.8979113,0.00,1107.50
1761995706.8995643,0.50,1107.50
1761995707.9014416,1.00,1107.50
1761995708.9030707,0.00,1107.50
1761995709.9049685,0.50,1107.50
1761995710.9065788,0.50,1107.50
1761995711.9081209,0.50,1107.50
1761995712.909674,0.00,1107.50
1761995713.9113212,1.00,1107.50
1761995714.9129236,0.00,1107.49
1761995715.9147842,1.00,1107.49
1761995716.9163811,0.00,1107.49
1761995717.9184296,0.00,1107.49
1761995718.9201374,1.00,1107.49
1761995719.9217718,0.00,1107.49
1761995720.923288,0.50,1107.48
1761995721.924947,0.50,1107.48
1761995722.926625,0.50,1107.48
1761995723.9285853,0.50,1107.48
1761995724.930216,0.00,1107.48
1761995725.9318187,1.00,1107.48
1761995726.9333403,0.00,1107.47
1761995727.934935,1.00,1107.47
1761995728.9366817,1.00,1107.47
1761995729.9383783,0.00,1107.46
1761995730.940142,0.00,1107.46
1761995731.9417932,0.50,1107.46
1761995732.9433668,0.50,1107.46
1761995733.9451225,0.50,1107.46
1761995734.9465094,0.00,1107.46
1761995735.9482589,1.00,1107.46
1761995736.9498293,0.00,1107.46
1761995737.951435,0.50,1107.46
1761995738.9531748,0.00,1107.45
1761995739.9549322,0.50,1107.45
1761995740.9566257,0.50,1107.45
1761995741.9583242,0.50,1107.45
1761995742.9597704,0.00,1107.45
1761995743.961339,1.00,1107.45
1761995744.9628782,0.00,1107.45
1761995745.9644048,0.00,1107.45
1761995746.9659896,0.50,1107.45
1761995747.9675264,0.50,1107.45
1761995748.9693456,0.00,1107.45
1761995749.9708936,0.00,1107.45
1761995750.9725418,0.00,1107.44
1761995751.974254,0.00,1107.44
1761995752.9758866,0.00,1107.44
1761995753.9776561,1.00,1107.44
1761995754.9794304,0.00,1107.44
1761995755.9811332,0.50,1107.44
1761995756.9828157,0.00,1107.43
1761995757.98456,0.00,1107.43
1761995758.986176,0.00,1107.43
1761995759.9877093,0.50,1107.43
1761995760.9893732,0.50,1107.43
1761995761.9910033,0.00,1107.43
1761995762.9928145,0.00,1107.42
1761995763.9944608,1.00,1107.42
1761995764.9961283,0.00,1107.42
1761995765.9967074,0.50,1107.41
1761995766.99859,1.00,1107.41
1761995768.0002573,1.50,1107.41
1761995769.0017865,0.00,1107.41
1761995770.0034223,0.00,1107.41
1761995771.0048683,1.00,1107.41
1761995772.0063777,0.50,1107.41
1761995773.0078835,0.50,1107.41
1761995774.0094204,0.00,1107.41
1761995775.01044,0.00,1107.40
1761995776.0119169,0.00,1107.40
1761995777.0135918,0.50,1107.40
1761995778.0154476,0.00,1107.40
1761995779.017155,0.00,1107.40
1761995780.018629,0.00,1107.40
1761995781.020461,0.00,1107.39
1761995782.0222309,0.50,1107.39
1761995783.0239289,0.00,1107.39
1761995784.0255673,0.50,1107.39
1761995785.0272548,0.50,1107.39
1761995786.0292568,0.00,1107.39
1761995787.0309336,0.50,1107.39
1761995788.0326521,0.50,1107.39
1761995789.0344462,0.00,1107.39
1761995790.0363338,0.50,1107.39
1761995791.038094,0.00,1107.39
1761995792.0397036,0.50,1107.39
1761995793.0414853,0.00,1107.39
1761995794.0432022,0.00,1107.39
1761995795.044818,0.00,1107.39
1761995796.0454555,0.50,1107.61
1761995797.0468836,74.90,1107.18
1761995798.048939,76.00,1107.06
1761995799.0512962,79.60,1106.93
1761995800.053296,82.10,1107.09
1761995801.0551286,80.00,1107.02
1761995802.0567904,81.40,1107.09
1761995803.0587125,80.40,1107.09
1761995804.0608554,79.80,1107.15
1761995805.0627916,80.00,1107.11
1761995806.0643332,79.70,1107.08
1761995807.0659003,81.20,1107.07
1761995808.0688424,79.90,1107.11
1761995809.0695705,80.40,1107.05
1761995810.0706687,78.70,1107.11
1761995811.072094,92.10,1107.07
1761995812.073924,71.80,1107.12
1761995813.0754352,80.40,1106.90
1761995814.0773063,81.20,1107.09
1761995815.0789511,79.70,1107.12
1761995816.0811193,62.00,1107.15
1761995817.0824456,54.10,1106.92
1761995818.0838747,53.80,1106.88
1761995819.0856092,54.00,1106.86
1761995820.0880735,59.40,1107.03
1761995821.0893893,55.10,1107.12
1761995822.091246,78.70,1094.82
1761995823.0933676,80.40,1094.70
1761995824.0948765,79.60,1094.86
1761995825.0964184,79.40,1094.98
1761995826.0979412,81.10,1095.07
1761995827.0995202,1.50,1095.12
1761995828.101188,0.00,1095.12
1761995829.1028028,0.50,1095.12
1761995830.1043532,2.50,1095.36
1761995831.1058867,1.50,1095.36
1761995832.1073997,0.50,1095.36
1761995833.1093867,0.50,1095.36
1761995834.1112905,1.00,1095.36
1761995835.1128166,0.50,1095.35
1761995836.1144195,0.00,1095.35
1761995837.1161027,0.50,1095.35
1761995838.117818,0.50,1095.35
1761995839.1194146,0.00,1095.35
1761995840.1209588,0.00,1095.35
1761995841.1226006,1.00,1095.34
1761995842.124264,0.50,1095.34
1761995843.1257675,0.00,1095.34
1761995844.1275477,1.00,1095.34
1761995845.1292334,0.00,1095.34
1761995846.13079,1.00,1095.34
1761995847.131572,0.00,1095.34
1761995848.1334786,0.50,1095.34
1761995849.1351738,1.00,1095.34
1761995850.1367111,0.00,1095.34
1761995851.1383982,0.00,1095.34
1761995852.139623,0.50,1095.34
1761995853.1412864,1.00,1095.33
1761995854.1427703,0.00,1095.33
1761995855.144484,0.50,1095.33
1761995856.1461751,0.50,1095.33
1761995857.147711,0.50,1095.33
1761995858.1492984,0.00,1095.33
1761995859.1515448,1.00,1095.33
1761995860.1533844,0.50,1095.33
1761995861.1549165,0.50,1095.33
1761995862.1564353,0.00,1095.33
1761995863.158344,0.50,1095.33
1761995864.160096,1.00,1095.33
1761995865.1618035,0.50,1095.31
1761995866.1634185,0.50,1095.31
1761995867.165278,0.50,1095.31
1761995868.1669247,0.00,1095.31
1761995869.1686547,1.00,1095.31
1761995870.1706252,0.00,1095.31
1761995871.1723316,0.00,1095.31
1761995872.1739912,0.50,1095.31
1761995873.1756585,0.50,1095.31
1761995874.1772296,0.00,1095.31
1761995875.1787374,0.50,1095.31
1761995876.180382,0.50,1095.31
1761995877.181874,0.50,1095.31
1761995878.183396,0.00,1095.31
1761995879.1849868,0.50,1095.31
1761995880.1868412,0.00,1095.31
1761995881.188434,0.50,1095.31
1761995882.1899848,0.00,1095.31
1761995883.1916556,0.00,1095.31
1761995884.1934104,0.00,1095.31
1761995885.1949778,0.00,1095.31
1761995886.1966665,0.00,1095.31
1761995887.1984675,0.50,1095.31
1761995888.2002017,0.50,1095.31
1761995889.2017305,0.00,1095.31
1761995890.2033198,0.00,1095.31
1761995891.204867,1.50,1095.28
1761995892.2064667,0.00,1095.28
1761995893.2081559,0.00,1095.28
1761995894.2099152,0.00,1095.28
1761995895.2115014,0.50,1095.28
1761995896.2131295,0.50,1095.28
1761995897.2146974,0.00,1095.28
1761995898.2162652,0.00,1095.28
1761995899.2178686,0.00,1095.28
1761995900.2197342,1.00,1095.28
1761995901.2213323,0.00,1095.28
1761995902.222862,0.50,1095.28
1761995903.224868,0.00,1095.28
1761995904.2263222,0.50,1095.28
1761995905.2282314,0.50,1095.25
1761995906.2297754,0.00,1095.25
1761995907.2313597,0.00,1095.25
1761995908.2329395,0.50,1095.25
1761995909.2346752,0.00,1095.25
1761995910.2362669,0.50,1095.25
1761995911.2378645,0.00,1095.25
1761995912.2396047,0.00,1095.25
1761995913.2415373,21.10,1096.23
1761995914.2431757,0.00,1096.22
1761995915.244801,0.50,1096.22
1761995916.2465708,0.50,1096.22
1761995917.24845,0.00,1096.22
1761995918.2503161,0.00,1096.22
1761995919.2521772,0.00,1096.21
1761995920.2537115,0.00,1096.21
1761995921.2553895,0.50,1096.21
1761995922.25721,0.50,1096.21
1761995923.2588446,0.00,1096.21
1761995924.2605312,0.00,1096.21
1761995925.2623146,0.00,1096.21
1761995926.2638073,0.50,1096.21
1761995927.265335,0.00,1096.21
1761995928.26596,0.00,1096.21
1761995929.267749,0.50,1096.21
1761995930.269585,0.00,1096.21
1761995931.2704258,34.00,1096.36
1761995932.2718463,63.80,1095.86
1761995933.2732751,77.80,1095.88
1761995934.274799,79.40,1096.06
1761995935.2763133,79.10,1095.88
1761995936.2780209,79.70,1096.25
1761995937.2796657,80.90,1095.96
1761995938.2807903,79.30,1095.95
1761995939.282479,78.90,1095.92
1761995940.2840064,80.20,1096.07
1761995941.2858245,67.70,1096.04
1761995942.2871785,61.30,1096.38
1761995943.2886558,56.50,1096.04
1761995944.2902617,57.20,1096.16
1761995945.2922466,62.20,1096.04
1761995946.2939909,66.70,1096.44
1761995947.2971587,64.60,1096.56
1761995948.2985454,61.60,1096.29
1761995949.299517,60.00,1096.31
1761995950.300598,64.90,1096.06
1761995951.3019829,76.70,1096.13
1761995952.3035958,75.40,1095.95
1761995953.3045347,66.00,1095.88
1761995954.3054702,66.00,1096.35
1761995955.307246,56.80,1095.94
1761995956.3086925,70.60,1096.12
1761995957.3096352,81.80,1096.06
1761995958.3114452,79.60,1096.18
1761995959.313405,61.00,1096.52
1761995960.3146884,59.40,1096.37
1761995961.3162513,15.70,1094.76
1761995962.3177154,0.50,1094.76
1761995963.3194082,0.50,1095.00
1761995964.32114,2.00,1094.98
1761995965.3229434,0.50,1094.98
1761995966.325259,1.00,1094.98
1761995967.3268461,0.00,1094.98
1761995968.3287268,0.50,1094.98
1761995969.3303409,1.00,1094.98
1761995970.332117,0.00,1094.98
1761995971.3339736,0.00,1094.98
1761995972.3357263,0.00,1094.98
1761995973.33725,1.00,1094.97
1761995974.338889,0.50,1094.97
1761995975.3397918,0.00,1094.97
1761995976.3413837,1.00,1094.97
1761995977.342923,0.50,1094.97
1761995978.3445837,0.50,1094.97
1761995979.3461692,0.00,1094.96
1761995980.347783,0.50,1094.96
1761995981.3495028,0.50,1094.96
1761995982.351119,0.00,1094.96
1761995983.3527439,0.50,1094.96
1761995984.3543634,0.50,1094.96
1761995985.3558717,0.50,1094.96
1761995986.3574882,0.00,1094.96
1761995987.3591394,0.50,1094.96
1761995988.3608413,0.50,1094.96
1761995989.3624146,0.00,1094.96
1761995990.363932,0.50,1094.96
1761995991.3655827,0.50,1094.95
1761995992.3672044,0.50,1094.95
1761995993.368821,0.50,1094.95
1761995994.3704898,0.50,1094.95
1761995995.3715322,0.50,1094.95
1761995996.3731632,0.50,1094.95
1761995997.3747597,0.00,1094.94
1761995998.3763928,0.50,1094.94
1761995999.377899,0.50,1094.94
1761996000.3796375,0.50,1094.94
1761996001.381259,0.00,1094.94
1761996002.3828058,1.00,1094.94
1761996003.3843415,0.50,1094.94
1761996004.3858578,0.00,1094.94
1761996005.3874485,0.00,1094.94
1761996006.3892915,1.00,1094.94
1761996007.3908598,0.00,1094.94
1761996008.3925765,0.50,1094.94
1761996009.394153,0.50,1094.94
1761996010.395782,0.50,1094.94
1761996011.397457,1.00,1094.94
1761996012.3992267,0.00,1094.94
1761996013.4008896,0.00,1094.94
1761996014.4025009,1.00,1094.94
1761996015.403361,0.00,1094.94
1761996016.4051194,0.00,1094.94
1761996017.4066012,0.50,1094.94
1761996018.4082274,0.00,1094.94
1761996019.409755,0.00,1094.94
1761996020.4116514,0.00,1094.94
1761996021.413284,0.00,1094.94
1761996022.4148486,0.50,1094.94
1761996023.422864,0.50,1094.94
1761996024.424664,0.00,1094.94
1761996025.4263978,1.00,1094.94
1761996026.4279993,0.00,1094.94
1761996027.429613,0.50,1094.94
1761996028.4313416,0.00,1094.94
1761996029.433205,0.00,1094.94
1761996030.4348986,0.50,1095.18
1761996031.436523,0.00,1095.18
1761996032.4381986,0.00,1095.18
1761996033.4398973,0.00,1095.18
1761996034.4415348,0.50,1095.18
1761996035.4430892,0.50,1095.18
1761996036.4446218,0.00,1095.18
1761996037.4462736,0.00,1095.18
1761996038.4478528,1.00,1095.18
1761996039.4493833,0.00,1095.18
1761996040.4509075,0.00,1095.18
1761996041.4525328,0.00,1095.18
1761996042.454192,0.50,1095.12
1761996043.455757,0.50,1095.12
1761996044.457362,0.50,1095.12
1761996045.4588747,0.50,1095.12
1761996046.4606283,0.00,1095.12
1761996047.462246,0.00,1095.12
1761996048.463823,0.00,1095.11
1761996049.4655008,0.00,1095.11
1761996050.4671867,0.50,1095.11
1761996051.4711764,0.50,1095.11
1761996052.4733853,0.00,1095.11
1761996053.474988,0.50,1095.11
1761996054.4766235,0.00,1095.11
1761996055.4784431,0.50,1095.11
1761996056.4803705,0.50,1095.11
1761996057.4818764,0.00,1095.11
1761996058.4835367,0.00,1095.11
1761996059.4853082,0.50,1095.11
1761996060.486985,0.50,1095.11
1761996061.4886642,0.00,1095.11
1761996062.490714,0.50,1095.11
1761996063.4927785,0.50,1095.11
1761996064.4944458,0.00,1095.11
1761996065.4960566,21.30,1095.29
1761996066.4977725,57.00,1095.35
1761996067.4985278,60.70,1095.36
1761996068.5000029,58.70,1095.33
1761996069.5019984,63.60,1095.56
1761996070.5036743,80.20,1095.29
1761996071.5044978,79.10,1095.36
1761996072.5093331,83.10,1095.80
1761996073.5104184,81.20,1095.71
1761996074.5113542,81.70,1095.68
1761996075.5123477,79.50,1095.76
1761996076.5138044,79.60,1095.61
1761996077.5147786,58.00,1095.45
1761996078.5165725,54.00,1095.73
1761996079.5180726,58.70,1095.61
1761996080.5196,61.40,1095.95
1761996081.5214539,54.30,1095.68
1761996082.5228033,59.70,1095.99
1761996083.5239375,51.90,1095.80
1761996084.5256097,56.50,1095.80
1761996085.527281,53.70,1095.83
1761996086.5295875,54.50,1095.64
1761996087.5312254,53.10,1103.14
1761996088.5332727,75.70,1094.70
1761996089.5393322,66.50,1101.77
1761996090.5407073,61.10,1094.76
1761996091.5414584,81.50,1094.98
1761996092.5424218,78.70,1094.82
1761996093.5443532,77.50,1094.90
1761996094.547954,80.60,1094.83
1761996095.5513635,36.10,1095.06
1761996096.5535293,0.50,1095.02
1761996097.5552866,0.50,1095.02
1761996098.5567892,2.00,1095.27
1761996099.5583403,0.00,1095.27
1761996100.5614355,0.70,1095.52
1761996101.5631409,0.00,1095.52
1761996102.5643883,0.50,1095.52
1761996103.5659847,1.00,1095.52
1761996104.5676188,0.00,1095.52
1761996105.5693717,0.50,1095.50
1761996106.570749,1.00,1095.50
1761996107.5723982,0.00,1095.50
1761996108.5740027,1.00,1095.50
1761996109.5756793,0.50,1095.50
1761996110.5773444,0.50,1095.50
1761996111.5790029,0.50,1095.74
1761996112.5806327,0.00,1095.74
1761996113.5822601,1.50,1095.74
1761996114.5838075,0.50,1095.74
1761996115.5853612,0.00,1095.74
1761996116.5868914,0.50,1095.74
1761996117.5884283,0.50,1095.73
1761996118.5902288,0.00,1095.73
1761996119.5917804,1.00,1095.73
1761996120.593419,1.00,1095.73
1761996121.5949512,0.50,1095.73
1761996122.5966525,1.00,1095.73
1761996123.5982804,0.50,1095.72
1761996124.5998101,0.50,1095.72
1761996125.6014066,0.00,1095.72
1761996126.6032486,0.50,1095.72
1761996127.6048672,0.50,1095.72
1761996128.606457,0.50,1095.72
1761996129.6081014,0.00,1095.71
1761996130.609841,1.50,1095.71
1761996131.611439,0.00,1095.71
1761996132.6130846,1.00,1095.71
1761996133.6147027,0.50,1095.71
1761996134.6165373,0.00,1095.71
1761996135.6183648,0.50,1095.71
1761996136.6194403,1.00,1095.71
1761996137.621223,0.00,1095.71
1761996138.622905,1.00,1095.71
1761996139.6249635,0.00,1095.71
1761996140.6267943,0.50,1095.71
1761996141.6283755,0.50,1095.70
1761996142.630213,0.00,1095.70
1761996143.6317506,1.50,1095.70
1761996144.6333847,0.00,1095.70
1761996145.6351428,0.50,1095.70
1761996146.6368582,0.00,1095.70
1761996147.6384177,0.00,1095.69
1761996148.6402886,0.00,1095.69
1761996149.6418498,0.50,1095.69
1761996150.6434476,0.50,1095.69
1761996151.645139,0.00,1095.69
1761996152.6466234,0.00,1095.69
1761996153.6482027,0.50,1095.68
1761996154.6498327,0.00,1095.68
1761996155.651447,0.50,1095.68
1761996156.6532748,0.50,1095.68
1761996157.6549494,0.00,1095.68
1761996158.6573255,0.50,1095.68
1761996159.658924,0.00,1095.68
1761996160.6606073,1.00,1095.68
1761996161.662527,0.00,1095.68
1761996162.6641452,0.00,1095.68
1761996163.6656713,0.00,1095.68
1761996164.6673841,0.50,1095.68
1761996165.6679797,0.00,1095.68
1761996166.6697783,0.50,1095.68
1761996167.6714907,0.00,1095.68
1761996168.6731906,0.50,1095.68
1761996169.6745267,0.00,1095.68
1761996170.67631,0.50,1095.68
1761996171.6777906,0.50,1095.68
1761996172.6794717,0.00,1095.68
1761996173.6809728,0.50,1095.68
1761996174.682733,0.50,1095.68
1761996175.6849236,0.50,1095.68
1761996176.6866024,0.00,1095.68
1761996177.6883776,0.00,1095.93
1761996178.6901731,0.00,1095.93
1761996179.6914628,0.00,1095.93
1761996180.693239,0.50,1095.93
1761996181.6949067,0.00,1095.93
1761996182.6968353,0.00,1095.93
1761996183.6984153,0.50,1095.93
1761996184.699968,0.50,1095.93
1761996185.7017038,0.00,1095.93
1761996186.7034862,0.00,1095.93
1761996187.7050724,0.50,1095.93
1761996188.7065763,0.50,1095.93
1761996189.7082658,0.00,1095.93
1761996190.7098863,0.50,1095.88
1761996191.711639,0.00,1095.88
1761996192.7133732,0.00,1095.88
1761996193.7151077,1.00,1095.88
1761996194.716872,0.00,1095.88
1761996195.7185473,0.00,1095.87
1761996196.720372,0.00,1095.87
1761996197.7218778,0.00,1095.87
1761996198.7233353,0.50,1095.87
1761996199.7245414,22.20,1095.83
1761996200.7258308,77.30,1095.80
1761996201.727527,78.60,1095.80
1761996202.7291095,79.30,1096.05
1761996203.73097,71.50,1095.83
1761996204.7329733,73.50,1095.98
1761996205.7349002,79.30,1096.05
1761996206.7363417,80.90,1095.99
1761996207.7381372,80.80,1095.79
1761996208.7401967,73.90,1095.79
1761996209.742005,66.70,1095.82
1761996210.7438238,79.80,1095.98
1761996211.7467709,77.80,1095.98
1761996212.7485273,72.10,1096.01
1761996213.75025,80.80,1096.00
1761996214.7519808,79.70,1096.04
1761996215.7539625,80.80,1095.96
1761996216.7553236,79.80,1096.02
1761996217.7568567,81.20,1095.99
1761996218.7577412,79.00,1095.86
1761996219.759926,79.60,1095.86
1761996220.762198,78.70,1095.98
1761996221.763497,77.00,1096.25
1761996222.7655547,78.70,1096.04
1761996223.7668183,82.00,1096.22
1761996224.7680807,83.40,1096.25
1761996225.7700064,85.30,1096.19
1761996226.771898,81.40,1096.22
1761996227.7739804,82.10,1096.29
1761996228.7756677,82.80,1096.04
1761996229.7772882,46.40,1094.88
1761996230.7788599,0.00,1094.88
1761996231.7805517,0.50,1094.88
1761996232.7821891,2.00,1095.36
1761996233.783802,0.50,1095.36
1761996234.7853723,0.50,1095.36
1761996235.786944,1.00,1095.36
1761996236.788559,0.00,1095.36
1761996237.7900832,0.50,1095.36
1761996238.7914908,1.00,1095.36
1761996239.792953,0.00,1095.36
1761996240.7945223,1.00,1095.36
1761996241.7968137,0.50,1095.36
1761996242.7984533,0.00,1095.36
1761996243.800467,1.00,1095.36
1761996244.802203,0.00,1095.36
1761996245.8036935,0.50,1095.36
1761996246.8054268,0.50,1095.36
1761996247.8069727,0.00,1095.36
1761996248.8086543,0.00,1095.36
1761996249.810771,0.50,1095.36
1761996250.8123033,0.50,1095.36
1761996251.8137822,1.00,1095.36
1761996252.815363,0.00,1095.36
1761996253.8168995,0.50,1095.36
1761996254.8184175,0.50,1095.36
1761996255.820293,0.50,1095.36
1761996256.8221993,0.00,1095.36
1761996257.8237972,1.00,1095.36
1761996258.8254664,0.50,1095.36
1761996259.82726,0.50,1095.36
1761996260.829125,0.50,1095.36
1761996261.8307934,0.00,1095.36
1761996262.8315072,1.00,1095.36
1761996263.8333075,0.50,1095.32
1761996264.834774,2.50,1095.32
1761996265.8353982,1.50,1095.32
1761996266.836994,0.00,1095.32
1761996267.8386092,1.60,1095.32
1761996268.840305,0.50,1095.32
1761996269.8421202,0.00,1095.32
1761996270.8435898,0.50,1095.32
1761996271.8451624,0.50,1095.32
1761996272.8466742,0.50,1095.32
1761996273.8483021,0.00,1095.32
1761996274.8498902,1.00,1095.32
1761996276.054862,0.60,1095.32
1761996277.0559447,1.00,1095.32
1761996278.0571263,0.00,1095.32
1761996279.05838,1.00,1095.32
1761996280.059358,0.00,1095.32
1761996281.0605874,0.00,1095.29
1761996282.0612307,0.00,1095.29
1761996283.0617397,0.00,1095.29
1761996284.0632894,0.50,1095.29
1761996285.0648491,0.50,1095.28
1761996286.0663304,0.50,1095.28
1761996287.0677516,0.00,1095.28
1761996288.069232,0.00,1095.28
1761996289.0706892,0.00,1095.28
1761996290.072352,0.50,1095.28
1761996291.073858,0.00,1095.28
1761996292.0754778,0.00,1095.28
1761996293.0772288,0.00,1095.28
1761996294.078916,0.50,1095.28
1761996295.080568,0.00,1095.28
1761996296.0822802,0.50,1095.28
1761996297.0839994,0.50,1095.28
1761996298.0857089,0.00,1095.28
1761996299.0873423,0.00,1095.28
1761996300.088963,0.00,1095.28
1761996301.0907762,0.50,1095.28
1761996302.0925865,0.00,1095.28
1761996303.094155,0.50,1095.28
1761996304.0956695,0.00,1095.28
1761996305.0972302,0.00,1095.28
1761996306.0988576,0.00,1095.28
1761996307.1005657,0.50,1095.28
1761996308.1021752,0.00,1095.28
1761996309.103624,0.00,1095.28
1761996310.105327,0.00,1095.28
1761996311.1069794,0.50,1095.24
1761996312.1076372,0.00,1095.24
1761996313.1093655,0.00,1095.24
1761996314.110977,0.50,1095.24
1761996315.1125643,0.50,1095.24
1761996316.1141233,0.50,1095.24
1761996317.1156895,0.00,1095.24
1761996318.1173606,0.50,1095.24
1761996319.1189303,0.00,1095.24
1761996320.1205397,0.00,1095.24
1761996321.1221266,0.00,1095.24
1761996322.123758,0.00,1095.24
1761996323.1253865,1.00,1095.24
1761996324.1269841,0.00,1095.24
1761996325.1287005,0.50,1095.24
1761996326.1302757,0.50,1095.24
1761996327.1318643,0.00,1095.24
1761996328.133414,0.00,1095.24
1761996329.1350927,0.00,1095.24
1761996330.1367838,0.00,1095.21
1761996331.1384115,1.00,1095.21
1761996332.139501,0.00,1095.21
1761996333.1411166,0.00,1095.21
1761996334.1497455,0.50,1095.92
1761996335.151504,77.00,1095.24
1761996336.1524909,78.30,1095.86
1761996337.1532984,81.30,1095.95
1761996338.155419,81.70,1096.11
1761996339.1563685,82.00,1095.83
1761996340.1576073,80.00,1095.89
1761996341.1605625,81.30,1095.80
1761996342.1616697,82.60,1095.87
1761996343.1624322,80.80,1095.90
1761996344.1654527,80.30,1095.87
1761996345.1663918,80.60,1095.83
1761996346.1673563,81.40,1095.65
1761996347.1683774,69.80,1095.87
1761996348.1693745,80.00,1096.08
1761996349.1724327,80.70,1096.02
1761996350.1733675,82.80,1096.13
1761996351.174371,81.80,1095.88
1761996352.1753883,82.80,1096.04
1761996353.1764476,71.40,1096.14
1761996354.1784313,80.30,1096.08
1761996355.1794486,81.70,1096.10
1761996356.1814,81.70,1095.92
1761996357.1823752,82.90,1096.14
1761996358.1844444,82.70,1095.95
1761996359.1853898,82.30,1095.95
1761996360.186464,83.80,1096.07
1761996361.1895304,83.20,1096.02
1761996362.1904554,84.00,1095.89
1761996363.1913948,85.20,1096.07
1761996364.1929023,81.60,1096.10
1761996365.1944294,2.00,1094.44
1761996366.1959875,0.50,1094.69
1761996367.1975613,0.00,1094.68
1761996368.1991718,2.00,1095.17
1761996369.2009075,0.00,1095.17
1761996370.202636,0.50,1095.17
1761996371.204244,0.50,1095.17
1761996372.2058117,0.50,1095.17
1761996373.207394,0.00,1095.17
1761996374.2088416,1.00,1095.17
1761996375.210378,0.00,1095.17
1761996376.2119136,0.00,1095.17
1761996377.2137434,1.00,1095.17
1761996378.2155375,0.50,1095.17
1761996379.217232,0.00,1095.17
1761996380.218799,1.00,1095.17
1761996381.22046,0.00,1095.17
1761996382.222377,0.00,1095.17
1761996383.2238839,0.50,1095.17
1761996384.2257085,1.00,1095.17
1761996385.2274399,0.00,1095.17
1761996386.2290041,0.50,1095.17
1761996387.2307794,1.00,1095.17
1761996388.232382,0.60,1095.17
1761996389.2341366,0.00,1095.17
1761996390.2357895,0.00,1095.17
1761996391.2374375,0.50,1095.17
1761996392.2389214,0.50,1095.17
1761996393.2406557,0.00,1095.17
1761996394.2422318,0.50,1095.17
1761996395.2437177,0.50,1095.17
1761996396.2452767,0.00,1095.17
1761996397.2468724,0.50,1095.17
1761996398.2485917,0.00,1095.17
1761996399.2502127,0.50,1095.17
1761996400.2518282,0.00,1095.17
1761996401.2534592,0.00,1095.17
1761996402.2550976,0.50,1095.12
1761996403.2566683,0.50,1095.12
1761996404.2583911,0.50,1095.12
1761996405.260001,0.50,1095.12
1761996406.26176,0.00,1095.12
1761996407.2634985,0.00,1095.12
1761996408.265132,0.50,1095.37
1761996409.2667193,0.00,1095.37
1761996410.2718983,1.00,1095.37
1761996411.2734692,0.00,1095.37
1761996412.2751,0.50,1095.36
1761996413.276648,0.00,1095.36
1761996414.278465,1.00,1095.36
1761996415.2801504,0.50,1095.36
1761996416.2818415,0.00,1095.36
1761996417.283443,0.00,1095.36
1761996418.285228,0.50,1095.36
1761996419.2868881,0.50,1095.36
1761996420.288664,0.00,1095.36
1761996421.2905567,1.50,1095.36
1761996422.2920837,0.00,1095.36
1761996423.293632,0.00,1095.36
1761996424.295431,0.50,1095.36
1761996425.297139,0.00,1095.36
1761996426.2987452,0.00,1095.61
1761996427.3003576,0.50,1095.61
1761996428.302106,0.00,1095.61
1761996429.3036547,0.00,1095.61
1761996430.3055992,0.00,1095.61
1761996431.3071442,1.00,1095.57
1761996432.308755,0.00,1095.57
1761996433.3097477,0.00,1095.57
1761996434.3113327,0.50,1095.57
1761996435.312829,0.00,1095.57
1761996436.3137126,0.00,1095.57
1761996437.3153205,0.50,1095.57
1761996438.3168354,0.00,1095.56
1761996439.318429,0.00,1095.56
1761996440.320085,0.00,1095.56
1761996441.3217843,0.00,1095.56
1761996442.323549,0.00,1095.56
1761996443.3250828,0.50,1095.56
1761996444.326643,0.50,1095.56
1761996445.3282435,0.00,1095.56
1761996446.3300066,0.50,1095.56
1761996447.3316133,0.00,1095.56
1761996448.3332253,0.00,1095.56
1761996449.3347797,0.00,1095.56
1761996450.3371196,0.50,1095.56
1761996451.3386376,0.00,1095.56
1761996452.3403058,0.50,1095.56
1761996453.3418355,0.00,1095.56
1761996454.3434575,0.00,1095.56
1761996455.3451622,0.50,1095.56
1761996456.346766,0.00,1095.56
1761996457.3484688,0.00,1095.56
1761996458.3501837,0.00,1095.56
1761996459.3511057,1.00,1095.56
1761996460.3526652,0.00,1095.56
1761996461.3545358,0.00,1095.56
1761996462.356267,0.00,1095.56
1761996463.357739,1.00,1095.56
1761996464.359437,0.00,1095.56
1761996465.3610895,0.00,1095.56
1761996466.362777,0.50,1095.56
1761996467.3644981,0.50,1095.56
1761996468.3660882,0.00,1095.56
1761996469.3673782,45.90,1095.63
1761996470.3689878,79.10,1095.77
1761996471.371437,80.40,1095.60
1761996472.3724723,81.80,1095.75
1761996473.3739152,79.50,1095.67
1761996474.3758655,80.30,1095.69
1761996475.3778155,80.40,1095.73
1761996476.3793504,83.10,1095.82
1761996477.3806863,80.40,1095.60
1761996478.3829348,83.20,1095.66
1761996479.3845844,78.00,1095.86
1761996480.3856573,81.80,1095.67
1761996481.3875997,77.50,1095.77
1761996482.3888602,61.20,1095.51
1761996483.39094,55.90,1095.61
1761996484.3925004,59.60,1095.83
1761996485.3939404,81.00,1095.80
1761996486.3955402,80.20,1095.83
1761996487.3971334,82.30,1095.76
1761996488.398843,82.30,1095.76
1761996489.3998542,82.60,1095.89
1761996490.4022794,81.50,1095.89
1761996491.4032888,81.90,1095.89
1761996492.4049385,81.80,1095.86
1761996493.4065318,80.70,1096.05
1761996494.4084306,80.80,1095.95
1761996495.409875,86.00,1096.26
1761996496.412195,82.90,1096.08
1761996497.4144332,82.00,1095.98
1761996498.4158852,64.60,1099.02
1761996499.4173832,28.20,1095.21
1761996500.4196467,0.50,1095.17
1761996501.4213517,0.50,1095.17
1761996502.4232116,2.00,1095.17
1761996503.4247828,1.50,1095.41
1761996504.4263387,0.50,1095.41
1761996505.427854,0.00,1095.41
1761996506.4294689,0.50,1095.41
1761996507.4311988,0.00,1095.41
1761996508.4329476,0.50,1095.41
1761996509.4345565,0.50,1095.41
1761996510.4361,0.50,1095.41
1761996511.4376764,0.00,1095.41
1761996512.4393642,1.00,1095.41
1761996513.4411523,0.50,1095.41
1761996514.4426835,0.00,1095.41
1761996515.4443476,0.50,1095.65
1761996516.4458315,0.50,1095.65
1761996517.447229,0.50,1095.65
1761996518.4488149,0.50,1095.65
1761996519.4503675,0.00,1095.65
1761996520.4520862,0.50,1095.65
1761996521.4538376,1.00,1095.65
1761996522.4553537,0.00,1095.65
1761996523.456896,0.50,1095.65
1761996524.4586532,1.00,1095.65
1761996525.4605734,0.00,1095.65
1761996526.463521,0.50,1095.65
1761996527.4653943,0.50,1095.65
1761996528.4671667,0.50,1095.65
1761996529.4688842,0.00,1095.65
1761996530.4707081,0.50,1095.65
1761996531.47229,0.50,1095.65
1761996532.4738767,0.00,1095.65
1761996533.4755468,1.00,1095.89
1761996534.4775147,0.50,1095.89
1761996535.483729,0.00,1095.89
1761996536.485349,0.50,1095.89
1761996537.4918468,0.50,1095.89
1761996538.4935737,0.00,1095.89
1761996539.4953344,0.00,1095.85
1761996540.4969513,0.50,1095.85
1761996541.498644,0.50,1095.85
1761996542.5005853,1.50,1095.85
1761996543.5022423,0.00,1095.85
1761996544.504322,0.00,1095.85
1761996545.506104,1.00,1095.84
1761996546.5076146,0.50,1095.84
1761996547.509573,0.00,1095.84
1761996548.511296,0.50,1095.84
1761996549.512758,0.00,1095.84
1761996550.5142787,1.00,1095.84
1761996551.515911,0.50,1095.84
1761996552.5175498,0.00,1095.84
1761996553.519252,0.00,1095.84
1761996554.5205526,0.00,1095.84
1761996555.522155,1.00,1095.84
1761996556.5234783,0.00,1095.84
1761996557.5252357,0.00,1095.84
1761996558.526764,0.50,1095.84
1761996559.528518,0.00,1095.84
1761996560.5303333,0.50,1095.84
1761996561.5317733,0.00,1095.84
1761996562.5333042,0.50,1095.84
1761996563.5348477,0.00,1095.84
1761996564.536382,0.50,1095.84
1761996565.5379264,0.50,1095.84
1761996566.5395746,0.00,1095.84
1761996567.5412884,0.50,1095.84
1761996568.5428631,0.00,1095.84
1761996569.5443606,0.00,1095.84
1761996570.545984,0.00,1095.84
1761996571.5476806,0.00,1095.84
1761996572.549885,0.00,1095.84
1761996573.5513272,0.50,1095.84
1761996574.552776,0.50,1095.84
1761996575.554411,0.00,1095.84
1761996576.5561461,0.00,1095.84
1761996577.5577266,0.00,1095.84
1761996578.5594025,0.50,1095.78
1761996579.5609376,0.50,1095.78
1761996580.56263,0.00,1095.78
1761996581.5637002,0.00,1095.78
1761996582.5652988,0.50,1095.78
1761996583.5668762,0.00,1095.78
1761996584.568381,0.50,1095.78
1761996585.5698996,0.00,1095.78
1761996586.5715113,0.00,1095.78
1761996587.5732718,0.50,1095.78
1761996588.5749545,0.50,1095.78
1761996589.5765839,0.50,1095.78
1761996590.5781932,0.00,1095.78
1761996591.5793686,0.50,1095.78
1761996592.5810916,0.50,1095.78
1761996593.5826075,0.00,1095.78
1761996594.5841603,0.00,1095.78
1761996595.585889,0.50,1095.78
1761996596.5874865,0.00,1095.78
1761996597.5891283,0.00,1095.78
1761996598.5907474,0.50,1095.78
1761996599.5923817,0.00,1095.78
1761996600.594087,0.50,1095.78
1761996601.5956693,0.50,1095.78
1761996602.5972157,26.30,1094.46
1761996603.5986824,5.60,1094.56
1761996604.599846,76.20,1095.18
1761996605.6021922,74.70,1094.94
1761996606.6037815,80.10,1095.06
1761996607.6050923,81.70,1094.84
1761996608.6064377,79.30,1094.97
1761996609.608158,78.50,1094.82
1761996610.609755,84.30,1095.19
1761996611.6103659,68.80,1095.10
1761996612.6128328,68.20,1095.09
1761996613.6136677,82.00,1095.30
1761996614.6147542,82.00,1094.93
1761996615.6156685,82.00,1095.07
1761996616.6181417,58.00,1094.89
1761996617.6198585,82.50,1095.18
1761996618.6211693,86.10,1095.09
1761996619.6232612,82.80,1095.12
1761996620.6248896,84.90,1095.12
1761996621.6263013,84.40,1095.09
1761996622.6281226,83.00,1095.05
1761996623.6302488,83.40,1096.21
1761996624.6316283,84.70,1095.09
1761996625.633926,83.90,1094.86
1761996626.6354692,82.40,1095.02
1761996627.6376667,83.80,1094.86
1761996628.639455,87.00,1095.14
1761996629.6407924,84.00,1095.02
1761996630.6428342,81.00,1095.06
1761996631.644707,83.20,1095.09
1761996632.64695,80.50,1095.12
1761996633.6483717,71.30,1094.71
1761996634.6500947,0.50,1094.68
1761996635.651777,1.00,1094.68
1761996636.6539254,1.00,1094.92
1761996637.6553884,2.00,1095.16
1761996638.6569455,0.00,1095.16
1761996639.65908,0.50,1095.16
1761996640.6606243,0.50,1095.16
1761996641.6625552,0.50,1095.16
1761996642.66419,0.50,1095.16
1761996643.6657386,0.00,1095.16
1761996644.6673496,1.00,1095.15
1761996645.6689534,0.50,1095.15
1761996646.6706882,0.50,1095.15
1761996647.6724951,0.50,1095.15
1761996648.6742916,0.00,1095.15
1761996649.6758318,0.50,1095.15
1761996650.677472,0.50,1095.15
1761996651.6791906,0.00,1095.15
1761996652.680708,0.50,1095.15
1761996653.6823487,0.50,1095.15
1761996654.683977,0.50,1095.15
1761996655.6855545,0.50,1095.15
1761996656.687113,0.00,1095.15
1761996657.688683,1.00,1095.15
1761996658.690304,0.00,1095.15
1761996659.6916926,0.50,1095.15
1761996660.693333,0.50,1095.37
1761996661.6949198,0.50,1095.37
1761996662.6968489,0.00,1095.37
1761996663.6983771,1.00,1095.37
1761996664.6999457,0.00,1095.37
1761996665.7016892,0.50,1095.37
1761996666.703251,0.00,1095.37
1761996667.7049847,0.50,1095.37
1761996668.706651,0.00,1095.37
1761996669.7082329,0.00,1095.37
1761996670.7097259,0.50,1095.37
1761996671.7113297,0.50,1095.37
1761996672.7128115,0.00,1095.37
1761996673.7144346,0.00,1095.37
1761996674.7179348,1.00,1095.37
1761996675.7197328,0.00,1095.37
1761996676.7214928,0.50,1095.37
1761996677.7233386,0.50,1095.32
1761996678.7249835,1.00,1095.32
1761996679.7271137,0.50,1095.32
1761996680.7288756,0.00,1095.32
1761996681.7303991,0.50,1095.32
1761996682.7319906,0.00,1095.32
1761996683.7338064,1.00,1095.32
1761996684.735368,0.00,1095.32
1761996685.7368577,0.00,1095.32
1761996686.7384152,0.50,1095.32
1761996687.7401001,0.50,1095.32
1761996688.74172,0.50,1095.32
1761996689.7433374,0.00,1095.57
1761996690.7449648,0.00,1095.57
1761996691.7471695,18.20,1095.80
1761996692.7489214,0.50,1095.80
1761996693.750758,0.00,1095.80
1761996694.7524376,0.00,1095.80
1761996695.7540047,0.00,1096.04
1761996696.7556705,0.50,1096.04
1761996697.7573926,0.00,1096.04
1761996698.758978,0.00,1096.04
1761996699.7608173,0.50,1096.04
1761996700.7627828,0.00,1096.04
1761996701.7644932,0.00,1096.04
1761996702.7661953,0.50,1096.04
1761996703.767676,0.50,1096.04
1761996704.7692933,0.00,1096.04
1761996705.7712064,0.00,1096.04
1761996706.7729473,0.00,1096.04
1761996707.7745583,0.50,1096.04
1761996708.776158,0.00,1096.04
1761996709.7776828,0.00,1096.04
1761996710.7794886,0.00,1096.04
1761996711.7811096,0.50,1096.04
1761996712.7828856,0.00,1096.04
1761996713.7847102,0.50,1096.04
1761996714.786367,0.00,1096.01
1761996715.787944,0.00,1096.01
1761996716.7896922,0.00,1096.01
1761996717.7914646,0.00,1096.01
1761996718.7932053,0.50,1096.01
1761996719.7948165,0.00,1096.01
1761996720.7963703,0.50,1096.01
1761996721.797904,0.00,1096.01
1761996722.7997296,0.00,1096.01
1761996723.8014138,1.00,1096.01
1761996724.8029382,0.00,1096.01
1761996725.8045957,0.00,1096.01
1761996726.8064563,0.50,1096.01
1761996727.8079689,0.00,1096.01
1761996728.8103263,0.50,1096.01
1761996729.8126516,0.50,1096.01
1761996730.8143094,0.50,1096.00
1761996731.8158832,0.00,1096.00
1761996732.8174338,0.00,1096.00
1761996733.8189185,0.00,1096.00
1761996734.8205032,0.50,1096.00
1761996735.8221164,0.50,1096.00
1761996736.8236866,0.00,1096.00
1761996737.8253622,0.50,1096.00
1761996738.8274639,53.80,1095.73
1761996739.8285773,77.30,1095.76
1761996740.8314323,76.70,1095.70
1761996741.832324,79.40,1095.64
1761996742.8335705,79.10,1095.76
1761996743.8344057,80.00,1095.77
1761996744.835936,68.00,1095.61
1761996745.8407497,61.70,1095.77
1761996746.844324,76.00,1095.73
1761996747.8459346,80.60,1095.67
1761996748.8482285,79.90,1095.86
1761996749.85072,79.60,1095.79
1761996750.8527536,79.90,1095.73
1761996751.8536248,81.20,1095.79
1761996752.855336,82.80,1095.69
1761996753.856849,65.80,1095.96
1761996754.8591256,63.90,1095.79
1761996755.8605578,77.00,1095.75
1761996756.8617852,80.90,1095.76
1761996757.8628106,82.50,1095.48
1761996758.8638465,81.10,1095.59
1761996759.8659143,77.20,1095.56
1761996760.8679936,79.90,1095.78
1761996761.8703237,83.00,1095.78
1761996762.872599,80.40,1096.25
1761996763.8746712,83.00,1095.96
1761996764.8753989,81.00,1095.55
1761996765.87693,84.40,1095.71
1761996766.8793778,84.20,1095.54
1761996767.8811793,83.80,1095.94
1761996768.8828695,21.40,1094.97
1761996769.884424,0.00,1094.97
1761996770.8859403,0.50,1094.97
1761996771.8875744,1.50,1094.97
1761996772.8892787,0.50,1094.97
1761996773.8908355,0.50,1095.21
1761996774.8914404,0.50,1095.21
1761996775.893012,0.00,1095.20
1761996776.8946958,0.50,1095.20
1761996777.8963459,0.50,1095.20
1761996778.897822,0.50,1095.20
1761996779.8994238,0.00,1095.20
1761996780.9009082,1.00,1095.20
1761996781.9028397,0.00,1095.20
1761996782.9044416,0.50,1095.20
1761996783.9059355,0.50,1095.20
1761996784.9074953,0.00,1095.20
1761996785.9091244,1.00,1095.19
1761996786.9107537,0.00,1095.19
1761996787.9124048,0.50,1095.19
1761996788.914123,0.50,1095.19
1761996789.915713,0.00,1095.19
1761996790.9173315,1.50,1095.19
1761996791.918863,0.00,1095.19
1761996792.9205234,0.00,1095.19
1761996793.922187,0.50,1095.18
1761996794.9234965,0.00,1095.18
1761996795.9251316,0.50,1095.18
1761996796.9269419,0.50,1095.18
1761996797.928567,1.00,1095.18
1761996798.9301617,0.00,1095.18
1761996799.9317212,0.50,1095.17
1761996800.9333553,0.50,1095.17
1761996801.9350853,0.50,1095.17
1761996802.9367442,0.00,1095.17
1761996803.9383388,0.50,1095.17
1761996804.9401014,0.50,1095.17
1761996805.9418507,0.00,1095.17
1761996806.9433827,0.50,1095.17
1761996807.9448946,0.50,1095.17
1761996808.9464588,0.50,1095.17
1761996809.9479697,0.00,1095.17
1761996810.9495273,0.50,1095.17
1761996811.9510987,0.00,1095.17
1761996812.9526987,0.50,1095.17
1761996813.9543989,0.50,1095.17
1761996814.9554589,0.00,1095.17
1761996815.9572682,0.50,1095.17
1761996816.9589152,0.50,1095.17
1761996817.9606397,0.00,1095.17
1761996818.9621887,0.50,1095.17
1761996819.9638615,1.00,1095.17
1761996820.9654884,0.00,1095.17
1761996821.9671314,0.00,1095.14
1761996822.9687042,0.00,1095.14
1761996823.9703984,0.00,1095.14
1761996824.972462,0.00,1095.14
1761996825.9740956,0.50,1095.14
1761996826.9757488,0.00,1095.14
1761996827.9773114,0.00,1095.14
1761996828.9789069,0.00,1095.14
1761996829.9806187,0.00,1095.14
1761996830.9822197,0.50,1095.14
1761996831.9837482,0.50,1095.14
1761996832.9854581,0.00,1095.14
1761996833.9873426,0.50,1095.38
1761996834.9889843,0.00,1095.38
1761996835.9905708,0.00,1095.38
1761996836.9921622,0.00,1095.38
1761996837.9937098,0.50,1095.38
1761996838.9953222,0.00,1095.38
1761996839.9969308,0.00,1095.38
1761996840.9984856,0.50,1095.38
1761996842.0001373,0.00,1095.38
1761996843.001712,1.00,1095.38
1761996844.003302,0.00,1095.38
1761996845.0048344,0.00,1095.38
1761996846.0064607,0.00,1095.38
1761996847.0082152,0.50,1095.38
1761996848.0099058,0.00,1095.38
1761996849.011707,0.00,1095.38
1761996850.0133429,0.00,1095.38
1761996851.0148795,1.00,1095.38
1761996852.0166032,0.50,1095.38
1761996853.0183957,0.00,1095.38
1761996854.0199788,0.00,1095.38
1761996855.0215619,1.00,1095.38
1761996856.0234554,0.00,1095.38
1761996857.0252385,0.00,1095.38
1761996858.0269408,0.50,1095.34
1761996859.0286095,0.00,1095.34
1761996860.0303528,0.50,1095.34
1761996861.0319917,0.00,1095.34
1761996862.0335617,0.00,1095.34
1761996863.0349772,0.00,1095.34
1761996864.03674,1.00,1095.32
1761996865.0383148,0.50,1095.32
1761996866.0399253,0.50,1095.32
1761996867.0414965,0.00,1095.32
1761996868.043113,0.00,1095.32
1761996869.0447438,0.00,1095.32
1761996870.0463972,1.00,1095.32
1761996871.048183,0.00,1095.32
1761996872.049735,0.50,1095.32
1761996873.0512598,0.00,1095.32
1761996874.0527115,0.50,1095.32
1761996875.0542767,0.50,1095.32
1761996876.0559518,0.00,1095.32
1761996877.0577612,0.50,1095.32
1761996878.0593264,0.00,1095.32
1761996879.0608835,0.00,1095.32
1761996880.0623872,0.00,1095.32
1761996881.063936,0.50,1095.32
1761996882.0656927,0.00,1095.32
1761996883.0673003,7.00,1095.32
1761996884.0688581,0.00,1095.29
1761996885.0705462,1.00,1095.29
1761996886.0722015,0.00,1095.29
1761996887.073704,0.00,1095.29
1761996888.0753763,0.50,1095.28
1761996889.0768378,0.00,1095.28
1761996890.0783937,0.00,1095.28
1761996891.0801272,0.50,1095.28
1761996892.0816367,0.50,1095.28
1761996893.0832608,0.00,1095.28
1761996894.0848134,0.00,1095.27
1761996895.0863452,0.50,1095.27
1761996896.0880063,1.50,1095.27
1761996897.0896757,0.00,1095.27
1761996898.0912366,0.00,1095.27
1761996899.092838,0.00,1095.52
1761996900.0943875,0.50,1095.52
1761996901.0959277,0.00,1095.52
1761996902.0975907,0.00,1095.52
1761996903.0991945,0.50,1095.50
1761996904.100706,0.50,1095.50
1761996905.1021838,0.00,1095.50
1761996906.1037526,0.00,1095.50
1761996907.1052725,0.50,1095.50
1761996908.1068957,0.00,1095.50
1761996909.1086555,0.00,1095.50
1761996910.1102746,0.50,1095.50
1761996911.1118305,0.00,1095.50
1761996912.11345,0.50,1095.50
1761996913.114938,0.50,1095.50
1761996914.116534,1.00,1095.50
1761996915.1181648,0.00,1095.49
1761996916.1197352,0.00,1095.49
1761996917.1214116,1.00,1095.49
1761996918.1229937,0.00,1095.49
1761996919.1246197,0.00,1095.49
1761996920.1262932,0.00,1095.49
1761996921.1278,0.50,1095.49
1761996922.1295958,0.00,1095.49
1761996923.1312196,0.50,1095.49
1761996924.132793,0.00,1095.49
1761996925.1343765,0.00,1095.48
1761996926.1359916,0.00,1095.48
1761996927.1377664,0.00,1095.48
1761996928.1393707,0.50,1095.48
1761996929.1409473,0.00,1095.48
1761996930.1424983,0.50,1095.48
1761996931.1441298,0.00,1095.47
1761996932.1457233,0.00,1095.47
1761996933.1474001,0.50,1095.47
1761996934.1489828,0.00,1095.47
1761996935.1506214,0.50,1095.47
1761996936.1527767,0.00,1095.47
1761996937.1543272,0.00,1095.47
1761996938.155437,0.00,1095.47
1761996939.1569197,1.00,1095.47
1761996940.1583464,0.00,1095.47
1761996941.1599338,0.00,1095.47
1761996942.161507,0.00,1095.47
1761996943.1630561,0.50,1095.47
1761996944.1646194,0.50,1095.47
1761996945.1664875,0.00,1095.47
1761996946.1681643,0.00,1095.47
1761996947.1698675,0.00,1095.47
1761996948.1713912,1.00,1095.47
1761996949.1729906,0.00,1095.47
1761996950.1746697,0.00,1095.47
1761996951.1764014,0.00,1095.47
1761996952.177895,0.00,1095.47
1761996953.179397,0.50,1095.47
1761996954.180419,0.50,1095.47
1761996955.1818938,0.00,1095.47
1761996956.1835413,0.00,1095.47
1761996957.185002,0.50,1095.47
1761996958.1865597,0.00,1095.47
1761996959.1882257,0.50,1095.47
1761996960.1898508,0.50,1095.47
1761996961.1913445,0.00,1095.47
1761996962.193001,0.50,1095.42
1761996963.1947842,0.50,1095.42
1761996964.1963146,0.50,1095.42
1761996965.1978354,0.00,1095.42
1761996966.1993754,0.00,1095.42
1761996967.2011209,0.00,1095.42
1761996968.2027009,0.50,1095.42
1761996969.2043674,0.00,1095.42
1761996970.2059786,0.00,1095.42
1761996971.2076447,1.00,1095.42
1761996972.2092876,0.00,1095.42
1761996973.2110043,0.50,1095.42
1761996974.2126126,0.00,1095.42
1761996975.2141004,0.00,1095.42
1761996976.2156174,0.50,1095.42
1761996977.217253,0.00,1095.42
1761996978.2188272,0.00,1095.42
1761996979.220376,0.50,1095.42
1761996980.2222912,0.00,1095.42
1761996981.2238038,17.80,1095.91
1761996982.225365,1.00,1095.89
1761996983.2271435,0.50,1095.89
1761996984.228704,0.50,1095.89
1761996985.2302902,0.00,1095.89
1761996986.2321181,0.00,1095.89
1761996987.233668,0.50,1095.89
1761996988.2353218,0.50,1095.89
1761996989.236904,0.00,1095.89
1761996990.2384512,1.00,1095.89
1761996991.2401001,0.00,1095.89
1761996992.2416515,0.00,1095.89
1761996993.2434967,0.50,1095.89
1761996994.2452874,0.50,1095.89
1761996995.2468102,0.00,1095.89
1761996996.2483997,0.00,1095.89
1761996997.2499373,0.00,1095.88
1761996998.2514212,0.00,1095.87
1761996999.2531202,0.50,1095.86
1761997000.254632,0.00,1095.86
1761997001.2561507,0.00,1095.86
1761997002.25781,0.00,1095.86
1761997003.2593741,0.00,1095.86
1761997004.2609937,1.00,1095.86
1761997005.262521,0.00,1095.86
1761997006.264102,0.00,1095.86
1761997007.265659,0.00,1095.86
1761997008.2674115,0.50,1095.86
1761997009.2689438,0.50,1095.86
1761997010.270709,0.00,1095.86
1761997011.2723317,0.00,1095.86
1761997012.273592,0.00,1095.86
1761997013.2752502,0.50,1095.86
1761997014.2768004,0.00,1095.86
1761997015.2785935,0.50,1095.86
1761997016.2802148,0.50,1095.86
1761997017.2817051,0.00,1095.86
1761997018.2833388,0.00,1095.86
1761997019.2847776,0.00,1095.86
1761997020.2863307,0.00,1095.86
1761997021.2878482,0.00,1095.86
1761997022.289417,0.50,1095.86
1761997023.2909644,0.50,1095.86
1761997024.2925196,0.00,1095.86
1761997025.2948084,0.00,1095.86
1761997026.2965593,0.00,1095.86
1761997027.2981994,0.50,1095.86
1761997028.2997706,0.00,1095.86
1761997029.3014786,0.50,1095.86
1761997030.3032496,0.00,1095.86
1761997031.3048735,0.50,1095.86
1761997032.30665,0.00,1095.86
1761997033.3082278,0.00,1095.86
1761997034.3098135,0.50,1095.86
1761997035.3114293,0.00,1095.82
1761997036.3129961,0.50,1095.82
1761997037.3146703,0.00,1095.82
1761997038.3163412,0.50,1095.82
1761997039.3179684,0.00,1095.82
1761997040.3197618,0.00,1095.82
1761997041.3213668,0.50,1095.82
1761997042.322983,0.00,1095.82
1761997043.3247445,15.10,1096.77
1761997044.3266165,11.20,1096.76
1761997045.3282857,2.00,1096.76
1761997046.3298123,1.50,1096.74
1761997047.3313715,10.70,1096.74
1761997048.3329856,1.50,1096.71
1761997049.3346117,0.00,1096.71
1761997050.33617,1.50,1096.71
1761997051.3376615,2.50,1096.71
