timestamp,cpu_percent,mem_used_mb,mem_percent
1762422086.4441013,28.30,2506.29,64.80
1762422087.4451733,45.50,2527.50,65.30
1762422088.4516132,99.50,2519.34,65.10
1762422089.4592106,100.00,2520.77,65.20
1762422090.4624333,100.00,2518.60,65.10
1762422091.4633722,100.00,2521.00,65.20
1762422092.473301,100.00,2483.29,64.20
1762422093.478166,99.50,2484.70,64.20
1762422094.4793193,100.00,2485.46,64.20
1762422095.4850085,100.00,2491.00,64.40
1762422096.4902706,100.00,2484.59,64.20
1762422097.4913065,100.00,2490.07,64.40
1762422098.4924562,100.00,2490.20,64.40
1762422099.4981155,100.00,2487.14,64.30
1762422100.5054822,100.00,2490.68,64.40
1762422101.544411,100.00,2487.99,64.30
1762422102.5551324,100.00,2489.06,64.30
1762422103.5585976,98.40,2494.52,64.50
1762422104.57223,100.00,2493.14,64.40
1762422105.5731523,100.00,2489.15,64.30
1762422106.575705,100.00,2493.31,64.50
1762422107.578389,100.00,2492.54,64.40
1762422108.5851216,100.00,2489.43,64.40
1762422109.588338,100.00,2494.86,64.50
1762422110.5925496,100.00,2490.84,64.40
1762422111.5938323,100.00,2500.29,64.60
1762422112.6010711,100.00,2490.35,64.40
1762422113.605914,100.00,2491.37,64.40
1762422114.6095848,100.00,2496.95,64.50
1762422115.615121,99.50,2490.48,64.40
1762422116.6163216,100.00,2492.45,64.40
1762422117.619794,100.00,2493.29,64.50
1762422118.624789,3.50,2490.55,64.40
1762422119.6273103,11.10,2490.55,64.40
1762422120.6291807,2.00,2490.60,64.40
1762422121.6315114,1.50,2490.60,64.40
1762422122.6349134,1.00,2490.60,64.40
1762422123.6371498,3.50,2490.58,64.40
1762422124.6391788,1.00,2490.58,64.40
1762422125.6415424,1.50,2490.58,64.40
1762422126.6437843,1.50,2490.58,64.40
1762422127.6470392,0.50,2490.58,64.40
1762422128.6492178,10.00,2490.55,64.40
1762422129.6512585,0.50,2490.55,64.40
1762422130.6532109,1.50,2490.55,64.40
1762422131.6543198,0.50,2490.55,64.40
1762422132.6562693,3.00,2490.55,64.40
1762422133.6581552,1.50,2490.79,64.40
1762422134.660743,1.50,2490.79,64.40
1762422135.669933,0.50,2490.78,64.40
1762422136.8055615,1.40,2490.78,64.40
1762422137.8198097,1.20,2490.78,64.40
1762422138.8617127,1.90,2490.78,64.40
1762422139.8650665,1.00,2490.78,64.40
1762422140.8676312,1.00,2490.78,64.40
1762422141.870262,0.00,2490.78,64.40
1762422142.872503,0.50,2490.78,64.40
1762422143.8743372,0.00,2490.78,64.40
1762422144.8764088,0.50,2490.77,64.40
1762422145.8796263,1.00,2490.77,64.40
1762422146.8820653,1.00,2490.76,64.40
1762422147.8840506,1.50,2490.76,64.40
1762422148.8867846,1.50,2490.76,64.40
1762422149.8891273,1.00,2490.76,64.40
1762422150.8918133,0.00,2490.75,64.40
1762422151.894276,1.00,2490.75,64.40
1762422152.8961744,2.50,2490.75,64.40
1762422153.8979847,0.50,2490.75,64.40
1762422154.8996744,0.50,2490.75,64.40
1762422155.9013383,1.50,2490.75,64.40
1762422156.9033365,0.50,2490.74,64.40
1762422157.905485,0.50,2490.74,64.40
1762422158.9076111,1.00,2490.74,64.40
1762422159.9104114,1.00,2490.74,64.40
1762422160.9122193,0.50,2490.74,64.40
1762422161.9142735,1.00,2490.74,64.40
1762422162.9163096,0.00,2490.74,64.40
1762422163.9182405,3.00,2490.74,64.40
1762422164.9203598,0.50,2490.74,64.40
1762422165.9231086,0.50,2490.74,64.40
1762422166.9250588,1.00,2490.73,64.40
1762422167.9275498,0.50,2490.73,64.40
1762422168.9295127,2.50,2490.73,64.40
1762422169.9313803,1.50,2490.72,64.40
1762422170.9342558,0.00,2490.72,64.40
1762422171.93661,0.50,2490.71,64.40
1762422172.9393556,0.50,2490.71,64.40
1762422173.9416413,0.00,2490.71,64.40
1762422174.9444404,2.00,2490.69,64.40
1762422175.9471934,2.00,2490.69,64.40
1762422176.9494958,0.50,2490.69,64.40
1762422177.9522698,0.00,2490.69,64.40
1762422178.9545076,1.00,2490.69,64.40
1762422179.9563775,0.50,2490.68,64.40
1762422180.9592023,1.00,2490.68,64.40
1762422181.9612513,0.50,2490.68,64.40
1762422182.9634573,1.00,2490.68,64.40
1762422183.9657745,0.50,2490.68,64.40
1762422184.969586,1.00,2490.68,64.40
1762422185.9717138,0.50,2490.68,64.40
1762422186.9741209,1.00,2490.68,64.40
1762422187.9763305,0.00,2490.68,64.40
1762422188.9796493,6.00,2490.92,64.40
1762422189.9823356,0.50,2490.92,64.40
1762422190.9848337,2.50,2490.92,64.40
1762422191.9873824,0.50,2490.91,64.40
1762422192.993797,0.50,2490.91,64.40
1762422193.9966671,1.50,2490.91,64.40
1762422194.9991004,0.50,2490.91,64.40
1762422196.0008104,1.00,2490.90,64.40
1762422197.0029693,0.50,2490.90,64.40
1762422198.0053613,1.00,2490.90,64.40
1762422199.0075743,2.50,2491.14,64.40
1762422200.0096629,3.00,2499.27,64.60
1762422201.011603,0.50,2499.27,64.60
1762422202.014225,0.50,2499.27,64.60
1762422203.0164762,1.00,2499.27,64.60
1762422204.0193381,0.50,2499.27,64.60
1762422205.021405,1.50,2499.27,64.60
1762422206.0240817,3.00,2499.25,64.60
1762422207.0263526,1.00,2499.25,64.60
1762422208.0286791,2.50,2499.24,64.60
1762422209.0311892,1.00,2499.24,64.60
1762422210.0334992,0.50,2499.24,64.60
1762422211.0363579,1.00,2499.24,64.60
1762422212.038983,0.50,2499.24,64.60
1762422213.0416472,2.00,2499.24,64.60
1762422214.0441725,0.50,2499.24,64.60
1762422215.0461438,0.50,2499.24,64.60
1762422216.0486486,1.50,2499.24,64.60
1762422217.0511355,0.50,2499.24,64.60
1762422218.053886,1.00,2499.23,64.60
1762422219.0564933,0.00,2499.23,64.60
1762422220.0594573,1.00,2499.22,64.60
1762422221.0616772,0.50,2499.22,64.60
1762422222.063656,0.50,2499.22,64.60
1762422223.0663729,97.50,2492.46,64.40
1762422224.0714736,100.00,2494.19,64.50
1762422225.0751688,100.00,2493.52,64.50
1762422226.0772586,100.00,2491.45,64.40
1762422227.0827835,100.00,2493.39,64.50
1762422228.0843503,100.00,2495.18,64.50
1762422229.087496,100.00,2493.06,64.40
1762422230.0935888,100.00,2493.49,64.50
1762422231.095658,100.00,2494.00,64.50
1762422232.0982463,100.00,2497.28,64.60
1762422233.1034405,100.00,2500.98,64.70
1762422234.1051564,100.00,2493.80,64.50
1762422235.110595,100.00,2499.38,64.60
1762422236.1119974,100.00,2491.84,64.40
1762422237.1155794,100.00,2494.07,64.50
1762422238.1223395,99.50,2495.45,64.50
1762422239.123499,100.00,2493.16,64.40
1762422240.1291625,100.00,2498.48,64.60
1762422241.1323864,100.00,2492.50,64.40
1762422242.1354134,100.00,2496.91,64.50
1762422243.1412451,100.00,2493.00,64.40
1762422244.147415,100.00,2491.45,64.40
1762422245.1493084,100.00,2490.77,64.40
1762422246.155024,100.00,2489.29,64.30
1762422247.1561673,100.00,2493.56,64.50
1762422248.1603298,100.00,2492.90,64.40
1762422249.1633399,100.00,2493.23,64.50
1762422250.1703293,100.00,2498.51,64.60
1762422251.173117,100.00,2493.50,64.50
1762422252.175709,94.50,2491.41,64.40
1762422253.1781046,0.00,2491.41,64.40
1762422254.1804311,2.50,2491.46,64.40
1762422255.1827319,0.50,2491.46,64.40
1762422256.18542,0.50,2491.46,64.40
1762422257.1875489,1.00,2491.46,64.40
1762422258.1903155,1.00,2491.45,64.40
1762422259.1927247,0.50,2491.45,64.40
1762422260.195308,1.00,2491.45,64.40
1762422261.197629,1.00,2491.45,64.40
1762422262.2006032,0.50,2491.44,64.40
1762422263.2030723,1.00,2491.44,64.40
1762422264.2051094,1.00,2491.44,64.40
1762422265.2073214,4.00,2491.67,64.40
1762422266.2095952,2.00,2491.89,64.40
1762422267.2123158,1.00,2491.89,64.40
1762422268.2143593,1.00,2491.88,64.40
1762422269.2164984,2.00,2491.88,64.40
1762422270.2191985,1.00,2491.88,64.40
1762422271.2215395,0.50,2491.88,64.40
1762422272.2241278,1.00,2491.87,64.40
1762422273.2263212,2.50,2491.86,64.40
1762422274.2287474,0.50,2491.86,64.40
1762422275.2311687,0.50,2491.86,64.40
1762422276.233662,1.00,2491.86,64.40
1762422277.2355747,0.50,2491.86,64.40
1762422278.2377896,1.00,2491.86,64.40
1762422279.240347,1.00,2491.86,64.40
1762422280.2425525,1.50,2491.86,64.40
1762422281.2452817,1.00,2491.86,64.40
1762422282.2474403,0.50,2491.86,64.40
1762422283.2494915,1.00,2491.86,64.40
1762422284.2516375,2.50,2491.86,64.40
1762422285.2537344,1.00,2491.86,64.40
1762422286.2558174,1.00,2491.86,64.40
1762422287.2578118,1.50,2491.86,64.40
1762422288.2597935,0.50,2491.86,64.40
1762422289.262281,1.50,2491.85,64.40
1762422290.2643824,2.00,2491.84,64.40
1762422291.2666802,1.00,2491.84,64.40
1762422292.268681,0.00,2491.84,64.40
1762422293.2713983,0.50,2491.84,64.40
1762422294.2737527,0.50,2491.82,64.40
1762422295.2762341,1.00,2491.82,64.40
1762422296.2785418,2.00,2491.82,64.40
1762422297.2812529,1.00,2491.82,64.40
1762422298.283609,1.00,2491.82,64.40
1762422299.2859886,0.50,2491.82,64.40
1762422300.2883449,1.50,2491.82,64.40
1762422301.2905765,1.00,2491.82,64.40
1762422302.2936592,0.50,2491.82,64.40
1762422303.2960806,1.00,2491.81,64.40
1762422304.29858,0.00,2491.81,64.40
1762422305.3005903,0.50,2491.81,64.40
1762422306.3027563,1.50,2491.81,64.40
1762422307.3051758,0.00,2491.81,64.40
1762422308.307505,1.00,2491.81,64.40
1762422309.3094928,0.00,2491.81,64.40
1762422310.312529,1.50,2491.81,64.40
1762422311.3147936,5.50,2491.80,64.40
1762422312.3169816,0.50,2491.80,64.40
1762422313.319487,0.50,2491.80,64.40
1762422314.3231416,0.50,2491.79,64.40
1762422315.3254478,1.00,2491.79,64.40
1762422316.3272915,0.00,2491.79,64.40
1762422317.3291545,2.00,2491.79,64.40
1762422318.3311348,0.00,2491.78,64.40
1762422319.3336303,1.00,2491.78,64.40
1762422320.3359802,0.00,2491.78,64.40
1762422321.3383358,0.50,2491.78,64.40
1762422322.340728,0.50,2491.77,64.40
1762422323.3441129,0.00,2491.77,64.40
1762422324.3467848,0.50,2491.77,64.40
1762422325.3495302,1.50,2491.77,64.40
1762422326.3521924,1.00,2491.77,64.40
1762422327.3542924,1.00,2491.77,64.40
1762422328.3565958,1.00,2491.77,64.40
1762422329.3595254,0.50,2491.77,64.40
1762422330.361802,0.50,2491.77,64.40
1762422331.364627,0.50,2491.77,64.40
1762422332.3673182,0.50,2491.77,64.40
1762422333.3691242,2.00,2491.77,64.40
1762422334.3715153,1.00,2491.77,64.40
1762422335.3741565,0.00,2491.77,64.40
1762422336.3764143,1.00,2491.77,64.40
1762422337.3786557,1.00,2491.76,64.40
1762422338.381669,0.50,2491.76,64.40
1762422339.3844924,1.00,2491.76,64.40
1762422340.3866706,0.00,2491.76,64.40
1762422341.3897235,0.50,2491.75,64.40
1762422342.3926861,1.00,2491.75,64.40
1762422343.3943794,1.50,2491.75,64.40
1762422344.3964329,0.50,2491.74,64.40
1762422345.399026,0.00,2491.74,64.40
1762422346.4015367,1.50,2491.74,64.40
1762422347.4046175,0.00,2491.74,64.40
1762422348.406712,0.50,2491.74,64.40
1762422349.409308,0.50,2491.74,64.40
1762422350.4116473,1.50,2491.74,64.40
1762422351.4146538,0.50,2491.74,64.40
1762422352.417382,1.00,2491.74,64.40
1762422353.4197545,0.00,2491.74,64.40
1762422354.4222834,0.50,2491.73,64.40
1762422355.4260375,1.50,2491.72,64.40
1762422356.4284306,1.50,2491.72,64.40
1762422357.4326677,94.50,2483.96,64.20
1762422358.4356587,100.00,2487.29,64.30
1762422359.4402218,100.00,2483.88,64.20
1762422360.4454784,100.00,2485.21,64.20
1762422361.4491742,100.00,2486.12,64.30
1762422362.454737,100.00,2485.80,64.30
1762422363.456346,100.00,2490.39,64.40
1762422364.4603,100.00,2486.52,64.30
1762422365.4638045,100.00,2489.64,64.40
1762422366.4701726,100.00,2482.83,64.20
1762422367.475178,100.00,2484.09,64.20
1762422368.4786444,100.00,2487.22,64.30
1762422369.4804559,100.00,2485.67,64.30
1762422370.4861856,100.00,2486.56,64.30
1762422371.490435,100.00,2482.96,64.20
1762422372.4996965,100.00,2483.86,64.20
1762422373.5042872,100.00,2486.23,64.30
1762422374.5051613,100.00,2483.23,64.20
1762422375.511125,100.00,2483.35,64.20
1762422376.5154552,100.00,2485.34,64.20
1762422377.5175254,100.00,2488.50,64.30
1762422378.520125,100.00,2484.09,64.20
1762422379.5273733,100.00,2484.48,64.20
1762422380.5303047,100.00,2483.71,64.20
1762422381.5342808,100.00,2485.95,64.30
1762422382.536483,100.00,2483.44,64.20
1762422383.5423162,100.00,2487.91,64.30
1762422384.545423,100.00,2486.18,64.30
1762422385.5462966,100.00,2485.66,64.30
1762422386.5516298,96.00,2485.17,64.20
1762422387.5543413,7.10,2485.16,64.20
1762422388.5562027,6.10,2485.40,64.20
1762422389.558285,6.10,2485.45,64.20
1762422390.5607102,6.50,2485.45,64.20
1762422391.565061,6.00,2485.45,64.20
1762422392.5682378,4.50,2485.44,64.20
1762422393.5702682,5.00,2485.44,64.20
1762422394.57248,3.00,2485.44,64.20
1762422395.5745633,13.00,2485.44,64.20
1762422396.5774238,11.60,2470.66,63.90
1762422397.5796096,0.50,2470.66,63.90
1762422398.5824444,1.00,2470.66,63.90
1762422399.5846486,0.50,2470.66,63.90
1762422400.5866182,1.00,2470.66,63.90
1762422401.5884404,0.50,2470.66,63.90
1762422402.5902257,2.50,2472.38,63.90
1762422403.5925207,5.00,2472.35,63.90
1762422404.595042,0.50,2472.35,63.90
1762422405.5967815,1.00,2472.35,63.90
1762422406.5986753,4.00,2472.34,63.90
1762422407.600788,0.50,2472.34,63.90
1762422408.6032734,0.50,2472.34,63.90
1762422409.6056468,1.00,2472.34,63.90
1762422410.607661,2.00,2472.32,63.90
1762422411.6096935,2.00,2472.55,63.90
1762422412.6113899,0.00,2472.55,63.90
1762422413.613794,1.50,2472.55,63.90
1762422414.6164923,0.50,2472.55,63.90
1762422415.619258,2.00,2472.80,63.90
1762422416.6212606,0.50,2472.80,63.90
1762422417.6234329,0.50,2472.79,63.90
1762422418.6260617,0.00,2472.79,63.90
1762422419.6284251,0.50,2472.79,63.90
1762422420.6303935,0.50,2472.79,63.90
1762422421.6323075,1.00,2472.79,63.90
1762422422.6345906,0.50,2472.79,63.90
1762422423.6370435,0.50,2472.79,63.90
1762422424.639572,0.50,2472.79,63.90
1762422425.642326,0.00,2472.79,63.90
1762422426.6447248,1.50,2472.79,63.90
1762422427.6474237,0.50,2472.79,63.90
1762422428.6496131,0.50,2472.79,63.90
1762422429.6523354,0.50,2472.78,63.90
1762422430.6543508,0.50,2472.78,63.90
1762422431.659241,1.00,2472.78,63.90
1762422432.6622267,1.00,2472.78,63.90
1762422433.664667,0.50,2472.78,63.90
1762422434.6666899,5.50,2473.52,63.90
1762422435.6686013,0.00,2473.51,63.90
1762422436.6712537,1.00,2473.51,63.90
1762422437.673595,0.50,2473.51,63.90
1762422438.6765997,0.50,2473.51,63.90
1762422439.6790507,0.50,2473.50,63.90
1762422440.681577,0.50,2473.50,63.90
1762422441.683603,0.50,2473.50,63.90
1762422442.6855655,0.50,2473.50,63.90
1762422443.6878211,1.00,2473.50,63.90
1762422444.6902618,0.00,2473.50,63.90
1762422445.6925614,1.50,2473.49,63.90
1762422446.6955843,1.00,2473.49,63.90
1762422447.6981275,1.00,2473.49,63.90
1762422448.6995225,0.50,2473.49,63.90
1762422449.7017367,0.50,2473.49,63.90
1762422450.7043476,0.50,2473.49,63.90
1762422451.706788,0.50,2473.48,63.90
1762422452.7093477,0.50,2473.48,63.90
1762422453.7115903,1.50,2473.48,63.90
1762422454.7142484,1.00,2473.48,63.90
1762422455.7166076,0.50,2473.48,63.90
1762422456.719639,0.50,2473.48,63.90
1762422457.720757,0.50,2473.48,63.90
1762422458.723636,1.00,2473.48,63.90
1762422459.7260802,0.50,2473.48,63.90
1762422460.7277496,0.00,2473.48,63.90
1762422461.7303035,1.00,2473.47,63.90
1762422462.731418,0.50,2473.47,63.90
1762422463.7336364,2.00,2473.47,63.90
1762422464.7361758,0.50,2473.47,63.90
1762422465.7384655,1.00,2473.47,63.90
1762422466.7405946,1.00,2473.47,63.90
1762422467.742529,1.00,2473.47,63.90
1762422468.7443733,0.00,2473.46,63.90
1762422469.7462704,1.00,2473.46,63.90
1762422470.7481718,1.00,2473.46,63.90
1762422471.749328,0.50,2473.45,63.90
1762422472.7511833,0.50,2473.45,63.90
1762422473.7528198,0.50,2473.45,63.90
1762422474.7547793,0.50,2473.44,63.90
1762422475.7580235,1.00,2473.69,63.90
1762422476.759937,0.50,2473.69,63.90
1762422477.7621996,1.00,2473.93,64.00
1762422478.76418,0.50,2473.93,64.00
1762422479.7668304,1.00,2473.93,64.00
1762422480.7700071,0.50,2473.93,64.00
1762422481.7718213,0.00,2473.93,64.00
1762422482.7731104,1.50,2474.66,64.00
1762422483.7749786,0.50,2474.66,64.00
1762422484.7767236,0.00,2474.66,64.00
1762422485.778653,0.50,2474.66,64.00
1762422486.7806559,0.00,2474.66,64.00
1762422487.782633,0.50,2474.66,64.00
1762422488.7850714,1.00,2474.66,64.00
1762422489.7873764,0.00,2474.66,64.00
1762422490.7892756,1.50,2474.65,64.00
1762422491.7914662,89.90,2459.23,63.60
1762422492.7921891,100.00,2461.36,63.60
1762422493.7970698,100.00,2459.76,63.60
1762422494.800797,100.00,2456.87,63.50
1762422495.8065293,100.00,2456.82,63.50
1762422496.8089337,100.00,2458.88,63.60
1762422497.8122573,100.00,2457.19,63.50
1762422498.816556,100.00,2456.75,63.50
1762422499.8211539,99.50,2466.23,63.80
1762422500.8242571,100.00,2457.63,63.50
1762422501.8281186,100.00,2455.80,63.50
1762422502.8325417,100.00,2458.02,63.50
1762422503.8344834,100.00,2458.70,63.60
1762422504.8394167,100.00,2456.66,63.50
1762422505.8445055,100.00,2457.49,63.50
1762422506.8461373,100.00,2462.88,63.70
1762422507.8493464,100.00,2458.96,63.60
1762422508.8537898,100.00,2459.20,63.60
1762422509.8596885,100.00,2469.36,63.80
1762422510.8643131,100.00,2458.85,63.60
1762422511.8691916,100.00,2459.33,63.60
1762422512.8776886,100.00,2460.27,63.60
1762422513.881768,99.50,2459.70,63.60
1762422514.8861082,100.00,2465.21,63.70
1762422515.8909025,100.00,2464.48,63.70
1762422516.895713,100.00,2460.24,63.60
1762422517.898402,100.00,2462.18,63.60
1762422518.9042819,100.00,2464.32,63.70
1762422519.9075756,100.00,2463.71,63.70
1762422520.9101663,100.00,2460.54,63.60
1762422521.9122725,1.00,2460.40,63.60
1762422522.9132586,1.00,2460.40,63.60
1762422523.915281,1.50,2460.45,63.60
1762422524.9172614,0.50,2460.45,63.60
1762422525.9188287,1.00,2460.45,63.60
1762422526.920714,1.00,2460.45,63.60
1762422527.9225433,0.50,2460.45,63.60
1762422528.924763,0.00,2460.45,63.60
1762422529.926705,1.50,2460.45,63.60
1762422530.9290252,1.00,2460.45,63.60
1762422531.9311886,1.00,2460.42,63.60
1762422532.933397,0.00,2460.42,63.60
1762422533.9353096,0.00,2460.41,63.60
1762422534.9376745,1.50,2460.41,63.60
1762422535.9405355,1.50,2460.41,63.60
1762422536.94239,0.00,2460.41,63.60
1762422537.9447727,1.00,2460.41,63.60
1762422538.9474132,0.50,2460.41,63.60
1762422539.950486,0.50,2460.41,63.60
1762422540.9525623,0.50,2460.41,63.60
1762422541.9548328,1.00,2460.41,63.60
1762422542.9581995,0.50,2460.40,63.60
1762422543.960795,0.50,2460.40,63.60
1762422544.9634748,1.00,2460.40,63.60
1762422545.9663277,1.00,2460.39,63.60
1762422546.968691,1.00,2460.39,63.60
1762422547.971217,0.00,2460.38,63.60
1762422548.9736373,0.50,2460.38,63.60
1762422549.9764493,1.00,2460.38,63.60
1762422550.9795942,1.00,2460.38,63.60
1762422551.9824274,1.00,2460.38,63.60
1762422552.9843073,0.00,2460.38,63.60
1762422553.9866526,1.00,2460.38,63.60
1762422554.989701,0.50,2460.38,63.60
1762422555.9923518,0.50,2460.38,63.60
1762422556.9943366,0.50,2460.37,63.60
1762422557.9966457,0.50,2460.37,63.60
1762422558.9994748,0.50,2460.37,63.60
1762422560.001776,0.50,2460.37,63.60
1762422561.0045817,1.00,2460.37,63.60
1762422562.0067983,4.50,2460.61,63.60
1762422563.0097542,1.00,2460.61,63.60
1762422564.0116656,0.50,2460.61,63.60
1762422565.0136354,0.00,2460.61,63.60
1762422566.0154321,0.50,2460.61,63.60
1762422567.0173247,1.00,2460.61,63.60
1762422568.0192537,1.50,2460.61,63.60
1762422569.0210445,0.00,2460.61,63.60
1762422570.0227056,1.00,2460.61,63.60
1762422571.025509,0.50,2460.61,63.60
1762422572.0281823,0.50,2460.61,63.60
1762422573.0307739,2.50,2460.60,63.60
1762422574.033431,0.00,2460.60,63.60
1762422575.0360177,0.50,2460.60,63.60
1762422576.0385058,1.00,2460.59,63.60
1762422577.0411382,0.50,2460.59,63.60
1762422578.0433502,0.50,2460.59,63.60
1762422579.0453796,0.50,2460.59,63.60
1762422580.0482278,0.50,2460.59,63.60
1762422581.0503502,0.50,2460.59,63.60
1762422582.0522983,1.00,2460.59,63.60
1762422583.0544696,0.50,2460.59,63.60
1762422584.0566165,1.50,2460.59,63.60
1762422585.0585985,0.00,2460.59,63.60
1762422586.060522,1.00,2460.59,63.60
1762422587.0628123,1.00,2460.59,63.60
1762422588.0655224,1.00,2460.59,63.60
1762422589.0673575,1.00,2460.59,63.60
1762422590.0694025,0.00,2460.59,63.60
1762422591.0717194,1.00,2460.59,63.60
1762422592.0737004,2.50,2460.59,63.60
1762422593.07561,1.00,2460.81,63.60
1762422594.077526,1.00,2460.81,63.60
1762422595.0796854,0.50,2460.81,63.60
1762422596.0821786,1.50,2460.81,63.60
1762422597.0844193,0.00,2460.81,63.60
1762422598.0862813,1.50,2460.81,63.60
1762422599.0884686,0.50,2460.81,63.60
1762422600.091553,1.00,2460.81,63.60
1762422601.0933542,0.50,2460.87,63.60
1762422602.0953615,0.00,2460.87,63.60
1762422603.0975394,1.50,2460.87,63.60
1762422604.100553,0.50,2460.87,63.60
1762422605.1033666,0.50,2460.87,63.60
1762422606.105404,1.50,2460.87,63.60
1762422607.1076667,0.00,2460.87,63.60
1762422608.110992,1.00,2460.86,63.60
1762422609.1134274,0.50,2460.86,63.60
1762422610.1157506,0.50,2460.86,63.60
1762422611.1183746,1.50,2460.86,63.60
1762422612.1207268,0.50,2460.86,63.60
1762422613.1232674,0.50,2460.86,63.60
1762422614.1256127,0.50,2460.86,63.60
1762422615.1283832,0.50,2460.86,63.60
1762422616.1314478,1.00,2460.86,63.60
1762422617.1344223,0.50,2460.86,63.60
1762422618.1363068,0.50,2460.86,63.60
1762422619.138402,1.00,2460.86,63.60
1762422620.1413972,0.50,2460.85,63.60
1762422621.1438296,0.00,2460.85,63.60
1762422622.1461744,1.00,2460.85,63.60
1762422623.1482902,0.50,2460.83,63.60
1762422624.1496372,6.50,2460.83,63.60
1762422625.1532726,1.00,2460.83,63.60
1762422626.1544247,89.60,2464.11,63.70
1762422627.156215,100.00,2463.24,63.70
1762422628.1610165,100.00,2464.71,63.70
1762422629.1627688,100.00,2467.04,63.80
1762422630.167153,100.00,2471.76,63.90
1762422631.1723385,100.00,2465.57,63.70
1762422632.17806,100.00,2464.60,63.70
1762422633.1812193,100.00,2469.80,63.80
1762422634.1849244,100.00,2464.41,63.70
1762422635.1923485,100.00,2467.92,63.80
1762422636.1936789,100.00,2466.39,63.80
1762422637.1997118,100.00,2468.39,63.80
1762422638.2036922,100.00,2465.77,63.70
1762422639.2080214,100.00,2464.58,63.70
1762422640.2124016,100.00,2468.70,63.80
1762422641.2152188,100.00,2463.79,63.70
1762422642.220036,100.00,2467.30,63.80
1762422643.2239532,99.50,2472.83,63.90
1762422644.2292247,100.00,2469.82,63.80
1762422645.2322662,100.00,2467.02,63.80
1762422646.2352316,100.00,2464.99,63.70
1762422647.2372522,100.00,2465.73,63.70
1762422648.2413762,100.00,2465.00,63.70
1762422649.2486186,100.00,2466.12,63.70
1762422650.258925,100.00,2470.21,63.90
1762422651.2661326,100.00,2466.79,63.80
1762422652.2768042,100.00,2464.73,63.70
1762422653.2793581,100.00,2469.76,63.80
1762422654.2843704,100.00,2464.68,63.70
1762422655.2883928,100.00,2465.35,63.70
1762422656.291239,4.00,2466.82,63.80
1762422657.2936912,0.50,2466.82,63.80
1762422658.2963545,1.00,2466.86,63.80
1762422659.2980475,0.50,2466.86,63.80
1762422660.3002589,1.00,2466.86,63.80
1762422661.3061934,1.00,2466.86,63.80
1762422662.3084345,0.50,2466.86,63.80
1762422663.311777,13.60,2467.84,63.80
1762422664.3157835,13.70,2466.82,63.80
1762422665.3186278,38.90,2498.45,64.60
1762422666.3201714,80.40,2507.12,64.80
1762422667.3226585,42.90,2513.80,65.00
1762422668.325141,2.00,2513.80,65.00
1762422669.3281498,3.00,2513.80,65.00
1762422670.3316786,0.50,2513.80,65.00
1762422671.3334568,5.00,2514.04,65.00
1762422672.3356655,1.50,2514.04,65.00
1762422673.338031,1.50,2514.04,65.00
1762422674.3399358,0.50,2514.04,65.00
1762422675.3416786,0.50,2514.04,65.00
1762422676.3434567,1.50,2514.04,65.00
1762422677.3455493,1.00,2514.04,65.00
1762422678.3479877,1.50,2514.04,65.00
1762422679.3500457,1.00,2514.04,65.00
1762422680.352233,0.00,2514.04,65.00
1762422681.3545086,2.50,2514.04,65.00
1762422682.3564618,1.00,2514.04,65.00
1762422683.3584423,1.00,2514.04,65.00
1762422684.360684,0.50,2514.04,65.00
1762422685.362736,1.50,2514.04,65.00
1762422686.3657644,1.00,2514.03,65.00
1762422687.3675706,7.00,2514.03,65.00
1762422688.3694434,1.00,2514.03,65.00
1762422689.371452,1.00,2514.03,65.00
1762422690.3742032,0.50,2514.03,65.00
1762422691.3762002,1.50,2514.03,65.00
1762422692.3783028,1.00,2514.02,65.00
1762422693.380425,2.50,2514.02,65.00
1762422694.3814864,1.50,2497.78,64.60
1762422695.3837447,2.00,2497.78,64.60
1762422696.386779,1.50,2497.75,64.60
1762422697.3886135,1.00,2497.75,64.60
1762422698.3902297,0.50,2497.75,64.60
1762422699.39213,1.00,2497.75,64.60
1762422700.39416,1.50,2497.75,64.60
1762422701.3966348,0.50,2497.75,64.60
1762422702.3988287,1.00,2497.75,64.60
1762422703.401301,5.60,2499.93,64.60
1762422704.403781,1.50,2499.93,64.60
1762422705.4052563,6.60,2517.38,65.10
1762422706.4072306,1.50,2517.39,65.10
1762422707.409246,1.00,2517.39,65.10
1762422708.4111884,0.50,2517.39,65.10
1762422709.4134898,1.00,2517.39,65.10
1762422710.4152987,1.00,2517.39,65.10
1762422711.4174922,1.50,2517.38,65.10
1762422712.4195824,1.00,2517.38,65.10
1762422713.423991,0.00,2517.38,65.10
1762422714.4258997,1.00,2517.38,65.10
1762422715.4282718,1.50,2517.37,65.10
1762422716.4302852,2.00,2517.36,65.10
1762422717.433148,1.00,2517.36,65.10
1762422718.4353473,1.00,2517.36,65.10
1762422719.4373438,0.50,2517.36,65.10
1762422720.439373,1.00,2517.36,65.10
1762422721.4412963,0.50,2517.36,65.10
1762422722.4435267,0.00,2517.36,65.10
1762422723.4461548,0.50,2517.36,65.10
1762422724.448372,0.50,2517.36,65.10
1762422725.4503794,2.00,2517.36,65.10
1762422726.4526618,1.50,2517.36,65.10
1762422727.455342,0.00,2517.36,65.10
1762422728.4574904,1.00,2517.36,65.10
1762422729.4596972,0.50,2517.35,65.10
1762422730.4625924,1.00,2517.33,65.10
1762422731.4658906,1.00,2517.33,65.10
1762422732.4682033,1.00,2517.33,65.10
1762422733.4705036,1.00,2517.33,65.10
1762422734.4726195,0.00,2517.33,65.10
1762422735.475186,1.00,2517.33,65.10
1762422736.477372,0.50,2517.33,65.10
1762422737.479783,0.00,2517.33,65.10
1762422738.4827738,1.00,2517.33,65.10
1762422739.4852676,0.50,2517.32,65.10
1762422740.4873066,0.50,2517.32,65.10
1762422741.4892254,0.50,2517.32,65.10
1762422742.4915385,1.00,2517.32,65.10
1762422743.4944985,0.00,2517.32,65.10
1762422744.496757,1.00,2517.32,65.10
1762422745.4990447,1.00,2517.32,65.10
1762422746.5011966,5.50,2517.31,65.10
1762422747.5033631,1.50,2517.30,65.10
1762422748.506306,0.00,2517.30,65.10
1762422749.5082598,1.50,2517.30,65.10
1762422750.5103478,0.50,2517.30,65.10
1762422751.512169,0.50,2517.29,65.10
1762422752.513727,0.50,2517.29,65.10
1762422753.5156186,2.00,2517.29,65.10
1762422754.5176167,0.00,2517.29,65.10
1762422755.5197172,0.50,2517.29,65.10
1762422756.522113,2.50,2517.29,65.10
1762422757.5242963,1.00,2517.28,65.10
1762422758.526793,0.50,2517.28,65.10
1762422759.528698,1.00,2517.28,65.10
1762422760.5317929,81.80,2504.02,64.70
1762422761.5384965,100.00,2498.89,64.60
1762422762.5404003,100.00,2498.19,64.60
1762422763.5458179,100.00,2503.23,64.70
1762422764.5471663,100.00,2498.27,64.60
1762422765.5515993,100.00,2498.05,64.60
1762422766.5523264,100.00,2498.51,64.60
1762422767.5562851,100.00,2498.71,64.60
1762422768.5597703,100.00,2502.82,64.70
1762422769.5658183,100.00,2498.70,64.60
1762422770.569978,100.00,2499.41,64.60
1762422771.5745354,100.00,2498.34,64.60
1762422772.579128,100.00,2500.57,64.60
1762422773.5828812,100.00,2503.91,64.70
1762422774.5872872,100.00,2502.47,64.70
1762422775.5893242,100.00,2504.07,64.70
1762422776.594235,100.00,2501.10,64.70
1762422777.5969563,100.00,2500.26,64.60
1762422778.6014419,100.00,2503.77,64.70
1762422779.6044471,100.00,2506.06,64.80
1762422780.609711,100.00,2502.18,64.70
1762422781.6136131,100.00,2503.69,64.70
1762422782.6158812,100.00,2503.74,64.70
1762422783.6197567,100.00,2503.05,64.70
1762422784.6234665,100.00,2500.21,64.60
1762422785.6286407,100.00,2505.66,64.80
1762422786.6302738,100.00,2505.48,64.80
1762422787.633185,100.00,2503.71,64.70
1762422788.6370833,100.00,2504.67,64.70
1762422789.6422138,100.00,2500.17,64.60
1762422790.6447008,11.00,2500.29,64.60
1762422791.6474035,1.00,2500.29,64.60
1762422792.6493275,1.50,2500.59,64.60
1762422793.6523602,1.50,2500.58,64.60
1762422794.6546454,1.00,2500.58,64.60
1762422795.6574087,0.50,2500.58,64.60
1762422796.659803,1.00,2500.58,64.60
1762422797.662646,1.50,2501.32,64.70
1762422798.6653998,0.50,2501.32,64.70
1762422799.6677845,1.00,2501.32,64.70
1762422800.670106,1.00,2501.32,64.70
1762422801.672426,0.50,2501.32,64.70
1762422802.6748164,1.50,2501.32,64.70
1762422803.6772485,1.00,2501.32,64.70
1762422804.6791584,1.00,2501.32,64.70
1762422805.6813827,1.50,2501.31,64.70
1762422806.6840885,5.60,2501.31,64.70
1762422807.6864817,1.00,2501.31,64.70
1762422808.6885648,1.50,2501.31,64.70
1762422809.6904526,0.50,2501.31,64.70
1762422810.6923752,1.00,2501.31,64.70
1762422811.6945205,1.00,2501.30,64.70
1762422812.6976805,1.00,2501.30,64.70
1762422813.699623,1.50,2501.30,64.70
1762422814.7017233,0.50,2501.30,64.70
1762422815.704561,1.00,2501.30,64.70
1762422816.7071962,1.50,2501.30,64.70
1762422817.7092288,1.00,2501.30,64.70
1762422818.711314,1.00,2501.30,64.70
1762422819.7132285,0.50,2501.30,64.70
1762422820.7150848,0.50,2501.30,64.70
1762422821.7168,0.50,2501.30,64.70
1762422822.718816,1.00,2501.30,64.70
1762422823.7206933,2.00,2501.30,64.70
1762422824.7228274,1.00,2501.30,64.70
1762422825.7251968,1.00,2501.30,64.70
1762422826.7279096,1.50,2501.30,64.70
1762422827.7295852,1.00,2501.30,64.70
1762422828.7321787,1.00,2501.30,64.70
1762422829.7343047,1.00,2501.29,64.70
1762422830.736429,1.50,2501.29,64.70
1762422831.7387552,0.50,2501.28,64.70
1762422832.741159,2.00,2501.27,64.70
1762422833.7436805,1.00,2501.27,64.70
1762422834.7455885,0.50,2501.27,64.70
1762422835.7484455,2.00,2501.27,64.70
1762422836.7514088,1.00,2501.27,64.70
1762422837.7543685,0.50,2501.27,64.70
1762422838.7572315,1.00,2501.25,64.70
1762422839.7597091,1.00,2501.25,64.70
1762422840.7622068,1.00,2501.25,64.70
1762422841.7643871,0.00,2501.25,64.70
1762422842.7674487,1.00,2501.25,64.70
1762422843.7701182,1.00,2501.25,64.70
1762422844.772091,0.00,2501.25,64.70
1762422845.774159,0.50,2501.24,64.70
1762422846.776312,2.00,2501.24,64.70
1762422847.7804518,0.00,2501.24,64.70
1762422848.7832623,0.50,2501.24,64.70
1762422849.7853794,0.00,2501.24,64.70
1762422850.7877007,1.00,2501.23,64.70
1762422851.7907596,0.50,2501.23,64.70
1762422852.792778,0.00,2501.23,64.70
1762422853.7947915,0.50,2501.22,64.70
1762422854.7970304,0.50,2501.22,64.70
1762422855.799294,0.50,2501.22,64.70
1762422856.8010907,0.50,2501.21,64.70
1762422857.8033915,1.00,2501.21,64.70
1762422858.8053045,1.10,2501.21,64.70
1762422859.8176916,1.10,2501.21,64.70
1762422860.8866417,0.90,2501.21,64.70
1762422861.8902085,1.00,2501.21,64.70
1762422862.8923314,0.50,2501.21,64.70
1762422863.8942447,1.00,2501.21,64.70
1762422864.8963144,1.00,2501.21,64.70
1762422865.9015634,0.50,2501.21,64.70
1762422866.9037275,0.50,2501.21,64.70
1762422867.9064286,7.10,2501.21,64.70
1762422868.908965,1.00,2501.21,64.70
1762422869.9131458,1.00,2501.20,64.70
1762422870.9153194,0.50,2501.20,64.70
1762422871.9173515,0.50,2501.20,64.70
1762422872.9192574,1.50,2501.20,64.70
1762422873.9220939,0.50,2501.19,64.70
1762422874.9244657,1.00,2501.18,64.70
1762422875.9267428,0.50,2501.18,64.70
1762422876.9293964,1.00,2501.18,64.70
1762422877.9317117,0.50,2501.18,64.70
1762422878.9336615,0.50,2501.18,64.70
1762422879.9360209,0.50,2501.18,64.70
1762422880.9393663,1.00,2501.18,64.70
1762422881.9416366,0.00,2501.18,64.70
1762422882.9435072,0.50,2501.18,64.70
1762422883.9454758,1.50,2501.18,64.70
1762422884.9481409,1.00,2501.18,64.70
1762422885.9503505,0.50,2501.18,64.70
1762422886.9524617,1.00,2501.17,64.70
1762422887.9548295,0.50,2501.17,64.70
1762422888.9572709,0.50,2501.17,64.70
1762422889.9592233,0.50,2501.17,64.70
1762422890.9611802,1.50,2501.41,64.70
1762422891.9673324,1.50,2501.40,64.70
1762422892.9702108,0.50,2501.40,64.70
1762422893.9721649,1.00,2501.40,64.70
1762422894.9750004,82.10,2507.07,64.80
1762422895.9795187,100.00,2510.13,64.90
1762422896.9829726,100.00,2504.74,64.70
1762422897.9902873,100.00,2511.20,64.90
1762422898.992165,100.00,2504.34,64.70
1762422899.994626,100.00,2502.89,64.70
1762422900.9994044,99.50,2500.10,64.60
1762422902.0001807,100.00,2501.45,64.70
1762422903.0093045,100.00,2500.92,64.60
1762422904.01068,100.00,2510.23,64.90
1762422905.0123236,100.00,2504.92,64.80
1762422906.0232239,100.00,2502.13,64.70
1762422907.0304382,100.00,2499.99,64.60
1762422908.0321612,100.00,2499.99,64.60
1762422909.037633,100.00,2501.31,64.70
1762422910.0431597,100.00,2500.09,64.60
1762422911.0461488,100.00,2500.08,64.60
1762422912.0510054,100.00,2501.49,64.70
1762422913.0574865,100.00,2500.09,64.60
1762422914.0634093,100.00,2500.11,64.60
1762422915.0712633,100.00,2500.23,64.60
1762422916.0743606,100.00,2506.73,64.80
1762422917.0762405,100.00,2501.00,64.70
1762422918.0811675,100.00,2503.09,64.70
1762422919.087934,100.00,2511.46,64.90
1762422920.0928264,100.00,2507.23,64.80
1762422921.0978215,100.00,2502.60,64.70
1762422922.1075761,100.00,2510.86,64.90
1762422923.1093743,100.00,2500.62,64.60
1762422924.1123943,100.00,2502.34,64.70
1762422925.1141222,8.00,2501.30,64.70
1762422926.1153328,1.00,2501.30,64.70
1762422927.1185424,1.50,2502.09,64.70
1762422928.120527,9.00,2502.83,64.70
1762422929.1224885,0.50,2502.83,64.70
1762422930.1243057,1.00,2502.83,64.70
1762422931.1262238,0.50,2502.83,64.70
1762422932.1281495,1.00,2502.83,64.70
1762422933.1301217,2.50,2502.83,64.70
1762422934.1319995,0.50,2502.83,64.70
1762422935.1337852,1.00,2502.83,64.70
1762422936.1356905,1.00,2502.83,64.70
1762422937.1383324,1.00,2502.82,64.70
1762422938.141653,1.50,2502.82,64.70
1762422939.1435237,3.00,2503.28,64.70
1762422940.1453705,0.50,2503.28,64.70
1762422941.147609,1.00,2503.27,64.70
1762422942.1494339,0.50,2503.27,64.70
1762422943.1512222,1.00,2503.27,64.70
1762422944.153235,1.50,2503.27,64.70
1762422945.1554127,0.50,2503.27,64.70
1762422946.1575081,2.50,2503.27,64.70
1762422947.1604114,1.00,2503.27,64.70
1762422948.1624658,1.00,2503.27,64.70
1762422949.1645849,1.50,2503.27,64.70
1762422950.1670008,0.50,2503.27,64.70
1762422951.1697192,1.00,2503.27,64.70
1762422952.1723597,1.00,2503.25,64.70
1762422953.1831026,1.00,2503.25,64.70
1762422954.184784,2.00,2503.25,64.70
1762422955.1874902,2.00,2503.25,64.70
1762422956.1903179,1.50,2503.25,64.70
1762422957.1925619,0.50,2503.25,64.70
1762422958.1952806,1.50,2503.25,64.70
1762422959.1977093,0.50,2503.25,64.70
1762422960.2005508,1.00,2503.25,64.70
1762422961.2026522,0.50,2503.24,64.70
1762422962.2045736,0.00,2503.24,64.70
1762422963.2071216,1.00,2503.24,64.70
1762422964.2091422,0.50,2503.24,64.70
1762422965.211506,1.50,2503.23,64.70
1762422966.2147133,1.50,2503.23,64.70
1762422967.2165873,7.60,2503.23,64.70
1762422968.2185528,7.50,2503.23,64.70
1762422969.2205653,6.50,2503.23,64.70
1762422970.2225447,7.00,2503.23,64.70
1762422971.2267604,6.10,2503.23,64.70
1762422972.229273,5.50,2503.23,64.70
1762422973.2324805,5.00,2503.23,64.70
1762422974.2342618,4.00,2503.22,64.70
1762422975.237344,4.00,2503.22,64.70
1762422976.2402325,3.00,2503.22,64.70
1762422977.2427113,19.10,2498.05,64.60
1762422978.2451742,0.50,2498.05,64.60
1762422979.2473798,0.50,2498.04,64.60
1762422980.2506135,1.00,2498.04,64.60
1762422981.253212,1.00,2498.04,64.60
1762422982.2553763,0.50,2498.04,64.60
1762422983.257577,0.50,2498.04,64.60
1762422984.2604964,0.50,2498.04,64.60
1762422985.2623723,1.00,2498.04,64.60
1762422986.264666,0.50,2498.04,64.60
1762422987.2673175,2.00,2498.04,64.60
1762422988.2691455,0.00,2498.04,64.60
1762422989.271019,0.00,2498.04,64.60
1762422990.2733674,9.50,2498.03,64.60
1762422991.2755282,0.50,2498.02,64.60
1762422992.2776797,0.50,2498.02,64.60
1762422993.2804513,2.50,2498.02,64.60
1762422994.2826707,0.50,2498.02,64.60
1762422995.285024,1.00,2498.02,64.60
1762422996.2872496,1.00,2498.02,64.60
1762422997.2894979,0.50,2498.02,64.60
1762422998.2924871,1.00,2498.02,64.60
1762422999.2950077,0.50,2498.01,64.60
1762423000.297277,0.00,2498.01,64.60
1762423001.2994406,3.10,2498.00,64.60
1762423002.3013957,1.00,2498.00,64.60
1762423003.3045535,8.20,2497.97,64.60
1762423004.3153157,4.60,2497.97,64.60
1762423005.3195398,2.00,2497.97,64.60
1762423006.3223732,2.00,2497.97,64.60
1762423007.3339598,0.50,2497.97,64.60
1762423008.3359537,1.60,2497.97,64.60
1762423009.3380296,0.50,2497.96,64.60
1762423010.3393037,1.00,2497.96,64.60
1762423011.3523283,1.00,2497.96,64.60
1762423012.3831983,4.10,2497.96,64.60
1762423013.4021642,2.00,2497.96,64.60
1762423014.4056993,0.50,2497.96,64.60
1762423015.4124181,1.50,2497.94,64.60
1762423016.4157982,2.60,2497.93,64.60
1762423017.4198692,2.00,2497.93,64.60
1762423018.429361,1.50,2497.93,64.60
1762423019.4366987,1.50,2497.93,64.60
1762423020.443572,1.00,2497.93,64.60
1762423021.4475965,1.60,2497.93,64.60
1762423022.4504628,1.00,2497.93,64.60
1762423023.454433,2.00,2497.93,64.60
1762423024.4623322,1.00,2497.93,64.60
1762423025.46447,1.50,2497.93,64.60
1762423026.466476,1.50,2497.92,64.60
1762423027.4684968,0.50,2497.92,64.60
1762423028.4703846,1.50,2497.92,64.60
1762423029.4935498,65.00,2479.95,64.10
1762423030.5019739,100.00,2484.35,64.20
1762423031.5169208,99.40,2483.14,64.20
1762423032.5203543,100.00,2480.49,64.10
1762423033.5344098,100.00,2481.24,64.10
1762423034.5453134,98.70,2480.23,64.10
1762423035.5497227,100.00,2481.68,64.20
1762423036.5608008,100.00,2481.04,64.10
1762423037.5767207,100.00,2480.40,64.10
1762423038.584094,100.00,2479.34,64.10
1762423039.589521,100.00,2482.80,64.20
1762423040.5983257,100.00,2481.21,64.10
1762423041.602661,100.00,2481.23,64.10
1762423042.6437302,98.80,2480.66,64.10
1762423043.6473334,100.00,2482.46,64.20
1762423044.6566362,100.00,2479.47,64.10
1762423045.7138999,96.80,2485.70,64.30
1762423046.7159584,65.90,2479.04,64.10
1762423047.72332,100.00,2479.18,64.10
1762423048.7452848,100.00,2482.63,64.20
1762423049.8004248,100.00,2479.51,64.10
1762423050.8154724,100.00,2484.09,64.20
1762423051.8271239,99.40,2481.66,64.20
1762423052.8360515,100.00,2484.35,64.20
1762423053.867279,99.40,2480.50,64.10
1762423054.8736203,100.00,2482.10,64.20
1762423055.8828068,100.00,2479.09,64.10
1762423056.91062,100.00,2495.03,64.50
1762423057.923577,100.00,2482.45,64.20
1762423058.9275863,79.20,2479.05,64.10
1762423059.9472976,2.00,2479.05,64.10
1762423060.9493592,2.60,2480.33,64.10
1762423061.9526784,1.00,2480.33,64.10
1762423062.9593687,1.50,2480.32,64.10
1762423063.9625483,5.80,2480.32,64.10
1762423064.964501,1.50,2480.32,64.10
1762423065.9689307,1.50,2480.32,64.10
1762423066.9723685,3.70,2480.32,64.10
1762423067.9734137,0.00,2480.32,64.10
1762423069.0563369,0.90,2480.32,64.10
1762423070.0656605,0.50,2480.32,64.10
1762423071.0764854,5.20,2480.32,64.10
1762423072.1134853,1.00,2480.30,64.10
1762423073.127552,2.00,2480.30,64.10
1762423074.1303601,1.50,2480.30,64.10
1762423075.15945,3.00,2480.30,64.10
1762423076.165195,3.50,2480.29,64.10
1762423077.1764004,1.00,2480.29,64.10
1762423078.1787567,2.00,2480.29,64.10
1762423079.1814568,1.00,2480.29,64.10
1762423080.1916618,1.50,2480.29,64.10
1762423081.1953578,0.50,2480.29,64.10
1762423082.1972282,0.50,2480.28,64.10
1762423083.2030942,1.00,2480.28,64.10
1762423084.2057326,0.50,2480.28,64.10
1762423085.2082884,2.50,2480.28,64.10
1762423086.2107127,1.50,2480.28,64.10
1762423087.2130132,1.50,2480.28,64.10
1762423088.2147827,0.50,2480.28,64.10
1762423089.2199676,0.50,2480.28,64.10
1762423090.2234604,0.00,2480.28,64.10
1762423091.2311661,2.50,2480.28,64.10
1762423092.2385445,4.60,2480.52,64.10
1762423093.2464197,1.00,2480.52,64.10
1762423094.2543597,1.00,2480.51,64.10
1762423095.2567816,1.00,2480.51,64.10
1762423096.260833,2.50,2480.51,64.10
1762423097.2637956,1.60,2480.51,64.10
1762423098.2702956,1.00,2480.51,64.10
1762423099.2721536,1.50,2480.50,64.10
1762423100.2905958,0.00,2480.50,64.10
1762423101.2959747,1.50,2480.50,64.10
1762423102.3017244,1.00,2480.50,64.10
1762423103.306032,1.00,2480.50,64.10
1762423104.310528,1.00,2480.50,64.10
1762423105.3122602,0.50,2480.49,64.10
1762423106.316451,1.50,2480.49,64.10
1762423107.3210654,1.00,2480.49,64.10
1762423108.3230112,1.00,2480.49,64.10
1762423109.3251739,1.00,2480.49,64.10
1762423110.3271725,1.50,2480.48,64.10
1762423111.3290954,0.50,2480.48,64.10
1762423112.3324778,10.00,2480.72,64.10
1762423113.3354638,3.50,2480.72,64.10
1762423114.3371327,1.00,2480.72,64.10
1762423115.3391695,0.00,2480.72,64.10
1762423116.3432894,2.30,2480.71,64.10
1762423117.355343,2.20,2480.71,64.10
1762423118.3572898,2.70,2480.71,64.10
1762423119.359409,2.50,2480.71,64.10
1762423120.4601958,1.60,2480.71,64.10
1762423121.4703,3.20,2480.71,64.10
1762423122.4731271,2.50,2480.71,64.10
1762423123.491322,6.40,2480.71,64.10
1762423124.5061324,5.70,2480.71,64.10
1762423125.5363522,3.50,2480.71,64.10
1762423126.5881793,7.80,2480.70,64.10
1762423127.590401,2.70,2480.70,64.10
1762423128.592433,1.00,2480.70,64.10
1762423129.598691,1.00,2480.70,64.10
1762423130.6012812,1.00,2480.70,64.10
1762423131.6034064,1.00,2480.70,64.10
1762423132.60519,1.00,2480.70,64.10
1762423133.6097386,3.50,2480.70,64.10
1762423134.6232305,2.00,2480.70,64.10
1762423135.6253898,4.10,2481.64,64.20
1762423136.6297634,1.50,2481.64,64.20
1762423137.6322162,1.50,2481.64,64.20
1762423138.6361432,1.00,2481.64,64.20
1762423139.6379917,0.00,2481.64,64.20
1762423140.6397948,0.00,2481.64,64.20
1762423141.6416545,1.00,2481.64,64.20
1762423142.665339,0.50,2481.64,64.20
1762423143.6675222,1.00,2481.64,64.20
1762423144.6693804,1.00,2481.64,64.20
1762423145.671243,0.50,2481.62,64.20
1762423146.6731853,1.50,2481.62,64.20
1762423147.677783,0.50,2481.61,64.20
1762423148.6807895,1.00,2481.61,64.20
1762423149.683105,0.50,2481.61,64.20
1762423150.6862144,0.50,2481.61,64.20
1762423151.6885836,1.60,2481.61,64.10
1762423152.6903841,0.50,2481.61,64.10
1762423153.6933498,1.00,2481.61,64.10
1762423154.6964543,1.00,2481.61,64.10
1762423155.6986778,1.00,2481.61,64.10
1762423156.7007375,0.50,2481.61,64.10
1762423157.7545178,1.00,2481.61,64.10
1762423158.7564201,3.70,2481.59,64.10
1762423159.7586453,0.50,2481.59,64.10
1762423160.764578,1.50,2481.83,64.20
1762423161.766728,1.00,2481.82,64.20
1762423162.768449,0.50,2481.82,64.20
1762423163.7853653,27.80,2485.61,64.30
1762423164.7874846,100.00,2482.10,64.20
1762423165.8119388,100.00,2482.31,64.20
1762423166.8167467,98.80,2484.99,64.20
1762423167.8273113,100.00,2486.71,64.30
1762423168.844671,99.40,2484.07,64.20
1762423169.8512256,100.00,2483.64,64.20
1762423170.8550339,100.00,2479.82,64.10
1762423171.8891072,100.00,2487.89,64.30
1762423172.9014127,100.00,2480.48,64.10
1762423173.9037983,99.40,2481.89,64.20
1762423174.9326572,96.70,2483.73,64.20
1762423175.9360301,97.60,2479.66,64.10
1762423176.9509344,100.00,2479.80,64.10
1762423177.9530346,100.00,2479.73,64.10
1762423178.9621403,100.00,2480.15,64.10
1762423179.964336,100.00,2481.63,64.20
1762423181.0136,100.00,2485.57,64.30
1762423182.0213442,93.80,2487.89,64.30
1762423183.0696437,100.00,2487.18,64.30
1762423184.0731487,100.00,2482.86,64.20
1762423185.095423,100.00,2480.21,64.10
1762423186.1014867,94.70,2485.30,64.20
1762423187.1041698,85.10,2497.56,64.60
1762423188.1175923,100.00,2489.74,64.40
1762423189.1335046,99.30,2490.34,64.40
1762423190.1476557,100.00,2481.88,64.20
1762423191.1533144,99.40,2483.17,64.20
1762423192.1654713,100.00,2492.06,64.40
1762423193.197722,100.00,2481.37,64.10
1762423194.2353961,28.80,2480.31,64.10
1762423195.2510161,1.50,2480.30,64.10
1762423196.262638,5.10,2480.35,64.10
1762423197.2651374,1.50,2480.35,64.10
1762423198.2674806,0.50,2480.35,64.10
1762423199.273832,1.50,2480.35,64.10
1762423200.2772946,1.00,2480.65,64.10
1762423201.2825072,1.00,2480.65,64.10
1762423202.2855089,1.50,2480.65,64.10
1762423203.2932148,1.00,2480.65,64.10
1762423204.2959838,1.00,2480.65,64.10
1762423205.2982824,0.50,2480.65,64.10
1762423206.3004873,3.50,2480.89,64.10
1762423207.314232,1.00,2480.89,64.10
1762423208.3173642,1.50,2480.88,64.10
1762423209.3256307,0.50,2480.88,64.10
1762423210.332626,1.00,2480.88,64.10
1762423211.336524,4.10,2480.88,64.10
1762423212.3436797,0.50,2480.88,64.10
1762423213.3632636,1.50,2480.88,64.10
1762423214.3655033,1.00,2480.88,64.10
1762423215.3674688,0.50,2480.88,64.10
1762423216.3741546,0.50,2480.88,64.10
1762423217.376071,0.50,2480.88,64.10
1762423218.3788495,0.00,2480.88,64.10
1762423219.3815553,0.50,2480.88,64.10
1762423220.3836915,1.00,2480.88,64.10
1762423221.3856165,0.50,2480.87,64.10
1762423222.3911924,1.00,2480.87,64.10
1762423223.3929875,1.00,2480.87,64.10
1762423224.3946116,0.50,2480.87,64.10
1762423225.3964186,0.50,2480.86,64.10
1762423226.398711,2.00,2480.86,64.10
1762423227.4091825,1.00,2480.86,64.10
1762423228.412277,1.00,2480.86,64.10
1762423229.4143043,0.50,2480.86,64.10
1762423230.4170861,2.00,2480.86,64.10
1762423231.4210632,0.50,2480.86,64.10
1762423232.4249663,1.00,2480.86,64.10
1762423233.4274414,5.60,2480.85,64.10
1762423234.443565,1.00,2480.85,64.10
1762423235.456713,11.70,2481.09,64.10
1762423236.4606729,1.00,2481.09,64.10
1762423237.4627235,1.50,2481.09,64.10
1762423238.4646177,0.50,2481.09,64.10
1762423239.468749,1.00,2481.09,64.10
1762423240.4819307,0.50,2481.08,64.10
1762423241.4893398,0.50,2481.08,64.10
1762423242.495482,1.00,2481.08,64.10
1762423243.4972892,4.10,2481.08,64.10
1762423244.5031905,1.00,2481.08,64.10
1762423245.5090275,3.50,2481.07,64.10
1762423246.5107846,2.00,2481.07,64.10
1762423247.5125875,1.00,2481.07,64.10
1762423248.5143123,0.50,2481.07,64.10
1762423249.5173242,0.50,2481.07,64.10
1762423250.5218065,1.50,2481.07,64.10
1762423251.5259826,1.50,2481.07,64.10
1762423252.5307164,1.00,2481.07,64.10
1762423253.5388014,2.00,2481.07,64.10
1762423254.5423508,3.60,2481.07,64.10
1762423255.5442293,3.00,2481.05,64.10
1762423256.5462453,0.50,2481.04,64.10
1762423257.5552087,1.50,2481.04,64.10
1762423258.5578296,1.00,2481.04,64.10
1762423259.5596142,1.50,2481.04,64.10
1762423260.561297,1.50,2481.04,64.10
1762423261.5691118,0.50,2481.04,64.10
1762423262.5710976,2.00,2481.04,64.10
1762423263.572777,1.00,2481.03,64.10
1762423264.619998,1.50,2481.03,64.10
1762423265.622318,2.00,2481.03,64.10
1762423266.624128,1.50,2481.03,64.10
1762423267.6259654,1.00,2481.02,64.10
1762423268.6275423,0.50,2481.02,64.10
1762423269.6358361,1.50,2481.02,64.10
1762423270.6392944,1.00,2481.02,64.10
1762423271.6413593,1.50,2481.02,64.10
1762423272.6592004,2.00,2481.02,64.10
1762423273.661007,1.50,2481.02,64.10
1762423274.664381,0.50,2481.01,64.10
1762423275.6677985,1.00,2481.01,64.10
1762423276.670142,0.50,2481.01,64.10
1762423277.672291,2.00,2481.01,64.10
1762423278.6760228,0.50,2481.00,64.10
1762423279.679682,0.50,2481.00,64.10
1762423280.6852305,2.00,2481.00,64.10
1762423281.6873221,1.00,2481.00,64.10
1762423282.6890779,1.00,2481.00,64.10
1762423283.6911442,0.50,2481.00,64.10
1762423284.6927805,0.00,2481.00,64.10
1762423285.695759,2.00,2481.00,64.10
1762423286.701767,1.50,2481.00,64.10
1762423287.7038133,1.50,2481.00,64.10
1762423288.7057474,0.50,2481.00,64.10
1762423289.7077098,0.50,2481.00,64.10
1762423290.7094316,1.00,2480.99,64.10
1762423291.712282,0.50,2480.99,64.10
1762423292.7148268,0.50,2480.99,64.10
1762423293.7167642,3.00,2480.99,64.10
1762423294.718234,1.00,2480.99,64.10
1762423295.721273,8.60,2481.72,64.20
1762423296.7235117,2.00,2481.72,64.20
1762423297.7248213,0.50,2481.72,64.20
1762423298.7280216,78.80,2479.30,64.10
1762423299.7378335,100.00,2480.14,64.10
1762423300.75711,100.00,2491.04,64.40
1762423301.7992597,100.00,2481.00,64.10
1762423302.8063695,100.00,2480.72,64.10
1762423303.8516126,98.80,2482.24,64.20
1762423304.8541598,100.00,2481.21,64.10
1762423305.8639069,100.00,2488.16,64.30
1762423306.871156,100.00,2485.82,64.30
1762423307.917168,100.00,2488.94,64.30
1762423308.9207726,100.00,2482.10,64.20
1762423309.923042,100.00,2481.22,64.10
1762423310.9297876,100.00,2480.96,64.10
1762423311.9403327,100.00,2488.10,64.30
1762423312.9540167,100.00,2482.77,64.20
1762423313.9772656,100.00,2482.57,64.20
1762423314.987133,100.00,2485.02,64.20
1762423315.9893801,99.50,2487.85,64.30
1762423316.9994407,99.40,2486.01,64.30
1762423318.003491,100.00,2480.99,64.10
1762423319.035041,100.00,2485.46,64.20
1762423320.060524,99.40,2491.67,64.40
1762423321.0971863,98.40,2488.59,64.30
1762423322.1447105,99.10,2488.31,64.30
1762423323.1503654,98.30,2503.75,64.70
1762423324.153431,100.00,2485.03,64.20
1762423325.1694121,100.00,2481.29,64.10
1762423326.1786833,100.00,2482.84,64.20
1762423327.1887813,99.40,2497.87,64.60
1762423328.2014499,73.90,2477.36,64.00
1762423329.203811,1.50,2477.36,64.00
1762423330.2115083,2.00,2477.61,64.00
1762423331.2482452,4.90,2477.61,64.00
1762423332.250064,2.00,2477.61,64.00
1762423333.3192313,0.50,2477.58,64.00
1762423334.3213236,2.00,2477.58,64.00
1762423335.334811,1.50,2477.58,64.00
1762423336.3373199,1.00,2477.58,64.00
1762423337.3405201,1.00,2477.58,64.00
1762423338.352514,1.00,2477.58,64.00
1762423339.365986,2.00,2477.58,64.00
1762423340.3682554,1.00,2477.57,64.00
1762423341.3702757,1.00,2477.57,64.00
1762423342.3816686,1.50,2477.57,64.00
1762423343.387434,1.00,2477.57,64.00
1762423344.3955681,1.00,2477.57,64.00
1762423345.3975344,1.50,2477.57,64.00
1762423346.3994677,1.50,2477.57,64.00
1762423347.4020898,1.00,2477.57,64.00
1762423348.4307451,0.50,2477.57,64.00
1762423349.4327357,1.00,2477.57,64.00
1762423350.441461,2.00,2477.57,64.00
1762423351.4444387,1.50,2477.57,64.00
1762423352.4464023,1.00,2477.56,64.00
1762423353.4482095,3.50,2478.30,64.10
1762423354.4502966,1.00,2478.30,64.10
1762423355.452536,14.40,2479.77,64.10
1762423356.4576647,2.00,2479.77,64.10
1762423357.4610596,1.00,2479.77,64.10
1762423358.4634435,1.00,2479.77,64.10
1762423359.4662738,1.50,2479.77,64.10
1762423360.468443,0.50,2479.77,64.10
1762423361.471608,1.00,2479.77,64.10
1762423362.474403,1.00,2479.77,64.10
1762423363.4772115,2.50,2479.77,64.10
1762423364.479404,1.00,2479.76,64.10
1762423365.4814968,1.50,2479.76,64.10
1762423366.4836977,1.50,2479.76,64.10
1762423367.4894147,0.50,2479.76,64.10
1762423368.491824,1.00,2479.76,64.10
1762423369.4937925,1.00,2479.76,64.10
1762423370.4955587,0.00,2479.75,64.10
1762423371.497317,0.50,2479.75,64.10
1762423372.499284,1.00,2479.75,64.10
1762423373.5016663,0.50,2479.75,64.10
1762423374.5087967,2.00,2479.75,64.10
1762423375.5105252,1.00,2479.73,64.10
1762423376.5123255,2.00,2479.72,64.10
1762423377.5141435,2.00,2479.72,64.10
1762423378.5160208,0.50,2479.72,64.10
1762423379.5227785,0.50,2479.72,64.10
1762423380.528194,1.50,2479.72,64.10
1762423381.5301063,0.00,2479.72,64.10
1762423382.5317762,1.00,2479.71,64.10
1762423383.5370274,1.00,2479.71,64.10
1762423384.539891,1.00,2479.71,64.10
1762423385.5420928,0.50,2479.71,64.10
1762423386.543717,1.50,2479.71,64.10
1762423387.5456917,0.50,2479.71,64.10
1762423388.5476627,0.50,2479.71,64.10
1762423389.551646,1.00,2479.71,64.10
1762423390.5548975,1.00,2479.71,64.10
1762423391.5575242,1.50,2479.70,64.10
1762423392.5604677,1.50,2479.70,64.10
1762423393.5623593,1.00,2479.70,64.10
1762423394.5641537,0.50,2479.70,64.10
1762423395.5668216,1.00,2479.70,64.10
1762423396.5692797,0.50,2479.70,64.10
1762423397.5715525,1.00,2479.70,64.10
1762423398.5735786,0.50,2479.70,64.10
1762423399.5755043,0.50,2479.70,64.10
1762423400.5772731,1.00,2479.70,64.10
1762423401.578388,0.50,2479.70,64.10
1762423402.581173,0.50,2479.70,64.10
1762423403.5875962,2.00,2479.69,64.10
1762423404.5901384,0.00,2479.68,64.10
1762423405.5919955,1.50,2479.68,64.10
1762423406.5942876,1.00,2479.68,64.10
1762423407.5966966,1.00,2479.68,64.10
1762423408.6037753,1.50,2479.68,64.10
1762423409.608769,0.50,2479.68,64.10
1762423410.6113412,1.00,2479.68,64.10
1762423411.6132927,0.50,2479.68,64.10
1762423412.6166558,1.00,2479.68,64.10
1762423413.6202455,2.50,2479.68,64.10
1762423414.6219428,0.50,2479.68,64.10
1762423415.6240628,9.60,2480.41,64.10
1762423416.6260045,1.50,2480.41,64.10
1762423417.627767,0.50,2480.41,64.10
1762423418.6306005,0.50,2480.41,64.10
1762423419.6332343,1.00,2480.41,64.10
1762423420.635692,1.00,2480.41,64.10
1762423421.639069,1.00,2480.41,64.10
1762423422.6414895,0.50,2480.40,64.10
1762423423.6433527,2.50,2480.40,64.10
1762423424.6481879,1.00,2480.40,64.10
1762423425.6512713,1.50,2480.40,64.10
1762423426.6784103,1.50,2480.40,64.10
1762423427.6885486,1.50,2480.40,64.10
1762423428.6902711,1.00,2480.40,64.10
1762423429.6923802,1.50,2480.40,64.10
1762423430.6944096,0.50,2480.39,64.10
1762423431.7026052,2.50,2480.38,64.10
1762423432.7042124,8.10,2482.16,64.20
1762423433.7060704,17.40,2474.43,64.00
1762423434.7079234,5.60,2474.43,64.00
1762423435.709598,10.60,2474.66,64.00
1762423436.7135358,7.20,2466.82,63.80
1762423437.7185774,5.50,2466.75,63.80
1762423438.7215521,1.00,2466.75,63.80
1762423439.7242854,1.50,2466.75,63.80
1762423440.7256737,1.00,2466.75,63.80
1762423441.7292728,1.00,2466.75,63.80
1762423442.7325957,1.50,2466.75,63.80
1762423443.736195,1.00,2466.75,63.80
1762423444.7394066,0.50,2466.74,63.80
1762423445.7412467,0.50,2466.73,63.80
1762423446.7432094,2.50,2466.73,63.80
1762423447.7473783,1.00,2466.73,63.80
1762423448.7492678,0.50,2466.73,63.80
1762423449.751088,1.00,2466.73,63.80
1762423450.7526042,0.50,2466.73,63.80
1762423451.7542386,0.50,2466.73,63.80
1762423452.7564123,0.50,2466.73,63.80
1762423453.7582932,1.50,2466.73,63.80
1762423454.7615693,0.50,2466.73,63.80
1762423455.7644527,1.50,2466.73,63.80
1762423456.7682445,1.00,2466.73,63.80
1762423457.7715507,1.00,2466.72,63.80
1762423458.7736204,1.00,2466.72,63.80
1762423459.7844193,1.00,2466.72,63.80
1762423460.8041368,1.00,2466.72,63.80
1762423461.8066103,0.50,2466.72,63.80
1762423462.8093274,1.00,2466.72,63.80
1762423463.81303,0.50,2466.72,63.80
1762423464.8149974,3.00,2466.72,63.80
1762423465.81967,0.50,2466.72,63.80
1762423466.821223,1.00,2466.72,63.80
1762423467.8228064,0.50,2466.72,63.80
1762423468.8271222,1.50,2466.72,63.80
1762423469.8310432,1.50,2466.72,63.80
1762423470.8330603,2.50,2466.72,63.80
1762423471.835051,1.00,2466.94,63.80
1762423472.8377068,0.50,2466.94,63.80
1762423473.8396354,3.00,2466.92,63.80
1762423474.8496377,1.50,2466.91,63.80
1762423475.8515534,20.70,2466.91,63.80
1762423476.8533819,1.00,2466.91,63.80
1762423477.8551486,1.00,2466.91,63.80
1762423478.8593693,1.00,2466.91,63.80
1762423479.8640606,0.50,2466.91,63.80
1762423480.8655393,0.50,2466.91,63.80
1762423481.8697093,1.00,2466.91,63.80
1762423482.8716114,0.00,2466.91,63.80
1762423483.8775575,3.50,2466.91,63.80
1762423484.881157,1.50,2466.91,63.80
1762423485.8831758,0.00,2466.91,63.80
1762423486.8856895,2.00,2466.90,63.80
1762423487.8990273,0.50,2466.90,63.80
1762423488.9009721,0.50,2466.90,63.80
1762423489.9027452,0.50,2466.90,63.80
1762423490.904639,0.00,2466.90,63.80
1762423491.9092357,1.50,2466.89,63.80
1762423492.911663,1.00,2466.89,63.80
1762423493.9133728,0.50,2466.89,63.80
1762423494.9151354,3.00,2466.87,63.80
1762423495.917066,1.50,2466.87,63.80
1762423496.9177904,1.50,2466.87,63.80
1762423497.9197505,1.50,2466.87,63.80
1762423498.9234262,1.00,2466.87,63.80
1762423499.9264545,0.50,2466.86,63.80
1762423500.9323044,2.00,2466.86,63.80
1762423501.9344199,0.50,2466.86,63.80
1762423502.9356055,1.00,2466.86,63.80
1762423503.938248,1.00,2466.86,63.80
1762423504.9403942,0.50,2466.86,63.80
1762423505.9425237,1.00,2466.86,63.80
1762423506.9445267,1.00,2466.86,63.80
1762423507.9467697,0.50,2466.86,63.80
1762423508.9490376,1.00,2466.86,63.80
1762423509.9514,0.50,2466.86,63.80
1762423510.9522028,2.50,2466.85,63.80
1762423511.9585807,1.00,2466.85,63.80
1762423512.9620135,1.00,2466.85,63.80
1762423513.964523,0.50,2466.85,63.80
1762423514.966648,1.50,2466.85,63.80
1762423515.968365,1.00,2466.85,63.80
1762423516.9741497,1.00,2466.84,63.80
1762423517.9795446,0.50,2466.84,63.80
1762423518.9851165,1.50,2466.84,63.80
1762423519.9908383,1.00,2466.84,63.80
1762423520.9938095,0.50,2466.84,63.80
1762423521.9978237,0.50,2466.84,63.80
1762423523.0001469,1.00,2466.84,63.80
1762423524.0078874,0.50,2466.83,63.80
1762423525.0120356,2.00,2466.83,63.80
1762423526.0140183,0.50,2466.83,63.80
1762423527.015709,1.50,2466.83,63.80
1762423528.0174854,1.00,2466.83,63.80
1762423529.0239341,1.00,2466.83,63.80
1762423530.0266316,0.50,2466.82,63.80
1762423531.0283573,1.50,2466.82,63.80
1762423532.030178,0.50,2466.82,63.80
1762423533.0321124,0.50,2466.82,63.80
1762423534.0440593,5.10,2466.82,63.80
1762423535.0466695,1.00,2466.82,63.80
1762423536.0487516,1.00,2466.82,63.80
1762423537.053277,1.00,2466.82,63.80
1762423538.0572793,1.00,2466.82,63.80
1762423539.0592601,9.10,2466.82,63.80
1762423540.0605555,0.50,2466.82,63.80
1762423541.062579,0.50,2466.82,63.80
1762423542.0642068,1.00,2466.82,63.80
1762423543.0660763,0.50,2466.82,63.80
1762423544.0722127,3.00,2466.82,63.80
1762423545.0744424,0.50,2466.82,63.80
1762423546.0765607,1.00,2466.81,63.80
1762423547.077398,1.00,2466.81,63.80
1762423548.0797372,0.50,2466.81,63.80
1762423549.091812,1.50,2466.81,63.80
1762423550.0954857,1.00,2466.81,63.80
1762423551.09752,2.00,2466.81,63.80
1762423552.143183,2.40,2466.79,63.80
1762423553.1497266,1.60,2466.79,63.80
1762423554.160439,2.60,2466.78,63.80
1762423555.174498,2.00,2466.78,63.80
1762423556.1794908,4.10,2466.78,63.80
1762423557.1913505,1.50,2466.78,63.80
1762423558.2006764,2.10,2466.78,63.80
1762423559.225298,1.50,2466.78,63.80
1762423560.2356713,2.00,2466.78,63.80
1762423561.2388015,0.50,2466.78,63.80
1762423562.2407715,1.50,2466.78,63.80
1762423563.2427485,1.50,2466.78,63.80
1762423564.2450902,1.50,2466.77,63.80
1762423565.2513864,1.50,2466.77,63.80
1762423566.2581415,2.60,2466.77,63.80
1762423567.2621953,2.80,2466.77,63.80
1762423568.403747,0.90,2466.77,63.80
1762423569.407805,1.00,2466.77,63.80
1762423570.444213,2.50,2466.77,63.80
1762423571.4571793,3.60,2466.76,63.80
1762423572.4592779,2.60,2466.76,63.80
1762423573.4622939,0.00,2466.76,63.80
1762423574.4890125,2.20,2466.76,63.80
1762423575.512215,2.10,2466.76,63.80
1762423576.6620324,2.00,2466.75,63.80
1762423577.6724129,23.40,2466.66,63.80
1762423578.6756086,70.60,2467.17,63.80
1762423579.6774614,13.00,2482.67,64.20
1762423580.6785233,50.30,2482.67,64.20
1762423581.6917794,78.20,2470.86,63.90
1762423582.6938176,57.40,2475.70,64.00
1762423583.703697,92.90,2481.57,64.10
1762423584.7060492,76.20,2478.19,64.10
1762423585.7071884,52.30,2489.25,64.30
1762423586.7093146,35.20,2501.61,64.70
1762423587.711242,8.60,2501.61,64.70
1762423588.7166262,1.50,2501.61,64.70
1762423589.7320573,1.60,2501.61,64.70
1762423590.7342613,2.00,2501.61,64.70
1762423591.736252,1.00,2501.60,64.70
1762423592.7636626,1.50,2501.84,64.70
1762423593.7661512,3.00,2502.58,64.70
1762423594.76806,0.50,2502.58,64.70
1762423595.7699926,2.00,2502.58,64.70
1762423596.7716541,3.50,2502.58,64.70
1762423597.7735875,0.50,2502.57,64.70
1762423598.7765265,0.50,2502.57,64.70
1762423599.7793562,1.00,2502.57,64.70
1762423600.7816966,0.50,2502.57,64.70
1762423601.783918,1.00,2502.57,64.70
1762423602.7864156,0.00,2502.57,64.70
1762423603.7890944,11.60,2502.57,64.70
1762423604.7912948,0.50,2502.54,64.70
1762423605.7931406,1.00,2502.54,64.70
1762423606.7947223,1.50,2502.54,64.70
1762423607.7976906,0.00,2502.54,64.70
1762423608.799707,3.50,2495.44,64.50
1762423609.8022852,0.50,2495.44,64.50
1762423610.804424,1.50,2495.44,64.50
1762423611.8091419,0.50,2495.44,64.50
1762423612.8141768,1.50,2495.44,64.50
1762423613.8161392,2.00,2495.44,64.50
1762423614.8172243,2.00,2495.43,64.50
1762423615.819175,1.50,2495.66,64.50
1762423616.8219838,1.00,2495.66,64.50
1762423617.8366897,9.70,2495.89,64.50
1762423618.8387604,1.00,2495.89,64.50
1762423619.8409863,1.00,2495.89,64.50
1762423620.8451204,3.50,2495.89,64.50
1762423621.847258,1.50,2495.88,64.50
1762423622.8491883,0.50,2495.88,64.50
1762423623.8511868,0.50,2495.88,64.50
1762423624.8531191,2.00,2495.88,64.50
1762423625.8564928,1.00,2495.88,64.50
1762423626.8620167,2.00,2495.88,64.50
1762423627.8652074,1.50,2495.88,64.50
1762423628.867468,1.00,2495.88,64.50
1762423629.8701982,1.50,2495.88,64.50
1762423630.8721216,1.50,2495.87,64.50
1762423631.879018,1.00,2495.87,64.50
1762423632.8810675,7.80,2495.87,64.50
1762423633.8832252,1.00,2495.87,64.50
1762423634.8856387,1.50,2495.87,64.50
1762423635.8932798,7.70,2495.87,64.50
1762423636.8973753,9.30,2495.87,64.50
1762423637.9003935,0.50,2495.87,64.50
1762423638.9023979,0.50,2495.87,64.50
1762423639.9047046,0.50,2495.87,64.50
1762423640.9114532,1.00,2495.87,64.50
1762423641.914289,1.00,2495.87,64.50
1762423642.9162872,1.00,2495.86,64.50
1762423643.9185843,1.00,2495.86,64.50
1762423644.9206781,1.00,2495.86,64.50
1762423645.927518,0.50,2495.86,64.50
1762423646.9304483,0.50,2495.86,64.50
1762423647.9357183,2.00,2495.85,64.50
1762423648.9372282,4.60,2495.85,64.50
1762423649.9462578,7.10,2496.33,64.50
1762423650.9479592,0.50,2496.33,64.50
1762423651.9517665,2.00,2496.33,64.50
1762423652.957099,0.50,2496.33,64.50
1762423653.96027,3.50,2496.33,64.50
1762423654.9644098,1.50,2496.56,64.50
1762423655.9661438,13.20,2496.56,64.50
1762423656.9676843,9.80,2497.04,64.50
1762423657.970059,7.70,2497.04,64.50
