timestamp,cpu_percent,mem_used_mb
1762083912.2584252,28.90,1135.97
1762083913.2607248,2.00,1135.95
1762083914.2626247,0.00,1135.95
1762083915.2642167,1.00,1135.95
1762083916.265749,0.00,1135.95
1762083917.2675512,0.50,1135.93
1762083918.2692719,0.50,1135.93
1762083919.271007,1.00,1135.66
1762083920.2726786,2.40,1135.65
1762083921.27429,5.10,1135.65
1762083922.2758832,3.40,1135.64
1762083923.2774658,4.40,1135.64
1762083924.2782974,4.00,1135.64
1762083925.2797604,6.60,1135.64
1762083926.2813282,2.30,1135.64
1762083927.2829406,4.00,1135.64
1762083928.284772,3.40,1135.64
1762083929.2864208,2.90,1135.64
1762083930.2878668,4.00,1135.64
1762083931.2894697,4.50,1135.64
1762083932.290543,4.20,1135.64
1762083933.2920034,3.50,1135.64
1762083934.2935212,3.50,1135.64
1762083935.295352,3.50,1135.63
1762083936.2971318,2.90,1135.63
1762083937.298894,4.50,1135.63
1762083938.3003814,4.00,1135.63
1762083939.30188,4.00,1135.63
1762083940.3038151,4.40,1135.63
1762083941.3055406,6.20,1135.62
1762083942.3069973,3.40,1135.62
1762083943.3085032,3.90,1135.62
1762083944.3099582,3.40,1135.62
1762083945.310543,3.40,1135.62
1762083946.3120754,4.50,1135.62
1762083947.313762,5.60,1135.61
1762083948.31565,3.30,1135.61
1762083949.317418,5.00,1135.61
1762083950.3192246,1.00,1128.65
1762083951.3208256,0.50,1128.65
1762083952.3229907,0.50,1128.65
1762083953.3245544,1.50,1128.64
1762083954.3263946,0.00,1128.64
1762083955.3281355,1.00,1128.64
1762083956.329826,0.50,1128.64
1762083957.3313475,0.50,1128.64
1762083958.3328936,0.50,1128.64
1762083959.3345206,0.50,1128.64
1762083960.3362787,0.00,1128.64
1762083961.3378232,0.50,1128.64
1762083962.3394263,0.00,1128.64
1762083963.3414187,0.00,1128.64
1762083964.3430448,0.00,1128.64
1762083965.344661,0.00,1128.63
1762083966.3464544,0.50,1128.63
1762083967.3479917,0.50,1128.63
1762083968.349505,0.00,1128.63
1762083969.351026,0.00,1128.63
1762083970.3529458,0.50,1128.63
1762083971.353648,0.00,1128.62
1762083972.355296,1.00,1128.62
1762083973.356949,0.00,1128.62
1762083974.3584583,0.00,1128.62
1762083975.3596866,0.00,1128.62
1762083976.3614936,1.00,1128.61
1762083977.3632112,0.00,1128.61
1762083978.3648992,0.50,1128.61
1762083979.3679278,0.00,1128.61
1762083980.3695688,0.00,1128.61
1762083981.3710992,0.00,1128.61
1762083982.3727362,0.50,1128.61
1762083983.3744736,0.50,1128.61
1762083984.3761127,0.00,1128.61
1762083985.3795037,0.50,1128.61
1762083986.3811097,0.00,1128.61
1762083987.3828485,0.00,1128.61
1762083988.3845236,0.00,1128.61
1762083989.386091,0.50,1128.61
1762083990.38789,0.00,1128.61
1762083991.3899105,0.00,1128.61
1762083992.3919435,0.00,1128.61
1762083993.3937829,1.00,1128.61
1762083994.395598,0.00,1128.61
1762083995.3974545,0.00,1128.62
1762083996.3990417,0.00,1128.62
1762083997.4005952,0.50,1128.62
1762083998.4023995,0.50,1128.62
1762083999.4040291,0.00,1128.62
1762084000.4060097,0.50,1128.62
1762084001.4075902,0.00,1128.62
1762084002.4093585,0.00,1128.62
1762084003.4111245,0.00,1128.62
1762084004.4127955,0.50,1128.62
1762084005.4145572,0.50,1128.62
1762084006.4162123,0.00,1128.62
1762084007.417961,0.00,1128.62
1762084008.4196432,0.00,1128.62
1762084009.4214272,0.00,1128.62
1762084010.4243543,0.50,1128.62
1762084011.4263828,0.00,1128.62
1762084012.4280472,0.50,1128.57
1762084013.430114,0.50,1128.57
1762084014.4320714,0.00,1128.57
1762084015.4336689,0.50,1128.57
1762084016.4353902,0.00,1128.57
1762084017.4369438,0.00,1128.57
1762084018.4386413,0.50,1128.57
1762084019.4401298,0.00,1128.57
1762084020.4417322,1.00,1128.57
1762084021.443619,0.00,1128.57
1762084022.445553,0.00,1128.57
1762084023.4471097,0.50,1128.57
1762084024.4499679,0.00,1128.57
1762084025.451714,0.00,1128.57
1762084026.4533234,0.00,1128.57
1762084027.4549527,0.00,1128.57
1762084028.4565265,0.00,1128.57
1762084029.4576433,0.00,1128.57
1762084030.4593241,1.00,1128.55
1762084031.4609215,0.00,1128.55
1762084032.4627469,0.00,1128.55
1762084033.4643753,0.00,1128.55
1762084034.4658537,1.00,1128.55
1762084035.4682002,0.00,1128.55
1762084036.4704854,0.00,1128.55
1762084037.4720414,0.00,1128.55
1762084038.4735954,1.00,1128.55
1762084039.47559,0.00,1128.55
1762084040.4780443,0.00,1128.55
1762084041.4796157,0.50,1128.55
1762084042.4814537,0.50,1128.55
1762084043.4834428,0.00,1128.55
1762084044.4850388,1.00,1128.55
1762084045.4866908,0.00,1128.55
1762084046.488333,0.00,1128.55
1762084047.4900007,0.00,1128.55
1762084048.4920855,0.50,1128.79
1762084049.4949608,0.50,1128.77
1762084050.496906,0.00,1128.77
1762084051.4976802,0.50,1128.77
1762084052.4993165,0.00,1128.77
1762084053.5008564,0.00,1128.77
1762084054.5023804,4.60,1128.73
1762084055.503814,4.50,1128.71
1762084056.5052595,6.00,1128.71
1762084057.5084157,7.10,1128.71
1762084058.5103004,7.90,1128.71
1762084059.5117624,4.50,1128.71
1762084060.5136037,3.40,1128.71
1762084061.5152154,3.40,1128.70
1762084062.5167193,3.40,1128.70
1762084063.5184085,2.80,1128.70
1762084064.5200956,4.50,1128.70
1762084065.5217204,3.40,1128.70
1762084066.523208,4.00,1128.70
1762084067.5246387,5.60,1128.70
1762084068.5266337,8.50,1128.70
1762084069.5275207,19.70,1129.43
1762084070.5289881,57.00,1137.60
1762084071.5315661,64.30,1157.92
1762084072.5334253,59.40,1157.71
1762084073.5351026,57.30,1157.63
1762084074.5365853,58.30,1157.03
1762084075.5383334,46.80,1163.29
1762084076.541395,13.50,1163.25
1762084077.5425498,26.60,1161.44
1762084078.543576,59.20,1184.19
1762084079.5450222,51.10,1195.87
1762084080.5465195,37.90,1189.01
1762084081.5476892,58.80,1242.03
1762084082.54917,54.50,1259.38
1762084083.5519197,55.50,1241.14
1762084084.5535138,53.30,1188.20
1762084085.5550065,50.80,1229.55
1762084086.5564897,57.90,1304.41
1762084087.5579314,51.50,1304.02
1762084088.5598533,50.80,1248.88
1762084089.5614676,50.50,1262.16
1762084090.562988,12.60,1127.37
1762084091.5650806,2.00,1127.84
1762084092.567301,0.00,1127.82
1762084093.569045,1.00,1127.82
1762084094.570909,0.00,1127.82
1762084095.5725205,1.00,1127.82
1762084096.5742931,0.00,1127.82
1762084097.5757902,0.00,1127.80
1762084098.5775363,0.00,1127.80
1762084099.5794594,0.50,1127.80
1762084100.5808887,0.50,1127.80
1762084101.5818803,0.50,1127.80
1762084102.5836813,0.50,1127.80
1762084103.5854082,0.00,1127.80
1762084104.5869744,0.50,1127.80
1762084105.588845,0.50,1127.80
1762084106.5905359,0.50,1127.68
1762084107.5922387,0.00,1127.68
1762084108.5939186,0.50,1127.68
1762084109.595488,1.00,1127.63
1762084110.5970626,0.00,1127.63
1762084111.598628,0.50,1127.63
1762084112.6003218,0.50,1127.63
1762084113.6020727,0.50,1127.63
1762084114.6038113,0.00,1127.63
1762084115.6056192,0.50,1127.62
1762084116.6075747,0.00,1127.62
1762084117.6094651,1.00,1127.62
1762084118.6110048,0.50,1127.62
1762084119.6127079,0.50,1127.62
1762084120.6144128,0.00,1127.62
1762084121.6159885,0.50,1127.62
1762084122.617792,0.00,1127.62
1762084123.6195118,0.00,1127.62
1762084124.6212435,1.00,1127.62
1762084125.6231327,0.50,1127.62
1762084126.6248305,0.00,1127.62
1762084127.626505,0.00,1127.61
1762084128.6281114,0.50,1127.61
1762084129.6299055,0.50,1127.61
1762084130.6314712,0.00,1127.61
1762084131.63302,0.00,1127.61
1762084132.6335964,0.50,1127.61
1762084133.635345,0.00,1127.61
1762084134.6369123,1.00,1127.61
1762084135.6385274,1.00,1127.60
1762084136.6400802,34.00,1131.54
1762084137.6426423,50.50,1153.89
1762084138.6444194,32.50,1130.77
1762084139.646368,1.00,1130.77
1762084140.6479454,0.50,1130.73
1762084141.6494477,0.50,1130.73
1762084142.6510053,0.00,1130.73
1762084143.652646,0.00,1130.73
1762084144.6545358,0.50,1130.71
1762084145.6563222,0.50,1130.71
1762084146.6579475,0.00,1130.71
1762084147.6594906,0.50,1130.71
1762084148.6612191,0.50,1130.71
1762084149.662927,0.00,1130.71
1762084150.6646228,0.50,1130.71
1762084151.6665907,0.00,1130.71
1762084152.6682386,0.00,1130.70
1762084153.6697812,0.00,1130.70
1762084154.671516,0.50,1130.70
1762084155.6734464,0.50,1130.70
1762084156.675033,0.00,1130.70
1762084157.6767173,0.00,1130.70
1762084158.6783845,0.50,1130.70
1762084159.6800601,0.00,1130.70
1762084160.6823785,0.50,1130.70
1762084161.6839273,0.00,1130.70
1762084162.6864936,0.00,1130.70
1762084163.6883295,0.00,1130.70
1762084164.6899347,0.00,1130.70
1762084165.6915781,0.50,1130.70
1762084166.6936727,0.00,1130.70
1762084167.6952662,0.00,1130.68
1762084168.6968532,0.50,1130.68
1762084169.6985586,0.00,1130.68
1762084170.6999958,0.00,1130.68
1762084171.7015657,0.50,1130.68
1762084172.703259,0.00,1130.68
1762084173.7049499,0.00,1130.68
1762084174.7058377,1.00,1130.68
1762084175.7074423,0.00,1130.68
1762084176.7089806,0.00,1130.68
1762084177.7105312,0.00,1130.68
1762084178.7122993,0.00,1130.68
1762084179.7139246,0.00,1130.68
1762084180.7158659,1.00,1130.68
1762084181.717847,0.00,1130.68
1762084182.719545,0.00,1130.68
1762084183.7210803,0.00,1130.68
1762084184.7228363,0.00,1130.68
1762084185.7246966,0.50,1130.68
1762084186.726436,0.50,1130.68
1762084187.7283242,0.00,1130.68
1762084188.729885,1.10,1130.19
1762084189.731555,4.10,1130.18
1762084190.7330582,2.20,1130.18
1762084191.73456,4.00,1130.18
1762084192.7360022,5.00,1130.14
1762084193.737747,2.80,1130.14
1762084194.7397711,11.00,1130.14
1762084195.7414122,6.80,1130.14
1762084196.7429063,4.70,1130.14
1762084197.7446487,11.40,1130.14
1762084198.746121,6.30,1130.14
1762084199.747605,4.50,1130.14
1762084200.749414,6.20,1130.14
1762084201.7518187,5.90,1130.14
1762084202.7536185,4.50,1130.14
1762084203.7551355,5.60,1130.13
1762084204.7569923,4.10,1130.13
1762084205.758551,3.90,1130.13
1762084206.7600105,2.80,1130.13
1762084207.7616465,4.60,1130.13
1762084208.7633557,3.90,1130.13
1762084209.76494,4.50,1130.13
1762084210.7664447,9.00,1130.13
1762084211.7695968,6.20,1130.12
1762084212.771808,7.90,1130.12
1762084213.7734625,7.30,1130.12
1762084214.7759342,6.20,1130.12
1762084215.7777207,5.10,1130.12
1762084216.7795913,6.00,1130.12
1762084217.7813401,5.60,1130.12
1762084218.7832186,5.60,1122.94
1762084219.7850122,0.50,1122.94
1762084220.7868505,0.50,1122.94
1762084221.7884684,1.00,1122.94
1762084222.7904868,0.50,1122.93
1762084223.7920516,0.50,1122.93
1762084224.793661,1.00,1122.93
1762084225.7957585,0.00,1122.93
1762084226.7974885,0.00,1122.93
1762084227.7989948,1.50,1122.93
1762084228.8006487,0.00,1122.93
1762084229.80224,0.50,1122.93
1762084230.8039153,1.00,1122.93
1762084231.8055327,0.00,1122.93
1762084232.8072245,0.50,1122.93
1762084233.8088498,0.00,1122.93
1762084234.8105085,1.00,1122.93
1762084235.8114905,0.00,1122.93
1762084236.8129954,0.50,1122.93
1762084237.814758,0.50,1122.93
1762084238.8163748,0.00,1122.93
1762084239.8179336,0.50,1122.93
1762084240.8197412,0.50,1122.93
1762084241.8215773,0.50,1122.93
1762084242.8234136,0.00,1122.93
1762084243.8249745,0.50,1122.93
1762084244.8269308,0.00,1122.93
1762084245.8285685,0.50,1122.93
1762084246.8303418,0.50,1122.93
1762084247.8320093,0.00,1122.93
1762084248.833976,0.00,1122.93
1762084249.83595,0.00,1122.93
1762084250.8375409,0.50,1122.93
1762084251.8396738,0.00,1122.93
1762084252.8415408,1.00,1122.93
1762084253.8431242,0.00,1122.93
1762084254.84478,1.00,1122.93
1762084255.8466127,0.00,1122.93
1762084256.8483558,0.00,1122.93
1762084257.8500662,0.50,1122.93
1762084258.8517926,0.00,1122.93
1762084259.853625,0.50,1122.89
1762084260.8551214,0.00,1122.89
1762084261.8568127,0.50,1122.89
1762084262.8589966,0.50,1122.89
1762084263.861113,0.50,1122.89
1762084264.8630385,0.00,1122.89
1762084265.8647137,1.00,1122.89
1762084266.8665009,0.00,1122.89
1762084267.8682065,0.00,1122.89
1762084268.8698657,0.00,1122.89
1762084269.8718843,0.50,1122.89
1762084270.8735745,1.00,1122.89
1762084271.8753197,0.00,1122.89
1762084272.8772483,0.00,1122.89
1762084273.878915,0.00,1122.89
1762084274.8807049,0.50,1122.89
1762084275.882358,0.00,1122.89
1762084276.8847785,0.00,1122.89
1762084277.8864489,0.00,1122.89
1762084278.8882844,0.50,1122.89
1762084279.890093,0.50,1122.89
1762084280.8921182,0.00,1122.89
1762084281.8938196,0.50,1122.89
1762084282.895406,0.00,1122.89
1762084283.8973145,0.00,1122.89
1762084284.8992512,1.00,1122.89
1762084285.9008846,0.00,1122.89
1762084286.902872,0.00,1122.89
1762084287.9047527,0.00,1122.89
1762084288.90641,0.50,1122.89
1762084289.9080215,0.00,1122.89
1762084290.9096053,0.00,1122.89
1762084291.9112272,0.00,1122.89
1762084292.9129248,0.00,1122.89
1762084293.91472,0.50,1122.89
1762084294.9170995,0.50,1122.89
1762084295.9188027,0.00,1122.89
1762084296.92057,0.50,1122.89
1762084297.9220533,0.00,1122.89
1762084298.923746,0.00,1122.89
1762084299.925421,0.50,1122.89
1762084300.927091,0.50,1122.89
1762084301.9286869,0.00,1122.89
1762084302.930521,0.00,1122.88
1762084303.9321287,0.50,1122.88
1762084304.933972,0.00,1122.88
1762084305.9362352,0.50,1122.88
1762084306.9382377,0.00,1122.82
1762084307.9399137,0.00,1122.82
1762084308.9415548,0.50,1122.82
1762084309.9431112,0.50,1122.82
1762084310.944999,0.00,1122.82
1762084311.9465344,0.00,1122.82
1762084312.9488301,0.50,1122.82
1762084313.9507182,0.00,1122.82
1762084314.9523451,0.50,1122.82
1762084315.953325,0.50,1122.82
1762084316.9549727,0.00,1122.82
1762084317.9571145,0.00,1122.82
1762084318.9587867,0.00,1122.82
1762084319.9603941,0.50,1122.82
1762084320.9619527,0.00,1122.82
1762084321.964352,0.00,1122.82
1762084322.9658668,1.00,1122.55
1762084323.9675741,2.30,1122.52
1762084324.9693656,3.40,1122.52
1762084325.9710588,3.00,1122.52
1762084326.9727988,5.60,1122.52
1762084327.9756181,9.70,1122.52
1762084328.978763,5.70,1122.52
1762084329.9805236,4.50,1122.52
1762084330.9825158,4.00,1122.52
1762084331.9852815,5.60,1122.51
1762084332.9868805,6.70,1122.51
1762084333.9884968,8.40,1122.51
1762084334.9903562,4.00,1122.51
1762084335.9918673,7.50,1122.51
1762084336.9929428,6.80,1122.51
1762084337.9951792,8.50,1122.50
1762084338.9970505,8.50,1122.50
1762084339.9991064,4.20,1122.50
1762084341.0023956,5.00,1122.50
1762084342.004122,4.40,1122.50
1762084343.0057364,1.70,1122.50
1762084344.007546,3.60,1122.49
1762084345.0092554,4.00,1122.49
1762084346.011563,5.80,1122.49
1762084347.0137343,5.10,1122.49
1762084348.016247,5.00,1122.49
1762084349.0176368,4.00,1122.49
1762084350.0193808,4.50,1122.49
1762084351.0223172,5.70,1122.49
1762084352.0240948,6.70,1122.49
1762084353.0256383,3.90,1122.49
1762084354.0274227,1.00,1115.57
1762084355.0289977,0.00,1115.55
1762084356.0305097,1.00,1115.55
1762084357.0321193,1.00,1116.04
1762084358.034314,0.50,1116.04
1762084359.0359128,0.50,1116.04
1762084360.0375385,0.50,1116.04
1762084361.039303,0.00,1116.04
1762084362.0409298,0.50,1116.03
1762084363.0425165,0.50,1116.03
1762084364.044116,0.00,1116.03
1762084365.0456724,0.50,1116.03
1762084366.047252,0.50,1116.03
1762084367.048863,0.50,1116.02
1762084368.0505502,0.50,1116.02
1762084369.0520308,0.00,1116.02
1762084370.0537496,1.00,1116.02
1762084371.0553863,0.50,1116.02
1762084372.0569623,0.00,1116.02
1762084373.0596046,0.00,1116.02
1762084374.0617535,1.00,1116.02
1762084375.0634632,0.50,1116.02
1762084376.0654707,0.00,1116.02
1762084377.067265,0.50,1116.02
1762084378.0688415,1.00,1116.02
1762084379.0704718,0.00,1116.01
1762084380.072311,0.50,1116.01
1762084381.073916,0.00,1116.01
1762084382.075569,0.50,1116.01
1762084383.0780346,1.00,1116.01
1762084384.0802732,0.00,1116.01
1762084385.0815623,0.50,1116.00
1762084386.083234,0.00,1116.00
1762084387.0853758,0.50,1116.00
1762084388.086957,0.00,1116.00
1762084389.0875843,0.50,1116.00
1762084390.0892897,1.00,1116.00
1762084391.090885,0.50,1115.99
1762084392.0925925,0.50,1115.99
1762084393.0940301,0.00,1115.99
1762084394.095629,0.50,1115.99
1762084395.0974061,0.50,1115.99
1762084396.0997357,0.50,1115.99
1762084397.1017685,0.50,1115.98
1762084398.1034777,0.50,1115.98
1762084399.105021,0.00,1115.98
1762084400.106576,0.00,1115.98
1762084401.1082737,1.00,1115.98
1762084402.109959,0.00,1115.98
1762084403.1116838,0.00,1115.98
1762084404.1134896,0.50,1115.98
1762084405.114982,0.50,1115.98
1762084406.1167397,0.00,1115.98
1762084407.1185765,0.00,1115.98
1762084408.1205654,0.50,1115.98
1762084409.122477,0.00,1115.98
1762084410.1242688,0.00,1115.98
1762084411.1257627,0.50,1115.98
1762084412.127529,0.00,1115.98
1762084413.1297913,0.00,1115.98
1762084414.1321115,1.00,1115.98
1762084415.1342592,0.00,1115.98
1762084416.1358252,0.00,1115.98
1762084417.1375225,0.00,1115.98
1762084418.1392071,0.50,1115.98
1762084419.1408095,0.00,1115.98
1762084420.1425092,0.00,1115.98
1762084421.1440876,0.50,1115.98
1762084422.1457326,0.00,1115.98
1762084423.1473706,0.00,1115.98
1762084424.1489177,0.50,1115.98
1762084425.1509156,0.50,1115.98
1762084426.1525364,0.00,1115.98
1762084427.154134,0.00,1115.98
1762084428.1560686,0.00,1115.98
1762084429.1577547,0.00,1115.98
1762084430.1594326,0.50,1115.98
1762084431.1610005,0.50,1115.98
1762084432.1626909,0.00,1115.98
1762084433.1644626,0.00,1115.97
1762084434.1662517,0.50,1115.97
1762084435.1679778,0.00,1115.91
1762084436.1700103,0.00,1115.91
1762084437.1722684,0.50,1115.91
1762084438.1743774,0.00,1115.89
1762084439.1759996,0.50,1115.89
1762084440.1776016,0.50,1115.89
1762084441.1792433,0.00,1115.89
1762084442.1810486,0.00,1115.89
1762084443.1828573,0.50,1115.89
1762084444.184472,0.50,1115.89
1762084445.1860518,0.00,1115.89
1762084446.1882555,0.50,1115.89
1762084447.189858,0.00,1115.89
1762084448.191502,0.50,1115.89
1762084449.193331,0.50,1115.89
1762084450.1950557,0.50,1115.89
1762084451.1967752,0.00,1115.89
1762084452.1985562,0.00,1115.89
1762084453.200381,0.50,1115.89
1762084454.2019687,0.50,1115.89
1762084455.2035708,0.00,1115.89
1762084456.2055306,0.00,1115.89
1762084457.2072968,0.00,1115.89
1762084458.2088258,2.20,1115.59
1762084459.2100656,2.40,1115.59
1762084460.2120335,3.40,1115.59
1762084461.213641,5.60,1115.59
1762084462.2152352,3.90,1115.59
1762084463.2166777,3.90,1115.59
1762084464.2174814,6.20,1115.59
1762084465.2190113,5.00,1115.59
1762084466.2206283,4.00,1115.59
1762084467.2220764,5.10,1115.59
1762084468.2235682,7.30,1115.59
1762084469.2253022,7.40,1115.57
1762084470.2268147,4.00,1115.57
1762084471.2282999,5.60,1115.57
1762084472.229751,4.50,1115.57
1762084473.231487,3.50,1115.57
1762084474.2333498,5.60,1115.57
1762084475.2351203,3.00,1115.57
1762084476.2368286,3.60,1115.57
1762084477.2383816,3.90,1115.57
1762084478.2398338,3.90,1115.57
1762084479.2415724,4.40,1115.57
1762084480.2430542,3.00,1115.56
1762084481.2445817,2.80,1115.56
1762084482.246103,4.40,1115.56
1762084483.2476826,3.40,1115.56
1762084484.2491918,3.40,1115.56
1762084485.2506394,3.40,1115.56
1762084486.252247,3.40,1115.55
1762084487.2537615,2.80,1115.55
1762084488.2553003,2.10,1110.14
1762084489.2569902,0.00,1110.14
1762084490.258559,0.50,1110.14
1762084491.2602787,0.50,1110.38
1762084492.2618372,0.00,1110.38
1762084493.2637765,0.00,1110.38
1762084494.265612,1.00,1110.38
1762084495.2673922,0.00,1110.38
1762084496.2691307,0.50,1110.38
1762084497.2708533,0.50,1110.38
1762084498.2727332,0.50,1110.38
1762084499.2744179,0.50,1110.38
1762084500.276035,0.50,1110.38
1762084501.2778847,0.50,1110.38
1762084502.2795608,0.50,1110.38
1762084503.2813463,0.00,1110.38
1762084504.2828968,0.00,1110.38
1762084505.2847042,0.50,1110.38
1762084506.2864513,0.50,1110.38
1762084507.2884455,0.00,1110.38
1762084508.2904987,0.50,1110.38
1762084509.2922215,0.00,1110.38
1762084510.2939036,1.00,1110.38
1762084511.2955372,0.50,1110.35
1762084512.2973309,0.50,1110.35
1762084513.2989054,0.50,1110.35
1762084514.3004818,0.00,1110.35
1762084515.302009,0.50,1110.35
1762084516.3037455,1.00,1110.35
1762084517.305466,0.00,1110.35
1762084518.307043,0.50,1110.35
1762084519.3085926,0.50,1110.35
1762084520.3104596,0.00,1110.35
1762084521.3122263,0.50,1110.35
1762084522.3138964,0.00,1110.35
1762084523.3156393,0.00,1110.35
1762084524.3172586,1.00,1110.35
1762084525.3188114,0.00,1110.35
1762084526.3207974,0.50,1110.35
1762084527.322515,0.50,1110.35
1762084528.324336,0.00,1110.33
1762084529.325989,0.50,1110.33
1762084530.3275776,0.00,1110.33
1762084531.3293538,0.00,1110.33
1762084532.3310347,0.00,1110.33
1762084533.332526,0.50,1110.33
1762084534.3342638,0.50,1110.33
1762084535.335618,0.50,1110.33
1762084536.3374753,0.00,1110.33
1762084537.3390777,0.50,1110.33
1762084538.3406672,0.00,1110.33
1762084539.342395,0.00,1110.33
1762084540.3440409,0.50,1110.33
1762084541.345811,0.00,1110.33
1762084542.3474889,0.00,1110.33
1762084543.349083,0.00,1110.33
1762084544.3509014,0.00,1110.33
1762084545.352558,0.50,1110.33
1762084546.353964,0.50,1110.30
1762084547.3558137,0.00,1110.30
1762084548.3574705,0.00,1110.30
1762084549.3591242,0.00,1110.30
1762084550.3607097,0.50,1110.30
1762084551.3623388,0.00,1110.30
1762084552.364207,0.00,1110.30
1762084553.366078,0.50,1110.30
1762084554.3677168,0.50,1110.30
1762084555.3699665,0.50,1110.30
1762084556.372003,0.00,1110.30
1762084557.3739777,0.00,1110.30
1762084558.375784,0.00,1110.30
1762084559.3775325,0.00,1110.30
1762084560.3792143,0.50,1110.30
1762084561.3809671,0.00,1110.30
1762084562.3830013,0.50,1110.30
1762084563.3847222,0.00,1110.29
1762084564.386506,0.50,1110.29
1762084565.388094,0.00,1110.29
1762084566.3897874,0.00,1110.29
1762084567.3915448,0.00,1110.29
1762084568.3932881,0.00,1110.29
1762084569.3949358,0.50,1110.27
1762084570.3965971,0.50,1110.27
1762084571.3982568,0.00,1110.27
1762084572.400219,0.50,1110.27
1762084573.4019024,0.00,1110.27
1762084574.4037967,0.00,1110.27
1762084575.4054494,0.50,1110.27
1762084576.4070096,0.00,1110.27
1762084577.4087856,0.00,1110.27
1762084578.4104326,1.00,1110.27
1762084579.4121356,0.00,1110.27
1762084580.413837,0.00,1110.27
1762084581.4155133,0.00,1110.25
1762084582.4171314,0.00,1110.25
1762084583.4187815,0.50,1110.25
1762084584.42039,0.00,1110.25
1762084585.421915,0.00,1110.25
1762084586.4234927,0.00,1110.25
1762084587.4251246,0.00,1110.24
1762084588.4270077,0.00,1110.24
1762084589.4285932,0.00,1110.24
1762084590.430177,0.00,1110.24
1762084591.431746,0.00,1110.24
1762084592.4333851,1.00,1111.20
1762084593.4348505,2.30,1111.18
1762084594.436657,6.20,1111.18
1762084595.4383504,2.80,1111.18
1762084596.4400487,2.80,1111.18
1762084597.4416242,4.50,1111.18
1762084598.4433043,2.30,1111.18
1762084599.4448407,4.40,1111.18
1762084600.446356,2.80,1111.18
1762084601.4478564,2.80,1111.18
1762084602.449365,3.40,1111.18
1762084603.4508312,2.20,1111.18
1762084604.4524763,3.40,1111.18
1762084605.453983,4.50,1111.18
1762084606.4555001,3.90,1111.18
1762084607.4569333,6.20,1111.18
1762084608.4575195,5.10,1111.17
1762084609.459002,6.20,1111.17
1762084610.4604938,5.00,1111.17
1762084611.4623427,7.30,1111.17
1762084612.4639516,3.90,1111.17
1762084613.4654872,3.90,1111.17
1762084614.4672801,2.80,1111.17
1762084615.4689682,2.80,1111.17
1762084616.4704487,1.10,1111.17
1762084617.472004,2.90,1111.16
1762084618.4736094,4.50,1111.16
1762084619.475172,3.90,1111.16
1762084620.4766128,5.60,1111.16
1762084621.478079,7.30,1111.16
1762084622.4795954,4.40,1111.15
1762084623.4817047,1.00,1109.85
1762084624.483272,1.00,1109.85
1762084625.4848578,0.00,1109.85
1762084626.4867485,1.00,1110.09
1762084627.4884996,1.00,1110.09
1762084628.49024,0.00,1110.09
1762084629.491804,0.50,1110.09
1762084630.4936168,0.50,1110.09
1762084631.4953554,0.50,1110.09
1762084632.4969995,0.50,1110.09
1762084633.4975908,0.00,1110.09
1762084634.4994698,0.50,1110.09
1762084635.5010424,0.00,1110.09
1762084636.5028815,0.50,1110.09
1762084637.5045173,1.00,1110.09
1762084638.5062478,0.00,1110.09
1762084639.5079892,0.50,1110.09
1762084640.5096972,0.00,1110.09
1762084641.5110426,0.50,1110.09
1762084642.5123687,0.50,1110.09
1762084643.5143907,0.50,1110.09
1762084644.5160463,0.50,1110.09
1762084645.5176597,0.00,1110.09
1762084646.519548,0.50,1110.09
1762084647.5212326,0.00,1110.09
1762084648.5227814,0.50,1110.09
1762084649.5245485,0.50,1110.09
1762084650.5262737,0.00,1110.09
1762084651.527818,0.50,1110.09
1762084652.5294895,0.50,1110.09
1762084653.5312302,0.50,1110.09
1762084654.5328739,0.00,1110.05
1762084655.534544,0.50,1110.05
1762084656.5363348,1.00,1110.05
1762084657.5379515,0.50,1110.05
1762084658.5396361,0.00,1110.05
1762084659.5413477,1.00,1110.05
1762084660.5419838,0.00,1110.05
1762084661.5435379,0.00,1110.05
1762084662.5453038,1.00,1110.05
1762084663.546675,0.00,1110.05
1762084664.5484538,1.00,1110.05
1762084665.5505521,0.50,1110.05
1762084666.5521007,0.50,1110.05
1762084667.5529797,0.50,1110.05
1762084668.5545468,0.00,1110.05
1762084669.5562396,1.50,1110.05
1762084670.5581093,0.50,1110.03
1762084671.5601356,0.00,1110.03
1762084672.5618439,0.50,1110.03
1762084673.5636015,0.50,1110.03
1762084674.5651314,0.50,1110.03
1762084675.5668693,0.00,1110.02
1762084676.5685992,0.00,1110.02
1762084677.5702307,0.50,1110.02
1762084678.5718164,0.00,1110.02
1762084679.5734925,0.00,1110.02
1762084680.5751233,0.00,1110.02
1762084681.577482,0.50,1110.02
1762084682.5790715,0.00,1110.01
1762084683.5802813,0.50,1110.01
1762084684.5830884,0.00,1110.01
1762084685.585239,0.00,1110.01
1762084686.5869753,0.00,1110.01
1762084687.588547,0.50,1110.01
1762084688.5900643,0.00,1109.98
1762084689.5918784,0.00,1109.98
1762084690.5936353,1.00,1109.98
1762084691.5953357,0.00,1109.98
1762084692.596893,0.00,1109.98
1762084693.598502,1.00,1109.98
1762084694.5999944,0.00,1109.98
1762084695.6015632,0.00,1109.98
1762084696.603271,0.00,1109.98
1762084697.6049514,0.00,1109.98
1762084698.6064968,0.00,1109.98
1762084699.6080194,0.50,1109.96
1762084700.6097531,0.00,1109.96
1762084701.6112976,0.50,1109.96
1762084702.6127732,0.50,1109.96
1762084703.6144438,0.00,1109.97
1762084704.616037,0.00,1109.97
1762084705.6177473,0.50,1109.97
1762084706.6193275,0.50,1109.97
1762084707.6213648,0.00,1109.97
1762084708.6230302,0.00,1109.97
1762084709.6246383,0.00,1109.97
1762084710.6264844,0.00,1109.97
1762084711.6283326,0.50,1109.97
1762084712.630409,0.50,1109.97
1762084713.6320822,0.00,1109.97
1762084714.6339073,0.00,1109.97
1762084715.6356487,0.50,1109.97
1762084716.6375077,0.00,1109.97
1762084717.6394968,0.00,1109.97
1762084718.6418042,0.00,1109.97
1762084719.6435816,0.50,1109.97
1762084720.6452944,0.50,1109.97
1762084721.6469495,0.00,1109.97
1762084722.6486092,0.00,1109.97
1762084723.650318,0.00,1109.97
1762084724.651821,0.50,1109.97
1762084725.6533756,0.00,1109.94
1762084726.6550033,0.00,1109.94
1762084727.6564653,2.20,1110.89
1762084728.657897,2.90,1111.14
1762084729.6594644,5.00,1111.14
1762084730.6609166,3.40,1111.14
1762084731.6626103,3.40,1111.14
1762084732.6643891,3.40,1111.14
1762084733.6660593,3.40,1111.14
1762084734.6680453,3.40,1111.13
1762084735.6696246,4.50,1111.11
1762084736.6712978,2.30,1111.11
1762084737.6730652,4.50,1111.11
1762084738.6745718,2.80,1111.11
1762084739.6759684,2.80,1111.11
1762084740.6774645,6.20,1111.11
1762084741.6795752,5.60,1111.11
1762084742.6810842,5.10,1111.11
1762084743.6827915,4.40,1111.11
1762084744.6844923,3.90,1111.11
1762084745.6859586,3.60,1111.11
1762084746.687603,2.40,1111.11
1762084747.6891901,3.40,1111.11
1762084748.6906934,3.40,1111.11
1762084749.6925151,2.80,1111.11
1762084750.6941803,2.80,1111.11
1762084751.6956122,3.40,1111.10
1762084752.6972225,5.00,1111.10
1762084753.6987042,4.00,1111.10
1762084754.7005088,4.50,1111.08
1762084755.7035165,5.00,1111.08
1762084756.705563,5.60,1111.08
1762084757.7070413,1.60,1109.60
1762084758.7086713,0.00,1109.57
1762084759.7105415,1.00,1109.57
1762084760.71229,1.00,1109.81
1762084761.7139742,0.00,1109.81
1762084762.715581,0.50,1109.81
1762084763.7176456,0.50,1109.81
1762084764.7193015,0.50,1109.81
1762084765.7208412,0.50,1109.81
1762084766.722439,0.50,1109.81
1762084767.7244995,0.00,1109.81
1762084768.726056,0.50,1109.81
1762084769.7287495,0.50,1109.81
1762084770.7304592,0.50,1109.81
1762084771.7320838,0.00,1109.81
1762084772.7336748,0.50,1109.81
1762084773.7355523,0.50,1109.81
1762084774.7374303,0.00,1109.81
1762084775.739258,0.50,1109.81
1762084776.7411158,0.50,1109.81
1762084777.7427173,0.00,1109.81
1762084778.7446,1.00,1109.81
1762084779.7466786,0.00,1109.81
1762084780.7483842,0.50,1109.81
1762084781.7504373,0.00,1109.81
1762084782.7520158,0.50,1109.81
1762084783.7537017,0.50,1109.81
1762084784.7557447,0.50,1109.81
1762084785.7573962,0.00,1109.81
1762084786.7588985,0.50,1109.81
1762084787.760511,0.50,1109.81
1762084788.763268,0.50,1109.81
1762084789.7648113,0.50,1109.81
1762084790.7664752,0.00,1109.81
1762084791.7693136,1.00,1109.81
1762084792.7709317,0.00,1109.81
1762084793.7725732,0.50,1109.81
1762084794.7742326,0.50,1109.81
1762084795.7763216,0.00,1109.81
1762084796.7775598,0.50,1109.81
1762084797.7792401,0.50,1109.81
1762084798.7810354,0.50,1109.81
1762084799.7827,0.50,1109.81
1762084800.7836652,0.00,1109.75
1762084801.7853875,1.00,1109.75
1762084802.7868874,0.00,1109.75
1762084803.7886727,0.00,1109.75
1762084804.7904406,1.00,1109.75
1762084805.7920175,0.50,1109.75
1762084806.7937438,0.00,1109.75
1762084807.7953737,0.50,1109.75
1762084808.7970505,0.00,1109.75
1762084809.7988477,0.50,1109.75
1762084810.8005729,1.50,1109.75
1762084811.8018084,0.00,1109.75
1762084812.803491,0.00,1109.75
1762084813.8052537,0.00,1109.75
1762084814.8072824,1.00,1109.74
1762084815.8088577,0.00,1109.74
1762084816.8105447,0.00,1109.74
1762084817.8123283,0.50,1109.74
1762084818.8138752,0.00,1109.73
1762084819.8155472,0.00,1109.73
1762084820.8174965,0.50,1109.73
1762084821.8192124,0.50,1109.73
1762084822.8212397,0.00,1109.73
1762084823.822875,0.00,1109.73
1762084824.8252537,0.50,1109.73
1762084825.8267972,0.50,1109.73
1762084826.8285787,0.00,1109.73
1762084827.8299804,0.00,1109.73
1762084828.8316967,0.00,1109.73
1762084829.8336391,0.00,1109.73
1762084830.83547,0.00,1109.72
1762084831.8371327,0.00,1109.72
1762084832.8388753,0.50,1109.72
1762084833.8407085,0.00,1109.72
1762084834.8415916,0.00,1109.72
1762084835.8431325,1.00,1109.72
1762084836.8449638,0.00,1109.72
1762084837.8468044,0.00,1109.72
1762084838.848538,0.00,1109.72
1762084839.8503242,0.50,1109.72
1762084840.8518414,0.00,1109.72
1762084841.8534398,0.50,1109.72
1762084842.8557713,0.50,1109.70
1762084843.8575127,0.00,1109.70
1762084844.8593998,0.00,1109.70
1762084845.8609674,0.50,1109.70
1762084846.862675,0.00,1109.70
1762084847.8643413,0.00,1109.70
1762084848.8659909,0.00,1109.70
1762084849.8675816,0.50,1109.70
1762084850.8694577,0.00,1109.70
1762084851.8711843,0.00,1109.70
1762084852.8728116,0.50,1109.70
1762084853.874529,0.00,1109.70
1762084854.8760283,0.00,1109.69
1762084855.8776698,0.50,1109.69
1762084856.8794663,0.00,1109.69
1762084857.8811023,0.00,1109.69
1762084858.8828866,0.00,1109.69
1762084859.8845634,0.00,1109.68
1762084860.8861325,0.00,1109.68
1762084861.8877742,1.60,1110.39
1762084862.8894444,1.70,1110.38
1762084863.8909857,2.30,1110.63
1762084864.8927572,2.20,1110.63
1762084865.8944468,1.70,1110.63
1762084866.896227,2.80,1110.62
1762084867.8978603,2.20,1110.87
1762084868.899342,2.80,1110.87
1762084869.9010344,2.80,1110.87
1762084870.9026618,3.40,1110.87
1762084871.9044373,2.80,1110.87
1762084872.9055839,2.90,1110.86
1762084873.9073749,2.20,1110.86
1762084874.9088948,2.80,1110.86
1762084875.911892,3.90,1110.86
1762084876.9148908,2.80,1110.86
1762084877.917136,4.70,1110.35
1762084878.9185405,4.00,1110.27
1762084879.9205797,3.40,1110.41
1762084880.9220629,1.20,1110.41
1762084881.9237592,2.30,1110.41
1762084882.9253893,1.10,1110.41
1762084883.9272847,2.80,1110.41
1762084884.9287276,2.30,1110.41
1762084885.9297311,2.20,1110.41
1762084886.9313102,3.40,1110.41
1762084887.933029,1.70,1110.41
1762084888.9345915,2.90,1110.66
1762084889.9361207,2.20,1110.66
1762084890.9376745,2.80,1110.66
1762084891.9394357,1.10,1108.92
1762084892.941018,1.00,1108.90
1762084893.9425247,0.50,1108.90
1762084894.9445796,1.00,1109.15
1762084895.9456244,0.00,1109.15
1762084896.9474843,0.50,1109.15
1762084897.9491024,0.50,1109.15
1762084898.9508092,0.50,1109.15
1762084899.952092,0.00,1109.15
1762084900.9537058,0.50,1109.15
1762084901.955486,0.00,1109.14
1762084902.957027,1.00,1109.14
1762084903.9587927,0.00,1109.13
1762084904.96051,0.00,1109.13
1762084905.961664,0.50,1109.13
1762084906.9635322,0.50,1109.13
1762084907.965087,0.50,1109.13
1762084908.9667504,0.00,1109.13
1762084909.9684575,0.00,1109.13
1762084910.9699602,0.00,1109.13
1762084911.973792,0.50,1109.13
1762084912.9758563,0.50,1109.13
1762084913.9775538,0.50,1109.13
1762084914.9793408,0.00,1109.13
1762084915.98128,0.50,1109.13
1762084916.9829507,0.50,1109.13
1762084917.9848447,0.50,1109.13
1762084918.9868088,0.00,1109.13
1762084919.988529,0.50,1109.13
1762084920.990246,0.50,1109.13
1762084921.9924173,0.00,1109.13
1762084922.994393,0.50,1109.13
1762084923.9959066,0.50,1109.13
1762084924.9977884,0.00,1109.13
1762084925.9993489,0.00,1109.13
1762084927.0015755,1.00,1109.13
1762084928.0036266,0.00,1109.13
1762084929.005436,0.50,1109.13
1762084930.007015,1.00,1109.13
1762084931.0086408,0.50,1109.13
1762084932.0103056,0.00,1109.13
1762084933.0122416,0.00,1109.13
1762084934.013933,0.50,1109.13
1762084935.0156598,0.50,1109.13
1762084936.017394,0.00,1109.13
1762084937.019255,0.50,1109.09
1762084938.0210965,0.00,1109.09
1762084939.0228,0.50,1109.09
1762084940.0244753,1.00,1109.09
1762084941.0262368,0.00,1109.09
1762084942.0279384,0.50,1109.09
1762084943.0298634,0.00,1109.09
1762084944.0315585,0.50,1109.08
1762084945.0332236,1.00,1109.08
1762084946.0349636,0.00,1109.08
1762084947.0365174,0.00,1109.08
1762084948.0382867,0.00,1109.08
1762084949.039857,0.50,1109.08
1762084950.0415442,0.00,1109.08
1762084951.0431297,0.00,1109.07
1762084952.0448816,0.00,1109.07
1762084953.0465066,0.00,1109.07
1762084954.0482132,0.00,1109.07
1762084955.0499363,1.00,1109.07
1762084956.051542,0.00,1109.07
1762084957.0531301,0.00,1109.07
1762084958.05494,0.00,1109.07
1762084959.0566137,0.00,1109.07
1762084960.058372,0.00,1109.07
1762084961.0599654,0.00,1109.07
1762084962.0616314,0.00,1109.06
1762084963.0632284,0.50,1109.06
1762084964.0648026,0.50,1109.06
1762084965.066387,0.00,1109.06
1762084966.0681252,0.50,1109.06
1762084967.069771,0.00,1109.06
1762084968.0714738,0.00,1109.05
1762084969.074355,0.00,1109.05
1762084970.0761213,0.50,1109.05
1762084971.0777931,0.50,1109.05
1762084972.0795517,0.00,1109.05
1762084973.0811799,0.00,1109.05
1762084974.0827737,0.00,1109.04
1762084975.0843759,1.00,1109.04
1762084976.0859241,0.00,1109.04
1762084977.0875957,0.00,1109.04
1762084978.089361,0.00,1109.04
1762084979.0910199,0.00,1109.04
1762084980.0927894,0.50,1109.04
1762084981.0945659,0.00,1109.03
1762084982.096276,0.00,1109.03
1762084983.097793,0.00,1109.03
1762084984.0994594,0.50,1109.03
1762084985.1014342,0.00,1109.03
1762084986.1029255,0.00,1109.02
1762084987.1045945,1.00,1109.02
1762084988.1063576,0.00,1109.27
1762084989.1080518,0.00,1109.27
1762084990.1096768,0.50,1109.27
1762084991.1114082,0.50,1109.27
1762084992.1129675,0.00,1109.26
1762084993.1137388,0.00,1109.26
1762084994.115613,0.50,1109.26
1762084995.1174998,0.00,1109.26
1762084996.1190083,1.00,1109.95
1762084997.1205657,1.20,1109.95
1762084998.1222034,1.70,1109.95
1762084999.123839,1.70,1109.95
1762085000.1254663,2.30,1109.95
1762085001.1274838,2.80,1109.95
1762085002.1297362,1.70,1109.95
1762085003.1314929,3.40,1109.95
1762085004.1325793,3.40,1109.95
1762085005.134212,2.80,1109.95
1762085006.1358232,2.80,1110.18
1762085007.1375067,2.20,1110.18
1762085008.1395583,3.40,1110.18
1762085009.141426,2.40,1110.18
1762085010.1430287,2.90,1110.18
1762085011.1448157,1.20,1110.18
1762085012.1463964,2.20,1110.18
1762085013.1479821,2.80,1110.18
1762085014.1497366,3.40,1110.18
1762085015.1511931,4.40,1110.18
1762085016.1536171,7.20,1110.18
1762085017.1553843,4.20,1110.18
1762085018.157272,4.50,1110.08
1762085019.1584394,8.70,1110.08
1762085020.1608808,3.90,1110.08
1762085021.162777,11.90,1110.08
1762085022.1649532,14.70,1110.07
1762085023.1681242,14.80,1110.07
1762085024.1727602,18.40,1110.07
1762085025.1747127,10.40,1110.07
1762085026.1762934,9.60,1110.07
1762085027.1780155,0.50,1108.49
1762085028.1800506,1.00,1108.49
1762085029.1816702,0.00,1108.49
1762085030.1837196,1.00,1108.98
1762085031.1854436,0.50,1108.98
1762085032.1873436,0.50,1108.98
1762085033.19004,0.00,1108.98
1762085034.1920848,1.00,1108.98
1762085035.1937773,1.00,1108.98
1762085036.1956215,0.00,1108.98
1762085037.1979852,1.00,1108.98
1762085038.2004285,0.50,1108.98
1762085039.2022338,1.00,1108.98
1762085040.2040002,0.50,1108.98
1762085041.2056732,0.00,1108.98
1762085042.2074642,0.50,1108.95
1762085043.2093682,0.50,1108.95
1762085044.210971,0.00,1108.95
1762085045.2130203,1.00,1108.95
1762085046.2153797,0.50,1108.95
1762085047.2171836,0.00,1108.95
1762085048.218884,0.00,1108.95
1762085049.2206354,0.50,1108.95
1762085050.2223456,1.00,1108.95
1762085051.2239964,0.00,1108.95
1762085052.2256708,0.50,1108.95
1762085053.227441,0.00,1108.95
1762085054.228994,0.50,1108.95
1762085055.2307446,0.50,1108.95
1762085056.2324574,0.00,1108.95
1762085057.2341094,0.00,1108.95
1762085058.2361906,0.50,1108.95
1762085059.2380712,1.00,1109.16
1762085060.2397237,0.00,1109.16
1762085061.2417173,1.00,1109.16
1762085062.243801,0.00,1109.16
1762085063.2454243,1.00,1109.16
1762085064.2471719,0.50,1109.16
1762085065.2489138,0.50,1109.16
1762085066.250633,0.50,1109.16
1762085067.2524083,0.50,1109.16
1762085068.2539892,0.50,1109.16
1762085069.2556148,0.50,1109.16
1762085070.2574112,0.50,1109.16
1762085071.2591002,0.00,1109.16
1762085072.2607832,0.00,1109.16
1762085073.2625802,0.50,1109.16
1762085074.2643468,0.00,1109.16
1762085075.2660694,1.00,1109.16
1762085076.2682998,0.00,1109.16
1762085077.2699866,0.00,1109.11
1762085078.271752,0.50,1109.11
1762085079.2736874,0.50,1109.11
1762085080.2753284,0.00,1109.11
1762085081.2770028,0.00,1109.11
1762085082.2788458,0.50,1109.11
1762085083.2812724,0.50,1109.11
1762085084.2827735,0.00,1109.11
1762085085.2845857,0.00,1109.11
1762085086.2865891,0.00,1109.11
1762085087.2885294,0.00,1109.11
1762085088.2901926,0.00,1109.11
1762085089.2918894,0.00,1109.11
1762085090.2934942,0.50,1109.11
1762085091.295043,0.00,1109.11
1762085092.2965639,0.50,1109.11
1762085093.298295,0.00,1109.11
1762085094.2999165,0.00,1109.11
1762085095.3014915,1.00,1109.11
1762085096.3029785,0.00,1109.11
1762085097.305437,0.00,1109.11
1762085098.3075817,0.00,1109.11
1762085099.3095076,0.00,1109.11
1762085100.311541,0.50,1109.11
1762085101.3135233,0.50,1109.11
1762085102.3150692,0.00,1109.11
1762085103.3168368,0.00,1109.11
1762085104.3184233,1.00,1109.11
1762085105.3199408,0.00,1109.11
1762085106.3215203,0.00,1109.11
1762085107.323626,0.00,1109.11
1762085108.325863,0.00,1109.11
1762085109.3280292,0.00,1109.11
1762085110.3297646,1.00,1109.07
1762085111.331381,0.00,1109.07
1762085112.3329167,0.50,1109.07
1762085113.3345194,0.50,1109.07
1762085114.3363287,0.00,1109.07
1762085115.3379076,0.00,1109.07
1762085116.3395584,0.50,1109.07
1762085117.3413274,0.00,1109.07
1762085118.343042,0.50,1109.07
1762085119.3453095,0.50,1109.07
1762085120.346907,0.00,1109.07
1762085121.3486106,0.00,1109.07
1762085122.3503878,0.00,1109.07
1762085123.3526428,0.50,1109.07
1762085124.3543317,0.00,1109.07
1762085125.3559902,0.00,1109.07
1762085126.3576438,0.50,1109.07
1762085127.3593462,0.00,1109.07
1762085128.3610122,0.50,1109.07
1762085129.362778,0.00,1109.07
1762085130.3645093,0.00,1109.07
1762085131.3662176,5.60,1109.55
1762085132.3680522,5.00,1109.55
1762085133.3697362,6.80,1109.55
1762085134.3712597,5.10,1109.55
1762085135.3730521,3.40,1109.55
1762085136.3754778,5.30,1109.55
1762085137.377109,5.10,1109.55
1762085138.3787913,4.00,1109.55
1762085139.380482,5.00,1109.55
1762085140.3822107,3.90,1109.55
1762085141.3838544,2.80,1109.55
1762085142.3850045,5.00,1109.51
1762085143.3868062,3.30,1109.51
1762085144.3888974,3.40,1109.51
1762085145.3901067,5.10,1109.51
1762085146.3916075,4.50,1109.51
1762085147.393135,5.00,1109.51
1762085148.3946948,4.50,1109.51
1762085149.3968637,3.90,1109.51
1762085150.3984427,4.40,1109.50
1762085151.3999326,5.10,1109.75
1762085152.401425,5.80,1109.75
1762085153.4028966,2.80,1109.75
1762085154.40449,3.90,1109.75
1762085155.4059737,2.80,1109.75
1762085156.4074967,4.50,1109.75
1762085157.4089243,4.50,1109.75
1762085158.410648,7.30,1109.75
1762085159.412392,5.80,1109.75
1762085160.4139144,3.40,1109.75
1762085161.4155438,1.00,1108.18
1762085162.4172652,0.00,1108.18
1762085163.4189086,1.00,1108.18
1762085164.4204826,0.50,1108.68
1762085165.4220796,0.50,1108.68
1762085166.4239194,0.50,1108.68
1762085167.4260302,0.50,1108.68
1762085168.4275687,0.00,1108.68
1762085169.429374,1.00,1108.68
1762085170.4310195,0.50,1108.68
1762085171.432548,0.00,1108.68
1762085172.4342394,1.00,1108.68
1762085173.436055,0.50,1108.68
1762085174.4378295,0.50,1108.68
1762085175.4395356,0.50,1108.68
1762085176.4410675,0.00,1108.68
1762085177.4428277,0.50,1108.68
1762085178.4446087,0.50,1108.68
1762085179.4461162,1.00,1108.68
1762085180.4477842,0.50,1108.68
1762085181.4493728,0.50,1108.68
1762085182.450968,0.00,1108.68
1762085183.4527822,0.50,1108.68
1762085184.4554384,1.00,1108.68
1762085185.456941,0.00,1108.68
1762085186.4576707,0.50,1108.68
1762085187.4594488,0.50,1108.68
1762085188.4615636,0.50,1108.68
1762085189.4633453,0.00,1108.67
1762085190.4648702,0.50,1108.67
1762085191.4665494,0.50,1108.67
1762085192.468331,0.00,1108.67
1762085193.4698904,0.00,1108.67
1762085194.4714186,0.50,1108.67
1762085195.4729543,0.50,1108.64
1762085196.4747856,0.50,1108.64
1762085197.476771,0.00,1108.64
1762085198.4783652,0.50,1108.64
1762085199.4799807,0.00,1108.64
1762085200.4821665,0.00,1108.64
1762085201.4838912,0.50,1108.64
1762085202.4855416,1.00,1108.64
1762085203.4873254,0.00,1108.64
1762085204.4888942,0.00,1108.64
1762085205.490527,1.00,1108.64
1762085206.492068,0.00,1108.63
1762085207.493627,0.50,1108.63
1762085208.495391,0.00,1108.63
1762085209.497274,0.00,1108.63
1762085210.4988403,0.00,1108.63
1762085211.5005126,0.50,1108.63
1762085212.502112,0.00,1108.63
1762085213.5043414,0.00,1108.63
1762085214.5061007,0.50,1108.63
1762085215.5078862,0.50,1108.63
1762085216.5098348,0.00,1108.63
1762085217.5117338,0.00,1108.63
1762085218.513371,0.00,1108.63
1762085219.515244,0.00,1108.59
1762085220.5173738,0.50,1108.59
1762085221.519082,0.00,1108.59
1762085222.5206797,0.50,1108.59
1762085223.522205,0.00,1108.59
1762085224.5238192,0.50,1108.59
1762085225.5257754,0.00,1108.59
1762085226.5276704,0.00,1108.59
1762085227.5295038,0.00,1108.59
1762085228.531544,1.00,1108.59
1762085229.5334725,0.00,1108.59
1762085230.5352407,0.50,1108.59
1762085231.5368984,0.50,1108.59
1762085232.5378838,0.00,1108.59
1762085233.5405447,0.00,1108.59
1762085234.5422177,0.50,1108.59
1762085235.5445473,0.50,1108.59
1762085236.5463676,0.00,1108.59
1762085237.5483348,0.00,1108.59
1762085238.550021,0.00,1108.59
1762085239.5519786,0.50,1108.59
1762085240.5536427,0.00,1108.59
1762085241.5552464,0.00,1108.59
1762085242.5568292,0.50,1108.59
1762085243.5585089,0.00,1108.59
1762085244.5600512,0.00,1108.59
1762085245.5616968,0.00,1108.59
1762085246.5632865,1.00,1108.59
1762085247.5650105,0.00,1108.59
1762085248.5665913,0.00,1108.59
1762085249.568419,0.00,1108.59
1762085250.5699353,0.00,1108.59
1762085251.5716352,0.50,1108.59
1762085252.5733202,0.00,1108.59
1762085253.574968,0.00,1108.59
1762085254.57653,0.00,1108.59
1762085255.5782692,0.50,1108.59
1762085256.579939,0.00,1108.59
1762085257.5814946,0.00,1108.59
1762085258.5833004,0.50,1108.59
1762085259.584897,0.00,1108.59
1762085260.5864685,0.00,1108.59
1762085261.588359,0.50,1108.59
1762085262.5899372,0.00,1108.59
1762085263.5915468,0.50,1108.59
1762085264.5931997,0.00,1108.59
1762085265.5947728,0.50,1108.59
1762085266.5965726,0.00,1108.54
1762085267.5983825,0.00,1108.54
1762085268.5999248,0.00,1108.54
1762085269.6015017,0.00,1108.54
1762085270.6030362,0.00,1108.54
1762085271.604783,1.00,1108.54
1762085272.6068683,0.00,1108.53
1762085273.6095035,0.00,1108.53
1762085274.6110415,0.50,1108.53
1762085275.6126666,0.50,1108.53
1762085276.6142569,0.00,1108.53
1762085277.6159518,0.00,1108.53
1762085278.6177824,0.00,1108.53
1762085279.6195009,0.50,1108.53
1762085280.6210759,0.00,1108.53
1762085281.6226933,0.00,1108.53
1762085282.6243224,0.00,1108.53
1762085283.6260946,0.50,1108.53
1762085284.628552,0.00,1108.52
1762085285.6302867,0.00,1108.52
1762085286.631995,0.00,1108.52
1762085287.6337457,0.50,1108.52
1762085288.635503,0.50,1108.52
1762085289.6372404,0.50,1108.52
1762085290.639392,0.50,1108.51
1762085291.641033,0.50,1108.51
1762085292.642676,0.00,1108.51
1762085293.6443417,0.00,1108.51
1762085294.6460893,0.00,1108.51
1762085295.6486337,0.00,1108.51
1762085296.6504,0.50,1108.50
1762085297.651957,0.50,1108.50
1762085298.6534832,0.00,1108.50
1762085299.6555407,0.00,1108.50
1762085300.6570873,0.00,1108.50
1762085301.6587079,0.50,1108.50
1762085302.6609719,0.00,1108.49
1762085303.6627035,0.00,1108.49
1762085304.6644113,0.50,1108.49
1762085305.6660223,0.00,1108.49
1762085306.6675522,0.50,1108.49
1762085307.6694863,0.00,1108.49
1762085308.6717799,0.50,1108.48
1762085309.673541,0.00,1108.48
1762085310.675419,0.50,1108.48
1762085311.6772695,0.00,1108.48
1762085312.6782422,0.50,1108.48
1762085313.6797364,0.00,1108.48
1762085314.6815224,0.00,1108.48
1762085315.6833708,0.00,1108.48
1762085316.6853278,0.50,1108.48
1762085317.6868117,0.00,1108.48
1762085318.6886065,0.50,1108.48
1762085319.6906416,0.00,1108.47
1762085320.6924295,0.00,1108.47
1762085321.6939545,0.00,1108.47
1762085322.695778,0.00,1108.47
1762085323.6975107,0.00,1108.47
1762085324.6990137,0.50,1108.47
1762085325.70089,0.00,1108.46
1762085326.7025447,0.50,1108.46
1762085327.7042673,0.00,1108.46
1762085328.705744,0.00,1108.46
1762085329.707323,0.00,1108.46
1762085330.7089398,0.50,1108.46
1762085331.7110062,0.00,1108.45
1762085332.7127714,0.50,1108.45
1762085333.714302,0.00,1108.45
1762085334.7157896,0.00,1108.45
1762085335.7174516,0.50,1108.44
1762085336.7183824,0.00,1108.44
1762085337.720249,0.50,1108.44
1762085338.721557,1.00,1108.43
1762085339.7230995,1.00,1108.43
1762085340.7248967,0.50,1108.43
1762085341.7264838,0.00,1108.43
1762085342.7279828,0.00,1108.43
1762085343.7294533,0.00,1108.43
1762085344.7322555,0.00,1108.42
1762085345.7338343,0.50,1108.42
1762085346.7354832,0.00,1108.42
1762085347.7371154,0.00,1108.42
1762085348.739072,0.00,1108.42
1762085349.7407064,0.00,1108.42
1762085350.742332,1.00,1108.41
1762085351.7438228,0.00,1108.41
1762085352.7457342,0.00,1108.41
1762085353.7475843,0.50,1108.41
1762085354.7493038,0.00,1108.41
1762085355.7510486,0.00,1108.41
1762085356.7526248,0.00,1108.40
1762085357.7545004,0.00,1108.40
1762085358.7563756,0.00,1108.40
1762085359.7579453,0.50,1108.40
1762085360.7595074,0.50,1108.40
1762085361.7610831,0.00,1108.40
1762085362.7631266,0.00,1108.39
1762085363.7649193,0.00,1108.39
1762085364.767021,0.50,1108.39
1762085365.768607,0.50,1108.39
1762085366.7703044,0.00,1108.39
1762085367.7725909,0.00,1108.39
1762085368.7742696,0.50,1108.39
1762085369.7759554,0.00,1108.39
1762085370.7777498,0.00,1108.39
1762085371.7795231,0.00,1108.39
1762085372.7815282,0.00,1108.39
1762085373.7830515,0.00,1108.39
1762085374.7848277,0.00,1108.39
1762085375.786411,0.50,1108.39
1762085376.7882469,0.00,1108.39
1762085377.7897952,0.00,1108.38
1762085378.7917235,0.50,1108.38
1762085379.7934515,0.00,1108.38
1762085380.7950015,0.00,1108.38
1762085381.7966378,0.00,1108.38
1762085382.798518,0.00,1108.38
1762085383.8002982,0.00,1108.37
1762085384.801947,0.00,1108.37
1762085385.8035543,1.00,1108.37
1762085386.8057973,0.00,1108.36
1762085387.807442,0.00,1108.36
1762085388.8090734,0.50,1108.36
1762085389.8107762,0.00,1108.36
1762085390.8121362,0.00,1108.36
1762085391.8137522,0.50,1108.36
1762085392.8155098,0.00,1108.36
1762085393.8172991,0.50,1108.36
1762085394.8194423,0.00,1108.36
1762085395.8212378,0.00,1108.36
1762085396.8228722,0.00,1108.36
1762085397.8248837,0.50,1108.36
1762085398.8265407,0.00,1108.36
1762085399.8280778,0.00,1108.36
1762085400.8298192,0.50,1108.36
1762085401.83146,0.00,1108.35
1762085402.8332295,1.00,1108.35
1762085403.8349776,0.50,1108.35
1762085404.8365939,0.00,1108.35
1762085405.8383696,0.00,1108.35
1762085406.8399706,0.00,1108.35
1762085407.8420262,0.50,1108.34
1762085408.8440933,0.00,1108.34
1762085409.8457646,0.00,1108.34
1762085410.8473563,0.50,1108.34
1762085411.8489416,0.50,1108.34
1762085412.850757,0.50,1108.33
1762085413.852581,0.00,1108.33
1762085414.8541155,0.00,1108.33
1762085415.8557756,0.50,1108.33
1762085416.8574128,0.00,1108.33
1762085417.859516,0.00,1108.33
1762085418.8612387,0.00,1108.33
1762085419.8629925,0.00,1108.32
1762085420.864723,0.00,1108.32
1762085421.8663487,0.50,1108.32
1762085422.8678818,0.00,1108.32
1762085423.8696523,0.00,1108.32
1762085424.8715093,0.50,1108.32
1762085425.8730657,0.50,1108.32
1762085426.8747892,0.50,1108.32
1762085427.8763795,0.50,1108.32
1762085428.8780196,0.00,1108.32
1762085429.8796382,0.00,1108.32
1762085430.8813963,0.50,1108.32
1762085431.8829572,0.00,1108.31
1762085432.8844616,0.00,1108.31
1762085433.8859959,0.00,1108.30
1762085434.8876636,0.00,1108.30
1762085435.8893995,0.00,1108.30
1762085436.89098,0.50,1108.30
1762085437.8928542,0.00,1108.30
1762085438.8945081,0.00,1108.30
1762085439.8962615,1.00,1108.30
1762085440.897944,0.00,1108.30
1762085441.8998497,0.00,1108.30
1762085442.901837,0.00,1108.30
1762085443.9034994,0.00,1108.29
1762085444.9051256,0.00,1108.29
1762085445.9076567,0.00,1108.29
1762085446.909419,0.00,1108.29
1762085447.9110737,0.00,1108.29
1762085448.912651,0.00,1108.29
1762085449.9145162,0.00,1108.29
1762085450.9163074,0.00,1108.29
1762085451.917871,1.00,1108.29
1762085452.9206088,0.00,1108.29
1762085453.9222677,0.00,1108.29
1762085454.9242682,0.50,1108.29
1762085455.9259014,0.50,1108.28
1762085456.927431,0.00,1108.28
1762085457.92904,0.00,1108.28
1762085458.9306755,0.00,1108.28
1762085459.9329243,0.50,1108.28
1762085460.9347682,0.50,1108.27
1762085461.9365153,0.00,1108.27
1762085462.9375896,0.00,1108.27
1762085463.9394634,0.00,1108.27
1762085464.9414172,0.00,1108.27
1762085465.9429982,0.00,1108.27
1762085466.9446156,0.50,1108.27
1762085467.9463596,0.50,1108.26
1762085468.9480534,0.00,1108.26
1762085469.9498072,0.00,1108.26
1762085470.9513018,0.50,1108.26
1762085471.9527965,0.00,1108.26
1762085472.9545825,0.50,1108.26
1762085473.956602,0.00,1108.25
1762085474.9584146,0.50,1108.25
1762085475.960354,0.00,1108.25
1762085476.9620245,0.00,1108.25
1762085477.9631095,0.00,1108.25
1762085478.9649487,0.50,1108.25
1762085479.9665685,0.50,1108.24
1762085480.9682589,0.00,1108.24
1762085481.9698403,0.00,1108.24
1762085482.9715114,0.00,1108.24
1762085483.9730577,0.00,1108.24
1762085484.974693,1.00,1108.24
1762085485.9764423,0.00,1108.23
1762085486.9783008,0.00,1108.23
1762085487.9798896,0.50,1108.23
1762085488.9815557,0.50,1108.23
1762085489.9832194,0.00,1108.23
1762085490.984793,0.00,1108.23
1762085491.9864829,0.50,1108.23
1762085492.9880893,0.00,1108.23
1762085493.989801,0.00,1108.23
1762085494.9914482,0.50,1108.23
1762085495.99305,0.00,1108.23
1762085496.994782,0.00,1108.23
1762085497.9969401,0.00,1108.23
1762085498.9984584,1.00,1108.23
1762085500.0004783,0.00,1108.23
1762085501.0024197,0.00,1108.22
1762085502.0041194,0.00,1108.22
1762085503.0057805,0.00,1108.22
1762085504.0074885,0.00,1108.46
1762085505.0093381,0.50,1108.46
1762085506.0110471,0.50,1108.46
1762085507.0116308,0.00,1108.46
1762085508.013483,0.00,1108.46
1762085509.015018,0.00,1108.46
1762085510.0167263,0.00,1108.46
1762085511.0182188,0.50,1108.46
1762085512.019796,0.50,1108.46
1762085513.0215008,0.00,1108.45
1762085514.024001,0.50,1108.45
1762085515.0255198,0.00,1108.45
1762085516.0271235,0.00,1108.45
1762085517.0288954,0.00,1108.45
1762085518.0306945,0.50,1108.44
1762085519.0323083,0.00,1108.44
1762085520.0340037,0.00,1108.44
1762085521.035528,0.00,1108.43
1762085522.037327,0.50,1108.43
1762085523.0388832,0.00,1108.43
1762085524.0406222,0.00,1108.43
1762085525.0425317,0.00,1108.43
1762085526.044128,0.00,1108.43
1762085527.045842,0.50,1108.43
1762085528.048231,0.00,1108.43
1762085529.049677,0.50,1108.43
1762085530.050648,0.50,1108.43
1762085531.0522997,0.00,1108.43
1762085532.0539172,0.00,1108.43
1762085533.055542,0.00,1108.42
1762085534.056813,0.50,1108.42
1762085535.0591373,0.00,1108.42
1762085536.0608845,0.00,1108.42
1762085537.0627208,0.00,1108.42
1762085538.063972,0.50,1108.42
1762085539.065707,0.50,1108.42
1762085540.0675335,0.00,1108.41
1762085541.0690463,0.00,1108.41
1762085542.0698137,0.00,1108.41
1762085543.0715313,0.50,1108.41
1762085544.0731356,0.50,1108.41
1762085545.0755317,0.00,1108.40
1762085546.07707,0.00,1108.40
1762085547.0788043,0.00,1108.40
1762085548.080086,0.50,1108.40
1762085549.0818295,0.00,1108.40
1762085550.083599,0.00,1108.40
1762085551.0852327,0.00,1108.39
1762085552.0868993,0.50,1108.39
1762085553.08855,0.50,1108.39
1762085554.0903623,0.00,1108.39
1762085555.0920186,0.00,1108.39
1762085556.093565,1.50,1108.39
1762085557.0951302,0.00,1108.39
1762085558.096848,0.00,1108.39
1762085559.0984812,0.00,1108.39
1762085560.1002467,0.00,1108.39
1762085561.1019092,0.50,1108.39
1762085562.103661,0.00,1108.39
1762085563.1055155,0.00,1108.39
1762085564.1072114,0.00,1108.38
1762085565.1093817,0.00,1108.38
1762085566.1111085,0.00,1108.38
1762085567.11304,0.50,1108.38
1762085568.1153705,0.00,1108.38
1762085569.1170986,0.00,1108.37
1762085570.1189227,1.00,1108.36
1762085571.1208034,0.00,1108.36
1762085572.1215842,0.00,1108.36
1762085573.1232796,0.50,1108.36
1762085574.1247935,0.00,1108.36
1762085575.1264012,0.50,1108.34
1762085576.1279943,0.50,1108.34
1762085577.1296866,0.00,1108.34
1762085578.1317225,0.00,1108.34
1762085579.133483,0.00,1108.34
1762085580.1350965,0.50,1108.34
1762085581.13673,0.00,1108.34
1762085582.1384888,0.00,1108.33
1762085583.1400313,0.50,1108.33
1762085584.1417036,0.00,1108.33
1762085585.143444,0.50,1108.33
1762085586.144991,0.00,1108.33
1762085587.1456327,0.00,1108.32
1762085588.1474187,0.00,1108.32
1762085589.1490297,1.00,1108.32
1762085590.1506562,0.50,1108.32
1762085591.1527383,0.00,1108.32
1762085592.1537094,0.00,1108.32
1762085593.1555226,0.50,1108.32
1762085594.157262,0.50,1108.32
1762085595.158776,0.00,1108.32
1762085596.1605527,0.00,1108.32
1762085597.1627343,0.00,1108.32
1762085598.1643643,0.00,1108.31
1762085599.1660976,0.50,1108.31
1762085600.1677783,0.50,1108.30
1762085601.169536,0.00,1108.30
1762085602.1713138,0.00,1108.30
1762085603.173282,0.00,1108.30
1762085604.1749454,0.00,1108.30
1762085605.1765492,0.00,1108.30
1762085606.1783137,0.00,1108.30
1762085607.1800978,0.50,1108.30
1762085608.1818337,0.50,1108.30
1762085609.1835248,0.00,1108.30
1762085610.185268,0.00,1108.29
1762085611.1869462,0.50,1108.29
1762085612.1891143,0.00,1108.29
1762085613.1909502,0.50,1108.29
1762085614.1925995,0.50,1108.29
1762085615.193697,0.00,1108.29
1762085616.1953967,0.00,1108.29
1762085617.1970098,0.00,1108.28
1762085618.198977,0.50,1108.28
1762085619.2005107,0.00,1108.28
1762085620.2019787,0.00,1108.28
1762085621.2035828,0.50,1108.28
1762085622.2054143,0.50,1108.28
1762085623.20739,0.00,1108.28
1762085624.2090847,0.00,1108.27
1762085625.2109923,0.50,1108.27
1762085626.2125015,0.00,1108.27
1762085627.2140388,0.50,1108.27
1762085628.215655,0.00,1108.27
1762085629.2172966,0.50,1108.27
1762085630.2192054,0.00,1108.27
1762085631.2209005,0.00,1108.27
1762085632.2225122,0.00,1108.27
1762085633.224309,0.00,1108.27
1762085634.225927,0.00,1108.27
1762085635.2275221,1.00,1108.25
1762085636.2292368,0.00,1108.25
1762085637.2308762,0.00,1108.25
1762085638.2329376,0.00,1108.25
1762085639.2347648,0.00,1108.25
1762085640.236528,0.50,1108.25
1762085641.238326,0.50,1108.23
1762085642.2399764,0.00,1108.23
1762085643.241848,0.50,1108.23
1762085644.2434328,0.50,1108.23
1762085645.2450833,0.00,1108.23
1762085646.2469714,0.00,1108.23
1762085647.2488525,0.50,1108.23
1762085648.2505114,0.00,1108.23
1762085649.2520976,0.50,1108.23
1762085650.2538345,0.50,1108.23
1762085651.2556188,0.00,1108.23
1762085652.2572682,0.00,1108.23
1762085653.259352,0.00,1108.23
1762085654.2609124,1.00,1108.23
1762085655.2625062,0.00,1108.23
1762085656.2640984,0.00,1108.23
1762085657.265784,0.00,1108.23
1762085658.2673893,0.00,1108.22
1762085659.2692952,0.50,1108.22
1762085660.271209,0.00,1108.22
1762085661.2730832,0.00,1108.22
1762085662.2748246,0.50,1108.22
1762085663.2764993,0.50,1108.22
1762085664.2782848,0.00,1108.22
1762085665.2798457,0.00,1108.21
1762085666.2816083,0.00,1108.21
1762085667.2831213,0.00,1108.21
1762085668.2848485,0.00,1108.21
1762085669.2866359,1.00,1108.21
1762085670.2883668,0.00,1108.20
1762085671.2900054,0.00,1108.45
1762085672.2934904,0.00,1108.45
1762085673.2953646,0.50,1108.45
1762085674.2970111,0.00,1108.45
1762085675.298575,0.50,1108.45
1762085676.3002083,0.00,1108.45
1762085677.3020165,0.50,1108.44
1762085678.3036842,0.00,1108.44
1762085679.3053122,0.00,1108.44
1762085680.3069978,0.00,1108.44
1762085681.3087013,0.50,1108.44
1762085682.3104153,0.00,1108.43
1762085683.3120244,0.50,1108.43
1762085684.3135753,0.00,1108.43
1762085685.3152292,0.00,1108.43
1762085686.316836,0.00,1108.43
1762085687.3184276,0.00,1108.43
1762085688.3201132,0.00,1108.43
1762085689.321831,0.50,1108.43
1762085690.3233886,0.00,1108.43
1762085691.325029,0.00,1108.43
1762085692.3267958,0.50,1108.43
1762085693.328451,0.00,1108.43
1762085694.330091,0.00,1108.43
1762085695.3319147,0.50,1108.42
1762085696.3334377,0.50,1108.42
1762085697.3352978,0.00,1108.42
1762085698.337025,0.00,1108.42
1762085699.3386168,0.00,1108.42
1762085700.3404179,0.50,1108.41
1762085701.3422658,0.50,1108.41
1762085702.343763,0.00,1108.41
1762085703.3455594,0.00,1108.41
1762085704.3474667,0.50,1108.41
1762085705.34908,0.00,1108.41
1762085706.3508127,0.00,1108.41
1762085707.3525171,0.00,1108.41
1762085708.3540835,0.50,1108.41
1762085709.3557312,0.00,1108.41
1762085710.3574915,0.50,1108.41
1762085711.3593605,0.50,1108.39
1762085712.361011,0.00,1108.39
1762085713.3626223,0.50,1108.39
1762085714.3644602,0.00,1108.39
1762085715.366262,0.00,1108.39
1762085716.3678827,0.00,1108.39
1762085717.3694403,0.00,1108.39
1762085718.371083,0.50,1108.39
1762085719.3727555,0.00,1108.39
1762085720.3743265,0.00,1108.39
1762085721.3758116,0.00,1108.39
1762085722.3777623,0.50,1108.39
1762085723.3794544,0.00,1108.38
1762085724.381095,0.50,1108.38
1762085725.3829455,0.00,1108.38
1762085726.384493,0.50,1108.38
1762085727.3860385,0.00,1108.38
1762085728.3876445,0.50,1108.38
1762085729.389458,0.00,1108.38
1762085730.3910627,0.00,1108.37
1762085731.392776,0.50,1108.37
1762085732.3944914,0.00,1108.37
1762085733.3963075,0.00,1108.37
1762085734.397775,0.00,1108.37
1762085735.3996565,0.50,1108.35
1762085736.4014862,0.00,1108.35
1762085737.403092,0.00,1108.35
1762085738.4047718,0.00,1108.35
1762085739.4063778,0.00,1108.35
1762085740.4080114,0.00,1108.35
1762085741.409819,0.00,1108.35
1762085742.4115236,0.50,1108.35
1762085743.4132385,0.50,1108.35
1762085744.4149556,0.00,1108.35
1762085745.4167295,0.00,1108.35
1762085746.4195335,0.50,1108.34
1762085747.4215083,0.00,1108.34
1762085748.4233582,0.00,1108.34
1762085749.4256597,0.00,1108.34
1762085750.427669,0.00,1108.34
1762085751.429266,0.50,1108.34
1762085752.4309416,0.00,1108.34
1762085753.432533,0.50,1108.34
1762085754.4342148,0.00,1108.34
1762085755.435968,0.50,1108.34
1762085756.4377985,0.00,1108.34
1762085757.4395742,0.00,1108.33
1762085758.441327,0.00,1108.33
1762085759.4429848,1.00,1108.33
1762085760.4445105,0.00,1108.33
1762085761.4463553,0.00,1108.33
1762085762.448087,0.00,1108.33
1762085763.4500134,0.00,1108.32
1762085764.4519565,0.50,1108.32
1762085765.4535632,0.00,1108.32
1762085766.4552786,0.50,1108.32
1762085767.457047,0.00,1108.32
1762085768.4590757,0.00,1108.32
1762085769.460618,0.00,1108.32
1762085770.4634762,1.00,1108.31
1762085771.4650736,0.00,1108.31
1762085772.4668882,0.00,1108.31
1762085773.4685106,0.00,1108.31
1762085774.4703672,0.00,1108.31
1762085775.4722285,0.00,1108.31
1762085776.4737055,0.50,1108.31
1762085777.4753518,0.00,1108.31
1762085778.476936,0.50,1108.31
1762085779.4785626,0.00,1108.31
1762085780.4804578,0.00,1108.31
1762085781.482281,0.00,1108.30
1762085782.4840457,0.50,1108.30
1762085783.4859104,0.50,1108.30
1762085784.4877245,0.00,1108.30
1762085785.4895308,0.00,1108.30
1762085786.491249,0.50,1108.29
1762085787.4929116,0.00,1108.29
1762085788.4947174,0.00,1108.29
1762085789.4964778,0.50,1108.29
1762085790.4982114,0.00,1108.29
1762085791.4997423,0.00,1108.29
1762085792.5015433,0.50,1108.29
1762085793.5031273,0.00,1108.28
1762085794.5046763,0.00,1108.28
1762085795.5064452,1.00,1108.28
1762085796.5082774,0.00,1108.28
1762085797.5098166,0.00,1108.28
1762085798.5115895,0.00,1108.27
1762085799.5133033,0.00,1108.27
1762085800.5148153,0.50,1108.27
1762085801.516578,0.50,1108.27
1762085802.5182855,0.00,1108.27
1762085803.5202143,0.00,1108.27
1762085804.5219145,0.50,1108.27
1762085805.5236127,0.00,1108.27
1762085806.5253036,0.00,1108.27
1762085807.5270786,0.00,1108.27
1762085808.5289447,0.00,1108.27
1762085809.5307,0.50,1108.27
1762085810.5324523,0.00,1108.26
1762085811.5343573,0.00,1108.26
1762085812.5360832,0.00,1108.26
1762085813.537683,0.00,1108.26
1762085814.5394058,1.00,1108.26
1762085815.5412452,0.00,1108.26
1762085816.5427926,0.00,1108.25
1762085817.5446506,0.50,1108.25
1762085818.5461066,0.00,1108.25
1762085819.547698,0.00,1108.25
1762085820.5497208,0.50,1108.25
1762085821.5514345,3.50,1107.42
1762085822.553042,0.00,1107.57
1762085823.5547729,0.00,1107.81
1762085824.5564837,0.50,1107.81
1762085825.5580297,0.00,1107.81
1762085826.5597382,0.00,1107.81
1762085827.5618992,0.50,1107.80
1762085828.5634654,0.00,1107.80
1762085829.5651329,0.50,1107.80
1762085830.5667305,0.50,1107.80
1762085831.568596,0.50,1107.80
1762085832.5712674,0.00,1107.80
1762085833.5731175,0.50,1107.80
1762085834.5753038,0.00,1107.80
1762085835.577455,0.00,1107.80
1762085836.5789762,0.00,1107.80
1762085837.580316,0.00,1107.80
1762085838.5820508,0.00,1107.80
1762085839.5839283,0.00,1107.80
1762085840.5857866,0.50,1107.80
1762085841.5875247,0.50,1107.79
1762085842.5890827,0.00,1107.79
1762085843.5908127,0.00,1107.79
1762085844.5926807,0.00,1107.79
1762085845.5937648,0.00,1107.79
1762085846.5954964,0.00,1107.78
1762085847.5975418,0.50,1107.78
1762085848.599094,0.00,1107.78
1762085849.6006937,0.00,1107.78
1762085850.6022756,0.00,1107.78
1762085851.6038907,0.00,1107.78
1762085852.6054485,0.50,1107.77
1762085853.6069896,0.00,1107.77
1762085854.6087258,0.00,1107.77
1762085855.6103113,0.50,1107.77
1762085856.611881,0.00,1107.77
1762085857.6135588,0.00,1107.77
1762085858.6153526,0.00,1107.76
1762085859.617099,0.50,1107.76
1762085860.618684,0.00,1107.76
1762085861.6197305,0.00,1107.76
1762085862.621367,0.00,1107.76
1762085863.6228378,1.00,1107.76
1762085864.6244261,0.00,1107.75
1762085865.6262596,0.00,1107.75
1762085866.6278331,0.00,1107.75
1762085867.6295002,0.00,1107.75
1762085868.6310387,0.00,1107.75
1762085869.6327384,1.00,1107.75
1762085870.6343591,0.00,1107.74
1762085871.6360636,0.00,1107.74
1762085872.6376674,0.00,1107.74
1762085873.6392522,0.00,1107.74
1762085874.6407492,1.00,1107.74
1762085875.64256,0.00,1107.74
1762085876.6441348,0.00,1107.74
1762085877.6458163,0.00,1107.74
1762085878.6475186,0.50,1107.74
1762085879.6492121,0.00,1107.74
1762085880.6511369,0.00,1107.73
1762085881.6533494,0.50,1107.73
1762085882.655084,0.50,1107.73
1762085883.65665,0.00,1107.73
1762085884.658246,0.00,1107.73
1762085885.660113,0.00,1107.73
1762085886.661915,0.00,1107.72
1762085887.6635258,0.50,1107.72
1762085888.665102,0.50,1107.72
1762085889.6673536,0.00,1107.72
1762085890.6696062,1.00,1107.72
1762085891.6716607,0.00,1107.72
1762085892.6735578,0.00,1107.71
1762085893.6753693,0.00,1107.71
1762085894.67725,0.50,1107.71
1762085895.6791086,0.00,1107.71
1762085896.6808093,0.00,1107.71
1762085897.6824892,0.00,1107.71
1762085898.6844106,0.00,1107.71
1762085899.6872358,1.00,1107.71
1762085900.6903892,0.50,1107.71
1762085901.691755,0.50,1107.71
1762085902.693666,0.00,1107.71
1762085903.6953475,0.00,1107.71
1762085904.6978204,0.00,1107.70
1762085905.700497,1.00,1107.70
1762085906.702123,0.00,1107.70
1762085907.7040284,0.00,1107.70
1762085908.7056267,0.00,1107.70
1762085909.7071037,0.00,1107.70
1762085910.7088523,0.00,1107.70
1762085911.7103987,1.00,1107.69
1762085912.7115479,0.00,1107.69
1762085913.7132175,0.00,1107.69
1762085914.7149026,0.00,1107.69
1762085915.716511,0.50,1107.69
1762085916.7180665,0.00,1107.68
1762085917.719651,0.50,1107.68
1762085918.721263,0.00,1107.68
1762085919.7229068,0.00,1107.68
1762085920.7245576,0.00,1107.68
1762085921.7261217,0.50,1107.68
1762085922.7277133,0.00,1107.68
1762085923.729295,0.00,1107.68
1762085924.7309787,1.00,1107.68
1762085925.7325552,0.00,1107.68
1762085926.7346056,0.00,1107.68
1762085927.7364857,0.00,1107.68
1762085928.7381332,0.50,1107.67
1762085929.739982,0.00,1107.67
1762085930.741696,0.00,1107.67
1762085931.7433689,0.00,1107.67
1762085932.7449436,0.50,1107.67
1762085933.7466452,0.00,1107.67
1762085934.7485423,0.50,1107.67
1762085935.7505894,0.00,1107.66
1762085936.7524884,0.50,1107.66
1762085937.7538662,0.00,1107.66
1762085938.7555387,0.00,1107.66
1762085939.7573094,0.00,1107.66
1762085940.759057,0.50,1107.64
1762085941.760811,0.50,1107.64
1762085942.762627,0.50,1107.64
1762085943.7642221,0.00,1107.64
1762085944.7659993,0.00,1107.64
1762085945.7675657,0.00,1107.64
1762085946.769224,0.00,1107.63
1762085947.7708726,0.00,1107.63
1762085948.772619,0.50,1107.63
1762085949.77413,0.50,1107.63
1762085950.7755938,0.50,1107.63
1762085951.7770343,0.00,1107.63
1762085952.7782776,0.50,1107.63
1762085953.7800682,0.00,1107.62
1762085954.7816098,0.00,1107.62
1762085955.7832534,0.00,1107.62
1762085956.7848554,0.50,1107.62
1762085957.7856,0.00,1107.62
1762085958.7874172,0.50,1107.62
1762085959.7892303,0.00,1107.61
1762085960.7908165,0.00,1107.61
1762085961.7927625,0.50,1107.61
1762085962.7943678,0.00,1107.61
1762085963.7959986,0.00,1107.61
1762085964.797655,0.00,1107.61
1762085965.7994304,0.50,1107.61
1762085966.8009906,0.50,1107.61
1762085967.8025384,0.00,1107.61
1762085968.8042176,0.00,1107.61
1762085969.8057015,0.00,1107.61
1762085970.8073273,0.00,1107.60
1762085971.8096592,0.00,1107.60
1762085972.8112948,1.00,1107.60
1762085973.812826,0.00,1107.60
1762085974.8145602,0.00,1107.60
1762085975.81608,0.00,1107.60
1762085976.8176954,0.00,1107.60
1762085977.8193345,0.00,1107.59
1762085978.8214111,0.00,1107.59
1762085979.8230371,0.00,1107.59
1762085980.8247132,0.00,1107.59
1762085981.8263373,0.00,1107.59
1762085982.8283536,0.50,1107.59
1762085983.8302996,0.00,1107.58
1762085984.8320186,0.00,1107.58
1762085985.833754,0.00,1107.58
1762085986.835501,0.00,1107.58
1762085987.8372793,0.00,1107.58
1762085988.8387976,0.00,1107.57
1762085989.8404696,0.50,1107.57
1762085990.84229,0.50,1107.57
1762085991.844078,0.50,1107.57
1762085992.8458648,0.00,1107.57
1762085993.847456,0.00,1107.57
1762085994.8490279,1.00,1107.57
1762085995.8509955,0.00,1107.81
1762085996.8528142,0.00,1107.81
1762085997.8544674,0.00,1107.81
1762085998.8562016,0.00,1107.81
1762085999.8580463,0.00,1107.81
1762086000.8596308,0.50,1107.81
1762086001.861358,0.00,1107.80
1762086002.8630974,0.00,1107.80
1762086003.864956,0.00,1107.80
1762086004.8664975,0.50,1107.80
1762086005.8680701,0.00,1107.80
1762086006.8697224,0.00,1107.80
1762086007.8714483,0.00,1107.79
1762086008.8730087,0.00,1107.79
1762086009.8747065,1.00,1107.79
1762086010.876483,0.50,1107.79
1762086011.8781326,0.00,1107.79
1762086012.8799086,0.00,1107.79
1762086013.8817065,0.50,1107.79
1762086014.8833969,0.00,1107.79
1762086015.8849308,0.00,1107.79
1762086016.8866851,0.00,1107.79
1762086017.888307,0.50,1107.79
1762086018.889898,0.50,1107.79
1762086019.8916314,0.00,1107.78
1762086020.893181,0.00,1107.78
1762086021.895087,0.50,1107.78
1762086022.8970203,0.00,1107.78
1762086023.8989577,0.00,1107.78
1762086024.9005628,0.00,1107.78
1762086025.9023128,0.50,1107.77
1762086026.9038098,0.00,1107.77
1762086027.9054594,0.00,1107.77
1762086028.9070735,0.00,1107.77
1762086029.9088874,0.50,1107.77
1762086030.9105392,0.00,1107.76
1762086031.912114,0.00,1107.76
1762086032.913845,0.00,1107.76
1762086033.91554,0.00,1107.76
1762086034.9173152,0.50,1107.76
1762086035.9194388,0.00,1107.76
1762086036.9213014,0.00,1107.75
1762086037.9230244,0.00,1107.75
1762086038.9247313,0.00,1107.75
1762086039.92651,0.50,1107.75
1762086040.928016,0.00,1107.75
1762086041.9295926,0.00,1107.75
1762086042.9312997,0.00,1107.75
1762086043.9338331,0.00,1107.75
1762086044.9356,0.50,1107.75
1762086045.9376135,0.50,1107.75
1762086046.9394422,0.00,1107.75
1762086047.9410305,0.00,1107.75
1762086048.9427373,0.00,1107.75
1762086049.9444146,0.50,1107.74
1762086050.945976,0.00,1107.74
1762086051.947813,0.00,1107.74
1762086052.9497554,0.00,1107.74
1762086053.951489,0.50,1107.74
1762086054.9535055,0.00,1107.73
1762086055.9545808,0.50,1107.73
1762086056.956218,0.00,1107.73
1762086057.9579659,0.00,1107.73
1762086058.959636,0.00,1107.73
1762086059.9613512,1.00,1107.73
1762086060.9630044,0.00,1107.73
1762086061.9646103,0.00,1107.72
1762086062.9662642,0.50,1107.72
1762086063.967843,0.00,1107.72
1762086064.9696052,0.00,1107.72
1762086065.9712937,0.00,1107.72
1762086066.972898,0.00,1107.72
1762086067.9746342,1.00,1107.71
1762086068.9763901,0.00,1107.71
1762086069.9776669,0.50,1107.71
1762086070.979427,0.50,1107.71
1762086071.9815118,0.00,1107.71
1762086072.9833126,0.00,1107.71
1762086073.985409,0.50,1107.71
1762086074.9869885,0.00,1107.71
1762086075.988613,0.50,1107.71
1762086076.990373,0.00,1107.71
1762086077.9921346,0.00,1107.71
1762086078.9938471,0.00,1107.71
1762086079.9955056,0.50,1107.70
1762086080.9973948,0.50,1107.70
1762086081.9992774,0.00,1107.70
1762086083.0008698,0.00,1107.70
1762086084.0025978,0.00,1107.70
1762086085.0043032,0.50,1107.70
1762086086.005822,0.00,1107.69
1762086087.0074546,0.50,1107.69
1762086088.0090199,0.00,1107.69
1762086089.0107117,0.00,1107.69
1762086090.012387,0.50,1107.69
1762086091.0138636,0.00,1107.69
1762086092.0171971,0.00,1107.69
1762086093.0187924,0.50,1107.68
1762086094.0205178,0.00,1107.68
1762086095.0220692,0.50,1107.68
1762086096.023815,0.00,1107.68
1762086097.025329,0.00,1107.68
1762086098.0268984,0.00,1107.68
1762086099.0290265,0.50,1107.68
1762086100.0307975,0.00,1107.68
1762086101.0324786,0.00,1107.68
1762086102.034047,0.50,1107.68
1762086103.0358503,0.00,1107.67
1762086104.0375106,0.50,1107.67
1762086105.0395374,0.00,1107.67
1762086106.0413072,0.00,1107.67
1762086107.043112,0.00,1107.67
1762086108.044913,0.50,1107.67
1762086109.0466416,0.50,1107.66
1762086110.0483303,0.00,1107.66
1762086111.049872,0.00,1107.66
1762086112.0515666,0.00,1107.66
1762086113.053337,0.50,1107.66
1762086114.0550668,0.00,1107.66
1762086115.0569792,0.50,1107.65
1762086116.0587263,0.00,1107.65
1762086117.0605142,0.00,1107.65
1762086118.0623877,0.50,1107.65
1762086119.064461,0.00,1107.65
1762086120.0660827,0.50,1107.65
1762086121.067756,0.50,1107.64
1762086122.0694582,0.00,1107.64
1762086123.0712543,0.00,1107.64
1762086124.072925,0.50,1107.64
1762086125.0745275,0.50,1107.64
1762086126.0762289,0.00,1107.64
1762086127.077857,0.00,1107.63
1762086128.0794191,1.00,1107.63
1762086129.0804296,0.00,1107.63
1762086130.0820463,0.50,1107.63
1762086131.0838282,0.00,1107.63
1762086132.0854657,0.50,1107.63
1762086133.0869362,0.00,1107.62
1762086134.0885787,0.50,1107.62
1762086135.090514,0.00,1107.62
1762086136.0922527,0.00,1107.62
1762086137.093846,0.00,1107.62
1762086138.0958292,0.50,1107.62
1762086139.0977175,0.00,1107.62
1762086140.0994203,0.50,1107.62
1762086141.1010818,0.00,1107.62
1762086142.102797,0.50,1107.62
1762086143.1043851,0.00,1107.62
1762086144.1059496,0.00,1107.62
1762086145.1075728,0.00,1107.61
1762086146.109722,0.50,1107.61
1762086147.1112983,0.00,1107.61
1762086148.1129317,0.00,1107.61
1762086149.1145813,0.00,1107.61
1762086150.1163192,0.00,1107.61
1762086151.118134,0.50,1107.60
1762086152.1197996,0.00,1107.60
1762086153.1213906,0.50,1107.60
1762086154.122906,0.00,1107.60
1762086155.1246765,0.00,1107.60
1762086156.126304,0.50,1107.60
1762086157.1278074,0.00,1107.59
1762086158.12952,0.50,1107.59
1762086159.1310768,0.00,1107.59
1762086160.132743,0.50,1107.59
1762086161.1345234,0.00,1107.59
1762086162.1364515,0.50,1107.59
1762086163.1383111,0.00,1107.59
1762086164.1399913,0.00,1107.59
1762086165.1417549,0.00,1107.59
1762086166.1433759,0.00,1107.59
1762086167.1449318,0.50,1107.59
1762086168.1465375,0.00,1107.59
1762086169.1484578,0.50,1107.58
1762086170.150131,0.00,1107.58
1762086171.1518123,0.50,1107.58
1762086172.1536355,0.00,1107.58
1762086173.1556058,0.00,1107.58
1762086174.1573489,0.00,1107.58
1762086175.1589324,0.50,1107.57
1762086176.1608865,0.00,1107.57
1762086177.1625144,0.00,1107.57
1762086178.1641319,0.00,1107.57
1762086179.1659088,0.00,1107.57
1762086180.1675036,1.00,1107.57
1762086181.1692538,0.00,1107.56
1762086182.1709962,0.00,1107.56
1762086183.1725283,0.50,1107.56
1762086184.1739848,0.00,1107.56
1762086185.1757896,0.50,1107.56
1762086186.177313,0.00,1107.56
1762086187.178457,0.00,1107.55
1762086188.1803417,0.50,1107.80
1762086189.1821074,0.00,1107.80
1762086190.18321,1.00,1107.80
1762086191.184817,0.00,1107.80
1762086192.1864195,0.00,1107.80
1762086193.188108,0.50,1107.79
1762086194.1898563,0.50,1107.79
1762086195.1914446,2.50,1107.99
1762086196.1930175,1.50,1108.23
1762086197.194771,0.00,1108.23
1762086198.1965504,0.50,1108.23
1762086199.1983001,0.00,1108.23
1762086200.1999304,0.00,1108.23
1762086201.2015388,0.50,1108.23
1762086202.203022,18.10,1108.45
