timestamp,cpu_percent,mem_used_mb
1762008348.6644409,57.10,1466.64
1762008349.6660714,6.10,1466.63
1762008350.6678498,1.50,1466.63
1762008351.6695023,1.50,1466.88
1762008352.671475,1.00,1466.88
1762008353.6724582,38.60,1455.28
1762008354.673762,74.60,1448.30
1762008355.6755466,68.20,1447.84
1762008356.6771884,61.40,1447.90
1762008357.6789563,65.80,1447.65
1762008358.680653,66.20,1447.82
1762008359.6820984,71.20,1447.88
1762008360.683487,81.40,1447.82
1762008361.684367,70.80,1447.72
1762008362.6855934,65.60,1447.79
1762008363.6874313,80.10,1447.85
1762008364.6889331,77.60,1447.92
1762008365.6910515,76.60,1447.60
1762008366.6924925,80.60,1447.55
1762008367.6944714,79.80,1447.64
1762008368.695604,80.70,1447.75
1762008369.6973453,80.70,1447.50
1762008370.6982834,73.30,1447.52
1762008371.699741,62.00,1447.50
1762008372.700586,58.90,1447.61
1762008373.7024586,64.60,1447.66
1762008374.7038367,79.80,1445.54
1762008375.7047749,79.10,1445.43
1762008376.7057536,79.30,1445.59
1762008377.7088716,80.00,1445.56
1762008378.710572,80.30,1446.10
1762008379.7124205,84.00,1446.05
1762008380.7137306,73.00,1446.27
1762008381.7149775,65.30,1446.05
1762008382.7165442,79.50,1446.25
1762008383.718759,32.60,1440.69
1762008384.7205648,2.00,1440.66
1762008385.7222764,3.50,1441.33
1762008386.7239187,21.70,1443.50
1762008387.725858,6.50,1443.47
1762008388.727382,18.70,1442.38
1762008389.7285385,18.90,1442.36
1762008390.7302163,11.20,1442.34
1762008391.7319095,0.50,1442.26
1762008392.7339652,0.50,1442.23
1762008393.7357347,1.00,1442.23
1762008394.737492,1.00,1442.23
1762008395.739224,0.00,1442.23
1762008396.7408824,0.50,1442.23
1762008397.742553,1.00,1442.23
1762008398.7443445,2.00,1442.23
1762008399.7459714,0.50,1442.23
1762008400.7476616,3.00,1442.20
1762008401.7493677,1.50,1442.18
1762008402.7511535,0.00,1442.16
1762008403.7532377,0.50,1442.16
1762008404.7548528,1.50,1442.16
1762008405.756626,1.50,1442.15
1762008406.7583685,1.00,1442.14
1762008407.7601209,1.50,1442.13
1762008408.7618632,1.00,1442.12
1762008409.7636547,0.50,1442.12
1762008410.7655127,0.50,1442.12
1762008411.7672665,0.00,1442.12
1762008412.7688155,1.00,1442.12
1762008413.7695098,1.50,1442.12
1762008414.7712274,4.50,1442.04
1762008415.7731576,1.00,1442.04
1762008416.7744493,0.50,1442.04
1762008417.7754858,0.50,1442.04
1762008418.7765503,0.50,1442.04
1762008419.777834,0.50,1442.04
1762008420.7788126,0.50,1442.04
1762008421.7799609,0.50,1442.04
1762008422.7811515,0.50,1442.04
1762008423.7822516,0.00,1442.04
1762008424.7834551,1.00,1442.04
1762008425.7844958,0.50,1441.86
1762008426.7857478,0.50,1441.82
1762008427.7869616,0.50,1441.82
1762008428.788295,0.50,1441.82
1762008429.7894413,1.00,1441.82
1762008430.7906952,5.50,1441.82
1762008431.7918854,0.50,1441.82
1762008432.7929666,0.50,1441.82
1762008433.7942724,0.50,1441.81
1762008434.7955537,1.00,1441.81
1762008435.796857,0.50,1441.81
1762008436.798065,0.50,1441.81
1762008437.7991846,0.00,1441.80
1762008438.8002543,0.50,1441.80
1762008439.8013906,0.00,1441.80
1762008440.8023996,0.50,1441.80
1762008441.8035896,0.00,1441.80
1762008442.804933,0.50,1441.80
1762008443.806251,0.50,1441.80
1762008444.8073726,1.50,1441.80
1762008445.8087614,0.00,1441.80
1762008446.8099952,0.50,1441.80
1762008447.811175,0.50,1441.80
1762008448.8126667,0.50,1441.80
1762008449.8143206,0.50,1441.79
1762008450.815789,0.00,1441.79
1762008451.81739,0.50,1441.79
1762008452.8188746,0.00,1441.79
1762008453.820375,0.00,1441.79
1762008454.8219447,1.00,1441.79
1762008455.8236656,0.00,1441.79
1762008456.8253336,1.00,1441.79
1762008457.8268723,0.00,1441.79
1762008458.8286428,1.00,1441.79
1762008459.8305273,0.50,1441.79
1762008460.8321962,0.00,1441.79
1762008461.8340032,0.00,1441.78
1762008462.835671,4.00,1442.02
1762008463.8372593,0.00,1442.02
1762008464.8387756,1.00,1442.00
1762008465.84041,1.00,1442.00
1762008466.842604,50.50,1441.97
1762008467.8443596,37.90,1442.21
1762008468.8460016,1.50,1435.90
1762008469.8477747,0.00,1435.88
1762008470.849434,0.50,1435.88
1762008471.8511732,0.50,1435.88
1762008472.8529515,0.50,1435.87
1762008473.8549128,1.50,1436.09
1762008474.8567412,0.50,1436.09
1762008475.8584235,0.50,1436.09
1762008476.8602087,0.00,1436.09
1762008477.8617954,1.00,1436.09
1762008478.8634555,0.50,1436.08
1762008479.8654716,0.50,1436.08
1762008480.8673081,0.00,1436.08
1762008481.8689249,1.00,1436.07
1762008482.8706965,0.00,1436.07
1762008483.8725274,0.50,1436.07
1762008484.8742557,0.00,1436.06
1762008485.8761077,0.00,1436.06
1762008486.8777173,1.00,1436.06
1762008487.879425,34.00,1434.54
1762008488.8816245,81.30,1434.56
1762008489.8827124,80.70,1434.61
1762008490.8836124,79.00,1434.82
1762008491.8846154,67.30,1434.54
1762008492.886376,69.20,1434.39
1762008493.8882911,69.70,1434.36
1762008494.890179,66.00,1434.66
1762008495.8916025,84.20,1434.45
1762008496.8931322,80.10,1434.55
1762008497.8948066,64.60,1434.61
1762008498.8958106,69.60,1434.43
1762008499.8976986,67.30,1434.55
1762008500.8991635,69.90,1434.53
1762008501.900686,79.90,1434.50
1762008502.9016747,80.30,1434.53
1762008503.903723,81.60,1434.52
1762008504.9048603,81.80,1434.36
1762008505.9068253,79.20,1434.34
1762008506.9084697,80.70,1434.37
1762008507.9099343,79.60,1434.80
1762008508.9118779,82.30,1434.89
1762008509.9141247,80.00,1434.59
1762008510.9155087,74.20,1434.78
1762008511.9178543,81.20,1434.46
1762008512.9200532,83.60,1434.73
1762008513.9219136,83.60,1434.69
1762008514.92357,81.10,1434.46
1762008515.9253862,81.10,1434.53
1762008516.927784,82.40,1434.59
1762008517.9298546,42.40,1433.24
1762008518.9317446,0.50,1433.24
1762008519.9334702,0.00,1433.24
1762008520.9355206,1.50,1433.70
1762008521.938635,0.50,1433.69
1762008522.9403856,0.00,1433.69
1762008523.941915,0.50,1433.69
1762008524.943724,1.00,1433.68
1762008525.9457936,0.00,1433.68
1762008526.9467564,0.50,1433.68
1762008527.9483943,2.50,1433.68
1762008528.949973,0.50,1433.68
1762008529.9515953,0.00,1433.68
1762008530.9533012,0.50,1433.68
1762008531.95511,0.50,1433.68
1762008532.9559815,0.50,1433.68
1762008533.9575894,0.00,1433.68
1762008534.9582174,0.50,1433.68
1762008535.9597538,0.00,1433.68
1762008536.9613316,0.50,1433.68
1762008537.9629555,0.50,1433.67
1762008538.9646978,0.00,1433.67
1762008539.9665008,0.50,1433.67
1762008540.9682944,0.50,1433.67
1762008541.9699779,0.00,1433.67
1762008542.9716315,0.00,1433.67
1762008543.973389,0.50,1433.66
1762008544.9751565,0.50,1433.66
1762008545.976768,0.50,1433.66
1762008546.9784298,0.00,1433.61
1762008547.9793208,0.50,1433.61
1762008548.9809453,0.00,1433.61
1762008549.9825401,1.00,1433.61
1762008550.9840853,0.50,1433.84
1762008551.9849672,0.00,1433.84
1762008552.9868283,0.50,1433.84
1762008553.9885147,0.50,1433.84
1762008554.990193,1.00,1433.84
1762008555.991846,4.50,1433.83
1762008556.9936202,1.00,1433.83
1762008557.9953508,0.00,1433.83
1762008558.996973,0.50,1433.83
1762008559.9993222,0.50,1433.83
1762008561.0009894,0.50,1433.83
1762008562.002629,0.50,1433.83
1762008563.0044208,0.00,1433.83
1762008564.006196,1.50,1433.82
1762008565.007932,2.00,1433.82
1762008566.0096517,0.50,1433.82
1762008567.011545,0.50,1433.82
1762008568.0133803,0.50,1433.82
1762008569.0151107,0.50,1433.79
1762008570.0169685,0.00,1433.79
1762008571.0187821,0.00,1433.79
1762008572.0204108,0.50,1433.79
1762008573.0222507,0.50,1433.79
1762008574.0239747,0.50,1433.79
1762008575.0258214,0.50,1433.79
1762008576.0276074,0.00,1433.76
1762008577.0292728,0.50,1433.76
1762008578.0311356,0.50,1433.76
1762008579.0324326,1.50,1433.76
1762008580.0340934,0.50,1433.76
1762008581.0354671,0.50,1433.71
1762008582.0371265,0.00,1433.71
1762008583.0386584,1.00,1433.71
1762008584.0401685,0.00,1433.71
1762008585.0417109,0.50,1433.71
1762008586.043434,0.50,1433.71
1762008587.0452194,0.50,1433.71
1762008588.0469255,2.00,1433.71
1762008589.0485437,0.50,1433.71
1762008590.0504725,0.00,1433.71
1762008591.052264,1.00,1433.71
1762008592.0544496,0.00,1433.71
1762008593.0562513,0.50,1433.70
1762008594.0576153,0.00,1433.70
1762008595.059453,0.00,1433.70
1762008596.061099,1.00,1433.70
1762008597.0627394,0.00,1433.70
1762008598.0643787,0.50,1433.70
1762008599.0661337,0.50,1433.69
1762008600.067932,0.50,1433.69
1762008601.069777,0.50,1433.69
1762008602.0714006,0.50,1433.69
1762008603.073174,0.50,1433.69
1762008604.0748713,0.50,1433.69
1762008605.076776,0.00,1433.68
1762008606.078418,0.00,1433.68
1762008607.0799053,1.00,1433.68
1762008608.0816102,0.00,1433.68
1762008609.0833101,0.50,1433.68
1762008610.0852466,0.50,1433.68
1762008611.086879,1.00,1433.67
1762008612.0885746,0.00,1433.67
1762008613.0902069,0.50,1433.67
1762008614.0919478,0.50,1433.67
1762008615.093669,1.00,1433.67
1762008616.0954134,0.00,1433.67
1762008617.0972042,0.50,1433.66
1762008618.0987716,0.00,1433.66
1762008619.100372,6.00,1433.90
1762008620.1021,0.00,1433.90
1762008621.1039982,0.00,1433.90
1762008622.1074922,43.20,1434.16
1762008623.1089697,74.90,1434.20
1762008624.115566,69.40,1434.02
1762008625.1173005,58.80,1434.39
1762008626.1200004,66.20,1434.69
1762008627.1244414,68.40,1434.42
1762008628.125978,67.50,1434.32
1762008629.1296155,78.50,1434.46
1762008630.1306605,81.10,1434.41
1762008631.1317258,80.30,1434.47
1762008632.1339114,80.00,1434.22
1762008633.135471,78.10,1434.35
1762008634.1370535,78.40,1434.63
1762008635.1384037,79.70,1434.45
1762008636.140145,83.80,1435.86
1762008637.1426544,80.90,1435.95
1762008638.1443024,81.00,1436.08
1762008639.1461725,80.30,1436.05
1762008640.1478488,81.20,1436.07
1762008641.1486323,83.90,1435.95
1762008642.152048,81.70,1437.38
1762008643.153599,83.40,1437.46
1762008644.1544828,82.50,1437.69
1762008645.1558757,80.60,1437.24
1762008646.157463,81.70,1437.46
1762008647.1590788,79.90,1437.73
1762008648.1612487,73.60,1437.36
1762008649.1627946,62.90,1436.84
1762008650.1643481,66.90,1436.73
1762008651.1661634,64.90,1436.83
1762008652.1679456,19.80,1435.19
1762008653.1697168,0.50,1435.19
1762008654.171456,0.50,1435.18
1762008655.1731412,1.00,1435.43
1762008656.1747274,0.00,1435.43
1762008657.1765678,0.50,1435.43
1762008658.1782446,0.50,1435.43
1762008659.1803093,0.50,1435.42
1762008660.1824796,1.00,1435.42
1762008661.1843157,0.50,1435.42
1762008662.185848,0.50,1435.42
1762008663.1875496,0.00,1435.42
1762008664.1891856,0.50,1435.42
1762008665.1907213,0.50,1435.41
1762008666.192416,0.00,1435.41
1762008667.1941338,0.50,1435.36
1762008668.1958272,0.50,1435.36
1762008669.1974232,0.50,1435.36
1762008670.1990683,0.00,1435.36
1762008671.200569,1.50,1435.35
1762008672.2024481,1.00,1435.35
1762008673.2041256,0.00,1435.35
1762008674.2058046,0.50,1435.35
1762008675.2073047,1.50,1435.35
1762008676.20897,0.00,1435.35
1762008677.2104785,0.00,1435.35
1762008678.2134292,0.50,1435.34
1762008679.2151685,0.50,1435.33
1762008680.2168248,1.00,1435.33
1762008681.2185283,4.50,1435.33
1762008682.2197704,0.00,1435.33
1762008683.2213912,0.50,1435.33
1762008684.2231085,0.50,1435.33
1762008685.2248366,0.50,1435.33
1762008686.2263443,1.50,1435.33
1762008687.2279727,0.50,1435.33
1762008688.2297454,0.50,1435.29
1762008689.2315357,0.50,1435.53
1762008690.2332304,0.00,1435.53
1762008691.2348433,0.00,1435.53
1762008692.2366512,1.00,1435.53
1762008693.2384212,0.00,1435.53
1762008694.2399657,0.50,1435.52
1762008695.2417302,0.50,1435.52
1762008696.2433262,0.00,1435.52
1762008697.2455409,63.50,1435.69
1762008698.247265,51.30,1435.72
1762008699.2493927,51.00,1435.65
1762008700.251386,44.90,1426.31
1762008701.2531865,13.90,1424.33
1762008702.254896,4.00,1423.80
1762008703.2565646,1.50,1421.43
1762008704.2582748,7.00,1420.64
1762008705.2595177,2.00,1420.64
1762008706.2612092,0.00,1420.59
1762008707.262911,2.50,1420.58
1762008708.264836,0.00,1420.58
1762008709.2665253,0.50,1420.58
1762008710.2683263,0.50,1420.58
1762008711.2699535,0.50,1420.58
1762008712.2716587,0.50,1420.58
1762008713.273304,0.50,1420.58
1762008714.2748914,0.00,1420.58
1762008715.2765613,0.50,1420.58
1762008716.2781827,0.50,1420.58
1762008717.2801108,0.00,1420.58
1762008718.28169,0.50,1420.58
1762008719.2832956,0.50,1420.58
1762008720.2850866,0.00,1420.58
1762008721.2865841,0.50,1420.58
1762008722.2883182,0.50,1420.58
1762008723.2900991,0.50,1420.24
1762008724.29187,1.00,1420.24
1762008725.2936165,0.00,1420.24
1762008726.2955275,0.00,1420.24
1762008727.2968748,1.00,1420.24
1762008728.2984757,0.00,1420.20
1762008729.300445,0.00,1420.20
1762008730.302308,1.00,1420.20
1762008731.304135,1.00,1420.20
1762008732.3057675,0.00,1420.20
1762008733.3074567,1.00,1420.20
1762008734.3091357,0.50,1420.20
1762008735.3107555,1.00,1420.20
1762008736.3123436,0.00,1420.20
1762008737.3139124,1.00,1420.20
1762008738.3155668,0.50,1420.16
1762008739.3172445,0.00,1420.16
1762008740.3187556,0.50,1420.16
1762008741.3203008,6.00,1420.16
1762008742.3219419,0.00,1420.16
1762008743.3237004,0.50,1420.16
1762008744.3253086,1.50,1420.16
1762008745.326852,0.00,1420.16
1762008746.3283658,1.00,1420.16
1762008747.329835,0.00,1420.16
1762008748.331364,1.00,1420.16
1762008749.3329206,0.50,1420.16
1762008750.3346233,0.00,1420.16
1762008751.33629,0.00,1420.16
1762008752.3378356,0.50,1420.16
1762008753.3394568,0.00,1420.16
1762008754.3411896,1.00,1420.16
1762008755.3429186,0.50,1420.16
1762008756.3454814,31.50,1405.32
1762008757.3474627,69.60,1405.13
1762008758.35261,73.30,1405.17
1762008759.3547316,77.80,1405.19
1762008760.356667,79.10,1405.32
1762008761.3582509,82.40,1405.18
1762008762.359761,78.90,1405.21
1762008763.3617444,67.50,1405.21
1762008764.362848,79.20,1405.07
1762008765.3653693,80.30,1405.20
1762008766.3668714,80.30,1405.34
1762008767.367976,80.10,1405.34
1762008768.370386,80.30,1405.52
1762008769.3716915,80.70,1406.52
1762008770.3724391,71.50,1405.39
1762008771.3739269,64.90,1405.38
1762008772.3759546,77.30,1405.41
1762008773.3782008,79.90,1405.41
1762008774.3796062,79.90,1405.38
1762008775.3808024,80.90,1405.48
1762008776.382887,80.40,1405.41
1762008777.3848014,79.20,1405.41
1762008778.3873172,80.10,1405.22
1762008779.3883858,80.10,1405.44
1762008780.3899815,62.40,1405.49
1762008781.3918016,61.40,1405.24
1762008782.3935826,64.60,1405.39
1762008783.394922,64.60,1405.43
1762008784.3967154,61.00,1405.30
1762008785.398458,72.00,1405.39
1762008786.399986,36.30,1399.01
1762008787.4016814,0.50,1399.01
1762008788.4031894,0.00,1399.01
1762008789.405543,1.00,1399.25
1762008790.4072168,1.00,1399.25
1762008791.4087937,0.50,1399.21
1762008792.4103646,2.00,1399.21
1762008793.411875,0.00,1399.21
1762008794.4134505,1.00,1399.21
1762008795.4153554,0.50,1399.21
1762008796.4181285,0.00,1399.21
1762008797.4203713,1.00,1399.21
1762008798.4219778,0.00,1399.21
1762008799.423764,0.00,1399.21
1762008800.425299,1.00,1399.21
1762008801.4268231,4.00,1399.21
1762008802.4286249,0.50,1399.21
1762008803.4304,0.50,1399.45
1762008804.432079,0.00,1399.45
1762008805.43345,0.50,1399.45
1762008806.4349353,2.00,1399.45
1762008807.4368906,0.00,1399.42
1762008808.4385624,1.00,1399.40
1762008809.4403846,0.50,1399.39
1762008810.4419172,0.50,1399.39
1762008811.4436128,0.00,1399.39
1762008812.4456823,0.50,1399.39
1762008813.4464853,0.50,1399.39
1762008814.4479294,0.50,1399.38
1762008815.4495316,0.00,1399.38
1762008816.4512265,1.00,1399.38
1762008817.452869,0.00,1399.38
1762008818.454522,0.50,1399.38
1762008819.4561746,0.00,1399.38
1762008820.457809,0.50,1399.38
1762008821.4594586,0.00,1399.38
1762008822.4612565,0.50,1399.38
1762008823.462984,0.50,1399.38
1762008824.464725,0.50,1399.38
1762008825.4664214,0.00,1399.38
1762008826.4680977,0.50,1399.37
1762008827.469819,2.00,1399.37
1762008828.4714158,0.00,1399.37
1762008829.472994,0.50,1399.37
1762008830.474719,0.50,1399.37
1762008831.476393,0.00,1399.37
1762008832.4779837,1.00,1399.35
1762008833.479642,0.00,1399.35
1762008834.4812632,0.00,1399.35
1762008835.4827893,1.00,1399.35
1762008836.4847672,0.00,1399.35
1762008837.48637,0.50,1399.35
1762008838.488185,0.50,1399.35
1762008839.489744,0.50,1399.34
1762008840.4913745,0.50,1399.34
1762008841.4930727,0.00,1399.34
1762008842.4948273,0.50,1399.34
1762008843.4964485,0.50,1399.34
1762008844.4981892,0.50,1399.33
1762008845.4998164,0.50,1399.33
1762008846.501384,0.00,1399.33
1762008847.5029852,0.50,1399.33
1762008848.5046542,0.50,1399.33
1762008849.5063474,0.00,1399.33
1762008850.5079684,0.50,1399.33
1762008851.5098,1.00,1399.33
1762008852.5115695,0.50,1399.33
1762008853.5133247,0.00,1399.33
1762008854.5148702,1.00,1399.32
1762008855.5155737,1.00,1399.32
1762008856.5174632,0.00,1399.31
1762008857.5192277,0.50,1399.31
1762008858.5211062,0.00,1399.31
1762008859.5228438,1.00,1399.31
1762008860.52357,0.00,1399.31
1762008861.5253422,1.00,1399.31
1762008862.5269325,4.50,1399.31
1762008863.528706,1.00,1399.31
1762008864.5304105,1.00,1399.31
1762008865.5322323,0.50,1399.31
1762008866.5338027,0.50,1399.31
1762008867.5355427,0.50,1399.29
1762008868.5363219,0.00,1399.29
1762008869.5377965,0.50,1399.29
1762008870.5395775,0.50,1399.29
1762008871.5412493,0.00,1399.29
1762008872.5428982,1.00,1399.29
1762008873.5447142,0.00,1399.28
1762008874.546428,0.50,1399.28
1762008875.5480614,0.50,1399.28
1762008876.549807,0.00,1399.28
1762008877.5514216,0.50,1399.28
1762008878.5530965,0.00,1399.28
1762008879.554624,0.50,1399.27
1762008880.5554485,0.00,1399.27
1762008881.55727,1.00,1399.27
1762008882.5588782,0.50,1399.27
1762008883.560531,0.00,1399.27
1762008884.5622811,0.00,1399.26
1762008885.5638132,1.00,1399.26
1762008886.56544,0.00,1399.26
1762008887.5676444,2.00,1399.26
1762008888.5695138,0.50,1399.26
1762008889.5711796,0.50,1399.26
1762008890.572522,34.90,1399.34
1762008891.5739968,69.80,1399.20
1762008892.575976,81.70,1399.36
1762008893.5782883,78.80,1399.36
1762008894.5799053,75.40,1399.17
1762008895.5823624,75.80,1399.20
1762008896.5837786,65.30,1405.73
1762008897.5855396,74.60,1399.23
1762008898.587706,69.70,1399.13
1762008899.5918608,62.00,1399.10
1762008900.5933971,66.20,1399.59
1762008901.5951898,62.20,1399.78
1762008902.5969343,65.30,1399.34
1762008903.5987034,74.10,1399.18
1762008904.599324,82.90,1399.12
1762008905.6010034,74.90,1399.14
1762008906.6027281,82.80,1399.39
1762008907.6043565,83.20,1399.32
1762008908.6062288,80.40,1399.35
1762008909.607827,72.00,1399.41
1762008910.609807,83.30,1399.16
1762008911.6118224,82.10,1399.34
1762008912.61328,83.10,1399.30
1762008913.6143358,79.40,1399.21
1762008914.6154275,79.20,1399.21
1762008915.616771,81.50,1399.45
1762008916.618944,81.80,1399.32
1762008917.6204646,75.70,1399.19
1762008918.6219761,74.30,1399.30
1762008919.6239462,80.90,1399.27
1762008920.6256218,28.50,1392.93
1762008921.6271536,0.00,1392.93
1762008922.628916,5.00,1392.93
1762008923.6305315,0.50,1392.92
1762008924.6322172,1.00,1392.92
1762008925.6337347,0.00,1392.92
1762008926.635426,2.00,1392.92
1762008927.637523,0.50,1392.88
1762008928.6394258,0.50,1392.88
1762008929.6411765,0.50,1392.88
1762008930.6429493,0.00,1392.88
1762008931.6448185,0.00,1392.88
1762008932.6463866,0.50,1392.88
1762008933.6480925,0.50,1392.88
1762008934.649683,0.50,1392.88
1762008935.6513655,0.00,1392.88
1762008936.653416,1.00,1392.88
1762008937.6549768,0.00,1392.88
1762008938.656631,0.50,1392.87
1762008939.6584444,0.00,1392.87
1762008940.659993,0.50,1392.87
1762008941.6616518,0.50,1392.87
1762008942.6632648,0.00,1392.87
1762008943.6647236,1.00,1392.87
1762008944.6664314,0.00,1392.86
1762008945.668113,0.50,1392.86
1762008946.6697593,0.50,1392.86
1762008947.6716063,2.00,1392.86
1762008948.6733725,0.00,1392.86
1762008949.674976,0.50,1392.85
1762008950.6766744,0.50,1392.85
1762008951.6783118,0.50,1392.85
1762008952.6799002,0.50,1392.84
1762008953.6816306,0.50,1392.84
1762008954.683474,0.50,1392.84
1762008955.6851575,0.00,1392.84
1762008956.686668,0.50,1392.84
1762008957.6883395,0.50,1392.84
1762008958.6898236,0.50,1392.84
1762008959.6914096,0.00,1392.84
1762008960.6931546,0.00,1392.84
1762008961.6948855,0.50,1392.84
1762008962.696653,0.50,1392.84
1762008963.6983802,0.00,1392.84
1762008964.7001503,0.50,1392.84
1762008965.7018027,0.00,1392.84
1762008966.7034569,0.50,1392.84
1762008967.705125,0.00,1392.84
1762008968.706883,0.00,1392.83
1762008969.707669,1.00,1392.83
1762008970.7093837,0.50,1392.82
1762008971.7112045,0.50,1392.82
1762008972.7129998,0.50,1392.82
1762008973.714714,0.00,1392.82
1762008974.7163234,1.00,1392.82
1762008975.7179394,0.00,1392.82
1762008976.7198448,0.50,1392.82
1762008977.7212193,0.00,1392.82
1762008978.7224662,0.00,1392.82
1762008979.7243865,0.50,1392.82
1762008980.726099,0.00,1392.82
1762008981.72776,0.50,1392.82
1762008982.7293813,1.00,1392.82
1762008983.730966,0.00,1392.82
1762008984.7316315,4.50,1392.82
1762008985.7332351,1.00,1392.82
1762008986.734829,0.50,1392.82
1762008987.7365031,0.00,1392.82
1762008988.7375052,0.50,1392.82
1762008989.7393343,0.00,1392.82
1762008990.7411904,1.00,1392.82
1762008991.742781,0.00,1392.82
1762008992.744409,1.00,1392.82
1762008993.7458892,0.00,1392.82
1762008994.7476947,0.50,1392.82
1762008995.7494452,0.50,1392.82
1762008996.751162,0.50,1392.82
1762008997.7531102,0.00,1392.82
1762008998.7547302,1.00,1392.82
1762008999.756351,0.00,1392.82
1762009000.7581396,5.50,1393.27
1762009001.7598145,1.00,1393.47
1762009002.7614198,0.50,1393.47
1762009003.7631927,0.50,1393.47
1762009004.7647147,0.50,1393.47
1762009005.7663777,0.50,1393.47
1762009006.7679152,0.00,1393.47
1762009007.7696116,0.50,1393.47
1762009008.7711968,0.50,1393.47
1762009009.7728043,0.50,1393.47
1762009010.7743587,2.50,1393.47
1762009011.7757943,0.50,1393.47
1762009012.7766807,0.50,1393.41
1762009013.7784095,1.00,1393.41
1762009014.7805595,0.00,1393.41
1762009015.7823486,0.50,1393.41
1762009016.7839248,0.50,1393.41
1762009017.7855027,0.50,1393.41
1762009018.7875044,0.00,1393.40
1762009019.7892349,0.00,1393.40
1762009020.790947,0.50,1393.40
1762009021.792692,1.00,1393.40
1762009022.7942874,0.00,1393.40
1762009023.7958527,0.50,1393.40
1762009024.7973568,27.00,1392.26
1762009025.7985392,77.40,1392.32
1762009026.8007665,68.20,1392.23
1762009027.8013048,61.40,1392.54
1762009028.8027983,63.50,1392.29
1762009029.8043416,69.60,1392.16
1762009030.805479,74.90,1392.23
1762009031.8075225,74.00,1392.29
1762009032.8084602,79.60,1392.32
1762009033.8096654,78.90,1392.13
1762009034.8118267,80.60,1392.18
1762009035.812448,67.50,1392.09
1762009036.814075,68.40,1392.38
1762009037.815523,79.90,1392.23
1762009038.8173175,77.40,1392.16
1762009039.8188922,61.50,1392.35
1762009040.8199291,62.90,1392.61
1762009041.8221898,65.10,1392.21
1762009042.8240135,78.40,1392.61
1762009043.8264847,79.60,1392.14
1762009044.8287568,77.80,1392.42
1762009045.8297539,77.00,1392.23
1762009046.8315425,81.20,1392.56
1762009047.8325381,81.70,1392.59
1762009048.8337905,81.30,1392.54
1762009049.8357048,79.10,1392.64
1762009050.8374918,80.00,1392.48
1762009051.8392274,77.70,1392.98
1762009052.8406754,79.30,1392.40
1762009053.8418915,80.20,1392.50
1762009054.8434885,43.50,1386.33
1762009055.8453774,1.00,1386.33
1762009056.8470979,0.00,1386.33
1762009057.8487291,1.00,1386.33
1762009058.8503392,0.00,1386.33
1762009059.8519318,16.20,1386.55
1762009060.8536794,0.50,1386.33
1762009061.8556757,1.00,1386.33
1762009062.8566072,1.00,1386.31
1762009063.8584287,0.50,1386.31
1762009064.8599856,0.50,1386.30
1762009065.8616798,0.00,1386.30
1762009066.863398,0.50,1386.30
1762009067.8649676,0.50,1386.30
1762009068.8667102,0.50,1386.30
1762009069.8682876,1.00,1386.30
1762009070.869784,2.50,1386.30
1762009071.8722155,0.00,1386.30
1762009072.8738813,0.50,1386.30
1762009073.8755372,1.00,1386.30
1762009074.8772516,0.00,1386.30
1762009075.879778,1.00,1386.28
1762009076.8819175,0.50,1386.27
1762009077.8835323,1.00,1386.27
1762009078.8851678,0.50,1386.27
1762009079.8868842,0.00,1386.27
1762009080.888779,0.50,1386.27
1762009081.8903818,0.50,1386.27
1762009082.8923736,0.50,1386.27
1762009083.8939495,0.50,1386.27
1762009084.8956053,0.50,1386.27
1762009085.8972812,0.50,1386.27
1762009086.9006069,0.00,1386.27
1762009087.9023774,0.00,1386.27
1762009088.9032364,0.50,1386.27
1762009089.9046996,0.00,1386.27
1762009090.9064016,2.00,1386.27
1762009091.9081597,0.00,1386.27
1762009092.909712,0.50,1386.27
1762009093.9113884,0.50,1386.27
1762009094.9129052,0.50,1386.27
1762009095.9147546,0.50,1386.27
1762009096.9163375,0.50,1386.27
1762009097.9181077,0.50,1386.27
1762009098.9197803,0.00,1386.27
1762009099.9213715,1.00,1386.27
1762009100.923088,0.00,1386.27
1762009101.924813,0.00,1386.24
1762009102.926645,1.00,1386.24
1762009103.928378,0.00,1386.24
1762009104.9301412,0.50,1386.24
1762009105.931799,0.50,1386.24
1762009106.9333308,5.00,1386.24
1762009107.9349499,0.00,1386.24
1762009108.9366431,0.50,1386.24
1762009109.9381876,0.00,1386.24
1762009110.93984,0.50,1386.24
1762009111.9414685,0.50,1386.24
1762009112.943334,0.00,1386.24
1762009113.9450023,1.00,1386.24
1762009114.946937,0.00,1386.24
1762009115.9485483,0.00,1386.49
1762009116.9509313,0.50,1386.49
1762009117.952616,1.00,1386.49
1762009118.9543357,0.00,1386.48
1762009119.956125,0.00,1386.48
1762009120.9591756,0.50,1386.48
1762009121.9608738,0.00,1386.48
1762009122.962395,1.00,1386.48
1762009123.9639115,0.50,1386.48
1762009124.965547,0.50,1386.45
1762009125.9672785,0.50,1386.45
1762009126.9691257,0.50,1386.45
1762009127.9707046,0.50,1386.45
1762009128.9724157,0.00,1386.45
1762009129.9740918,1.00,1386.45
1762009130.9759023,0.00,1386.45
1762009131.9777117,1.00,1386.45
1762009132.9794555,2.00,1386.45
1762009133.981139,0.00,1386.45
1762009134.982767,0.50,1386.45
1762009135.984729,0.00,1386.45
1762009136.986389,1.00,1386.45
1762009137.9881582,0.00,1386.44
1762009138.98978,0.00,1386.44
1762009139.991582,0.50,1386.44
1762009140.9932487,0.00,1386.44
1762009141.9949858,0.00,1386.44
1762009142.9965966,0.50,1386.44
1762009143.99829,0.00,1386.44
1762009144.9998183,0.00,1386.44
1762009146.0014915,1.00,1386.44
1762009147.0031247,0.00,1386.44
1762009148.0047379,0.00,1386.44
1762009149.0063732,0.50,1386.44
1762009150.007895,0.00,1386.44
1762009151.009556,1.50,1386.44
1762009152.0112576,0.50,1386.44
1762009153.013107,1.50,1386.41
1762009154.0146546,0.50,1386.37
1762009155.016552,1.00,1386.37
1762009156.0182521,0.50,1386.37
1762009157.0198815,0.50,1386.37
1762009158.021677,0.00,1386.37
1762009159.023328,17.50,1385.86
1762009160.024315,75.10,1385.89
1762009161.0257094,77.10,1385.98
1762009162.0275702,77.50,1386.00
1762009163.0292203,80.70,1385.80
1762009164.0309696,84.00,1385.99
1762009165.033176,84.80,1385.92
1762009166.0354633,82.00,1386.20
1762009167.0371065,83.80,1385.91
1762009168.0389135,82.70,1385.72
1762009169.0405743,81.80,1385.88
1762009170.0422914,79.10,1385.94
1762009171.043792,67.30,1386.06
1762009172.044929,81.00,1385.87
1762009173.0467565,81.10,1386.18
1762009174.04866,80.10,1386.18
1762009175.0505807,79.60,1386.12
1762009176.0516567,82.10,1386.15
1762009177.0548165,54.10,1386.14
1762009178.0556908,40.20,1386.29
1762009179.0566835,72.40,1386.14
1762009180.0585809,79.00,1386.32
1762009181.0600417,66.20,1385.90
1762009182.0618644,75.00,1386.09
1762009183.0627,80.10,1386.00
1762009184.064239,82.50,1386.09
1762009185.0662615,81.00,1386.06
1762009186.0675626,82.50,1386.05
1762009187.0691636,82.40,1386.14
1762009188.0711126,82.10,1386.13
1762009189.0723312,53.50,1385.81
1762009190.073907,0.50,1385.78
1762009191.0756915,0.00,1385.78
1762009192.0772703,1.00,1386.02
1762009193.0788164,1.00,1386.02
1762009194.0804226,1.00,1386.02
1762009195.081955,0.50,1386.02
1762009196.0837224,0.00,1386.02
1762009197.0854242,1.00,1386.02
1762009198.0869725,0.00,1386.02
1762009199.088788,0.50,1386.02
1762009200.0906546,0.50,1386.01
1762009201.0924156,0.00,1386.01
1762009202.0942068,1.00,1386.01
1762009203.0962317,0.00,1386.01
1762009204.0979145,2.50,1386.24
1762009205.099521,2.50,1386.22
1762009206.1013882,0.50,1386.22
1762009207.1031795,0.00,1386.22
1762009208.1049094,1.00,1386.22
1762009209.1066208,0.00,1386.22
1762009210.108269,0.00,1386.22
1762009211.1099484,0.50,1386.22
1762009212.112331,0.50,1386.22
1762009213.1139696,0.50,1386.22
1762009214.1156504,0.50,1386.22
1762009215.1174572,0.50,1386.22
1762009216.1196094,0.50,1386.22
1762009217.1214488,0.50,1386.20
1762009218.1234908,0.50,1386.20
1762009219.1252928,0.50,1386.20
1762009220.1268055,0.00,1386.20
1762009221.1284492,0.50,1386.20
1762009222.130212,0.50,1386.20
1762009223.131496,0.00,1386.20
1762009224.133469,1.00,1386.20
1762009225.1353385,0.50,1386.19
1762009226.1368494,0.50,1386.19
1762009227.138545,0.00,1386.19
1762009228.1395776,6.50,1386.19
1762009229.1412833,0.50,1386.19
1762009230.1429503,0.00,1386.19
1762009231.145318,0.50,1386.19
1762009232.147466,0.50,1386.19
1762009233.1494002,1.00,1386.19
1762009234.150939,0.00,1386.19
1762009235.1526105,0.50,1386.19
1762009236.153457,0.50,1386.43
1762009237.1551847,0.50,1386.43
1762009238.1573691,0.00,1386.43
1762009239.1588829,0.50,1386.43
1762009240.1607175,0.50,1386.43
1762009241.162375,0.50,1386.43
1762009242.1643593,0.50,1386.43
1762009243.1661067,0.50,1386.43
1762009244.1677139,0.50,1386.43
1762009245.1694574,0.50,1386.41
1762009246.1712303,0.50,1386.41
1762009247.1728985,1.00,1386.40
1762009248.174569,0.00,1386.40
1762009249.1761289,0.50,1386.40
1762009250.1777694,0.50,1386.40
1762009251.1795304,0.00,1386.40
1762009252.1811383,2.00,1386.40
1762009253.182903,0.00,1386.40
1762009254.1846483,0.50,1386.40
1762009255.1862867,0.50,1386.40
1762009256.188119,0.00,1386.40
1762009257.1899667,0.00,1386.40
1762009258.1918137,0.50,1386.39
1762009259.193378,0.50,1386.39
1762009260.1951516,0.00,1386.39
1762009261.1967614,0.50,1386.38
1762009262.1983619,0.50,1386.38
1762009263.2003715,0.50,1386.38
1762009264.201988,0.50,1386.38
1762009265.203619,0.00,1386.38
1762009266.20532,1.00,1386.38
1762009267.2069485,0.00,1386.38
1762009268.208639,0.50,1386.38
1762009269.2102983,0.00,1386.38
1762009270.2124057,0.00,1386.38
1762009271.214417,1.50,1386.38
1762009272.2163475,0.50,1386.38
1762009273.2179058,1.00,1386.38
1762009274.2193983,0.50,1386.38
1762009275.2211967,1.00,1386.38
1762009276.2236123,0.00,1386.38
1762009277.2254996,0.50,1386.37
1762009278.227477,0.50,1386.35
1762009279.2293043,0.50,1386.35
1762009280.2309384,0.50,1386.35
1762009281.2326255,0.50,1386.35
1762009282.2342207,1.00,1386.35
1762009283.2359743,0.00,1386.35
1762009284.2377405,1.00,1386.35
1762009285.2393816,0.00,1386.35
1762009286.2411551,2.50,1386.35
1762009287.2427402,1.00,1386.31
1762009288.2444134,5.00,1386.31
1762009289.2460487,0.00,1386.30
1762009290.247842,0.50,1386.30
1762009291.2494001,0.50,1386.30
1762009292.2510169,0.50,1386.30
1762009293.2526205,1.00,1387.01
1762009294.2544935,74.90,1386.19
1762009295.2553363,76.40,1386.38
1762009296.2567997,78.10,1386.15
1762009297.2583406,78.80,1386.25
1762009298.2597623,83.10,1386.30
1762009299.2610695,86.60,1386.30
1762009300.262867,69.90,1386.37
1762009301.2652254,74.50,1387.20
1762009302.2688806,62.00,1387.19
1762009303.2747397,78.40,1387.28
1762009304.27679,76.70,1387.46
1762009305.2789016,61.20,1386.98
1762009306.2793632,73.30,1387.17
1762009307.280971,83.20,1387.14
1762009308.2831032,83.40,1387.14
1762009309.2847514,81.90,1387.11
1762009310.2868903,71.30,1386.98
1762009311.2888222,74.90,1387.14
1762009312.2893724,81.00,1386.93
1762009313.2903864,78.20,1387.14
1762009314.2919781,71.40,1387.23
1762009315.2935326,69.50,1387.11
1762009316.2953286,78.10,1387.11
1762009317.2969542,81.80,1386.99
1762009318.2989748,81.00,1387.14
1762009319.3004386,78.90,1386.98
1762009320.301849,70.00,1387.11
1762009321.3033226,72.80,1386.98
1762009322.3052022,75.10,1387.01
1762009323.3071854,73.00,1387.11
1762009324.3092175,1.00,1386.24
1762009325.31081,0.50,1386.24
1762009326.3124135,0.50,1386.24
1762009327.3142517,0.50,1386.48
1762009328.3159285,0.50,1386.48
1762009329.3174198,0.50,1386.48
1762009330.3190897,0.50,1386.48
1762009331.3207629,1.00,1386.48
1762009332.322341,1.00,1386.48
1762009333.324268,0.00,1386.47
1762009334.3259835,1.00,1386.47
1762009335.3277075,0.50,1386.47
1762009336.3293803,0.00,1386.47
1762009337.330963,0.50,1386.47
1762009338.3326533,0.50,1386.47
1762009339.3343961,0.50,1386.47
1762009340.3363075,0.50,1386.47
1762009341.337877,0.00,1386.47
1762009342.3394141,1.00,1386.47
1762009343.3413281,0.00,1386.47
1762009344.3429563,1.00,1386.47
1762009345.3446953,0.00,1386.47
1762009346.3462267,0.50,1386.47
1762009347.348352,0.00,1386.47
1762009348.3500607,5.00,1386.47
1762009349.3518548,0.50,1386.47
1762009350.3537765,0.50,1386.47
1762009351.3554535,0.50,1386.47
1762009352.3573248,0.50,1386.47
1762009353.3589802,0.00,1386.47
1762009354.3607738,0.50,1386.47
1762009355.362461,0.00,1386.47
1762009356.3642411,0.50,1386.47
1762009357.3661249,0.50,1386.47
1762009358.3678916,0.00,1386.47
1762009359.369526,0.50,1386.47
1762009360.3712668,0.00,1386.47
1762009361.37296,0.50,1386.47
1762009362.3750389,0.50,1386.47
1762009363.3768127,0.00,1386.42
1762009364.3785443,1.00,1386.42
1762009365.3805418,1.00,1386.42
1762009366.382241,0.00,1386.42
1762009367.384076,0.00,1386.42
1762009368.3854396,0.50,1386.42
1762009369.3874164,0.50,1386.42
1762009370.389004,0.50,1386.42
1762009371.3906755,0.00,1386.42
1762009372.392253,2.00,1386.42
1762009373.3941562,0.00,1386.42
1762009374.3958423,0.50,1386.42
1762009375.3974469,0.50,1386.42
1762009376.3991835,0.50,1386.42
1762009377.4007645,0.50,1386.42
1762009378.402526,0.50,1386.42
1762009379.4042716,0.00,1386.40
1762009380.4059043,1.00,1386.40
1762009381.4077902,0.00,1386.40
1762009382.4095304,0.50,1386.40
1762009383.4112191,0.50,1386.40
1762009384.4126332,0.50,1386.40
1762009385.4143748,0.50,1386.39
1762009386.4159718,1.50,1386.39
1762009387.417824,0.50,1386.39
1762009388.419506,0.00,1386.39
1762009389.4212594,0.50,1386.39
1762009390.422962,0.00,1386.39
1762009391.424809,0.50,1386.39
1762009392.426455,1.00,1386.39
1762009393.4281304,0.50,1386.39
1762009394.429643,1.00,1386.39
1762009395.4312975,1.00,1386.36
1762009396.4330902,0.00,1386.36
1762009397.4348242,0.00,1386.36
1762009398.4364405,0.50,1386.36
1762009399.4384263,0.50,1386.36
1762009400.440149,0.00,1386.36
1762009401.441894,0.50,1386.36
1762009402.4434226,0.00,1386.36
1762009403.4449255,0.50,1386.36
1762009404.4466102,0.50,1386.36
1762009405.4485743,0.50,1386.36
1762009406.450437,2.00,1386.35
1762009407.451523,0.50,1386.30
1762009408.4531453,4.50,1386.30
1762009409.454898,1.00,1386.30
1762009410.4566734,0.00,1386.30
1762009411.4587402,0.50,1386.30
1762009412.4597461,0.00,1386.30
1762009413.4613366,0.50,1386.30
1762009414.4630756,0.50,1386.30
1762009415.46483,0.00,1386.29
1762009416.4666471,0.50,1386.29
1762009417.468356,0.00,1386.29
1762009418.470006,0.50,1386.29
1762009419.471884,0.50,1386.29
1762009420.4736807,0.50,1386.29
1762009421.475309,0.50,1386.28
1762009422.4769495,0.00,1386.28
1762009423.4786844,0.00,1386.28
1762009424.4803367,0.50,1386.28
1762009425.4829128,19.70,1388.07
1762009426.484427,50.00,1391.21
1762009427.4863367,57.30,1428.06
1762009428.4876432,95.00,1406.97
1762009429.4900005,80.10,1407.00
1762009430.4918623,79.00,1407.02
1762009431.4941945,71.30,1406.80
1762009432.4964714,60.10,1406.99
1762009433.4978893,73.80,1406.85
1762009434.4990697,79.80,1407.00
1762009435.5008032,80.20,1407.12
1762009436.5027483,79.20,1406.96
1762009437.504882,79.50,1407.02
1762009438.506783,79.10,1406.89
1762009439.5084746,76.40,1407.05
1762009440.5100136,60.70,1407.18
1762009441.5118892,59.90,1406.93
1762009442.5137787,62.50,1407.03
1762009443.5148103,77.20,1407.15
1762009444.5166504,78.70,1407.00
1762009445.5187883,66.50,1406.96
1762009446.5206962,78.70,1406.75
1762009447.5224206,78.20,1406.96
1762009448.5235026,79.90,1406.96
1762009449.5252335,61.40,1406.77
1762009450.527002,66.90,1406.81
1762009451.5287077,78.50,1407.05
1762009452.5305903,80.80,1407.18
1762009453.5323942,80.60,1407.09
1762009454.5341275,80.60,1407.38
1762009455.5357656,79.50,1407.22
1762009456.537992,79.40,1407.18
1762009457.539736,62.80,1401.03
1762009458.5406237,0.50,1401.00
1762009459.5424824,0.50,1400.92
1762009460.5442462,0.50,1400.88
1762009461.5459712,0.50,1400.88
1762009462.5476115,0.00,1400.88
1762009463.5493128,0.50,1400.88
1762009464.5508938,0.00,1400.88
1762009465.5526242,0.50,1400.88
1762009466.5544136,1.00,1400.88
1762009467.5561407,0.00,1400.88
1762009468.557828,0.50,1400.88
1762009469.5593631,0.50,1400.88
1762009470.5608876,5.00,1400.88
1762009471.5625498,0.00,1400.88
1762009472.5642567,0.50,1400.88
1762009473.5661173,0.00,1400.88
1762009474.5676446,0.50,1400.88
1762009475.5692356,0.50,1400.88
1762009476.5709102,0.50,1400.88
1762009477.5725653,0.00,1400.86
1762009478.5742753,0.50,1400.86
1762009479.5759618,0.50,1400.86
1762009480.5777538,0.00,1400.86
1762009481.579491,0.50,1400.86
1762009482.5811758,0.00,1400.86
1762009483.5828533,1.00,1400.86
1762009484.584509,0.50,1400.86
1762009485.5861545,1.00,1400.86
1762009486.5877166,0.50,1400.86
1762009487.5895352,1.00,1400.86
1762009488.5916226,0.00,1400.86
1762009489.5934093,0.50,1400.86
1762009490.594999,0.50,1400.86
1762009491.5969095,0.00,1400.86
1762009492.59873,1.00,1400.86
1762009493.6002564,1.50,1400.86
1762009494.6017854,0.50,1400.86
1762009495.6060834,1.00,1400.86
1762009496.6077487,0.00,1400.86
1762009497.6094034,0.00,1400.86
1762009498.6110907,0.50,1400.86
1762009499.612659,0.50,1400.86
1762009500.61429,0.00,1400.84
1762009501.6150885,0.50,1400.84
1762009502.6166468,0.50,1400.84
1762009503.6183379,0.50,1400.84
1762009504.6194255,0.00,1400.84
1762009505.6210895,0.50,1400.84
1762009506.622637,0.50,1400.84
1762009507.624393,0.50,1400.84
1762009508.6255617,0.00,1400.84
1762009509.6272311,0.00,1400.84
1762009510.6288846,0.50,1400.84
1762009511.630663,0.50,1400.82
1762009512.632489,1.00,1400.82
1762009513.6341658,0.00,1400.82
1762009514.6357605,0.50,1400.82
1762009515.6373796,0.00,1400.82
1762009516.639141,0.50,1400.81
1762009517.640712,0.50,1400.81
1762009518.6422727,0.50,1400.81
1762009519.6439025,0.00,1400.81
1762009520.6456325,0.50,1400.81
1762009521.6472883,0.50,1400.81
1762009522.6492887,1.00,1400.80
1762009523.6508756,0.00,1400.79
1762009524.6517277,0.50,1400.79
1762009525.6532745,0.00,1400.79
1762009526.6549153,2.00,1400.79
1762009527.6566007,0.50,1400.79
1762009528.658373,0.50,1400.75
1762009529.660066,1.00,1400.75
1762009530.6616685,5.00,1400.75
1762009531.663213,0.00,1400.75
1762009532.6649086,0.50,1400.75
1762009533.6666403,0.00,1400.75
1762009534.6682892,1.00,1400.75
1762009535.6702006,0.00,1400.75
1762009536.6717985,0.50,1400.75
1762009537.673384,0.50,1400.75
1762009538.6750538,0.00,1400.75
1762009539.676751,1.00,1400.75
1762009540.6785398,0.00,1400.75
1762009541.6802294,0.00,1400.75
1762009542.6819284,1.00,1400.75
1762009543.6836689,0.00,1400.75
1762009544.685346,0.50,1400.72
1762009545.686961,0.50,1400.72
1762009546.6887972,0.00,1400.72
1762009547.6904445,1.00,1400.72
1762009548.692239,0.00,1400.72
1762009549.6939573,0.50,1400.72
1762009550.6957586,0.50,1400.72
1762009551.6973124,0.00,1400.72
1762009552.6991255,0.50,1400.72
1762009553.700864,0.00,1400.72
1762009554.7029104,2.00,1400.72
1762009555.70461,0.50,1400.72
1762009556.706369,0.00,1400.72
1762009557.707917,0.50,1400.72
1762009558.7097769,0.50,1400.72
1762009559.711649,0.00,1400.72
1762009560.7132566,1.50,1400.70
1762009561.7154188,7.20,1400.03
1762009562.716386,79.10,1399.96
1762009563.7179105,77.90,1400.21
1762009564.72034,78.40,1400.18
1762009565.721499,79.90,1400.00
1762009566.72242,80.00,1400.28
1762009567.7234778,80.10,1400.21
1762009568.7253792,79.80,1400.15
1762009569.7264664,79.70,1400.05
1762009570.7279181,67.80,1400.19
1762009571.731717,61.30,1400.26
1762009572.7378342,63.20,1400.20
1762009573.7393692,63.00,1400.13
1762009574.7407527,63.90,1400.49
1762009575.742266,71.90,1400.12
1762009576.7436595,79.20,1400.12
1762009577.7449756,80.30,1400.15
1762009578.7480485,81.10,1400.21
1762009579.7500865,71.00,1400.17
1762009580.7516503,64.60,1400.11
1762009581.7525299,62.10,1399.77
1762009582.7532918,64.20,1399.99
1762009583.755469,64.60,1402.30
1762009584.7569005,79.20,1400.17
1762009585.7594142,80.40,1400.17
1762009586.761188,79.90,1400.17
1762009587.7626464,79.90,1400.35
1762009588.765266,66.70,1400.38
1762009589.7666454,68.20,1400.05
1762009590.7681868,73.80,1400.21
1762009591.7697856,67.90,1393.98
1762009592.7710001,1.00,1393.95
1762009593.773693,0.00,1393.95
1762009594.7753935,1.00,1393.94
1762009595.7772782,0.00,1393.94
1762009596.779163,0.50,1393.94
1762009597.7817981,0.00,1393.94
1762009598.7834675,0.50,1393.94
1762009599.7854548,0.50,1393.94
1762009600.7871456,2.50,1394.67
1762009601.7893007,1.50,1394.90
1762009602.7909536,1.00,1394.90
1762009603.7925603,0.00,1394.90
1762009604.794473,0.50,1394.86
1762009605.7963336,0.50,1394.86
1762009606.7981696,1.00,1394.86
1762009607.7997158,0.50,1394.86
1762009608.8014152,0.00,1394.86
1762009609.802952,0.50,1394.86
1762009610.804644,0.50,1394.86
1762009611.8062449,0.00,1394.86
1762009612.808128,1.00,1394.86
1762009613.8098216,0.50,1394.86
1762009614.8114777,1.50,1394.86
1762009615.8132792,0.50,1394.86
1762009616.8149748,0.50,1394.86
1762009617.816749,0.00,1394.86
1762009618.818392,0.00,1394.86
1762009619.819503,0.00,1394.86
1762009620.8213375,1.00,1394.85
1762009621.8230913,0.00,1394.85
1762009622.8246973,0.50,1394.85
1762009623.826358,0.00,1394.85
1762009624.8278923,0.00,1394.85
1762009625.8295445,1.00,1394.85
1762009626.8312304,0.00,1394.85
1762009627.8328366,0.50,1394.84
1762009628.8345115,0.00,1394.84
1762009629.8361442,0.50,1394.84
1762009630.8378832,1.00,1394.84
1762009631.8397548,0.00,1394.84
1762009632.8413625,1.50,1394.84
1762009633.8428779,0.00,1394.82
1762009634.8445604,1.00,1394.82
1762009635.846207,0.50,1394.82
1762009636.8477938,0.00,1394.82
1762009637.8494372,0.50,1394.82
1762009638.8510716,0.50,1394.82
1762009639.85266,0.50,1394.81
1762009640.8543575,0.50,1394.81
1762009641.856148,0.50,1394.81
1762009642.8581188,0.00,1394.81
1762009643.8597393,1.00,1394.81
1762009644.861409,0.50,1394.81
1762009645.8631701,0.50,1394.80
1762009646.864964,1.50,1394.80
1762009647.8668816,0.50,1394.80
1762009648.8684793,0.50,1394.80
1762009649.870211,0.00,1394.80
1762009650.8723614,4.50,1394.80
1762009651.8741965,0.50,1394.76
1762009652.875929,0.50,1394.76
1762009653.8776724,0.50,1394.76
1762009654.879163,0.50,1394.76
1762009655.8808243,0.50,1394.76
1762009656.8825614,0.50,1394.76
1762009657.8843887,0.00,1394.75
1762009658.8861234,0.50,1394.75
1762009659.8879294,0.50,1394.75
1762009660.8896368,0.50,1394.75
1762009661.891613,0.00,1394.75
1762009662.8924067,1.00,1394.75
1762009663.8942986,1.00,1394.74
1762009664.8959005,0.00,1394.73
1762009665.8976765,1.00,1394.73
1762009666.8993924,0.00,1394.73
1762009667.9009435,0.50,1394.73
1762009668.9029145,1.00,1394.73
1762009669.9045677,0.50,1394.73
1762009670.906153,0.50,1394.73
1762009671.9078715,1.00,1394.73
1762009672.9094918,0.00,1394.73
1762009673.911275,0.00,1394.73
1762009674.9128466,2.00,1394.73
1762009675.9144006,0.50,1394.73
1762009676.9156363,0.50,1394.73
1762009677.9173806,0.50,1394.73
1762009678.9191234,0.00,1394.73
1762009679.920675,0.50,1394.73
1762009680.922394,0.50,1394.72
1762009681.9241142,0.50,1394.72
1762009682.9257667,0.00,1394.72
1762009683.9273193,0.50,1394.72
1762009684.928852,0.00,1394.72
1762009685.9307556,1.00,1394.72
1762009686.9326692,0.00,1394.72
1762009687.9343903,0.50,1394.71
1762009688.9364111,1.00,1394.71
1762009689.9380474,0.50,1394.71
1762009690.938545,0.50,1394.71
1762009691.9401648,0.00,1394.71
1762009692.9417803,1.00,1394.71
1762009693.9433453,0.50,1394.70
1762009694.9449003,1.50,1394.70
1762009695.9464843,0.50,1394.70
1762009696.9480824,0.00,1394.70
1762009697.9496179,0.50,1394.70
1762009698.9512527,0.50,1394.70
1762009699.9531171,0.00,1394.67
1762009700.954601,0.50,1394.67
1762009701.9562068,0.50,1394.67
1762009702.9577003,0.00,1394.66
1762009703.9593503,1.00,1394.66
1762009704.9611754,0.00,1394.66
1762009705.9627783,0.00,1394.66
1762009706.9636548,0.50,1394.66
1762009707.965585,0.50,1394.66
1762009708.96732,0.50,1394.66
1762009709.968907,0.00,1394.66
1762009710.9706008,5.00,1394.66
1762009711.9720879,0.50,1394.66
1762009712.9739327,0.00,1394.66
1762009713.9755077,2.00,1394.66
1762009714.9772599,0.00,1394.65
1762009715.9791865,1.00,1394.65
1762009716.9808786,0.00,1394.65
1762009717.9829652,0.00,1394.65
1762009718.9846654,0.00,1394.65
1762009719.9863348,0.50,1394.65
1762009720.9887674,0.50,1394.64
1762009721.9904292,0.00,1394.64
1762009722.9922085,0.50,1394.64
1762009723.9938622,0.00,1394.64
1762009724.995524,1.00,1394.64
1762009725.9973135,1.50,1394.64
1762009726.9989767,0.50,1394.63
1762009728.000709,0.50,1394.63
1762009729.0023768,0.50,1394.63
1762009730.0042515,0.00,1394.63
1762009731.0060937,0.50,1394.63
1762009732.0077176,0.50,1394.63
1762009733.009503,0.50,1394.62
1762009734.0111415,0.50,1394.62
1762009735.0127287,1.50,1394.62
1762009736.0144515,0.00,1394.62
1762009737.0160918,1.00,1394.62
1762009738.0177615,0.00,1394.62
1762009739.0194368,0.50,1394.62
1762009740.0210497,0.50,1394.62
1762009741.0226955,0.50,1394.61
1762009742.0243366,0.00,1394.61
1762009743.025983,0.00,1394.61
1762009744.0275853,0.50,1394.61
1762009745.0292177,0.00,1394.61
1762009746.0308979,0.50,1394.61
1762009747.032646,0.00,1394.60
1762009748.0344064,1.00,1394.60
1762009749.0359993,0.00,1394.60
1762009750.0376456,0.50,1394.60
1762009751.039343,1.00,1394.60
1762009752.0409713,0.00,1394.60
1762009753.042801,1.50,1394.59
1762009754.0444245,1.00,1394.59
1762009755.046329,1.00,1394.59
1762009756.0479734,1.00,1394.59
1762009757.0499387,0.00,1394.57
1762009758.0516183,0.50,1394.57
1762009759.0533514,0.50,1394.57
1762009760.0549946,0.00,1394.57
1762009761.0565486,0.50,1394.57
1762009762.0583236,0.50,1394.57
1762009763.0599577,0.50,1394.56
1762009764.061578,0.50,1394.56
1762009765.06328,0.50,1394.56
1762009766.0651584,0.50,1394.56
1762009767.0668619,1.50,1394.56
1762009768.0685067,1.00,1394.56
1762009769.0702155,0.00,1394.53
1762009770.0718966,0.50,1394.53
1762009771.0738585,4.50,1394.51
1762009772.0757685,0.50,1394.51
1762009773.0774071,0.50,1394.51
1762009774.0791173,0.50,1394.51
1762009775.080771,0.50,1394.51
1762009776.082466,0.00,1394.51
1762009777.0841918,0.00,1394.76
1762009778.085748,0.50,1394.76
1762009779.087518,0.50,1394.76
1762009780.0895865,0.50,1394.76
1762009781.0912147,0.50,1394.76
1762009782.0930698,0.50,1394.76
1762009783.0953155,0.00,1394.76
1762009784.0969272,1.00,1394.73
1762009785.0985513,0.50,1394.73
1762009786.1003706,0.50,1394.73
1762009787.101907,0.00,1394.73
1762009788.1036117,0.50,1394.73
1762009789.1052797,0.50,1394.73
1762009790.106953,0.50,1394.73
1762009791.1087422,0.00,1394.73
1762009792.1104755,0.00,1394.73
1762009793.1121345,0.50,1394.73
1762009794.1138086,0.50,1394.73
1762009795.1156423,2.00,1394.73
1762009796.1174865,0.50,1394.73
1762009797.1192446,0.00,1394.73
1762009798.120935,0.50,1394.73
1762009799.12279,0.50,1394.72
1762009800.1244514,0.50,1394.72
1762009801.1261246,0.50,1394.71
1762009802.1277456,0.50,1394.71
1762009803.1293604,0.00,1394.71
1762009804.1309235,1.00,1394.71
1762009805.1328769,0.00,1394.71
1762009806.134544,0.50,1394.71
1762009807.137126,0.00,1394.71
1762009808.1388226,1.00,1394.71
1762009809.1406481,0.00,1394.71
1762009810.142179,0.50,1394.71
1762009811.1438932,1.00,1394.71
1762009812.145525,1.00,1394.71
1762009813.1472478,0.00,1394.71
1762009814.1488857,0.50,1394.71
1762009815.1504347,1.50,1394.71
1762009816.1521523,0.50,1394.71
1762009817.1536624,0.50,1394.71
1762009818.1553557,0.50,1394.71
1762009819.1570756,0.50,1394.69
1762009820.1586623,0.50,1394.69
1762009821.1603532,0.00,1394.69
1762009822.1621432,0.50,1394.69
1762009823.1636784,0.50,1394.69
1762009824.1654058,0.50,1394.69
1762009825.16726,0.00,1394.68
1762009826.1688676,0.50,1394.68
1762009827.170712,0.00,1394.68
1762009828.1723642,2.50,1394.60
1762009829.17426,0.50,1394.61
1762009830.1760907,0.50,1394.61
1762009831.1777012,0.50,1394.61
1762009832.1792922,0.50,1394.61
1762009833.1808453,0.00,1394.61
1762009834.1825347,0.50,1394.61
1762009835.1843088,0.50,1394.61
1762009836.1859748,0.00,1394.61
1762009837.1877446,0.50,1394.61
1762009838.1895318,5.50,1394.61
1762009839.1911716,1.00,1394.61
1762009840.1928358,0.00,1394.61
1762009841.1946259,0.50,1394.61
1762009842.196341,0.50,1394.61
1762009843.1982043,0.00,1394.61
1762009844.2001026,0.50,1394.61
1762009845.2022622,0.50,1394.60
1762009846.2039523,0.50,1394.60
1762009847.2056568,0.50,1394.60
1762009848.2074223,0.50,1394.60
1762009849.2092323,0.00,1394.60
1762009850.2108588,0.50,1394.60
1762009851.2125564,0.00,1394.60
1762009852.2143745,0.50,1394.60
1762009853.2162204,0.50,1394.60
1762009854.2179174,0.50,1394.60
1762009855.2195604,2.00,1394.60
1762009856.221417,0.00,1394.58
1762009857.2231526,0.50,1394.58
1762009858.2246342,0.00,1394.58
1762009859.2264435,1.00,1394.58
1762009860.2280908,0.50,1394.58
1762009861.2298272,0.00,1394.58
1762009862.2315369,1.00,1394.58
1762009863.23319,0.00,1394.58
1762009864.234948,0.00,1394.58
1762009865.2369516,0.50,1394.58
1762009866.2387228,1.00,1394.58
1762009867.240346,0.00,1394.58
1762009868.2419248,0.50,1394.58
1762009869.2439027,0.50,1394.57
1762009870.2457366,0.00,1394.57
1762009871.2474766,1.50,1394.57
1762009872.2493284,0.00,1394.57
1762009873.2511654,1.50,1394.57
1762009874.253327,1.00,1394.57
1762009875.2549398,0.50,1394.57
1762009876.256588,0.50,1394.55
1762009877.2583559,0.50,1394.55
1762009878.259911,0.50,1394.55
1762009879.261536,0.50,1394.55
1762009880.2631605,0.00,1394.55
1762009881.2647262,1.00,1394.55
1762009882.2666004,0.00,1394.55
1762009883.2683482,0.50,1394.55
1762009884.270137,0.50,1394.55
1762009885.2716758,0.00,1394.55
1762009886.2733989,0.50,1394.53
1762009887.2752087,1.50,1394.78
1762009888.2768064,0.50,1394.74
1762009889.278451,0.00,1394.74
1762009890.2803357,0.50,1394.74
1762009891.2821045,0.50,1394.74
1762009892.2838254,0.50,1394.74
1762009893.285444,0.00,1394.74
1762009894.2871087,0.50,1394.74
1762009895.2887616,0.00,1394.74
1762009896.290428,1.00,1394.74
1762009897.2921395,0.00,1394.74
1762009898.2938056,7.50,1394.74
1762009899.295649,1.00,1394.74
1762009900.2973747,0.00,1394.74
1762009901.2989626,6.00,1395.48
1762009902.300817,0.50,1395.42
1762009903.3016286,0.50,1395.42
1762009904.3033588,0.00,1395.42
1762009905.3048604,0.50,1395.42
1762009906.3066638,1.00,1395.42
1762009907.3084154,0.00,1395.42
1762009908.3101578,0.00,1395.42
1762009909.3118334,0.50,1395.42
1762009910.3135893,0.00,1395.42
1762009911.315254,0.00,1395.42
1762009912.3172424,1.00,1395.42
1762009913.3189452,0.00,1395.42
1762009914.3208656,1.00,1395.42
1762009915.3224661,1.50,1395.42
1762009916.3240747,0.00,1395.42
1762009917.3257933,0.50,1395.42
1762009918.327394,0.00,1395.42
1762009919.3289175,0.50,1395.42
1762009920.330652,1.00,1395.42
1762009921.332711,0.00,1395.42
1762009922.3344276,0.50,1395.42
1762009923.3362067,0.50,1395.42
1762009924.3378286,0.00,1395.42
1762009925.3395379,1.00,1395.42
1762009926.341215,0.00,1395.42
1762009927.3427997,0.50,1395.42
1762009928.3445156,0.50,1395.42
1762009929.346363,0.00,1395.39
1762009930.3475149,1.00,1395.39
1762009931.3491552,0.50,1395.39
1762009932.3509629,1.00,1395.39
1762009933.35268,0.00,1395.39
1762009934.3543458,1.50,1395.39
1762009935.3561504,0.00,1395.39
1762009936.3580866,0.50,1395.39
1762009937.3603823,0.50,1395.39
1762009938.362141,0.50,1395.39
1762009939.3638859,3.00,1395.39
1762009940.3658435,2.50,1395.59
1762009941.3674605,0.50,1395.59
1762009942.369334,0.00,1395.59
1762009943.3712668,1.00,1395.55
1762009944.3729656,0.50,1395.55
1762009945.3751037,0.50,1395.55
1762009946.376839,0.50,1395.55
1762009947.3789327,0.00,1395.55
1762009948.3808484,0.50,1395.55
1762009949.3824902,0.50,1395.55
1762009950.3842306,0.00,1395.55
1762009951.3857882,0.50,1395.55
1762009952.387642,0.50,1395.55
1762009953.3895159,0.50,1395.55
1762009954.3912535,0.50,1395.55
1762009955.3929083,0.50,1395.55
1762009956.3946102,0.00,1395.55
1762009957.3963046,1.00,1395.53
1762009958.3985224,4.00,1395.53
1762009959.4002368,1.00,1395.53
1762009960.4017954,0.50,1395.53
1762009961.403494,0.00,1395.53
1762009962.405309,2.00,1395.53
1762009963.4065483,0.50,1395.51
1762009964.4082928,0.50,1395.51
1762009965.4099863,0.00,1395.51
1762009966.411746,1.00,1395.51
1762009967.4134324,0.50,1395.51
1762009968.4152598,0.00,1395.49
1762009969.4170976,1.00,1395.49
1762009970.4187813,0.50,1395.49
1762009971.4205077,0.00,1395.49
1762009972.4221694,1.50,1395.49
1762009973.4239442,0.00,1395.49
1762009974.4259946,1.00,1395.49
1762009975.4277291,1.50,1395.74
1762009976.42921,0.00,1395.74
1762009977.430871,0.00,1395.74
1762009978.4325542,0.50,1395.74
1762009979.4341605,0.00,1395.74
1762009980.4358628,1.00,1395.74
1762009981.4378314,0.50,1395.74
1762009982.4394429,0.00,1395.74
1762009983.4411159,1.00,1395.74
1762009984.4426932,0.00,1395.74
1762009985.4442494,0.50,1395.74
1762009986.4459078,0.50,1395.74
1762009987.4476056,0.00,1395.74
1762009988.4492526,1.50,1395.74
1762009989.4509377,0.50,1395.71
1762009990.4525647,0.50,1395.71
1762009991.4543467,1.00,1395.71
1762009992.456382,0.00,1395.71
1762009993.4581306,1.50,1395.71
1762009994.4597483,1.00,1395.68
1762009995.4613988,0.50,1395.68
1762009996.4634972,0.50,1395.68
1762009997.465305,0.50,1395.68
1762009998.4668415,0.50,1395.68
1762009999.467498,0.50,1395.67
1762010000.4695897,0.50,1395.67
1762010001.471378,0.00,1395.67
1762010002.4729633,1.00,1395.67
1762010003.4747522,0.00,1395.67
1762010004.4763877,1.00,1395.67
1762010005.478136,41.30,1396.15
1762010006.4798715,40.90,1396.10
1762010007.4813313,14.10,1396.10
1762010008.4845176,77.60,1396.72
