timestamp,cpu_percent,mem_used_mb
1762684072.1844764,15.20,2049.39
1762684073.187187,2.00,2049.39
1762684074.1893504,2.00,2049.39
1762684075.1915698,1.50,2049.64
1762684076.193482,2.50,2049.62
1762684077.195344,2.00,2049.62
1762684078.1974952,1.00,2049.62
1762684079.1994944,5.10,2049.61
1762684080.2024355,2.00,2049.61
1762684081.2046235,3.00,2049.61
1762684082.207548,1.00,2049.60
1762684083.2096953,1.00,2049.60
1762684084.2116008,1.00,2049.60
1762684085.2135558,1.50,2049.60
1762684086.2160993,1.50,2049.60
1762684087.218208,2.00,2049.59
1762684088.2242534,1.00,2049.59
1762684089.2283106,2.00,2049.59
1762684090.2305999,2.50,2049.59
1762684091.2325227,2.00,2049.59
1762684092.2367368,2.00,2049.59
1762684093.2389948,1.00,2049.58
1762684094.241037,2.00,2049.58
1762684095.2427685,2.50,2049.58
1762684096.244754,0.50,2049.58
1762684097.2467952,16.10,2049.66
1762684098.251206,42.50,2049.86
1762684099.2565382,7.70,2049.79
1762684100.2581177,2.00,2049.79
1762684101.2603688,6.60,2049.79
1762684102.2644184,2.00,2049.79
1762684103.2667449,1.50,2049.79
1762684104.2687416,1.50,2049.79
1762684105.2708063,36.50,2055.04
1762684106.2772245,76.90,2054.93
1762684107.2784503,92.90,2055.03
1762684108.2814982,91.80,2054.94
1762684109.2846608,90.10,2057.89
1762684110.2883718,81.10,2059.66
1762684111.30134,87.50,2075.80
1762684112.3024948,91.70,2052.55
1762684113.303494,92.40,2053.71
1762684114.3107026,82.50,2054.03
1762684115.320385,83.50,2057.01
1762684116.3236248,82.50,2053.32
1762684117.3257642,85.90,2046.01
1762684118.3275437,89.90,2046.82
1762684119.3286932,92.60,2048.10
1762684120.3360808,89.80,2046.91
1762684121.3376513,90.00,2047.80
1762684122.3403437,93.10,2046.81
1762684123.3421967,92.30,2047.57
1762684124.3466878,92.30,2053.38
1762684125.3485866,90.90,2049.00
1762684126.3578098,70.30,2050.30
1762684127.7390687,67.00,2046.32
1762684128.8767757,40.70,2046.41
1762684129.8843973,54.10,2068.06
1762684130.8859177,81.20,2051.87
1762684131.8876996,80.70,2046.32
1762684132.9033945,63.60,2060.34
1762684133.9071054,77.10,2048.93
1762684134.9745312,37.70,2053.60
1762684135.9867406,65.60,2078.64
1762684136.98937,9.70,2041.08
1762684137.9964445,1.00,2041.08
1762684138.9998765,3.00,2042.31
1762684140.0033941,1.50,2042.30
1762684141.0064223,2.00,2042.30
1762684142.0084534,1.00,2042.30
1762684143.0155938,1.50,2042.30
1762684144.0189939,1.00,2042.30
1762684145.0379615,2.00,2042.30
1762684146.0402002,5.10,2043.02
1762684147.0564892,1.50,2043.02
1762684148.0645854,1.50,2043.02
1762684149.0666335,1.50,2043.02
1762684150.0877678,3.00,2043.02
1762684151.0972846,3.00,2043.01
1762684152.0995305,1.00,2043.01
1762684153.1014428,1.50,2043.01
1762684154.1058705,1.50,2043.01
1762684155.1082716,1.50,2043.01
1762684156.1108737,15.50,2043.25
1762684157.1198864,12.70,2043.24
1762684158.1306643,1.00,2043.24
1762684159.133151,1.50,2043.24
1762684160.1852055,1.40,2043.24
1762684161.2332978,4.10,2043.24
1762684162.245715,1.50,2043.24
1762684163.2828305,1.00,2043.23
1762684164.2862172,1.50,2043.23
1762684165.2961988,4.10,2043.23
1762684166.301989,2.00,2043.23
1762684167.3035321,1.00,2043.23
1762684168.3114822,1.50,2043.23
1762684169.3177989,1.00,2043.23
1762684170.320659,0.00,2043.23
1762684171.3703725,2.00,2043.23
1762684172.3866227,0.00,2043.23
1762684173.4172735,1.00,2043.23
1762684174.4197447,22.20,2043.22
1762684175.4231682,12.20,2043.42
1762684176.4394197,1.50,2043.42
1762684177.4535253,0.50,2043.42
1762684178.4642963,1.50,2043.42
1762684179.4664505,0.50,2043.41
1762684180.4734907,4.60,2043.66
1762684181.4762838,0.50,2043.57
1762684182.500472,1.00,2043.57
1762684183.509448,8.20,2047.27
1762684184.5159419,75.00,2093.07
1762684185.5272284,5.20,2090.57
1762684186.529218,2.60,2092.27
1762684187.53125,4.00,2092.47
1762684188.5336974,0.50,2092.32
1762684189.5371547,1.50,2092.32
1762684190.5433683,1.50,2092.32
1762684191.5468087,6.10,2092.32
1762684192.5536976,1.00,2092.32
1762684193.55819,0.50,2092.32
1762684194.5834754,1.00,2092.32
1762684195.5858407,2.50,2092.32
1762684196.5878172,2.00,2092.32
1762684197.5913253,1.00,2092.32
1762684198.5956624,3.00,2092.31
1762684199.5980344,1.00,2092.31
1762684200.6086366,1.50,2092.30
1762684201.6114318,1.50,2092.30
1762684202.616429,3.60,2061.71
1762684203.6187472,1.50,2061.95
1762684204.6207263,1.50,2062.44
1762684205.623862,1.00,2062.44
1762684206.6334493,1.00,2062.44
1762684207.635639,2.00,2062.44
1762684208.6375196,8.10,2063.63
1762684209.639534,3.00,2063.58
1762684210.6457355,3.50,2063.58
1762684211.6480908,0.50,2063.58
1762684212.6571584,0.50,2063.58
1762684213.659229,1.50,2063.58
1762684214.6662703,2.00,2063.58
1762684215.668656,2.00,2063.58
1762684216.6851726,1.00,2063.58
1762684217.6917002,3.00,2063.58
1762684218.7013729,4.10,2063.58
1762684219.7186375,3.60,2063.57
1762684220.720739,3.00,2063.57
1762684221.7228699,0.00,2063.57
1762684222.7251458,1.00,2063.57
1762684223.7273698,0.50,2063.57
1762684224.729412,1.50,2063.57
1762684225.7313962,2.50,2063.57
1762684226.7382832,2.50,2063.57
1762684227.7406983,3.00,2063.57
1762684228.7473197,0.50,2063.57
1762684229.7493641,1.50,2063.57
1762684230.753606,1.60,2063.56
1762684231.756878,0.50,2063.56
1762684232.760239,1.00,2063.56
1762684233.7656794,1.00,2063.56
1762684234.7859368,9.60,2063.56
1762684235.821395,18.80,2063.56
1762684236.8498085,2.00,2063.56
1762684237.8542259,0.50,2063.56
1762684238.8565319,2.00,2063.56
1762684239.871938,0.50,2063.55
1762684240.8862479,2.00,2063.55
1762684241.9134617,54.40,2051.82
1762684242.9281788,86.40,2055.03
1762684243.9300308,81.30,2052.64
1762684244.9453762,84.70,2054.46
1762684245.9697778,79.90,2058.12
1762684246.9990716,82.00,2051.91
1762684248.2994924,61.00,2058.64
1762684249.407493,72.50,2057.52
1762684250.4202895,88.00,2052.78
1762684251.4284227,79.50,2052.26
1762684252.4384727,88.50,2052.75
1762684253.4401994,85.50,2053.40
1762684254.689949,18.80,2052.59
1762684255.706082,46.10,2068.78
1762684256.7084265,38.50,2067.71
1762684257.729826,41.20,2059.93
1762684258.7372158,46.00,2056.34
1762684259.7472117,57.80,2064.30
1762684260.7555747,67.60,2069.81
1762684261.762414,64.00,2053.22
1762684262.7657363,86.60,2084.84
1762684263.771444,83.00,2052.56
1762684264.7724464,98.90,2056.25
1762684265.781437,94.70,2075.41
1762684266.786754,81.00,2070.12
1762684267.789803,84.00,2066.50
1762684268.7997212,82.00,2071.55
1762684269.8042035,85.70,2082.15
1762684270.8107235,88.80,2061.75
1762684271.8131905,41.70,2057.42
1762684272.8176417,36.30,2058.13
1762684273.8203,37.20,2059.41
1762684274.8224635,16.80,2059.41
1762684275.8266776,33.90,2059.84
1762684276.833145,31.70,2059.80
1762684277.836309,57.50,2059.32
1762684278.838648,26.70,2059.45
1762684279.842383,40.30,2059.57
1762684280.8486464,9.10,2059.57
1762684281.8506105,10.30,2060.30
1762684282.852744,13.30,2062.02
1762684283.8565202,3.00,2061.96
1762684284.8594089,27.70,2062.16
1762684285.860766,39.80,2062.59
1762684286.8696444,38.20,2063.04
1762684287.8714678,34.90,2062.98
1762684288.874414,34.80,2063.54
1762684289.8826044,2.50,2063.54
1762684290.8866491,4.10,2063.54
1762684291.8893027,1.50,2063.54
1762684292.8913271,1.00,2063.54
1762684293.8928745,1.50,2063.54
1762684294.8940375,2.00,2063.54
1762684295.8993187,3.50,2062.36
1762684296.9038794,2.00,2062.32
1762684297.9131086,18.10,2062.32
1762684309.3551962,0.30,2062.32
1762684310.3743272,12.60,2063.29
1762684311.3786824,4.60,2063.29
1762684312.379561,2.00,2063.29
1762684313.3805723,4.50,2063.29
1762684314.3820415,1.00,2063.29
1762684315.3866036,1.00,2063.28
1762684316.395852,2.00,2063.28
1762684317.3982058,1.50,2063.28
1762684318.4056268,0.50,2063.28
1762684319.4128487,3.00,2063.28
1762684320.415801,10.20,2063.25
1762684321.4216993,1.50,2063.25
1762684322.4238822,1.50,2063.25
1762684323.4265819,1.50,2063.25
1762684324.4287355,2.00,2063.25
1762684325.4308681,2.00,2063.24
1762684326.4331264,1.50,2063.24
1762684327.435816,1.50,2063.24
1762684328.4385984,2.00,2063.24
1762684329.4404924,2.00,2063.24
1762684330.4428174,2.00,2063.23
1762684331.4485528,2.00,2063.23
1762684332.45072,1.50,2063.23
1762684333.4532394,1.00,2063.23
1762684334.455626,1.50,2063.23
1762684335.4584267,1.50,2063.22
1762684336.4604442,2.00,2063.22
1762684337.4626515,2.00,2063.22
1762684338.4672966,1.00,2063.22
1762684339.4691157,3.00,2063.21
1762684340.4707508,2.50,2063.20
1762684341.4726903,3.00,2063.20
1762684342.4768333,1.00,2063.20
1762684343.480077,2.00,2063.20
1762684344.4822721,2.00,2063.20
1762684345.4843376,2.00,2063.20
1762684346.4864283,2.50,2063.20
1762684347.4886148,3.00,2063.20
1762684348.4905658,1.00,2063.20
1762684349.4935646,0.50,2063.20
1762684350.4966302,1.50,2063.19
1762684351.4993284,1.50,2063.19
1762684352.5014923,1.00,2063.18
1762684353.5054839,1.00,2063.18
1762684354.507537,1.00,2063.18
1762684355.5109768,1.00,2063.18
1762684356.5155087,0.00,2063.17
1762684357.5172665,19.80,2063.17
1762684358.5238109,1.50,2063.17
1762684359.5262353,0.50,2063.17
1762684360.5289187,1.00,2063.17
1762684361.531661,1.00,2063.17
1762684362.5338275,1.00,2063.17
1762684363.5393808,0.50,2063.17
1762684364.542478,1.00,2063.17
1762684365.544366,1.50,2063.17
1762684366.5743876,0.00,2063.16
1762684367.5768843,3.00,2063.16
1762684368.5803094,0.00,2063.16
1762684369.582919,4.10,2063.16
1762684370.588603,1.50,2063.16
1762684371.59067,2.50,2063.16
1762684372.5927286,1.00,2063.16
1762684373.595785,5.10,2063.16
1762684374.5992768,1.00,2063.16
1762684375.6016107,1.00,2063.16
1762684376.6036215,3.10,2063.16
1762684377.60552,1.10,2063.15
1762684378.6083434,1.50,2063.14
1762684379.6110528,0.50,2063.14
1762684380.6141362,2.00,2063.14
1762684381.6215324,1.00,2063.14
1762684382.6256773,1.00,2063.14
1762684383.6266987,1.50,2063.14
1762684384.6294687,1.00,2063.13
1762684385.6372962,5.10,2063.13
1762684386.6455016,25.30,2064.54
1762684387.6474829,87.40,2056.02
1762684388.6497045,84.60,2057.59
1762684389.6536815,71.00,2055.24
1762684390.6575274,86.20,2059.00
1762684391.659521,90.40,2056.44
1762684392.6625626,89.40,2056.63
1762684393.668671,89.40,2057.39
1762684394.6747394,87.60,2069.85
1762684395.6846964,81.90,2057.07
1762684396.687617,83.30,2057.45
1762684397.695558,83.70,2068.73
1762684398.7094474,84.40,2079.89
1762684399.7199514,83.00,2069.43
1762684400.7221587,81.70,2055.66
1762684401.7494764,71.70,2085.88
1762684402.7504675,71.40,2055.76
1762684403.7533205,79.40,2055.55
1762684404.7593772,75.60,2057.18
1762684405.7615275,85.00,2056.23
1762684406.7650316,89.70,2055.43
1762684407.7667205,89.40,2056.56
1762684408.7701912,87.90,2055.97
1762684409.772509,91.30,2056.04
1762684410.7741528,92.10,2056.02
1762684411.7765017,91.80,2056.03
1762684412.7786274,93.50,2057.03
1762684413.7847395,81.30,2059.46
1762684414.7964852,85.50,2057.42
1762684415.7982605,81.80,2077.07
1762684416.8012187,34.40,2055.23
1762684417.803503,13.50,2055.23
1762684418.8056028,1.00,2056.21
1762684419.807484,2.00,2056.67
1762684420.8095675,1.50,2056.67
1762684421.8132074,1.00,2056.66
1762684422.8167708,0.50,2056.66
1762684423.8191452,1.00,2056.66
1762684424.8215888,0.50,2056.66
1762684425.8232367,0.50,2056.66
1762684426.8281863,0.50,2056.65
1762684427.830099,1.50,2056.65
1762684428.8324368,0.50,2056.65
1762684429.8344905,2.50,2056.65
1762684430.84814,2.10,2056.65
1762684431.8502305,2.10,2056.65
1762684432.852112,0.50,2056.64
1762684433.8586652,1.00,2056.64
1762684434.8921032,3.40,2056.64
1762684435.9001703,1.50,2056.64
1762684436.9032266,0.50,2056.64
1762684437.9053388,1.50,2056.64
1762684438.9075143,0.50,2056.64
1762684439.9093826,1.00,2056.64
1762684440.9113457,5.10,2056.64
1762684441.9132376,1.00,2056.62
1762684442.9152682,1.00,2056.62
1762684443.9176238,1.00,2056.61
1762684444.9195845,0.50,2056.61
1762684445.9217584,1.00,2056.61
1762684446.9261777,1.50,2056.61
1762684447.9280539,1.00,2056.61
1762684448.9301577,0.00,2056.61
1762684449.9320965,1.50,2056.61
1762684450.9340966,2.50,2056.61
1762684451.9363022,1.00,2056.61
1762684452.9386508,1.00,2056.61
1762684453.9435833,16.50,2057.53
1762684454.9495213,2.50,2057.52
1762684455.951509,1.00,2057.52
1762684456.9531689,1.50,2057.55
1762684457.9545386,3.50,2057.53
1762684458.9571679,1.00,2057.53
1762684459.9602294,1.50,2057.53
1762684460.9631295,1.00,2057.53
1762684461.9661243,0.00,2057.52
1762684462.9686122,1.50,2057.52
1762684463.9704912,0.00,2057.52
1762684464.9724336,1.50,2057.52
1762684465.9744751,1.00,2057.52
1762684466.9768283,1.50,2057.52
1762684467.9793925,1.50,2057.51
1762684468.981305,0.50,2057.51
1762684469.9833572,1.00,2057.51
1762684470.9853818,0.50,2057.51
1762684471.987582,1.50,2057.51
1762684472.9886174,1.00,2057.50
1762684473.9907663,0.00,2057.50
1762684474.9941108,1.00,2057.50
1762684475.9963734,1.00,2057.50
1762684476.9982028,1.00,2057.50
1762684478.0001101,0.50,2057.50
1762684479.0044305,13.10,2057.74
1762684480.006537,1.00,2057.74
1762684481.008744,1.00,2057.74
1762684482.011012,1.50,2057.74
1762684483.0131462,1.00,2057.74
1762684484.0242913,3.00,2057.65
1762684485.027603,1.00,2057.65
1762684486.0416803,3.00,2057.64
1762684487.0533323,0.50,2057.64
1762684488.070977,1.00,2057.64
1762684489.0748513,1.00,2057.64
1762684490.0788002,2.60,2057.64
1762684491.0828004,4.10,2057.64
1762684492.0980039,1.50,2057.64
1762684493.1038184,1.00,2057.64
1762684494.1084993,2.10,2057.64
1762684495.1104512,3.60,2057.64
1762684496.1124516,1.00,2057.64
1762684497.1283088,2.50,2057.63
1762684498.1324084,2.00,2057.29
1762684499.1411173,1.50,2057.29
1762684500.1711764,21.00,2057.69
1762684501.1738462,32.80,2060.08
1762684502.1764772,26.30,2060.49
1762684503.1816914,19.80,2061.39
1762684504.2088082,23.20,2061.55
1762684505.2184727,14.50,2061.55
1762684506.22172,8.00,2061.55
1762684507.2375176,17.90,2061.70
1762684508.2395148,21.30,2061.70
1762684509.2460349,15.70,2061.69
1762684510.2514179,30.20,2061.67
1762684511.2529194,21.30,2062.00
1762684512.2551756,1.00,2062.00
1762684513.2569993,9.60,2062.00
1762684514.259793,26.40,2062.36
1762684515.2658403,14.00,2062.32
1762684516.2720726,6.10,2062.32
1762684517.2736225,19.60,2062.73
1762684518.276346,1.00,2062.73
1762684519.27853,15.70,2062.90
1762684520.2881188,30.90,2063.36
1762684521.2936249,50.30,2064.15
1762684522.297556,91.90,2068.47
1762684523.2995205,91.30,2064.28
1762684524.301596,91.30,2067.11
1762684525.3033037,90.20,2064.60
1762684526.3067431,90.90,2069.32
1762684527.314871,93.40,2105.61
1762684528.3168457,92.90,2095.59
1762684529.3186636,94.70,2066.30
1762684530.3224013,97.80,2110.43
1762684531.3296454,95.30,2090.89
1762684532.3339143,96.60,2099.36
1762684533.359403,98.30,2102.91
1762684534.3771913,97.10,2110.50
1762684535.3794558,97.80,2115.58
1762684536.3805335,98.90,2134.18
1762684537.3905923,96.20,2140.10
1762684538.392424,95.00,2134.77
1762684539.39359,97.20,2179.81
1762684540.4037237,88.90,2118.73
1762684541.4060972,92.30,2119.41
1762684542.4118476,90.50,2123.78
1762684543.4138038,92.30,2120.18
1762684544.4163797,92.70,2122.02
1762684545.4176724,90.90,2116.18
1762684546.4216566,91.70,2115.48
1762684547.4264524,90.70,2135.48
1762684548.4286962,92.90,2113.32
1762684549.4368813,91.60,2114.52
1762684550.4384868,86.30,2121.83
1762684551.4404552,34.80,2114.55
1762684552.4437063,5.00,2114.55
1762684553.4534843,1.50,2114.77
1762684554.4556043,0.50,2114.77
1762684555.4574554,4.00,2114.77
1762684556.4594965,1.50,2114.77
1762684557.4626334,1.50,2114.77
1762684558.4646666,0.50,2114.77
1762684559.4666212,1.50,2114.77
1762684560.4684575,1.50,2114.77
1762684561.4703255,0.50,2114.77
1762684562.4720511,0.50,2114.77
1762684563.474468,1.00,2114.76
1762684564.477728,1.00,2114.76
1762684565.480107,1.00,2114.76
1762684566.4826324,1.00,2114.76
1762684567.4988146,1.50,2114.76
1762684568.5008821,1.00,2114.76
1762684569.5062065,2.00,2114.98
1762684570.5084138,1.50,2114.98
1762684571.5103521,1.00,2114.98
1762684572.5128424,1.00,2114.98
1762684573.5147276,1.00,2114.98
1762684574.5155783,1.00,2114.98
1762684575.5176935,0.00,2114.98
1762684576.5205865,1.50,2114.98
1762684577.5216842,1.50,2114.97
1762684578.5232625,0.50,2114.97
1762684579.524993,1.00,2114.97
1762684580.526855,0.50,2114.96
1762684581.5291152,2.50,2114.96
1762684582.5311048,2.50,2114.96
1762684583.5332065,33.50,2115.41
1762684584.535823,26.80,2107.53
1762684585.537751,0.50,2107.77
1762684586.5401013,1.50,2107.77
1762684587.5410802,0.50,2107.77
1762684588.5431526,2.50,2108.01
1762684589.5469937,1.50,2108.01
1762684590.5491154,1.50,2108.01
1762684591.5512242,1.00,2108.00
1762684592.5553336,1.00,2108.00
1762684593.5577435,2.50,2108.00
1762684594.5597818,1.00,2108.00
1762684595.5623856,0.50,2108.00
1762684596.564533,0.50,2108.00
1762684597.5666995,1.00,2107.99
1762684598.5688386,15.20,2107.99
1762684599.5711012,2.50,2107.99
1762684600.572875,1.50,2107.99
1762684601.575117,1.00,2107.99
1762684602.5776043,1.50,2107.99
1762684603.579276,0.50,2107.99
1762684604.581136,0.50,2107.99
1762684605.583148,1.00,2107.99
1762684606.5853658,2.00,2107.98
1762684607.5876772,1.00,2107.98
1762684608.590079,1.00,2107.98
1762684609.5922682,1.00,2107.98
1762684610.5951931,2.00,2107.98
1762684611.5980616,0.50,2107.98
1762684612.6000395,3.60,2107.98
1762684613.6020794,1.00,2107.97
1762684614.6112714,1.00,2107.97
1762684615.613025,1.00,2107.97
1762684616.6153219,5.00,2107.97
1762684617.6175218,1.50,2107.96
1762684618.6222951,1.00,2107.96
1762684619.662765,0.50,2107.96
1762684620.6646566,0.50,2107.96
1762684621.6675253,1.00,2107.96
1762684622.66953,0.50,2107.96
1762684623.6704352,7.70,2107.96
1762684624.6735504,36.50,2113.13
1762684625.6764205,19.40,2113.13
1762684626.678832,3.50,2113.13
1762684627.6835513,38.70,2113.38
1762684628.6874676,23.30,2113.38
1762684629.6925762,40.50,2113.61
1762684630.6980326,39.80,2113.84
1762684631.7015717,30.70,2113.84
1762684632.7033687,19.50,2113.84
1762684633.705655,29.60,2113.84
1762684634.71021,19.60,2115.57
1762684635.71217,19.40,2115.57
1762684636.7139485,47.60,2114.46
1762684637.7258813,43.90,2116.55
1762684638.7284956,48.90,2120.25
1762684639.731338,61.30,2128.77
1762684640.7332747,53.40,2121.88
1762684641.7355525,29.60,2122.33
1762684642.7374997,4.00,2122.33
1762684643.7401168,50.80,2122.57
1762684644.7421727,14.70,2122.57
1762684645.801255,14.60,2107.98
1762684646.803408,1.50,2107.98
1762684647.806154,1.00,2107.98
1762684648.8125775,1.00,2107.98
1762684649.817548,2.50,2107.98
1762684650.82007,4.00,2107.91
1762684651.8224537,1.00,2107.91
1762684652.8254926,0.50,2107.91
1762684653.8277059,1.50,2107.91
1762684654.8297987,1.00,2107.91
1762684655.831448,31.10,2102.96
1762684656.8338616,89.70,2102.93
1762684657.8374074,88.80,2103.70
1762684658.8408673,92.30,2089.64
1762684659.8444037,86.60,2089.41
1762684660.8483021,82.20,2091.27
1762684661.8518243,87.90,2106.28
1762684662.857397,85.60,2092.21
1762684663.8593063,87.40,2124.81
1762684664.8666828,87.00,2102.41
1762684665.870672,89.90,2090.31
1762684666.8744028,88.50,2092.42
1762684667.8771603,90.50,2089.40
1762684668.8798823,89.20,2089.56
1762684669.932444,76.70,2127.08
1762684670.9378235,37.30,2102.83
1762684671.9452865,62.90,2103.93
1762684672.9529777,81.90,2089.59
1762684673.9575863,88.50,2091.04
1762684674.970425,83.20,2105.22
1762684675.9724982,90.60,2089.22
1762684676.9829443,84.70,2096.52
1762684677.9852304,91.10,2091.09
1762684678.986458,52.90,2106.47
1762684679.9882205,85.50,2091.11
1762684680.9924464,88.50,2089.51
1762684681.9985013,90.10,2089.20
1762684682.999488,90.80,2096.50
1762684684.0034764,88.80,2090.73
1762684685.0056791,91.00,2091.08
1762684686.007815,43.80,2090.36
1762684687.011052,1.00,2090.36
1762684688.0133884,2.00,2090.85
1762684689.015633,1.00,2090.84
1762684690.0165172,2.00,2090.84
1762684691.0187182,1.00,2090.84
1762684692.0205977,1.00,2090.84
1762684693.0234263,1.00,2090.84
1762684694.0253038,0.50,2090.84
1762684695.0271358,1.00,2090.83
1762684696.0290706,0.50,2090.83
1762684697.030775,1.00,2090.83
1762684698.0333056,0.50,2090.83
1762684699.0354252,0.50,2090.83
1762684700.037382,2.00,2090.83
1762684701.0392127,0.50,2090.83
1762684702.0410438,2.00,2090.82
1762684703.043759,1.50,2091.03
1762684704.0457373,3.00,2091.03
1762684705.047442,1.50,2091.03
1762684706.0492575,3.50,2091.03
1762684707.0508108,0.50,2091.03
1762684708.0527945,1.50,2091.03
1762684709.0693822,0.50,2091.03
1762684710.0908868,1.50,2091.03
1762684711.0944717,2.50,2091.02
1762684712.0966647,1.50,2091.02
1762684713.098705,0.00,2091.02
1762684714.1006596,1.00,2091.04
1762684715.102615,1.00,2091.04
1762684716.1046367,0.50,2091.04
1762684717.107098,1.00,2091.04
1762684718.1083658,0.50,2091.04
1762684719.1105204,11.10,2091.77
1762684720.114389,2.00,2091.77
1762684721.1167567,0.50,2091.77
1762684722.1184106,0.50,2091.77
1762684723.121605,1.00,2091.77
1762684724.1235185,0.50,2091.76
1762684725.1264982,1.50,2091.76
1762684726.1288397,1.00,2091.76
1762684727.1331806,1.50,2091.75
1762684728.13521,0.50,2091.75
1762684729.1371446,0.50,2091.75
1762684730.1392055,2.00,2091.75
1762684731.1414456,2.50,2091.75
1762684732.1438587,0.50,2091.74
1762684733.1474748,0.50,2091.74
1762684734.1503286,1.00,2091.74
1762684735.1526,0.00,2091.74
1762684736.1548438,1.00,2091.74
1762684737.1568482,3.50,2091.73
1762684738.158811,0.50,2091.73
1762684739.161171,1.00,2091.73
1762684740.1633365,1.50,2091.73
1762684741.1654284,0.50,2091.73
1762684742.1711965,0.50,2091.73
1762684743.1740289,1.50,2091.72
1762684744.1770637,0.50,2091.72
1762684745.1833982,1.00,2091.72
1762684746.185354,0.50,2091.72
1762684747.187231,1.50,2091.72
1762684748.1891644,0.50,2091.72
1762684749.191173,1.00,2091.71
1762684750.1937418,2.50,2091.71
1762684751.1963966,1.00,2091.71
1762684752.1985252,1.00,2091.71
1762684753.200709,0.50,2091.71
1762684754.2027938,1.50,2091.71
1762684755.2046957,0.50,2091.71
1762684756.207218,0.50,2091.71
1762684757.210054,0.50,2091.71
1762684758.211995,0.50,2091.71
1762684759.2141192,1.50,2091.70
1762684760.2163997,1.00,2091.70
1762684761.2187548,0.50,2091.70
1762684762.2207475,2.00,2091.70
1762684763.2228596,4.00,2091.95
1762684764.2247224,0.50,2091.95
1762684765.2265053,1.00,2091.95
1762684766.2283845,1.50,2091.95
1762684767.2302094,0.50,2091.95
1762684768.2326577,1.00,2091.95
1762684769.2344546,1.00,2091.94
1762684770.236502,1.00,2091.94
1762684771.2475736,0.50,2091.94
1762684772.2494078,0.50,2091.94
1762684773.251352,1.50,2091.94
1762684774.2533333,1.00,2091.94
1762684775.2554317,1.00,2091.93
1762684776.2576196,1.00,2091.93
1762684777.2594004,0.50,2091.93
1762684778.2657835,12.50,2091.93
1762684779.267692,5.60,2092.13
1762684780.2696817,1.00,2092.12
1762684781.2718234,1.00,2092.12
1762684782.2736998,0.50,2092.12
1762684783.2758698,0.50,2092.12
1762684784.2780108,53.60,2142.47
1762684785.2796452,1.00,2142.47
1762684786.2815478,2.00,2144.12
1762684787.2842987,4.00,2144.13
1762684788.2864485,6.00,2129.82
1762684789.2890823,1.50,2129.82
1762684790.32232,8.60,2103.66
1762684791.3275247,70.20,2075.11
1762684792.3304837,90.10,2075.45
1762684793.3335598,85.90,2077.19
1762684794.335489,88.30,2076.19
1762684795.3385813,77.70,2088.70
1762684796.3405144,89.90,2078.32
1762684797.3414881,90.70,2075.04
1762684798.344174,92.10,2076.77
1762684799.3536885,90.60,2076.07
1762684800.3591652,92.30,2075.29
1762684801.360442,91.80,2075.81
1762684802.368354,92.20,2078.17
1762684803.3701403,91.20,2075.34
1762684804.3745368,92.80,2075.68
1762684805.3787508,92.80,2076.84
1762684806.3826365,79.80,2078.64
1762684807.3875463,81.00,2074.23
1762684808.3900115,89.10,2076.53
1762684809.391583,91.90,2076.11
1762684810.3975878,90.70,2086.57
1762684811.3985147,87.80,2087.48
1762684812.4004965,92.90,2080.27
1762684813.4034562,90.80,2086.94
1762684814.4056919,91.60,2076.80
1762684815.4088254,93.00,2076.62
1762684816.4115424,92.80,2076.11
1762684817.415668,91.20,2096.70
1762684818.4194448,91.80,2074.99
1762684819.4255292,93.00,2080.20
1762684820.4274268,66.30,2077.52
1762684821.430114,1.00,2077.52
1762684822.4334078,1.00,2077.76
1762684823.4352374,1.00,2077.76
1762684824.4383657,0.50,2077.75
1762684825.4436557,0.50,2077.75
1762684826.4456215,1.50,2077.75
1762684827.4472778,0.50,2077.75
1762684828.448771,1.50,2077.75
1762684829.4508486,2.00,2077.99
1762684830.4547935,1.50,2077.99
1762684831.4789548,1.00,2077.99
1762684832.4809883,1.00,2077.99
1762684833.484192,1.00,2077.99
1762684834.486519,1.00,2077.98
1762684835.4947102,1.00,2077.98
1762684836.4965234,0.50,2077.98
1762684837.4984581,1.00,2077.98
1762684838.5105755,9.00,2077.98
1762684839.5152738,0.50,2077.98
1762684840.5171604,1.00,2077.98
1762684841.5194824,1.00,2077.98
1762684842.5218394,0.00,2077.98
1762684843.5240917,1.00,2077.98
1762684844.5257616,6.10,2077.98
1762684845.6962159,2.40,2077.97
1762684846.6982234,1.50,2077.97
1762684847.700255,0.50,2077.96
1762684848.702408,1.50,2077.96
1762684849.7055626,1.00,2077.96
1762684850.708533,4.00,2077.96
1762684851.7358077,1.00,2077.96
1762684852.7458317,1.50,2077.95
1762684853.7482305,2.10,2077.95
1762684854.749565,0.50,2077.95
1762684855.7767375,3.00,2077.95
1762684856.7884912,1.00,2077.95
1762684857.7913997,7.80,2077.95
1762684858.7943525,0.50,2077.94
1762684859.7962842,1.00,2077.94
1762684860.80426,2.00,2077.94
1762684861.8605697,1.40,2077.93
1762684862.8651302,0.50,2077.93
1762684863.8671174,0.50,2077.93
1762684864.869154,1.00,2077.93
1762684865.8713613,2.00,2077.93
1762684866.8743236,1.50,2077.92
1762684867.8767495,0.50,2077.92
1762684868.8881416,1.00,2077.92
1762684869.89027,1.00,2077.92
1762684870.8923273,2.00,2077.92
1762684871.8952138,1.00,2077.92
1762684872.897451,1.50,2077.91
1762684873.9050884,0.50,2077.91
1762684874.907148,0.50,2077.91
1762684875.9092903,2.00,2077.91
1762684876.912139,0.50,2077.91
1762684877.914227,1.00,2077.91
1762684878.9168053,1.00,2077.91
1762684879.9192855,1.00,2077.91
1762684880.9210489,1.00,2077.91
1762684881.9233203,1.00,2077.91
1762684882.926073,2.00,2077.91
1762684883.9291368,1.00,2077.91
1762684884.931179,1.00,2077.91
1762684885.9332314,1.00,2077.91
1762684886.935336,0.50,2077.91
1762684887.937331,1.00,2077.91
1762684888.9392645,1.00,2077.90
1762684889.9408464,1.00,2077.90
1762684890.9432049,0.00,2077.90
1762684891.945286,1.00,2077.90
1762684892.9473672,1.00,2077.90
1762684893.9534764,0.50,2077.89
1762684894.9554055,1.00,2077.89
1762684895.957518,1.00,2077.89
1762684896.9592876,1.00,2077.89
1762684897.9628217,0.50,2077.89
1762684898.9646018,19.70,2077.89
1762684899.9666038,1.00,2077.88
1762684900.9672928,0.50,2077.88
1762684901.969174,0.50,2077.88
1762684902.9711847,0.50,2077.88
1762684903.9752522,0.00,2077.88
1762684904.9773316,0.50,2077.88
1762684905.9793413,1.00,2077.88
1762684906.9847677,1.00,2077.88
1762684907.9872155,1.00,2077.88
1762684908.9894197,0.00,2077.88
1762684909.9916654,1.50,2077.88
1762684910.9936855,4.00,2077.88
1762684911.9958708,1.00,2077.88
1762684912.998037,1.50,2077.88
1762684913.9998374,0.50,2077.88
1762684915.0014486,0.50,2077.88
1762684916.0035915,1.00,2077.87
1762684917.005602,1.00,2077.87
1762684918.0074232,0.50,2077.87
1762684919.0098736,3.00,2077.87
1762684920.0116978,1.00,2077.87
1762684921.0145323,1.50,2077.86
1762684922.0166454,2.00,2077.85
1762684923.0184934,1.00,2077.85
1762684924.0195704,0.00,2077.83
1762684925.0204535,10.60,2078.46
1762684926.0244355,88.80,2070.04
1762684927.0283866,73.80,2089.73
1762684928.030254,86.00,2072.68
1762684929.0340135,89.70,2074.08
1762684930.035755,91.50,2069.46
1762684931.0384433,89.70,2072.54
1762684932.0502272,83.50,2070.40
1762684933.0514834,90.60,2069.55
1762684934.0526438,89.30,2071.81
1762684935.0565567,91.10,2069.89
1762684936.0633976,93.50,2070.91
1762684937.065629,93.00,2070.23
1762684938.0668159,95.20,2070.88
1762684939.0694966,92.60,2104.67
1762684940.070786,92.90,2069.51
1762684941.0735378,90.30,2071.41
1762684942.07541,92.30,2070.02
1762684943.0773556,91.40,2070.86
1762684944.0803742,92.10,2108.59
1762684945.0847764,87.20,2071.43
1762684946.087591,91.30,2071.82
1762684947.100488,91.40,2070.59
1762684948.10167,91.00,2076.84
1762684949.1065104,94.70,2071.12
1762684950.1074467,91.90,2084.14
1762684951.1104288,93.50,2071.24
1762684952.1172245,92.60,2072.38
1762684953.1194572,89.60,2069.20
1762684954.123158,89.60,2086.78
1762684955.126733,80.60,2047.75
1762684956.1288538,1.50,2048.07
1762684957.1316433,5.00,2048.74
1762684958.1338756,1.50,2048.74
1762684959.1387775,11.00,2048.74
1762684960.1416051,2.00,2048.73
1762684961.1453302,1.00,2048.73
1762684962.1472602,2.50,2048.73
1762684963.1491823,0.50,2048.73
1762684964.1512103,1.50,2048.73
1762684965.1535006,1.00,2048.73
1762684966.1555724,0.50,2048.73
1762684967.15749,2.00,2048.73
1762684968.1593134,1.00,2048.72
1762684969.161407,0.50,2048.72
1762684970.1637719,1.50,2048.72
1762684971.1658385,2.50,2048.71
1762684972.167806,1.00,2048.71
1762684973.169877,0.50,2048.71
1762684974.1721244,0.00,2048.71
1762684975.178007,1.00,2048.71
1762684976.180181,1.00,2048.71
1762684977.1818492,1.50,2048.70
1762684978.1851683,0.50,2048.70
1762684979.1877415,3.00,2048.70
1762684980.1893005,1.00,2048.70
1762684981.191458,1.50,2048.70
1762684982.1937592,1.00,2048.68
1762684983.1955333,1.00,2048.68
1762684984.1975913,0.50,2048.68
1762684985.1994362,1.00,2048.68
1762684986.201583,2.00,2048.90
1762684987.2035742,1.50,2048.90
1762684988.2057736,1.00,2048.89
1762684989.2078867,0.50,2048.89
1762684990.2097738,2.50,2048.89
1762684991.211801,1.50,2048.87
1762684992.2137837,1.00,2048.87
1762684993.2161188,1.50,2048.87
1762684994.2180645,1.00,2048.87
1762684995.2201483,1.00,2048.87
1762684996.222168,1.00,2048.87
1762684997.2248414,0.50,2048.86
1762684998.2271156,1.50,2048.86
1762684999.2287772,0.50,2048.86
1762685000.2332487,2.00,2048.86
1762685001.2365901,1.50,2048.86
1762685002.2386172,1.00,2048.86
1762685003.2410555,1.00,2048.86
1762685004.2448876,0.50,2048.86
1762685005.247079,1.00,2048.86
1762685006.2484217,1.00,2048.86
1762685007.2506363,0.50,2048.86
1762685008.2527645,0.50,2048.85
1762685009.25498,0.50,2048.85
1762685010.2580986,1.00,2048.85
1762685011.2598538,1.00,2048.85
1762685012.2627106,5.00,2048.85
1762685013.2643185,0.50,2048.85
1762685014.2662988,1.50,2048.85
1762685015.2684987,1.50,2048.85
1762685016.2695272,0.50,2048.85
1762685017.271479,1.00,2048.85
1762685018.2745318,13.10,2048.85
1762685019.2763216,3.00,2048.84
1762685020.278097,0.50,2048.84
1762685021.2797387,1.00,2048.84
1762685022.2822342,2.00,2048.84
1762685023.2852395,1.00,2048.84
1762685024.2874634,1.50,2048.83
1762685025.2893913,0.50,2048.83
1762685026.2913737,1.00,2048.83
1762685027.2934425,0.00,2048.83
1762685028.295751,1.00,2048.83
1762685029.2975812,1.00,2048.83
1762685030.2995906,1.50,2048.82
1762685031.3021789,3.00,2048.82
1762685032.3057477,1.50,2048.82
1762685033.3089874,1.00,2048.82
1762685034.3108094,1.00,2048.82
1762685035.312739,1.00,2048.82
1762685036.3147607,1.00,2048.82
1762685037.3173459,0.50,2048.82
1762685038.3191297,1.00,2048.82
1762685039.320853,0.50,2048.82
1762685040.3231301,3.00,2048.82
1762685041.32863,1.50,2048.81
1762685042.3306735,0.50,2048.81
1762685043.3335793,2.50,2048.80
1762685044.3355587,1.00,2048.80
1762685045.3374262,1.00,2048.80
1762685046.3394895,1.50,2048.80
1762685047.34569,1.50,2048.79
1762685048.3480186,0.50,2048.79
1762685049.350125,3.00,2048.79
1762685050.3520484,1.50,2048.79
1762685051.3540378,0.50,2048.79
1762685052.3564856,1.50,2048.78
1762685053.3592315,1.50,2048.78
1762685054.3611913,0.50,2048.78
1762685055.3631113,1.00,2048.78
1762685056.3652298,1.00,2048.78
1762685057.3671854,0.50,2048.78
1762685058.3692892,1.00,2048.77
1762685059.371061,1.00,2048.77
1762685060.3734772,78.10,2047.47
1762685061.3748562,90.30,2052.38
1762685062.3777738,89.70,2047.73
1762685063.3806825,89.10,2047.46
1762685064.3819754,91.60,2047.76
1762685065.3847556,92.30,2047.44
1762685066.3876882,90.80,2047.44
1762685067.391198,90.90,2048.61
1762685068.3986013,90.90,2049.04
1762685069.4016714,92.40,2058.79
1762685070.4081388,91.40,2047.52
1762685071.409549,91.30,2046.46
1762685072.4115129,90.90,2046.45
1762685073.4144008,90.10,2046.67
1762685074.4166873,88.50,2048.36
1762685075.420697,92.50,2046.89
1762685076.4224873,91.30,2050.50
1762685077.4266124,86.90,2046.87
1762685078.427618,88.80,2046.54
1762685079.4328318,87.90,2047.26
1762685080.4347262,90.40,2083.77
1762685081.4394798,82.70,2047.00
1762685082.4407272,89.40,2047.05
1762685083.4425068,86.10,2048.05
1762685084.4451864,87.90,2047.64
1762685085.4492834,90.10,2047.97
1762685086.4524555,90.10,2047.79
1762685087.455443,91.80,2047.73
1762685088.4605422,94.60,2091.00
1762685089.4655526,84.60,2091.43
1762685090.4687939,45.80,2082.94
1762685091.4712825,50.60,2088.36
1762685092.4727445,42.50,2085.70
1762685093.47519,26.80,2085.72
1762685094.481759,11.40,2080.21
1762685095.4844306,22.70,2080.58
1762685096.486215,22.90,2080.65
1762685097.4887917,5.90,2078.80
1762685098.4909556,4.10,2078.54
1762685099.4935067,6.70,2078.29
1762685100.4952836,44.60,2080.06
1762685101.4980166,55.80,2077.79
1762685102.500413,58.20,2102.78
1762685103.5059924,58.60,2098.59
1762685104.5081518,27.90,2096.85
1762685105.5124757,50.60,2096.84
1762685106.5144513,56.40,2091.68
1762685107.521549,56.60,2115.52
1762685108.523561,63.80,2123.75
1762685109.5244904,69.50,2145.27
1762685110.526342,74.30,2157.36
1762685111.5278523,67.50,2157.16
1762685112.529389,68.40,2174.78
1762685113.5314167,73.90,2172.87
1762685114.5324986,62.60,2173.82
1762685115.534699,63.00,2173.67
1762685116.5363884,69.00,2159.34
1762685117.559881,27.40,2160.23
1762685118.5617952,42.50,2165.92
1762685119.5638802,50.50,2176.60
1762685120.566258,1.00,2176.60
1762685121.5682,13.10,2171.37
1762685122.5702934,5.60,2112.31
1762685123.572308,2.00,2112.31
1762685124.5743227,0.50,2112.31
1762685125.5762558,10.80,2112.54
1762685126.5775921,3.50,2113.22
1762685127.5812144,1.00,2113.21
1762685128.5832345,1.00,2113.21
1762685129.58529,0.50,2113.21
1762685130.587084,1.50,2113.21
1762685131.5888572,0.50,2113.21
1762685132.5915325,0.50,2113.21
1762685133.593789,1.00,2113.21
1762685134.5956457,1.00,2113.21
1762685135.597515,2.00,2113.21
1762685136.5994787,1.00,2113.21
1762685137.6017725,0.50,2113.20
1762685138.6037893,1.00,2113.20
1762685139.605609,1.50,2113.20
1762685140.607393,1.50,2113.20
1762685141.6095738,11.10,2113.21
1762685142.6113183,1.50,2113.21
1762685143.6137307,1.00,2113.20
1762685144.6155312,1.00,2113.20
1762685145.618886,1.00,2113.20
1762685146.6226842,1.00,2113.18
1762685147.625637,0.50,2113.18
1762685148.6286461,1.00,2113.17
1762685149.6319745,1.50,2113.17
1762685150.6357157,4.00,2113.15
1762685151.6458342,2.50,2113.15
1762685152.6495507,1.00,2113.15
1762685153.6536574,0.50,2113.14
1762685154.6557004,0.00,2113.14
1762685155.6581216,2.00,2113.14
1762685156.660389,0.50,2113.14
1762685157.6637664,0.00,2113.14
1762685158.6674178,0.50,2113.14
1762685159.670601,1.00,2113.14
1762685160.6725483,4.00,2113.65
1762685161.6756895,1.50,2113.65
1762685162.677687,0.00,2113.65
1762685163.6812913,3.00,2113.64
1762685164.720883,1.00,2113.63
1762685165.7227328,1.00,2113.63
1762685166.7246568,1.50,2113.63
1762685167.726781,2.00,2113.63
1762685168.7407615,1.50,2113.63
1762685169.7491443,1.50,2113.63
1762685170.7514596,2.50,2113.62
1762685171.754222,18.30,2115.73
1762685172.756341,37.70,2112.74
1762685173.7572803,28.60,2135.62
1762685174.7591362,76.20,2119.25
1762685175.7606792,79.10,2130.31
1762685176.7625048,81.20,2142.12
1762685177.7634795,70.30,2147.62
1762685178.7654552,6.10,2147.55
1762685179.7675195,1.50,2147.55
1762685180.7696617,1.50,2147.55
1762685181.7717602,0.50,2147.55
1762685182.7745914,7.50,2147.79
1762685183.782087,1.00,2147.79
1762685184.7838626,3.50,2147.79
1762685185.7858274,1.00,2147.79
1762685186.7875476,1.50,2147.79
1762685187.7912662,2.00,2150.05
1762685188.7952793,3.00,2150.05
1762685189.7973273,1.00,2150.05
1762685190.8007815,1.00,2150.05
1762685191.802641,1.00,2150.05
1762685192.8045006,2.50,2150.05
1762685193.8073926,0.50,2150.04
1762685194.810748,54.00,2133.05
1762685195.815477,90.60,2131.26
1762685196.8164513,91.10,2129.70
1762685197.8184123,89.60,2131.13
1762685198.8206644,89.50,2145.42
1762685199.8255455,90.70,2144.44
1762685200.836416,92.00,2151.68
1762685201.8607879,88.50,2154.37
1762685202.8654385,88.80,2117.29
1762685203.8824425,42.10,2125.48
1762685205.5617766,33.30,2143.08
1762685206.5733426,34.80,2117.39
1762685207.575112,56.30,2147.44
1762685208.5809898,90.20,2117.39
1762685209.7458124,69.80,2130.88
1762685210.7844758,78.70,2133.48
1762685211.827677,47.10,2129.61
1762685212.8405905,17.60,2134.27
1762685213.8437448,66.20,2120.07
1762685215.373558,48.30,2137.90
1762685216.6388247,53.40,2118.29
1762685217.6430101,86.30,2118.93
1762685218.9436347,76.00,2118.36
1762685219.9455504,80.10,2117.79
1762685220.9470043,75.00,2118.95
1762685221.9551444,75.00,2126.87
1762685222.9564357,47.80,2118.94
1762685223.9594374,79.50,2117.99
1762685224.9633946,24.30,2118.55
1762685225.965712,2.00,2118.55
1762685227.0895445,8.50,2119.27
1762685228.0915673,0.50,2119.25
1762685229.0933802,1.00,2119.25
1762685230.0945575,2.50,2119.25
1762685231.0966299,5.90,2119.25
1762685232.099108,1.50,2119.23
1762685233.4668248,1.10,2119.23
1762685234.471445,4.30,2119.23
1762685235.472536,19.70,2123.41
1762685236.488821,4.60,2123.32
1762685237.4921048,2.20,2123.32
1762685238.5031934,6.80,2123.35
1762685239.5057347,5.70,2123.35
1762685240.6164677,2.30,2123.33
1762685241.6205425,2.10,2123.33
1762685242.6225543,2.50,2123.33
1762685243.6251507,1.50,2123.33
1762685244.6278164,1.00,2123.32
1762685245.6317942,7.70,2123.32
1762685246.6337621,2.00,2123.32
1762685247.636052,1.50,2124.06
1762685248.6417122,2.50,2124.06
1762685249.6476812,5.10,2124.05
1762685250.6505995,2.00,2124.05
1762685251.6563082,1.00,2124.05
1762685252.65845,1.50,2124.05
1762685253.6644301,5.60,2124.05
1762685254.666669,1.10,2124.02
1762685255.6716905,1.00,2124.02
1762685256.673963,2.00,2124.02
1762685258.0342145,2.30,2124.02
1762685259.035562,2.90,2124.02
1762685260.0376785,1.50,2124.02
1762685261.2521844,1.30,2124.01
1762685262.255195,29.40,2124.01
1762685263.2611127,1.50,2123.99
1762685264.2869487,1.50,2123.99
1762685265.289182,1.60,2123.99
1762685266.2930617,4.10,2124.21
1762685267.2952158,2.00,2124.21
1762685268.405264,0.90,2124.21
1762685269.4074552,1.00,2124.21
1762685270.4095705,3.60,2124.21
1762685271.411843,1.60,2124.20
1762685272.4156919,3.10,2124.20
1762685273.4176357,1.00,2124.20
1762685274.4185095,4.60,2124.40
1762685275.437099,1.50,2124.40
1762685276.4392703,1.50,2122.67
1762685277.4416454,1.00,2122.67
1762685278.443651,2.00,2122.67
1762685279.4467926,3.60,2122.65
1762685280.448679,4.50,2122.65
1762685281.4515357,1.00,2122.65
1762685282.453766,0.50,2122.64
1762685283.4560463,2.40,2122.64
1762685284.4576888,2.00,2122.64
1762685285.4593484,1.00,2122.63
1762685286.4631808,1.00,2122.63
1762685287.4652026,1.00,2122.63
1762685288.4671855,3.60,2122.62
1762685289.4692152,1.00,2122.62
1762685290.4715335,3.00,2122.62
1762685291.4743245,1.50,2122.62
1762685292.4763453,0.50,2122.62
1762685293.4791737,0.50,2122.61
1762685294.4831336,0.50,2122.61
1762685295.4861646,1.00,2122.61
1762685296.4881904,0.50,2122.61
1762685297.4902248,1.50,2122.61
1762685298.4919705,1.00,2122.61
1762685299.4952016,3.00,2122.58
1762685300.497167,1.50,2122.58
1762685301.4993947,1.50,2122.58
1762685302.502177,5.60,2122.58
1762685303.5044692,2.00,2122.58
1762685304.5057395,1.00,2122.57
1762685305.50898,3.10,2122.57
1762685306.5277183,4.50,2122.57
1762685307.5317876,1.10,2122.57
1762685308.533814,1.00,2122.57
1762685309.5358717,3.10,2122.57
1762685310.9799974,4.40,2122.55
1762685311.9828575,1.10,2122.55
1762685312.9851182,3.00,2122.55
1762685313.9964933,4.50,2122.54
1762685314.9987292,1.50,2122.53
1762685316.0033994,1.00,2122.53
1762685317.009546,5.70,2122.53
1762685318.0756428,1.90,2122.53
1762685319.0774949,1.50,2122.53
1762685320.0794966,0.50,2122.53
1762685321.081434,4.00,2122.52
1762685322.4467633,12.10,2122.50
1762685323.4714837,8.60,2122.50
1762685324.4735076,1.00,2122.50
1762685325.5285044,2.00,2122.50
1762685326.5349054,4.10,2122.48
1762685327.5370626,1.00,2122.48
1762685328.54199,2.50,2122.47
1762685329.544309,4.60,2122.47
1762685330.5500124,1.50,2122.47
1762685331.554518,77.40,2116.93
1762685332.5913126,89.40,2119.84
1762685333.5925894,75.80,2120.29
1762685334.6015155,90.30,2115.18
1762685335.6049988,81.30,2127.77
1762685336.6074705,87.40,2118.41
1762685337.6095152,91.80,2116.05
1762685338.6114695,88.10,2115.34
1762685339.6147692,91.40,2122.78
1762685340.6165304,89.40,2120.28
1762685341.6205676,90.70,2114.39
1762685342.6213899,88.90,2114.52
1762685343.6292644,85.90,2115.93
1762685344.6313658,89.00,2115.45
1762685345.633666,91.40,2115.62
1762685346.636199,88.30,2118.81
1762685347.6814945,68.50,2129.68
1762685348.6930664,44.40,2138.14
1762685349.694289,81.50,2114.41
1762685350.700638,89.40,2115.39
1762685351.704213,93.00,2115.16
1762685352.707472,91.80,2114.63
1762685353.711662,85.60,2113.98
1762685354.7161012,91.20,2113.99
1762685355.7174501,89.60,2115.52
1762685356.719448,91.70,2117.55
1762685357.723734,91.80,2115.08
1762685358.7264569,92.50,2115.73
1762685359.7314,89.10,2126.82
1762685360.7334502,89.80,2114.17
1762685361.7354612,1.50,2114.51
1762685362.7392304,0.50,2114.50
1762685363.741248,5.60,2114.75
1762685364.743317,1.00,2114.75
1762685365.7452672,1.00,2114.75
1762685366.7503421,1.00,2114.75
1762685367.7680433,0.50,2114.74
1762685368.7726989,0.50,2114.74
1762685369.7754972,1.00,2114.74
1762685370.7784312,1.00,2114.74
1762685371.7814848,1.00,2114.74
1762685372.7834349,2.00,2114.73
1762685373.7854922,0.50,2114.73
1762685374.7876341,1.00,2114.73
1762685375.7899885,1.00,2114.73
1762685376.7922516,0.50,2114.73
1762685377.7938519,0.50,2114.73
1762685378.7957652,0.50,2114.72
1762685379.7976565,1.00,2114.72
1762685380.7994661,1.00,2114.72
1762685381.8023157,0.50,2114.72
1762685382.8040965,1.00,2114.72
1762685383.8053873,28.90,2132.15
1762685384.8074875,40.40,2159.22
1762685385.8168862,1.50,2159.22
1762685386.8188648,3.00,2161.09
1762685387.821177,3.10,2161.11
1762685388.8231328,0.50,2161.11
1762685389.8248527,1.50,2161.11
1762685390.8262465,1.00,2161.11
1762685391.8276377,2.10,2161.11
1762685392.830692,1.50,2161.11
1762685393.8330524,0.50,2161.11
1762685394.835052,0.50,2161.11
1762685395.8377175,1.00,2161.11
1762685396.8408191,1.50,2161.11
1762685397.8431733,2.00,2161.11
1762685398.8474314,0.50,2161.11
1762685399.8866632,1.40,2161.11
1762685400.8886974,4.50,2161.11
1762685401.8921578,0.50,2161.11
1762685402.8941453,2.50,2161.11
1762685403.895707,11.90,2161.29
1762685404.8988247,1.50,2161.27
1762685405.9017768,1.00,2161.27
1762685406.904454,1.50,2161.29
1762685407.9067907,4.50,2161.29
1762685408.9092069,0.50,2161.28
1762685409.911204,1.00,2161.28
1762685410.913171,6.70,2161.27
1762685411.915323,2.10,2161.26
1762685412.9173405,1.00,2161.24
1762685413.9202123,2.60,2161.24
1762685414.9237025,2.60,2161.24
1762685415.9256096,1.00,2161.24
1762685416.9277534,1.50,2161.24
1762685417.9307215,3.10,2161.21
1762685418.9327023,1.50,2161.21
1762685419.93478,1.00,2161.21
1762685420.9493575,2.00,2161.21
1762685421.9513693,1.00,2161.21
1762685422.953746,1.50,2161.20
1762685423.9560554,0.50,2161.20
1762685424.9583514,0.50,2161.20
1762685425.9652796,1.50,2161.20
1762685426.968105,1.50,2161.20
1762685427.9706962,0.50,2161.20
1762685428.9725738,0.50,2161.20
1762685429.974301,2.00,2161.20
1762685430.9753933,0.50,2161.20
1762685431.9825652,1.00,2161.20
1762685432.9981406,1.00,2161.19
1762685434.0014508,0.50,2161.19
1762685435.0035205,4.10,2161.17
1762685436.0056586,1.00,2161.17
1762685437.0076072,1.50,2161.17
1762685438.009226,1.00,2161.17
1762685439.0112686,1.50,2161.16
1762685440.0241158,1.00,2161.16
1762685441.0261867,0.50,2161.16
1762685442.0423105,1.00,2161.16
1762685443.0460753,1.00,2161.16
1762685444.0481734,1.00,2161.15
1762685445.0550292,12.00,2161.15
1762685446.0571153,1.00,2161.15
1762685447.059565,0.50,2161.15
1762685448.064676,2.50,2161.14
1762685449.0664878,1.00,2161.14
1762685450.068513,1.50,2161.14
1762685451.073105,2.10,2161.14
1762685452.0753794,3.60,2161.14
1762685453.0776517,0.00,2161.14
1762685454.0793917,1.00,2161.14
1762685455.081635,1.50,2161.13
1762685456.0845375,1.50,2161.13
1762685457.087371,1.00,2161.13
1762685458.0904999,2.00,2161.12
1762685459.0938246,1.00,2161.12
1762685460.0957036,1.00,2161.11
1762685461.098014,2.50,2161.11
1762685462.100514,1.00,2161.11
1762685463.103021,1.00,2161.11
1762685464.1047504,0.00,2161.11
1762685465.1066577,2.50,2161.11
1762685466.109861,24.20,2136.63
1762685467.1126373,2.00,2136.63
1762685468.1148188,1.00,2136.63
1762685469.1203003,0.50,2136.63
1762685470.1223662,3.10,2129.00
1762685471.1244657,1.00,2129.00
1762685472.1268497,1.00,2129.00
1762685473.1311579,0.50,2129.00
1762685474.133512,0.50,2129.00
1762685475.1391647,1.00,2128.99
1762685476.141556,1.00,2128.99
1762685477.1443434,1.50,2128.99
1762685478.1456604,0.50,2128.99
1762685479.1475334,0.50,2128.99
1762685480.1508212,1.00,2128.98
1762685481.1527367,0.50,2128.98
1762685482.1560588,1.00,2128.98
1762685483.1585178,1.00,2128.98
1762685484.1607034,0.50,2128.98
1762685485.1635954,1.00,2128.98
1762685486.1655827,1.00,2128.98
1762685487.168299,2.00,2128.98
1762685488.1701593,2.50,2129.20
1762685489.1733305,3.60,2129.41
1762685490.1749465,2.10,2129.41
1762685491.176778,1.00,2129.41
1762685492.1796196,0.50,2129.41
1762685493.181491,1.00,2129.41
1762685494.1847532,1.00,2129.41
1762685495.2135348,0.50,2129.41
1762685496.2157657,1.50,2129.39
1762685497.2184205,1.50,2129.39
1762685498.241593,1.00,2129.39
1762685499.2445369,1.00,2129.39
1762685500.25127,0.00,2129.39
1762685501.2535837,6.10,2129.39
1762685502.2634358,16.90,2129.38
1762685503.266655,10.10,2129.38
1762685504.277423,10.60,2129.38
1762685505.2793524,26.20,2129.38
1762685506.2984023,10.20,2129.38
1762685507.3076699,10.40,2129.37
1762685508.3163018,9.70,2129.37
1762685509.3185136,9.00,2129.37
1762685510.321433,5.80,2129.37
1762685511.3231099,16.10,2129.37
1762685512.3361475,53.80,2097.89
1762685513.3383756,53.50,2098.83
1762685514.3573523,37.70,2122.22
1762685515.3948026,63.70,2122.96
1762685516.4055915,42.30,2122.96
1762685517.407472,74.40,2114.95
1762685518.416597,88.30,2118.91
1762685519.4186542,67.70,2131.40
1762685520.4281442,48.10,2136.10
1762685521.4307032,14.10,2136.10
1762685522.4374118,2.50,2136.10
1762685523.4474738,1.00,2136.10
1762685524.4496932,1.00,2136.10
1762685525.4517457,1.50,2136.08
1762685526.459509,1.50,2136.08
1762685527.4615872,1.50,2136.08
1762685528.4660606,1.00,2136.08
1762685529.4684236,2.50,2138.32
1762685530.4720109,1.50,2138.33
1762685531.474186,3.00,2138.33
1762685532.4761055,0.50,2138.33
1762685533.478034,1.00,2138.33
1762685534.4797657,0.50,2138.33
1762685535.4817212,1.00,2138.33
1762685536.484309,1.50,2138.32
1762685537.4882605,1.00,2138.32
1762685538.4907978,0.50,2138.32
1762685539.4928277,1.00,2138.32
1762685540.4948852,1.00,2138.32
1762685541.4971988,1.50,2138.32
1762685542.4994318,1.50,2138.32
1762685543.501222,2.10,2121.92
1762685544.5033839,1.50,2122.41
1762685545.509799,2.00,2122.41
1762685546.511743,1.50,2122.41
1762685547.5137124,0.50,2122.41
1762685548.5163999,1.00,2122.41
1762685549.5172884,1.00,2122.41
1762685550.5192542,1.00,2122.41
1762685551.5205665,1.00,2122.41
1762685552.5213535,2.00,2123.14
1762685553.52416,1.50,2123.38
1762685554.5262973,1.00,2123.38
1762685555.528745,0.50,2123.38
1762685556.5306535,1.00,2123.38
1762685557.5328727,0.50,2123.38
1762685558.5351763,1.50,2123.38
1762685559.5380785,0.50,2123.38
1762685560.5400283,0.50,2123.38
1762685561.541853,0.50,2123.38
1762685562.5440638,0.50,2123.38
1762685563.5458243,1.00,2123.38
1762685564.5478392,12.20,2123.38
1762685565.550072,1.00,2123.37
1762685566.5518818,0.00,2123.37
1762685567.554319,0.50,2123.37
1762685568.55632,0.50,2123.37
1762685569.5584102,2.50,2123.37
1762685570.5606647,1.50,2123.36
1762685571.5628264,1.50,2123.36
1762685572.5667946,1.00,2123.36
1762685573.569317,1.00,2123.36
1762685574.5713706,1.50,2123.36
1762685575.577197,0.50,2123.36
1762685576.5797462,4.50,2123.59
1762685577.582536,2.00,2123.82
1762685578.5851867,18.70,2124.07
1762685579.5873115,10.80,2124.39
1762685580.5893657,7.30,2124.63
1762685581.591633,15.50,2124.57
1762685582.5935552,23.70,2124.82
1762685583.5961487,29.70,2124.89
1762685584.598524,32.80,2125.12
1762685585.6016204,15.70,2125.20
1762685586.6040645,16.70,2125.20
1762685587.6067631,4.50,2125.20
1762685588.6105556,8.90,2125.42
1762685589.6128666,10.30,2125.89
1762685590.6176188,1.00,2125.82
1762685591.6195168,1.00,2125.82
1762685592.6216862,4.10,2125.81
1762685593.6261404,11.90,2125.96
1762685594.6317768,14.90,2126.16
1762685595.635214,4.00,2126.12
1762685596.637316,5.00,2126.12
1762685597.6393905,13.80,2126.28
1762685598.6404135,40.50,2124.29
1762685599.6546054,42.80,2125.57
1762685600.670319,58.00,2126.24
1762685601.6727262,22.40,2112.15
1762685602.6748137,1.00,2112.15
1762685603.6771793,10.10,2131.35
1762685604.679125,3.50,2131.26
1762685605.6811576,1.00,2131.26
1762685606.687823,4.50,2131.26
1762685607.690286,4.50,2131.50
1762685608.6925702,11.10,2131.48
1762685609.6987176,25.90,2131.69
1762685610.7002504,34.80,2138.40
1762685611.7049625,52.20,2141.45
1762685612.7097094,1.50,2141.45
1762685613.7153926,1.00,2141.45
1762685614.7177758,1.50,2141.45
1762685615.7197044,42.00,2141.69
1762685616.7218084,41.20,2141.69
1762685617.7234654,22.20,2141.36
