timestamp,cpu_percent,mem_used_mb
1761997829.835004,45.30,1307.69
1761997830.8369384,16.10,1307.84
1761997831.83856,5.00,1307.84
1761997832.8402684,0.50,1307.84
1761997833.8418372,0.50,1307.84
1761997834.8434155,1.50,1307.84
1761997835.8449204,0.50,1307.84
1761997836.8466074,8.20,1300.50
1761997837.8476846,3.00,1300.50
1761997838.849307,6.70,1300.50
1761997839.8511665,4.50,1300.50
1761997840.852635,4.00,1300.49
1761997841.8541214,4.00,1300.47
1761997842.855619,4.40,1300.47
1761997843.8571286,3.40,1300.47
1761997844.8587542,3.90,1300.47
1761997845.8603015,3.30,1300.47
1761997846.8617613,4.00,1300.47
1761997847.8636386,2.80,1300.47
1761997848.8651664,5.00,1300.46
1761997849.8666534,3.40,1300.45
1761997850.8681698,3.40,1300.45
1761997851.869657,2.80,1300.45
1761997852.8711934,4.50,1300.45
1761997853.8727245,5.00,1300.45
1761997854.8743618,6.20,1300.45
1761997855.8759809,6.20,1300.45
1761997856.877601,6.70,1300.45
1761997857.8791385,13.00,1300.45
1761997858.8805466,4.50,1300.42
1761997859.8819847,4.70,1300.42
1761997860.8837416,5.10,1300.41
1761997861.8853018,3.40,1300.41
1761997862.886783,4.50,1300.41
1761997863.8883348,2.80,1300.39
1761997864.8898158,2.80,1300.39
1761997865.8913484,3.30,1300.39
1761997866.8928602,1.60,1293.42
1761997867.894833,0.50,1293.42
1761997868.8963861,1.00,1293.42
1761997869.8974447,1.00,1293.42
1761997870.8992438,1.00,1293.42
1761997871.9007888,0.50,1293.42
1761997872.902612,1.00,1293.41
1761997873.9053416,1.00,1293.41
1761997874.9082768,0.50,1293.41
1761997875.9101,1.00,1293.41
1761997876.9116035,4.00,1293.40
1761997877.913246,1.00,1293.40
1761997878.9147537,1.50,1293.40
1761997879.9163148,7.50,1293.40
1761997880.9180825,0.00,1293.39
1761997881.9196203,1.00,1293.39
1761997882.9212687,0.00,1293.39
1761997883.9227796,1.00,1293.39
1761997884.9243925,0.00,1293.39
1761997885.9259157,4.50,1294.12
1761997886.9278176,2.00,1294.10
1761997887.929429,0.00,1294.10
1761997888.9312422,1.50,1294.10
1761997889.932862,0.50,1294.09
1761997890.9343643,1.50,1294.06
1761997891.935867,0.50,1294.06
1761997892.9374518,0.00,1294.06
1761997893.9391828,0.50,1294.06
1761997894.9406502,0.50,1294.05
1761997895.9422238,0.50,1294.05
1761997896.9439373,5.50,1294.27
1761997897.945589,1.50,1294.27
1761997898.9463022,5.00,1294.51
1761997899.947896,2.00,1294.41
1761997900.9494827,2.50,1294.40
1761997901.95115,1.00,1294.40
1761997902.952689,0.00,1294.40
1761997903.954304,0.00,1294.40
1761997904.9558456,1.00,1294.40
1761997905.9575512,1.00,1294.36
1761997906.9591184,1.00,1294.36
1761997907.9608278,0.50,1294.36
1761997908.962543,0.00,1294.34
1761997909.9641907,1.00,1294.34
1761997910.9657695,1.00,1294.34
1761997911.967347,1.00,1294.33
1761997912.9689035,0.00,1294.33
1761997913.970531,1.00,1294.33
1761997914.9723248,0.00,1294.32
1761997915.9739177,0.50,1294.32
1761997916.9755356,0.00,1294.32
1761997917.9771392,0.00,1294.32
1761997918.9788146,0.50,1294.32
1761997919.980373,0.00,1294.32
1761997920.9819467,0.50,1294.31
1761997921.9835966,0.50,1294.31
1761997922.9852834,0.50,1294.31
1761997923.9868116,0.00,1294.31
1761997924.987522,3.00,1294.31
1761997925.9893045,1.50,1294.29
1761997926.9909863,0.50,1294.29
1761997927.9926765,0.50,1294.29
1761997928.994295,2.50,1294.29
1761997929.996359,1.00,1294.27
1761997930.9979892,2.50,1294.25
1761997931.9996424,1.00,1294.25
1761997933.0012329,3.50,1294.25
1761997934.0027535,0.00,1294.25
1761997935.0045655,1.50,1294.25
1761997936.006399,4.50,1294.23
1761997937.0079167,1.50,1294.23
1761997938.0095017,0.50,1294.21
1761997939.0110857,0.00,1294.21
1761997940.0124485,4.50,1294.21
1761997941.014188,0.50,1294.20
1761997942.0159338,1.00,1294.20
1761997943.0176668,0.00,1294.20
1761997944.0193927,0.50,1294.20
1761997945.020909,0.50,1294.20
1761997946.0226617,1.50,1294.19
1761997947.0243452,0.00,1294.19
1761997948.0262165,0.50,1294.19
1761997949.0278475,0.00,1294.18
1761997950.0298023,0.00,1294.18
1761997951.0314689,0.50,1294.18
1761997952.0331793,1.00,1294.17
1761997953.034747,1.50,1294.17
1761997954.0363786,0.50,1294.17
1761997955.038002,0.00,1294.17
1761997956.0396595,1.50,1294.17
1761997957.0417964,0.00,1294.14
1761997958.043402,2.50,1294.14
1761997959.0449045,5.10,1294.57
1761997960.046526,0.50,1294.57
1761997961.0484748,0.50,1294.57
1761997962.0501618,0.50,1294.57
1761997963.0514305,0.00,1294.57
1761997964.0531461,0.50,1294.57
1761997965.055836,0.50,1294.57
1761997966.0574942,0.50,1294.57
1761997967.0590863,0.50,1294.56
1761997968.0607638,7.00,1294.56
1761997969.0623534,0.50,1294.54
1761997970.063898,1.00,1294.52
1761997971.0653741,6.20,1294.03
1761997972.0669549,7.50,1294.00
1761997973.0689225,4.20,1294.00
1761997974.07162,4.00,1294.00
1761997975.0734274,4.00,1293.99
1761997976.0758216,7.30,1293.99
1761997977.077712,3.00,1293.98
1761997978.0796564,5.80,1293.96
1761997979.0818262,5.00,1293.96
1761997980.0833602,5.10,1293.96
1761997981.0851607,5.70,1293.93
1761997982.0866714,3.40,1293.93
1761997983.088179,13.20,1285.69
1761997984.0896406,2.40,1285.68
1761997985.0911818,2.80,1285.68
1761997986.0926912,6.20,1285.90
1761997987.0946012,4.70,1285.90
1761997988.0963998,2.80,1285.90
1761997989.097888,3.40,1285.90
1761997990.0993743,2.30,1285.90
1761997991.1010065,4.70,1286.14
1761997992.1025288,3.40,1286.14
1761997993.1039715,5.10,1286.14
1761997994.1057186,2.30,1286.14
1761997995.1082232,5.00,1286.13
1761997996.1100864,4.50,1286.13
1761997997.1116116,5.00,1286.13
1761997998.1132975,3.40,1286.12
1761997999.1147838,5.50,1286.12
1761998000.1162908,4.60,1286.12
1761998001.1178,3.90,1284.87
1761998002.1195073,1.00,1284.83
1761998003.1212502,4.50,1284.83
1761998004.1228125,2.00,1285.07
1761998005.1243825,0.50,1285.07
1761998006.1261182,0.50,1285.07
1761998007.1276352,1.00,1285.07
1761998008.1291695,1.50,1285.05
1761998009.13078,0.00,1285.05
1761998010.1324377,1.00,1285.05
1761998011.1341,0.00,1285.05
1761998012.1357815,0.00,1285.05
1761998013.1374009,1.00,1285.05
1761998014.1388981,0.00,1285.05
1761998015.1403604,0.50,1285.04
1761998016.141942,1.00,1285.04
1761998017.1436684,0.00,1285.04
1761998018.1453996,1.00,1285.04
1761998019.146937,2.00,1285.04
1761998020.1488764,0.00,1285.04
1761998021.1503527,1.00,1285.04
1761998022.153004,0.50,1285.04
1761998023.1546917,1.00,1285.03
1761998024.155377,0.50,1285.03
1761998025.1571164,0.50,1285.03
1761998026.1586545,0.00,1285.03
1761998027.160213,1.00,1285.03
1761998028.161833,0.00,1285.03
1761998029.1625547,1.00,1285.03
1761998030.1642828,0.00,1285.03
1761998031.1658728,1.00,1285.03
1761998032.1676064,0.00,1285.03
1761998033.169148,1.00,1285.02
1761998034.1708314,1.00,1285.02
1761998035.1723723,0.50,1285.02
1761998036.1738718,0.50,1285.02
1761998037.1754909,2.50,1285.25
1761998038.1771615,3.00,1285.46
1761998039.1791854,0.50,1285.45
1761998040.1811607,1.50,1285.45
1761998041.182863,4.50,1285.45
1761998042.184737,0.50,1285.45
1761998043.1863859,0.50,1285.45
1761998044.1881614,2.50,1285.45
1761998045.189815,4.50,1285.40
1761998046.1915362,1.00,1285.40
1761998047.193152,1.00,1285.38
1761998048.194727,4.50,1285.37
1761998049.1962905,1.00,1285.37
1761998050.1982954,0.00,1285.37
1761998051.1997771,1.00,1285.37
1761998052.2013485,1.00,1285.34
1761998053.2028997,0.50,1285.34
1761998054.204509,0.50,1285.34
1761998055.2059855,12.70,1285.34
1761998056.2078001,5.50,1285.34
1761998057.2095048,0.50,1285.30
1761998058.2113605,3.00,1285.28
1761998059.212839,0.00,1285.28
1761998060.2143612,0.50,1285.26
1761998061.21609,0.50,1285.26
1761998062.2179925,0.00,1285.26
1761998063.2199636,6.50,1285.18
1761998064.2216446,1.00,1285.16
1761998065.2232645,0.00,1285.16
1761998066.2248256,0.50,1285.16
1761998067.2264225,0.00,1285.16
1761998068.228354,1.50,1285.10
1761998069.2302322,0.50,1285.02
1761998070.2321587,3.50,1284.96
1761998071.2338376,0.50,1284.93
1761998072.235522,2.50,1284.93
1761998073.2371054,0.50,1284.80
1761998074.2387412,0.50,1284.80
1761998075.2403476,0.50,1284.78
1761998076.2418807,1.00,1284.78
1761998077.2436085,0.00,1284.78
1761998078.2454023,0.00,1284.77
1761998079.2471123,2.00,1284.77
1761998080.2486403,0.00,1284.77
1761998081.250358,1.00,1284.77
1761998082.2517958,0.00,1284.77
1761998083.2534134,0.50,1284.77
1761998084.2552261,0.00,1284.76
1761998085.256795,0.50,1284.76
1761998086.2585754,1.00,1284.76
1761998087.2601535,0.00,1284.76
1761998088.2618837,0.00,1284.76
1761998089.2637188,0.50,1284.76
1761998090.2654185,0.50,1284.76
1761998091.2669804,0.00,1284.75
1761998092.268645,0.00,1284.75
1761998093.2703083,1.50,1284.75
1761998094.2718604,1.00,1284.75
1761998095.2726882,0.00,1284.75
1761998096.2743382,0.00,1284.75
1761998097.2759192,0.50,1284.75
1761998098.2776382,0.50,1284.75
1761998099.2792904,0.50,1284.74
1761998100.2807865,0.50,1284.74
1761998101.2825503,0.50,1284.73
1761998102.2842128,0.00,1284.72
1761998103.2857327,0.50,1284.72
1761998104.287341,0.50,1284.72
1761998105.288922,0.50,1284.72
1761998106.2904375,2.20,1284.21
1761998107.291864,2.80,1284.21
1761998108.2933366,3.90,1284.21
1761998109.2948298,4.70,1285.20
1761998110.2966204,2.80,1285.20
1761998111.2974048,5.70,1285.19
1761998112.298867,4.40,1285.19
1761998113.3003554,4.60,1285.19
1761998114.302062,3.90,1285.19
1761998115.3036284,3.50,1285.19
1761998116.305176,2.80,1285.19
1761998117.3067613,4.40,1285.19
1761998118.3083367,2.80,1285.19
1761998119.3100488,2.20,1285.19
1761998120.3115141,2.80,1285.19
1761998121.3130808,4.40,1285.18
1761998122.314605,3.40,1285.18
1761998123.3161342,3.90,1285.18
1761998124.3175902,9.00,1285.18
1761998125.319138,3.40,1285.18
1761998126.3206596,4.00,1285.16
1761998127.3222094,3.40,1285.16
1761998128.3238587,2.80,1285.16
1761998129.3253872,3.40,1285.15
1761998130.326907,2.30,1285.15
1761998131.3284833,3.50,1285.15
1761998132.3300543,4.40,1285.15
1761998133.331531,3.90,1285.15
1761998134.3333013,2.30,1285.14
1761998135.335245,3.40,1285.14
1761998136.3369658,2.10,1283.30
1761998137.3386931,0.50,1283.30
1761998138.3403063,1.50,1283.76
1761998139.3422444,2.50,1284.00
1761998140.3439093,2.00,1283.99
1761998141.3467708,35.90,1284.07
1761998142.3483176,3.50,1276.11
1761998143.3498363,0.50,1273.96
1761998144.3513858,1.50,1273.95
1761998145.353065,1.00,1273.95
1761998146.3547068,4.50,1273.62
1761998147.3565845,0.50,1273.62
1761998148.3582776,0.50,1273.62
1761998149.3599527,0.50,1273.62
1761998150.3615818,0.50,1273.62
1761998151.3632286,0.00,1273.62
1761998152.3648467,0.50,1273.62
1761998153.3664887,1.50,1273.61
1761998154.367975,1.00,1273.61
1761998155.3695755,0.50,1273.61
1761998156.3712454,0.50,1273.61
1761998157.3727736,0.50,1273.61
1761998158.3744502,0.50,1273.61
1761998159.3759203,0.00,1273.61
1761998160.377504,1.00,1273.61
1761998161.3791473,0.00,1273.61
1761998162.3808634,0.00,1273.61
1761998163.382668,1.00,1273.61
1761998164.3842921,1.00,1273.61
1761998165.3858514,0.50,1273.61
1761998166.3874605,0.50,1273.61
1761998167.3892179,0.50,1273.61
1761998168.3908768,0.50,1273.61
1761998169.3924057,1.00,1273.61
1761998170.3939266,0.00,1273.59
1761998171.3954875,2.00,1273.59
1761998172.3969786,0.50,1273.59
1761998173.3986263,1.00,1273.59
1761998174.4002454,0.00,1273.59
1761998175.4018462,0.00,1273.59
1761998176.4032614,1.00,1273.59
1761998177.4048762,2.00,1273.59
1761998178.406449,0.50,1273.58
1761998179.4081194,0.00,1273.57
1761998180.4097219,1.00,1273.57
1761998181.411399,0.00,1273.56
1761998182.4128747,1.00,1273.56
1761998183.4143362,1.00,1273.56
1761998184.4158282,4.50,1273.56
1761998185.4174538,0.00,1273.55
1761998186.419139,1.00,1273.55
1761998187.4207938,0.50,1273.55
1761998188.4223766,0.50,1273.55
1761998189.423877,0.00,1273.55
1761998190.4256692,0.50,1273.55
1761998191.4273536,0.00,1273.55
1761998192.4288497,0.00,1273.55
1761998193.4305046,1.00,1273.55
1761998194.4320934,0.00,1273.55
1761998195.4336307,0.50,1273.55
1761998196.4353747,1.00,1273.79
1761998197.4363463,0.50,1273.77
1761998198.4378548,0.50,1273.77
1761998199.439644,9.10,1274.00
1761998200.4413579,0.50,1273.96
1761998201.4429398,0.00,1273.96
1761998202.4447057,6.50,1273.96
1761998203.44677,0.50,1273.96
1761998204.4483674,3.00,1273.96
1761998205.4503465,0.50,1273.94
1761998206.451936,0.00,1273.94
1761998207.4536095,0.00,1273.94
1761998208.455262,0.00,1273.94
1761998209.4571595,1.00,1273.94
1761998210.459181,0.00,1273.94
1761998211.460774,1.00,1273.93
1761998212.4624243,0.50,1273.93
1761998213.463941,0.00,1273.93
1761998214.466232,1.00,1273.93
1761998215.4679015,0.50,1273.93
1761998216.46985,0.00,1273.92
1761998217.4713588,0.50,1273.92
1761998218.4733455,0.00,1273.92
1761998219.474901,0.50,1273.92
1761998220.476452,1.00,1273.92
1761998221.478091,1.00,1273.92
1761998222.479849,0.00,1273.91
1761998223.4814343,0.50,1273.91
1761998224.4841173,0.00,1273.91
1761998225.4857528,1.00,1273.91
1761998226.487301,0.00,1273.91
1761998227.4891481,0.00,1273.90
1761998228.4906151,0.50,1273.90
1761998229.4922342,0.50,1273.90
1761998230.493747,0.00,1273.90
1761998231.49528,1.00,1273.90
1761998232.497089,1.00,1273.89
1761998233.4987216,0.00,1273.89
1761998234.500391,0.50,1273.89
1761998235.5021398,0.50,1273.89
1761998236.5037284,0.00,1273.89
1761998237.5053735,0.00,1273.89
1761998238.5069962,0.00,1273.89
1761998239.5086453,0.00,1273.89
1761998240.5101697,1.50,1273.40
1761998241.510946,2.90,1273.38
1761998242.5123825,3.60,1273.38
1761998243.513956,4.40,1273.38
1761998244.5159092,12.00,1273.38
1761998245.5183644,4.10,1273.38
1761998246.5198858,3.40,1273.35
1761998247.521964,3.50,1273.35
1761998248.523498,4.00,1273.35
1761998249.524901,4.90,1273.35
1761998250.5264282,2.90,1273.35
1761998251.5279534,3.40,1273.35
1761998252.5295224,4.60,1273.35
1761998253.5309987,3.90,1273.34
1761998254.5325205,2.90,1273.34
1761998255.5339596,3.40,1273.34
1761998256.5355659,2.30,1273.34
1761998257.5371497,4.00,1273.34
1761998258.538652,4.00,1273.34
1761998259.5401485,5.70,1273.34
1761998260.5417764,5.00,1273.34
1761998261.5436275,4.00,1273.34
1761998262.5452766,4.70,1273.34
1761998263.5467105,3.40,1273.33
1761998264.547372,4.40,1273.32
1761998265.5488925,2.30,1273.32
1761998266.5505946,2.90,1273.32
1761998267.5513966,3.40,1273.32
1761998268.5525358,4.00,1273.32
1761998269.554093,2.80,1273.32
1761998270.555774,2.30,1266.42
1761998271.5573492,1.00,1266.39
1761998272.5593996,0.00,1266.39
1761998273.560904,1.50,1266.39
1761998274.5626523,1.00,1266.39
1761998275.5633905,0.50,1266.39
1761998276.5648887,1.00,1266.38
1761998277.5665874,1.00,1266.38
1761998278.567439,0.00,1266.38
1761998279.569098,1.00,1266.38
1761998280.5706768,1.50,1266.38
1761998281.5722814,0.00,1266.38
1761998282.573826,0.50,1266.37
1761998283.5744057,0.50,1266.37
1761998284.5760481,0.50,1266.37
1761998285.577821,0.00,1266.37
1761998286.5794559,1.00,1266.37
1761998287.580955,0.50,1266.36
1761998288.582643,0.50,1266.36
1761998289.5842028,0.50,1266.36
1761998290.5858545,0.50,1266.36
1761998291.5874388,1.00,1266.36
1761998292.5887759,0.50,1266.36
1761998293.5906205,1.00,1266.36
1761998294.592341,0.00,1266.36
1761998295.5938458,3.50,1266.59
1761998296.5953717,1.00,1266.59
1761998297.5968688,1.50,1266.57
1761998298.5987678,0.50,1266.57
1761998299.600384,1.00,1266.55
1761998300.6019592,0.50,1266.55
1761998301.6036272,0.50,1266.55
1761998302.6055245,0.00,1266.55
1761998303.6071842,1.00,1266.55
1761998304.6088753,5.50,1266.55
1761998305.6106586,0.50,1266.55
1761998306.6123958,1.00,1266.54
1761998307.6140807,0.00,1266.54
1761998308.6156478,0.50,1266.54
1761998309.617296,0.50,1266.54
1761998310.6188338,0.00,1266.54
1761998311.6204002,0.50,1266.54
1761998312.6219237,1.00,1266.53
1761998313.6242325,0.00,1266.53
1761998314.6257856,1.00,1266.53
1761998315.6274657,0.50,1266.53
1761998316.6291397,0.50,1266.53
1761998317.6307359,1.50,1266.52
1761998318.632369,0.00,1266.52
1761998319.6341841,1.50,1266.51
1761998320.6358736,1.00,1266.51
1761998321.6375613,0.00,1266.51
1761998322.6392722,0.50,1266.51
1761998323.6409004,0.50,1266.50
1761998324.642764,0.50,1266.50
1761998325.6444206,0.00,1266.50
1761998326.6459517,0.00,1266.50
1761998327.6476293,0.50,1266.50
1761998328.6492255,0.00,1266.50
1761998329.6507807,0.50,1266.49
1761998330.6523473,0.00,1266.49
1761998331.6539805,1.00,1266.43
1761998332.6555493,0.50,1266.43
1761998333.6571224,0.00,1266.43
1761998334.6586354,1.00,1266.43
1761998335.6602926,0.00,1266.43
1761998336.6618001,0.50,1266.43
1761998337.6634824,0.50,1266.43
1761998338.6651099,0.00,1266.43
1761998339.6667147,0.00,1266.43
1761998340.6684663,0.50,1266.43
1761998341.6700995,1.00,1266.43
1761998342.6716323,0.00,1266.41
1761998343.6732109,1.00,1266.41
1761998344.6747549,0.00,1266.41
1761998345.676452,0.00,1266.41
1761998346.67799,1.00,1266.40
1761998347.6798232,0.50,1266.40
1761998348.6815856,0.50,1266.40
1761998349.6832376,0.00,1266.39
1761998350.6847832,1.00,1266.39
1761998351.6862657,1.00,1266.39
1761998352.687893,1.00,1266.39
1761998353.6895642,0.50,1266.39
1761998354.691398,0.00,1266.39
1761998355.6930728,0.50,1266.39
1761998356.6946976,0.50,1266.39
1761998357.6962473,0.50,1266.39
1761998358.6982613,0.00,1266.39
1761998359.6997874,0.00,1266.37
1761998360.7014236,1.00,1266.37
1761998361.7029483,0.50,1266.37
1761998362.7046628,0.00,1266.37
1761998363.7062898,1.00,1266.37
1761998364.7081566,0.00,1266.37
1761998365.7096822,5.10,1266.36
1761998366.7112367,1.50,1266.12
1761998367.7129948,6.10,1264.82
1761998368.7144537,36.30,1271.48
1761998369.7161748,28.80,1263.77
1761998370.7177224,6.50,1261.31
1761998371.719348,0.50,1261.26
1761998372.7209675,1.00,1261.41
1761998373.7225063,0.00,1261.41
1761998374.7241383,0.50,1261.41
1761998375.725826,1.70,1261.13
1761998376.7274072,5.60,1260.22
1761998377.7289503,3.90,1260.20
1761998378.7303276,5.40,1260.20
1761998379.7318606,3.40,1260.20
1761998380.7348647,1.80,1260.20
1761998381.7369595,2.80,1260.20
1761998382.7385256,6.80,1260.14
1761998383.7399774,3.90,1260.14
1761998384.7415285,2.80,1260.14
1761998385.7429936,4.00,1260.13
1761998386.744747,3.40,1260.13
1761998387.7463088,3.90,1260.13
1761998388.748125,3.40,1260.13
1761998389.74962,3.40,1260.13
1761998390.7511148,4.40,1260.13
1761998391.75259,3.40,1260.13
1761998392.7541387,3.40,1260.12
1761998393.755675,4.40,1260.12
1761998394.7571387,3.40,1260.12
1761998395.7583535,2.30,1260.12
1761998396.7598114,3.30,1260.12
1761998397.7613087,4.40,1260.12
1761998398.762845,2.80,1260.12
1761998399.764312,5.10,1255.80
1761998400.7658286,3.90,1256.05
1761998401.767804,2.20,1256.05
1761998402.7693486,3.40,1256.05
1761998403.7708492,2.80,1256.05
1761998404.7725024,2.80,1256.05
1761998405.774119,1.60,1255.35
1761998406.775643,0.50,1255.35
1761998407.7772372,0.50,1255.35
1761998408.7788405,1.00,1255.59
1761998409.7805402,0.50,1255.59
1761998410.782223,1.00,1255.59
1761998411.783759,0.50,1255.59
1761998412.7853847,1.00,1255.59
1761998413.786997,0.50,1255.59
1761998414.788593,0.50,1255.79
1761998415.790152,1.00,1255.79
1761998416.791726,1.00,1255.79
1761998417.793338,1.50,1255.79
1761998418.794853,0.50,1255.79
1761998419.7964618,0.50,1255.78
1761998420.7982073,1.00,1255.78
1761998421.7997203,0.00,1255.78
1761998422.800454,0.50,1255.78
1761998423.8013327,1.00,1255.78
1761998424.802862,3.50,1255.74
1761998425.8044388,6.50,1255.74
1761998426.8061645,0.50,1255.73
1761998427.8077078,0.50,1255.73
1761998428.809393,0.00,1255.73
1761998429.8110843,1.50,1255.73
1761998430.8126624,0.00,1255.74
1761998431.814251,3.00,1255.44
1761998432.815803,0.50,1255.44
1761998433.8173997,1.00,1255.44
1761998434.818296,0.00,1255.44
1761998435.819953,1.00,1255.44
1761998436.8216214,1.00,1255.44
1761998437.8232946,0.00,1255.44
1761998438.8249276,0.50,1255.44
1761998439.826506,2.00,1255.44
1761998440.8279963,0.50,1255.44
1761998441.8296075,0.50,1255.44
1761998442.8314078,1.50,1255.39
1761998443.832949,0.00,1255.39
1761998444.8346992,1.00,1255.39
1761998445.8362315,0.50,1255.39
1761998446.8378637,0.00,1255.39
1761998447.8394096,1.00,1255.39
1761998448.8409767,0.50,1255.39
1761998449.8425639,0.50,1255.39
1761998450.8445752,0.50,1255.39
1761998451.8461516,0.00,1255.39
1761998452.847778,0.50,1255.39
1761998453.84946,0.50,1255.38
1761998454.8511453,1.00,1255.38
1761998455.8528361,0.00,1255.38
1761998456.8543148,0.00,1255.37
1761998457.8558872,1.00,1255.37
1761998458.857448,0.00,1255.37
1761998459.859137,0.50,1255.37
1761998460.8608713,1.00,1255.37
1761998461.8624673,0.50,1255.62
1761998462.8639967,0.50,1255.60
1761998463.8656504,0.00,1255.60
1761998464.8673275,1.00,1255.60
1761998465.8688202,0.00,1255.60
1761998466.8704283,0.00,1255.60
1761998467.872094,0.00,1255.59
1761998468.8737829,0.50,1255.59
1761998469.8754354,0.00,1255.59
1761998470.8769565,1.00,1255.59
1761998471.87854,0.50,1255.59
1761998472.8800447,0.50,1255.59
1761998473.881551,0.50,1255.59
1761998474.8832986,0.00,1255.59
1761998475.8848164,0.00,1255.59
1761998476.8863332,0.50,1255.59
1761998477.8878744,0.50,1255.59
1761998478.8895135,0.00,1255.59
1761998479.8910997,0.50,1255.59
1761998480.8927205,0.00,1255.59
1761998481.8942733,0.00,1255.59
1761998482.8958952,0.50,1255.59
1761998483.8974268,0.00,1255.59
1761998484.8989768,0.50,1255.59
1761998485.9005954,5.50,1255.59
1761998486.902199,0.50,1255.59
1761998487.9031956,0.50,1255.59
1761998488.9046729,0.00,1255.57
1761998489.9063413,0.00,1255.57
1761998490.9081619,0.50,1255.53
1761998491.9098647,0.00,1255.53
1761998492.911441,1.00,1255.53
1761998493.9132266,0.00,1255.52
1761998494.9148192,0.00,1255.52
1761998495.9155173,1.00,1255.52
1761998496.9170911,0.00,1255.52
1761998497.9186382,0.00,1255.52
1761998498.9196687,3.50,1255.52
1761998499.921414,3.50,1255.51
1761998500.9231398,0.00,1255.51
1761998501.9247143,0.50,1255.51
1761998502.9263785,1.50,1255.48
1761998503.9280794,0.50,1255.48
1761998504.9295814,0.00,1255.48
1761998505.9313,0.50,1255.47
1761998506.9328458,0.00,1255.47
1761998507.9344413,0.00,1255.47
1761998508.9361026,0.50,1255.47
1761998509.9375803,1.10,1255.93
1761998510.9391649,2.40,1255.93
1761998511.9406304,2.30,1255.93
1761998512.9421377,3.40,1255.93
1761998513.9438019,2.90,1255.93
1761998514.9453146,2.30,1255.93
1761998515.9467916,2.30,1255.93
1761998516.9485295,2.80,1255.93
1761998517.9499993,2.30,1255.93
1761998518.9515414,2.30,1255.93
1761998519.953089,2.30,1255.93
1761998520.9545538,2.90,1255.93
1761998521.9563153,2.20,1255.93
1761998522.95787,2.80,1255.93
1761998523.9595842,2.20,1255.93
1761998524.9612532,3.40,1255.93
1761998525.9627624,3.30,1255.93
1761998526.9643106,2.80,1255.93
1761998527.9657543,2.80,1255.91
1761998528.9672356,2.20,1255.91
1761998529.9687223,2.80,1255.91
1761998530.9704602,3.50,1255.91
1761998531.9722855,3.40,1255.91
1761998532.9739244,5.00,1255.90
1761998533.9756093,3.90,1255.90
1761998534.9771557,2.30,1255.90
1761998535.9786572,3.40,1255.90
1761998536.9801908,3.40,1255.90
1761998537.9812825,3.40,1255.89
1761998538.9829087,2.30,1255.88
1761998539.9845495,2.70,1254.34
1761998540.9862583,0.00,1254.34
1761998541.9877977,1.00,1254.34
1761998542.9893973,0.50,1254.58
1761998543.9912674,0.50,1254.58
1761998544.9932318,0.50,1254.57
1761998545.9949765,1.00,1254.57
1761998546.9967668,0.00,1254.57
1761998547.9983802,1.00,1254.57
1761998549.0000968,5.50,1254.57
1761998550.0018504,0.00,1254.57
1761998551.0034475,0.50,1254.57
1761998552.0049284,1.00,1254.57
1761998553.0065732,0.00,1254.57
1761998554.0081458,0.50,1254.57
1761998555.009886,0.50,1254.57
1761998556.011526,0.00,1254.57
1761998557.0134118,1.50,1254.57
1761998558.0149307,0.50,1254.57
1761998559.0165262,1.50,1254.57
1761998560.0181785,0.50,1254.55
1761998561.0199754,0.50,1254.55
1761998562.0216954,1.00,1254.55
1761998563.0236707,0.00,1254.55
1761998564.0252934,0.50,1254.55
1761998565.0268357,1.00,1254.55
1761998566.0283751,0.50,1254.55
1761998567.0300903,0.00,1254.55
1761998568.031756,0.50,1254.55
1761998569.0334003,1.00,1254.55
1761998570.03508,0.00,1254.55
1761998571.0367298,0.00,1254.53
1761998572.0382879,1.00,1254.53
1761998573.0398233,0.50,1254.53
1761998574.041492,1.00,1254.77
1761998575.0431259,1.50,1254.77
1761998576.0448704,0.00,1254.77
1761998577.046504,0.50,1254.77
1761998578.0483205,0.50,1254.77
1761998579.0498974,0.50,1254.77
1761998580.0516176,0.50,1254.76
1761998581.0532544,1.50,1255.00
1761998582.0550067,0.00,1255.00
1761998583.0567198,0.50,1255.00
1761998584.0585744,0.50,1255.00
1761998585.060278,1.00,1255.00
1761998586.0618525,0.00,1254.99
1761998587.063418,0.00,1254.99
1761998588.065174,0.50,1254.99
1761998589.066874,1.00,1254.99
1761998590.0684476,0.00,1254.99
1761998591.0707178,1.50,1254.99
1761998592.0730057,0.50,1254.98
1761998593.074712,0.00,1254.98
1761998594.076356,0.50,1254.98
1761998595.078079,0.50,1254.98
1761998596.079702,0.50,1254.98
1761998597.0813682,0.00,1254.98
1761998598.0832806,0.00,1254.98
1761998599.0849345,0.50,1254.98
1761998600.0865395,0.00,1254.98
1761998601.0881932,0.00,1254.98
1761998602.0897543,0.50,1254.98
1761998603.0913053,0.00,1254.98
1761998604.0928056,0.50,1254.98
1761998605.094531,0.50,1254.98
1761998606.0963058,1.00,1254.98
1761998607.097889,0.50,1254.95
1761998608.0993128,0.50,1254.95
1761998609.1009421,4.50,1254.95
1761998610.102524,0.00,1254.94
1761998611.1041198,0.00,1254.94
1761998612.1056166,0.00,1254.94
1761998613.1083717,0.00,1254.94
1761998614.1099138,0.50,1254.94
1761998615.1120975,0.50,1254.94
1761998616.113637,0.00,1254.92
1761998617.1153176,0.00,1254.92
1761998618.1167433,1.00,1254.92
1761998619.1182327,0.50,1254.92
1761998620.1198323,0.50,1254.92
1761998621.1217172,0.00,1254.92
1761998622.1234205,1.00,1254.92
1761998623.124971,0.00,1254.92
1761998624.1265125,0.50,1254.92
1761998625.1282535,0.00,1254.92
1761998626.1298347,0.00,1254.92
1761998627.131334,1.00,1254.92
1761998628.1327748,0.00,1254.92
1761998629.1343875,0.00,1254.92
1761998630.135927,0.50,1254.92
1761998631.137654,0.50,1254.92
1761998632.1394417,0.00,1254.92
1761998633.1414611,0.50,1254.90
1761998634.1432164,0.50,1254.90
1761998635.144824,0.50,1254.90
1761998636.1465151,0.00,1254.90
1761998637.1480927,0.50,1254.90
1761998638.149598,0.00,1254.90
1761998639.1516495,0.50,1254.90
1761998640.1530926,0.50,1254.90
1761998641.154613,0.50,1254.90
1761998642.1561477,0.00,1254.89
1761998643.157938,0.50,1254.89
1761998644.1597748,0.50,1254.89
1761998645.1614199,1.70,1255.83
1761998646.1634734,3.40,1255.83
1761998647.1653938,2.80,1255.83
1761998648.1670828,1.70,1255.83
1761998649.1687515,5.00,1255.83
1761998650.170533,2.30,1255.83
1761998651.1720767,4.50,1255.83
1761998652.1738498,6.40,1255.82
1761998653.1755311,2.80,1255.82
1761998654.1771572,4.00,1255.82
1761998655.1786382,2.80,1255.82
1761998656.1801455,3.90,1255.82
1761998657.1817055,2.80,1255.82
1761998658.1833546,2.80,1255.82
1761998659.1851459,4.50,1255.82
1761998660.186921,2.90,1255.82
1761998661.1888673,3.90,1255.82
1761998662.1908283,3.90,1255.82
1761998663.192296,2.30,1255.82
1761998664.1938736,4.50,1255.80
1761998665.1953185,3.50,1255.80
1761998666.1968343,2.90,1255.80
1761998667.198428,2.80,1255.80
1761998668.1998851,3.50,1255.78
1761998669.2013173,8.00,1255.78
1761998670.2028177,4.50,1255.78
1761998671.204294,3.40,1255.78
1761998672.2056935,4.50,1255.78
1761998673.2073,1.80,1255.78
1761998674.208736,3.90,1255.78
1761998675.210425,2.10,1254.32
1761998676.2122333,1.00,1254.31
1761998677.2141051,0.50,1254.31
1761998678.2156084,1.00,1254.54
1761998679.2173378,2.00,1254.54
1761998680.2191982,0.00,1254.54
1761998681.2207587,1.00,1254.54
1761998682.2222912,0.00,1254.54
1761998683.2240956,1.00,1254.54
1761998684.2257636,0.50,1254.54
1761998685.2274437,1.00,1254.54
1761998686.2289915,0.50,1254.54
1761998687.230833,0.00,1254.54
1761998688.2323658,0.50,1254.54
1761998689.2339118,0.50,1254.54
1761998690.2356987,0.00,1254.54
1761998691.2372296,1.00,1254.53
1761998692.2386785,0.50,1254.53
1761998693.2402978,0.00,1254.53
1761998694.2419343,0.50,1254.53
1761998695.2436116,0.50,1254.53
1761998696.2452493,0.50,1254.53
1761998697.2467763,0.00,1254.53
1761998698.2476368,0.50,1254.53
1761998699.249164,1.00,1254.51
1761998700.2506416,0.50,1254.51
1761998701.2522078,1.00,1254.51
1761998702.2538,1.00,1254.51
1761998703.2553773,0.50,1254.51
1761998704.2573621,0.50,1254.51
1761998705.2592292,0.50,1254.50
1761998706.2607992,0.50,1254.49
1761998707.2623749,0.50,1254.49
1761998708.2640028,0.00,1254.49
1761998709.2658613,0.50,1254.49
1761998710.2673762,0.50,1254.49
1761998711.2690048,1.50,1254.48
1761998712.2705889,0.50,1254.48
1761998713.2722154,1.00,1254.48
1761998714.2738857,0.00,1254.48
1761998715.27544,1.00,1254.48
1761998716.2771938,0.00,1254.48
1761998717.2788131,1.00,1254.48
1761998718.28048,0.00,1254.48
1761998719.2821898,0.50,1254.70
1761998720.2831044,0.50,1254.70
1761998721.2846315,0.00,1254.70
1761998722.2862575,0.50,1254.70
1761998723.287735,0.50,1254.70
1761998724.2893388,1.00,1254.70
1761998725.2907825,0.50,1254.70
1761998726.2923534,1.00,1254.94
1761998727.2942655,0.00,1254.92
1761998728.295809,0.00,1254.92
1761998729.2973967,4.50,1254.92
1761998730.299159,0.00,1254.92
1761998731.3007536,0.50,1254.92
1761998732.3023715,0.50,1254.92
1761998733.3039098,0.00,1254.92
1761998734.305735,0.00,1254.91
1761998735.3072171,0.00,1254.91
1761998736.308754,0.00,1254.91
1761998737.3103619,0.50,1254.91
1761998738.3118553,0.50,1254.91
1761998739.313403,1.00,1254.91
1761998740.3152595,0.50,1254.90
1761998741.3171782,0.00,1254.90
1761998742.3187,0.50,1254.90
1761998743.3202755,0.50,1254.90
1761998744.321782,0.00,1254.90
1761998745.3233654,0.50,1254.89
1761998746.3251143,0.00,1254.89
1761998747.3267052,0.00,1254.89
1761998748.3283134,0.00,1254.89
1761998749.3299568,0.50,1254.89
1761998750.3315356,0.00,1254.89
1761998751.3331332,0.50,1254.89
1761998752.3347037,0.50,1254.89
1761998753.3363547,0.00,1254.89
1761998754.3378484,1.50,1254.89
1761998755.3393352,0.00,1254.89
1761998756.3409798,0.50,1254.89
1761998757.3426795,0.50,1254.89
1761998758.3443952,0.50,1255.12
1761998759.345088,0.00,1255.12
1761998760.346487,0.50,1255.11
1761998761.3481042,0.00,1255.11
1761998762.3494842,0.50,1255.11
1761998763.3511865,0.50,1255.11
1761998764.3528328,0.00,1255.11
1761998765.3544405,0.50,1255.11
1761998766.3559659,0.50,1255.11
1761998767.3569844,0.00,1255.11
1761998768.358693,0.50,1255.11
1761998769.360412,0.00,1255.11
1761998770.3621395,0.50,1255.11
1761998771.3635674,1.00,1255.10
1761998772.3652835,0.50,1255.10
1761998773.3669488,0.50,1255.10
1761998774.3685222,0.50,1255.10
1761998775.3701775,0.00,1255.10
1761998776.3717675,0.50,1255.10
1761998777.3733928,0.00,1255.10
1761998778.374903,0.50,1255.10
1761998779.3765097,2.60,1255.83
1761998780.377958,2.40,1255.81
1761998781.3794453,3.90,1255.81
1761998782.3809965,2.80,1255.80
1761998783.3826377,2.80,1255.80
1761998784.384168,3.40,1255.80
1761998785.3855681,5.00,1255.80
1761998786.387329,3.40,1255.80
1761998787.3888505,3.40,1255.80
1761998788.3907223,4.50,1255.79
1761998789.3922698,8.00,1255.79
1761998790.3937135,2.40,1255.79
1761998791.3952405,3.40,1255.79
1761998792.3967054,3.40,1255.79
1761998793.3984065,4.40,1255.79
1761998794.399964,2.80,1255.79
1761998795.4014378,3.90,1255.79
1761998796.402931,4.40,1255.79
1761998797.4043975,2.30,1255.79
1761998798.4057906,2.80,1255.77
1761998799.4072635,10.20,1256.50
1761998800.4087532,2.90,1256.48
1761998801.4102669,3.40,1256.47
1761998802.411729,3.50,1256.47
1761998803.4132187,4.20,1256.46
1761998804.414683,2.30,1256.71
1761998805.4162552,2.30,1256.71
1761998806.41779,3.40,1256.71
1761998807.4196763,2.80,1256.71
1761998808.4213479,3.40,1256.71
1761998809.4229317,2.20,1254.86
1761998810.424734,0.00,1254.86
1761998811.4263535,0.50,1254.86
1761998812.4279685,1.50,1255.59
1761998813.4295783,1.00,1255.59
1761998814.4315097,0.50,1255.59
1761998815.433216,0.00,1255.59
1761998816.4348927,1.00,1255.59
1761998817.4360957,0.00,1255.59
1761998818.437797,1.00,1255.59
1761998819.439323,0.00,1255.59
1761998820.440845,0.50,1255.59
1761998821.44252,1.00,1255.59
1761998822.4441535,1.00,1255.59
1761998823.44576,0.00,1255.59
1761998824.4473712,0.50,1255.59
1761998825.4488962,1.00,1255.59
1761998826.4505615,0.00,1255.57
1761998827.4536169,0.50,1255.57
1761998828.4554355,0.00,1255.57
1761998829.4574187,0.50,1255.57
1761998830.4590619,0.50,1255.57
1761998831.4605718,1.00,1255.57
1761998832.4621017,0.50,1255.56
1761998833.4635906,1.00,1255.56
1761998834.4651747,0.00,1255.56
1761998835.466749,0.50,1255.56
1761998836.4684124,0.00,1255.56
1761998837.4701536,1.00,1255.56
1761998838.4717567,0.50,1255.56
1761998839.473446,0.00,1255.56
1761998840.4749868,1.00,1255.56
1761998841.476708,0.00,1255.56
1761998842.4783745,0.50,1255.56
1761998843.4799297,0.50,1255.56
1761998844.4815545,0.50,1255.56
1761998845.483177,0.50,1255.56
1761998846.4849644,1.50,1255.56
1761998847.486608,0.50,1255.56
1761998848.4882045,1.00,1255.54
1761998849.4893076,2.00,1255.54
1761998850.4908261,3.00,1255.54
1761998851.492381,0.00,1255.52
1761998852.4939137,1.00,1255.52
1761998853.4955678,0.50,1255.52
1761998854.4973042,0.00,1255.52
1761998855.4989378,0.50,1255.52
1761998856.5005596,0.50,1255.52
1761998857.502205,0.00,1255.52
1761998858.5037875,1.00,1255.52
1761998859.5055404,2.00,1255.52
1761998860.507272,0.00,1255.52
1761998861.5088878,0.50,1255.52
1761998862.510592,0.00,1255.51
1761998863.5121255,0.50,1255.51
1761998864.5137095,0.50,1255.51
1761998865.5153675,0.00,1255.51
1761998866.5173836,0.00,1255.51
1761998867.518966,1.00,1255.51
1761998868.5206501,0.00,1255.51
1761998869.5224438,0.00,1255.50
1761998870.5240898,0.00,1255.50
1761998871.5257332,0.50,1255.50
1761998872.5273883,1.00,1255.50
1761998873.5289497,0.00,1255.50
1761998874.5306609,1.00,1255.50
1761998875.5323968,0.00,1255.50
1761998876.5339081,0.50,1255.50
1761998877.5360994,1.00,1255.50
1761998878.537662,0.00,1255.49
1761998879.5392277,0.00,1255.49
1761998880.5408227,1.00,1255.48
1761998881.5426345,0.00,1255.48
1761998882.5445623,0.00,1255.48
1761998883.5462596,1.00,1255.48
1761998884.5479472,0.00,1255.48
1761998885.5502698,1.00,1255.48
1761998886.551949,0.00,1255.48
1761998887.5536184,0.00,1255.48
1761998888.5552523,0.50,1255.48
1761998889.557339,0.50,1255.48
1761998890.5591352,0.50,1255.48
1761998891.5606036,0.50,1255.48
1761998892.562261,1.00,1255.48
1761998893.563978,0.50,1255.48
1761998894.5653698,0.50,1255.48
1761998895.567005,0.50,1255.46
1761998896.5686378,0.00,1255.46
1761998897.5702202,0.00,1255.46
1761998898.571802,1.00,1255.46
1761998899.5729387,1.50,1255.68
1761998900.574483,0.00,1255.68
1761998901.5762658,1.00,1255.67
1761998902.577868,0.00,1255.67
1761998903.5794306,0.50,1255.67
1761998904.581201,0.50,1255.67
1761998905.5827806,0.50,1255.66
1761998906.5846503,0.00,1255.66
1761998907.5864913,0.50,1255.65
1761998908.5874457,0.50,1255.65
1761998909.5889525,4.00,1255.65
1761998910.5905037,0.50,1255.65
1761998911.5925167,0.50,1255.65
1761998912.5943449,0.00,1255.65
1761998913.5961466,1.00,1255.64
1761998914.5975559,1.20,1255.89
1761998915.5991166,2.80,1255.88
1761998916.6007388,5.60,1255.88
1761998917.6022763,2.80,1255.88
1761998918.603773,3.40,1255.88
1761998919.6054788,5.60,1256.12
1761998920.606952,3.40,1256.12
1761998921.6085708,5.60,1256.09
1761998922.610102,3.40,1256.09
1761998923.611568,3.90,1256.09
1761998924.6131036,2.80,1256.08
1761998925.614517,3.90,1256.08
1761998926.6160734,3.40,1256.08
1761998927.6175754,3.90,1256.08
1761998928.6190922,2.80,1256.08
1761998929.62058,3.30,1256.08
1761998930.6221254,2.90,1256.07
1761998931.6236336,2.90,1256.07
1761998932.6252604,5.00,1256.07
1761998933.6268246,2.80,1256.07
1761998934.6273506,3.40,1256.07
1761998935.6303613,2.80,1256.07
1761998936.631912,3.40,1256.06
1761998937.6333797,4.80,1256.06
1761998938.6348662,2.40,1256.06
1761998939.6379757,2.80,1256.05
1761998940.6395185,3.90,1256.05
1761998941.6409895,4.00,1256.05
1761998942.642501,3.40,1256.05
1761998943.6432974,5.10,1256.12
1761998944.646383,50.80,1271.62
1761998945.6479044,57.70,1294.34
1761998946.6495702,24.20,1275.88
1761998947.651223,2.00,1276.11
1761998948.6527944,1.00,1276.11
1761998949.6544352,0.50,1276.11
1761998950.6559858,1.00,1267.67
1761998951.6575058,0.50,1267.67
1761998952.659098,1.00,1267.66
1761998953.6605308,0.50,1267.66
1761998954.6619513,0.50,1267.66
1761998955.6635299,0.50,1267.66
1761998956.6652002,0.00,1267.66
1761998957.6668184,0.00,1267.66
1761998958.6684291,1.00,1267.66
1761998959.66941,0.50,1267.66
1761998960.6709752,0.00,1267.66
1761998961.6725636,1.00,1267.66
1761998962.674146,0.00,1267.66
1761998963.67544,1.00,1267.65
1761998964.6769953,0.50,1267.65
1761998965.6785684,1.00,1267.65
1761998966.680273,1.00,1267.65
1761998967.6817954,0.50,1267.65
1761998968.6833782,1.00,1267.65
1761998969.6851466,0.00,1267.62
1761998970.68669,5.00,1267.62
1761998971.6884294,0.50,1267.62
1761998972.6899529,0.00,1267.62
1761998973.691566,0.50,1267.62
1761998974.6928866,0.00,1267.62
1761998975.6944942,1.00,1267.62
1761998976.6961286,0.50,1267.62
1761998977.6976101,0.50,1267.62
1761998978.699881,1.00,1267.62
1761998979.7013497,13.20,1268.04
1761998980.7029858,5.50,1267.78
1761998981.704601,1.00,1267.77
1761998982.7062302,0.50,1267.77
1761998983.707779,0.00,1267.77
1761998984.7093184,0.00,1267.77
1761998985.710835,0.50,1267.77
1761998986.7124014,0.50,1267.77
1761998987.7141237,1.00,1267.77
1761998988.7156484,0.00,1267.77
1761998989.717729,0.50,1267.77
1761998990.7198021,1.50,1267.77
1761998991.721447,1.00,1267.77
1761998992.7232935,0.00,1267.77
1761998993.7250876,1.00,1267.74
1761998994.7266457,0.50,1267.74
1761998995.7283244,0.50,1267.74
1761998996.7298763,0.00,1267.74
1761998997.731436,0.50,1267.74
1761998998.73296,0.50,1267.74
1761998999.7346368,0.00,1267.74
1761999000.736362,1.00,1267.73
1761999001.7380064,0.00,1267.73
1761999002.7395566,1.00,1267.73
1761999003.7411485,0.00,1267.73
1761999004.7427835,0.50,1267.73
1761999005.74451,0.00,1267.73
1761999006.7462337,1.00,1267.73
1761999007.7477689,0.00,1267.73
1761999008.7493627,0.50,1267.73
1761999009.750897,0.50,1267.72
1761999010.75263,0.50,1267.72
1761999011.7543275,1.00,1267.72
1761999012.7561467,0.00,1267.72
1761999013.7577949,1.00,1267.72
1761999014.7593575,0.00,1267.72
1761999015.7609,0.00,1267.72
1761999016.7626057,0.00,1267.72
1761999017.7642825,0.50,1267.72
1761999018.765903,0.50,1267.72
1761999019.7675633,0.50,1267.72
1761999020.769395,0.00,1267.70
1761999021.7709322,1.50,1267.70
1761999022.7727044,0.50,1267.70
1761999023.774405,1.00,1267.69
1761999024.7759714,0.00,1267.69
1761999025.7775874,0.00,1267.69
1761999026.77931,0.50,1267.69
1761999027.7808504,0.00,1267.69
1761999028.78232,0.50,1267.69
1761999029.7838447,0.50,1267.69
1761999030.7855272,4.00,1267.69
1761999031.7871058,0.00,1267.69
1761999032.7886164,1.00,1267.69
1761999033.7903235,0.50,1267.69
1761999034.791861,0.00,1267.69
1761999035.793468,0.00,1267.69
1761999036.7951312,0.50,1267.69
1761999037.796658,1.00,1267.69
1761999038.7983665,0.50,1267.69
1761999039.7998896,1.50,1267.69
1761999040.8014657,0.00,1267.69
1761999041.803092,0.50,1267.66
1761999042.8046215,0.50,1267.65
1761999043.806562,0.50,1267.65
1761999044.8082154,0.00,1267.65
1761999045.810137,0.50,1267.65
1761999046.8117054,0.00,1267.65
1761999047.8133848,1.00,1267.65
1761999048.8148491,1.60,1267.36
1761999049.8163943,3.40,1267.36
1761999050.8179262,2.90,1267.36
1761999051.8198922,2.90,1267.36
1761999052.821616,3.40,1267.36
1761999053.8234544,6.70,1267.35
1761999054.8254366,4.40,1267.35
1761999055.827272,2.80,1267.35
1761999056.8287275,5.00,1267.35
1761999057.8303058,8.10,1267.35
1761999058.8318884,10.10,1267.35
1761999059.833543,8.00,1267.34
1761999060.834881,5.60,1267.34
1761999061.836316,5.10,1267.34
1761999062.83795,2.30,1267.34
1761999063.839606,3.40,1267.34
1761999064.8412976,3.40,1267.34
1761999065.842779,2.80,1267.34
1761999066.8443358,3.50,1267.34
1761999067.8458607,3.40,1267.34
1761999068.8474119,4.00,1267.34
1761999069.8489306,4.00,1267.34
1761999070.8507385,4.50,1267.32
1761999071.8524008,3.40,1267.32
1761999072.853875,5.00,1267.32
1761999073.8553293,3.40,1267.32
1761999074.8569076,4.00,1267.32
1761999075.8585036,3.40,1267.32
1761999076.8599865,4.00,1267.32
1761999077.8616366,6.70,1267.31
1761999078.863386,3.80,1260.38
1761999079.8649073,1.00,1260.38
1761999080.8665655,0.50,1260.38
1761999081.8682842,0.50,1260.63
1761999082.8694317,0.50,1260.63
1761999083.8711007,1.00,1260.63
1761999084.872751,0.50,1260.63
1761999085.874343,0.50,1260.63
1761999086.8759007,1.00,1260.63
1761999087.8774478,1.00,1260.63
1761999088.878967,0.00,1260.63
1761999089.8805263,1.50,1260.61
1761999090.8827639,1.00,1260.61
1761999091.8862596,4.50,1260.61
1761999092.8878667,0.00,1260.61
1761999093.8894875,1.00,1260.61
1761999094.8912365,0.50,1260.61
1761999095.8928099,1.00,1260.61
1761999096.8944259,0.00,1260.61
1761999097.8956375,3.50,1260.61
1761999098.8972285,1.50,1260.61
1761999099.89883,7.00,1261.03
1761999100.9003804,0.50,1261.02
1761999101.9022207,0.50,1261.01
1761999102.9035099,2.00,1261.01
1761999103.9049544,1.00,1261.01
1761999104.9064028,0.50,1261.01
1761999105.9078603,1.00,1261.01
1761999106.9093294,0.00,1261.01
1761999107.9109983,0.50,1261.01
1761999108.9126399,1.00,1261.01
1761999109.9143033,2.00,1261.01
1761999110.915876,0.50,1261.01
1761999111.917385,0.50,1261.01
1761999112.9189503,0.50,1261.01
1761999113.9205935,0.50,1261.01
1761999114.9221423,0.50,1261.01
1761999115.9236913,0.50,1261.01
1761999116.9252815,0.50,1261.01
1761999117.926898,1.00,1261.00
1761999118.9284906,0.00,1261.00
1761999119.9299774,0.50,1261.00
1761999120.9316201,0.50,1260.95
1761999121.9333143,0.00,1260.94
1761999122.9348257,1.00,1260.94
1761999123.9363732,0.50,1260.94
1761999124.9378707,0.50,1260.94
1761999125.939371,1.00,1260.94
1761999126.940995,0.00,1260.94
1761999127.9433706,0.00,1260.94
1761999128.9452276,1.00,1260.94
1761999129.9472551,0.50,1260.94
1761999130.9488196,1.00,1260.94
1761999131.9503384,0.50,1260.94
1761999132.9518988,0.50,1260.94
1761999133.9527838,1.00,1260.94
1761999134.9544723,0.00,1260.94
1761999135.9571884,0.00,1260.94
1761999136.9587955,0.00,1260.94
1761999137.9603574,1.00,1260.94
1761999138.9616396,0.00,1260.94
1761999139.963312,0.00,1260.94
1761999140.9647582,1.00,1260.94
1761999141.9663122,1.00,1260.94
1761999142.9679239,0.50,1260.93
1761999143.9695454,0.00,1260.93
1761999144.971113,0.50,1260.93
1761999145.9727726,0.50,1260.93
1761999146.9745758,0.50,1260.93
1761999147.9762223,0.00,1260.93
1761999148.977774,0.00,1260.93
1761999149.9793918,1.00,1260.93
1761999150.980919,0.00,1260.93
1761999151.9826,4.50,1260.93
1761999152.9843514,0.00,1260.93
1761999153.9863274,4.00,1260.93
1761999154.988093,0.00,1260.88
1761999155.989924,0.00,1260.88
1761999156.9916286,1.00,1260.88
1761999157.9931443,0.50,1260.88
1761999158.9947655,0.50,1260.88
1761999159.9963737,1.50,1260.88
1761999160.9979477,0.00,1260.87
1761999161.9996428,1.00,1260.85
1761999163.0012105,0.50,1260.85
1761999164.0027037,0.00,1260.85
1761999165.0043461,0.50,1260.85
1761999166.005866,1.00,1260.85
1761999167.0073488,0.50,1260.85
1761999168.009156,0.00,1260.82
1761999169.010835,0.00,1260.82
1761999170.0128467,1.00,1260.82
1761999171.014522,0.50,1260.82
1761999172.016104,0.00,1260.82
1761999173.0176752,0.50,1260.82
1761999174.0195618,0.50,1260.82
1761999175.0211623,0.50,1260.82
1761999176.0228248,0.50,1260.81
1761999177.0244074,0.00,1260.81
1761999178.025963,1.00,1260.81
1761999179.0275853,0.00,1260.81
1761999180.0292807,1.00,1260.81
1761999181.031086,0.00,1260.81
1761999182.0326052,1.00,1260.80
1761999183.0342128,0.00,1260.80
1761999184.0358434,0.50,1260.80
1761999185.0373595,0.50,1260.79
1761999186.0389113,0.50,1260.78
1761999187.0405629,0.00,1260.78
1761999188.0422552,0.50,1260.78
1761999189.04389,0.50,1260.78
1761999190.045683,0.50,1260.78
1761999191.0472481,0.50,1260.78
1761999192.0488775,1.00,1260.78
1761999193.0509324,0.00,1260.78
1761999194.0526175,0.50,1260.78
1761999195.0543482,0.50,1260.78
1761999196.055833,0.50,1260.78
1761999197.0576625,0.50,1260.77
1761999198.0593333,0.00,1260.77
1761999199.0608847,0.50,1260.77
1761999200.0623527,0.00,1260.77
1761999201.0638027,1.00,1260.77
1761999202.0659878,0.00,1260.77
1761999203.0679407,1.00,1260.77
1761999204.0697434,0.50,1260.77
1761999205.0713477,0.50,1260.77
1761999206.0728738,0.50,1260.77
1761999207.0744894,0.50,1260.77
1761999208.0762663,1.00,1260.77
1761999209.077795,0.00,1260.77
1761999210.079428,0.00,1260.75
1761999211.0810552,0.00,1260.75
1761999212.0829003,0.50,1260.75
1761999213.0845287,4.50,1260.75
1761999214.0861907,0.00,1260.75
1761999215.0877836,0.50,1260.75
1761999216.0895188,0.50,1260.75
1761999217.091415,0.00,1260.75
1761999218.092989,0.00,1260.75
1761999219.0945573,1.00,1260.75
1761999220.0963109,1.50,1260.75
1761999221.0979466,0.50,1260.75
1761999222.099578,1.00,1260.73
1761999223.1012337,0.50,1260.73
1761999224.1033144,0.00,1260.73
1761999225.1048875,1.00,1260.73
1761999226.1064389,0.00,1260.73
1761999227.1082635,0.00,1260.73
1761999228.1098866,1.00,1260.73
1761999229.1114714,0.00,1260.73
1761999230.1129513,0.00,1260.73
1761999231.1148345,0.00,1260.73
1761999232.1163912,0.00,1260.73
1761999233.1181455,0.50,1260.73
1761999234.119796,0.50,1260.73
1761999235.1213374,0.50,1260.73
1761999236.1230905,0.50,1260.73
1761999237.1247416,0.00,1260.73
1761999238.1264977,0.50,1260.73
1761999239.1285121,0.50,1260.73
1761999240.1303055,0.50,1260.73
1761999241.1315246,0.50,1260.73
1761999242.133145,0.50,1260.73
1761999243.1347501,0.50,1260.73
1761999244.136335,0.50,1260.70
1761999245.1379213,0.00,1260.70
1761999246.1396327,0.50,1260.70
1761999247.1413646,0.50,1260.70
1761999248.14314,0.00,1260.70
1761999249.1447873,0.50,1260.70
1761999250.1464486,0.00,1260.70
1761999251.14818,1.50,1260.70
1761999252.1497228,0.50,1260.70
1761999253.1513314,0.50,1260.70
1761999254.1531534,0.50,1260.70
1761999255.1548362,0.00,1260.70
1761999256.1563585,0.50,1260.70
1761999257.158057,0.50,1260.70
1761999258.1596186,0.00,1260.67
1761999259.1613133,1.00,1260.67
1761999260.162895,0.00,1260.67
1761999261.164521,1.00,1260.67
1761999262.1660044,1.00,1260.67
1761999263.1679099,0.00,1260.67
1761999264.1694348,0.50,1260.66
1761999265.1709237,1.00,1260.64
1761999266.1725569,0.00,1260.64
1761999267.174198,9.00,1259.98
1761999268.1759207,2.00,1259.98
1761999269.1774955,3.50,1260.21
