timestamp,cpu_percent,mem_used_mb
1762006575.430356,36.90,1427.99
1762006576.4314613,2.00,1427.93
1762006577.4331915,0.50,1428.15
1762006578.4351785,45.80,1441.29
1762006579.4367611,10.20,1415.25
1762006580.439356,8.40,1393.55
1762006581.4416702,5.50,1390.48
1762006582.4435794,6.10,1388.93
1762006583.4451811,4.80,1389.69
1762006584.448848,5.50,1390.57
1762006585.451367,16.30,1391.25
1762006586.453248,5.50,1391.05
1762006587.4561222,4.90,1392.84
1762006588.4575734,4.30,1392.31
1762006589.4593308,6.70,1391.37
1762006590.4618251,7.30,1392.93
1762006591.4625392,5.50,1393.81
1762006592.4641256,5.00,1392.55
1762006593.4652371,6.70,1392.35
1762006594.4688427,5.00,1392.84
1762006595.470795,8.10,1393.07
1762006596.4731224,7.00,1393.01
1762006597.4747224,5.70,1391.73
1762006598.4756305,6.20,1392.75
1762006599.4771411,5.50,1390.53
1762006600.4785836,14.80,1392.17
1762006601.4801242,7.70,1393.52
1762006602.4817774,3.70,1391.88
1762006603.4833388,6.80,1393.59
1762006604.4848504,6.20,1393.18
1762006605.4854228,5.40,1393.26
1762006606.4870677,6.60,1393.73
1762006607.4885774,5.40,1391.79
1762006608.4903486,1.50,1379.20
1762006609.4919374,0.50,1379.20
1762006610.493581,0.50,1379.20
1762006611.4952471,1.00,1379.43
1762006612.4968927,1.00,1379.43
1762006613.4986494,0.50,1379.43
1762006614.50044,1.00,1379.43
1762006615.5023592,0.50,1379.43
1762006616.5039332,0.50,1379.43
1762006617.5055838,0.50,1379.43
1762006618.5074165,0.50,1379.43
1762006619.5093365,0.50,1379.43
1762006620.5108685,0.00,1379.43
1762006621.5124977,2.00,1378.54
1762006622.5141785,0.00,1378.78
1762006623.5157206,0.50,1378.78
1762006624.5177498,1.00,1378.78
1762006625.5196183,0.00,1378.78
1762006626.5216439,0.50,1378.78
1762006627.5232747,0.50,1378.78
1762006628.5248559,0.00,1378.77
1762006629.5262647,0.50,1378.77
1762006630.5282009,0.00,1378.77
1762006631.5298269,1.00,1378.77
1762006632.531393,1.50,1379.26
1762006633.532591,5.50,1379.70
1762006634.5344245,1.50,1379.27
1762006635.53608,0.00,1379.25
1762006636.5382354,0.50,1379.25
1762006637.5398574,0.00,1379.25
1762006638.5416434,0.50,1379.25
1762006639.5433614,0.50,1379.25
1762006640.5449002,0.50,1379.25
1762006641.5466175,0.00,1379.25
1762006642.548261,0.00,1379.25
1762006643.549755,1.00,1379.25
1762006644.5514355,0.50,1379.25
1762006645.5533051,0.00,1379.25
1762006646.5549269,0.50,1379.48
1762006647.5567715,0.00,1379.48
1762006648.5583236,0.00,1379.48
1762006649.5598872,1.00,1379.48
1762006650.5616994,0.00,1379.48
1762006651.5633998,0.00,1379.48
1762006652.5653143,1.00,1379.48
1762006653.5670779,0.50,1379.48
1762006654.5685234,0.00,1379.48
1762006655.5704875,0.50,1379.48
1762006656.5722213,1.00,1379.48
1762006657.573874,0.00,1379.48
1762006658.5754936,0.50,1379.48
1762006659.5772913,0.00,1379.48
1762006660.5788803,1.00,1379.48
1762006661.5807016,0.00,1379.48
1762006662.582306,1.50,1379.48
1762006663.5838974,0.00,1379.39
1762006664.5855777,0.00,1379.39
1762006665.5871894,2.00,1379.39
1762006666.5888033,0.00,1379.39
1762006667.5905435,0.50,1379.39
1762006668.5921428,0.50,1379.39
1762006669.5939686,0.00,1379.39
1762006670.5957694,0.50,1379.39
1762006671.5973728,0.50,1379.39
1762006672.599127,2.00,1379.39
1762006673.6014843,16.20,1380.55
1762006674.6030748,1.50,1380.54
1762006675.6047757,0.50,1380.54
1762006676.6064487,0.50,1380.54
1762006677.608181,0.50,1380.54
1762006678.609861,0.00,1380.56
1762006679.6116664,0.00,1380.56
1762006680.6132934,1.00,1380.56
1762006681.615125,0.50,1380.56
1762006682.6168032,0.00,1380.56
1762006683.618361,0.50,1380.56
1762006684.6199172,0.50,1380.56
1762006685.621608,2.00,1380.56
1762006686.623409,0.00,1380.56
1762006687.6248946,0.00,1380.52
1762006688.6264298,0.50,1380.52
1762006689.6282165,0.50,1380.52
1762006690.6288345,0.50,1380.51
1762006691.6307173,0.00,1380.51
1762006692.6324067,0.50,1380.51
1762006693.6341,4.50,1380.51
1762006694.6356385,1.00,1380.51
1762006695.637333,0.50,1380.50
1762006696.6389203,0.50,1380.50
1762006697.6406274,0.00,1380.50
1762006698.6422656,0.50,1380.50
1762006699.6438935,0.50,1380.50
1762006700.6454957,0.00,1380.50
1762006701.6472785,0.00,1380.50
1762006702.6488683,0.00,1380.50
1762006703.650639,0.50,1380.47
1762006704.6523445,0.50,1380.47
1762006705.653972,0.50,1380.47
1762006706.6555634,0.00,1380.47
1762006707.6575205,1.00,1380.47
1762006708.6592746,0.00,1380.47
1762006709.6609385,0.00,1380.47
1762006710.6675713,9.60,1393.40
1762006711.670221,10.60,1393.88
1762006712.6723897,6.90,1392.26
1762006713.6749234,6.80,1392.31
1762006714.6765182,6.10,1392.59
1762006715.6773834,7.60,1394.36
1762006716.679316,5.60,1392.25
1762006717.68023,5.50,1393.99
1762006718.6820817,4.30,1392.93
1762006719.684932,4.40,1391.98
1762006720.6896348,3.80,1393.33
1762006721.6909654,4.20,1393.07
1762006722.6973948,3.60,1392.52
1762006723.6989655,5.50,1393.44
1762006724.7005236,4.30,1393.21
1762006725.702106,6.10,1392.79
1762006726.703755,6.30,1394.85
1762006727.7055662,3.60,1392.09
1762006728.7071629,3.00,1393.39
1762006729.7086723,4.20,1394.54
1762006730.7101789,4.20,1392.47
1762006731.7117443,4.20,1393.50
1762006732.7133126,4.20,1393.59
1762006733.7149909,4.30,1394.14
1762006734.7165377,5.40,1394.48
1762006735.7181745,5.50,1393.66
1762006736.7201674,4.20,1392.43
1762006737.7218032,3.70,1393.39
1762006738.7233672,4.90,1393.59
1762006739.7249272,4.80,1393.10
1762006740.7265246,4.50,1379.69
1762006741.7281218,0.00,1379.69
1762006742.7298353,1.00,1379.69
1762006743.731357,1.50,1379.93
1762006744.732946,0.00,1379.93
1762006745.7345982,1.00,1379.93
1762006746.7362897,0.50,1379.93
1762006747.737961,0.50,1379.93
1762006748.7397108,1.50,1379.93
1762006749.741509,1.00,1379.93
1762006750.7432134,0.50,1379.93
1762006751.7449353,0.50,1379.93
1762006752.7465858,0.50,1379.92
1762006753.7482603,1.00,1379.89
1762006754.7501545,5.50,1379.89
1762006755.7517014,0.50,1379.86
1762006756.7533967,1.00,1379.86
1762006757.755205,0.50,1379.86
1762006758.7569094,1.00,1379.84
1762006759.7586396,0.50,1379.84
1762006760.7602713,1.00,1379.84
1762006761.7618506,0.50,1379.84
1762006762.7634425,0.50,1379.84
1762006763.7649808,0.50,1379.84
1762006764.7667522,1.00,1379.84
1762006765.7683864,0.00,1379.84
1762006766.7702773,0.50,1379.84
1762006767.7718787,1.00,1379.84
1762006768.7734735,0.50,1379.84
1762006769.7752123,1.00,1379.84
1762006770.7771657,0.00,1379.84
1762006771.7787702,0.50,1379.84
1762006772.7794983,0.50,1379.84
1762006773.781197,0.00,1379.84
1762006774.7828193,1.00,1379.84
1762006775.7843673,0.00,1379.84
1762006776.7862153,0.50,1379.84
1762006777.7874286,0.50,1379.84
1762006778.7888663,0.50,1379.84
1762006779.7904248,0.50,1379.84
1762006780.792186,0.50,1379.84
1762006781.793851,0.50,1379.84
1762006782.795616,1.00,1379.84
1762006783.7973058,0.50,1379.84
1762006784.7989833,0.00,1379.80
1762006785.8007526,2.00,1379.80
1762006786.802385,0.50,1379.80
1762006787.8039103,0.00,1379.80
1762006788.805732,0.50,1379.80
1762006789.8073938,0.50,1379.80
1762006790.8094318,0.50,1379.80
1762006791.810986,0.50,1379.80
1762006792.8135815,0.50,1379.80
1762006793.8155835,0.50,1379.80
1762006794.8174722,0.00,1379.80
1762006795.8189714,12.50,1379.62
1762006796.8206675,1.00,1379.52
1762006797.8222485,0.50,1379.46
1762006798.8238657,0.50,1379.46
1762006799.8257916,0.50,1379.45
1762006800.8274975,1.00,1379.44
1762006801.8293347,0.50,1379.44
1762006802.8311772,0.00,1379.44
1762006803.8326917,0.50,1379.44
1762006804.834355,0.50,1379.44
1762006805.8362198,0.50,1379.44
1762006806.8379166,0.50,1379.44
1762006807.8396947,0.50,1379.42
1762006808.841473,0.00,1379.42
1762006809.843107,0.50,1379.41
1762006810.8447738,2.00,1379.41
1762006811.8464365,0.00,1379.41
1762006812.848271,0.00,1379.40
1762006813.8506622,0.00,1379.40
1762006814.8516402,4.50,1379.40
1762006815.8533103,1.00,1379.40
1762006816.8552854,0.00,1379.40
1762006817.8558943,1.00,1379.40
1762006818.8576279,0.00,1379.40
1762006819.8593543,1.00,1379.40
1762006820.860879,0.00,1379.40
1762006821.8625844,0.00,1379.40
1762006822.8642867,1.50,1379.40
1762006823.8659132,0.50,1379.40
1762006824.8679173,0.00,1379.37
1762006825.8697464,1.00,1379.36
1762006826.8714478,0.00,1379.36
1762006827.8732872,0.50,1379.36
1762006828.874816,0.00,1379.36
1762006829.8764627,0.50,1379.36
1762006830.8782356,0.50,1379.35
1762006831.8799338,0.50,1379.34
1762006832.8819432,0.00,1379.34
1762006833.8836477,0.50,1379.34
1762006834.8854299,0.50,1379.34
1762006835.8871424,0.50,1379.34
1762006836.888996,0.50,1379.34
1762006837.890744,0.00,1379.33
1762006838.891895,0.50,1379.33
1762006839.893506,0.00,1379.33
1762006840.8954105,0.50,1379.33
1762006841.8971705,0.00,1379.33
1762006842.8989449,5.00,1379.48
1762006843.9006758,18.10,1385.82
1762006844.9023886,13.10,1387.00
1762006845.9034753,7.40,1386.13
1762006846.9043438,3.70,1386.71
1762006847.906828,3.70,1387.17
1762006848.908459,5.40,1385.35
1762006849.909315,4.90,1386.14
1762006850.9105268,4.90,1387.05
1762006851.9120066,6.60,1385.02
1762006852.91361,3.70,1386.80
1762006853.9154608,5.40,1385.13
1762006854.917105,2.40,1386.21
1762006855.9185672,9.60,1385.46
1762006856.9199896,4.80,1385.63
1762006857.9218009,4.80,1386.07
1762006858.9233937,4.30,1386.04
1762006859.9248068,4.90,1386.25
1762006860.926615,4.80,1386.62
1762006861.9288294,4.90,1386.92
1762006862.9305205,5.30,1387.72
1762006863.9315941,3.60,1387.73
1762006864.9334981,4.10,1387.10
1762006865.934964,4.70,1386.43
1762006866.9371643,3.00,1387.04
1762006867.9385262,3.00,1387.66
1762006868.9398153,3.00,1385.61
1762006869.9416146,3.60,1387.23
1762006870.9436018,6.00,1385.87
1762006871.9458127,2.40,1386.50
1762006872.9480023,4.20,1381.32
1762006873.9504437,0.50,1372.94
1762006874.9522288,1.50,1372.94
1762006875.9538887,5.00,1372.94
1762006876.955651,1.00,1373.19
1762006877.9564598,0.50,1373.19
1762006878.9577754,42.90,1373.19
1762006879.9595535,17.10,1370.46
1762006880.961131,1.00,1370.45
1762006881.9626882,0.00,1370.45
1762006882.9645348,1.00,1370.45
1762006883.9674063,10.10,1369.11
1762006884.969423,4.50,1369.03
1762006885.9714024,5.10,1369.02
1762006886.9735632,0.50,1369.01
1762006887.975435,0.00,1369.01
1762006888.9769976,1.00,1369.01
1762006889.978852,0.50,1368.99
1762006890.9803765,1.50,1370.18
1762006891.9819562,1.00,1370.01
1762006892.9836435,0.50,1370.01
1762006893.9854062,0.50,1370.01
1762006894.9874966,0.50,1370.01
1762006895.989323,4.00,1370.37
1762006896.991148,2.50,1370.37
1762006897.9932318,0.50,1370.35
1762006898.994874,0.50,1370.35
1762006899.9965177,1.00,1370.35
1762006900.9982126,8.00,1372.02
1762006902.0006845,0.00,1372.02
1762006903.0023756,1.00,1372.02
1762006904.003988,1.50,1372.02
1762006905.005987,0.50,1372.02
1762006906.007689,1.50,1372.02
1762006907.0092034,0.50,1372.02
1762006908.0107312,0.50,1372.02
1762006909.0123875,0.50,1372.02
1762006910.014681,0.50,1372.02
1762006911.016341,0.50,1372.02
1762006912.0181923,0.50,1372.02
1762006913.0198674,1.50,1372.02
1762006914.021711,1.00,1372.02
1762006915.023648,0.00,1372.02
1762006916.0254064,1.00,1371.97
1762006917.0269763,0.50,1371.97
1762006918.0287223,0.50,1371.97
1762006919.0303783,0.00,1371.97
1762006920.0319636,1.00,1371.97
1762006921.0336452,0.50,1371.96
1762006922.0354507,0.00,1371.96
1762006923.0369172,1.00,1371.96
1762006924.0384526,0.50,1371.96
1762006925.0399814,0.00,1371.96
1762006926.0421274,0.50,1371.96
1762006927.0438027,0.00,1371.95
1762006928.0456243,0.50,1371.95
1762006929.0472593,0.00,1371.95
1762006930.0491686,0.50,1371.95
1762006931.0508573,1.00,1371.95
1762006932.052525,0.50,1371.94
1762006933.054353,0.50,1371.94
1762006934.055961,0.00,1371.94
1762006935.057796,1.00,1371.94
1762006936.0594661,0.50,1371.94
1762006937.0610452,0.00,1371.94
1762006938.0625517,1.00,1371.94
1762006939.0641925,0.00,1371.94
1762006940.0656486,5.50,1371.94
1762006941.0672836,0.50,1371.94
1762006942.0694509,0.50,1371.94
1762006943.0709636,0.00,1371.93
1762006944.0725365,3.00,1372.00
1762006945.0741687,3.00,1372.00
1762006946.0755484,3.50,1372.00
1762006947.077263,6.00,1372.00
1762006948.0788076,4.50,1372.00
1762006949.0806563,0.50,1372.00
1762006950.082713,0.50,1371.99
1762006951.0836103,0.50,1371.99
1762006952.0852976,0.00,1371.99
1762006953.086974,1.00,1371.99
1762006954.0889728,0.50,1371.99
1762006955.0908208,0.00,1371.99
1762006956.092563,0.00,1371.99
1762006957.0945818,1.00,1371.99
1762006958.0963209,0.00,1371.99
1762006959.0982049,0.50,1371.98
1762006960.0999405,0.00,1371.98
1762006961.1015477,0.00,1371.98
1762006962.1031322,0.00,1371.98
1762006963.1048286,1.00,1371.98
1762006964.1064703,0.00,1371.98
1762006965.108305,0.00,1371.98
1762006966.1101046,1.50,1371.97
1762006967.1117449,1.00,1371.97
1762006968.113394,0.00,1371.97
1762006969.1152089,0.50,1371.97
1762006970.1168914,0.00,1371.96
1762006971.119099,0.50,1371.96
1762006972.1209388,0.00,1371.96
1762006973.122835,0.50,1371.96
1762006974.123492,0.50,1371.96
1762006975.1253438,0.50,1371.96
1762006976.1281486,11.60,1382.42
1762006977.1296842,10.10,1381.61
1762006978.131243,10.50,1382.31
1762006979.1328144,6.70,1382.59
1762006980.134843,6.20,1382.68
1762006981.1368935,8.50,1383.27
1762006982.13836,6.10,1383.36
1762006983.1399918,6.10,1382.20
1762006984.1417677,3.60,1381.40
1762006985.143547,3.60,1383.30
1762006986.145,3.00,1382.46
1762006987.1465375,4.20,1382.49
1762006988.148611,4.20,1380.67
1762006989.1504476,5.40,1381.54
1762006990.1521654,3.00,1383.80
1762006991.153641,5.50,1383.06
1762006992.1551056,4.20,1382.14
1762006993.1565878,4.30,1382.89
1762006994.1583283,4.20,1379.64
1762006995.160311,6.00,1382.71
1762006996.162238,4.20,1382.89
1762006997.1633766,4.20,1381.95
1762006998.164944,3.60,1382.68
1762006999.16671,4.10,1381.36
1762007000.168297,4.70,1382.20
1762007001.1697447,3.60,1382.94
1762007002.1713195,5.30,1383.33
1762007003.172755,10.90,1383.40
1762007004.1743436,2.90,1383.23
1762007005.175917,3.60,1381.63
1762007006.1775165,1.60,1369.19
1762007007.179145,1.50,1369.19
1762007008.1806552,0.50,1369.19
1762007009.1824303,1.00,1369.43
1762007010.1839414,0.00,1369.43
1762007011.185456,1.50,1369.43
1762007012.187201,1.00,1369.43
1762007013.1886997,0.50,1369.41
1762007014.1903825,0.50,1369.41
1762007015.1919458,1.00,1369.40
1762007016.1941411,0.50,1369.40
1762007017.1955128,0.00,1369.40
1762007018.1971817,1.00,1369.40
1762007019.1988935,0.00,1369.40
1762007020.2005928,3.00,1369.40
1762007021.2021718,0.00,1369.37
1762007022.2039366,0.50,1369.37
1762007023.2056937,0.50,1369.36
1762007024.207393,0.50,1369.36
1762007025.2092006,0.50,1369.36
1762007026.2108138,1.50,1369.36
1762007027.2126215,0.50,1369.36
1762007028.2141955,0.50,1369.36
1762007029.2158947,0.50,1369.36
1762007030.217503,1.00,1369.36
1762007031.219153,0.50,1369.36
1762007032.2211292,1.00,1369.36
1762007033.2227688,0.50,1369.36
1762007034.2243378,1.00,1369.36
1762007035.2258737,0.00,1369.36
1762007036.2275896,0.50,1369.36
1762007037.2293918,0.50,1369.36
1762007038.2309656,0.50,1369.36
1762007039.2326984,0.50,1369.36
1762007040.2342882,1.00,1369.36
1762007041.235938,0.50,1369.36
1762007042.2375548,0.50,1369.36
1762007043.2392628,0.00,1369.36
1762007044.2408173,1.00,1369.36
1762007045.242541,0.00,1369.36
1762007046.2442107,0.50,1369.36
1762007047.245933,1.50,1369.36
1762007048.247521,0.50,1369.36
1762007049.2491486,0.50,1369.36
1762007050.2508876,0.50,1369.36
1762007051.2524967,1.00,1369.36
1762007052.2541776,0.50,1369.36
1762007053.2559707,0.50,1369.36
1762007054.2576,1.50,1369.31
1762007055.2593045,0.50,1369.31
1762007056.2609468,1.50,1369.30
1762007057.2627034,0.00,1369.30
1762007058.2643142,0.00,1369.30
1762007059.2658796,1.00,1369.29
1762007060.2677534,0.00,1369.29
1762007061.2693624,0.50,1369.29
1762007062.270906,0.00,1369.29
1762007063.2729416,5.00,1369.29
1762007064.274714,1.00,1369.29
1762007065.2766209,0.00,1369.29
1762007066.2785816,0.50,1369.29
1762007067.2802658,0.00,1369.29
1762007068.2819624,1.00,1369.29
1762007069.2838113,0.50,1369.29
1762007070.2854402,0.00,1369.29
1762007071.2871506,0.50,1369.29
1762007072.2887037,0.50,1369.29
1762007073.2903705,0.50,1369.29
1762007074.291914,0.50,1369.29
1762007075.2937014,0.00,1369.29
1762007076.2953517,0.50,1369.29
1762007077.296933,0.50,1369.29
1762007078.2985387,0.00,1369.29
1762007079.30011,0.50,1369.29
1762007080.3016868,1.00,1369.29
1762007081.3034127,0.00,1369.29
1762007082.3049927,0.00,1369.29
1762007083.3067558,0.50,1369.53
1762007084.3083556,0.00,1369.49
1762007085.3099926,0.50,1369.49
1762007086.3116515,1.50,1369.49
1762007087.3133652,0.00,1369.49
1762007088.314947,0.50,1369.49
1762007089.3168802,0.00,1369.48
1762007090.318561,0.50,1369.48
1762007091.3202782,0.00,1369.48
1762007092.3218722,0.50,1369.48
1762007093.3234646,0.50,1369.48
1762007094.3252416,0.00,1369.48
1762007095.326887,0.50,1369.48
1762007096.3284,0.50,1369.48
1762007097.3301268,0.50,1369.48
1762007098.3316662,0.50,1369.48
1762007099.3334353,1.00,1369.48
1762007100.3352578,0.00,1369.48
1762007101.337054,0.00,1369.48
1762007102.338666,0.50,1369.48
1762007103.3395822,0.50,1369.48
1762007104.3414354,0.50,1369.48
1762007105.342958,0.00,1369.48
1762007106.3447177,0.50,1369.48
1762007107.346448,0.00,1369.48
1762007108.3481593,5.10,1380.51
1762007109.3491726,9.90,1383.09
1762007110.350325,8.40,1380.91
1762007111.3517416,8.30,1380.35
1762007112.3533187,5.40,1382.63
1762007113.354855,5.50,1382.86
1762007114.3564084,5.50,1381.85
1762007115.3579712,5.50,1381.92
1762007116.3595614,4.80,1381.86
1762007117.3619394,4.20,1381.56
1762007118.363684,4.90,1382.17
1762007119.365173,4.30,1382.21
1762007120.3668466,5.00,1381.83
1762007121.3683348,6.00,1381.84
1762007122.369796,7.20,1383.57
1762007123.3715086,3.70,1382.39
1762007124.3747253,4.30,1382.16
1762007125.3763545,6.10,1381.80
1762007126.378531,5.60,1383.02
1762007127.3808799,5.50,1382.62
1762007128.3827722,6.70,1382.48
1762007129.384384,4.20,1383.00
1762007130.3859231,4.70,1383.67
1762007131.387564,3.60,1382.29
1762007132.389391,4.80,1383.70
1762007133.3908968,4.80,1381.82
1762007134.3930607,3.70,1384.52
1762007135.3949966,4.10,1382.04
1762007136.3965943,4.10,1382.44
1762007137.3982155,3.60,1382.48
1762007138.3994284,4.70,1369.27
1762007139.4010937,1.00,1369.21
1762007140.403081,2.00,1369.21
1762007141.4046712,1.00,1369.45
1762007142.406476,0.00,1369.42
1762007143.4081345,1.00,1369.42
1762007144.4098783,0.50,1369.42
1762007145.4115527,1.00,1369.41
1762007146.4131625,1.50,1369.41
1762007147.415,0.50,1369.41
1762007148.416748,1.00,1369.41
1762007149.4184508,0.00,1369.41
1762007150.4200704,5.00,1369.41
1762007151.421759,0.50,1369.41
1762007152.4234843,0.00,1369.41
1762007153.4252017,1.00,1369.41
1762007154.4267282,0.50,1369.41
1762007155.4285257,0.50,1369.39
1762007156.4306753,0.50,1369.39
1762007157.4325738,0.50,1369.39
1762007158.434273,0.50,1369.39
1762007159.4358428,0.50,1369.39
1762007160.4374766,0.50,1369.39
1762007161.4391239,1.00,1369.39
1762007162.4407647,0.00,1369.39
1762007163.4423344,1.00,1369.39
1762007164.443985,0.50,1369.39
1762007165.4457023,0.50,1369.39
1762007166.4475868,0.00,1369.39
1762007167.4494128,1.00,1369.39
1762007168.4514024,0.50,1369.39
1762007169.4529328,1.00,1369.39
1762007170.4546168,0.00,1369.39
1762007171.4564657,1.50,1369.39
1762007172.4581723,0.50,1369.39
1762007173.4599047,0.00,1369.39
1762007174.4615574,1.50,1369.39
1762007175.4632027,0.00,1369.37
1762007176.4647293,2.00,1370.10
1762007177.4666567,0.50,1370.10
1762007178.4681933,0.50,1370.10
1762007179.4699082,1.50,1370.07
1762007180.4716535,0.00,1370.07
1762007181.473358,0.50,1370.05
1762007182.4752414,2.50,1371.29
1762007183.476972,0.00,1371.29
1762007184.4786217,1.00,1371.29
1762007185.4807131,0.50,1371.29
1762007186.4824166,0.50,1371.29
1762007187.483972,6.60,1371.94
1762007188.485729,0.50,1371.84
1762007189.487408,0.50,1371.84
1762007190.489257,0.50,1371.84
1762007191.4908786,0.00,1371.77
1762007192.4914958,2.00,1372.75
1762007193.493126,0.50,1372.64
1762007194.4946306,0.00,1372.64
1762007195.496389,0.50,1372.64
1762007196.4981403,0.50,1372.64
1762007197.499938,0.00,1372.55
1762007198.501698,0.50,1372.48
1762007199.5033789,0.50,1372.48
1762007200.5051947,5.00,1372.69
1762007201.506807,0.50,1372.66
1762007202.5085857,0.00,1372.65
1762007203.5102925,1.00,1372.65
1762007204.5120807,0.50,1372.65
1762007205.5137506,0.00,1372.65
1762007206.515392,1.50,1372.65
1762007207.5164008,1.00,1372.64
1762007208.5184624,0.00,1372.63
1762007209.520209,0.50,1372.63
1762007210.5218883,4.50,1372.63
1762007211.5244179,0.00,1372.63
1762007212.526243,0.00,1372.63
1762007213.527774,0.50,1372.63
1762007214.529323,1.00,1372.63
1762007215.5308862,0.50,1372.63
1762007216.5321128,0.00,1372.63
1762007217.533813,0.50,1372.62
1762007218.5358474,0.50,1372.62
1762007219.537462,0.50,1372.62
1762007220.5392392,0.00,1372.62
1762007221.5409129,0.50,1372.62
1762007222.5426095,0.00,1372.62
1762007223.5444224,1.50,1372.62
1762007224.546315,0.00,1372.61
1762007225.548006,0.00,1372.61
1762007226.5496926,0.50,1372.61
1762007227.5513678,0.50,1372.61
1762007228.552877,0.00,1372.61
1762007229.5546982,0.50,1372.61
1762007230.5563817,0.50,1372.61
1762007231.5581572,1.50,1372.60
1762007232.5599935,0.00,1372.60
1762007233.5616827,0.50,1372.60
1762007234.5633907,1.00,1372.84
1762007235.5651078,0.00,1372.84
1762007236.5667944,0.00,1372.84
1762007237.5685744,1.00,1372.84
1762007238.5701332,0.00,1372.84
1762007239.5718255,0.00,1372.84
1762007240.573519,1.00,1372.84
1762007241.5750766,12.10,1384.81
1762007242.5765772,8.60,1385.27
1762007243.57757,8.50,1385.71
1762007244.5791738,6.80,1385.99
1762007245.580676,5.40,1384.50
1762007246.5822604,4.20,1385.75
1762007247.5839252,3.60,1385.30
1762007248.5855541,3.70,1385.41
1762007249.587209,3.10,1385.01
1762007250.5887666,1.90,1386.01
1762007251.5903616,4.30,1384.44
1762007252.5919077,5.50,1385.77
1762007253.593677,4.90,1385.68
1762007254.5952413,4.90,1384.94
1762007255.5967586,3.80,1384.93
1762007256.59842,4.40,1384.16
1762007257.5999987,4.40,1385.07
1762007258.6015608,6.30,1384.73
1762007259.603036,3.90,1384.29
1762007260.6047313,7.70,1385.09
1762007261.6062894,5.40,1386.26
1762007262.6077695,3.00,1385.32
1762007263.609385,4.20,1384.70
1762007264.6108582,4.20,1383.61
1762007265.6124074,3.10,1384.07
1762007266.6138744,7.10,1386.79
1762007267.6153855,3.00,1386.31
1762007268.6169436,3.60,1385.48
1762007269.6186562,3.00,1384.27
1762007270.6201904,9.60,1385.21
1762007271.6218393,1.60,1372.15
1762007272.622363,0.50,1372.15
1762007273.6241302,0.00,1372.15
1762007274.6262214,0.50,1372.38
1762007275.6276484,0.50,1372.38
1762007276.628514,0.00,1372.38
1762007277.6300855,1.00,1372.38
1762007278.631522,0.50,1372.38
1762007279.633363,0.50,1372.38
1762007280.635206,0.50,1372.38
1762007281.6371584,0.50,1372.38
1762007282.6391153,0.50,1372.38
1762007283.6407583,1.00,1372.38
1762007284.6425748,0.50,1372.38
1762007285.644397,0.50,1372.38
1762007286.646157,0.00,1372.38
1762007287.647887,0.50,1372.38
1762007288.6495302,1.00,1372.38
1762007289.6512947,0.50,1372.38
1762007290.6530967,0.50,1372.38
1762007291.654783,0.00,1372.36
1762007292.6564262,0.50,1372.36
1762007293.6581497,0.50,1372.36
1762007294.6598005,1.50,1372.36
1762007295.6613665,0.00,1372.36
1762007296.6631699,2.00,1372.36
1762007297.6651888,1.00,1372.36
1762007298.6661909,0.50,1372.36
1762007299.6683266,0.00,1372.36
1762007300.66987,0.50,1372.34
1762007301.6716113,0.50,1372.34
1762007302.6733584,0.50,1372.34
1762007303.675105,0.50,1372.34
1762007304.6767023,0.50,1372.34
1762007305.6783543,0.50,1372.34
1762007306.6798077,1.00,1372.34
1762007307.6815012,0.00,1372.34
1762007308.6832037,0.50,1372.34
1762007309.6848276,1.50,1373.06
1762007310.6864522,0.00,1373.06
1762007311.6879528,0.50,1373.06
1762007312.689602,1.00,1373.06
1762007313.6913202,0.00,1373.06
1762007314.6930053,1.00,1373.06
1762007315.6946745,0.50,1373.06
1762007316.6963065,0.50,1373.06
1762007317.6979458,0.50,1373.06
1762007318.6995711,0.50,1373.06
1762007319.7015188,0.50,1373.06
1762007320.7033713,0.50,1373.06
1762007321.7048795,0.50,1373.06
1762007322.7065477,0.50,1373.06
1762007323.7082026,0.00,1373.06
1762007324.7101135,0.00,1373.06
1762007325.711989,0.50,1373.06
1762007326.7138917,1.50,1373.06
1762007327.715608,0.50,1373.06
1762007328.7175527,0.50,1373.06
1762007329.7193515,0.00,1373.06
1762007330.7210863,5.00,1373.06
1762007331.7227027,0.50,1373.06
1762007332.7236774,0.50,1373.06
1762007333.7254405,0.00,1373.06
1762007334.7271972,1.00,1373.06
1762007335.7288358,0.00,1373.06
1762007336.730354,0.50,1373.06
1762007337.732128,0.00,1373.06
1762007338.7339365,1.00,1373.06
1762007339.7357483,0.00,1373.06
1762007340.737349,0.00,1373.06
1762007341.7389276,1.00,1373.06
1762007342.7408113,0.00,1373.06
1762007343.7423623,0.50,1373.06
1762007344.7443893,0.00,1373.06
1762007345.7459838,0.50,1373.06
1762007346.7475533,0.00,1373.06
1762007347.7492254,0.00,1373.06
1762007348.7510989,1.50,1373.06
1762007349.7532372,0.00,1373.06
1762007350.7548425,1.00,1373.00
1762007351.756363,0.50,1373.00
1762007352.758115,0.00,1373.00
1762007353.7598908,0.50,1372.99
1762007354.7614763,1.00,1372.99
1762007355.7631593,0.00,1372.99
1762007356.7652242,0.00,1372.99
1762007357.7667632,0.00,1372.99
1762007358.7685266,0.50,1372.99
1762007359.770379,0.00,1372.99
1762007360.7719045,0.50,1372.98
1762007361.773666,0.50,1372.98
1762007362.7753162,0.00,1372.98
1762007363.7769492,0.00,1372.98
1762007364.77872,1.00,1372.98
1762007365.7803988,1.00,1372.98
1762007366.7819657,0.50,1372.98
1762007367.7835722,0.50,1372.98
1762007368.784862,0.00,1372.98
1762007369.7866158,1.00,1372.98
1762007370.7884877,0.00,1372.98
1762007371.7903595,0.00,1372.98
1762007372.7921953,0.00,1372.98
1762007373.7936692,7.30,1386.89
1762007374.795098,10.30,1384.20
1762007375.796679,7.80,1385.04
1762007376.7982252,7.00,1386.11
1762007377.799717,7.10,1384.64
1762007378.8013144,4.40,1384.48
1762007379.8028803,18.90,1384.12
1762007380.8045065,12.30,1385.79
1762007381.8059986,4.80,1385.65
1762007382.8075953,15.90,1385.30
1762007383.809356,3.70,1385.72
1762007384.8108308,5.40,1383.80
1762007385.8122885,3.70,1385.11
1762007386.8137813,6.00,1384.83
1762007387.8153703,4.30,1386.66
1762007388.8172598,4.30,1384.19
1762007389.8191504,4.90,1384.10
1762007390.8207157,13.90,1385.84
1762007391.8223326,5.60,1384.39
1762007392.8238895,4.40,1384.47
1762007393.8244624,6.50,1385.10
1762007394.8258982,7.60,1386.37
1762007395.8273242,6.50,1384.88
1762007396.8291798,7.60,1384.48
1762007397.8307643,7.40,1386.03
1762007398.832345,5.70,1386.46
1762007399.8339236,5.70,1385.09
1762007400.8354635,5.70,1384.77
1762007401.8369508,9.90,1386.50
1762007402.8394024,5.80,1386.45
1762007403.841099,5.80,1372.15
1762007404.84273,0.00,1372.14
1762007405.8444626,1.00,1372.14
1762007406.8462083,1.00,1372.38
1762007407.847776,0.50,1372.38
1762007408.8493886,0.00,1372.38
1762007409.850986,1.00,1372.38
1762007410.8527458,1.50,1372.38
1762007411.8546097,0.50,1372.38
1762007412.856429,0.50,1372.38
1762007413.8581817,0.50,1372.38
1762007414.8601892,1.50,1372.37
1762007415.8620822,0.50,1372.37
1762007416.8636334,1.00,1372.62
1762007417.8653724,0.50,1372.62
1762007418.8671122,0.50,1372.62
1762007419.8676858,1.00,1372.60
1762007420.8694875,0.50,1372.59
1762007421.8713274,1.00,1372.59
1762007422.8732028,1.00,1372.59
1762007423.8748164,0.50,1372.59
1762007424.8755069,0.50,1372.59
1762007425.8773305,1.00,1372.59
1762007426.878944,1.00,1372.59
1762007427.8809834,0.50,1372.59
1762007428.882967,0.50,1372.59
1762007429.884577,1.00,1372.59
1762007430.8861923,0.50,1372.59
1762007431.887961,0.50,1372.59
1762007432.8896756,1.00,1372.59
1762007433.8914723,0.50,1372.59
1762007434.8931682,0.50,1372.59
1762007435.8947184,0.50,1372.59
1762007436.8963923,1.00,1372.59
1762007437.8979747,1.00,1372.79
1762007438.900081,0.50,1372.79
1762007439.901809,1.00,1372.79
1762007440.9035244,0.50,1372.79
1762007441.9051802,0.50,1372.79
1762007442.9067595,0.50,1372.79
1762007443.9084206,0.50,1372.79
1762007444.9102674,0.50,1372.77
1762007445.9121354,0.50,1372.77
1762007446.9138064,2.00,1372.77
1762007447.9153483,0.50,1372.77
1762007448.917136,0.50,1372.77
1762007449.9187875,0.00,1372.77
1762007450.9205918,5.50,1372.77
1762007451.9223373,0.50,1372.77
1762007452.923763,0.50,1372.77
1762007453.9255695,1.00,1372.77
1762007454.9271915,0.00,1372.77
1762007455.928832,0.50,1372.76
1762007456.9305,0.50,1372.76
1762007457.9323726,0.50,1372.76
1762007458.9344847,0.50,1372.76
1762007459.9363997,0.50,1372.76
1762007460.938162,0.50,1372.76
1762007461.9397666,1.00,1372.75
1762007462.9415278,0.00,1372.75
1762007463.9433143,0.00,1372.75
1762007464.9448612,1.00,1372.75
1762007465.9465904,0.00,1372.75
1762007466.9482465,1.00,1372.75
1762007467.9498408,0.50,1372.74
1762007468.9515057,0.50,1372.74
1762007469.953286,0.50,1372.74
1762007470.9549057,1.00,1372.74
1762007471.9565353,0.00,1372.74
1762007472.958234,0.50,1372.74
1762007473.9598978,0.50,1372.73
1762007474.9615395,1.00,1372.73
1762007475.9633174,0.50,1372.73
1762007476.9649947,2.50,1374.46
1762007477.9668128,0.50,1374.46
1762007478.968646,0.50,1374.46
1762007479.9701874,0.00,1374.45
1762007480.9719007,0.50,1374.45
1762007481.9736621,0.50,1374.45
1762007482.9754512,1.00,1374.45
1762007483.977001,0.50,1374.45
1762007484.978739,0.00,1374.45
1762007485.9809704,0.00,1374.44
1762007486.9826002,1.00,1374.44
1762007487.9842749,2.00,1374.42
1762007488.9859297,0.00,1374.42
1762007489.9877813,0.00,1374.42
1762007490.9893506,1.00,1374.64
1762007491.9909837,0.00,1374.64
1762007492.9927213,1.50,1375.04
1762007493.9943883,0.50,1374.98
1762007494.9962327,0.50,1374.98
1762007495.998353,0.00,1374.98
1762007497.000282,0.50,1374.98
1762007498.0019696,0.50,1374.80
1762007499.0037887,0.50,1374.79
1762007500.0054686,0.00,1374.79
1762007501.0070932,11.10,1375.65
1762007502.0089922,0.50,1375.65
1762007503.0107322,0.00,1375.65
1762007504.012372,1.00,1375.65
1762007505.0139668,0.00,1375.65
1762007506.0155802,1.00,1375.64
1762007507.0169785,15.90,1386.71
1762007508.0185328,8.20,1386.69
1762007509.0204263,4.30,1387.77
1762007510.0219905,5.60,1387.34
1762007511.0228114,5.60,1387.05
1762007512.0238771,6.30,1386.85
1762007513.0284562,4.30,1387.26
1762007514.029522,9.00,1386.67
1762007515.032684,4.90,1387.21
1762007516.033782,5.40,1387.73
1762007517.0344677,4.10,1387.88
1762007518.036058,3.00,1387.84
1762007519.0392544,3.60,1385.87
1762007520.0408862,4.20,1387.40
1762007521.042753,2.40,1386.41
1762007522.0442042,4.10,1386.55
1762007523.0458212,3.00,1385.92
1762007524.0464358,4.20,1387.32
1762007525.0496547,3.00,1385.90
1762007526.0515363,3.60,1387.12
1762007527.0532093,3.60,1387.96
1762007528.0548592,5.40,1386.85
1762007529.0564728,4.20,1386.35
1762007530.0578458,7.60,1386.06
1762007531.0597973,4.30,1386.50
1762007532.0614958,3.60,1387.69
1762007533.06696,3.60,1386.63
1762007534.0685804,3.60,1387.25
1762007535.070475,4.80,1387.53
1762007536.0721738,3.70,1387.22
1762007537.0738358,3.10,1373.93
1762007538.0756044,0.00,1373.93
1762007539.0772717,1.00,1373.93
1762007540.0798671,22.10,1374.27
1762007541.0813706,49.70,1374.43
1762007542.082964,16.80,1352.69
1762007543.0848002,1.00,1352.69
1762007544.0863507,1.00,1352.69
1762007545.0879347,0.00,1352.69
1762007546.0895853,0.00,1352.69
1762007547.0912156,1.00,1352.69
1762007548.0927603,0.50,1352.68
1762007549.0943966,1.00,1352.68
1762007550.0959256,0.00,1352.68
1762007551.0977,0.50,1352.68
1762007552.0993307,0.50,1352.68
1762007553.1010065,0.50,1352.90
1762007554.1028697,0.50,1352.90
1762007555.1044898,1.00,1352.90
1762007556.1054685,4.50,1353.37
1762007557.1083658,4.00,1353.62
1762007558.110282,1.50,1353.59
1762007559.1119764,1.00,1353.54
1762007560.113544,6.00,1354.04
1762007561.115321,3.00,1354.03
1762007562.1182494,1.00,1353.95
1762007563.1197193,2.50,1354.20
1762007564.121477,5.00,1355.16
1762007565.124,6.10,1355.90
1762007566.1256783,0.50,1355.89
1762007567.1275814,1.50,1355.89
1762007568.129341,0.50,1355.89
1762007569.1309962,2.50,1355.88
1762007570.1328819,5.00,1356.12
1762007571.1348157,1.00,1356.12
1762007572.1364746,0.50,1356.08
1762007573.1384473,6.00,1356.07
1762007574.1402023,1.00,1356.07
1762007575.1419656,0.50,1356.07
1762007576.1438203,1.00,1356.07
1762007577.145497,2.00,1356.07
1762007578.1472564,0.50,1356.06
1762007579.1495497,1.50,1356.06
1762007580.1517475,0.50,1356.05
1762007581.1533494,0.50,1356.05
1762007582.1551418,1.00,1356.05
1762007583.1568346,0.00,1356.05
1762007584.1583557,1.50,1356.05
1762007585.1599605,2.50,1356.03
1762007586.1617696,1.00,1356.03
1762007587.1638649,1.00,1356.03
1762007588.1654017,0.50,1356.03
1762007589.1670022,0.00,1356.03
1762007590.1686187,0.50,1356.03
1762007591.170459,1.00,1356.02
1762007592.1721635,0.00,1356.01
1762007593.1738014,0.00,1356.01
1762007594.175435,1.00,1356.01
1762007595.1769776,0.50,1356.01
1762007596.1786878,0.50,1356.01
1762007597.180408,0.00,1356.01
1762007598.1820776,0.50,1356.00
1762007599.1837225,1.00,1356.00
1762007600.1853755,0.50,1356.00
1762007601.1872303,0.50,1356.00
1762007602.188988,0.50,1356.00
1762007603.1907825,0.50,1356.00
1762007604.1923575,1.00,1356.00
1762007605.193981,0.00,1356.00
1762007606.1955597,0.50,1356.00
1762007607.197302,1.00,1356.00
1762007608.1991773,0.00,1355.99
1762007609.2008731,0.00,1355.99
1762007610.2024775,0.50,1355.99
1762007611.2042942,1.00,1355.99
1762007612.2061815,1.00,1355.99
1762007613.2078803,0.50,1355.99
1762007614.2096407,0.50,1355.97
1762007615.2114244,0.50,1355.96
1762007616.2134168,0.50,1355.96
1762007617.2151856,0.00,1355.96
1762007618.2169652,0.50,1355.96
1762007619.2186856,0.50,1355.96
1762007620.2203834,0.00,1355.96
1762007621.222097,2.00,1356.19
1762007622.2236397,1.00,1356.19
1762007623.2253087,1.00,1356.16
1762007624.2269578,1.00,1356.16
1762007625.228616,0.00,1356.16
1762007626.2302372,0.50,1356.16
1762007627.2318275,2.00,1356.15
1762007628.2325594,0.00,1356.15
1762007629.234419,1.00,1356.15
1762007630.2360046,0.00,1356.15
1762007631.2377248,0.50,1356.15
1762007632.2390792,0.00,1356.14
1762007633.2407787,0.50,1356.14
1762007634.2426147,0.50,1356.14
1762007635.243513,0.50,1356.14
1762007636.245334,7.50,1356.14
1762007637.2473855,0.50,1356.14
1762007638.2490916,0.50,1356.12
1762007639.2505286,9.70,1367.80
1762007640.2521977,11.70,1367.84
1762007641.2538273,4.90,1366.48
1762007642.255387,4.80,1367.88
1762007643.2568483,3.10,1368.40
1762007644.2585447,4.80,1369.12
1762007645.2602987,4.30,1369.00
1762007646.2619486,6.70,1368.48
1762007647.2634745,25.90,1368.15
1762007648.2657375,59.30,1370.55
1762007649.26698,62.60,1407.17
1762007650.2757616,72.40,1370.89
1762007651.2776537,51.10,1391.68
1762007652.2798119,6.10,1392.86
1762007653.281358,4.20,1394.16
1762007654.283554,3.70,1391.40
1762007655.2869992,4.80,1392.82
1762007656.2893846,3.70,1364.67
1762007657.2904377,4.30,1364.79
1762007658.2919538,4.20,1366.36
1762007659.2930784,4.80,1365.39
1762007660.2953663,3.00,1366.39
1762007661.2967672,4.20,1365.77
1762007662.2988133,3.00,1365.43
1762007663.30061,5.40,1365.55
1762007664.3021863,6.00,1364.92
1762007665.3038383,3.70,1365.52
1762007666.3057005,5.00,1365.65
1762007667.3073568,5.40,1365.21
1762007668.3091233,5.40,1365.48
1762007669.311091,4.90,1352.16
1762007670.3127902,0.50,1352.15
1762007671.3145478,0.50,1352.15
1762007672.3163824,1.50,1352.64
1762007673.3181458,2.50,1353.12
1762007674.319714,0.00,1353.12
1762007675.3214135,1.50,1353.12
1762007676.3229685,2.00,1353.36
1762007677.3247836,2.00,1353.32
1762007678.3264656,1.50,1353.20
1762007679.3281102,0.00,1353.20
1762007680.329828,1.00,1353.20
1762007681.3315508,1.50,1353.40
1762007682.3335338,4.00,1353.40
1762007683.3353093,0.50,1353.39
1762007684.337233,1.00,1353.39
1762007685.339112,1.50,1353.39
1762007686.3414814,3.50,1353.62
1762007687.3432345,1.00,1353.61
1762007688.345109,1.00,1353.61
1762007689.3468072,1.50,1353.86
1762007690.3484817,0.50,1353.86
1762007691.350153,1.00,1353.86
1762007692.351731,1.00,1353.86
1762007693.3533602,1.50,1354.10
1762007694.3549137,1.00,1354.08
1762007695.3555598,0.00,1354.08
1762007696.3573136,6.00,1354.08
1762007697.3596494,3.00,1354.32
1762007698.3613563,1.00,1354.31
1762007699.362989,0.00,1354.30
1762007700.3645175,2.00,1354.30
1762007701.366068,0.00,1354.52
1762007702.367685,1.00,1354.52
1762007703.3692942,1.00,1354.52
1762007704.3713367,1.50,1354.51
1762007705.3732224,1.50,1354.51
1762007706.3748882,1.50,1354.50
1762007707.376472,1.00,1354.50
1762007708.3781173,1.00,1354.49
1762007709.3796895,0.50,1354.49
1762007710.3824909,2.50,1354.49
1762007711.3846743,1.50,1354.49
1762007712.386392,0.50,1354.47
1762007713.3879213,2.00,1354.47
1762007714.3894134,1.00,1354.47
1762007715.3911734,0.50,1354.47
1762007716.3927586,0.50,1354.46
1762007717.3944602,1.00,1354.46
1762007718.3961353,2.50,1354.46
1762007719.3976796,0.50,1354.46
1762007720.3993042,0.50,1354.46
1762007721.4008949,0.50,1354.46
1762007722.402687,0.50,1354.43
1762007723.4044256,1.00,1354.43
1762007724.4061391,1.50,1354.68
1762007725.408188,1.00,1354.68
1762007726.4099727,0.00,1354.68
1762007727.4118512,1.00,1354.66
1762007728.4132144,1.00,1354.66
1762007729.4147625,0.00,1354.66
1762007730.4165344,0.00,1354.66
1762007731.418359,1.50,1354.66
1762007732.420201,1.00,1354.65
1762007733.4217641,1.00,1354.65
1762007734.4234092,1.00,1354.65
1762007735.4249978,0.50,1354.65
1762007736.42679,1.00,1354.63
1762007737.4285586,0.00,1354.63
1762007738.4301355,0.50,1354.63
1762007739.4318254,2.50,1354.88
1762007740.4329245,0.50,1354.87
1762007741.4346445,1.00,1354.87
1762007742.4365368,1.00,1354.84
1762007743.4381897,1.50,1354.82
1762007744.4401538,1.00,1354.82
1762007745.4419048,0.00,1354.79
1762007746.4435422,3.00,1354.79
1762007747.4452498,0.00,1354.79
1762007748.447693,1.00,1354.79
1762007749.4496458,1.50,1355.03
1762007750.451518,1.00,1355.03
1762007751.4533255,0.00,1355.03
1762007752.4552486,1.00,1355.01
1762007753.4568198,0.50,1355.01
1762007754.4586077,2.00,1355.01
1762007755.460591,0.50,1354.98
1762007756.4622886,5.00,1354.98
1762007757.4641275,1.00,1354.98
1762007758.4658446,0.50,1354.98
1762007759.467522,1.00,1354.98
1762007760.4691787,0.50,1354.98
1762007761.4707897,2.00,1354.98
1762007762.4730082,1.00,1354.98
1762007763.4749618,0.00,1354.96
1762007764.4763954,1.50,1354.96
1762007765.478407,1.00,1354.96
1762007766.4801211,1.00,1354.96
1762007767.4817924,0.50,1354.95
1762007768.483605,1.00,1354.94
1762007769.4853158,3.50,1354.94
1762007770.4874957,0.00,1354.91
1762007771.4891777,5.50,1356.04
1762007772.49171,16.60,1370.18
1762007773.4935343,9.30,1367.72
1762007774.4964838,9.30,1367.09
1762007775.4993682,5.60,1367.86
1762007776.501503,4.80,1367.20
1762007777.503083,4.20,1367.30
1762007778.5045788,3.60,1366.74
1762007779.5079818,3.70,1367.03
1762007780.510245,4.80,1366.73
1762007781.5118113,7.60,1368.41
1762007782.5133836,4.90,1366.06
1762007783.514924,6.10,1366.56
1762007784.5185165,4.90,1368.58
1762007785.5195174,4.90,1367.62
1762007786.521152,4.20,1367.36
1762007787.5217416,4.20,1367.14
1762007788.5245621,3.60,1367.82
1762007789.5287209,4.70,1364.93
1762007790.5313284,4.70,1366.27
1762007791.533384,7.60,1366.32
1762007792.5369117,3.60,1366.20
1762007793.5413697,5.50,1366.70
1762007794.5445032,4.80,1367.95
1762007795.54694,3.70,1368.41
1762007796.5502055,4.20,1366.59
1762007797.5523741,4.20,1367.47
1762007798.5548563,4.80,1368.13
1762007799.55788,3.10,1365.70
1762007800.55938,8.30,1368.45
1762007801.5609066,8.20,1362.13
1762007802.5633464,1.00,1354.53
1762007803.5661092,1.00,1354.53
1762007804.5678196,0.50,1354.53
1762007805.569443,1.00,1354.77
1762007806.5712295,2.00,1354.77
1762007807.5728712,1.00,1354.77
1762007808.5745041,0.50,1354.77
1762007809.576346,1.50,1354.77
1762007810.5779834,1.50,1355.00
1762007811.5796669,0.50,1355.00
1762007812.581402,1.00,1354.98
1762007813.5832734,0.50,1354.98
1762007814.5847728,1.00,1354.98
1762007815.5864546,0.50,1354.98
1762007816.5880744,6.00,1354.98
1762007817.5898166,0.50,1354.97
1762007818.5914068,0.50,1354.97
1762007819.5930805,0.50,1354.97
1762007820.5948894,1.00,1354.97
1762007821.5965612,1.50,1354.97
1762007822.5982556,1.00,1355.20
1762007823.5997188,0.50,1355.18
1762007824.6016536,1.50,1355.42
1762007825.603242,2.00,1355.41
1762007826.6048622,0.50,1355.41
1762007827.6065125,0.50,1355.41
1762007828.6082249,0.50,1355.41
1762007829.6099384,0.00,1355.41
1762007830.6115758,1.50,1355.41
1762007831.6132855,0.50,1355.41
1762007832.6149294,0.50,1355.41
1762007833.616593,0.50,1355.40
1762007834.6183531,0.50,1355.40
1762007835.619973,1.00,1355.40
1762007836.6218994,0.00,1355.40
1762007837.6236258,0.50,1355.40
1762007838.6252966,1.00,1355.40
1762007839.626956,0.00,1355.40
1762007840.6286662,0.50,1355.40
1762007841.6303535,1.00,1355.40
1762007842.631899,0.00,1355.39
1762007843.6335638,0.50,1355.39
1762007844.6352286,1.00,1355.38
1762007845.6368887,0.00,1355.38
1762007846.6384916,1.00,1355.38
1762007847.640225,0.50,1355.38
1762007848.641803,0.50,1355.38
1762007849.6434307,0.00,1355.38
1762007850.6452065,0.50,1355.38
1762007851.6468172,2.50,1355.38
1762007852.6486778,0.50,1355.38
1762007853.6504066,0.00,1355.38
1762007854.6520536,0.00,1355.38
1762007855.6534438,1.00,1355.38
1762007856.6549532,0.00,1355.38
1762007857.656654,0.00,1355.38
1762007858.6582677,1.00,1355.38
1762007859.659701,0.00,1355.38
1762007860.661454,1.50,1355.37
1762007861.662982,0.50,1355.36
1762007862.6646478,0.00,1355.36
1762007863.6663473,1.00,1355.36
1762007864.6682298,0.00,1355.35
1762007865.6700835,0.50,1355.35
1762007866.671744,1.00,1355.34
1762007867.6736906,0.00,1355.30
1762007868.6745503,0.50,1355.30
1762007869.6762815,0.50,1355.30
1762007870.6779242,0.00,1355.30
1762007871.679535,0.50,1355.30
1762007872.681321,0.50,1355.29
1762007873.6829603,0.50,1355.29
1762007874.684792,0.50,1355.29
1762007875.6864257,0.00,1355.29
1762007876.6882741,5.50,1355.29
1762007877.6899,0.50,1355.29
1762007878.6916106,0.50,1355.29
1762007879.6933808,0.50,1355.28
1762007880.6950877,0.00,1355.28
1762007881.696765,0.50,1355.28
1762007882.6983938,0.50,1355.28
1762007883.7002342,0.50,1355.28
1762007884.7023594,0.00,1355.28
1762007885.7041225,0.00,1355.28
1762007886.7058756,0.00,1355.28
1762007887.7074194,1.00,1355.28
1762007888.7089474,0.00,1355.28
1762007889.7105775,0.00,1355.28
1762007890.7121723,1.00,1355.27
1762007891.713821,1.00,1355.27
1762007892.715501,0.00,1355.27
1762007893.71712,0.00,1355.27
1762007894.7187655,0.50,1355.27
1762007895.7202835,0.50,1355.26
1762007896.7217555,0.50,1355.26
1762007897.7233665,0.00,1355.26
1762007898.7249067,0.00,1355.26
1762007899.7264395,0.50,1355.26
1762007900.7271514,0.50,1355.26
1762007901.728641,0.00,1355.26
1762007902.7303371,1.00,1355.25
1762007903.7318723,0.00,1355.25
1762007904.7334948,0.50,1355.25
1762007905.7352514,0.50,1355.25
1762007906.7371042,0.00,1355.25
1762007907.7385983,0.50,1355.25
1762007908.74017,0.50,1355.25
1762007909.7418077,0.00,1355.25
1762007910.7435694,0.50,1355.25
1762007911.7453709,0.00,1355.25
1762007912.747104,0.50,1355.25
1762007913.7488165,0.00,1355.25
1762007914.7504992,0.50,1355.24
1762007915.752277,0.50,1355.23
1762007916.7538912,0.50,1355.23
1762007917.7555878,0.00,1355.23
1762007918.7571712,0.00,1355.23
1762007919.7586572,1.00,1355.23
1762007920.7605727,0.00,1355.23
1762007921.7632291,0.00,1355.23
1762007922.764885,0.50,1355.23
1762007923.7664185,0.00,1355.23
1762007924.7680876,0.50,1355.23
1762007925.7695973,0.50,1355.23
1762007926.7711868,1.50,1355.22
1762007927.7727058,0.00,1355.22
1762007928.774327,0.00,1355.22
1762007929.7759004,1.00,1355.22
1762007930.7776453,0.50,1355.22
1762007931.7793684,0.50,1355.22
1762007932.781208,0.50,1355.21
1762007933.7829707,0.50,1355.21
1762007934.7845926,1.00,1355.21
1762007935.7862785,0.00,1355.21
1762007936.787966,0.00,1355.18
1762007937.7896373,0.50,1355.18
1762007938.7914977,0.00,1355.18
1762007939.79313,1.00,1355.18
1762007940.7948194,4.50,1355.18
1762007941.7964659,1.00,1355.18
1762007942.798079,1.00,1355.16
1762007943.7996302,0.00,1355.16
1762007944.801352,0.50,1355.16
1762007945.8029926,0.50,1355.16
1762007946.8046336,0.00,1355.16
1762007947.8063974,1.00,1355.16
1762007948.808147,0.00,1355.16
1762007949.8098164,0.00,1355.16
1762007950.8114727,1.50,1355.15
1762007951.8131535,0.50,1355.15
1762007952.8147383,0.00,1355.13
1762007953.8163795,0.50,1355.13
1762007954.8180935,1.00,1355.13
1762007955.819563,0.00,1355.13
1762007956.8215337,2.50,1355.12
1762007957.823185,0.50,1355.12
1762007958.824773,0.50,1355.12
1762007959.8264935,0.50,1355.12
1762007960.8281662,0.00,1355.12
1762007961.8296685,0.50,1355.12
1762007962.8313565,0.50,1355.10
1762007963.8329778,0.50,1355.10
1762007964.834778,0.00,1355.10
1762007965.8363516,0.50,1355.10
1762007966.8374743,0.50,1355.10
1762007967.8392544,0.50,1355.10
1762007968.8410015,0.50,1355.09
1762007969.8426898,0.50,1355.09
1762007970.8442729,0.50,1355.09
1762007971.8461351,0.00,1355.09
1762007972.847827,0.50,1355.09
1762007973.8493793,0.50,1355.09
1762007974.8509905,0.50,1355.09
1762007975.8515215,0.00,1355.09
1762007976.85315,0.00,1355.09
1762007977.8548124,0.00,1355.09
1762007978.8565102,1.00,1355.09
1762007979.8582287,0.00,1355.33
1762007980.8601303,4.50,1355.32
1762007981.8618345,0.50,1355.28
1762007982.8635643,0.50,1355.28
1762007983.8652391,0.50,1355.28
1762007984.8668225,0.00,1355.28
1762007985.8686237,1.00,1355.28
1762007986.8704379,2.00,1355.28
1762007987.8721087,1.00,1355.27
1762007988.873745,0.50,1355.27
1762007989.8755853,0.00,1355.27
1762007990.87725,0.50,1355.27
1762007991.878842,0.00,1355.27
1762007992.8813405,0.50,1355.27
1762007993.8828697,0.50,1355.27
1762007994.88453,0.50,1355.27
1762007995.8864167,0.00,1355.27
1762007996.8881357,1.00,1355.27
1762007997.8899145,0.00,1355.27
1762007998.891702,0.50,1355.25
1762007999.893424,0.50,1355.25
1762008000.8951802,0.00,1355.25
1762008001.8969717,0.50,1355.25
1762008002.8991084,4.50,1355.25
1762008003.9008942,1.00,1355.25
1762008004.9024563,0.00,1355.25
1762008005.904282,0.50,1355.25
1762008006.906141,0.50,1355.25
1762008007.907794,0.00,1355.25
1762008008.9096289,0.00,1355.25
1762008009.9112606,1.00,1355.25
1762008010.9127815,1.00,1355.24
1762008011.9141886,0.00,1355.24
1762008012.9158592,0.50,1355.24
1762008013.9176245,0.50,1355.24
1762008014.919404,1.00,1355.24
1762008015.9209971,0.00,1355.24
1762008016.9231708,0.50,1355.23
1762008017.9248471,0.50,1355.23
1762008018.9265807,0.00,1355.23
1762008019.929387,0.50,1355.23
1762008020.9312267,1.00,1355.23
1762008021.9337578,11.60,1355.20
