timestamp,cpu_percent,mem_used_mb
1762096906.2069137,27.30,1360.24
1762096907.2086213,6.60,1360.24
1762096908.210374,7.00,1360.24
1762096909.2119887,7.00,1360.24
1762096910.2137165,6.50,1360.24
1762096911.215575,7.50,1360.24
1762096912.217289,7.00,1360.24
1762096913.2189643,6.50,1360.24
1762096914.2205327,6.60,1360.24
1762096915.2224789,7.00,1360.24
1762096916.224433,6.60,1360.24
1762096917.225993,7.00,1360.16
1762096918.227647,42.90,1378.86
1762096919.229521,21.10,1342.57
1762096920.2317855,19.50,1343.67
1762096921.233472,15.40,1343.75
1762096922.235232,15.40,1343.63
1762096923.2368734,17.20,1344.24
1762096924.238752,14.50,1342.51
1762096925.240493,13.50,1343.32
1762096926.2422383,18.00,1342.83
1762096927.2439702,14.20,1341.81
1762096928.245903,14.20,1344.18
1762096929.2478437,13.40,1342.45
1762096930.2501814,14.10,1343.24
1762096931.252692,14.80,1344.38
1762096932.2545629,14.90,1344.41
1762096933.2563393,11.00,1343.35
1762096934.2579935,6.60,1345.18
1762096935.259634,5.60,1345.43
1762096936.2612188,5.60,1342.88
1762096937.2627964,5.10,1344.02
1762096938.2645404,11.10,1345.33
1762096939.2665884,6.10,1345.57
1762096940.268358,6.10,1344.56
1762096941.2701344,6.10,1344.80
1762096942.2718575,6.10,1344.80
1762096943.27339,6.10,1344.80
1762096944.2748077,6.10,1343.80
1762096945.276424,6.10,1346.46
1762096946.2780013,6.10,1346.46
1762096947.279699,5.60,1346.46
1762096948.2816162,6.60,1343.22
1762096949.2833085,6.50,1343.47
1762096950.284766,6.50,1343.47
1762096951.2863588,6.10,1341.88
1762096952.287816,6.10,1342.13
1762096953.289328,5.60,1342.13
1762096954.2907884,6.00,1342.08
1762096955.292412,5.60,1342.08
1762096956.2939775,5.60,1329.71
1762096957.2957208,7.00,1329.71
1762096958.2974904,7.60,1329.71
1762096959.2991116,7.10,1329.94
1762096960.3013346,7.00,1329.94
1762096961.3028786,6.60,1329.94
1762096962.30455,7.50,1329.94
1762096963.306382,6.10,1329.94
1762096964.3079824,7.50,1329.93
1762096965.3098676,6.50,1329.93
1762096966.3116486,6.50,1329.93
1762096967.3133245,6.60,1329.98
1762096968.3149145,7.00,1329.98
1762096969.316594,7.00,1329.93
1762096970.3181338,6.50,1329.93
1762096971.3193772,6.60,1329.93
1762096972.3211074,6.50,1329.93
1762096973.322758,6.50,1329.93
1762096974.324544,7.10,1329.93
1762096975.3262136,7.00,1329.93
1762096976.3278506,7.00,1329.93
1762096977.3295205,6.50,1329.93
1762096978.3314748,6.10,1329.92
1762096979.3332112,8.00,1329.92
1762096980.3347542,6.50,1329.92
1762096981.3364754,6.50,1329.92
1762096982.3380756,6.10,1329.92
1762096983.3405755,6.60,1329.92
1762096984.342128,6.50,1329.91
1762096985.3440993,6.50,1330.16
1762096986.3459089,7.00,1330.16
1762096987.347584,6.50,1330.16
1762096988.3493383,7.00,1330.16
1762096989.351015,7.00,1330.16
1762096990.3525538,6.10,1330.15
1762096991.354572,7.00,1330.15
1762096992.3556108,6.60,1330.15
1762096993.3573377,6.50,1330.15
1762096994.358908,7.00,1330.15
1762096995.3609428,6.10,1330.15
1762096996.3628206,7.00,1330.03
1762096997.3646061,6.50,1330.03
1762096998.3665648,6.10,1330.01
1762096999.368208,7.00,1330.01
1762097000.36982,7.50,1330.01
1762097001.3716352,7.00,1330.01
1762097002.3736968,6.50,1330.01
1762097003.3754253,6.60,1330.01
1762097004.3770208,11.50,1330.01
1762097005.3786619,6.50,1330.00
1762097006.3803587,6.50,1330.00
1762097007.382296,7.50,1330.00
1762097008.3840594,6.10,1330.00
1762097009.3857613,6.60,1330.00
1762097010.3887239,7.00,1330.00
1762097011.390524,6.60,1330.00
1762097012.3923292,5.60,1330.00
1762097013.394866,7.00,1330.00
1762097014.3965888,6.60,1329.99
1762097015.3984818,6.50,1329.99
1762097016.4001184,7.00,1329.99
1762097017.4018338,6.50,1329.99
1762097018.403612,8.00,1329.99
1762097019.4053993,7.00,1329.99
1762097020.4071178,6.10,1329.98
1762097021.409269,7.00,1329.98
1762097022.4108737,7.00,1329.98
1762097023.4125283,6.10,1329.98
1762097024.4141028,7.00,1329.98
1762097025.4157903,6.50,1329.98
1762097026.417414,6.50,1329.96
1762097027.4190526,6.60,1330.04
1762097028.42078,7.00,1329.95
1762097029.4224124,7.00,1329.95
1762097030.4241366,7.50,1329.95
1762097031.42569,6.50,1329.95
1762097032.4273596,7.00,1329.91
1762097033.4290135,6.60,1329.91
1762097034.4310422,8.00,1330.10
1762097035.4329572,7.50,1330.10
1762097036.434554,6.50,1330.10
1762097037.4362805,6.50,1330.10
1762097038.4380205,6.50,1330.10
1762097039.4396396,7.00,1330.10
1762097040.4412293,7.00,1330.10
1762097041.4428325,6.00,1330.10
1762097042.444761,7.00,1330.10
1762097043.4467084,6.50,1330.10
1762097044.44844,7.50,1330.09
1762097045.4504097,6.10,1330.09
1762097046.452085,7.50,1330.33
1762097047.4543667,6.50,1330.33
1762097048.456237,7.50,1330.56
1762097049.4576507,7.50,1330.55
1762097050.459215,6.50,1330.55
1762097051.4610693,6.60,1330.55
1762097052.462824,5.10,1330.55
1762097053.4644332,7.50,1330.55
1762097054.4664648,6.50,1330.55
1762097055.4680996,7.00,1330.55
1762097056.4699225,7.00,1330.55
1762097057.4709978,6.60,1330.54
1762097058.4729161,17.40,1342.86
1762097059.4738731,30.80,1344.23
1762097060.4772809,24.50,1344.19
1762097061.478732,18.50,1342.96
1762097062.4802344,17.80,1343.45
1762097063.4817364,14.90,1343.02
1762097064.4838912,17.80,1344.53
1762097065.4852278,13.90,1344.32
1762097066.488971,15.80,1341.79
1762097067.4908555,22.30,1342.63
1762097068.4927902,14.50,1344.17
1762097069.4951098,13.00,1344.46
1762097070.4966815,15.30,1342.34
1762097071.498416,14.40,1343.49
1762097072.5003047,12.20,1342.73
1762097073.5028315,13.10,1344.21
1762097074.5037746,13.50,1342.86
1762097075.5055687,12.60,1342.85
1762097076.5092669,12.50,1343.53
1762097077.5110219,12.50,1343.10
1762097078.5126092,15.20,1344.86
1762097079.5135725,14.30,1342.88
1762097080.5157738,15.30,1343.72
1762097081.517765,15.20,1343.17
1762097082.5195587,15.80,1343.37
1762097083.521181,14.00,1343.24
1762097084.5231116,14.90,1343.74
1762097085.5247643,11.30,1344.10
1762097086.5264802,13.50,1342.52
1762097087.527713,13.50,1344.62
1762097088.5289204,11.10,1329.66
1762097089.530585,7.50,1329.66
1762097090.5321755,6.50,1329.66
1762097091.534125,7.50,1329.91
1762097092.5360327,8.50,1329.90
1762097093.537621,6.60,1330.16
1762097094.5385237,8.00,1330.14
1762097095.5401096,6.60,1330.14
1762097096.5418477,6.50,1330.14
1762097097.5435565,7.00,1330.13
1762097098.545523,7.50,1330.13
1762097099.5472426,7.50,1330.13
1762097100.5486743,6.60,1330.13
1762097101.5504036,7.00,1330.13
1762097102.5520148,6.50,1330.13
1762097103.5536208,6.10,1330.13
1762097104.5552745,7.00,1330.13
1762097105.5572476,7.00,1330.12
1762097106.5588431,7.00,1330.12
1762097107.560545,6.50,1330.12
1762097108.5626445,6.50,1330.12
1762097109.564369,7.00,1330.12
1762097110.5659895,7.50,1330.12
1762097111.5675185,5.60,1330.12
1762097112.569219,7.00,1330.12
1762097113.5707712,6.50,1330.12
1762097114.5724235,7.00,1330.12
1762097115.5740645,6.60,1330.12
1762097116.5765924,7.00,1330.11
1762097117.578375,6.50,1330.11
1762097118.5799692,6.50,1330.11
1762097119.5815883,7.50,1330.11
1762097120.5832617,6.60,1330.11
1762097121.5848458,7.00,1330.11
1762097122.586439,6.50,1330.10
1762097123.587982,6.60,1330.10
1762097124.5896947,6.50,1330.10
1762097125.5913765,6.50,1330.09
1762097126.5932155,6.50,1330.09
1762097127.594893,7.00,1330.09
1762097128.5969503,7.00,1330.09
1762097129.5986142,12.00,1330.09
1762097130.6003137,7.00,1330.09
1762097131.6019518,6.10,1330.09
1762097132.6036785,6.50,1330.09
1762097133.605469,6.50,1330.09
1762097134.6070368,6.50,1330.09
1762097135.6088803,7.00,1330.09
1762097136.6106296,6.50,1330.09
1762097137.6124685,6.10,1330.09
1762097138.6140218,6.50,1330.09
1762097139.6155608,8.00,1330.09
1762097140.6172445,6.10,1330.08
1762097141.619602,7.00,1330.08
1762097142.621461,7.00,1330.08
1762097143.623127,6.50,1330.08
1762097144.6249988,6.60,1330.08
1762097145.6267154,6.50,1330.08
1762097146.6287398,7.50,1330.08
1762097147.6306884,6.60,1330.08
1762097148.632319,7.00,1330.08
1762097149.6339233,7.10,1330.08
1762097150.6357512,6.50,1330.08
1762097151.6375675,7.00,1330.08
1762097152.6394904,6.50,1330.06
1762097153.6413128,8.50,1330.06
1762097154.6431246,8.10,1330.06
1762097155.6449065,8.10,1330.07
1762097156.6466284,6.50,1330.04
1762097157.6481154,7.00,1330.28
1762097158.6497731,6.60,1330.27
1762097159.6507328,8.00,1330.48
1762097160.6524668,7.00,1330.48
1762097161.6542442,6.60,1330.48
1762097162.656231,6.60,1330.46
1762097163.6578934,7.00,1330.46
1762097164.6599705,7.00,1330.46
1762097165.6617463,6.50,1330.46
1762097166.6635084,8.00,1330.46
1762097167.6651046,7.00,1330.46
1762097168.6670012,7.00,1330.46
1762097169.668644,7.50,1330.68
1762097170.6704447,7.50,1330.67
1762097171.6722574,6.50,1330.67
1762097172.673957,6.50,1330.67
1762097173.6755884,8.60,1330.91
1762097174.6773086,7.10,1331.13
1762097175.6788495,7.00,1331.35
1762097176.6805122,6.60,1331.35
1762097177.6821299,6.50,1331.35
1762097178.6839101,6.60,1331.35
1762097179.6857374,7.50,1331.35
1762097180.6879969,6.50,1331.35
1762097181.689889,6.50,1331.35
1762097182.6918411,6.50,1331.34
1762097183.693552,7.00,1331.34
1762097184.6955678,6.50,1331.34
1762097185.697354,7.00,1331.34
1762097186.6994565,7.10,1331.34
1762097187.7011242,7.00,1331.34
1762097188.702737,6.50,1331.34
1762097189.704383,7.00,1331.34
1762097190.7059734,15.10,1332.32
1762097191.7076232,26.30,1344.86
1762097192.7094245,20.10,1344.17
1762097193.710928,19.40,1344.42
1762097194.7120016,16.60,1345.61
1762097195.7138603,17.20,1345.15
1762097196.7153118,18.00,1343.50
1762097197.7169852,20.90,1343.07
1762097198.7180336,19.30,1344.00
1762097199.719885,22.10,1344.27
1762097200.7209415,19.30,1345.00
1762097201.7224653,16.60,1345.77
1762097202.7240732,16.30,1345.19
1762097203.7256675,15.30,1343.63
1762097204.7274497,16.80,1343.44
1762097205.7293527,14.10,1342.86
1762097206.7314632,14.40,1345.50
1762097207.7328207,13.80,1345.24
1762097208.7345748,6.70,1345.43
1762097209.736092,6.60,1345.93
1762097210.737586,5.60,1346.16
1762097211.7390609,5.60,1345.82
1762097212.7406263,6.10,1345.04
1762097213.742213,6.10,1345.27
1762097214.7441232,6.60,1344.13
1762097215.7459955,6.20,1344.03
1762097216.7477062,6.10,1345.60
1762097217.7495027,6.10,1345.66
1762097218.751174,6.10,1346.04
1762097219.7532687,6.60,1346.02
1762097220.754733,5.70,1346.02
1762097221.7567935,5.60,1341.38
1762097222.7583623,5.60,1337.55
1762097223.7598062,6.60,1330.36
1762097224.7614412,6.50,1330.36
1762097225.7631004,7.00,1330.36
1762097226.7647605,6.60,1330.36
1762097227.7663813,6.10,1330.36
1762097228.7680163,5.60,1330.36
1762097229.7698255,7.50,1330.36
1762097230.7714703,7.10,1330.36
1762097231.7733493,6.50,1330.36
1762097232.7752206,7.00,1330.36
1762097233.7770076,8.00,1330.83
1762097234.7777202,6.60,1330.82
1762097235.7794363,7.00,1330.77
1762097236.7813625,7.00,1330.77
1762097237.7829354,7.00,1330.77
1762097238.7846556,6.50,1330.77
1762097239.7862573,7.50,1330.77
1762097240.7882404,6.50,1330.77
1762097241.7899039,6.50,1330.77
1762097242.7916536,6.50,1330.77
1762097243.79342,7.00,1330.77
1762097244.7949417,7.00,1330.77
1762097245.7967067,6.50,1330.77
1762097246.7984717,6.10,1330.77
1762097247.8001046,6.50,1330.77
1762097248.801746,6.50,1330.77
1762097249.803654,7.00,1330.77
1762097250.8056335,6.50,1330.77
1762097251.807468,7.00,1330.77
1762097252.8096354,7.00,1330.77
1762097253.8113177,11.10,1330.77
1762097254.8130753,7.00,1330.77
1762097255.8149676,6.60,1330.77
1762097256.8166564,7.00,1330.77
1762097257.8177087,6.60,1330.77
1762097258.8194954,7.00,1330.76
1762097259.8213902,8.50,1330.76
1762097260.8231027,6.50,1330.76
1762097261.8248532,7.00,1330.73
1762097262.8266797,6.50,1330.72
1762097263.8284411,7.50,1330.72
1762097264.83091,7.50,1330.72
1762097265.832733,8.00,1330.72
1762097266.8345828,8.00,1330.95
1762097267.8367295,8.00,1330.92
1762097268.8385322,6.60,1330.91
1762097269.8403456,7.00,1330.91
1762097270.8420548,6.50,1330.91
1762097271.8439522,6.50,1330.91
1762097272.8456566,7.90,1330.91
1762097273.847353,6.10,1330.91
1762097274.8489268,8.00,1330.91
1762097275.8506167,6.00,1330.91
1762097276.8520036,6.50,1330.91
1762097277.8537128,6.50,1330.91
1762097278.855667,7.00,1330.91
1762097279.8575163,7.50,1330.91
1762097280.8590834,6.50,1330.91
1762097281.8625126,7.00,1330.91
1762097282.8642619,5.10,1330.91
1762097283.8658822,6.50,1330.90
1762097284.8679712,7.00,1330.90
1762097285.8688772,6.50,1330.90
1762097286.8711364,7.50,1330.90
1762097287.8729799,7.00,1330.90
1762097288.8745213,6.10,1330.90
1762097289.876193,7.00,1330.90
1762097290.877873,7.00,1330.89
1762097291.879561,6.10,1330.89
1762097292.881254,6.50,1330.89
1762097293.8830907,7.00,1330.88
1762097294.8846605,6.10,1330.88
1762097295.886454,6.10,1330.88
1762097296.8880682,6.50,1330.88
1762097297.8898509,6.50,1330.88
1762097298.8918242,7.90,1330.87
1762097299.8936229,6.60,1330.87
1762097300.8953657,7.00,1330.87
1762097301.8973691,6.50,1330.87
1762097302.8990753,7.00,1330.87
1762097303.9008136,8.10,1330.86
1762097304.9024434,6.00,1330.83
1762097305.904069,7.00,1331.07
1762097306.905933,6.60,1331.06
1762097307.9076035,6.50,1331.06
1762097308.909341,6.50,1331.06
1762097309.9112446,7.10,1331.06
1762097310.9130752,6.60,1331.06
1762097311.9148088,7.10,1331.06
1762097312.9166548,6.60,1331.06
1762097313.9176295,7.00,1331.06
1762097314.919575,10.20,1331.06
1762097315.921348,7.50,1331.05
1762097316.9230797,6.50,1331.05
1762097317.924846,6.50,1331.05
1762097318.9266362,6.50,1331.05
1762097319.9286683,6.60,1331.05
1762097320.9303317,8.00,1331.05
1762097321.9318452,6.50,1331.01
1762097322.9334433,7.50,1331.01
1762097323.9350402,6.50,1331.00
1762097324.9367418,6.00,1331.00
1762097325.938618,21.20,1343.78
1762097326.940686,21.50,1343.97
1762097327.9426613,16.60,1344.74
1762097328.943868,14.90,1343.96
1762097329.9459724,13.20,1345.95
1762097330.9477584,13.70,1344.25
1762097331.949761,15.40,1342.74
1762097332.950826,12.00,1343.46
1762097333.952886,13.50,1343.47
1762097334.9544678,13.20,1343.60
1762097335.9560008,10.50,1344.05
1762097336.957549,13.70,1344.53
1762097337.9593048,12.90,1342.97
1762097338.9615407,13.40,1344.01
1762097339.9636843,15.00,1343.25
1762097340.9652536,12.90,1342.33
1762097341.9666915,11.20,1344.72
1762097342.9683363,12.40,1343.62
1762097343.969837,14.00,1343.74
1762097344.9715333,12.90,1343.69
1762097345.9735947,11.80,1343.37
1762097346.975419,13.00,1343.29
1762097347.9773834,13.70,1344.30
1762097348.979228,15.00,1345.38
1762097349.9798706,14.00,1343.33
1762097350.9814198,14.00,1345.33
1762097351.984485,12.50,1343.85
1762097352.9860168,12.30,1343.51
1762097353.9876235,14.10,1343.95
1762097354.9890957,14.70,1343.15
1762097355.9910543,9.50,1330.31
1762097356.9928632,7.00,1330.31
1762097357.9944596,7.00,1330.31
1762097358.996335,7.50,1330.55
1762097359.9975312,7.00,1330.55
1762097360.9994886,7.00,1330.55
1762097362.0012655,7.00,1330.55
1762097363.0029044,7.00,1330.55
1762097364.0044773,7.00,1330.55
1762097365.0060759,7.00,1330.54
1762097366.0079005,7.00,1330.54
1762097367.0096235,6.50,1330.54
1762097368.0113957,7.50,1330.54
1762097369.0130572,7.00,1330.54
1762097370.0148435,6.10,1330.54
1762097371.0165412,7.00,1330.54
1762097372.0182426,7.00,1330.54
1762097373.0195208,7.00,1330.54
1762097374.0210798,6.50,1330.54
1762097375.022618,7.00,1330.54
1762097376.024286,7.00,1330.54
1762097377.0259333,7.00,1330.54
1762097378.0277255,7.00,1330.54
1762097379.0295377,7.10,1330.54
1762097380.0313582,6.50,1330.54
1762097381.0330358,6.50,1330.53
1762097382.034784,8.00,1330.53
1762097383.0364454,7.00,1330.53
1762097384.0383663,6.50,1330.53
1762097385.0399787,6.50,1330.53
1762097386.041592,7.00,1330.53
1762097387.0433483,6.10,1330.52
1762097388.045095,7.50,1330.52
1762097389.0469728,7.50,1330.52
1762097390.0489802,6.50,1330.52
1762097391.0507255,7.00,1330.52
1762097392.051868,7.00,1330.52
1762097393.0537755,7.00,1330.52
1762097394.0556417,7.00,1330.51
1762097395.0573785,7.60,1330.51
1762097396.0587602,7.50,1330.51
1762097397.060613,6.50,1330.51
1762097398.0624259,7.10,1330.51
1762097399.0646448,7.50,1330.50
1762097400.0663376,6.60,1330.50
1762097401.0678985,6.50,1330.50
1762097402.0695066,8.00,1329.98
1762097403.0712223,6.60,1330.22
1762097404.0736978,6.50,1330.22
1762097405.0754526,7.00,1330.21
1762097406.0772965,7.00,1330.21
1762097407.0789948,6.60,1330.46
1762097408.080499,8.00,1330.45
1762097409.082235,7.50,1330.45
1762097410.0851307,6.50,1330.45
1762097411.0870216,7.00,1330.44
1762097412.0886486,6.50,1330.44
1762097413.0899656,7.00,1330.44
1762097414.0917747,7.00,1330.44
1762097415.092532,6.50,1330.44
1762097416.0943124,7.00,1330.44
1762097417.0958889,6.50,1330.43
1762097418.0975218,11.10,1330.43
1762097419.099376,7.50,1330.42
1762097420.1010916,7.00,1330.42
1762097421.1028717,7.00,1330.42
1762097422.1046894,6.60,1330.42
1762097423.1066551,6.50,1330.41
1762097424.1087813,7.50,1330.41
1762097425.110565,6.60,1330.41
1762097426.1122434,7.50,1330.41
1762097427.1137302,7.00,1330.41
1762097428.1154203,6.50,1330.41
1762097429.1170833,8.60,1330.64
1762097430.1191063,6.60,1330.64
1762097431.1207948,7.50,1330.64
1762097432.122683,6.60,1330.64
1762097433.1243393,6.60,1330.64
1762097434.1258106,6.50,1330.64
1762097435.1275,7.00,1330.62
1762097436.129092,7.00,1330.62
1762097437.1308186,6.60,1330.59
1762097438.132515,6.00,1330.59
1762097439.134272,8.00,1330.59
1762097440.1358638,6.50,1330.59
1762097441.1378815,6.60,1330.59
1762097442.139606,8.50,1330.59
1762097443.1415691,7.00,1330.59
1762097444.1433234,6.50,1330.59
1762097445.1450305,6.60,1330.59
1762097446.1467948,6.10,1330.59
1762097447.148616,7.00,1330.59
1762097448.1503742,6.60,1330.58
1762097449.1521032,7.50,1330.58
1762097450.153691,6.60,1330.58
1762097451.1552927,6.10,1330.58
1762097452.156986,6.50,1330.58
1762097453.1584797,6.50,1330.57
1762097454.160074,6.60,1330.57
1762097455.1616457,7.00,1330.57
1762097456.163271,6.50,1330.57
1762097457.1649556,6.50,1330.57
1762097458.1688156,11.80,1344.21
1762097459.1696043,24.00,1345.22
1762097460.171372,15.50,1344.07
1762097461.1730967,13.90,1344.02
1762097462.1746058,15.90,1342.38
1762097463.176355,14.30,1345.36
1762097464.178059,13.30,1344.34
1762097465.1797814,14.20,1346.10
1762097466.181396,13.10,1344.91
1762097467.1867366,12.80,1345.01
1762097468.1887367,14.00,1344.74
1762097469.1905584,14.10,1343.70
1762097470.1924708,14.00,1342.84
1762097471.1948187,12.90,1341.80
1762097472.196438,15.70,1344.70
1762097473.1980724,12.00,1343.76
1762097474.199659,16.30,1344.68
1762097475.2011902,14.00,1346.30
1762097476.20294,14.30,1343.78
1762097477.2046273,13.10,1344.48
1762097478.2080548,19.80,1345.91
1762097479.2132323,13.80,1345.51
1762097480.2166111,14.20,1345.52
1762097481.220271,13.50,1346.45
1762097482.222059,13.10,1344.89
1762097483.2236137,15.50,1344.71
1762097484.226941,13.80,1343.52
1762097485.2289376,14.10,1343.95
1762097486.2305067,13.30,1344.20
1762097487.2321236,15.30,1345.12
1762097488.233721,13.90,1330.82
1762097489.2355494,8.60,1330.81
1762097490.237398,7.60,1331.03
1762097491.2391102,7.50,1331.77
1762097492.2405567,6.50,1331.77
1762097493.2424877,7.00,1331.77
1762097494.244491,6.10,1331.77
1762097495.24643,7.00,1331.77
1762097496.2485354,6.50,1331.77
1762097497.250408,6.50,1331.77
1762097498.2519457,7.00,1331.77
1762097499.2535956,7.00,1331.77
1762097500.2552755,6.60,1331.77
1762097501.257253,6.50,1331.77
1762097502.258885,7.60,1331.77
1762097503.2607274,7.00,1331.75
1762097504.262399,6.50,1331.75
1762097505.2640245,6.50,1331.75
1762097506.2655263,7.50,1331.75
1762097507.2671053,7.00,1331.75
1762097508.2688203,7.50,1331.74
1762097509.2705314,8.00,1331.74
1762097510.2720952,7.00,1331.74
1762097511.274293,7.50,1331.74
1762097512.2760077,6.60,1331.71
1762097513.2778957,7.00,1331.71
1762097514.2795484,8.00,1331.71
1762097515.2814586,7.10,1331.71
1762097516.2832758,7.00,1331.71
1762097517.2850883,7.00,1331.71
1762097518.2867746,6.50,1331.71
1762097519.2883995,7.10,1331.71
1762097520.2903566,7.00,1331.71
1762097521.2930663,7.00,1331.71
1762097522.2948108,7.50,1331.71
1762097523.296487,7.50,1331.70
1762097524.2982776,6.10,1331.70
1762097525.300074,7.00,1331.70
1762097526.3019528,6.50,1331.70
1762097527.3035703,7.00,1331.70
1762097528.305284,9.50,1331.75
1762097529.3068645,7.50,1331.74
1762097530.3090045,7.00,1331.74
1762097531.3110769,7.10,1331.74
1762097532.3127434,6.60,1331.73
1762097533.313793,7.00,1331.73
1762097534.3156054,7.00,1331.73
1762097535.3175747,7.50,1331.73
1762097536.319646,7.10,1331.73
1762097537.32047,11.60,1331.73
1762097538.3222804,7.00,1331.73
1762097539.3237646,6.60,1331.73
1762097540.3256726,6.50,1331.73
1762097541.3274875,6.10,1331.73
1762097542.32939,7.00,1331.73
1762097543.33094,6.50,1331.73
1762097544.3328326,7.50,1331.72
1762097545.3348162,6.60,1331.72
1762097546.3364737,7.50,1331.72
1762097547.3383904,7.00,1331.72
1762097548.340047,6.10,1331.72
1762097549.3416085,7.50,1331.72
1762097550.343318,7.50,1331.72
1762097551.3450124,7.60,1331.72
1762097552.3456473,7.50,1331.70
1762097553.347335,7.10,1331.94
1762097554.3490973,7.00,1331.92
1762097555.350733,7.00,1331.92
1762097556.3524559,7.50,1331.92
1762097557.354049,6.60,1331.92
1762097558.3556755,7.00,1331.90
1762097559.3576143,7.00,1331.88
1762097560.3593833,7.50,1331.88
1762097561.3610303,6.50,1331.88
1762097562.3627222,7.50,1331.88
1762097563.364388,6.50,1331.88
1762097564.366025,6.50,1331.88
1762097565.3678133,6.50,1331.88
1762097566.3698933,6.50,1331.88
1762097567.3716707,6.50,1331.88
1762097568.3732831,6.10,1331.88
1762097569.374895,6.50,1331.88
1762097570.376762,7.00,1331.88
1762097571.3785224,6.50,1331.88
1762097572.3803627,7.00,1331.88
1762097573.3819842,5.60,1331.88
1762097574.383509,7.50,1331.87
1762097575.3852804,6.50,1331.87
1762097576.3868885,6.50,1331.87
1762097577.3885882,6.50,1331.87
1762097578.3902137,6.10,1331.87
1762097579.3917713,8.00,1331.87
1762097580.3937993,6.60,1331.87
1762097581.3955126,7.00,1331.86
1762097582.397372,6.10,1332.10
1762097583.398914,8.00,1332.10
1762097584.400581,7.00,1332.10
1762097585.402251,6.50,1332.09
1762097586.4041314,7.00,1332.09
1762097587.405085,6.60,1332.09
1762097588.4067118,6.50,1332.09
1762097589.408422,7.00,1332.09
1762097590.4099882,6.50,1332.09
1762097591.4117413,21.10,1344.81
1762097592.4127967,17.70,1344.72
1762097593.4142938,18.70,1343.92
1762097594.4161258,12.20,1345.58
1762097595.4178255,11.20,1345.08
1762097596.4193602,12.90,1343.24
1762097597.4212382,13.60,1343.79
1762097598.423834,13.60,1343.00
1762097599.4255311,15.20,1344.75
1762097600.4265978,14.10,1345.49
1762097601.4303613,19.40,1345.11
1762097602.4329224,13.50,1343.20
1762097603.4353187,12.40,1342.40
1762097604.4365141,13.60,1343.62
1762097605.4380107,14.50,1344.88
1762097606.4395227,13.10,1344.21
1762097607.4420505,13.00,1344.83
1762097608.4437268,12.90,1343.04
1762097609.4449909,14.70,1345.12
1762097610.4488122,14.10,1344.45
1762097611.4514384,13.10,1345.93
1762097612.4534173,16.70,1344.77
1762097613.4540493,13.80,1344.48
1762097614.455435,12.50,1343.61
1762097615.4568477,13.10,1343.89
1762097616.4585576,11.20,1343.88
1762097617.4602456,14.50,1345.48
1762097618.4632115,14.50,1345.27
1762097619.4654212,12.00,1346.19
1762097620.4675474,13.50,1346.55
1762097621.4693117,8.20,1332.12
1762097622.4710214,9.00,1331.84
1762097623.472855,6.60,1331.27
1762097624.474499,7.00,1331.43
1762097625.4760897,7.00,1331.43
1762097626.4777558,6.60,1331.43
1762097627.4796293,7.00,1331.42
1762097628.481579,6.50,1331.42
1762097629.4834065,7.00,1331.42
1762097630.4851918,7.00,1331.42
1762097631.4868474,7.00,1331.42
1762097632.4888692,7.00,1331.42
1762097633.4905849,7.00,1331.41
1762097634.4923117,6.60,1331.41
1762097635.4939039,7.00,1331.41
1762097636.4948914,7.00,1331.41
1762097637.4961784,6.50,1331.41
1762097638.4977865,7.00,1331.41
1762097639.4995596,7.00,1331.41
1762097640.5013142,7.50,1331.41
1762097641.5029001,6.60,1331.41
1762097642.5038657,7.00,1331.41
1762097643.505549,6.10,1331.41
1762097644.507055,7.00,1331.41
1762097645.508938,7.50,1331.40
1762097646.5109217,6.50,1331.40
1762097647.512633,6.50,1331.40
1762097648.5144382,6.60,1331.40
1762097649.5163329,7.50,1331.40
1762097650.517974,6.60,1331.40
1762097651.5196097,7.00,1331.40
1762097652.5214558,7.00,1331.40
1762097653.523027,7.00,1331.38
1762097654.5248563,6.10,1331.38
1762097655.5264633,7.00,1331.38
1762097656.528096,6.50,1331.38
1762097657.5301774,6.10,1331.37
1762097658.531694,6.10,1331.37
1762097659.533392,7.50,1331.37
1762097660.5348272,7.00,1331.37
1762097661.5365734,7.00,1331.37
1762097662.5375762,7.00,1331.37
1762097663.5393498,11.10,1331.36
1762097664.5409966,7.00,1331.36
1762097665.5430305,7.50,1331.36
1762097666.5452967,6.10,1331.36
1762097667.5468926,6.50,1331.36
1762097668.5485265,6.60,1331.36
1762097669.5500634,6.60,1331.36
1762097670.551887,6.50,1331.36
1762097671.553475,7.00,1331.36
1762097672.5548427,7.50,1331.36
1762097673.555488,6.50,1331.36
1762097674.5573473,6.10,1331.36
1762097675.5592558,6.50,1331.32
1762097676.5611308,6.50,1331.32
1762097677.562949,7.00,1331.32
1762097678.5646815,7.10,1331.31
1762097679.5660043,7.50,1331.31
1762097680.567707,5.60,1331.31
1762097681.5688212,7.00,1331.31
1762097682.5705833,6.00,1331.31
1762097683.572644,7.60,1331.30
1762097684.5743592,6.00,1331.30
1762097685.5762446,5.60,1331.30
1762097686.577881,7.00,1331.30
1762097687.5795257,6.10,1331.30
1762097688.5814683,7.00,1331.30
1762097689.5846107,7.00,1331.30
1762097690.585601,6.10,1331.30
1762097691.5876863,6.50,1331.30
1762097692.5894763,7.00,1331.30
1762097693.5912306,6.10,1331.29
1762097694.592832,7.10,1331.29
1762097695.5952487,6.50,1331.29
1762097696.5972102,6.60,1331.29
1762097697.5990016,7.00,1331.28
1762097698.6007235,6.50,1331.28
1762097699.602516,7.50,1331.28
1762097700.604341,7.50,1331.28
1762097701.6059215,6.60,1331.27
1762097702.6081076,6.50,1331.27
1762097703.609609,6.10,1331.27
1762097704.6113577,6.50,1331.27
1762097705.6128826,6.60,1331.26
1762097706.6145134,6.10,1331.26
1762097707.6163344,7.50,1331.26
1762097708.618036,6.50,1331.26
1762097709.6197689,7.50,1331.26
1762097710.6214821,6.50,1331.26
1762097711.6235182,6.00,1331.25
1762097712.6252162,6.50,1331.25
1762097713.6268795,6.60,1331.25
1762097714.6288161,7.00,1331.25
1762097715.6304986,7.00,1331.25
1762097716.6320627,7.00,1331.25
1762097717.6337352,6.50,1331.25
1762097718.6356168,6.50,1331.25
1762097719.6372852,7.50,1331.25
1762097720.6388385,6.50,1331.25
1762097721.6403892,7.00,1331.25
1762097722.6420057,6.50,1331.25
1762097723.643556,15.50,1343.23
1762097724.6473806,25.90,1344.05
1762097725.6496212,26.20,1344.46
1762097726.6517172,17.30,1343.79
1762097727.6529455,18.60,1345.79
1762097728.6544433,15.60,1344.93
1762097729.6562643,12.40,1343.52
1762097730.660599,12.40,1343.71
1762097731.6623101,7.00,1344.41
1762097732.6638231,6.10,1346.20
1762097733.6654239,6.10,1346.44
1762097734.6669042,6.10,1346.44
1762097735.668447,6.10,1345.34
1762097736.6699479,6.10,1345.34
1762097737.6714344,6.10,1345.34
1762097738.672933,5.60,1343.38
1762097739.6739967,6.60,1344.91
1762097740.675722,6.10,1345.64
1762097741.677192,6.60,1347.17
1762097742.6787205,5.10,1349.57
1762097743.6806176,7.10,1345.35
1762097744.6821077,6.10,1345.35
1762097745.683691,6.60,1345.07
1762097746.6852605,5.60,1345.06
1762097747.686716,5.60,1346.37
1762097748.6883128,5.60,1344.98
1762097749.6900156,6.20,1345.41
1762097750.6917176,6.60,1346.96
1762097751.6932244,5.60,1346.96
1762097752.6946497,6.10,1346.96
1762097753.6962047,6.00,1346.96
1762097754.6978831,6.60,1347.20
1762097755.6994522,6.60,1342.56
1762097756.701009,6.00,1342.80
1762097757.7027373,6.10,1330.69
1762097758.7037401,7.00,1330.69
1762097759.7048135,7.10,1330.69
1762097760.705767,7.50,1331.43
1762097761.707023,6.50,1331.43
1762097762.7080803,6.10,1331.43
1762097763.7096162,7.50,1331.43
1762097764.7107751,6.50,1331.43
1762097765.7118838,7.00,1331.43
1762097766.7129333,6.10,1331.42
1762097767.7140193,7.00,1331.42
1762097768.7150989,6.50,1331.42
1762097769.7162552,8.10,1331.42
1762097770.7174532,6.10,1331.42
1762097771.7186134,6.50,1331.42
1762097772.7199447,6.60,1331.41
1762097773.7210531,9.50,1331.39
1762097774.7223074,7.00,1331.39
1762097775.7235174,8.00,1331.61
1762097776.724758,6.50,1331.61
1762097777.7266846,7.00,1331.61
1762097778.7275732,7.00,1331.61
1762097779.7292113,7.00,1331.61
1762097780.7309775,6.00,1331.61
1762097781.7325938,7.00,1331.61
1762097782.7344444,6.50,1331.61
1762097783.736307,7.50,1331.60
1762097784.7379286,7.00,1331.60
1762097785.7397146,6.50,1331.60
1762097786.7413387,6.50,1331.60
1762097787.7430537,7.00,1331.60
1762097788.744689,11.60,1331.60
1762097789.7465413,7.50,1331.59
1762097790.7484562,6.50,1331.59
1762097791.750037,7.10,1331.59
1762097792.751463,6.60,1331.59
1762097793.753098,7.00,1331.59
1762097794.7549622,7.00,1331.59
1762097795.7565181,7.00,1331.59
1762097796.7581153,7.00,1331.55
1762097797.760282,6.60,1331.55
1762097798.7624166,7.00,1331.55
1762097799.764101,7.50,1331.55
1762097800.7658346,6.60,1331.55
1762097801.7674985,7.00,1331.54
1762097802.7692177,7.00,1331.54
1762097803.770956,7.50,1331.54
1762097804.7726896,6.10,1331.54
1762097805.774329,7.00,1331.54
1762097806.775985,6.10,1331.54
1762097807.7778049,7.00,1331.53
1762097808.7795367,6.50,1331.53
1762097809.7811246,7.10,1331.53
1762097810.7828991,7.00,1331.52
1762097811.784847,6.50,1331.52
1762097812.7858708,7.00,1331.52
1762097813.7868977,6.50,1331.52
1762097814.788889,8.00,1331.52
1762097815.7906435,7.50,1331.52
1762097816.792915,6.10,1331.52
1762097817.7947292,6.50,1331.52
1762097818.7964685,6.10,1331.52
1762097819.7980113,7.00,1331.51
1762097820.7998183,6.60,1331.51
1762097821.8019216,7.50,1331.51
1762097822.8035636,7.00,1331.51
1762097823.8053396,6.50,1331.51
1762097824.806997,6.10,1331.51
1762097825.8089728,7.00,1331.51
1762097826.8107853,6.50,1331.51
1762097827.8127728,6.50,1331.51
1762097828.81442,7.00,1331.51
1762097829.8160355,7.50,1331.51
1762097830.8178196,6.10,1331.51
1762097831.8194983,7.00,1331.50
1762097832.8212194,6.50,1331.50
1762097833.8229816,6.60,1331.49
1762097834.824589,6.50,1331.49
1762097835.8260875,7.00,1331.49
1762097836.8279636,7.00,1331.49
1762097837.8296704,6.10,1331.49
1762097838.8315184,6.10,1331.49
1762097839.833418,7.00,1331.49
1762097840.835223,6.50,1331.49
1762097841.836786,6.10,1331.49
1762097842.8385034,6.50,1331.49
1762097843.8402865,6.00,1331.49
1762097844.841888,6.60,1331.45
1762097845.8435168,6.50,1331.45
1762097846.8450851,6.50,1331.45
1762097847.8467748,6.50,1331.45
1762097848.848642,7.00,1331.45
1762097849.8504174,7.50,1331.44
1762097850.8520265,10.60,1331.44
1762097851.8539484,6.50,1331.44
1762097852.8556664,7.00,1331.44
1762097853.8574395,6.50,1331.44
1762097854.8597834,7.50,1331.44
1762097855.8614695,6.60,1331.43
1762097856.863013,6.60,1331.43
1762097857.8646717,6.50,1331.43
1762097858.8663685,7.50,1331.43
1762097859.8680608,11.10,1332.36
1762097860.8697903,18.50,1344.17
1762097861.8714616,18.60,1344.97
1762097862.8732283,15.80,1343.44
1762097863.8747802,18.00,1346.52
1762097864.876471,14.40,1344.25
1762097865.8784826,13.80,1344.98
1762097866.8796105,12.70,1343.88
1762097867.881323,14.20,1342.49
1762097868.8829587,13.20,1344.27
1762097869.8848407,16.60,1343.84
1762097870.8869836,13.80,1343.33
1762097871.8888428,13.90,1344.12
1762097872.891313,14.30,1343.36
1762097873.8925068,13.90,1346.23
1762097874.8947906,14.50,1344.78
1762097875.8969326,13.20,1343.17
1762097876.9018435,13.90,1344.72
1762097877.9031289,14.80,1345.74
1762097878.904653,13.50,1344.70
1762097879.9067633,12.90,1344.04
1762097880.9089072,11.20,1345.38
1762097881.9105098,6.50,1345.62
1762097882.9120197,5.60,1346.10
1762097883.9137726,6.60,1346.10
1762097884.9154425,6.60,1347.67
1762097885.9169703,6.60,1344.19
1762097886.9185953,5.60,1344.42
1762097887.9203715,5.60,1345.63
1762097888.9214706,7.00,1345.66
1762097889.9230566,6.20,1345.72
1762097890.9248881,7.50,1345.95
1762097891.9270775,5.60,1345.94
1762097892.928783,5.10,1342.76
1762097893.9303267,6.10,1340.74
1762097894.9319057,6.10,1331.20
1762097895.9334753,5.60,1331.16
1762097896.9354677,6.60,1331.16
1762097897.9370232,7.50,1331.40
1762097898.9389796,6.50,1331.40
1762097899.9407208,8.50,1332.38
1762097900.942256,7.50,1332.38
1762097901.9441137,7.00,1332.38
1762097902.945796,6.50,1332.38
1762097903.9475088,7.00,1332.38
1762097904.9486096,8.50,1332.27
1762097905.9497166,7.10,1332.27
1762097906.9514678,7.00,1332.27
1762097907.9525492,8.00,1332.25
1762097908.9536235,6.60,1332.25
1762097909.9552834,7.50,1332.25
1762097910.9567301,6.60,1332.25
1762097911.9583566,7.00,1332.25
1762097912.9599411,11.60,1332.25
1762097913.9617152,7.50,1332.24
1762097914.963379,7.50,1332.24
1762097915.964993,7.00,1332.21
1762097916.9666448,6.10,1332.21
1762097917.968267,6.60,1332.21
1762097918.9698262,8.40,1332.21
1762097919.9714575,6.50,1332.20
1762097920.973115,7.00,1332.20
1762097921.9749308,7.90,1332.20
1762097922.9765196,6.10,1332.20
1762097923.9783344,7.60,1332.20
1762097924.9800625,6.50,1332.20
1762097925.9818819,7.50,1332.20
1762097926.983435,7.00,1332.20
1762097927.9849591,7.00,1332.20
1762097928.9856617,7.50,1332.20
1762097929.987232,7.50,1332.20
1762097930.9889565,6.50,1332.20
1762097931.9908483,6.60,1332.20
1762097932.9925783,6.60,1332.20
1762097933.9943237,7.00,1332.44
1762097934.9959822,6.60,1332.44
1762097935.9975872,6.60,1332.44
1762097936.99923,6.10,1332.44
1762097938.0007913,6.60,1332.44
1762097939.0023046,7.10,1332.44
1762097940.0039012,8.00,1332.41
1762097941.0056655,7.00,1332.41
1762097942.0076334,6.10,1332.41
1762097943.0093198,6.50,1332.41
1762097944.0108697,7.00,1332.38
1762097945.0128634,7.00,1332.38
1762097946.0147064,6.60,1332.38
1762097947.0164557,6.50,1332.38
1762097948.018517,7.00,1332.38
1762097949.0202992,7.00,1332.38
1762097950.0218625,6.50,1332.38
1762097951.0235388,7.50,1332.38
1762097952.0254493,6.60,1332.38
1762097953.0272791,7.50,1332.38
1762097954.0291173,7.00,1332.38
1762097955.0312428,6.10,1332.38
1762097956.0329628,7.00,1332.38
1762097957.0345867,6.50,1332.38
1762097958.036431,7.00,1332.37
1762097959.0380895,7.10,1332.37
1762097960.0398543,6.50,1332.37
1762097961.041884,7.00,1332.37
1762097962.0446112,7.00,1332.37
1762097963.046443,7.00,1332.37
1762097964.0483768,7.00,1332.36
1762097965.0500927,6.50,1332.36
1762097966.0519083,7.50,1332.36
1762097967.0536678,6.10,1332.36
1762097968.0554411,6.60,1332.36
1762097969.0575593,8.00,1332.36
1762097970.0595813,7.00,1332.35
1762097971.0614107,6.10,1332.35
1762097972.0630512,6.50,1332.35
1762097973.0647523,7.00,1332.35
1762097974.0666337,7.00,1332.35
1762097975.0685015,6.50,1332.35
1762097976.0701323,12.10,1332.34
1762097977.0718932,7.00,1332.34
1762097978.0735836,7.00,1332.34
1762097979.0754428,7.10,1332.34
1762097980.0770304,6.10,1332.34
1762097981.0786972,6.10,1332.34
1762097982.080289,6.60,1332.34
1762097983.0818946,6.50,1332.34
1762097984.0834763,6.50,1332.34
1762097985.0851297,8.00,1332.34
1762097986.086911,6.60,1332.34
1762097987.088693,6.50,1332.33
1762097988.090447,7.00,1332.33
1762097989.0919633,6.60,1332.33
1762097990.0941086,7.00,1332.33
1762097991.0963342,6.60,1332.33
1762097992.0995927,6.10,1332.33
1762097993.1014185,6.10,1332.33
1762097994.1030898,6.10,1332.32
1762097995.104901,7.10,1332.32
1762097996.1065493,6.50,1332.32
1762097997.1083822,7.00,1332.32
1762097998.110129,23.40,1345.43
1762097999.1119268,19.50,1346.29
1762098000.113531,19.60,1348.00
1762098001.1155443,15.20,1345.15
1762098002.1176536,14.70,1345.98
1762098003.1205432,17.40,1343.95
1762098004.122394,13.50,1345.22
1762098005.124455,13.30,1343.87
1762098006.1262655,15.10,1345.48
1762098007.1284003,14.00,1345.99
1762098008.1299076,13.20,1346.09
1762098009.1315012,16.10,1345.81
1762098010.1331067,13.90,1345.19
1762098011.1346505,15.00,1344.79
1762098012.1362336,16.30,1344.20
1762098013.1379297,13.90,1344.02
1762098014.1398277,13.80,1344.83
1762098015.141286,14.60,1346.06
1762098016.1432757,11.90,1345.37
1762098017.1450608,14.00,1344.36
1762098018.1467607,14.90,1345.26
1762098019.1484246,15.50,1345.03
1762098020.1503158,13.20,1347.41
1762098021.1520436,14.50,1344.91
1762098022.1539404,12.90,1345.35
1762098023.1560507,10.70,1345.49
1762098024.1578166,13.20,1345.65
1762098025.1587508,14.50,1345.88
1762098026.159658,14.90,1343.57
1762098027.1606636,13.00,1344.20
1762098028.1624105,7.80,1331.43
1762098029.1630993,7.10,1331.43
1762098030.1649182,7.00,1331.43
1762098031.1665447,8.00,1331.68
1762098032.1698542,7.50,1331.66
1762098033.171525,7.50,1331.66
1762098034.173123,7.00,1331.66
1762098035.1748195,7.50,1331.66
1762098036.1764917,7.00,1331.65
1762098037.178775,11.10,1331.62
1762098038.1804163,7.00,1331.62
1762098039.1820004,7.00,1331.62
1762098040.1837146,7.00,1331.62
1762098041.1857193,7.00,1331.62
1762098042.1876962,6.50,1331.62
1762098043.1893382,6.60,1331.62
1762098044.1913502,7.00,1331.62
1762098045.1930845,8.50,1331.62
1762098046.1951153,7.10,1331.62
1762098047.1970642,7.50,1331.62
1762098048.1988578,7.00,1331.61
1762098049.2006826,7.50,1331.61
1762098050.2017803,6.60,1331.61
1762098051.2035031,6.50,1331.61
1762098052.2052636,7.50,1331.61
1762098053.2061203,7.00,1331.61
1762098054.2078576,7.50,1331.60
1762098055.2095592,6.60,1331.60
1762098056.2111158,7.50,1331.59
1762098057.2126496,6.50,1331.59
1762098058.2144623,7.10,1331.59
1762098059.216131,7.10,1331.59
1762098060.2175946,7.00,1331.59
1762098061.2198312,6.60,1331.59
1762098062.221474,7.50,1331.59
1762098063.223094,7.50,1331.59
1762098064.2250307,7.50,1331.59
1762098065.226726,6.10,1331.59
1762098066.2283688,7.50,1331.57
1762098067.2301927,7.50,1331.57
1762098068.2318811,7.00,1331.57
1762098069.2326424,7.50,1331.57
1762098070.2343915,6.60,1331.57
1762098071.236089,7.00,1331.57
1762098072.2377381,7.00,1331.57
1762098073.2394,6.50,1331.57
1762098074.2410698,8.60,1332.29
1762098075.2428274,8.50,1332.26
1762098076.2448862,6.10,1332.26
1762098077.2466466,7.00,1332.26
1762098078.248506,7.00,1332.26
1762098079.2502685,7.00,1332.26
1762098080.2518923,6.10,1332.26
1762098081.2535918,6.50,1332.26
1762098082.255351,6.10,1332.26
1762098083.2572126,6.50,1332.25
1762098084.2588773,6.50,1332.25
1762098085.2604783,6.60,1332.25
1762098086.2622194,7.00,1332.25
1762098087.2639027,6.10,1332.25
1762098088.265624,7.00,1332.25
1762098089.2673407,7.50,1332.25
1762098090.2690284,6.10,1332.25
1762098091.27113,6.50,1332.25
1762098092.2730677,7.00,1332.25
1762098093.2747645,6.50,1332.25
1762098094.2766006,6.50,1332.25
1762098095.27822,7.50,1332.25
1762098096.2799706,7.00,1332.23
1762098097.2816582,10.60,1332.23
1762098098.2834492,6.10,1332.23
1762098099.285267,7.50,1332.23
1762098100.2869086,6.50,1332.23
1762098101.2887008,6.10,1332.23
1762098102.2907715,7.00,1332.23
1762098103.2933226,14.60,1336.14
1762098104.2950196,7.00,1335.90
1762098105.2974026,7.60,1335.90
1762098106.2989767,6.10,1335.89
1762098107.3006632,7.00,1335.89
1762098108.3024704,6.50,1335.88
1762098109.3041172,7.00,1335.88
1762098110.3059123,7.00,1335.88
1762098111.3077073,7.00,1335.88
1762098112.3094857,6.50,1335.88
1762098113.3113658,6.50,1335.88
1762098114.313308,7.50,1335.88
1762098115.3146102,6.60,1335.88
1762098116.316272,7.00,1335.88
1762098117.3178406,6.50,1335.88
1762098118.3195143,6.10,1335.88
1762098119.321049,7.60,1335.88
1762098120.3234532,7.50,1335.88
1762098121.3250978,6.50,1335.88
1762098122.3271196,7.00,1335.87
1762098123.3290284,6.60,1335.87
1762098124.3307397,7.00,1335.87
1762098125.3323562,6.50,1335.87
1762098126.333931,6.10,1335.86
1762098127.3355193,6.60,1335.86
1762098128.3370712,7.00,1335.86
1762098129.3389676,7.00,1335.86
1762098130.3418226,15.70,1345.16
1762098131.3437505,21.30,1346.98
1762098132.3453832,18.30,1345.07
1762098133.3469963,15.40,1346.63
1762098134.347643,14.40,1346.82
1762098135.349098,13.90,1346.68
1762098136.3507996,14.50,1346.96
1762098137.3524227,12.00,1347.15
1762098138.354644,12.90,1346.36
1762098139.3561735,13.50,1346.56
1762098140.35796,14.00,1346.15
1762098141.3591805,12.30,1346.57
1762098142.3606095,12.90,1347.12
1762098143.362844,7.00,1347.61
1762098144.3647993,7.00,1347.61
1762098145.3666713,6.50,1347.85
1762098146.3684072,7.50,1347.85
1762098147.3699965,7.00,1347.85
1762098148.3716962,7.00,1347.85
1762098149.373435,7.00,1347.85
1762098150.3747048,6.60,1347.83
1762098151.3768501,7.00,1347.82
1762098152.379044,7.00,1347.82
1762098153.3809154,6.60,1347.82
1762098154.3828337,7.50,1347.82
1762098155.3845658,6.60,1347.82
1762098156.3861237,7.50,1347.82
1762098157.387889,7.50,1347.81
1762098158.3895624,11.10,1347.81
1762098159.3914135,7.00,1347.79
1762098160.3932247,6.50,1347.79
1762098161.394749,6.10,1347.79
1762098162.3964548,6.90,1347.78
1762098163.3979175,5.50,1347.78
1762098164.3994863,6.50,1348.02
1762098165.4011247,6.00,1348.02
1762098166.402804,6.60,1348.02
1762098167.4043815,5.50,1348.02
1762098168.4058545,6.00,1348.22
1762098169.4073615,6.10,1348.22
1762098170.4088042,6.50,1348.22
1762098171.4104228,5.50,1348.22
1762098172.411955,5.60,1348.22
1762098173.41365,5.50,1348.22
1762098174.415381,6.50,1348.21
1762098175.4168687,7.00,1348.21
1762098176.4183834,5.50,1348.21
1762098177.420087,6.00,1348.21
1762098178.421866,5.10,1348.68
1762098179.4235592,7.00,1348.67
1762098180.4245245,5.60,1348.67
1762098181.425986,5.50,1348.66
1762098182.4276292,6.00,1348.66
1762098183.4291108,6.50,1348.66
1762098184.4307432,6.00,1348.66
1762098185.4325302,6.00,1348.64
1762098186.434093,5.50,1348.64
1762098187.4356468,5.00,1348.64
1762098188.437452,6.00,1348.66
1762098189.439044,6.50,1348.66
1762098190.4405594,5.50,1348.66
1762098191.442292,5.50,1348.66
1762098192.4438555,5.10,1348.66
1762098193.445502,6.50,1348.66
1762098194.4469566,7.00,1348.64
1762098195.4477592,6.50,1348.87
1762098196.4496403,6.00,1348.87
1762098197.451091,6.00,1348.87
1762098198.4527018,6.00,1348.85
1762098199.454294,6.00,1348.85
1762098200.4563887,5.50,1348.85
1762098201.4583628,5.50,1348.85
1762098202.4599104,5.50,1348.85
1762098203.4614449,6.00,1348.85
1762098204.4630258,6.50,1348.84
1762098205.4646237,5.10,1348.83
1762098206.4670525,5.50,1348.83
1762098207.4686217,6.00,1348.83
1762098208.4700992,5.50,1348.83
1762098209.4717312,5.10,1348.83
1762098210.4734101,5.50,1348.82
1762098211.475072,6.50,1348.80
1762098212.4768715,6.60,1348.99
1762098213.4787574,6.00,1348.99
1762098214.480362,6.00,1348.99
1762098215.481805,6.00,1348.99
1762098216.4834847,5.50,1348.98
1762098217.485104,5.50,1349.11
1762098218.486806,9.60,1349.11
1762098219.488502,6.00,1349.09
1762098220.4899895,5.00,1349.09
1762098221.4917421,6.00,1349.09
1762098222.4934304,6.00,1349.07
1762098223.4951377,5.50,1349.07
1762098224.4969604,5.50,1349.06
1762098225.4986587,6.50,1349.05
1762098226.500287,5.50,1349.05
1762098227.5017502,6.50,1349.05
1762098228.5038364,5.10,1349.05
1762098229.5056367,7.00,1349.24
1762098230.5073695,6.00,1349.24
1762098231.50899,6.00,1349.24
1762098232.51058,5.50,1349.24
1762098233.5120244,5.60,1349.24
1762098234.5136204,6.50,1349.23
1762098235.5150669,5.50,1349.23
1762098236.5166974,5.60,1349.23
1762098237.5184004,6.50,1349.46
1762098238.520345,6.00,1349.46
1762098239.5220823,6.10,1349.46
1762098240.5236685,7.50,1350.11
1762098241.5253363,6.60,1350.31
1762098242.5269632,6.50,1350.31
1762098243.528846,6.00,1350.31
1762098244.5306318,6.10,1350.31
1762098245.5320733,6.50,1350.29
1762098246.5346153,6.00,1350.29
1762098247.536262,5.60,1350.28
1762098248.537773,5.10,1350.28
1762098249.5396495,7.00,1350.28
1762098250.5415964,5.60,1350.28
1762098251.5432823,5.10,1350.27
1762098252.5448864,5.50,1350.25
1762098253.5465837,6.00,1350.25
1762098254.5482054,5.60,1350.25
1762098255.5498433,6.50,1350.25
1762098256.5516071,5.50,1350.25
1762098257.553772,5.10,1350.25
1762098258.5555472,6.50,1350.24
1762098259.5572016,6.00,1350.24
1762098260.5586545,5.10,1350.24
1762098261.5603216,6.00,1340.74
1762098262.5620751,5.50,1340.72
1762098263.5637507,5.50,1340.97
1762098264.565506,5.60,1340.95
1762098265.567109,5.10,1340.95
1762098266.5685933,6.00,1340.95
1762098267.5703382,5.10,1340.95
1762098268.5718727,6.50,1340.95
1762098269.5735936,6.50,1340.93
1762098270.5753284,5.10,1340.93
1762098271.576953,6.00,1340.93
1762098272.5785654,5.10,1340.93
1762098273.5800323,6.00,1340.93
1762098274.5818825,6.50,1340.93
1762098275.583379,5.60,1340.92
1762098276.5849352,6.00,1340.91
1762098277.586514,6.00,1340.90
1762098278.5879934,9.60,1340.90
1762098279.5895376,6.00,1340.91
1762098280.5910373,5.50,1340.91
1762098281.5926325,5.50,1340.90
1762098282.5941277,6.00,1340.90
1762098283.5962508,5.10,1340.88
1762098284.5977874,6.00,1340.88
1762098285.5994127,6.50,1340.88
1762098286.6010194,5.50,1340.88
1762098287.602747,6.50,1340.88
1762098288.6042976,5.50,1340.87
1762098289.6058588,6.50,1340.87
1762098290.607476,6.00,1340.87
1762098291.6090462,5.50,1340.87
1762098292.610758,6.00,1340.85
1762098293.612489,5.60,1340.85
1762098294.6139822,7.50,1340.84
1762098295.6155992,6.00,1341.09
1762098296.6172044,5.50,1341.09
1762098297.6189978,6.50,1341.09
1762098298.6204708,5.10,1341.09
1762098299.6219482,7.00,1341.33
1762098300.6234229,5.50,1341.30
1762098301.6248605,5.60,1341.30
1762098302.6263642,6.00,1341.30
1762098303.6278744,5.10,1341.30
1762098304.6294703,7.00,1341.30
1762098305.631004,6.00,1341.30
1762098306.632469,5.50,1341.30
1762098307.6339066,6.00,1341.18
1762098308.6354089,5.60,1341.18
1762098309.6368778,6.00,1341.14
1762098310.6385305,6.00,1341.14
1762098311.6400928,6.00,1341.14
1762098312.6416748,5.50,1341.38
1762098313.6432772,5.60,1341.37
1762098314.644969,6.50,1341.37
1762098315.6466818,6.10,1341.37
1762098316.6484027,6.00,1341.37
1762098317.6499414,6.00,1341.34
1762098318.6514528,5.50,1341.34
1762098319.6529722,6.00,1341.34
1762098320.6544478,6.00,1341.34
1762098321.656664,6.00,1341.34
1762098322.6582284,5.50,1341.33
1762098323.659729,5.60,1341.33
1762098324.6614246,5.50,1341.33
1762098325.6630027,5.60,1341.32
1762098326.6645987,6.50,1341.32
1762098327.6662943,5.50,1341.32
1762098328.6680858,5.50,1341.32
1762098329.6697972,5.60,1341.32
1762098330.6706004,6.00,1341.56
1762098331.6721914,5.50,1341.55
1762098332.6744547,6.00,1341.55
1762098333.676355,6.00,1341.55
1762098334.6780527,5.60,1341.54
1762098335.6796687,6.50,1341.54
1762098336.6813216,6.00,1341.54
1762098337.6830628,5.10,1341.53
1762098338.6847408,5.60,1341.53
1762098339.6865697,6.50,1341.53
1762098340.688361,10.10,1341.52
1762098341.6895535,6.00,1341.51
1762098342.6911047,5.10,1341.51
1762098343.692974,5.50,1341.51
1762098344.6945906,6.00,1341.50
1762098345.6958008,5.10,1341.50
1762098346.6973689,6.00,1341.50
1762098347.6988814,6.50,1341.72
1762098348.700454,6.00,1341.72
1762098349.7020416,6.50,1341.70
1762098350.703608,5.50,1341.70
1762098351.7050655,5.50,1341.70
1762098352.7058327,5.60,1341.70
1762098353.7074528,5.10,1341.70
1762098354.7092063,6.10,1341.70
1762098355.7108397,6.50,1341.70
1762098356.7124465,5.60,1341.68
1762098357.714029,6.00,1341.68
1762098358.7156742,5.50,1341.68
1762098359.7173226,6.50,1341.68
1762098360.7189062,5.10,1341.69
1762098361.7204053,5.50,1341.69
1762098362.7219958,6.00,1341.69
1762098363.7234926,7.50,1341.69
1762098364.7250922,16.80,1342.10
1762098365.7266593,9.10,1342.55
1762098366.7282972,8.00,1342.55
1762098367.7298262,6.60,1342.55
1762098368.7316983,6.00,1342.55
1762098369.733608,6.50,1342.54
1762098370.7353697,6.50,1342.54
1762098371.736903,6.00,1342.54
1762098372.738465,6.50,1342.54
1762098373.7399929,6.50,1343.28
1762098374.7415435,6.10,1343.51
1762098375.7430031,6.50,1343.49
1762098376.744506,5.50,1343.48
1762098377.7460606,6.50,1343.47
1762098378.7476258,10.60,1345.20
1762098379.749126,7.10,1345.16
1762098380.7508202,8.60,1345.66
1762098381.7524114,13.10,1345.70
1762098382.7540464,7.10,1345.68
1762098383.7556596,5.60,1345.68
1762098384.7574863,11.60,1346.17
1762098385.7587848,32.80,1372.71
1762098386.7605891,25.50,1351.74
1762098387.762318,19.20,1360.08
1762098388.7637694,8.70,1360.07
1762098389.7645102,7.10,1360.05
1762098390.7660315,6.60,1361.23
1762098391.7676508,7.00,1361.22
1762098392.76981,8.60,1361.21
1762098393.7713966,5.10,1361.20
1762098394.7733033,1.00,1361.18
1762098395.7752473,1.50,1360.93
1762098396.7769818,3.00,1360.70
1762098397.7792652,11.30,1358.67
1762098398.7810712,2.00,1358.59
1762098399.7826188,0.50,1358.59
1762098400.7834234,4.00,1358.59
1762098401.784959,14.60,1340.73
1762098402.7868373,5.50,1335.98
1762098403.788446,4.50,1330.63
1762098404.7904599,12.10,1330.63
1762098405.7920675,5.60,1330.63
1762098406.7935472,21.60,1339.18
1762098407.7952847,14.60,1339.84
1762098408.796852,4.50,1339.82
1762098409.798355,13.10,1332.38
1762098410.7998605,4.60,1332.59
1762098411.800881,2.50,1332.82
1762098412.801999,1.50,1333.43
1762098413.804063,3.00,1334.86
1762098414.8049352,1.00,1334.84
1762098415.8064873,1.00,1334.84
1762098416.8081033,1.00,1334.84
1762098417.8096318,1.50,1334.70
1762098418.8113074,0.00,1334.64
1762098419.8128936,0.50,1334.64
1762098420.8145416,1.50,1334.64
1762098421.816052,0.00,1334.63
1762098422.817652,2.50,1334.79
1762098423.819278,1.00,1332.85
1762098424.8209107,1.00,1333.09
1762098425.8225,0.00,1333.09
1762098426.8241258,1.00,1333.08
1762098427.825873,1.00,1334.21
1762098428.8275006,1.00,1334.38
1762098429.8292563,0.50,1334.35
1762098430.830206,1.00,1334.35
1762098431.831747,0.50,1334.34
1762098432.8335197,1.00,1334.33
1762098433.8345876,1.00,1334.19
1762098434.8363025,0.50,1334.19
1762098435.8377879,0.00,1334.19
1762098436.8395474,0.50,1334.19
1762098437.84154,1.00,1334.18
1762098438.8432784,9.60,1334.64
1762098439.8445423,15.70,1334.98
1762098440.8464649,11.70,1335.20
1762098441.8486035,21.30,1337.52
1762098442.8501153,19.70,1341.20
1762098443.851916,14.60,1341.13
1762098444.8536088,1.50,1341.13
1762098445.8552876,2.50,1341.13
1762098446.8571024,7.00,1341.34
1762098447.8584926,6.60,1341.79
1762098448.860048,9.10,1341.78
1762098449.86183,0.50,1341.77
1762098450.8636668,11.90,1341.89
1762098451.8656073,1.00,1341.89
1762098452.8672433,1.00,1342.13
1762098453.8688753,1.00,1342.12
1762098454.8706331,2.50,1342.12
1762098455.872308,1.50,1342.11
1762098456.8738232,0.00,1342.11
1762098457.8755307,2.50,1342.11
1762098458.8762865,8.20,1341.78
1762098459.8776658,3.50,1341.78
1762098460.879236,3.00,1341.78
1762098461.880875,7.60,1341.77
1762098462.8834915,2.50,1342.01
1762098463.8851094,3.00,1341.99
1762098464.8868842,1.00,1341.99
1762098465.888403,0.50,1341.98
1762098466.890003,0.50,1341.98
1762098467.8916655,0.50,1341.98
1762098468.8932,2.50,1342.18
1762098469.8947318,1.50,1342.17
1762098470.8963263,6.70,1345.12
1762098471.897896,3.00,1344.91
1762098472.8995903,1.50,1344.91
1762098473.9012246,25.50,1366.74
1762098474.9026635,2.50,1367.14
1762098475.904273,5.10,1367.27
1762098476.9058878,1.50,1367.26
1762098477.9074981,1.00,1367.25
1762098478.9090207,1.00,1367.25
1762098479.9108617,1.50,1367.48
1762098480.9126039,0.50,1367.48
1762098481.914373,1.50,1367.48
1762098482.9159625,0.50,1367.48
1762098483.9174705,0.00,1367.48
1762098484.9194562,1.00,1367.46
1762098485.9212797,1.00,1367.46
1762098486.9228408,0.00,1367.45
1762098487.9249144,1.00,1367.45
1762098488.9264817,0.50,1367.45
1762098489.92812,1.50,1345.31
1762098490.9297843,0.50,1345.31
1762098491.9317286,1.00,1345.30
1762098492.9334407,2.00,1345.78
1762098493.9350708,1.00,1345.75
1762098494.9368358,1.00,1345.75
1762098495.938464,4.50,1345.96
1762098496.9401295,2.00,1346.21
1762098497.942379,3.00,1346.21
1762098498.9439812,2.00,1346.21
1762098499.945691,3.00,1346.39
1762098500.9473732,1.00,1346.38
1762098501.9489188,1.00,1346.38
1762098502.9506884,0.50,1346.38
1762098503.9517274,1.60,1344.88
1762098504.9533975,2.00,1345.12
1762098505.954981,1.50,1338.75
1762098506.956554,2.00,1338.99
1762098507.958227,12.10,1341.27
1762098508.959881,11.10,1341.73
1762098509.9614308,21.60,1336.34
1762098510.9628494,10.60,1342.64
1762098511.964591,3.00,1343.05
1762098512.9661345,3.60,1343.25
1762098513.9687483,6.00,1344.79
1762098514.9703004,8.10,1344.90
1762098515.9720266,5.10,1344.64
1762098516.9736028,4.00,1347.90
1762098517.975544,2.00,1345.53
1762098518.977047,2.00,1345.53
1762098519.9823263,39.70,1379.17
1762098520.9834385,22.30,1393.54
1762098521.9851277,20.10,1393.74
1762098522.9868906,2.00,1393.86
1762098523.9884899,6.00,1393.93
1762098524.9903893,2.50,1393.93
1762098525.9919198,5.60,1393.93
1762098526.9934664,5.50,1393.77
1762098527.9951274,4.00,1394.21
1762098528.9966717,4.60,1394.66
1762098529.998405,2.00,1394.65
1762098531.0000217,7.00,1394.64
1762098532.0015912,0.00,1391.70
1762098533.003209,1.00,1391.70
1762098534.0049963,0.00,1391.65
1762098535.0065598,1.50,1391.65
1762098536.0080771,1.00,1391.65
1762098537.0100005,1.00,1391.64
1762098538.0116224,1.00,1391.63
1762098539.0133204,0.50,1391.63
1762098540.0149205,1.00,1391.63
1762098541.0155802,2.50,1391.63
1762098542.0170434,4.00,1392.08
1762098543.0186832,6.10,1391.84
1762098544.0202658,5.60,1389.39
1762098545.0217102,10.00,1389.60
1762098546.0232499,11.20,1389.58
1762098547.0248902,5.00,1389.55
1762098548.0264785,3.60,1389.54
1762098549.0284925,22.80,1390.20
1762098550.0301945,9.50,1387.68
1762098551.0321918,38.80,1376.37
1762098552.033133,62.70,1424.00
1762098553.035484,81.60,1512.39
1762098554.036972,83.10,1566.36
1762098555.0384789,82.70,1552.37
1762098556.0408888,65.00,1577.04
1762098557.0430732,32.70,1570.28
1762098558.0446389,44.40,1573.60
1762098559.0476158,50.00,1613.03
1762098560.049845,34.00,1610.12
1762098561.0514464,33.50,1564.44
1762098562.0529618,4.50,1532.86
1762098563.0545385,4.00,1528.04
1762098564.0554981,3.00,1523.87
1762098565.0571306,19.70,1387.75
1762098566.0587957,4.00,1376.22
1762098567.060382,3.00,1376.19
1762098568.0619016,4.00,1376.07
1762098569.0635011,10.60,1359.67
1762098570.0650966,3.00,1359.66
1762098571.0666504,3.00,1359.66
1762098572.0694377,3.00,1359.11
1762098573.0710793,3.50,1359.13
1762098574.0727396,3.00,1356.49
1762098575.0742648,3.00,1356.49
1762098576.0758414,3.00,1356.49
1762098577.0779371,3.00,1355.82
1762098578.0795965,3.50,1355.82
1762098579.0812416,2.00,1354.52
1762098580.082965,2.50,1354.52
1762098581.084813,3.50,1354.49
1762098582.086609,6.50,1354.03
1762098583.0882778,3.00,1354.01
1762098584.089506,3.50,1354.01
1762098585.091232,3.00,1354.01
1762098586.092723,4.00,1353.95
1762098587.0944393,4.00,1353.94
1762098588.0960054,2.50,1353.94
1762098589.0981905,4.50,1353.93
1762098590.1001,2.50,1353.75
1762098591.1018033,3.00,1353.75
1762098592.103422,2.00,1353.75
1762098593.1054082,2.50,1353.75
1762098594.1072414,2.00,1353.72
1762098595.1090302,8.10,1352.90
1762098596.1105745,3.50,1352.88
1762098597.1121063,4.00,1352.72
1762098598.1137183,3.00,1352.70
1762098599.1153095,2.50,1352.70
1762098600.1168926,3.00,1352.70
1762098601.1183865,3.00,1353.08
1762098602.119921,13.10,1353.04
1762098603.1218462,8.60,1353.42
1762098604.1234686,28.90,1349.12
1762098605.124661,24.20,1345.69
1762098606.1255891,83.10,1025.85
1762098607.1296964,45.20,871.87
1762098608.13143,15.70,871.59
1762098609.1330986,5.60,872.67
1762098610.1348536,0.00,872.67
1762098611.136474,0.50,872.67
1762098612.138202,0.00,872.66
1762098613.1399767,0.00,872.66
1762098614.1417253,1.50,872.66
1762098615.14338,0.00,872.66
1762098616.1449857,0.50,872.66
1762098617.1465552,0.00,872.66
1762098618.1480477,1.00,872.66
1762098619.1496074,0.50,872.66
1762098620.1514184,0.00,872.66
1762098621.1530266,0.00,872.66
1762098622.1558635,1.00,872.66
1762098623.4946685,0.00,872.57
1762098624.4968977,2.00,872.57
1762098625.4977767,0.00,872.51
1762098626.5019867,0.50,872.51
1762098627.507721,2.00,872.51
1762098628.510876,1.00,872.51
1762098629.5126905,0.00,872.48
1762098630.5144038,1.00,872.48
1762098631.5163505,0.50,872.48
1762098632.518199,0.50,872.48
1762098633.5198832,0.50,872.48
1762098634.5218244,0.50,872.48
1762098635.5235016,2.70,873.21
1762098636.5252569,0.00,873.14
1762098637.5270705,1.50,873.14
1762098638.5289843,0.50,873.14
1762098639.5307326,0.00,873.13
1762098640.5324829,1.00,873.13
1762098641.5343087,0.00,873.13
1762098642.5366747,0.50,873.13
1762098643.5384393,0.50,873.13
1762098644.540267,0.50,873.13
1762098645.5418868,0.00,873.12
1762098646.5435238,1.00,873.12
1762098647.545261,0.00,873.12
1762098648.5468907,0.50,873.12
1762098649.5486927,0.50,873.12
1762098650.5504816,0.50,873.12
1762098651.552048,0.50,873.12
1762098652.5539641,0.00,873.12
1762098653.5556393,0.50,873.12
1762098654.5573523,1.00,873.12
1762098655.5589597,0.00,873.12
1762098656.5605443,1.00,873.06
1762098657.5639246,0.00,873.05
1762098658.566481,1.00,873.05
1762098659.5682843,0.00,873.05
1762098660.5698192,0.00,873.05
1762098661.571876,1.00,873.05
1762098662.5739849,0.00,873.04
1762098663.575768,0.50,873.04
1762098664.577767,0.50,872.92
1762098665.579942,0.50,872.92
1762098666.582354,1.00,872.92
1762098667.585672,0.00,872.92
1762098668.5876715,1.00,872.89
1762098669.5898228,1.00,872.83
1762098670.591864,1.00,872.83
1762098671.593715,0.50,872.83
1762098672.595645,0.50,872.83
1762098673.5976052,0.00,872.83
1762098674.5998313,0.50,872.83
1762098675.692088,0.00,872.79
1762098676.6939785,0.00,872.79
1762098677.6963856,0.50,872.79
1762098678.698397,0.00,872.79
1762098679.7030315,0.00,872.79
1762098680.720532,0.50,872.78
1762098681.731076,0.50,872.78
1762098682.7339091,0.50,872.78
1762098683.7359643,1.00,872.78
1762098684.7377205,0.00,872.78
1762098685.7400208,0.00,872.78
1762098686.7431145,0.50,872.78
1762098687.7450292,0.00,872.78
1762098688.7467525,0.50,872.77
1762098689.7484484,2.00,873.00
1762098690.7500584,3.00,873.00
1762098691.7518048,1.50,873.00
1762098692.7535918,1.50,873.00
1762098693.7552593,4.00,873.00
1762098694.756897,6.10,873.00
1762098695.760126,1.50,872.99
1762098696.7622457,0.00,872.99
1762098697.7630076,1.00,872.99
1762098698.7646601,0.50,872.99
1762098699.766527,0.50,872.99
1762098700.768468,0.50,872.99
1762098701.770283,0.00,872.99
1762098702.772025,1.00,872.99
1762098703.774141,0.00,872.99
1762098704.7761047,0.50,872.99
1762098705.7783272,0.00,872.99
1762098706.7801101,0.00,872.98
1762098707.7818494,0.00,872.98
1762098708.783726,0.50,872.98
1762098709.7855318,0.50,872.98
1762098710.7873857,0.50,872.98
1762098711.788973,0.00,872.98
1762098712.7907195,1.00,872.97
1762098713.7925012,0.00,872.97
1762098714.794115,0.50,872.97
1762098715.795812,1.00,872.97
1762098716.8120997,0.50,872.97
1762099283.9583483,2.10,872.88
1762099284.959894,25.00,865.28
1762099285.9613175,27.10,866.26
1762099286.9640694,34.10,867.59
1762099287.9659286,4.50,867.41
1762099288.9676495,1.00,867.38
1762099289.9699674,0.00,867.38
1762099290.9723322,0.50,867.38
1762099291.9738586,1.00,867.37
1762099292.9758165,1.00,867.37
1762099293.9812117,0.00,867.37
1762099294.9830408,1.50,867.37
1762099295.9917088,2.00,867.36
1762099296.9934015,0.50,867.36
1762099297.9949563,1.00,867.36
1762099298.9966536,1.00,867.36
1762099299.9987082,1.00,867.34
1762099301.000605,1.50,867.92
1762099302.1368284,1.30,867.59
1762099303.1907492,0.00,867.51
1762099304.1976385,1.00,867.70
1762099305.1985493,3.10,867.55
1762099306.240618,5.40,867.58
1762099307.2423153,3.60,867.54
1762099308.3178425,0.50,867.54
1762099309.373011,2.00,867.76
1762099310.3748705,0.00,867.76
1762099311.3766434,1.00,867.59
1762099312.3775501,1.00,867.59
1762099313.3853157,0.00,867.59
1762099314.3872359,2.00,867.58
1762099315.650076,0.50,867.58
1762099316.6524405,0.50,867.58
1762099317.6545377,1.10,867.58
1762099318.655762,0.00,867.58
1762099319.6574745,0.60,867.58
1762099320.6603854,1.10,867.57
1762099321.6619983,1.00,867.57
1762099322.6638734,1.00,867.56
1762099323.6657867,0.50,867.56
1762099324.6677191,0.00,867.56
1762099325.6693177,1.00,867.56
1762099326.6713324,0.00,867.56
1762099327.67331,0.50,867.56
1762099328.6753457,0.50,867.56
1762099329.677432,0.50,867.56
1762099330.6791062,1.00,867.56
1762099331.6808813,0.50,867.56
1762099332.6844258,0.00,867.55
1762099333.6862373,0.50,867.55
1762099334.6880581,0.50,867.55
1762099335.6903603,0.50,867.54
1762099336.6920164,2.50,867.54
1762099337.6938076,32.60,865.19
1762099338.6975152,62.40,864.94
1762099339.6998885,56.10,870.74
1762099340.7019887,72.80,872.27
1762099341.7047079,59.60,870.85
1762099342.707237,62.80,874.59
1762099343.7089362,59.50,884.88
1762099344.7104943,65.50,886.40
1762099345.7150698,88.20,908.67
1762099346.7173226,74.00,944.76
1762099347.7189825,81.10,1029.90
1762099348.7209475,83.80,1081.66
1762099349.7227182,88.10,1135.17
1762099350.7238028,92.30,1161.26
1762099351.725888,90.60,1209.77
1762099352.727158,98.00,1242.50
1762099353.7285042,97.40,1266.42
1762099354.72968,89.30,1343.79
1762099355.734376,88.50,1403.80
1762099356.7360203,74.00,1435.09
1762099357.7374854,46.60,1403.72
1762099358.741215,90.90,1432.57
1762099359.743032,86.90,1458.76
1762099360.7446785,79.10,1437.89
1762099361.749471,94.90,1451.87
1762099362.7515543,62.10,1458.64
1762099363.7531154,42.00,1458.12
1762099364.754934,81.30,1509.62
1762099365.756935,44.80,1478.05
1762099366.759086,1.00,1444.16
1762099367.761778,2.00,1443.46
1762099368.7636282,2.00,1443.44
1762099369.765707,16.20,1389.88
1762099370.7674408,1.00,1389.26
1762099371.7689846,1.00,1377.88
1762099372.7705927,0.50,1377.51
1762099373.7724404,9.10,1354.52
1762099374.7743099,2.50,1354.56
1762099375.7758882,2.10,1354.56
1762099376.7775197,3.20,1351.80
1762099377.7791111,2.10,1349.43
1762099378.7827666,3.50,1348.11
1762099379.7836947,13.30,1340.79
1762099380.7854826,26.70,1329.18
1762099381.7872336,9.10,1328.95
1762099382.7889698,9.00,1329.27
1762099383.7905934,27.20,1325.57
1762099384.7923203,18.60,1324.32
1762099385.9380322,11.20,1317.27
1762099386.939632,14.90,1317.91
1762099387.9414446,11.10,1317.36
1762099388.9434934,51.80,1380.89
1762099389.9462674,4.50,1378.36
1762099390.9485052,12.80,1374.04
1762099391.9502318,2.50,1370.14
1762099392.9517493,3.00,1367.45
1762099393.953437,0.50,1364.80
1762099394.9551904,1.00,1364.56
1762099395.9570518,0.50,1364.46
1762099396.9589489,1.00,1364.30
1762099397.9606686,0.50,1362.66
1762099398.9627457,1.50,1362.59
1762099399.964522,0.00,1362.58
1762099400.966079,1.50,1362.58
1762099401.9679642,1.00,1362.58
1762099402.9694922,1.00,1362.57
1762099403.9715042,1.00,1362.00
1762099404.973542,57.10,1352.26
1762099405.9751928,9.30,1351.07
1762099406.979031,0.00,1351.07
1762099407.9806752,1.50,1349.61
1762099408.9826803,1.00,1349.59
1762099409.9836967,10.60,1349.27
1762099410.985394,0.00,1349.17
1762099412.094861,1.80,1348.93
1762099413.0965407,20.10,1345.44
1762099414.0982144,2.50,1345.42
1762099415.1004102,0.00,1345.42
1762099416.1019957,1.00,1345.42
1762099417.1038432,0.00,1345.42
1762099418.1051679,5.90,1346.16
1762099419.107346,4.60,1347.62
1762099420.1089864,1.50,1347.62
1762099421.1114836,2.50,1345.44
1762099422.1135507,16.10,1344.08
1762099423.1155348,70.60,1353.72
1762099424.117356,55.80,1453.96
1762099425.1190536,4.00,1453.79
1762099426.1209245,3.50,1453.75
1762099427.122939,6.50,1453.41
1762099428.1235745,17.60,1435.15
1762099429.1255178,3.00,1436.54
1762099430.1275675,12.20,1286.96
1762099431.129657,5.00,1286.95
1762099432.1314163,0.50,1285.30
1762099433.1331167,0.50,1279.16
1762099434.134854,3.50,1275.29
1762099435.1366525,1.50,1274.89
1762099436.138926,1.50,1275.00
1762099437.141369,1.50,1275.00
1762099438.1431088,0.00,1275.00
1762099439.1454828,0.50,1275.00
1762099440.147347,0.50,1275.00
1762099441.1489785,0.50,1274.97
1762099442.1507351,1.00,1274.95
1762099443.1524684,0.00,1274.95
1762099444.1540687,0.50,1274.95
1762099445.1556864,2.50,1274.95
1762099446.1573634,1.00,1274.91
1762099447.159827,0.50,1274.91
1762099448.1619973,1.50,1274.89
1762099449.1640153,1.00,1274.89
1762099450.1659355,0.50,1274.89
1762099451.1675496,0.50,1274.89
1762099452.16927,1.00,1274.88
1762099453.1708615,0.50,1274.88
1762099454.1724916,0.50,1274.88
1762099455.1740742,0.50,1274.77
1762099456.1758034,0.50,1274.77
1762099457.177553,0.50,1274.77
1762099458.1797302,2.00,1266.52
1762099459.1817114,0.50,1266.51
1762099460.1833792,1.00,1266.51
1762099461.184913,1.00,1265.03
1762099462.186577,1.50,1265.03
1762099463.1880136,0.50,1264.98
1762099464.19009,1.00,1264.98
1762099465.1920135,0.00,1264.98
1762099466.1939886,1.00,1264.98
1762099467.1958973,0.50,1264.98
1762099468.1976721,0.50,1264.97
1762099469.1988535,1.00,1264.96
1762099470.2005394,2.50,1264.96
1762099471.2024248,0.00,1264.96
1762099472.2044713,7.00,1263.82
1762099473.2053893,0.50,1263.82
1762099474.2074096,2.50,1263.79
1762099475.2094917,3.00,1263.77
1762099476.2121103,0.00,1263.77
1762099477.2140737,0.50,1263.77
1762099478.2163763,0.50,1263.71
1762099479.2182024,1.00,1263.66
1762099480.2215266,0.00,1263.66
1762099481.2244155,5.50,1263.30
1762099482.2262435,0.50,1263.30
1762099483.228356,0.00,1263.30
1762099484.2300243,0.50,1263.30
1762099485.2319064,0.50,1263.30
1762099486.235852,4.50,1263.29
1762099487.238409,3.50,1263.18
1762099488.2402015,0.50,1263.18
1762099489.242001,5.00,1262.89
1762099490.2435677,0.50,1262.89
1762099491.2454302,2.50,1262.71
1762099492.247485,2.50,1262.88
1762099493.2497008,21.70,1263.04
1762099494.2522147,1.50,1263.04
1762099495.2552836,5.50,1263.04
1762099496.2574158,0.00,1263.04
1762099497.259469,1.00,1263.04
1762099498.2612753,1.50,1263.04
1762099499.2633638,1.50,1263.04
1762099500.2646623,1.50,1263.04
1762099501.2665586,0.50,1263.04
1762099502.2687478,1.50,1263.04
1762099503.2711005,1.50,1263.04
1762099504.2729487,0.50,1263.04
1762099505.2746425,1.00,1263.03
1762099506.2766266,0.00,1263.03
1762099507.281665,1.50,1263.03
1762099508.2837281,0.50,1263.03
1762099509.2864478,2.00,1263.03
1762099510.2887256,1.00,1263.03
1762099511.2924414,1.50,1270.66
1762099512.294608,1.00,1269.81
1762099513.2970414,1.00,1269.81
1762099514.2990513,1.00,1269.81
1762099515.3017776,0.50,1269.81
1762099516.3036942,1.00,1269.80
1762099517.3058462,0.00,1269.80
1762099518.3077154,1.50,1269.80
1762099519.3096435,0.50,1269.80
1762099520.3114045,0.00,1269.76
1762099521.3134875,1.00,1269.76
1762099522.3156614,1.00,1269.76
1762099523.3177643,1.00,1269.76
1762099524.3211424,1.00,1269.76
1762099525.3234372,2.50,1269.76
1762099526.3255873,0.50,1269.73
1762099527.3276453,1.00,1269.73
1762099528.3300786,0.50,1269.73
1762099529.332254,2.00,1269.73
1762099530.3346593,0.50,1269.73
1762099531.3365233,0.50,1269.73
1762099532.3384647,5.50,1269.73
1762099533.3406553,1.00,1269.71
1762099534.3425386,2.00,1269.71
1762099535.3447223,0.50,1269.71
1762099536.3470902,1.50,1269.71
1762099537.349257,0.50,1269.71
1762099538.3512368,1.00,1269.70
1762099539.3537707,1.00,1269.70
1762099540.3557878,0.50,1269.70
1762099541.3590746,1.50,1269.70
1762099542.3608844,0.50,1269.70
1762099543.3628557,0.50,1270.45
1762099544.3646674,0.50,1270.45
1762099545.3666594,0.50,1270.45
1762099546.368608,1.00,1270.45
1762099547.3706977,0.50,1270.45
1762099548.3726192,0.50,1270.45
1762099549.3745465,0.00,1270.45
1762099550.376646,0.00,1270.45
1762099551.378613,1.00,1270.44
1762099552.3806736,1.00,1270.44
1762099553.3827221,0.50,1270.44
1762099554.3847325,1.00,1270.43
1762099555.3864856,0.50,1270.43
1762099556.3881037,0.00,1270.43
1762099557.390384,0.50,1270.43
1762099558.3924327,1.00,1270.43
1762099559.395009,0.00,1270.43
1762099560.397553,1.00,1270.43
1762099561.4005888,0.50,1270.43
1762099562.4024565,0.00,1270.43
1762099563.4040523,0.50,1270.43
1762099564.4058743,0.00,1270.43
1762099565.4080787,0.50,1270.42
1762099566.4105093,2.00,1270.42
1762099567.4128094,2.00,1270.37
1762099568.4148414,10.70,1271.39
1762099569.4158387,10.10,1271.29
1762099570.4176219,15.90,1271.28
1762099571.4195843,11.70,1271.16
1762099572.4212022,11.70,1271.09
1762099573.4223795,1.50,1271.09
1762099574.4245188,3.00,1269.49
1762099575.4265397,2.50,1269.49
