timestamp,cpu_percent,mem_used_mb
1762686114.42808,8.30,2204.86
1762686115.4332645,1.50,2204.85
1762686116.4348376,19.50,2230.20
1762686117.4426768,81.80,2231.54
1762686118.4508882,67.90,2240.76
1762686119.4659965,16.30,2232.95
1762686120.4682078,7.50,2233.87
1762686121.4702077,9.80,2234.75
1762686122.5062757,13.90,2233.33
1762686123.509476,9.20,2233.56
1762686124.5171456,9.50,2234.08
1762686125.5210383,10.50,2233.50
1762686126.5240989,26.20,2234.01
1762686127.582199,11.90,2234.30
1762686128.5838616,33.80,2226.79
1762686129.5855203,12.40,2227.03
1762686130.5881948,20.00,2227.12
1762686131.7329793,5.10,2227.82
1762686132.7405207,7.30,2227.29
1762686133.7417285,14.60,2227.22
1762686134.7439609,47.00,2228.03
1762686135.761619,41.40,2230.05
1762686136.7801273,9.30,2228.57
1762686137.7826283,13.50,2226.65
1762686138.790299,17.20,2227.08
1762686139.7951787,22.20,2227.86
1762686140.8061564,25.30,2227.97
1762686141.9087687,8.60,2227.17
1762686142.9628828,11.10,2226.82
1762686143.9738026,15.20,2227.57
1762686144.9933379,13.60,2227.57
1762686145.998282,9.00,2227.30
1762686147.006595,12.30,2226.84
1762686148.0097628,13.30,2223.24
1762686149.0127099,15.50,2217.08
1762686150.0146718,2.50,2217.07
1762686151.025078,5.30,2217.31
1762686152.034046,4.20,2217.31
1762686153.04448,3.60,2221.00
1762686154.0466,1.00,2221.00
1762686155.048555,2.50,2221.00
1762686156.0674667,12.40,2221.95
1762686157.0694842,2.20,2221.95
1762686158.0741587,4.60,2221.95
1762686159.0755212,5.10,2222.20
1762686160.2546964,4.80,2222.18
1762686161.3785005,4.00,2222.18
1762686162.3804986,2.00,2222.18
1762686163.3831906,4.60,2222.41
1762686164.3843958,0.50,2222.41
1762686165.3920195,1.50,2222.40
1762686166.410106,1.00,2222.40
1762686167.4126296,17.10,2222.40
1762686168.426867,22.80,2222.64
1762686169.4710135,1.00,2222.64
1762686170.5909648,6.30,2222.64
1762686171.6038213,9.90,2222.63
1762686172.6144671,7.00,2222.61
1762686173.6188345,2.60,2222.61
1762686174.6403239,5.90,2223.10
1762686175.6613965,8.20,2223.10
1762686176.6753166,2.60,2223.08
1762686177.6815586,1.80,2223.08
1762686178.6868558,0.50,2223.08
1762686179.6888494,1.50,2223.08
1762686180.6919618,1.50,2223.07
1762686181.6941333,0.50,2223.07
1762686182.6973455,1.00,2223.07
1762686183.704824,1.50,2223.07
1762686184.7111688,2.00,2223.30
1762686185.718863,1.50,2223.30
1762686186.7234757,1.50,2223.30
1762686187.728086,0.50,2223.30
1762686188.7306428,5.00,2223.30
1762686189.733464,2.50,2223.52
1762686190.7375472,5.20,2223.52
1762686191.7396088,0.50,2223.52
1762686192.7414737,2.00,2223.52
1762686193.7433667,1.00,2223.52
1762686194.7454016,1.00,2223.52
1762686195.7475262,1.00,2223.50
1762686196.749445,1.00,2223.50
1762686197.7515044,1.00,2223.50
1762686198.7532558,1.00,2223.50
1762686199.7572622,10.20,2224.24
1762686200.7863894,21.90,2224.23
1762686201.8025787,2.50,2224.23
1762686202.8057773,3.10,2224.23
1762686203.8081377,0.50,2224.23
1762686204.8104098,1.70,2224.23
1762686205.8148675,4.00,2224.05
1762686206.8188386,1.00,2224.13
1762686207.8208632,1.60,2224.13
1762686208.823517,1.20,2224.13
1762686209.8257709,1.50,2224.13
1762686210.8286757,1.00,2224.14
1762686211.8343227,9.50,2229.06
1762686212.8365111,16.80,2231.43
1762686213.8385282,5.10,2231.43
1762686214.842718,4.60,2231.43
1762686215.8483422,1.00,2231.43
1762686216.8504155,1.00,2231.43
1762686217.8542707,1.00,2231.43
1762686218.8649762,3.00,2231.43
1762686219.8734655,2.00,2231.42
1762686220.8824697,1.00,2231.42
1762686221.8844535,42.70,2232.11
1762686222.8879852,56.30,2225.73
1762686223.8907347,36.30,2225.96
1762686224.8925006,16.90,2225.90
1762686225.9009533,50.60,2226.12
1762686226.9031177,40.70,2229.97
1762686227.9057353,54.00,2230.20
1762686228.9101508,20.20,2230.26
1762686229.9143875,8.20,2229.49
1762686230.9197822,19.40,2231.38
1762686231.9309618,5.70,2231.62
1762686232.932986,46.70,2226.52
1762686233.9351368,35.70,2226.74
1762686234.9375715,21.20,2226.91
1762686235.940719,30.60,2227.09
1762686236.9427667,1.00,2227.08
1762686237.9479883,18.80,2227.44
1762686238.9501944,6.10,2227.42
1762686239.9521139,8.20,2227.61
1762686240.9556081,13.10,2227.82
1762686241.9585395,25.40,2228.22
1762686242.9620533,13.20,2228.21
1762686243.9645689,37.80,2228.35
1762686244.9657626,32.40,2228.51
1762686245.9745245,20.60,2228.68
1762686246.9853823,40.90,2229.25
1762686247.9875796,4.70,2229.22
1762686249.0029778,38.90,2229.83
1762686250.0057733,11.30,2229.81
1762686251.0102549,1.00,2229.80
1762686252.0957341,1.40,2229.80
1762686253.0985334,2.00,2229.80
1762686254.1004686,6.30,2229.89
1762686255.1024396,8.90,2225.91
1762686256.1077714,10.80,2223.69
1762686257.1101503,17.80,2226.01
1762686258.1122634,28.50,2228.62
1762686259.1132057,26.30,2230.23
1762686260.117262,17.00,2230.45
1762686261.1234171,55.50,2232.04
1762686262.1294258,68.20,2231.39
1762686263.131147,47.30,2237.48
1762686264.134321,47.50,2235.16
1762686265.1481967,51.20,2230.64
1762686266.1499445,41.10,2231.57
1762686267.1594644,69.30,2208.87
1762686268.1614423,65.70,2208.61
1762686269.1654582,36.80,2214.77
1762686270.167517,74.30,2214.83
1762686271.1758153,70.60,2217.24
1762686272.1811097,60.10,2219.48
1762686273.1881537,67.50,2220.02
1762686274.1963174,51.30,2220.01
1762686275.1993573,43.70,2221.59
1762686276.2005794,55.00,2219.18
1762686277.204118,40.00,2221.14
1762686278.212521,10.80,2219.33
1762686279.2154646,11.10,2218.92
1762686280.222826,10.00,2217.83
1762686281.228259,17.40,2218.91
1762686282.230088,11.00,2219.50
1762686283.242479,6.60,2217.72
1762686284.2463975,8.00,2212.27
1762686285.2547357,4.80,2214.12
1762686286.257298,3.60,2214.12
1762686287.2668073,2.80,2214.12
1762686288.271405,40.00,2214.61
1762686289.273371,2.00,2214.61
1762686290.5137038,2.00,2214.61
1762686291.523792,4.50,2214.60
1762686292.5286338,3.70,2214.60
1762686293.5314777,2.50,2214.60
1762686294.593812,2.00,2214.60
1762686295.6581519,2.00,2214.60
1762686296.6605067,10.60,2215.00
1762686297.6809144,11.00,2214.98
1762686298.6906865,5.90,2215.32
1762686299.6933212,3.10,2215.32
1762686300.6958032,3.60,2215.31
1762686301.6981497,1.00,2215.31
1762686302.7009947,1.50,2215.31
1762686303.704082,1.50,2215.30
1762686304.706287,2.00,2215.30
1762686305.7085872,3.50,2215.30
1762686306.7106156,4.70,2215.29
1762686307.714118,2.50,2215.29
1762686308.7192996,1.00,2215.28
1762686309.7213378,5.60,2215.28
1762686310.7246294,13.20,2215.28
1762686311.7313163,2.00,2215.25
1762686312.734809,1.50,2215.25
1762686313.737516,2.00,2215.25
1762686314.739503,2.00,2215.25
1762686315.7428248,1.00,2215.25
1762686316.7457623,1.50,2215.25
1762686317.7482948,1.00,2215.25
1762686318.7578537,2.00,2215.24
1762686319.7603612,1.50,2215.24
1762686320.765582,3.50,2215.24
1762686321.7756677,2.00,2215.24
1762686322.7777207,2.50,2215.24
1762686323.7811315,1.50,2215.24
1762686324.7851527,4.10,2215.23
1762686325.7873795,3.00,2215.23
1762686326.789488,1.50,2215.23
1762686327.7916737,1.50,2215.43
1762686328.7937531,5.50,2215.47
1762686329.7961051,0.50,2215.47
1762686330.798166,1.00,2215.47
1762686331.8000762,1.50,2215.47
1762686332.8023632,1.00,2215.47
1762686333.8042843,0.00,2215.46
1762686334.80809,1.50,2215.46
1762686335.810047,1.00,2215.46
1762686336.8271282,2.00,2215.46
1762686337.8293486,1.00,2215.46
1762686338.8318424,2.00,2215.46
1762686339.8336387,0.50,2215.45
1762686340.8355284,1.00,2215.45
1762686341.837291,0.50,2215.45
1762686342.8392777,0.50,2215.45
1762686343.841828,0.50,2215.45
1762686344.843775,1.00,2215.45
1762686345.8542109,0.50,2215.45
1762686346.8574977,1.50,2215.45
1762686347.871878,1.00,2215.45
1762686348.8747559,1.50,2215.45
1762686349.8787253,14.60,2215.44
1762686350.8838575,1.00,2215.44
1762686351.9232907,2.00,2215.44
1762686352.9567933,2.50,2215.44
1762686353.9602299,4.20,2215.43
1762686354.9774754,0.50,2215.43
1762686355.9955857,1.60,2215.43
1762686356.9977634,0.50,2215.43
1762686358.006822,0.50,2215.43
1762686359.0223324,3.50,2215.43
1762686360.0244193,1.50,2215.43
1762686361.0537374,1.00,2215.43
1762686362.065054,2.00,2215.43
1762686363.0727503,0.50,2215.43
1762686364.074873,0.50,2215.43
1762686365.0791152,0.50,2215.43
1762686366.0852156,1.00,2215.43
1762686367.089029,4.60,2215.66
1762686368.091169,1.00,2215.66
1762686369.094709,1.50,2215.66
1762686370.0966184,3.10,2215.66
1762686371.1066287,5.70,2215.65
1762686372.1087368,1.50,2215.65
1762686373.1107302,1.50,2215.65
1762686374.1129746,1.50,2215.65
1762686375.1153114,1.00,2215.65
1762686376.1179965,0.50,2215.64
1762686377.120261,0.50,2215.64
1762686378.1225338,1.00,2215.64
1762686379.1257472,1.50,2215.64
1762686380.1293957,2.00,2215.64
1762686381.132172,1.00,2215.64
1762686382.1364663,2.50,2215.64
1762686383.1385198,1.00,2215.64
1762686384.1410365,1.00,2215.64
1762686385.1493425,1.00,2215.64
1762686386.1514056,0.50,2215.64
1762686387.1535761,1.00,2215.63
1762686388.1555269,1.00,2215.63
1762686389.1577642,1.00,2215.63
1762686390.1642396,10.50,2212.05
1762686391.1691267,11.00,2213.36
1762686392.1706896,8.20,2214.83
1762686393.1726263,9.20,2215.34
1762686394.1741486,7.60,2215.39
1762686395.1788452,12.90,2214.83
1762686396.1808805,7.00,2216.21
1762686397.1831508,10.00,2215.70
1762686398.1852875,6.50,2216.30
1762686399.1953437,4.20,2216.12
1762686400.1976368,7.30,2215.91
1762686401.1993873,9.80,2215.25
1762686402.204402,8.90,2215.31
1762686403.2075758,19.30,2220.25
1762686404.210274,65.60,2225.58
1762686405.2122486,5.30,2225.62
1762686406.2141674,9.20,2225.95
1762686407.2158747,11.00,2226.32
1762686408.2193441,4.80,2225.08
1762686409.2226553,24.30,2223.23
1762686410.2281039,11.90,2223.29
1762686411.285575,10.10,2223.24
1762686412.2906759,10.80,2223.03
1762686413.2966373,9.20,2223.76
1762686414.3003256,5.90,2222.40
1762686415.302482,7.10,2221.50
1762686416.304618,7.80,2222.10
1762686417.3075762,11.40,2223.42
1762686418.310418,8.50,2222.61
1762686419.315459,7.20,2221.71
1762686420.3177762,9.00,2219.98
1762686421.3198326,1.00,2219.98
1762686422.3216271,4.10,2220.23
1762686423.3235283,0.50,2220.23
1762686424.3255792,1.00,2220.23
1762686425.3274822,1.50,2220.22
1762686426.3308148,1.00,2220.22
1762686427.3330405,1.50,2220.22
1762686428.3352249,1.00,2220.22
1762686429.3371537,1.00,2220.22
1762686430.3391583,2.50,2220.22
1762686431.34295,5.10,2220.22
1762686432.3460264,1.00,2220.22
1762686433.3474612,0.50,2220.22
1762686434.3493001,1.00,2220.22
1762686435.3512094,0.00,2220.22
1762686436.3536193,1.00,2220.21
1762686437.3556283,1.00,2220.21
1762686438.3584065,1.00,2220.21
1762686439.3676007,0.50,2220.21
1762686440.371589,2.00,2220.21
1762686441.3743627,0.00,2220.21
1762686442.377597,1.50,2220.21
1762686443.3815985,1.00,2220.21
1762686444.3841448,1.50,2220.21
1762686445.3924255,0.50,2220.21
1762686446.3940666,1.50,2220.21
1762686447.3957915,1.00,2220.21
1762686448.3991344,1.00,2220.21
1762686449.4013834,0.50,2220.21
1762686450.4038768,1.50,2220.21
1762686451.4064455,0.50,2220.21
1762686452.4151087,1.00,2220.20
1762686453.4168072,1.50,2220.20
1762686454.4265625,0.00,2220.20
1762686455.4305933,1.50,2220.45
1762686456.4333751,1.00,2220.45
1762686457.4349685,1.00,2220.45
1762686458.4367201,1.00,2220.45
1762686459.4386778,1.00,2220.44
1762686460.4422362,0.50,2220.44
1762686461.4476333,1.50,2220.44
1762686462.4506457,1.00,2220.44
1762686463.4525852,0.50,2220.44
1762686464.4546378,1.00,2220.44
1762686465.4582508,1.00,2220.44
1762686466.4621923,1.00,2220.44
1762686467.4640703,1.00,2220.44
1762686468.4661255,1.00,2220.44
1762686469.4691796,0.00,2220.44
1762686470.477409,21.10,2220.44
1762686471.4806316,1.00,2220.44
1762686472.4827166,3.10,2220.44
1762686473.4848123,0.00,2220.44
1762686474.487422,2.00,2220.43
1762686475.497792,2.00,2220.43
1762686476.5000198,0.50,2220.43
1762686477.5021458,1.50,2220.43
1762686478.504745,1.50,2220.43
1762686479.5108337,2.00,2220.43
1762686480.5126934,2.00,2220.43
1762686481.5165253,1.50,2220.43
1762686482.5490355,1.00,2220.43
1762686483.5695486,2.50,2220.43
1762686484.571506,0.00,2220.43
1762686485.5791473,1.50,2220.42
1762686486.5846238,0.50,2220.42
1762686487.586452,1.50,2220.42
1762686488.5884702,1.00,2220.42
1762686489.5945761,1.00,2220.42
1762686490.5965855,2.50,2220.42
1762686491.5991488,0.50,2220.41
1762686492.6070416,4.50,2220.41
1762686493.6115413,1.00,2220.41
1762686494.61401,1.00,2220.41
1762686495.6593838,1.00,2220.41
1762686496.664698,1.50,2220.40
1762686497.6668353,1.00,2220.40
1762686498.6777313,1.00,2220.40
1762686499.6798558,1.00,2220.40
1762686500.681868,1.00,2220.40
1762686501.684069,1.50,2220.39
1762686502.7124078,2.00,2220.39
1762686503.7143383,4.50,2220.64
1762686504.7200782,1.00,2220.64
1762686505.7222297,1.00,2220.64
1762686506.7256284,1.00,2220.64
1762686507.7275908,1.00,2220.63
1762686508.7292705,1.50,2220.61
1762686509.7321603,2.00,2220.55
1762686510.7342875,1.00,2220.55
1762686511.7448604,1.10,2220.55
1762686512.746479,1.50,2220.54
1762686513.7496297,2.00,2220.54
1762686514.7665515,1.00,2220.54
1762686515.771331,1.50,2220.54
1762686516.7818873,1.50,2220.53
1762686517.78412,0.50,2220.53
1762686518.7858522,0.50,2220.52
1762686519.7924976,1.00,2220.52
1762686520.7995107,0.50,2220.52
1762686521.8007584,1.00,2220.52
1762686522.8028612,1.50,2220.52
1762686523.805614,0.50,2220.52
1762686524.8075826,6.80,2221.09
1762686525.8083897,7.20,2222.82
1762686526.8101523,6.40,2223.58
1762686527.8338506,6.20,2224.73
1762686528.8434665,8.00,2223.84
1762686529.846234,8.80,2223.86
1762686530.8488708,9.80,2224.18
1762686531.8550541,41.70,2224.42
1762686532.8586514,7.30,2223.85
1762686533.8653703,8.30,2225.14
1762686534.878558,7.50,2224.62
1762686537.3473732,2.00,2224.34
1762686540.701406,7.10,2225.48
1762686541.7052336,6.80,2224.62
1762686542.7182515,6.40,2225.58
1762686543.7253506,8.30,2225.75
1762686544.7275176,6.20,2224.54
1762686545.735209,7.20,2223.62
1762686546.7457461,10.40,2223.42
1762686547.757791,7.70,2224.75
1762686548.7597926,4.70,2224.13
1762686549.7606637,5.70,2224.43
1762686550.762151,8.60,2224.40
1762686551.764071,11.30,2224.29
1762686552.7665017,8.90,2225.01
1762686553.7677367,6.50,2224.16
1762686554.781616,11.10,2220.61
1762686555.7834246,2.50,2219.84
1762686556.7864492,1.00,2219.83
1762686557.7875793,1.50,2220.07
1762686558.7895637,0.50,2220.07
1762686559.7918758,1.00,2220.07
1762686560.7941463,1.00,2220.07
1762686561.795521,1.50,2220.06
1762686562.7975078,1.00,2220.06
1762686563.8001049,1.00,2220.06
1762686564.808015,0.50,2220.06
1762686565.809572,2.00,2220.06
1762686566.8114245,1.00,2220.06
1762686567.8135324,2.00,2220.06
1762686568.8156059,1.00,2220.06
1762686569.8176641,0.50,2220.06
1762686570.8215861,1.50,2220.06
1762686571.8294694,5.90,2220.06
1762686572.8321147,2.70,2220.51
1762686573.8353496,1.50,2220.51
1762686574.870563,1.00,2220.51
1762686575.9146833,5.00,2220.51
1762686576.9235432,25.00,2220.51
1762686577.9424295,12.40,2220.51
1762686578.9454336,12.80,2220.50
1762686579.9475555,8.80,2220.50
1762686580.949569,9.60,2220.50
1762686581.9665127,10.10,2220.50
1762686582.976625,18.30,2220.49
1762686583.979188,39.80,2220.49
1762686584.9926145,4.30,2220.49
1762686585.9955049,30.90,2220.84
1762686587.0084753,54.60,2220.87
1762686588.022643,52.00,2220.07
1762686589.0245903,52.60,2181.91
1762686590.0383098,3.20,2181.91
1762686591.0404267,6.00,2181.91
1762686592.0432296,16.70,2181.91
1762686593.0455368,1.00,2181.91
1762686594.0474703,2.00,2181.91
1762686595.049365,0.50,2181.91
1762686596.127797,5.00,2181.91
1762686597.129667,3.10,2181.91
1762686598.1315217,1.50,2181.91
1762686599.1354852,1.50,2181.91
1762686600.1435368,2.50,2181.91
1762686601.1550608,2.00,2181.91
1762686602.157302,1.50,2181.91
1762686603.1595125,1.60,2181.91
1762686604.1620624,1.00,2181.91
1762686605.1650581,0.50,2181.90
1762686606.1672857,2.00,2181.90
1762686607.1703217,4.50,2181.90
1762686608.172572,6.10,2182.15
1762686609.1755385,1.00,2182.15
1762686610.1777356,1.50,2182.15
1762686611.179758,8.20,2183.08
1762686612.1912582,1.50,2183.08
1762686613.1967616,8.50,2183.08
1762686614.1992822,1.50,2183.08
1762686615.21285,1.50,2183.08
1762686616.2151837,1.50,2183.08
1762686617.227712,1.10,2183.08
1762686618.2810857,1.50,2183.08
1762686619.2963123,2.10,2183.08
1762686620.299533,1.50,2183.08
1762686621.3014796,2.00,2183.08
1762686622.3054104,2.50,2183.07
1762686623.30749,0.50,2183.07
1762686624.3125808,1.50,2183.07
1762686625.3205056,3.00,2183.07
1762686626.3228724,1.50,2183.07
1762686627.3251655,2.60,2183.07
1762686628.330564,1.50,2183.07
1762686629.3337326,1.00,2183.06
1762686630.3396819,1.50,2183.06
1762686631.3416064,2.00,2183.06
1762686632.343629,1.50,2183.06
1762686633.3456717,1.00,2183.06
1762686634.3485067,1.50,2183.05
1762686635.3550236,2.50,2183.05
1762686636.357056,1.00,2183.05
1762686637.360719,1.50,2183.05
1762686638.370791,2.00,2183.05
1762686639.3731291,1.50,2183.05
1762686640.3789425,0.50,2183.05
1762686641.381271,1.50,2183.05
1762686642.384609,2.00,2183.05
1762686643.386439,0.50,2183.05
1762686644.3907359,26.20,2183.05
1762686645.392705,1.00,2183.05
1762686646.3947246,1.50,2183.05
1762686647.3988116,1.50,2183.05
1762686648.402179,1.00,2183.05
1762686649.4045727,1.50,2183.04
1762686650.4071636,2.00,2183.04
1762686651.4104297,17.90,2183.04
1762686652.418213,18.80,2183.04
1762686653.4221876,1.50,2183.04
1762686654.424106,2.50,2183.04
1762686655.4260304,1.50,2183.03
1762686656.4332645,1.00,2183.03
1762686657.438353,2.00,2183.03
1762686658.4403362,0.50,2183.02
1762686659.44467,2.00,2183.02
1762686660.453954,4.70,2183.87
1762686661.456702,16.60,2159.16
1762686662.5283287,7.90,2159.15
1762686663.5370913,9.10,2159.36
1762686664.5445795,10.40,2158.83
1762686665.5508497,4.60,2158.03
1762686666.5530756,7.40,2159.16
1762686667.5550323,6.50,2160.10
1762686668.5565908,9.50,2160.48
1762686669.5583181,5.50,2160.74
1762686670.559697,7.80,2160.48
1762686671.5643332,5.20,2160.89
1762686672.5664213,8.90,2160.89
1762686673.5684254,12.20,2161.36
1762686674.570139,5.20,2161.70
1762686675.571838,9.80,2160.02
1762686676.5738788,8.90,2159.72
1762686677.5760887,9.10,2159.16
1762686678.5849066,9.90,2158.68
1762686679.5866234,6.10,2159.43
1762686680.5884871,6.80,2158.78
1762686681.5895731,6.00,2158.95
1762686682.5916162,5.30,2160.61
1762686683.5966058,8.20,2160.16
1762686684.613555,7.50,2159.12
1762686685.6161692,8.50,2160.80
1762686686.6180928,5.10,2159.54
1762686687.6202073,9.90,2160.22
1762686688.6220546,6.50,2160.69
1762686689.6238575,4.80,2159.64
1762686690.6587734,5.70,2160.26
1762686691.6670887,7.60,2156.20
1762686692.7129686,2.10,2156.19
1762686693.7984114,2.30,2156.43
1762686694.8046954,0.50,2156.43
1762686695.8086932,2.00,2156.43
1762686696.8167748,3.10,2156.43
1762686697.821537,1.00,2156.43
1762686698.823831,1.50,2156.42
1762686699.825478,1.50,2156.42
1762686700.835578,3.60,2156.42
1762686701.8376863,2.00,2156.41
1762686702.839488,1.00,2156.41
1762686703.8413794,0.50,2156.41
1762686704.8570476,1.00,2156.41
1762686705.863213,2.60,2156.41
1762686706.866061,2.00,2156.41
1762686707.8888214,1.00,2156.41
1762686708.970131,0.90,2156.41
1762686709.972354,2.00,2156.41
1762686711.0063014,1.50,2156.41
1762686712.0191152,24.20,2156.66
1762686713.1325526,1.40,2156.66
1762686714.1354344,4.80,2156.66
1762686715.1399286,1.00,2156.65
1762686716.1418643,1.50,2156.65
1762686717.191416,2.50,2156.65
1762686718.193824,0.50,2156.65
1762686719.2006667,1.50,2156.65
1762686720.2025208,1.50,2156.65
1762686721.204819,2.50,2156.65
1762686722.2070248,2.00,2156.65
1762686723.2444072,2.00,2156.65
1762686724.2469883,1.10,2156.65
1762686725.2494738,1.50,2156.65
1762686726.2515252,4.50,2156.87
1762686727.253425,2.00,2157.09
1762686728.2549908,3.60,2157.09
1762686729.2570643,1.50,2157.09
1762686730.2684631,3.00,2157.08
1762686731.2718427,0.50,2157.08
1762686732.2742243,1.50,2157.08
1762686733.2774885,1.50,2157.08
1762686734.2905908,6.80,2157.08
1762686735.298482,2.70,2157.07
1762686736.3006258,1.60,2157.07
1762686737.3022676,2.60,2156.36
1762686738.3041284,0.50,2156.27
1762686739.3058004,1.00,2156.27
1762686740.310287,2.00,2156.27
1762686741.3222377,0.50,2156.27
1762686742.3251057,2.50,2156.27
1762686743.3297675,1.00,2156.27
1762686744.331751,1.50,2156.27
1762686745.3346357,1.50,2156.27
1762686746.3371322,1.00,2156.26
1762686747.3393226,1.50,2156.26
1762686748.3472311,1.00,2156.26
1762686749.349535,1.50,2156.26
1762686750.3516555,0.50,2156.26
1762686751.3642743,1.50,2156.25
1762686752.3665633,1.00,2156.25
1762686753.3685696,2.00,2156.25
1762686754.3706567,2.00,2156.25
1762686755.4147441,2.40,2156.25
1762686756.4168208,0.00,2156.25
1762686757.4316962,1.50,2156.25
1762686758.4349453,10.30,2156.25
1762686759.4371574,4.90,2156.25
1762686760.4420419,2.10,2156.25
1762686761.444163,1.00,2156.25
1762686762.4463816,1.00,2156.25
1762686763.4484203,1.00,2156.25
1762686764.4567068,2.50,2156.25
1762686765.4582162,1.00,2156.24
1762686766.480787,1.00,2156.24
1762686767.483298,1.00,2156.24
1762686768.485113,0.50,2156.24
1762686769.486878,1.50,2156.24
1762686770.4954395,1.00,2156.24
1762686771.5127585,11.00,2156.24
1762686772.5147064,19.70,2156.23
1762686773.5168238,2.00,2156.22
1762686774.5189676,0.00,2156.22
1762686775.5206027,2.50,2156.22
1762686776.5263739,1.00,2156.22
1762686777.528562,1.50,2156.22
1762686778.5314767,1.00,2156.22
1762686779.5344632,1.00,2156.21
1762686780.5365903,1.50,2156.51
1762686781.5397987,2.50,2156.50
1762686782.5450463,1.50,2156.50
1762686783.5471332,1.00,2156.50
1762686784.564459,2.00,2156.50
1762686785.566414,1.00,2156.50
1762686786.5689464,1.00,2156.50
1762686787.5986955,0.50,2156.50
1762686788.6025093,0.50,2156.50
1762686789.6232934,1.00,2156.50
1762686790.646471,4.50,2156.49
1762686791.6516936,8.70,2156.49
1762686792.6685936,1.50,2156.49
1762686793.6716387,1.00,2156.49
1762686794.682909,5.50,2156.49
1762686795.6860697,2.10,2156.49
1762686796.6922252,6.10,2158.10
1762686797.6952057,12.10,2157.34
1762686798.6983612,9.90,2159.18
1762686799.6994545,7.60,2160.33
1762686800.701476,8.60,2160.39
1762686801.7038398,8.50,2161.41
1762686802.7057643,4.70,2161.85
1762686803.7234638,6.90,2162.89
1762686804.9820232,5.60,2162.33
1762686805.9855382,7.50,2162.20
1762686806.99566,12.50,2160.06
1762686807.9983785,8.30,2160.47
1762686809.0096567,8.30,2160.47
1762686810.0103617,7.30,2160.99
1762686811.0127506,6.70,2161.75
1762686812.0141943,6.50,2162.08
1762686813.0162163,10.20,2162.81
1762686814.0294366,8.10,2163.50
1762686815.030684,6.70,2162.11
1762686816.0318754,8.70,2160.56
1762686817.0330727,9.00,2159.86
1762686818.0374544,9.50,2159.84
1762686819.0404992,7.60,2161.88
1762686820.2176073,6.70,2160.71
1762686821.2709374,12.30,2161.68
1762686822.2724428,8.20,2160.71
1762686823.2763402,8.90,2161.61
1762686824.2784305,7.80,2161.25
1762686825.2817104,9.60,2161.00
1762686826.2950633,9.00,2163.21
1762686827.3005857,4.30,2155.64
1762686828.3101149,1.00,2155.64
1762686829.3124173,2.20,2155.88
1762686830.3156915,2.20,2155.88
1762686831.3191478,1.00,2155.88
1762686832.328832,26.60,2155.88
1762686833.3311214,1.50,2155.88
1762686834.3491008,1.00,2155.88
1762686835.3625607,3.00,2155.88
1762686836.3911035,1.00,2155.88
1762686837.3943882,1.50,2155.88
1762686838.3967373,1.50,2155.88
1762686839.3997703,0.50,2155.88
1762686840.403233,2.50,2155.88
1762686841.4168122,2.00,2155.88
1762686842.4206727,2.00,2155.88
1762686843.4227724,1.00,2155.88
1762686844.4248843,0.50,2155.88
1762686845.427282,1.00,2155.87
1762686846.4516888,4.10,2156.09
1762686847.4536188,2.00,2156.07
1762686848.4891167,1.50,2156.07
1762686849.4940443,1.50,2156.07
1762686850.4984024,2.00,2156.07
1762686851.5075264,1.50,2156.07
1762686852.5955772,1.50,2156.07
1762686853.5984328,2.00,2156.07
1762686854.609808,1.50,2156.07
1762686855.6383908,4.70,2156.07
1762686856.6404676,1.00,2156.07
1762686857.642287,1.50,2156.07
1762686858.6464016,1.00,2156.07
1762686859.6765192,2.00,2156.07
1762686860.6934764,1.50,2156.07
1762686861.7078786,1.00,2156.06
1762686862.712483,2.60,2156.04
1762686863.7158544,1.50,2156.04
1762686864.7306476,2.00,2156.04
1762686865.73758,1.00,2156.04
1762686866.7427192,0.50,2156.04
1762686867.7446346,0.50,2156.04
1762686868.7464528,1.00,2156.04
1762686869.7494657,1.50,2156.04
1762686870.7515266,0.50,2156.04
1762686871.753419,1.50,2156.03
1762686872.7556667,0.50,2156.03
1762686873.7577674,1.50,2156.03
1762686874.76012,1.00,2156.03
1762686875.7622433,0.50,2156.03
1762686876.764263,2.00,2156.03
1762686877.7713354,1.00,2156.02
1762686878.7737987,2.50,2156.02
1762686879.775805,1.50,2156.02
1762686880.7782185,0.00,2156.02
1762686881.7918453,0.50,2156.02
1762686882.7935627,2.00,2156.01
1762686883.829225,1.50,2156.01
1762686884.835739,1.50,2156.01
1762686885.8398137,1.50,2156.01
1762686886.8417425,0.00,2156.01
1762686887.844859,2.00,2156.01
1762686888.8473067,1.00,2156.00
1762686889.8521779,1.00,2156.00
1762686890.855679,1.00,2156.00
1762686891.8585324,28.50,2156.00
1762686892.8604999,3.00,2156.00
1762686893.8627408,0.50,2155.98
1762686894.8733475,2.50,2155.98
1762686895.8781698,1.00,2155.98
1762686896.8804595,0.50,2155.98
1762686897.882547,1.50,2155.98
1762686898.8848286,0.50,2155.98
1762686899.8868103,1.00,2155.97
1762686900.8890939,1.50,2155.97
1762686901.8903823,2.00,2155.97
1762686902.8924463,1.50,2155.96
1762686903.8948424,1.00,2155.96
1762686904.9007318,0.50,2155.96
1762686905.9049585,1.00,2155.96
1762686906.9071314,2.00,2155.96
1762686907.9091036,0.50,2155.96
1762686908.9107704,0.50,2155.96
1762686909.912777,0.50,2155.96
1762686910.9151819,8.70,2156.17
1762686911.917358,0.50,2156.17
1762686912.9194674,1.00,2156.17
1762686913.9216435,1.00,2156.17
1762686914.923241,1.50,2156.17
1762686915.9251196,4.00,2156.17
1762686916.9270275,1.00,2156.17
1762686917.9301457,1.00,2156.17
1762686918.935988,1.50,2156.17
1762686919.9378123,1.00,2156.17
1762686920.9418275,1.00,2156.17
1762686921.9438791,1.50,2156.16
1762686922.9461188,1.00,2156.16
1762686923.9481013,1.00,2156.16
1762686924.9503615,0.00,2156.16
1762686925.9536893,1.00,2156.16
1762686926.9557061,1.00,2156.16
1762686927.9568172,1.50,2156.16
1762686928.9590714,1.50,2156.15
1762686929.9622664,0.50,2156.15
1762686930.9813333,1.50,2156.15
1762686931.984856,8.60,2159.30
1762686932.988818,6.50,2159.88
1762686934.008747,4.10,2159.88
1762686935.0197983,6.90,2159.66
1762686936.0213778,5.50,2159.77
1762686937.023387,6.60,2161.25
1762686938.0254164,7.30,2160.73
1762686939.0420933,6.30,2162.06
1762686940.0453606,15.00,2161.90
1762686941.055126,13.30,2163.90
1762686942.0566878,6.10,2163.86
1762686943.0587761,4.80,2164.51
1762686944.060747,5.40,2162.97
1762686945.0664632,8.50,2163.78
1762686946.068796,3.50,2163.81
1762686947.0843117,4.10,2164.20
1762686948.0910716,5.30,2163.80
1762686949.09902,8.50,2164.56
1762686950.1014175,7.70,2162.39
1762686951.106496,6.00,2163.10
1762686952.1081398,30.80,2163.42
1762686953.1314626,6.90,2162.93
1762686954.1363614,8.90,2163.57
1762686955.1374972,9.80,2162.83
1762686956.1385581,5.20,2162.22
1762686957.139709,9.10,2162.82
1762686958.1418831,12.80,2164.08
1762686959.1474948,10.60,2163.74
1762686960.1496952,5.90,2164.17
1762686961.151654,7.10,2164.04
1762686962.1536527,7.70,2157.86
1762686963.1558583,1.50,2157.86
1762686964.1577954,2.00,2157.86
1762686965.160309,1.50,2157.85
1762686966.162722,1.50,2158.10
1762686967.1650596,2.00,2158.32
1762686968.1664746,6.20,2158.32
1762686969.1696622,3.50,2158.56
1762686970.1714675,2.60,2158.56
1762686971.1738431,1.00,2158.55
1762686972.1761787,1.00,2158.55
1762686973.1811757,1.00,2158.55
1762686974.1832306,1.00,2158.55
1762686975.184421,1.50,2158.55
1762686976.1937442,4.60,2158.55
1762686977.1983888,2.00,2158.55
1762686978.2249293,1.50,2158.55
1762686979.253771,5.00,2158.53
1762686980.2709177,3.00,2158.53
1762686981.2740512,0.50,2158.52
1762686982.2779891,2.00,2158.52
1762686983.283259,1.50,2158.52
1762686984.2853312,1.00,2158.52
1762686985.2888544,0.50,2158.52
1762686986.291219,0.50,2158.52
1762686987.2934437,1.50,2158.52
1762686988.2956128,1.00,2158.52
1762686989.297576,1.00,2158.52
1762686990.3018632,0.00,2158.52
1762686991.3033638,1.50,2158.52
1762686992.307183,1.00,2158.51
1762686993.3096545,1.00,2158.51
1762686994.3114574,0.50,2158.51
1762686995.3139563,1.00,2158.51
1762686996.3174274,1.00,2158.51
1762686997.3192334,1.50,2158.50
1762686998.3214767,1.00,2158.50
1762686999.3271062,1.50,2158.50
1762687000.329786,1.00,2158.50
1762687001.3321214,1.00,2158.50
1762687002.3345318,0.50,2158.50
1762687003.3363905,17.80,2168.82
1762687004.3427489,42.30,2207.12
1762687005.3460803,1.50,2207.12
1762687006.3492637,3.10,2207.16
1762687007.3525486,2.00,2207.14
1762687008.3570335,2.00,2207.14
1762687009.3681557,1.00,2207.14
1762687010.3735306,0.50,2207.14
1762687011.376047,2.50,2207.14
1762687012.3784008,19.70,2207.13
1762687013.3815985,1.50,2207.13
1762687014.3832407,1.50,2207.13
1762687015.3855658,2.00,2207.13
1762687016.3879273,1.50,2207.13
1762687017.3920262,1.00,2207.12
1762687018.3942628,1.00,2207.12
1762687019.3976636,2.00,2207.12
1762687020.3997521,1.00,2207.12
1762687021.4020417,5.60,2183.20
1762687022.4061887,1.00,2183.14
1762687023.4086897,1.00,2183.14
1762687024.410412,2.10,2183.12
1762687025.4123163,1.00,2183.12
1762687026.4152834,1.50,2183.12
1762687027.4172869,1.50,2183.12
1762687028.4274104,1.50,2183.12
1762687029.4301803,1.50,2183.12
1762687030.4630356,3.00,2183.12
1762687031.4684315,1.00,2183.12
1762687032.4706008,2.00,2183.12
1762687033.4776042,15.30,2183.30
1762687034.4793186,0.00,2183.30
1762687035.4805627,1.00,2183.31
1762687036.4825373,4.00,2183.30
1762687037.4876993,1.00,2183.30
1762687038.4893465,1.50,2183.30
1762687039.4902556,0.50,2183.30
1762687040.4921649,1.00,2183.30
1762687041.4945438,1.00,2183.29
1762687042.500046,1.50,2183.29
1762687043.504252,1.00,2183.29
1762687044.5087936,1.00,2183.29
1762687045.5107317,1.00,2183.29
1762687046.512675,1.00,2183.29
1762687047.5146606,1.00,2183.29
1762687048.5212898,2.00,2183.29
1762687049.5243046,2.00,2183.29
1762687050.5318253,1.50,2183.29
1762687051.5361462,1.00,2183.28
1762687052.5384617,1.50,2183.28
1762687053.5405211,1.00,2183.28
1762687054.5426352,1.00,2183.28
1762687055.5446339,1.00,2183.28
1762687056.546942,1.00,2183.28
1762687057.5491874,1.50,2183.27
1762687058.552812,1.00,2183.27
1762687059.5560324,1.00,2183.27
1762687060.56019,1.50,2183.27
1762687061.5622194,2.50,2183.27
1762687062.5996666,1.00,2183.26
1762687063.7614636,1.40,2183.26
1762687064.7634416,2.10,2183.26
1762687065.7654145,0.50,2183.26
1762687066.7683144,9.10,2183.83
1762687067.7727647,10.60,2178.15
1762687068.7881155,10.70,2171.56
1762687069.7992053,8.90,2172.07
1762687070.8152099,11.00,2173.79
1762687071.8196313,32.20,2173.77
1762687072.8628776,19.00,2175.21
1762687073.8647745,7.90,2172.53
1762687074.8675153,11.60,2173.73
1762687075.87343,10.20,2172.66
1762687076.8753648,6.50,2172.71
1762687077.8775258,7.10,2173.27
1762687078.8795257,5.20,2172.86
1762687079.8892004,6.10,2173.07
1762687080.8912883,9.90,2173.25
1762687081.955345,11.30,2173.21
1762687082.9594097,11.50,2173.29
1762687083.9617407,8.90,2173.91
1762687084.9643412,8.30,2174.33
1762687085.9717817,11.00,2173.62
1762687086.9734058,4.50,2173.75
1762687087.9776464,7.70,2173.46
1762687088.9798224,6.50,2173.98
1762687089.9860349,7.50,2173.55
1762687090.9877815,3.50,2174.03
1762687091.9895587,5.80,2174.64
1762687092.992581,8.40,2174.79
1762687093.994422,7.80,2174.32
1762687094.9964375,4.10,2173.84
1762687096.0002673,3.50,2174.06
1762687097.0026996,10.30,2169.17
1762687098.0048468,0.00,2169.41
1762687099.011374,1.50,2170.64
1762687100.0134292,1.00,2170.64
1762687101.0152788,1.00,2170.85
1762687102.017148,1.50,2170.85
1762687103.019884,1.50,2170.85
1762687104.021814,1.00,2170.85
1762687105.0237842,1.00,2170.85
1762687106.025723,0.50,2170.85
1762687107.0276647,1.00,2170.85
1762687108.0294774,1.00,2170.85
1762687109.0363703,1.00,2170.85
1762687110.038244,1.50,2170.85
1762687111.0407374,1.50,2170.85
1762687112.0425568,1.00,2170.85
1762687113.045356,2.00,2170.85
1762687114.077591,1.50,2170.85
1762687115.079608,1.00,2170.85
1762687116.0816586,0.50,2170.85
1762687117.085884,0.50,2170.85
1762687118.0881433,0.50,2170.85
1762687119.0894911,0.50,2170.85
1762687120.0915902,1.00,2170.85
1762687121.093669,1.00,2170.85
1762687122.095616,3.50,2170.85
1762687123.1048717,2.50,2171.07
1762687124.1081123,1.00,2171.07
1762687125.1113389,0.50,2171.07
1762687126.1132083,1.50,2171.07
1762687127.1151586,0.50,2171.07
1762687128.117621,2.00,2171.07
1762687129.124637,1.00,2171.07
1762687130.1266017,0.50,2171.07
1762687131.1292424,1.00,2171.07
1762687132.1311932,14.70,2171.06
1762687133.1330736,1.00,2171.06
1762687134.1352196,0.50,2171.05
1762687135.137293,2.50,2171.05
1762687136.1842825,1.00,2171.05
1762687137.1862876,1.50,2171.05
1762687138.1874647,0.50,2171.05
1762687139.190891,2.00,2171.05
1762687140.1955833,1.50,2171.05
1762687141.1996574,1.50,2171.05
1762687142.201657,1.50,2171.05
1762687143.2036555,1.50,2171.05
1762687144.2058136,0.50,2171.05
1762687145.2488465,1.40,2171.04
1762687146.2507758,1.50,2171.04
1762687147.2525928,1.00,2171.04
1762687148.2546515,1.00,2171.04
1762687149.2566013,1.00,2171.04
1762687150.2586148,3.00,2171.04
1762687151.260603,1.00,2171.04
1762687152.2623053,2.00,2171.04
1762687153.2641642,0.50,2171.03
1762687154.2748384,1.00,2171.03
1762687155.278796,1.00,2171.03
1762687156.2829463,0.50,2171.03
1762687157.3206632,1.00,2171.03
1762687158.3230274,5.20,2171.03
1762687159.4371748,1.90,2171.03
1762687160.439618,2.20,2171.03
1762687161.4470882,1.50,2171.02
1762687162.4492884,1.50,2171.02
1762687163.4543042,1.00,2171.02
1762687164.456652,1.00,2171.02
1762687165.4590952,0.50,2171.02
1762687166.4652753,0.50,2171.02
1762687167.467217,1.50,2171.01
1762687168.4692972,1.50,2171.01
1762687169.4712465,1.00,2171.01
1762687170.5257034,9.80,2173.42
1762687171.5350187,36.20,2184.64
1762687172.5366917,51.70,2188.07
1762687173.541135,30.50,2186.31
1762687174.545544,1.50,2186.34
1762687175.546774,6.20,2186.34
1762687176.5984995,2.90,2190.05
1762687177.601149,1.00,2190.05
1762687178.6030629,2.00,2190.05
1762687179.623609,1.50,2190.05
1762687180.6368623,1.00,2190.05
1762687181.638856,3.70,2190.04
1762687182.673789,1.00,2190.04
1762687183.6757703,1.50,2190.04
1762687184.6778708,1.00,2190.04
1762687185.680144,1.50,2190.04
1762687186.6827066,1.50,2190.04
1762687187.6856978,0.50,2190.04
1762687188.68884,1.00,2190.04
1762687189.6925213,1.00,2190.04
1762687190.6959672,1.00,2190.04
1762687191.6984808,14.70,2190.04
1762687192.700539,10.30,2190.03
1762687193.7036016,0.00,2190.03
1762687194.7055762,2.50,2190.03
1762687195.708127,0.50,2190.03
1762687196.7129366,2.00,2190.03
1762687197.7148597,3.00,2190.00
1762687198.7165499,17.40,2193.70
1762687199.7184947,33.70,2195.12
1762687200.7204762,1.00,2195.12
1762687201.721423,4.00,2195.13
1762687202.7238026,7.80,2185.30
1762687203.7270453,7.10,2185.95
1762687204.72988,5.40,2185.82
1762687205.7317343,10.30,2188.47
1762687206.7337258,7.80,2188.09
1762687207.7358153,6.40,2188.29
1762687208.7372055,6.00,2189.74
1762687209.7463536,5.50,2189.21
1762687210.7557411,18.30,2191.10
1762687211.7581613,9.90,2188.61
1762687212.7603555,6.00,2186.83
1762687213.7643056,10.20,2187.35
1762687214.7662568,8.60,2186.89
1762687215.7680361,7.90,2186.92
1762687216.7688997,9.20,2185.97
1762687217.7704413,9.50,2186.57
1762687218.7760851,8.30,2187.55
1762687219.7802815,6.60,2186.83
1762687220.7838936,4.60,2186.48
1762687221.786214,6.20,2186.87
1762687222.8083751,5.30,2186.92
1762687223.811139,7.70,2187.80
1762687224.8125756,8.10,2186.05
1762687225.8157256,9.50,2185.90
1762687226.8175972,6.50,2186.45
1762687227.819561,6.10,2185.97
1762687228.8237157,4.20,2187.40
1762687229.8258653,7.40,2187.53
1762687230.828682,12.50,2186.81
1762687231.83072,9.90,2186.34
1762687232.832551,6.70,2181.07
1762687233.8346877,1.00,2181.12
1762687234.8383775,1.00,2181.36
1762687235.8446472,1.00,2181.36
1762687236.8466167,0.50,2181.35
1762687237.8560133,1.50,2181.35
1762687238.859885,1.50,2181.35
1762687239.8630695,1.00,2181.35
1762687240.8651407,0.00,2181.35
1762687241.8680377,4.60,2181.59
1762687242.872585,1.50,2181.59
1762687243.8746638,1.00,2181.59
1762687244.8842542,21.80,2186.94
1762687245.898234,46.00,2186.66
1762687246.90188,41.20,2189.54
1762687247.9266121,46.80,2191.49
1762687248.928438,25.60,2198.77
1762687249.9294713,15.70,2198.66
1762687251.0361066,38.30,2216.44
1762687252.0754888,41.90,2204.58
1762687253.0791454,10.20,2204.58
1762687254.0814767,2.00,2204.58
1762687255.083445,2.00,2204.58
1762687256.0853763,0.50,2204.58
1762687257.0877922,1.00,2204.58
1762687258.0906744,1.50,2204.58
1762687259.0927014,1.00,2204.58
1762687260.0946739,1.50,2204.58
1762687261.0970466,1.60,2204.58
1762687262.0995152,3.00,2204.57
1762687263.1022727,1.00,2204.57
1762687264.1052895,2.00,2204.79
1762687265.1072152,1.00,2204.79
1762687266.1093032,1.00,2204.79
1762687267.1113193,1.50,2204.79
1762687268.113549,0.50,2204.79
1762687269.115873,1.00,2204.79
1762687270.1179512,2.00,2204.79
1762687271.12216,1.50,2204.79
1762687272.1242132,1.50,2204.79
1762687273.1264732,0.50,2204.79
1762687274.1285164,0.50,2204.78
1762687275.1305065,1.50,2204.78
1762687276.134309,0.50,2204.78
1762687277.1376774,1.00,2204.78
1762687278.1398265,1.50,2204.78
1762687279.1434646,3.50,2204.77
1762687280.1457539,1.50,2204.79
1762687281.1476738,1.00,2204.79
1762687282.1502538,2.00,2204.78
1762687283.1537282,0.00,2204.78
1762687284.1558812,1.00,2204.78
1762687285.158155,1.00,2204.78
1762687286.1605291,1.00,2204.78
1762687287.1625261,1.00,2204.78
1762687288.1652596,1.00,2204.78
1762687289.1691406,1.00,2204.78
1762687290.1713428,1.00,2204.78
1762687291.173437,1.00,2204.78
1762687292.1752477,1.50,2204.78
1762687293.1773274,1.00,2204.78
1762687294.1858702,1.00,2204.78
1762687295.1880832,0.50,2204.77
1762687296.190207,1.00,2204.77
1762687297.192143,1.00,2204.77
1762687298.1944544,1.00,2204.77
1762687299.1963856,1.00,2204.77
1762687300.2004728,0.50,2204.77
1762687301.2037678,1.00,2204.76
1762687302.205641,2.00,2204.75
1762687303.2074616,2.00,2204.75
1762687304.2094057,7.20,2204.74
1762687305.2115808,1.50,2204.73
1762687306.215252,1.00,2204.73
1762687307.2199655,1.00,2204.73
1762687308.2224193,1.00,2204.73
1762687309.2244034,1.00,2204.73
1762687310.2267337,0.50,2204.71
1762687311.232225,1.00,2204.71
1762687312.2347245,2.50,2204.70
1762687313.236606,0.50,2204.70
1762687314.2386475,1.50,2204.70
1762687315.2408838,21.10,2204.70
1762687316.2444737,1.50,2204.70
1762687317.2465086,1.00,2204.70
1762687318.248608,1.00,2204.70
1762687319.2525454,1.50,2204.70
1762687320.2899954,2.00,2204.70
1762687321.2922883,1.00,2204.70
1762687322.2949977,1.50,2204.70
1762687323.3497617,2.00,2204.70
1762687324.3517592,1.00,2204.70
1762687325.3537557,1.00,2204.69
1762687326.355835,2.00,2204.69
1762687327.358224,2.00,2204.68
1762687328.3604593,1.00,2204.68
1762687329.3652682,1.00,2204.68
1762687330.3673174,2.00,2204.68
1762687331.371716,1.00,2204.68
1762687332.3740966,1.50,2204.68
1762687333.3764966,1.00,2204.68
1762687334.378749,0.50,2204.67
1762687335.3826065,1.00,2204.67
1762687336.3850143,1.00,2204.67
1762687337.3888402,11.00,2207.35
1762687338.3943224,14.00,2207.61
1762687339.3972042,29.30,2207.44
1762687340.399553,9.60,2205.95
1762687341.4034064,8.30,2206.66
1762687342.411179,11.00,2206.30
1762687343.424243,11.50,2207.24
1762687344.4262302,9.40,2206.52
1762687345.4288092,9.10,2207.70
1762687346.4343653,11.70,2208.88
1762687347.4378197,6.70,2208.89
1762687348.4403005,5.20,2205.74
1762687349.4418173,4.10,2206.46
1762687350.443229,2.90,2206.39
1762687351.4493465,7.90,2206.97
1762687352.4529629,7.10,2206.16
1762687353.4555805,4.90,2205.73
1762687354.458351,8.60,2206.78
1762687355.4868143,3.80,2206.52
1762687356.4891517,7.30,2206.68
1762687357.4908538,7.80,2206.89
1762687358.496746,7.60,2205.82
1762687359.4983637,9.10,2206.05
1762687360.5061097,4.60,2206.79
1762687361.5081446,8.30,2205.91
1762687362.5106423,8.80,2207.16
1762687363.5148108,8.00,2207.23
1762687364.538702,10.10,2207.17
1762687365.5445342,5.70,2206.59
1762687366.5477252,10.40,2206.64
1762687367.5524278,6.40,2201.95
1762687368.5554328,1.50,2202.00
1762687369.5575616,3.00,2202.74
1762687370.5605915,1.50,2202.74
1762687371.5842166,1.00,2202.74
1762687372.5929334,5.60,2202.73
1762687373.5958457,1.50,2202.73
1762687374.5996237,1.00,2202.73
1762687375.6025932,25.80,2202.73
1762687376.6129448,1.00,2202.73
1762687377.6184466,2.00,2202.73
1762687378.620388,1.50,2202.73
1762687379.6232755,1.00,2202.72
1762687380.6288025,1.00,2202.72
1762687381.6335003,1.00,2202.72
1762687382.6647158,2.50,2202.72
1762687383.6667774,1.00,2202.71
1762687384.6690073,1.00,2202.70
1762687385.671026,1.00,2202.70
1762687386.6728666,0.50,2202.70
1762687387.6771052,0.00,2202.70
1762687388.6788757,0.50,2202.70
1762687389.6811476,1.00,2202.70
1762687390.6852124,1.50,2202.70
1762687391.687327,1.50,2202.70
1762687392.6893084,1.00,2202.70
1762687393.6915224,3.00,2202.92
1762687394.6935728,0.50,2202.92
1762687395.698294,1.00,2202.91
1762687396.7004054,0.50,2202.91
1762687397.7022908,1.00,2202.91
1762687398.7043622,2.00,2202.89
1762687399.7061372,2.00,2202.89
1762687400.70777,1.00,2202.89
1762687401.7095652,1.00,2202.89
1762687402.7114336,1.00,2202.89
1762687403.7134247,0.50,2202.89
1762687404.716061,0.50,2202.88
1762687405.7176435,1.00,2202.88
1762687406.724247,1.00,2202.88
1762687407.7266066,1.00,2202.88
1762687408.7282586,0.50,2202.88
1762687409.7300234,1.00,2202.88
1762687410.7332335,1.00,2202.88
1762687411.7355611,1.00,2202.87
1762687412.7399619,1.50,2202.87
1762687413.74183,0.00,2202.87
1762687414.7442396,1.00,2202.86
1762687415.7461448,0.50,2202.86
1762687416.7480576,1.00,2202.86
1762687417.7501917,1.00,2202.86
1762687418.7521923,1.00,2202.86
1762687419.754441,0.50,2202.86
1762687420.7568712,0.50,2202.86
1762687421.7595453,2.00,2202.86
1762687422.7615504,0.00,2202.85
1762687423.7634506,1.00,2202.85
1762687424.7652748,1.00,2202.85
1762687425.7671132,0.00,2202.84
1762687426.7690423,0.50,2202.84
1762687427.7717438,1.00,2202.84
1762687428.7736266,1.00,2202.84
1762687429.7756917,1.00,2202.84
1762687430.7776322,0.00,2202.84
1762687431.779516,1.00,2202.84
1762687432.7814364,1.00,2202.84
1762687433.7833939,1.00,2202.84
1762687434.7854514,2.50,2202.84
1762687435.7874124,12.10,2202.84
1762687436.7894747,0.50,2202.84
1762687437.7930381,0.50,2202.84
1762687438.7951732,1.50,2202.83
1762687439.7973776,1.00,2202.83
1762687440.7993014,1.50,2202.82
1762687441.8014598,1.00,2202.82
1762687442.8033247,1.50,2202.82
1762687443.8050854,0.50,2202.82
1762687444.8066819,1.00,2202.82
1762687445.8098745,0.00,2202.82
1762687446.8142464,0.50,2202.82
1762687447.8167763,0.50,2202.82
1762687448.819059,1.00,2202.82
1762687449.8211195,0.50,2202.81
1762687450.8291683,4.00,2202.81
1762687451.8311455,44.40,2235.74
1762687452.8332925,0.50,2235.74
1762687453.8354807,1.00,2235.73
1762687454.837621,1.00,2235.73
1762687455.8393679,0.50,2235.98
1762687456.843643,2.50,2235.98
1762687457.845626,1.00,2235.98
1762687458.847739,1.00,2235.98
1762687459.8497727,6.10,2235.98
1762687460.8546197,0.50,2235.97
1762687461.859696,1.00,2235.97
1762687462.861879,3.60,2235.97
1762687463.864581,2.00,2235.97
1762687464.878301,1.00,2235.96
1762687465.8817222,1.00,2235.96
1762687466.8905582,1.50,2235.96
1762687467.8924327,1.00,2235.96
1762687468.8942204,2.00,2235.96
1762687469.896201,0.50,2235.95
1762687470.8983083,1.50,2235.95
1762687471.95957,30.20,2206.07
1762687472.96425,10.10,2196.73
1762687473.9669204,1.00,2196.73
1762687474.9697065,2.00,2196.98
1762687475.9754014,2.00,2197.72
1762687476.98381,0.50,2197.72
1762687477.9874167,1.00,2197.72
1762687478.9892824,0.50,2197.71
1762687479.9912527,1.00,2197.71
1762687480.993436,1.00,2197.71
1762687481.9955957,2.00,2197.71
1762687482.9973156,1.00,2197.71
1762687484.0225606,1.50,2197.71
1762687485.024487,3.60,2197.94
1762687486.0255208,1.50,2197.94
1762687487.0274353,1.50,2197.94
1762687488.0364919,1.00,2197.94
1762687489.0387995,1.50,2197.94
1762687490.0412083,2.50,2197.94
1762687491.0464528,0.50,2197.93
1762687492.0517015,4.80,2197.93
1762687493.0535762,1.50,2197.93
1762687494.0679502,1.00,2197.93
1762687495.0784664,3.00,2197.93
1762687496.083698,11.50,2197.93
1762687497.0903091,6.20,2197.92
1762687498.0925834,1.00,2197.92
1762687499.0944917,1.00,2197.92
1762687500.0965538,0.50,2197.92
1762687501.1011317,1.00,2197.92
1762687502.1053634,3.50,2197.92
1762687503.1100864,1.00,2197.91
1762687504.1125932,1.50,2197.91
1762687505.1215177,1.50,2197.91
1762687506.1272397,1.00,2197.91
1762687507.1536894,1.50,2197.91
1762687508.1560977,1.50,2197.90
1762687509.161238,1.00,2197.90
1762687510.1778457,3.00,2197.90
1762687511.215386,10.30,2197.87
1762687512.2185733,2.50,2197.87
1762687513.2680516,1.00,2197.87
1762687514.270134,1.00,2197.86
1762687515.2722838,1.00,2197.86
1762687516.273546,1.00,2197.86
1762687517.275441,1.50,2197.86
1762687518.3200235,0.50,2197.86
1762687519.3237157,1.50,2197.86
1762687520.325553,3.00,2197.86
1762687521.327338,1.50,2197.86
1762687522.3302715,1.50,2197.86
1762687523.3356705,1.00,2197.86
1762687524.3382478,1.50,2197.86
1762687525.3402586,1.00,2197.86
1762687526.348823,1.50,2197.85
1762687527.3512526,1.00,2197.85
1762687528.353655,0.50,2197.85
1762687529.3556237,1.00,2197.85
1762687530.357679,0.00,2197.85
1762687531.4064023,1.40,2197.85
1762687532.4148526,3.10,2197.85
1762687533.416093,1.00,2197.85
1762687534.41721,1.00,2197.85
1762687535.505119,0.90,2197.85
1762687536.5103493,1.00,2197.85
1762687537.5171442,1.00,2197.85
1762687538.519556,3.10,2197.84
1762687539.5215685,0.50,2197.84
1762687540.5236228,1.00,2197.84
1762687541.5256581,2.00,2197.84
1762687542.5297663,0.50,2197.83
1762687543.5472145,2.00,2197.83
1762687544.5551915,1.50,2197.82
1762687545.557221,1.00,2197.82
1762687546.5594354,1.60,2197.82
1762687547.5653198,0.50,2197.82
1762687548.5699706,1.00,2197.82
1762687549.5718431,1.00,2197.82
1762687550.5797503,1.50,2197.82
1762687551.5821667,1.00,2197.82
1762687552.5842223,5.20,2197.82
1762687553.5866184,3.80,2197.80
1762687554.5992486,1.00,2197.80
1762687555.6012664,3.00,2197.80
1762687556.6060436,14.60,2197.78
1762687557.6455529,0.50,2197.78
1762687558.6526415,3.50,2197.78
1762687559.6546686,4.20,2197.78
1762687560.9458406,2.70,2197.78
1762687561.9476316,1.50,2197.78
1762687562.950044,2.00,2197.77
1762687563.9515343,5.30,2197.76
1762687564.9631083,2.20,2197.76
1762687565.9658008,2.50,2197.76
1762687566.9768503,6.30,2197.74
1762687568.028875,1.00,2197.74
1762687569.031299,2.00,2197.73
1762687570.0336418,4.10,2197.73
1762687571.0356245,4.10,2197.72
1762687572.0387936,1.60,2197.72
1762687573.041679,1.00,2197.72
1762687574.0460377,2.60,2197.72
1762687575.0507696,5.10,2197.70
1762687576.053049,0.50,2197.70
1762687577.055071,1.00,2197.70
1762687578.0573564,2.50,2197.70
1762687579.0602548,1.00,2197.70
1762687580.0625596,3.50,2197.70
1762687581.0645406,2.50,2197.70
1762687582.5133324,2.80,2197.68
1762687583.51675,2.00,2197.68
1762687584.5194688,0.50,2197.68
1762687585.6511405,3.60,2197.68
1762687586.6530898,1.00,2197.66
1762687587.6569784,1.00,2197.66
1762687588.6588657,2.00,2197.66
1762687589.6608825,0.50,2197.66
1762687590.6630356,1.00,2197.66
1762687591.665071,1.00,2197.66
1762687592.6670914,0.50,2197.66
1762687593.6699932,1.00,2197.66
1762687594.6776943,1.00,2197.66
1762687595.680096,1.00,2197.66
1762687596.682225,1.00,2197.66
1762687597.6843798,0.50,2197.66
1762687598.6870022,3.50,2197.66
1762687599.6913664,0.50,2197.64
1762687600.6936312,0.50,2197.64
1762687601.696384,0.50,2197.64
1762687602.69848,1.50,2197.64
1762687603.7002265,34.50,2227.54
1762687604.7025352,0.50,2227.52
1762687605.704668,1.50,2227.59
1762687606.7091272,2.50,2227.57
1762687607.7121336,1.00,2227.57
1762687608.7141535,1.50,2227.57
1762687609.716177,1.50,2227.57
1762687610.7177677,1.00,2227.57
1762687611.719828,0.50,2227.56
1762687612.7218618,2.50,2227.55
1762687613.7242947,1.00,2227.55
1762687614.7265673,2.00,2227.55
1762687615.7285035,0.50,2227.55
1762687616.7386901,10.40,2227.55
1762687617.7403827,1.00,2227.55
1762687618.7421832,0.50,2227.55
1762687619.7440786,1.00,2227.55
1762687620.746081,1.00,2227.55
1762687621.7480607,1.00,2227.55
1762687622.7502398,1.00,2227.54
1762687623.7556233,0.50,2227.54
1762687624.7582016,1.50,2227.54
1762687625.7605166,0.50,2227.54
1762687626.7658343,1.00,2226.66
1762687627.7681098,1.00,2226.61
1762687628.7702117,1.50,2226.61
1762687629.7726343,0.50,2226.61
1762687630.7748582,2.00,2226.60
1762687631.7766988,1.00,2226.60
1762687632.7785888,1.00,2226.41
1762687633.7805018,0.50,2226.34
1762687634.7823265,1.00,2226.34
1762687635.7881086,1.50,2226.34
1762687636.7898633,2.50,2226.09
1762687637.79258,0.50,2226.09
1762687638.7950206,1.00,2226.09
1762687639.7971308,1.50,2226.09
1762687640.7992024,3.00,2226.09
1762687641.8030038,1.00,2226.09
1762687642.8052588,1.00,2226.09
1762687643.8071964,0.50,2226.09
1762687644.8095093,1.00,2226.09
1762687645.811155,0.50,2226.09
1762687646.8160834,0.50,2226.08
1762687647.8181334,1.00,2226.08
1762687648.8214965,0.50,2226.08
1762687649.823793,1.00,2226.08
1762687650.8280737,1.00,2226.08
1762687651.8321126,0.50,2226.07
1762687652.838295,1.00,2226.07
1762687653.8406987,0.50,2226.07
1762687654.8426852,1.50,2226.07
1762687655.8444,0.00,2226.07
1762687656.847223,1.50,2226.06
1762687657.849456,1.00,2226.06
1762687658.851366,1.00,2226.06
1762687659.8550696,1.50,2226.06
1762687660.8567052,0.50,2226.06
1762687661.860132,2.00,2226.05
1762687662.8621578,1.00,2226.05
1762687663.8641195,0.50,2226.05
1762687664.8665054,1.00,2226.05
1762687665.8685982,4.00,2226.29
1762687666.8705032,0.50,2226.27
1762687667.875667,1.00,2226.27
1762687668.8784432,1.00,2226.27
1762687669.8804355,1.00,2226.27
1762687670.8834035,1.00,2226.27
1762687671.8879926,1.00,2226.26
1762687672.8899953,1.00,2226.26
1762687673.8924487,2.00,2226.26
1762687674.8961308,2.00,2226.26
1762687675.902025,3.00,2226.26
1762687676.9108434,19.90,2226.26
1762687677.9131243,2.00,2226.25
1762687678.9163604,1.00,2226.25
1762687679.9910595,2.30,2226.24
1762687681.0687115,4.80,2226.24
1762687682.0719795,1.50,2226.24
1762687683.0744956,2.00,2225.75
1762687684.076691,4.50,2225.73
1762687685.1024559,2.00,2225.73
1762687686.1894433,1.40,2225.72
1762687687.19368,4.00,2225.72
1762687688.1999571,1.50,2225.71
1762687689.2122176,1.50,2225.71
1762687690.234854,3.00,2225.71
1762687691.238739,3.60,2225.69
1762687692.2420754,1.70,2225.69
1762687693.2452426,3.00,2225.69
1762687694.2485693,2.50,2225.69
1762687695.3364475,3.30,2225.67
1762687696.3377433,0.50,2225.67
1762687697.3445606,2.50,2225.67
1762687698.3601062,1.00,2225.67
1762687699.3648238,1.50,2225.67
1762687700.3749654,3.50,2225.67
1762687701.3767514,1.00,2225.67
1762687702.380711,1.00,2225.67
1762687703.3852725,1.00,2225.67
1762687704.3872786,2.60,2225.41
1762687705.3925586,1.50,2225.41
1762687706.3965786,0.50,2225.41
1762687707.4038324,1.50,2225.41
1762687708.4078517,1.00,2225.41
1762687709.4148068,31.10,2200.71
1762687710.4182444,17.30,2200.82
1762687711.4204884,1.00,2200.82
1762687712.4223762,2.00,2200.82
1762687713.4244297,0.00,2200.82
1762687714.4263155,0.50,2200.82
1762687715.42875,2.50,2200.81
1762687716.43076,0.50,2200.81
1762687717.4325328,1.00,2200.81
1762687718.4343665,1.00,2200.81
1762687719.4362946,1.50,2200.81
1762687720.4384267,0.50,2200.81
1762687721.4402916,1.50,2200.81
1762687722.4421666,0.00,2200.81
1762687723.4443436,1.00,2200.81
1762687724.4462662,1.00,2200.81
1762687725.4482343,1.00,2200.81
1762687726.4503193,1.00,2200.80
1762687727.4522176,1.00,2200.80
1762687728.4538746,0.00,2200.80
1762687729.4558218,1.50,2200.80
1762687730.458672,1.00,2200.80
1762687731.4606428,0.50,2200.80
1762687732.4655328,2.00,2200.79
1762687733.4676476,1.00,2200.79
1762687734.4694664,0.50,2200.79
1762687735.471885,1.50,2200.79
1762687736.4737556,8.50,2200.79
1762687737.4766862,1.00,2200.79
1762687738.4805586,1.00,2200.78
1762687739.4832535,1.00,2200.78
1762687740.486443,1.50,2198.70
1762687741.4883614,1.00,2198.62
1762687742.4907687,1.50,2198.62
1762687743.493235,1.00,2198.60
1762687744.4954767,1.00,2198.60
1762687745.4976566,1.00,2198.60
1762687746.499532,0.50,2198.60
1762687747.5023866,0.50,2198.60
1762687748.505262,0.50,2198.60
1762687749.5072873,2.50,2198.60
1762687750.5102367,0.50,2198.60
1762687751.5125854,1.50,2198.60
1762687752.5152364,1.00,2198.60
1762687753.517349,0.50,2198.60
1762687754.5192783,1.00,2198.60
1762687755.5215786,0.00,2198.60
1762687756.5236654,1.00,2198.60
1762687757.5262012,1.00,2198.60
1762687758.5278583,1.00,2198.60
1762687759.5297506,1.00,2198.60
1762687760.531765,2.50,2198.60
1762687761.5335658,0.50,2198.59
1762687762.5354528,1.50,2198.59
1762687763.537237,0.50,2198.59
1762687764.5395865,1.00,2198.59
1762687765.5428674,1.00,2198.59
1762687766.5450823,0.50,2198.59
1762687767.5470974,1.00,2198.59
1762687768.5488663,1.00,2198.59
1762687769.5523746,0.00,2198.59
1762687770.5541883,0.00,2198.59
1762687771.5565152,1.00,2198.59
1762687772.5577223,1.00,2198.59
1762687773.561087,0.50,2198.59
1762687774.5648768,1.00,2198.59
1762687775.5668423,0.00,2198.59
1762687776.569033,1.00,2198.59
1762687777.571034,1.00,2198.58
1762687778.5738654,1.00,2198.58
1762687779.5757277,0.50,2198.58
1762687780.578205,2.00,2198.58
1762687781.5806165,0.50,2198.58
1762687782.5826728,2.00,2198.57
1762687783.5854678,1.00,2198.57
1762687784.5873365,0.00,2198.57
1762687785.5896366,1.00,2198.57
1762687786.5940297,0.50,2198.57
1762687787.5958595,0.50,2198.57
1762687788.5980926,0.50,2198.57
1762687789.6004066,0.00,2198.56
1762687790.6053717,1.00,2198.56
1762687791.6098857,0.00,2198.56
1762687792.6125271,2.00,2198.56
1762687793.6146731,0.50,2198.56
1762687794.6165266,1.00,2198.56
1762687795.6205037,1.00,2198.55
1762687796.6225035,11.00,2198.55
1762687797.6242058,1.00,2198.55
1762687798.6261961,0.50,2198.55
1762687799.6297174,1.00,2198.55
1762687800.6323628,1.00,2198.55
1762687801.635845,2.00,2191.31
1762687802.6385567,1.00,2191.55
1762687803.640228,1.00,2192.05
1762687804.6421723,2.50,2192.28
1762687805.6442995,0.50,2192.28
1762687806.6462975,2.00,2192.28
1762687807.6483362,1.50,2192.26
1762687808.6503508,2.00,2192.50
1762687809.6527832,0.50,2192.50
1762687810.6561966,1.50,2192.50
1762687811.6601484,5.50,2193.17
1762687812.662814,1.50,2193.17
1762687813.6647167,0.50,2193.16
1762687814.6671352,1.00,2193.16
1762687815.6692066,0.50,2193.16
1762687816.6721811,0.50,2193.16
1762687817.674313,1.00,2193.16
1762687818.6767008,0.50,2193.16
1762687819.6786644,3.50,2193.14
1762687820.6803749,7.00,2193.14
1762687821.6822302,0.50,2193.14
1762687822.685323,1.00,2193.14
1762687823.68729,3.50,2193.37
1762687824.6890235,1.00,2193.37
1762687825.6911051,1.00,2193.61
1762687826.693233,1.00,2193.61
1762687827.6952968,0.00,2193.61
1762687828.6972177,1.00,2193.61
1762687829.698953,1.00,2193.61
1762687830.7014892,1.00,2193.61
1762687831.7036843,1.50,2193.61
1762687832.705463,0.50,2193.61
1762687833.7072573,1.00,2193.61
1762687834.710029,1.00,2193.61
1762687835.7135003,0.50,2193.61
1762687836.7161841,1.00,2193.61
1762687837.719636,0.50,2193.60
1762687838.7214773,1.00,2193.60
1762687839.723411,0.50,2193.60
1762687840.7253637,1.00,2193.60
1762687841.7272167,0.50,2193.60
1762687842.7284117,1.00,2193.60
1762687843.7331018,1.00,2193.59
1762687844.735383,1.00,2193.59
1762687845.737293,0.50,2193.59
1762687846.7391608,1.00,2193.59
1762687847.741116,1.50,2193.59
1762687848.7448323,1.00,2193.59
1762687849.7468393,1.00,2193.59
1762687850.749792,1.00,2193.59
1762687851.7520907,1.00,2193.59
1762687852.7541444,2.00,2193.58
1762687853.7561505,7.10,2194.00
1762687854.7581475,37.40,2217.38
1762687855.7593927,74.10,2227.81
1762687856.7610378,73.30,2221.97
1762687857.7624257,86.60,2231.16
1762687858.7654178,75.40,2234.06
