timestamp,cpu_percent,mem_used_mb
1762687954.8164852,3.00,2237.80
1762687955.8195677,10.60,2237.80
1762687956.8215947,2.00,2237.80
1762687957.8237495,5.60,2230.00
1762687958.8262112,1.00,2229.91
1762687959.828414,1.50,2229.91
1762687960.8303664,1.00,2229.91
1762687961.8322573,1.50,2229.91
1762687962.8342502,2.00,2229.91
1762687963.8364627,2.00,2229.91
1762687964.8385227,2.50,2229.90
1762687965.840512,1.00,2229.90
1762687966.8432732,0.50,2229.90
1762687967.8451972,1.50,2229.90
1762687968.8471618,2.00,2230.39
1762687969.849122,2.00,2230.39
1762687970.851093,1.00,2230.38
1762687971.8555095,1.50,2230.38
1762687972.85772,3.00,2230.38
1762687973.8605404,3.60,2230.38
1762687974.8628075,3.00,2230.38
1762687975.8646986,2.00,2230.38
1762687976.8767455,2.00,2230.37
1762687977.880366,2.00,2230.37
1762687978.8822632,0.50,2230.37
1762687979.8863223,1.00,2230.37
1762687980.8895838,15.60,2230.37
1762687981.8985686,1.00,2230.37
1762687982.9006503,10.60,2231.13
1762687983.9031348,1.00,2231.13
1762687984.905739,3.60,2231.13
1762687985.9078135,1.50,2231.13
1762687986.913032,57.70,2248.97
1762687987.9160984,21.60,2252.72
1762687988.9182076,5.30,2240.23
1762687989.9204628,6.70,2240.52
1762687990.923462,11.40,2240.05
1762687991.9257526,9.50,2238.22
1762687992.928365,14.50,2238.51
1762687993.9332302,47.50,2239.86
1762687994.9366581,19.60,2239.71
1762687995.9402995,48.90,2239.58
1762687996.9422553,57.40,2243.47
1762687997.9466543,75.50,2246.43
1762687998.9485755,88.40,2254.36
1762687999.9495232,84.10,2251.85
1762688000.9531775,78.10,2251.91
1762688001.954501,70.30,2268.40
1762688002.9564416,77.50,2262.51
1762688003.9594686,34.70,2266.26
1762688004.9624372,45.70,2265.40
1762688005.9644663,37.20,2259.73
1762688006.9676716,32.10,2260.78
1762688007.9717302,58.60,2262.52
1762688008.9740152,88.00,2267.25
1762688009.9778495,92.20,2271.17
1762688010.979979,80.20,2270.04
1762688011.9815037,43.90,2272.71
1762688012.983516,94.20,2301.00
1762688013.9905784,29.40,2284.44
1762688014.9928708,85.20,2288.68
1762688015.994842,52.10,2261.28
1762688016.9967227,20.70,2265.16
1762688017.9987342,27.70,2247.75
1762688019.000536,38.30,2252.85
1762688020.0013251,45.80,2253.50
1762688021.0033271,79.10,2256.79
1762688022.0051033,55.80,2250.86
1762688023.0078034,41.80,2252.51
1762688024.009819,65.80,2249.38
1762688025.011879,16.20,2249.38
1762688026.0208793,15.80,2249.62
1762688027.0234716,40.40,2259.42
1762688028.026116,75.70,2259.41
1762688029.0289934,59.70,2259.41
1762688030.030381,71.40,2260.69
1762688031.033688,86.70,2262.28
1762688032.0373,57.50,2262.89
1762688033.0417235,55.00,2263.85
1762688034.0436585,66.90,2263.84
1762688035.0455706,70.20,2264.21
1762688036.0521502,87.70,2286.54
1762688037.0572748,15.90,2286.71
1762688038.0610306,32.60,2286.78
1762688039.0631375,38.30,2287.27
1762688040.0702026,17.00,2287.19
1762688041.0723252,14.30,2287.47
1762688042.074044,25.60,2287.64
1762688043.0758352,18.40,2287.64
1762688044.0812323,3.00,2287.64
1762688045.0832005,12.80,2287.80
1762688046.0855935,9.70,2287.80
1762688047.087507,10.80,2287.78
1762688048.088835,27.50,2287.99
1762688049.0931852,41.10,2288.58
1762688050.0962474,76.80,2286.78
1762688051.099277,73.30,2286.39
1762688052.1143258,38.10,2286.62
1762688053.118129,53.60,2270.62
1762688054.1202352,75.70,2255.95
1762688055.1223557,73.50,2260.69
1762688056.1244514,49.20,2262.36
1762688057.126321,83.10,2262.79
1762688058.1279562,56.30,2269.27
1762688059.1296606,97.80,2321.07
1762688060.1356041,80.40,2307.17
1762688061.1387565,90.20,2311.20
1762688062.1414316,75.70,2311.20
1762688063.145349,98.90,2324.45
1762688064.1476796,32.00,2324.53
1762688065.1511276,56.00,2324.78
1762688066.152341,83.20,2326.61
1762688067.153735,43.40,2330.42
1762688068.1560411,25.60,2320.75
1762688069.1583223,11.70,2321.01
1762688070.160471,31.60,2320.62
1762688071.1687331,82.20,2317.54
1762688072.1706574,59.60,2317.12
1762688073.17252,74.30,2317.31
1762688074.1744654,85.80,2314.29
1762688075.1754215,74.10,2316.48
1762688076.18163,54.40,2316.60
1762688077.1834815,89.50,2302.89
1762688078.1872447,86.20,2302.55
1762688079.1885023,100.00,2305.24
1762688080.1931686,94.00,2311.03
1762688081.1956866,66.00,2311.19
1762688082.1975708,50.80,2311.21
1762688083.1997273,26.40,2311.20
1762688084.20175,34.60,2310.12
1762688085.204243,67.40,2306.97
1762688086.2054594,91.20,2291.25
1762688087.2066493,99.40,2325.65
1762688088.2074857,84.70,2292.04
1762688089.2096448,65.00,2292.23
1762688090.2127504,36.10,2288.30
1762688091.2157896,61.50,2280.89
1762688092.2194273,43.00,2278.00
1762688093.2214477,38.00,2278.16
1762688094.223202,93.30,2274.75
1762688095.22456,65.70,2279.73
1762688096.2265918,50.30,2266.74
1762688097.2324262,26.10,2267.44
1762688098.2344084,15.90,2268.30
1762688099.2357142,20.90,2268.88
1762688100.2399755,35.60,2266.46
1762688101.2415628,37.20,2266.69
1762688102.2436762,76.80,2270.73
1762688103.2462747,29.90,2270.96
1762688104.2496247,25.90,2270.96
1762688105.2523549,14.90,2270.96
1762688106.25422,14.70,2270.88
1762688107.256225,11.80,2271.05
1762688108.2582176,10.60,2271.45
1762688109.2603693,11.10,2270.83
1762688110.2653005,18.70,2271.62
1762688111.2664967,79.70,2260.37
1762688112.2684298,23.00,2260.32
1762688113.270123,23.60,2262.30
1762688114.272467,1.00,2262.30
1762688115.439594,1.40,2262.30
1762688116.4478676,2.00,2262.30
1762688117.4497545,1.50,2262.55
1762688118.4518478,2.50,2262.54
1762688119.5862484,0.90,2262.54
1762688120.6769576,3.00,2263.27
1762688121.6951408,15.10,2266.23
1762688122.6979907,5.20,2266.72
1762688123.6998024,6.50,2271.36
1762688124.70238,10.60,2264.05
1762688125.7050831,18.50,2264.45
1762688126.707992,14.80,2264.25
1762688127.71622,18.60,2263.61
1762688128.7303145,18.80,2264.55
1762688129.7790809,22.90,2261.56
1762688130.7873704,14.90,2259.43
1762688131.790851,17.80,2262.98
1762688132.7967954,34.30,2259.05
1762688133.7994912,13.70,2266.08
1762688134.801603,17.40,2264.39
1762688135.805443,17.60,2264.19
1762688136.8677917,17.50,2262.40
1762688137.870875,15.40,2266.36
1762688138.8737533,14.20,2265.75
1762688139.875817,16.60,2264.36
1762688140.8779693,17.90,2264.44
1762688141.8867178,20.30,2265.18
1762688142.889067,18.00,2265.26
1762688143.8941064,21.60,2259.13
1762688144.8964727,14.70,2259.47
1762688145.9418707,20.40,2261.15
1762688146.9442236,16.40,2266.48
1762688147.9462574,14.50,2266.71
1762688148.9492493,38.20,2242.85
1762688149.9567785,16.60,2248.26
1762688150.9608583,18.00,2244.13
1762688151.9632113,15.50,2233.37
1762688152.9654484,11.40,2233.37
1762688153.9692495,13.50,2233.61
1762688154.9841242,1.60,2233.61
1762688155.9954314,4.20,2233.61
1762688156.9996424,1.00,2233.61
1762688158.0015497,1.00,2233.61
1762688159.0048375,1.50,2233.60
1762688160.0077014,1.00,2233.59
1762688161.010255,1.00,2233.59
1762688162.015606,1.50,2233.59
1762688163.0165093,21.30,2234.58
1762688164.0176396,0.50,2234.58
1762688165.021243,4.60,2234.56
1762688166.0277243,1.00,2234.55
1762688167.0297318,2.60,2234.80
1762688168.0448234,5.30,2236.67
1762688169.0478828,0.50,2236.67
1762688170.0510807,3.10,2236.67
1762688171.0678113,1.00,2236.66
1762688172.0863976,1.00,2236.66
1762688173.0918605,1.00,2236.66
1762688174.0948231,1.50,2236.66
1762688175.1075118,2.00,2236.66
1762688176.1094573,1.00,2236.66
1762688177.114731,0.50,2236.66
1762688178.1172466,1.00,2236.66
1762688179.1246846,1.00,2236.66
1762688180.1273522,0.50,2236.66
1762688181.1313167,4.50,2236.66
1762688182.135594,2.50,2236.66
1762688183.1372192,2.00,2236.65
1762688184.1496568,1.50,2236.65
1762688185.3205092,1.00,2236.65
1762688186.322796,1.00,2236.65
1762688187.3267846,1.50,2236.65
1762688188.3606033,1.00,2236.64
1762688189.3907266,0.50,2236.64
1762688190.4603603,0.50,2236.64
1762688191.4768238,2.10,2236.64
1762688192.4912643,2.20,2236.64
1762688193.4977593,6.30,2236.89
1762688194.5006871,5.70,2236.86
1762688195.5076618,1.00,2236.86
1762688196.509745,0.50,2236.86
1762688197.5117126,2.00,2236.86
1762688198.5136917,0.50,2236.86
1762688199.5193517,2.50,2236.85
1762688200.5226846,1.50,2236.85
1762688201.5246322,1.00,2236.85
1762688202.5267105,0.50,2236.85
1762688203.529129,1.50,2236.85
1762688204.5427325,2.10,2236.85
1762688205.5458305,1.50,2236.84
1762688206.5477998,1.50,2236.84
1762688207.5551488,1.00,2236.84
1762688208.557586,0.00,2236.84
1762688209.5643413,9.70,2236.84
1762688210.5693755,4.10,2237.07
1762688211.5715966,1.00,2237.07
1762688212.5746305,1.50,2237.07
1762688213.5774012,3.60,2237.07
1762688214.5794053,4.50,2237.31
1762688215.5815744,9.50,2237.30
1762688216.584536,3.50,2237.30
1762688217.587146,1.00,2237.30
1762688218.60729,0.50,2237.30
1762688219.6102881,1.00,2237.30
1762688220.6131725,1.00,2237.30
1762688221.621681,1.00,2237.30
1762688222.6275828,1.00,2237.30
1762688223.6295495,16.60,2237.29
1762688224.6320162,1.00,2237.29
1762688225.6337602,1.00,2237.27
1762688226.6356797,1.50,2237.27
1762688227.6394467,1.50,2237.27
1762688228.6426961,1.50,2237.27
1762688229.6445775,0.50,2237.27
1762688230.6466336,2.00,2237.48
1762688231.6491606,0.50,2237.48
1762688232.651187,1.00,2237.48
1762688233.65418,0.50,2237.48
1762688234.6570992,1.00,2237.48
1762688235.6602905,0.50,2237.48
1762688236.6618626,1.00,2237.48
1762688237.6642396,0.50,2237.48
1762688238.6665843,0.50,2237.48
1762688239.6683152,1.00,2237.48
1762688240.6698318,1.50,2237.47
1762688241.6722026,1.00,2237.47
1762688242.675494,1.00,2237.47
1762688243.679855,3.50,2237.47
1762688244.682519,0.50,2237.47
1762688245.6846838,1.00,2237.47
1762688246.686852,1.00,2237.47
1762688247.688956,1.00,2237.47
1762688248.69071,0.50,2237.47
1762688249.6924603,0.50,2237.47
1762688250.6947045,0.00,2237.47
1762688251.6977067,1.00,2237.47
1762688252.70017,1.50,2237.46
1762688253.7022288,1.00,2237.46
1762688254.704175,1.50,2237.33
1762688255.7091496,12.20,2244.14
1762688256.7224383,9.80,2239.32
1762688257.724543,13.00,2246.83
1762688258.7415545,21.50,2246.73
1762688259.748878,19.30,2243.12
1762688260.7514355,23.30,2246.38
1762688261.7587142,17.00,2243.47
1762688262.762465,13.90,2247.50
1762688263.7847257,8.90,2245.77
1762688264.802455,10.30,2247.48
1762688265.8060768,13.80,2246.79
1762688266.8174553,14.10,2247.15
1762688267.823754,17.10,2246.54
1762688268.8260474,16.50,2246.89
1762688269.8328743,18.20,2243.59
1762688270.8416755,21.30,2236.09
1762688271.8487413,19.60,2246.29
1762688272.8515022,20.60,2246.30
1762688273.85748,19.50,2243.53
1762688274.8598478,17.90,2246.50
1762688275.8640919,31.60,2243.88
1762688276.8766396,18.10,2235.50
1762688277.889671,12.90,2246.61
1762688278.8934705,16.20,2249.29
1762688279.902276,22.90,2249.30
1762688280.906145,23.60,2249.24
1762688281.9081101,19.30,2249.30
1762688282.9103105,15.40,2247.11
1762688283.91507,12.30,2246.76
1762688284.9161031,19.60,2245.85
1762688285.9181256,21.40,2232.62
1762688286.9202669,1.50,2232.62
1762688287.9222443,1.50,2233.11
1762688288.9254231,0.50,2233.10
1762688289.9274132,1.00,2233.10
1762688290.9308476,2.50,2233.10
1762688291.9326832,1.00,2233.10
1762688292.9346757,1.00,2233.10
1762688293.937438,1.00,2233.09
1762688294.9401982,0.50,2233.09
1762688295.9425192,1.00,2233.09
1762688296.9445913,0.50,2233.09
1762688297.9468653,0.50,2233.09
1762688298.9487958,1.00,2233.09
1762688299.9542494,1.00,2233.09
1762688300.9565258,0.50,2233.09
1762688301.9584665,1.50,2233.09
1762688302.960714,2.50,2233.09
1762688303.9631042,1.00,2233.09
1762688304.965782,1.60,2233.08
1762688305.9683225,0.50,2233.08
1762688306.9706614,1.00,2233.08
1762688307.9726992,0.00,2233.08
1762688308.9797912,1.00,2233.08
1762688309.9824898,4.80,2233.32
1762688310.9847012,1.00,2233.32
1762688311.9868016,1.50,2233.32
1762688312.9892004,0.50,2233.32
1762688314.0208294,1.00,2233.57
1762688315.0235581,1.50,2233.57
1762688316.0278294,1.50,2233.56
1762688317.040498,1.50,2233.56
1762688318.0467334,1.00,2233.56
1762688319.076693,4.30,2233.56
1762688320.0892859,1.50,2233.55
1762688321.092084,0.50,2233.54
1762688322.095559,0.50,2233.54
1762688323.097478,1.00,2233.54
1762688324.099494,0.50,2233.54
1762688325.1019633,1.00,2233.54
1762688326.112293,2.00,2233.54
1762688327.1143367,0.00,2233.54
1762688328.11812,1.00,2233.54
1762688329.1504793,1.00,2233.54
1762688330.1527066,1.50,2233.54
1762688331.1548655,0.50,2233.54
1762688332.1573896,1.60,2233.53
1762688333.161491,2.50,2233.52
1762688334.1655467,1.00,2233.52
1762688335.1675167,0.50,2233.52
1762688336.1697812,1.00,2233.52
1762688337.1717176,2.50,2233.52
1762688338.1774848,1.50,2233.51
1762688339.193385,1.50,2233.51
1762688340.1954896,2.00,2233.51
1762688341.1974423,1.00,2233.51
1762688342.2332842,0.50,2233.51
1762688343.2371712,3.00,2233.50
1762688344.2556202,1.00,2233.50
1762688345.258169,10.10,2233.50
1762688346.260162,1.00,2233.50
1762688347.2724519,1.00,2233.50
1762688348.3666584,2.50,2233.49
1762688349.3718083,1.50,2233.49
1762688350.4511657,3.80,2233.49
1762688351.4548624,0.50,2233.49
1762688352.4592001,1.60,2233.49
1762688353.4673972,2.00,2233.48
1762688354.5261166,1.00,2233.48
1762688355.5657682,1.00,2233.48
1762688356.576203,1.50,2233.48
1762688357.5822725,1.00,2233.48
1762688358.5844328,1.00,2233.47
1762688359.598422,0.50,2233.47
1762688360.6032639,1.60,2233.47
1762688361.6094942,1.00,2233.47
1762688362.612245,1.00,2233.47
1762688363.6146798,4.60,2233.47
1762688364.619421,0.50,2233.46
1762688365.623149,1.00,2233.46
1762688366.640114,0.50,2233.46
1762688367.6423066,0.50,2233.46
1762688368.6443677,0.50,2233.46
1762688369.657683,1.50,2233.46
1762688370.7070117,1.40,2233.46
1762688371.7275174,1.00,2233.46
1762688372.7714636,1.90,2233.46
1762688373.7884305,1.00,2233.46
1762688374.8290033,1.50,2233.45
1762688375.9346628,1.60,2233.45
1762688376.9422584,1.00,2233.45
1762688377.9444833,0.50,2233.45
1762688378.9624026,0.50,2233.45
1762688379.986587,1.00,2233.45
1762688380.9938354,2.00,2233.45
1762688381.9961064,1.00,2233.45
1762688383.0130634,1.00,2233.45
1762688384.0532138,1.10,2233.45
1762688385.062687,3.10,2233.44
1762688386.0714076,1.50,2233.44
1762688387.073457,1.00,2233.44
1762688388.0796714,0.50,2233.44
1762688389.1877778,7.40,2236.02
1762688390.7399323,5.60,2244.28
1762688391.7797415,19.70,2244.90
1762688392.792845,9.00,2246.23
1762688393.8945656,10.90,2242.89
1762688394.935742,9.40,2236.32
1762688395.944216,12.20,2248.12
1762688396.9931056,14.90,2248.31
1762688397.9955206,11.90,2248.90
1762688399.004478,11.70,2241.18
1762688400.0054398,13.10,2247.03
1762688401.0074027,11.20,2247.92
1762688402.0095365,13.30,2246.79
1762688403.010884,13.20,2247.31
1762688404.0221279,14.00,2243.21
1762688405.1381269,15.40,2242.15
1762688406.5749116,14.30,2245.18
1762688407.751522,54.70,2237.96
1762688409.0761871,100.00,2241.10
1762688410.382024,58.20,2249.62
1762688411.5014722,100.00,2244.54
1762688413.3803258,96.00,2250.16
1762688414.6432667,16.70,2244.66
1762688415.6525998,67.90,2248.49
1762688416.6547334,48.40,2250.68
1762688417.7835574,14.70,2242.16
1762688418.8114266,14.10,2254.05
1762688419.8264506,15.10,2238.71
1762688420.8314197,7.60,2238.71
1762688421.835034,40.80,2239.13
1762688422.837233,20.30,2239.13
1762688423.8392503,4.50,2239.12
1762688424.841366,4.50,2239.12
1762688425.8428712,35.00,2231.24
1762688426.84507,25.50,2229.98
1762688427.8473592,1.00,2229.98
1762688428.8497603,0.50,2229.98
1762688429.8522127,5.60,2229.98
1762688430.854358,0.50,2229.98
1762688431.8563533,0.50,2229.98
1762688432.8591785,1.00,2229.97
1762688433.861659,1.00,2229.97
1762688434.865103,0.50,2229.97
1762688435.8674018,1.50,2229.97
1762688436.8693802,1.00,2229.97
1762688437.8732295,1.00,2229.96
1762688438.8756142,0.50,2229.96
1762688439.8776696,2.00,2229.96
1762688440.879508,1.00,2229.96
1762688441.8843906,3.00,2229.96
1762688442.8866546,0.50,2229.96
1762688443.888525,0.50,2229.95
1762688444.8906739,1.00,2229.95
1762688445.894137,0.50,2229.95
1762688446.8964732,1.00,2229.95
1762688447.9082947,1.00,2229.95
1762688448.9223037,1.50,2229.95
1762688449.9245248,0.50,2229.94
1762688450.9275513,2.00,2229.94
1762688451.9336164,0.50,2229.94
1762688452.9356441,2.50,2229.93
1762688453.9379928,1.00,2229.93
1762688454.9418066,0.50,2229.93
1762688455.9440382,0.50,2229.93
1762688456.9498732,3.00,2229.93
1762688457.9520135,1.00,2229.93
1762688458.9541078,1.00,2229.93
1762688459.9555502,1.00,2229.92
1762688460.9574947,1.00,2229.92
1762688461.9680183,1.00,2229.92
1762688462.9717805,7.00,2229.91
1762688463.9773724,1.50,2229.91
1762688464.9820125,1.00,2229.91
1762688465.9848325,1.50,2229.91
1762688466.9867582,1.50,2229.91
1762688467.9926977,5.10,2229.91
1762688468.995555,15.80,2229.82
1762688469.9976318,2.50,2229.82
1762688470.9996388,1.00,2229.81
1762688472.0034926,0.50,2229.81
1762688473.0046182,1.50,2229.81
1762688474.0059445,1.50,2229.81
1762688475.0138097,1.00,2229.81
1762688476.0164812,1.00,2229.80
1762688477.0364468,1.00,2229.80
1762688478.2186716,1.70,2229.80
1762688479.2269137,1.00,2229.80
1762688480.2466073,1.50,2229.80
1762688481.2532637,1.50,2229.80
1762688482.2797735,8.80,2229.88
1762688483.3544972,5.70,2229.88
1762688484.3832107,18.70,2229.88
1762688485.3853784,16.80,2229.88
1762688486.4153554,1.00,2229.88
1762688487.4592345,2.10,2229.87
1762688488.461303,0.50,2229.87
1762688489.4633114,8.00,2229.87
1762688490.5198133,11.40,2229.86
1762688491.5233622,0.00,2229.86
1762688492.528417,2.00,2229.85
1762688493.5315669,1.50,2229.84
1762688494.5385609,1.00,2229.84
1762688495.5401514,2.00,2229.84
1762688496.543184,1.00,2229.84
1762688497.5458605,1.00,2229.84
1762688498.54982,1.50,2228.90
1762688499.5530097,1.00,2228.90
1762688500.560441,1.00,2228.90
1762688501.5632396,2.60,2228.90
1762688502.5657198,1.50,2228.90
1762688503.5689876,1.00,2228.90
1762688504.5764806,2.50,2228.90
1762688505.5844567,0.50,2228.90
1762688506.5963416,1.50,2228.90
1762688507.619524,1.00,2228.90
1762688508.7505844,0.90,2228.90
1762688509.8966622,2.70,2228.89
1762688510.8983445,1.50,2228.89
1762688511.900338,1.00,2228.89
1762688512.9055805,1.50,2228.89
1762688513.9068754,1.00,2228.89
1762688514.9088738,0.50,2228.89
1762688515.9127076,1.50,2228.88
1762688516.937667,7.10,2228.88
1762688517.9421508,2.50,2228.88
1762688518.944367,1.00,2228.88
1762688519.9464247,1.50,2228.88
1762688520.9487534,1.00,2228.87
1762688521.9507215,4.10,2229.09
1762688522.9791498,8.70,2216.46
1762688523.981734,5.20,2209.31
1762688524.9841256,3.60,2212.43
1762688525.987458,8.50,2214.36
1762688526.989452,22.20,2211.25
1762688527.9970167,16.40,2214.04
1762688528.999094,41.60,2211.37
1762688530.0005748,14.80,2214.84
1762688531.0294716,15.40,2212.70
1762688532.0317323,13.30,2214.58
1762688533.036669,19.60,2214.96
1762688534.043752,19.30,2213.65
1762688535.0481522,15.70,2214.40
1762688536.0501943,16.50,2215.07
1762688537.0522735,14.40,2213.93
1762688538.054319,12.40,2214.62
1762688539.058632,14.40,2212.75
1762688540.0608768,19.20,2212.68
1762688541.0900428,20.80,2211.63
1762688542.0935369,19.80,2212.12
1762688543.0959797,18.70,2213.57
1762688544.098933,17.60,2212.33
1762688545.1045427,13.80,2214.83
1762688546.1055057,11.70,2214.76
1762688547.1077402,14.20,2213.28
1762688548.1099722,15.20,2215.03
1762688549.112242,13.40,2215.11
1762688550.114288,14.30,2215.21
1762688551.1165652,13.50,2214.80
1762688552.1192207,20.50,2214.96
1762688553.1216464,8.60,2197.52
1762688554.124479,2.00,2198.01
1762688555.1266267,1.50,2198.99
1762688556.1334565,1.00,2198.99
1762688557.1354253,1.50,2198.99
1762688558.1375554,1.50,2198.99
1762688559.139687,2.50,2198.98
1762688560.1438122,1.00,2198.98
1762688561.1501315,1.00,2198.98
1762688562.1533248,1.00,2198.98
1762688563.158094,1.00,2198.97
1762688564.1607196,1.00,2198.97
1762688565.163657,1.50,2198.97
1762688566.1659951,0.50,2198.97
1762688567.1681206,0.50,2198.97
1762688568.170093,1.00,2198.97
1762688569.172421,1.00,2198.96
1762688570.1743956,1.50,2198.96
1762688571.1763647,1.00,2198.96
1762688572.1785707,5.10,2199.21
1762688573.1962938,5.70,2199.68
1762688574.1992521,2.00,2199.68
1762688575.2025416,2.00,2199.68
1762688576.2048287,1.50,2199.68
1762688577.2285035,3.10,2199.68
1762688578.243557,1.50,2199.68
1762688579.2456436,1.00,2199.68
1762688580.2545805,2.00,2199.67
1762688581.2903626,1.00,2199.67
1762688582.3011801,2.10,2199.67
1762688583.4117274,1.90,2199.67
1762688584.420834,2.50,2199.66
1762688585.424149,1.00,2199.66
1762688586.4294827,1.50,2199.66
1762688587.435952,3.00,2199.66
1762688588.4398031,16.90,2199.66
1762688589.4421163,0.50,2199.66
1762688590.4441016,2.50,2199.66
1762688591.4508772,1.00,2199.65
1762688592.4531639,1.50,2199.65
1762688593.4551735,1.00,2199.65
1762688594.4575293,0.50,2199.65
1762688595.4798253,1.50,2199.65
1762688596.506424,1.50,2199.65
1762688597.5084646,0.00,2199.65
1762688598.5127268,2.50,2199.65
1762688599.518128,1.00,2199.65
1762688600.5365565,2.00,2199.64
1762688601.5398674,0.50,2199.64
1762688602.5424562,2.00,2199.64
1762688603.7591574,2.20,2199.61
1762688604.7681143,8.10,2199.61
1762688605.7701392,2.60,2199.61
1762688606.7725317,1.00,2199.61
1762688607.7745616,1.50,2199.61
1762688608.7774053,0.50,2199.61
1762688609.7796435,0.50,2199.61
1762688610.7815897,1.00,2199.61
1762688611.78343,1.00,2199.61
1762688612.7858505,1.00,2199.61
1762688613.7892208,1.00,2199.61
1762688614.7913773,1.00,2199.60
1762688615.7954242,1.00,2199.60
1762688616.7983613,1.50,2199.60
1762688617.8004127,1.00,2199.60
1762688618.802863,1.00,2199.60
1762688619.8056247,1.00,2199.60
1762688620.8076165,1.00,2199.60
1762688621.8110502,1.50,2199.60
1762688622.812857,0.50,2199.60
1762688623.8146172,1.00,2199.60
1762688624.8160942,0.50,2199.60
1762688625.8186073,1.50,2199.59
1762688626.8204813,0.00,2199.59
1762688627.8224964,0.50,2199.59
1762688628.8244665,1.00,2199.59
1762688629.8265028,0.50,2199.59
1762688630.8284519,1.50,2199.59
1762688631.8306262,0.50,2199.58
1762688632.8332424,1.00,2199.58
1762688633.8355558,1.50,2199.58
1762688634.8374543,0.00,2199.58
1762688635.8502011,1.50,2199.58
1762688636.8521824,2.00,2199.57
1762688637.8586318,3.20,2199.57
1762688638.9320698,0.90,2199.57
1762688639.9831123,1.60,2199.57
1762688641.0086317,6.70,2200.09
1762688642.0203407,49.50,2201.95
1762688643.0225506,42.60,2236.90
1762688644.024347,72.70,2240.92
1762688645.0286558,61.20,2232.07
1762688646.0312655,89.90,2236.47
1762688647.033976,78.90,2223.97
1762688648.0355008,86.30,2237.03
1762688649.040932,76.40,2243.58
1762688650.0455465,54.90,2244.07
1762688651.0486684,36.10,2244.03
1762688652.0506318,54.50,2244.02
1762688653.0526574,29.00,2245.95
1762688654.0550592,40.30,2246.24
1762688655.057525,8.50,2246.23
1762688656.0595176,14.40,2247.04
1762688657.0607212,20.90,2248.04
1762688658.0643911,16.70,2248.57
1762688659.0664167,52.30,2239.11
1762688660.0686343,62.00,2235.88
1762688661.0711436,45.00,2239.57
1762688662.086496,37.80,2236.36
1762688663.0957592,54.50,2240.32
1762688664.0981503,28.60,2239.91
1762688665.1027036,46.20,2235.27
1762688666.1053784,48.60,2240.84
1762688667.116255,45.10,2240.99
1762688668.1222908,39.00,2241.04
1762688669.1245332,30.90,2240.98
1762688670.1265,27.10,2241.20
1762688671.1324956,23.30,2241.40
1762688672.134657,30.20,2240.78
1762688673.1354904,37.80,2249.22
1762688674.1407106,74.90,2257.37
1762688675.1455762,47.30,2257.86
1762688676.1510983,29.00,2257.68
1762688677.153489,40.80,2244.66
1762688678.1690135,42.60,2243.40
1762688679.1742148,40.30,2241.10
1762688680.1756768,20.70,2240.59
1762688681.1771674,18.00,2240.74
1762688682.1792483,21.60,2240.85
1762688683.1812897,21.00,2240.77
1762688684.1833756,16.10,2240.63
1762688685.185486,17.30,2240.41
1762688686.1880894,11.60,2226.65
1762688687.1915941,8.10,2227.94
1762688688.198138,3.00,2228.18
1762688689.2038138,7.10,2221.52
1762688690.2071912,1.50,2221.52
1762688691.2091467,6.50,2184.32
1762688692.2121243,2.50,2184.32
1762688693.2141528,3.60,2184.31
1762688694.2164736,1.50,2184.31
1762688695.2199602,1.50,2184.31
1762688696.2949703,2.30,2184.31
1762688697.3121805,5.20,2184.31
1762688698.3143833,1.50,2184.31
1762688699.3164923,1.50,2184.31
1762688700.3195581,1.00,2184.31
1762688701.3229625,3.00,2184.31
1762688702.3251462,1.50,2184.31
1762688703.326866,2.50,2184.30
1762688704.3291423,3.00,2184.30
1762688705.3311188,1.00,2184.30
1762688706.3327603,1.00,2184.30
1762688707.3373265,1.50,2184.30
1762688708.341106,2.00,2184.29
1762688709.343012,10.50,2184.54
1762688710.3453863,1.50,2184.54
1762688711.3473303,1.00,2184.54
1762688712.3492503,1.00,2184.54
1762688713.3543596,1.00,2184.54
1762688714.3564477,9.50,2184.50
1762688715.358537,1.50,2184.50
1762688716.3605378,1.00,2184.50
1762688717.361534,1.00,2184.50
1762688718.3636649,1.50,2184.50
1762688719.3681765,2.00,2184.50
1762688720.3705518,1.50,2184.50
1762688721.372498,1.00,2184.50
1762688722.3744771,1.50,2184.49
1762688723.3765192,1.00,2184.49
1762688724.3786116,3.50,2184.49
1762688725.3807018,1.00,2184.49
1762688726.3842142,1.50,2184.49
1762688727.3861132,1.50,2184.49
1762688728.3911188,1.00,2184.49
1762688729.3936167,1.00,2184.48
1762688730.3984776,0.50,2184.48
1762688731.402673,0.00,2184.48
1762688732.405185,1.50,2184.48
1762688733.4071472,2.10,2184.48
1762688734.4092326,1.50,2184.48
1762688735.4122608,1.00,2184.48
1762688736.4147356,1.00,2184.48
1762688737.4232173,2.50,2184.47
1762688738.425089,1.00,2184.44
1762688739.4270818,1.00,2184.44
1762688740.428855,1.50,2184.44
1762688741.4308488,1.00,2184.44
1762688742.4337113,1.00,2184.44
1762688743.4356291,0.00,2184.43
1762688744.4374251,1.50,2184.43
1762688745.4393716,0.00,2184.43
1762688746.4413857,1.00,2184.43
1762688747.4433897,1.00,2184.43
1762688748.4455035,1.00,2184.43
1762688749.449436,1.00,2183.65
1762688750.4514813,1.50,2183.61
1762688751.4544008,1.00,2183.61
1762688752.456377,1.50,2183.61
1762688753.4585183,5.10,2183.60
1762688754.461077,4.00,2183.60
1762688755.463922,1.00,2183.60
1762688756.4675064,2.00,2183.60
1762688757.4703908,0.50,2183.60
1762688758.4727116,1.00,2183.60
1762688759.474875,1.00,2183.59
1762688760.4773328,1.50,2183.59
1762688761.4793646,1.00,2183.59
1762688762.484202,2.00,2183.59
1762688763.4855664,12.00,2183.58
1762688764.487276,1.50,2183.56
1762688765.4892876,1.00,2183.56
1762688766.4915824,1.50,2183.56
1762688767.518743,5.50,2183.80
1762688768.5207458,2.00,2183.79
1762688769.548001,24.30,2183.94
1762688770.554617,6.70,2183.94
1762688771.5716708,1.00,2183.94
1762688772.6021473,1.00,2183.94
1762688773.6054058,1.50,2183.94
1762688774.646587,2.00,2183.94
1762688775.7606294,2.50,2183.94
1762688776.83528,2.30,2183.94
1762688777.876103,1.50,2183.94
1762688779.0190911,2.10,2183.94
1762688780.0202217,4.70,2183.94
1762688781.025849,0.50,2183.93
1762688782.042383,2.00,2183.93
1762688783.051189,0.50,2183.93
1762688784.0580306,6.20,2183.93
1762688785.060124,1.00,2184.15
1762688786.0682168,1.00,2184.14
1762688787.0704222,2.00,2184.14
1762688788.0726492,1.50,2184.14
1762688789.0757265,0.00,2184.14
1762688790.084476,7.50,2185.62
1762688791.0865145,6.40,2188.59
1762688792.1359177,6.60,2194.32
1762688793.2039301,7.30,2193.11
1762688794.2058144,14.10,2194.46
1762688795.213877,13.80,2192.21
1762688796.2194278,17.00,2188.93
1762688797.221644,21.00,2193.17
1762688798.2355971,14.60,2195.04
1762688799.2384179,14.40,2192.55
1762688800.2675335,10.20,2195.60
1762688801.2722442,15.20,2195.43
1762688802.2741811,15.70,2192.53
1762688803.2761512,19.60,2193.16
1762688804.2807796,14.80,2193.50
1762688805.2903569,18.20,2196.03
1762688806.2947626,17.10,2195.91
1762688807.2996845,18.70,2196.22
1762688808.3016489,10.20,2196.19
1762688809.3037407,13.30,2194.26
1762688810.3064644,16.90,2192.96
1762688811.3113127,17.40,2195.12
1762688812.3174522,11.20,2188.23
1762688813.356593,18.10,2192.68
1762688814.359183,16.00,2192.97
1762688815.3657267,16.10,2194.72
1762688816.3685517,18.20,2192.25
1762688817.370384,17.40,2193.26
1762688818.3761666,15.10,2195.88
1762688819.3831437,11.40,2185.63
1762688820.3884957,14.00,2180.93
1762688821.3907104,0.50,2181.00
1762688822.3986814,2.50,2181.98
1762688823.4035542,2.60,2181.97
1762688824.4055529,2.00,2181.97
1762688825.407548,0.50,2181.96
1762688826.409437,1.00,2181.96
1762688827.4113739,1.50,2181.96
1762688828.4137404,0.50,2181.96
1762688829.4156678,15.00,2181.96
1762688830.4178402,2.50,2181.95
1762688831.4208632,1.00,2181.95
1762688832.427139,1.00,2181.95
1762688833.442123,0.00,2181.95
1762688834.4451668,1.00,2181.95
1762688835.447539,1.00,2181.95
1762688836.449359,0.50,2181.95
1762688837.4513898,1.50,2181.95
1762688838.4535127,0.50,2181.95
1762688839.4643826,1.00,2181.95
1762688840.4682388,1.50,2181.94
1762688841.4703147,0.50,2181.94
1762688842.4751613,1.50,2181.94
1762688843.4807382,1.00,2181.94
1762688844.4825861,1.00,2181.94
1762688845.4844983,1.50,2181.94
1762688846.5410905,3.90,2181.93
1762688847.5515556,2.00,2181.93
1762688848.5569448,1.00,2181.93
1762688849.5811753,0.00,2181.93
1762688850.5832312,1.50,2181.93
1762688851.586338,1.50,2181.93
1762688852.590209,1.50,2181.93
1762688853.5946445,1.00,2181.93
1762688854.5968397,1.00,2181.93
1762688855.5988545,1.00,2181.93
1762688856.6008327,0.50,2181.93
1762688857.605095,1.00,2181.93
1762688858.6073472,1.00,2181.92
1762688859.6127772,1.00,2181.92
1762688860.6151419,1.00,2181.92
1762688861.6174712,0.50,2181.92
1762688862.6211274,0.50,2181.92
1762688863.623122,1.50,2181.92
1762688864.6251605,0.50,2181.92
1762688865.6271372,1.00,2181.92
1762688866.6523514,2.00,2181.92
1762688867.6665277,2.10,2182.13
1762688868.6813211,0.50,2182.13
1762688869.7026205,2.00,2182.13
1762688870.7197967,1.50,2182.13
1762688871.72425,2.00,2182.13
1762688872.7264678,1.50,2182.13
1762688873.729464,2.00,2182.37
1762688874.7316325,1.00,2182.36
1762688875.7335422,0.50,2182.36
1762688876.7412765,1.50,2182.36
1762688877.74373,1.50,2182.36
1762688878.776388,1.50,2182.36
1762688879.7859693,1.00,2182.35
1762688880.7906835,2.00,2182.35
1762688881.7931478,1.50,2182.35
1762688882.7965367,0.50,2182.35
1762688883.7987697,1.00,2182.35
1762688884.8008583,1.50,2182.34
1762688885.803414,1.50,2182.34
1762688886.8086057,2.10,2182.34
1762688887.8114092,1.00,2182.34
1762688888.8160098,10.60,2182.34
1762688889.8185036,1.50,2182.34
1762688890.8283856,3.60,2182.34
1762688891.84947,1.00,2182.34
1762688892.8572123,1.00,2182.34
1762688893.85968,2.00,2182.33
1762688894.861705,1.50,2182.33
1762688895.8637307,1.00,2182.33
1762688896.872665,1.00,2182.33
1762688897.877814,1.50,2182.33
1762688898.8805194,1.00,2182.33
1762688899.8825212,1.50,2182.33
1762688900.8958259,2.10,2182.32
1762688902.0164378,2.00,2182.32
1762688903.0210454,1.00,2182.32
1762688904.0236485,1.00,2182.32
1762688905.0262613,1.00,2182.32
1762688906.0316985,3.50,2182.32
1762688907.0414312,1.00,2182.31
1762688908.0435302,1.00,2182.31
1762688909.050856,1.60,2182.31
1762688910.0745528,2.10,2182.31
1762688911.1053488,1.50,2182.31
1762688912.1762104,2.00,2182.31
1762688913.1792204,1.00,2182.31
1762688914.1826694,1.00,2182.31
1762688915.1846354,1.50,2182.31
1762688916.1865523,0.50,2182.31
1762688917.1932201,1.00,2182.31
1762688918.2037158,1.00,2182.30
1762688919.20786,1.00,2182.30
1762688920.2098486,2.00,2182.30
1762688921.2125673,2.50,2182.29
1762688922.2142897,1.00,2182.29
1762688923.2165325,6.70,2183.11
1762688924.2238662,14.50,2189.50
1762688925.225801,17.10,2195.80
1762688926.2281785,22.70,2195.37
1762688927.23347,17.50,2195.51
1762688928.235555,17.80,2195.22
1762688929.2374542,12.80,2195.49
1762688930.2394745,12.60,2195.86
1762688931.2407086,14.80,2195.88
1762688932.2420769,14.50,2195.66
1762688933.2438433,16.80,2195.18
1762688934.2456384,19.70,2194.83
1762688935.258256,20.70,2195.77
1762688936.260714,13.80,2194.05
1762688937.262886,14.80,2193.27
1762688938.2656898,14.40,2196.07
1762688939.2812471,11.00,2194.98
1762688940.283847,13.90,2194.46
1762688941.285781,11.60,2195.34
1762688942.2882314,12.80,2196.13
1762688943.2898092,12.20,2195.01
1762688944.2930272,17.80,2195.47
1762688945.3011873,16.90,2195.87
1762688946.3133495,20.80,2197.09
1762688947.3174477,16.90,2197.18
1762688948.3197556,19.70,2192.92
1762688949.3214645,36.30,2196.76
1762688950.32349,17.40,2196.94
1762688951.3254697,18.50,2197.04
1762688952.3652751,14.80,2191.02
1762688953.3717003,17.20,2183.12
1762688954.3808687,2.50,2183.17
1762688955.391162,2.00,2179.38
1762688956.395782,13.00,2180.36
1762688957.4208694,9.10,2180.69
1762688958.4230435,0.50,2180.69
1762688959.424859,1.00,2180.69
1762688960.433002,1.00,2180.69
1762688961.455155,5.60,2180.69
1762688962.457131,1.00,2180.69
1762688963.4593291,0.50,2180.69
1762688964.4686422,0.50,2180.68
1762688965.4705987,1.50,2180.68
1762688966.4724605,6.40,2180.68
1762688967.4871826,1.00,2180.68
1762688968.607236,1.40,2180.68
1762688969.6110394,0.50,2180.67
1762688970.6142592,1.50,2180.67
1762688971.616579,0.50,2180.67
1762688972.618827,1.00,2180.67
1762688973.6207893,2.50,2180.67
1762688974.6228213,1.50,2180.66
1762688975.6331003,1.50,2180.66
1762688976.6357288,3.00,2180.66
1762688977.6381478,1.00,2180.66
1762688978.6416333,1.50,2180.66
1762688979.6539986,0.50,2179.93
1762688980.6565197,1.50,2179.93
1762688981.6576812,1.00,2179.93
1762688982.6630445,2.00,2179.93
1762688983.6652324,0.50,2179.93
1762688984.6673713,1.00,2179.93
1762688985.6815386,1.50,2179.93
1762688986.683701,1.00,2179.93
1762688987.6867273,0.50,2179.92
1762688988.689113,1.00,2179.92
1762688989.7018368,26.80,2180.16
1762688990.7064602,12.60,2180.16
1762688991.7734878,11.70,2180.16
1762688992.8020895,7.80,2180.16
1762688993.8042026,13.70,2180.16
1762688994.8061965,10.80,2180.16
1762688995.8146052,10.30,2180.16
1762688996.817363,9.90,2180.15
1762688997.8254945,6.50,2180.15
1762688998.8324215,4.20,2180.15
1762688999.8344507,50.30,2162.67
1762689000.8365624,25.70,2168.41
1762689001.8385901,2.00,2168.33
1762689002.842687,1.50,2168.33
1762689003.8459554,0.50,2168.33
1762689004.8478434,0.50,2168.33
1762689005.8498333,1.50,2168.57
1762689006.854342,4.50,2168.57
1762689007.881236,3.10,2168.57
1762689008.8845735,2.00,2168.55
1762689009.8864908,1.00,2168.55
1762689010.8884702,2.00,2168.55
1762689011.8905122,17.70,2168.55
1762689012.8927746,2.10,2168.55
1762689013.8951752,1.00,2168.55
1762689014.89726,8.00,2168.80
1762689015.9001782,1.00,2168.77
1762689016.9098141,15.10,2168.77
1762689017.91538,5.10,2168.77
1762689018.9175885,2.00,2168.77
1762689019.9203367,0.50,2168.77
1762689020.9231322,1.50,2168.77
1762689021.927507,7.60,2168.77
1762689022.9374156,1.50,2168.76
1762689023.944757,1.00,2168.76
1762689024.9568603,1.50,2168.76
1762689025.9612772,2.00,2168.75
1762689026.9642293,6.10,2168.75
1762689027.9725888,1.00,2168.75
1762689028.989041,2.00,2168.75
1762689029.9943945,1.00,2168.75
1762689030.9967155,1.50,2168.75
1762689032.0079198,1.50,2168.75
1762689033.0354376,3.10,2168.75
1762689034.0417233,1.00,2168.74
1762689035.0446928,2.50,2168.74
1762689036.0464613,0.50,2168.74
1762689037.056438,2.50,2168.74
1762689038.058473,1.50,2168.74
1762689039.0637524,1.50,2168.73
1762689040.0660465,1.00,2168.73
1762689041.0678318,3.50,2168.73
1762689042.0702362,0.50,2168.73
1762689043.0723863,1.50,2168.73
1762689044.0746667,0.50,2168.73
1762689045.0783782,6.60,2168.95
1762689046.0827127,2.50,2168.95
1762689047.084753,1.00,2168.95
1762689048.1153812,1.50,2168.95
1762689049.1268473,0.50,2168.95
1762689050.1308079,2.00,2168.94
1762689051.138845,2.00,2168.94
1762689052.1415513,1.00,2168.94
1762689053.1434166,2.60,2168.94
1762689054.145598,3.60,2168.93
1762689055.1488576,4.00,2168.93
1762689056.1622443,2.00,2169.16
1762689057.1795473,9.50,2172.66
1762689058.1861148,5.40,2164.11
1762689059.2161717,3.50,2166.36
1762689060.2197464,9.20,2170.12
1762689061.2294846,11.50,2166.80
1762689062.2864513,11.70,2161.20
1762689063.293695,19.40,2167.96
1762689064.312624,20.50,2172.79
1762689065.3314703,15.40,2164.30
1762689066.5595632,9.50,2172.14
1762689067.572743,18.40,2170.32
1762689068.5825393,16.70,2172.58
1762689069.5966344,16.80,2174.09
1762689070.609292,22.40,2168.83
1762689071.6116974,15.50,2172.93
1762689072.6136458,16.80,2170.68
1762689073.6178732,10.90,2172.02
1762689074.620047,13.30,2173.52
1762689075.6224658,29.30,2172.73
1762689076.6236572,15.00,2173.16
1762689077.6256382,14.40,2173.23
1762689078.628305,15.00,2171.35
1762689079.6320055,14.80,2169.52
1762689080.635043,15.20,2172.52
1762689081.638571,16.70,2172.75
1762689082.6396992,15.30,2172.70
1762689083.6428258,14.80,2172.41
1762689084.645764,14.60,2172.96
1762689085.647635,14.60,2171.84
1762689086.650107,18.50,2158.00
1762689087.6520402,1.50,2160.32
1762689088.654376,1.00,2160.32
1762689089.6564567,1.50,2160.32
1762689090.6585038,0.50,2160.32
1762689091.660532,1.50,2160.32
1762689092.662571,1.50,2160.31
1762689093.6658041,1.50,2160.31
1762689094.6677625,1.00,2160.31
1762689095.6729636,0.00,2160.31
1762689096.6754117,1.00,2160.31
1762689097.6773489,2.00,2160.30
1762689098.6791751,0.50,2160.30
1762689099.6826491,0.00,2160.30
1762689100.6846344,1.00,2160.30
1762689101.686348,1.00,2160.30
1762689102.689618,1.50,2160.29
1762689103.6915157,1.00,2160.29
1762689104.6935947,1.00,2160.29
1762689105.6954484,1.00,2160.29
1762689106.698066,0.50,2160.29
1762689107.7026587,0.50,2160.29
1762689108.705469,1.00,2160.29
1762689109.7075992,0.00,2160.29
1762689110.7094414,1.00,2160.29
1762689111.7113237,1.50,2160.29
1762689112.7201624,2.00,2160.29
1762689113.722162,1.50,2160.28
1762689114.7252471,0.50,2160.28
1762689115.7284148,5.10,2160.28
1762689116.7318459,5.50,2161.02
1762689117.7338371,1.00,2161.02
1762689118.7360063,1.00,2161.02
1762689119.7378712,2.50,2161.01
1762689120.7398255,1.00,2161.01
1762689121.7435727,0.50,2161.01
1762689122.748302,1.00,2161.01
1762689123.7503128,1.00,2161.01
1762689124.751455,1.00,2161.00
1762689125.7535675,0.50,2161.00
1762689126.7558699,2.00,2161.00
1762689127.7580898,2.50,2160.98
1762689128.760525,2.00,2160.98
1762689129.764648,0.50,2160.98
1762689130.7695873,2.00,2160.97
1762689131.7716208,1.50,2160.97
1762689132.7748334,1.50,2160.97
1762689133.7767882,1.00,2160.97
1762689134.779224,1.00,2160.97
1762689135.7811723,15.00,2160.97
1762689136.7832315,1.00,2160.97
1762689137.785013,0.00,2160.97
1762689138.7865918,1.50,2160.97
1762689139.7886794,0.50,2160.97
1762689140.790779,1.00,2160.97
1762689141.7928336,1.00,2160.96
1762689142.7967515,1.00,2160.96
1762689143.7990963,1.00,2160.96
1762689144.8011754,1.50,2160.96
1762689145.8031216,2.50,2160.96
1762689146.8053071,5.80,2160.96
1762689147.8073683,1.00,2160.95
1762689148.8107762,1.00,2160.95
1762689149.814853,1.00,2160.95
1762689150.816751,1.00,2160.95
1762689151.8188148,1.00,2160.95
1762689152.8216548,1.00,2160.95
1762689153.8236353,1.00,2160.95
1762689154.8265119,1.00,2160.95
1762689155.8311286,1.50,2160.95
1762689156.8382437,1.50,2160.95
1762689157.8427007,2.00,2160.94
1762689158.8481822,0.00,2160.94
1762689159.8502681,1.50,2160.94
1762689160.8522844,1.00,2160.93
1762689161.8605576,1.00,2160.93
1762689162.8651721,3.00,2160.93
1762689163.8689654,0.50,2160.92
1762689164.8732572,2.00,2160.92
1762689165.8764553,0.50,2160.92
1762689166.879039,2.60,2160.92
1762689167.8808599,0.50,2160.92
1762689168.8830645,1.50,2160.92
1762689169.8858733,1.00,2160.91
1762689170.90483,1.00,2160.91
1762689171.908718,1.00,2160.91
1762689172.9107375,2.00,2160.91
1762689173.9281542,2.50,2160.91
1762689174.9302979,1.50,2160.89
1762689175.9381196,8.30,2160.87
1762689176.948516,7.60,2161.11
1762689177.95049,1.00,2161.11
1762689178.9524598,1.00,2161.11
1762689179.9535367,1.00,2161.10
1762689180.9553988,1.50,2161.10
1762689181.9575315,1.00,2161.10
1762689182.960268,0.50,2161.10
1762689183.9622886,2.50,2161.31
1762689184.9643688,1.00,2161.30
1762689185.9687004,1.00,2161.30
1762689186.9701982,3.00,2161.30
1762689187.9723177,1.00,2161.30
1762689188.9745631,1.50,2161.30
1762689189.9774842,9.60,2164.20
1762689190.9796157,7.90,2173.29
1762689191.9813998,11.60,2172.92
1762689192.9832842,15.80,2169.67
1762689193.9854276,14.90,2173.45
1762689194.9876993,18.20,2173.50
1762689196.0152242,35.40,2167.93
1762689197.0175786,18.20,2173.43
1762689198.0196893,15.00,2172.06
1762689199.0222359,11.80,2172.95
1762689200.027298,14.80,2173.47
1762689201.0296323,12.30,2172.98
1762689202.0315382,10.60,2173.21
1762689203.0334065,11.00,2172.89
1762689204.0438848,16.00,2170.25
1762689205.0462503,16.60,2173.44
1762689206.0506225,19.10,2173.33
1762689207.0527735,19.90,2172.46
1762689208.0576081,18.40,2173.23
1762689209.0595043,15.80,2172.05
1762689210.0614557,16.00,2167.46
1762689211.0632808,11.80,2173.32
1762689212.066536,12.20,2170.39
1762689213.068502,21.60,2173.41
1762689214.0767212,21.30,2171.36
1762689215.1124058,21.70,2172.51
1762689216.1194508,16.80,2170.13
1762689217.1212444,17.30,2170.05
1762689218.1232507,15.90,2173.66
1762689219.125866,16.10,2170.51
1762689220.1285963,16.90,2157.69
1762689221.1307502,1.50,2158.00
1762689222.132489,1.50,2158.98
1762689223.1343892,1.00,2158.98
1762689224.1364079,1.00,2158.98
1762689225.1536276,1.50,2158.98
1762689226.1577451,2.00,2158.97
1762689227.1608443,1.00,2158.97
1762689228.1627707,1.00,2158.97
1762689229.1652513,1.00,2158.97
1762689230.1707592,2.00,2158.97
1762689231.1728528,2.00,2158.97
1762689232.1748145,1.00,2158.96
1762689233.1770887,2.50,2158.96
1762689234.179304,46.90,2225.45
1762689235.1817985,12.70,2252.50
1762689236.1852615,1.00,2252.50
1762689237.1903825,4.00,2249.97
1762689238.1924613,1.00,2243.22
1762689239.2332613,2.00,2237.31
1762689240.2344666,1.00,2232.68
1762689241.2366598,0.50,2228.16
1762689242.239169,2.00,2225.57
1762689243.2413237,0.50,2225.57
1762689244.2434344,2.00,2225.57
1762689245.24552,1.00,2225.57
1762689246.2478447,1.50,2225.56
1762689247.2518377,1.00,2225.56
1762689248.2560189,1.00,2225.36
1762689249.2605238,1.50,2225.56
1762689250.2953076,3.50,2225.56
1762689251.2989228,1.00,2225.31
1762689252.303297,1.00,2225.30
1762689253.3065343,1.00,2225.55
1762689254.3095734,2.00,2225.55
1762689255.311047,11.90,2225.55
1762689256.3151698,10.40,2225.55
1762689257.3185909,0.50,2225.54
1762689258.320513,1.50,2225.54
1762689259.3247375,2.00,2225.54
1762689260.3355205,1.70,2225.54
1762689261.337653,1.00,2225.54
1762689262.3394916,1.00,2225.54
1762689263.3414817,1.50,2225.54
1762689264.3435466,1.50,2225.54
1762689265.3453252,1.00,2225.54
1762689266.3473155,1.00,2225.54
1762689267.35348,5.20,2225.53
1762689268.4617603,2.20,2225.53
1762689269.4688137,0.60,2225.53
1762689270.4848304,2.10,2225.53
1762689271.4953308,0.50,2225.53
1762689272.5068188,2.00,2225.53
1762689273.5100827,1.60,2225.52
1762689274.5122173,1.00,2225.52
1762689275.514164,0.50,2225.52
1762689276.5161219,1.50,2225.52
1762689277.5186458,1.50,2225.52
1762689278.5319552,1.10,2225.52
1762689279.5432203,2.70,2225.52
1762689280.546106,1.60,2225.52
1762689281.5520108,1.00,2225.52
1762689282.5545611,2.50,2225.51
1762689283.5564542,1.00,2225.51
1762689284.5593255,1.00,2225.50
1762689285.5613844,2.00,2225.50
1762689286.5707874,2.60,2225.50
1762689287.5872247,3.60,2225.50
1762689288.589351,2.60,2225.73
1762689289.5918646,1.00,2225.73
1762689290.5941772,1.50,2225.73
1762689291.5995007,2.60,2225.73
1762689292.6033902,1.00,2225.72
1762689293.6057367,2.50,2225.71
1762689294.6063178,1.00,2225.71
1762689295.6081161,1.50,2225.71
1762689296.6192663,6.60,2225.71
1762689297.621654,6.90,2225.94
1762689298.6237643,2.50,2225.94
1762689299.625883,1.60,2225.94
1762689300.6340137,2.10,2225.94
1762689301.636238,1.00,2225.93
1762689302.6383412,1.00,2225.93
1762689303.6405976,2.00,2225.93
1762689304.6421118,2.00,2225.93
1762689305.6454897,1.10,2225.93
1762689306.6475148,1.50,2225.67
1762689307.6724494,1.00,2225.67
1762689308.6757267,1.00,2225.67
1762689309.6778176,2.00,2225.67
1762689310.6803849,3.60,2225.67
1762689311.6824217,1.50,2225.67
1762689312.6850905,1.00,2225.66
1762689313.68708,1.50,2225.66
1762689314.6905127,19.10,2225.66
1762689315.875869,20.10,2225.63
1762689316.9223897,11.70,2225.62
1762689317.937858,2.10,2225.62
1762689318.9417353,1.00,2225.62
1762689319.9543726,3.70,2225.62
1762689320.9945006,1.90,2225.62
1762689322.0362313,1.50,2225.62
1762689323.0577352,9.00,2210.84
1762689324.1236186,18.50,2187.74
1762689325.1515098,25.20,2174.14
1762689326.1538742,2.60,2174.14
1762689327.165583,7.50,2174.39
1762689328.168532,1.50,2175.13
1762689329.1711972,0.50,2175.13
1762689330.1762502,2.60,2175.13
1762689331.1834388,1.50,2175.12
1762689332.1975439,2.00,2175.12
1762689333.2024868,1.00,2175.12
1762689334.204543,1.50,2175.12
1762689335.2067065,0.50,2175.12
1762689336.2088768,1.00,2175.12
1762689337.281176,1.90,2175.11
1762689338.2832448,1.50,2175.11
1762689339.2853973,1.50,2175.11
1762689340.2982004,1.00,2175.11
1762689341.30553,1.50,2175.11
1762689342.331758,2.50,2175.11
1762689343.338279,0.50,2175.11
1762689344.3426797,1.00,2175.11
1762689345.3451266,1.00,2175.11
1762689346.3974867,3.50,2175.12
1762689347.3994532,0.50,2175.12
1762689348.424205,1.50,2175.12
1762689349.43229,2.00,2175.12
1762689350.4439416,2.00,2175.12
1762689351.4889529,1.50,2175.12
1762689352.498151,2.50,2175.12
1762689353.5111902,0.50,2175.12
1762689354.720268,0.90,2175.12
1762689355.7782617,2.10,2175.12
1762689357.0198712,3.40,2175.12
1762689358.0310094,1.50,2175.12
1762689359.3372223,1.20,2175.12
1762689360.3444335,3.70,2175.12
1762689361.3464603,1.00,2175.11
1762689362.3505235,2.00,2175.11
1762689363.362416,17.80,2175.57
1762689364.3770487,47.40,2176.16
1762689365.378468,25.10,2199.54
1762689366.3862188,66.70,2200.46
1762689367.3926558,79.70,2194.88
1762689368.3981488,84.90,2189.66
1762689369.399416,81.60,2193.91
1762689370.4012828,80.90,2194.13
