timestamp,cpu_percent,mem_used_mb,mem_percent
1762407709.1623037,39.60,1290.20,33.40
1762407710.170628,85.10,1306.86,33.80
1762407711.1721811,100.00,1304.94,33.70
1762407712.1732588,100.00,1307.37,33.80
1762407713.1754436,100.00,1302.67,33.70
1762407714.176824,100.00,1277.03,33.00
1762407715.178569,100.00,1279.10,33.10
1762407716.1792738,100.00,1278.86,33.10
1762407717.19215,100.00,1277.22,33.00
1762407718.193416,100.00,1282.23,33.10
1762407719.194324,100.00,1278.82,33.10
1762407720.1952827,99.50,1276.37,33.00
1762407721.1967766,100.00,1278.50,33.00
1762407722.1989286,95.10,1278.36,33.00
1762407723.2075238,100.00,1276.16,33.00
1762407724.2091584,100.00,1276.37,33.00
1762407725.210514,100.00,1286.52,33.30
1762407726.2114606,100.00,1275.23,33.00
1762407727.212765,100.00,1277.75,33.00
1762407728.2152119,100.00,1280.24,33.10
1762407729.216386,100.00,1278.14,33.00
1762407730.2172115,100.00,1278.49,33.00
1762407731.2183864,100.00,1281.61,33.10
1762407732.2191436,100.00,1278.04,33.00
1762407733.2202928,100.00,1277.05,33.00
1762407734.2214098,100.00,1279.63,33.10
1762407735.22256,100.00,1277.46,33.00
1762407736.2232118,100.00,1277.67,33.00
1762407737.224454,100.00,1276.76,33.00
1762407738.2257514,100.00,1277.47,33.00
1762407739.2275188,100.00,1279.53,33.10
1762407740.2295692,80.30,1275.23,33.00
1762407741.2316332,0.50,1275.23,33.00
1762407742.2333739,1.50,1275.47,33.00
1762407743.235322,0.50,1275.47,33.00
1762407744.2371125,0.50,1275.47,33.00
1762407745.2392745,1.50,1275.46,33.00
1762407746.2412457,1.00,1275.46,33.00
1762407747.2433002,0.50,1275.46,33.00
1762407748.2454877,0.00,1275.46,33.00
1762407749.2473683,1.00,1275.46,33.00
1762407750.249068,1.00,1275.46,33.00
1762407751.2512622,0.50,1275.46,33.00
1762407752.2533462,0.50,1275.46,33.00
1762407753.25539,1.00,1275.46,33.00
1762407754.2573767,0.00,1275.46,33.00
1762407755.2593446,1.00,1275.45,33.00
1762407756.261334,1.00,1275.45,33.00
1762407757.2634532,0.50,1275.45,33.00
1762407758.265224,1.00,1275.45,33.00
1762407759.2667696,0.00,1275.45,33.00
1762407760.2685015,1.00,1275.45,33.00
1762407761.2701528,0.00,1275.45,33.00
1762407762.2721965,0.50,1275.45,33.00
1762407763.2740626,0.00,1275.44,33.00
1762407764.2764788,0.00,1275.44,33.00
1762407765.278174,0.50,1275.44,33.00
1762407766.2798057,0.00,1275.44,33.00
1762407767.281643,0.50,1275.44,33.00
1762407768.2832458,0.50,1275.43,33.00
1762407769.285311,0.00,1275.43,33.00
1762407770.2872362,1.00,1275.43,33.00
1762407771.289092,0.00,1275.43,33.00
1762407772.2911236,1.00,1275.43,33.00
1762407773.292825,0.00,1275.43,33.00
1762407774.2949736,0.00,1275.43,33.00
1762407775.2967875,1.00,1275.43,33.00
1762407776.298326,0.50,1275.43,33.00
1762407777.3001041,0.00,1275.43,33.00
1762407778.3024583,1.00,1275.43,33.00
1762407779.3042793,0.00,1275.43,33.00
1762407780.3062623,0.50,1275.43,33.00
1762407781.3084824,0.00,1275.43,33.00
1762407782.310316,0.50,1275.42,33.00
1762407783.3121865,0.00,1275.42,33.00
1762407784.3141072,0.00,1275.42,33.00
1762407785.3161492,0.00,1275.42,33.00
1762407786.3180106,1.00,1275.42,33.00
1762407787.319721,0.00,1275.42,33.00
1762407788.3215077,0.50,1275.40,33.00
1762407789.32326,0.00,1275.40,33.00
1762407790.3253071,0.50,1275.40,33.00
1762407791.3273938,1.00,1275.40,33.00
1762407792.329123,0.00,1275.40,33.00
1762407793.3311157,0.00,1275.40,33.00
1762407794.3332877,0.50,1275.39,33.00
1762407795.3353598,0.50,1275.39,33.00
1762407796.3372433,0.50,1275.39,33.00
1762407797.3401961,0.00,1275.39,33.00
1762407798.34149,0.50,1275.39,33.00
1762407799.343421,0.50,1275.38,33.00
1762407800.3451073,0.50,1275.63,33.00
1762407801.3475318,0.00,1275.63,33.00
1762407802.349307,0.50,1275.63,33.00
1762407803.3513572,1.00,1275.63,33.00
1762407804.3533697,0.00,1275.63,33.00
1762407805.3551977,0.50,1275.63,33.00
1762407806.3573403,0.50,1275.62,33.00
1762407807.3590684,0.00,1275.62,33.00
1762407808.3607175,1.00,1275.62,33.00
1762407809.3627977,0.50,1275.62,33.00
1762407810.3653455,0.50,1275.62,33.00
1762407811.367512,1.00,1275.62,33.00
1762407812.369331,0.00,1275.62,33.00
1762407813.3716776,0.00,1275.62,33.00
1762407814.3734887,0.50,1275.62,33.00
1762407815.3754363,0.50,1275.61,33.00
1762407816.3772485,0.50,1275.61,33.00
1762407817.3791568,0.00,1275.61,33.00
1762407818.3808305,0.50,1275.60,33.00
1762407819.3826365,0.00,1275.60,33.00
1762407820.38434,1.00,1275.60,33.00
1762407821.386356,0.00,1275.60,33.00
1762407822.3883379,0.50,1275.60,33.00
1762407823.3902462,0.50,1275.60,33.00
1762407824.3923035,0.00,1275.60,33.00
1762407825.3943229,1.00,1275.59,33.00
1762407826.3964753,0.50,1275.59,33.00
1762407827.397508,0.50,1275.59,33.00
1762407828.3992822,0.50,1275.59,33.00
1762407829.401544,0.50,1275.59,33.00
1762407830.4034114,0.50,1275.59,33.00
1762407831.4055643,0.50,1275.59,33.00
1762407832.406832,0.00,1275.59,33.00
1762407833.4087715,0.00,1275.59,33.00
1762407834.4112847,0.50,1275.59,33.00
1762407835.4131517,0.00,1275.59,33.00
1762407836.4153702,2.50,1275.52,33.00
1762407837.4177883,0.50,1275.51,33.00
1762407838.4197507,0.50,1275.51,33.00
1762407839.4218345,0.00,1275.51,33.00
1762407840.4246569,1.00,1275.50,33.00
1762407841.42616,1.00,1276.14,33.00
1762407842.4291437,0.00,1276.08,33.00
1762407843.4316075,0.00,1276.08,33.00
1762407844.4322588,1.50,1277.58,33.00
1762407845.4335687,100.00,1275.93,33.00
1762407846.4375443,100.00,1277.00,33.00
1762407847.4405923,100.00,1275.73,33.00
1762407848.4412885,99.50,1276.80,33.00
1762407849.442229,100.00,1279.13,33.10
1762407850.4431312,100.00,1277.98,33.00
1762407851.444281,100.00,1274.73,33.00
1762407852.445398,100.00,1277.91,33.00
1762407853.4463108,100.00,1276.56,33.00
1762407854.447253,100.00,1277.85,33.00
1762407855.4482508,100.00,1273.83,32.90
1762407856.4492764,100.00,1274.77,33.00
1762407857.4503312,100.00,1279.29,33.10
1762407858.451669,100.00,1277.76,33.00
1762407859.4532523,100.00,1273.79,32.90
1762407860.454292,100.00,1277.77,33.00
1762407861.4554,100.00,1276.83,33.00
1762407862.4563735,100.00,1277.79,33.00
1762407863.4571888,100.00,1271.80,32.90
1762407864.4583485,99.50,1277.22,33.00
1762407865.4608817,100.00,1280.27,33.10
1762407866.4622877,100.00,1272.33,32.90
1762407867.4636452,100.00,1272.51,32.90
1762407868.4655075,100.00,1275.23,33.00
1762407869.4663937,100.00,1277.52,33.00
1762407870.4676056,100.00,1277.65,33.00
1762407871.4692733,100.00,1274.54,32.90
1762407872.4705498,100.00,1272.22,32.90
1762407873.4713025,100.00,1273.73,32.90
1762407874.4731638,97.50,1272.78,32.90
1762407875.47558,1.50,1272.77,32.90
1762407876.477294,2.00,1273.75,32.90
1762407877.4796338,1.00,1273.75,32.90
1762407878.4814377,0.50,1273.75,32.90
1762407879.48333,0.00,1273.75,32.90
1762407880.4849432,1.00,1273.74,32.90
1762407881.4865296,0.50,1273.74,32.90
1762407882.4882214,0.50,1273.74,32.90
1762407883.489718,0.50,1273.74,32.90
1762407884.491448,1.00,1273.74,32.90
1762407885.493379,1.00,1273.74,32.90
1762407886.4959004,0.50,1273.74,32.90
1762407887.4976778,1.00,1273.74,32.90
1762407888.4993095,0.50,1273.74,32.90
1762407889.500618,1.00,1273.73,32.90
1762407890.5025952,0.00,1273.73,32.90
1762407891.504834,1.00,1273.73,32.90
1762407892.5075052,0.50,1273.73,32.90
1762407893.509541,0.50,1273.73,32.90
1762407894.5115185,2.00,1272.05,32.90
1762407895.5136318,1.00,1272.05,32.90
1762407896.5158012,0.50,1272.30,32.90
1762407897.5173035,0.50,1272.30,32.90
1762407898.5189402,0.50,1272.30,32.90
1762407899.520614,0.00,1272.29,32.90
1762407900.5226495,1.00,1272.29,32.90
1762407901.5244834,1.00,1272.29,32.90
1762407902.5290885,0.00,1272.29,32.90
1762407903.5307178,1.50,1272.29,32.90
1762407904.532639,1.00,1270.97,32.90
1762407905.5350726,1.00,1270.97,32.90
1762407906.5372674,1.00,1270.97,32.90
1762407907.5393496,0.50,1270.96,32.90
1762407908.5410812,0.50,1270.96,32.90
1762407909.5436935,0.00,1270.96,32.90
1762407910.545295,0.50,1270.96,32.90
1762407911.5472696,1.00,1270.95,32.90
1762407912.5491722,0.50,1270.95,32.90
1762407913.5507512,1.00,1270.95,32.90
1762407914.5526042,0.00,1270.95,32.90
1762407915.5542924,1.00,1270.95,32.90
1762407916.556289,0.50,1270.95,32.90
1762407917.5586321,1.00,1270.95,32.90
1762407918.5614958,0.50,1270.95,32.90
1762407919.5633688,1.00,1270.94,32.90
1762407920.565591,0.00,1270.94,32.90
1762407921.5672421,0.50,1270.94,32.90
1762407922.5688775,0.50,1270.94,32.90
1762407923.5705872,0.50,1270.94,32.90
1762407924.572296,1.00,1270.93,32.90
1762407925.5745344,0.50,1270.93,32.90
1762407926.576466,0.50,1270.93,32.90
1762407927.5783598,0.00,1270.93,32.90
1762407928.5803394,1.00,1270.93,32.90
1762407929.5822272,0.50,1270.92,32.90
1762407930.5842123,0.50,1270.92,32.90
1762407931.5863183,0.00,1270.91,32.90
1762407932.5882666,1.00,1270.91,32.90
1762407933.5901403,0.00,1270.91,32.90
1762407934.5923557,0.50,1270.91,32.90
1762407935.5942369,0.50,1270.91,32.90
1762407936.5963256,0.50,1270.91,32.90
1762407937.598114,0.50,1270.91,32.90
1762407938.600551,0.50,1270.91,32.90
1762407939.6021085,0.00,1270.91,32.90
1762407940.603233,0.50,1270.90,32.90
1762407941.6052413,0.50,1270.90,32.90
1762407942.6070526,0.00,1270.90,32.90
1762407943.6087263,0.00,1270.90,32.90
1762407944.611059,0.50,1270.90,32.90
1762407945.6130261,0.00,1270.90,32.90
1762407946.614826,0.50,1270.90,32.90
1762407947.6165738,1.00,1270.90,32.90
1762407948.618298,0.50,1270.89,32.90
1762407949.6205702,0.00,1270.89,32.90
1762407950.6223161,1.00,1270.89,32.90
1762407951.6246364,0.00,1270.89,32.90
1762407952.6265357,0.50,1270.89,32.90
1762407953.6282752,0.00,1270.89,32.90
1762407954.6292589,0.50,1270.89,32.90
1762407955.6316595,0.50,1270.89,32.90
1762407956.6335073,0.50,1270.89,32.90
1762407957.635649,0.50,1270.89,32.90
1762407958.637613,0.00,1270.89,32.90
1762407959.6392891,0.50,1270.89,32.90
1762407960.6417472,0.50,1270.89,32.90
1762407961.644174,0.00,1270.89,32.90
1762407962.646297,0.00,1270.89,32.90
1762407963.6480265,0.50,1270.89,32.90
1762407964.6496322,0.00,1270.89,32.90
1762407965.6517756,1.00,1270.87,32.90
1762407966.6537745,0.50,1270.87,32.90
1762407967.6555119,0.50,1270.87,32.90
1762407968.6573043,0.50,1270.87,32.90
1762407969.6590607,0.00,1270.87,32.90
1762407970.6610703,0.50,1270.87,32.90
1762407971.6632268,0.50,1270.86,32.90
1762407972.6652334,1.00,1270.86,32.90
1762407973.6674404,0.00,1270.86,32.90
1762407974.669494,0.00,1270.86,32.90
1762407975.6713629,1.00,1270.86,32.90
1762407976.6742754,0.50,1270.85,32.90
1762407977.6764462,0.50,1270.85,32.90
1762407978.678301,0.50,1270.85,32.90
1762407979.680174,85.90,1271.21,32.90
1762407980.6821573,100.00,1266.74,32.70
1762407981.6835432,100.00,1270.24,32.80
1762407982.6842027,100.00,1271.48,32.90
1762407983.6853712,100.00,1265.73,32.70
1762407984.6870773,100.00,1265.96,32.70
1762407985.6881409,100.00,1268.77,32.80
1762407986.6893518,100.00,1265.58,32.70
1762407987.6907113,100.00,1266.52,32.70
1762407988.691956,100.00,1270.35,32.80
1762407989.6933594,100.00,1269.32,32.80
1762407990.6946592,100.00,1269.04,32.80
1762407991.6961424,100.00,1272.29,32.90
1762407992.6971307,100.00,1265.60,32.70
1762407993.6985621,100.00,1270.88,32.90
1762407994.6991527,100.00,1265.62,32.70
1762407995.7002797,100.00,1266.23,32.70
1762407996.7015288,100.00,1274.43,32.90
1762407997.7022882,100.00,1265.28,32.70
1762407998.7031722,100.00,1267.18,32.80
1762407999.704429,100.00,1268.93,32.80
1762408000.7056103,100.00,1266.03,32.70
1762408001.7068195,100.00,1271.12,32.90
1762408002.7085056,100.00,1268.19,32.80
1762408003.7099476,100.00,1272.80,32.90
1762408004.7112865,100.00,1265.60,32.70
1762408005.7122169,100.00,1268.89,32.80
1762408006.7133336,100.00,1268.79,32.80
1762408007.714502,100.00,1273.45,32.90
1762408008.7171385,99.00,1266.41,32.70
1762408009.718517,22.70,1269.56,32.80
1762408010.7203026,6.10,1269.62,32.80
1762408011.7222662,5.50,1269.62,32.80
1762408012.724292,4.00,1269.61,32.80
1762408013.725991,4.50,1269.61,32.80
1762408014.7271345,3.50,1269.61,32.80
1762408015.728877,3.00,1269.61,32.80
1762408016.7294817,3.00,1269.61,32.80
1762408017.730299,2.00,1269.61,32.80
1762408018.7311704,15.60,1275.45,33.00
1762408019.7330005,2.00,1274.05,32.90
1762408020.7352252,0.50,1274.05,32.90
1762408021.7374914,0.50,1274.05,32.90
1762408022.7391217,0.00,1274.05,32.90
1762408023.741046,0.00,1274.05,32.90
1762408024.743223,1.00,1274.05,32.90
1762408025.7457397,0.00,1274.05,32.90
1762408026.7476969,0.50,1274.05,32.90
1762408027.7495067,0.50,1274.05,32.90
1762408028.7511377,1.00,1274.05,32.90
1762408029.7531836,0.50,1274.05,32.90
1762408030.7553017,0.50,1274.04,32.90
1762408031.7570758,1.00,1274.04,32.90
1762408032.759035,0.50,1274.04,32.90
1762408033.7607589,0.50,1274.04,32.90
1762408034.7624846,0.50,1274.04,32.90
1762408035.7644339,0.00,1274.04,32.90
1762408036.7665923,0.50,1274.04,32.90
1762408037.7687144,1.00,1274.04,32.90
1762408038.7710435,0.00,1274.03,32.90
1762408039.7728126,0.00,1274.03,32.90
1762408040.7746737,0.50,1274.03,32.90
1762408041.7763767,0.50,1274.03,32.90
1762408042.778302,0.50,1274.03,32.90
1762408043.7802649,0.50,1274.02,32.90
1762408044.7820506,0.00,1274.02,32.90
1762408045.7841399,1.00,1274.02,32.90
1762408046.7863045,0.00,1274.02,32.90
1762408047.7884908,0.50,1274.02,32.90
1762408048.790301,1.00,1274.01,32.90
1762408049.7912462,1.00,1274.01,32.90
1762408050.7927601,0.00,1274.01,32.90
1762408051.7951403,0.50,1274.01,32.90
1762408052.7970738,1.00,1274.01,32.90
1762408053.7981942,0.00,1274.01,32.90
1762408054.8001103,0.50,1274.00,32.90
1762408055.800774,0.50,1274.00,32.90
1762408056.8031662,0.50,1274.00,32.90
1762408057.804959,0.50,1274.00,32.90
1762408058.8066378,0.50,1274.00,32.90
1762408059.8083644,0.50,1274.00,32.90
1762408060.8100736,1.00,1274.00,32.90
1762408061.8116755,0.50,1274.00,32.90
1762408062.8133166,0.00,1274.00,32.90
1762408063.8152387,0.50,1274.00,32.90
1762408064.8172612,0.50,1274.00,32.90
1762408065.8192172,0.50,1274.00,32.90
1762408066.8208294,0.00,1273.98,32.90
1762408067.8226159,1.00,1273.98,32.90
1762408068.824285,0.50,1273.98,32.90
1762408069.826131,0.50,1273.98,32.90
1762408070.8278308,0.00,1273.98,32.90
1762408071.8301384,0.00,1273.98,32.90
1762408072.8321276,0.50,1273.98,32.90
1762408073.8337443,0.00,1273.98,32.90
1762408074.8357334,0.50,1273.98,32.90
1762408075.8375204,0.50,1273.98,32.90
1762408076.8392982,1.00,1273.98,32.90
1762408077.8414235,0.50,1273.98,32.90
1762408078.8436985,0.50,1273.98,32.90
1762408079.8462486,0.50,1273.98,32.90
1762408080.8479953,0.50,1271.10,32.90
1762408081.849703,1.00,1271.10,32.90
1762408082.8514957,0.50,1271.10,32.90
1762408083.8534198,0.00,1271.10,32.90
1762408084.855237,0.00,1271.09,32.90
1762408085.8574317,1.00,1271.09,32.90
1762408086.8593383,0.50,1271.09,32.90
1762408087.8614254,0.00,1271.09,32.90
1762408088.8631492,0.50,1271.09,32.90
1762408089.8647523,0.00,1271.09,32.90
1762408090.867268,1.00,1271.09,32.90
1762408091.8692703,0.50,1271.08,32.90
1762408092.8711147,0.00,1271.08,32.90
1762408093.8730376,0.00,1271.08,32.90
1762408094.8747609,0.00,1271.08,32.90
1762408095.876573,0.50,1271.07,32.90
1762408096.878413,0.50,1271.07,32.90
1762408097.8803647,0.00,1271.06,32.90
1762408098.882026,0.50,1271.06,32.90
1762408099.8836968,0.50,1271.06,32.90
1762408100.8863764,0.50,1271.06,32.90
1762408101.8881602,0.50,1271.06,32.90
1762408102.8904877,0.00,1271.06,32.90
1762408103.8926256,0.50,1271.06,32.90
1762408104.894358,0.50,1271.05,32.90
1762408105.8964345,0.50,1271.05,32.90
1762408106.8983624,1.00,1271.05,32.90
1762408107.9004502,0.00,1271.05,32.90
1762408108.9023814,1.00,1271.05,32.90
1762408109.9042554,0.50,1271.05,32.90
1762408110.9062767,0.00,1271.05,32.90
1762408111.9087088,0.50,1271.04,32.90
1762408112.910625,0.50,1271.04,32.90
1762408113.911242,69.00,1256.53,32.50
1762408114.9123695,100.00,1258.11,32.50
1762408115.9148307,100.00,1260.36,32.60
1762408116.9171536,100.00,1257.19,32.50
1762408117.9184113,100.00,1261.53,32.60
1762408118.926374,100.00,1264.58,32.70
1762408119.9274113,100.00,1261.45,32.60
1762408120.9281805,100.00,1259.77,32.60
1762408121.9294217,100.00,1256.93,32.50
1762408122.9306297,100.00,1263.22,32.70
1762408123.935145,100.00,1257.51,32.50
1762408124.9380143,100.00,1256.89,32.50
1762408125.9393368,100.00,1259.36,32.60
1762408126.9432492,100.00,1263.69,32.70
1762408127.944157,100.00,1261.06,32.60
1762408128.9461644,100.00,1259.32,32.60
1762408129.9473853,100.00,1261.01,32.60
1762408130.9481697,100.00,1257.82,32.50
1762408131.9499214,100.00,1263.95,32.70
1762408132.9514306,100.00,1260.28,32.60
1762408133.9543498,100.00,1259.52,32.60
1762408134.955435,100.00,1264.83,32.70
1762408135.9575984,100.00,1259.83,32.60
1762408136.9581635,100.00,1259.34,32.60
1762408137.9604845,100.00,1265.29,32.70
1762408138.962337,100.00,1258.55,32.50
1762408139.9633539,100.00,1267.98,32.80
1762408140.9641504,100.00,1260.16,32.60
1762408141.9659197,100.00,1261.14,32.60
1762408142.9678283,100.00,1263.48,32.70
1762408143.970603,28.60,1258.65,32.50
1762408144.9722693,1.00,1258.65,32.50
1762408145.9741547,1.00,1258.88,32.50
1762408146.9762826,0.50,1258.88,32.50
1762408147.9781823,3.50,1258.88,32.50
1762408148.9816384,31.30,1262.26,32.60
1762408149.9839113,5.60,1262.49,32.60
1762408150.9855068,71.60,1288.42,33.30
1762408151.9862823,81.90,1322.20,34.20
1762408152.9882147,10.20,1322.20,34.20
1762408153.99007,1.50,1322.20,34.20
1762408154.991034,4.00,1322.20,34.20
1762408155.9930527,32.30,1324.61,34.20
1762408156.9952111,42.30,1343.04,34.70
1762408157.9972832,9.60,1343.04,34.70
1762408158.9991984,18.90,1343.25,34.70
1762408160.0005827,10.60,1343.44,34.70
1762408161.0023572,5.10,1343.37,34.70
1762408162.0043814,4.00,1343.35,34.70
1762408163.0062144,4.60,1343.35,34.70
1762408164.0081513,1.00,1343.35,34.70
1762408165.0104816,4.00,1343.35,34.70
1762408166.0124085,1.00,1343.32,34.70
1762408167.0144126,4.50,1343.32,34.70
1762408168.01598,11.50,1341.49,34.70
1762408169.0172064,63.80,1359.82,35.20
1762408170.0186992,23.90,1359.81,35.20
1762408171.0205436,35.70,1367.19,35.30
1762408172.022054,43.70,1367.19,35.30
1762408173.0232673,42.30,1367.19,35.30
1762408174.0254822,43.10,1367.19,35.30
1762408175.028876,45.70,1370.88,35.40
1762408176.0310366,21.40,1370.88,35.40
1762408177.033102,7.10,1371.07,35.40
1762408178.0347812,22.80,1371.07,35.40
1762408179.037372,16.80,1362.26,35.20
1762408180.0394373,1.50,1362.50,35.20
1762408181.041597,1.00,1362.74,35.20
1762408182.043654,2.00,1362.73,35.20
1762408183.0455441,0.50,1362.73,35.20
1762408184.0472074,1.00,1362.73,35.20
1762408185.048788,0.50,1362.73,35.20
1762408186.0512788,0.50,1362.73,35.20
1762408187.053443,1.00,1352.83,35.00
1762408188.0554996,1.00,1352.77,35.00
1762408189.0576365,0.50,1352.77,35.00
1762408190.059651,1.00,1352.77,35.00
1762408191.061828,0.50,1352.77,35.00
1762408192.0637538,1.00,1352.76,35.00
1762408193.0654564,0.50,1352.76,35.00
1762408194.0674727,1.50,1352.76,35.00
1762408195.070173,0.00,1352.76,35.00
1762408196.072552,1.00,1352.76,35.00
1762408197.0746865,1.00,1352.76,35.00
1762408198.0764792,1.00,1352.76,35.00
1762408199.0783234,0.50,1352.76,35.00
1762408200.0803864,1.00,1352.75,35.00
1762408201.0830548,0.50,1352.75,35.00
1762408202.0850842,0.50,1352.75,35.00
1762408203.0877004,0.50,1352.75,35.00
1762408204.0895562,0.50,1352.75,35.00
1762408205.092042,1.00,1352.75,35.00
1762408206.0941758,1.00,1352.75,35.00
1762408207.0962543,0.50,1352.75,35.00
1762408208.098306,0.50,1352.74,35.00
1762408209.1001825,0.50,1352.74,35.00
1762408210.1024065,0.50,1352.73,35.00
1762408211.1044955,1.50,1352.73,35.00
1762408212.106383,0.50,1352.73,35.00
1762408213.108438,0.50,1352.73,35.00
1762408214.1112335,1.00,1352.73,35.00
1762408215.1134112,0.00,1352.73,35.00
1762408216.1154287,1.00,1352.73,35.00
1762408217.117837,0.50,1352.73,35.00
1762408218.1198084,1.00,1352.73,35.00
1762408219.121764,0.00,1352.72,35.00
1762408220.1235483,1.50,1352.72,35.00
1762408221.1254034,0.00,1352.72,35.00
1762408222.1274097,1.50,1352.72,35.00
1762408223.1292858,0.00,1352.72,35.00
1762408224.1313078,1.00,1352.72,35.00
1762408225.1332605,0.50,1352.72,35.00
1762408226.135217,1.00,1352.72,35.00
1762408227.1369708,0.00,1352.72,35.00
1762408228.138715,0.00,1352.72,35.00
1762408229.1404805,0.50,1352.72,35.00
1762408230.1426117,0.50,1352.72,35.00
1762408231.144458,0.50,1352.70,35.00
1762408232.1473823,0.50,1352.70,35.00
1762408233.149224,0.50,1352.70,35.00
1762408234.151183,0.00,1352.70,35.00
1762408235.1529565,1.00,1352.70,35.00
1762408236.1546092,0.50,1352.70,35.00
1762408237.1563387,0.50,1352.70,35.00
1762408238.1582227,0.50,1352.70,35.00
1762408239.1604006,0.00,1352.70,35.00
1762408240.162652,1.00,1352.70,35.00
1762408241.1651073,0.00,1352.69,35.00
1762408242.1672843,0.50,1352.69,35.00
1762408243.1692555,0.50,1352.69,35.00
1762408244.171381,0.50,1352.69,35.00
1762408245.1735713,0.50,1352.68,35.00
1762408246.1763096,0.00,1352.68,35.00
1762408247.178505,1.00,1352.68,35.00
1762408248.180408,55.80,1344.47,34.80
1762408249.1833148,100.00,1344.98,34.80
1762408250.1853716,100.00,1345.26,34.80
1762408251.1892078,99.50,1348.70,34.90
1762408252.1963024,100.00,1351.67,34.90
1762408253.198396,100.00,1346.81,34.80
1762408254.2023122,100.00,1345.15,34.80
1762408255.2063353,100.00,1344.99,34.80
1762408256.209226,100.00,1345.63,34.80
1762408257.2125616,100.00,1341.80,34.70
1762408258.2154813,100.00,1344.09,34.70
1762408259.218672,100.00,1346.17,34.80
1762408260.2205596,100.00,1344.40,34.80
1762408261.2224212,100.00,1343.92,34.70
1762408262.2245445,100.00,1344.15,34.70
1762408263.2263393,100.00,1348.54,34.90
1762408264.230154,100.00,1352.01,34.90
1762408265.2313044,100.00,1343.55,34.70
1762408266.2342956,100.00,1346.43,34.80
1762408267.2363572,100.00,1346.12,34.80
1762408268.238268,100.00,1343.88,34.70
1762408269.2403562,100.00,1345.40,34.80
1762408270.2427747,100.00,1343.69,34.70
1762408271.244475,100.00,1343.81,34.70
1762408272.2462082,100.00,1347.23,34.80
1762408273.2502146,98.00,1345.99,34.80
1762408274.2534828,99.50,1344.14,34.70
1762408275.2551613,99.00,1346.21,34.80
1762408276.2593148,100.00,1345.02,34.80
1762408277.2605724,100.00,1345.20,34.80
1762408278.2634304,39.50,1343.73,34.70
1762408279.2653747,0.50,1343.73,34.70
1762408280.2670891,2.00,1344.46,34.80
1762408281.2691593,0.50,1344.46,34.80
1762408282.2711368,1.00,1344.46,34.80
1762408283.2744782,1.50,1344.46,34.80
1762408284.2764144,0.50,1344.46,34.80
1762408285.2786238,0.00,1344.46,34.80
1762408286.280995,0.50,1344.46,34.80
1762408287.2831748,0.50,1344.46,34.80
1762408288.285143,1.00,1344.46,34.80
1762408289.2871788,0.50,1344.46,34.80
1762408290.2900424,0.50,1344.46,34.80
1762408291.2920852,0.50,1344.46,34.80
1762408292.2937298,0.50,1344.46,34.80
1762408293.2956874,0.50,1344.44,34.80
1762408294.2982,0.50,1344.44,34.80
1762408295.3003912,1.00,1344.44,34.80
1762408296.3023958,1.00,1344.44,34.80
1762408297.304388,0.50,1344.44,34.80
1762408298.306636,0.50,1344.44,34.80
1762408299.3086267,1.00,1344.43,34.80
1762408300.3105245,0.50,1344.43,34.80
1762408301.312481,1.00,1344.43,34.80
1762408302.3146958,0.00,1344.43,34.80
1762408303.3167562,1.00,1344.43,34.80
1762408304.3191962,0.00,1344.43,34.80
1762408305.3214927,1.00,1344.43,34.80
1762408306.3232207,3.00,1344.67,34.80
1762408307.3253884,1.00,1344.66,34.80
1762408308.3272166,0.50,1344.66,34.80
1762408309.329278,0.50,1344.66,34.80
1762408310.331498,1.00,1344.66,34.80
1762408311.3341756,1.00,1344.66,34.80
1762408312.3363218,1.50,1344.66,34.80
1762408313.3383877,0.50,1344.66,34.80
1762408314.3403416,0.50,1344.66,34.80
1762408315.3423178,1.00,1344.66,34.80
1762408316.3440888,0.50,1344.66,34.80
1762408317.3463216,0.00,1344.64,34.80
1762408318.3485448,0.50,1344.64,34.80
1762408319.350269,0.50,1344.64,34.80
1762408320.3529074,1.00,1344.64,34.80
1762408321.3551881,0.50,1344.64,34.80
1762408322.3572915,0.50,1344.64,34.80
1762408323.3594987,0.50,1344.63,34.80
1762408324.3612487,1.00,1344.63,34.80
1762408325.363196,1.00,1344.63,34.80
1762408326.36538,0.50,1344.63,34.80
1762408327.3673744,0.50,1344.63,34.80
1762408328.3692458,1.00,1344.63,34.80
1762408329.3714423,0.00,1344.62,34.80
1762408330.373594,0.50,1344.62,34.80
1762408331.375506,0.50,1344.62,34.80
1762408332.3774765,0.50,1344.62,34.80
1762408333.3798132,0.50,1344.62,34.80
1762408334.382099,0.00,1344.87,34.80
1762408335.3846986,0.50,1344.87,34.80
1762408336.3870044,0.50,1344.86,34.80
1762408337.3891878,0.50,1344.86,34.80
1762408338.3906782,0.50,1344.86,34.80
1762408339.3923628,1.00,1344.86,34.80
1762408340.394237,0.00,1344.86,34.80
1762408341.3963428,0.50,1344.86,34.80
1762408342.3984363,0.00,1344.85,34.80
1762408343.4005735,1.00,1344.85,34.80
1762408344.4032023,0.50,1344.85,34.80
1762408345.4055514,0.00,1344.85,34.80
1762408346.407711,0.00,1344.85,34.80
1762408347.4102423,1.00,1344.85,34.80
1762408348.4124327,0.00,1344.84,34.80
1762408349.4143336,0.50,1344.84,34.80
1762408350.41664,0.50,1344.84,34.80
1762408351.4185226,0.50,1344.84,34.80
1762408352.420434,0.50,1344.84,34.80
1762408353.422388,0.00,1344.84,34.80
1762408354.4241967,0.00,1344.83,34.80
1762408355.4261212,0.50,1344.83,34.80
1762408356.4283087,0.00,1344.83,34.80
1762408357.4307342,1.00,1344.82,34.80
1762408358.4332564,0.50,1344.82,34.80
1762408359.4354212,0.50,1344.82,34.80
1762408360.4372675,0.50,1344.82,34.80
1762408361.4395344,0.50,1344.82,34.80
1762408362.4414837,0.50,1344.82,34.80
1762408363.4433,0.50,1344.82,34.80
1762408364.445278,0.00,1344.82,34.80
1762408365.4474223,1.00,1344.82,34.80
1762408366.4506161,0.50,1344.82,34.80
1762408367.452811,0.00,1344.82,34.80
1762408368.454629,0.50,1344.81,34.80
1762408369.4564345,0.50,1344.81,34.80
1762408370.4585967,5.50,1345.29,34.80
1762408371.4630656,15.90,1345.51,34.80
1762408372.4663174,13.30,1345.72,34.80
1762408373.4681334,13.80,1345.95,34.80
1762408374.4702446,13.60,1345.94,34.80
1762408375.4721327,0.00,1345.94,34.80
1762408376.474424,1.00,1345.94,34.80
1762408377.4762306,0.00,1345.94,34.80
1762408378.4790778,1.00,1345.93,34.80
1762408379.4825523,0.00,1345.93,34.80
1762408380.4842505,1.00,1345.93,34.80
1762408381.4859931,0.50,1345.93,34.80
1762408382.4872167,47.00,1343.23,34.70
1762408383.4885705,100.00,1346.09,34.80
1762408384.4922802,100.00,1344.30,34.80
1762408385.4932163,100.00,1345.49,34.80
1762408386.4943347,100.00,1345.79,34.80
1762408387.4962966,100.00,1343.89,34.70
1762408388.499411,100.00,1346.68,34.80
1762408389.5042605,100.00,1348.90,34.90
1762408390.5051446,99.50,1346.93,34.80
1762408391.5077612,99.00,1346.97,34.80
1762408392.5114288,100.00,1345.45,34.80
1762408393.5160956,100.00,1349.38,34.90
1762408394.5207508,100.00,1343.77,34.70
1762408395.5231352,100.00,1343.84,34.70
1762408396.525253,100.00,1347.71,34.80
1762408397.528894,100.00,1350.44,34.90
1762408398.5319304,100.00,1347.71,34.80
1762408399.5390463,100.00,1344.69,34.80
1762408400.5414305,100.00,1344.13,34.70
1762408401.5441763,100.00,1347.80,34.80
1762408402.5451775,100.00,1349.59,34.90
1762408403.5471475,100.00,1344.05,34.70
1762408404.550458,100.00,1344.87,34.80
1762408405.5522618,100.00,1345.02,34.80
1762408406.555314,100.00,1348.89,34.90
1762408407.5572987,100.00,1346.01,34.80
1762408408.561397,100.00,1344.44,34.80
1762408409.5642834,100.00,1344.23,34.70
1762408410.5674052,100.00,1344.38,34.80
1762408411.5683215,100.00,1346.98,34.80
1762408412.5712004,48.20,1344.32,34.80
1762408413.5730746,1.00,1344.32,34.80
1762408414.5761585,1.00,1345.05,34.80
1762408415.5780857,1.00,1345.05,34.80
1762408416.5801105,1.00,1345.05,34.80
1762408417.5819879,0.00,1345.05,34.80
1762408418.5837142,0.50,1345.05,34.80
1762408419.5866754,0.50,1345.05,34.80
1762408420.5892138,1.00,1345.05,34.80
1762408421.5913692,0.00,1345.05,34.80
1762408422.5930333,1.00,1345.05,34.80
1762408423.5951738,0.50,1345.04,34.80
1762408424.597326,1.00,1345.04,34.80
1762408425.5993006,0.50,1345.04,34.80
1762408426.6014283,1.00,1345.03,34.80
1762408427.603407,0.50,1345.03,34.80
1762408428.6055088,0.50,1345.03,34.80
1762408429.6083817,1.00,1345.03,34.80
1762408430.6103966,1.00,1345.03,34.80
1762408431.6127532,0.50,1345.02,34.80
1762408432.6152592,0.50,1345.02,34.80
1762408433.6173599,0.50,1345.02,34.80
1762408434.6197615,1.00,1345.02,34.80
1762408435.6225007,0.00,1345.02,34.80
1762408436.6242988,1.00,1345.02,34.80
1762408437.6263783,0.50,1345.02,34.80
1762408438.6284726,1.00,1345.02,34.80
1762408439.631224,0.00,1345.02,34.80
1762408440.6335027,1.00,1345.02,34.80
1762408441.636173,0.00,1345.01,34.80
1762408442.63899,0.50,1345.01,34.80
1762408443.6414175,0.50,1345.01,34.80
1762408444.6433563,1.00,1345.01,34.80
1762408445.6452847,2.50,1346.62,34.80
1762408446.6469953,1.00,1346.62,34.80
1762408447.64866,0.50,1346.62,34.80
1762408448.6506908,1.00,1346.61,34.80
1762408449.6524649,1.00,1346.60,34.80
1762408450.654267,1.00,1346.60,34.80
1762408451.656129,0.50,1346.60,34.80
1762408452.658138,1.00,1346.60,34.80
1762408453.6602058,0.00,1346.60,34.80
1762408454.6617346,9.50,1346.83,34.80
1762408455.6635907,1.00,1346.82,34.80
1762408456.6655843,0.50,1346.82,34.80
1762408457.667534,0.50,1346.82,34.80
1762408458.6701806,1.00,1346.82,34.80
1762408459.6731896,1.00,1346.81,34.80
1762408460.6751463,0.50,1346.80,34.80
1762408461.6774395,0.50,1346.80,34.80
1762408462.6793737,1.00,1346.80,34.80
1762408463.6813447,0.00,1346.80,34.80
1762408464.6831608,0.50,1346.80,34.80
1762408465.6852777,1.00,1346.80,34.80
1762408466.6873753,0.00,1346.80,34.80
1762408467.6894512,0.00,1346.80,34.80
1762408468.691462,0.50,1346.80,34.80
1762408469.6934352,0.00,1346.79,34.80
1762408470.695431,1.00,1346.79,34.80
1762408471.6972196,0.00,1346.79,34.80
1762408472.6993206,0.00,1346.79,34.80
1762408473.7020903,0.50,1346.79,34.80
1762408474.705168,0.00,1346.79,34.80
1762408475.7074087,1.00,1346.79,34.80
1762408476.7092018,0.00,1346.79,34.80
1762408477.7114851,0.00,1346.78,34.80
1762408478.7134159,1.00,1346.78,34.80
1762408479.7151225,1.00,1346.78,34.80
1762408480.7172153,0.00,1346.78,34.80
1762408481.7194066,0.50,1346.78,34.80
1762408482.7211668,0.50,1346.77,34.80
1762408483.7230177,0.50,1346.77,34.80
1762408484.7245727,0.00,1346.77,34.80
1762408485.726329,0.50,1346.77,34.80
1762408486.7287345,0.00,1347.01,34.80
1762408487.7305787,1.00,1347.01,34.80
1762408488.7329717,0.00,1347.01,34.80
1762408489.7342024,1.00,1347.01,34.80
1762408490.7360728,0.50,1347.00,34.80
1762408491.7380571,0.00,1347.00,34.80
1762408492.7406323,1.00,1347.00,34.80
1762408493.7426813,0.00,1347.00,34.80
1762408494.7444673,0.50,1347.00,34.80
1762408495.7464736,0.00,1347.00,34.80
1762408496.7487152,0.50,1347.00,34.80
1762408497.7511864,0.50,1347.00,34.80
1762408498.7531195,1.00,1347.00,34.80
1762408499.7546914,0.00,1347.00,34.80
1762408500.7565086,0.50,1347.00,34.80
1762408501.7583761,0.50,1347.00,34.80
1762408502.7603447,0.50,1347.00,34.80
1762408503.76255,0.00,1347.00,34.80
1762408504.7650776,0.50,1347.00,34.80
1762408505.767223,1.00,1347.00,34.80
1762408506.7692652,0.50,1347.00,34.80
1762408507.7717257,0.00,1347.00,34.80
1762408508.7735896,0.50,1346.98,34.80
1762408509.7754297,0.50,1346.98,34.80
1762408510.7773285,0.50,1346.98,34.80
1762408511.7795565,0.50,1346.97,34.80
1762408512.7824254,0.00,1346.97,34.80
1762408513.7846909,1.00,1346.96,34.80
1762408514.786826,0.50,1346.96,34.80
1762408515.7887285,0.00,1346.96,34.80
1762408516.7903044,36.50,1346.90,34.80
1762408517.7942736,100.00,1353.71,35.00
1762408518.7983732,100.00,1347.30,34.80
1762408519.799649,100.00,1348.79,34.90
1762408520.8022647,100.00,1344.86,34.80
1762408521.8042424,100.00,1346.19,34.80
1762408522.8062968,100.00,1346.80,34.80
1762408523.8081539,100.00,1343.89,34.70
1762408524.811243,100.00,1343.84,34.70
1762408525.8135204,100.00,1346.65,34.80
1762408526.8143091,100.00,1346.99,34.80
1762408527.8171573,100.00,1347.21,34.80
1762408528.8192973,100.00,1347.30,34.80
1762408529.821259,100.00,1343.90,34.70
1762408530.8221793,100.00,1345.55,34.80
1762408531.8245332,100.00,1347.54,34.80
1762408532.8264198,100.00,1347.32,34.80
1762408533.829347,100.00,1346.97,34.80
1762408534.8303869,100.00,1349.64,34.90
1762408535.8326092,100.00,1349.11,34.90
1762408536.8354552,100.00,1343.75,34.70
1762408537.836613,100.00,1347.55,34.80
1762408538.8391635,100.00,1343.96,34.70
1762408539.8412938,99.50,1349.21,34.90
1762408540.8439834,100.00,1345.52,34.80
1762408541.8453417,100.00,1344.96,34.80
1762408542.8462288,100.00,1344.61,34.80
1762408543.8471668,100.00,1347.75,34.80
1762408544.848323,100.00,1346.13,34.80
1762408545.849343,100.00,1345.51,34.80
1762408546.8537068,60.20,1344.48,34.80
1762408547.8562756,0.50,1344.48,34.80
1762408548.8583934,1.50,1344.72,34.80
1762408549.8610742,2.00,1344.72,34.80
1762408550.8637924,0.50,1344.72,34.80
1762408551.8664076,1.00,1344.97,34.80
1762408552.8684382,1.00,1344.96,34.80
1762408553.8703148,1.00,1344.96,34.80
1762408554.8722987,0.50,1344.96,34.80
1762408555.8747685,0.50,1344.96,34.80
1762408556.87705,1.00,1344.96,34.80
1762408557.879311,1.00,1344.96,34.80
1762408558.8814273,1.00,1344.96,34.80
1762408559.8836677,0.50,1344.96,34.80
1762408560.8858204,1.00,1344.96,34.80
1762408561.8880877,0.50,1344.96,34.80
1762408562.890242,1.00,1344.96,34.80
1762408563.8923008,0.50,1344.96,34.80
1762408564.894794,1.50,1344.96,34.80
1762408565.8969686,1.00,1344.96,34.80
1762408566.899176,1.00,1344.96,34.80
1762408567.901515,0.00,1344.96,34.80
1762408568.903979,1.00,1344.96,34.80
1762408569.9057567,0.50,1344.96,34.80
1762408570.9076922,1.50,1344.96,34.80
1762408571.910369,1.00,1344.96,34.80
1762408572.9135714,0.50,1344.93,34.80
1762408573.9157784,1.00,1344.93,34.80
1762408574.9176228,1.50,1344.93,34.80
1762408575.919665,0.00,1344.93,34.80
1762408576.9222333,0.50,1344.93,34.80
1762408577.9247036,0.50,1344.93,34.80
1762408578.9267068,1.00,1344.92,34.80
1762408579.9291422,1.00,1344.92,34.80
1762408580.931626,0.50,1344.92,34.80
1762408581.9336526,0.50,1344.92,34.80
1762408582.9361162,0.50,1344.92,34.80
1762408583.9477062,1.00,1344.91,34.80
1762408584.9503036,1.00,1344.91,34.80
1762408585.9522333,0.50,1344.91,34.80
1762408586.9540265,1.00,1344.91,34.80
1762408587.9565318,1.00,1345.38,34.80
1762408588.9589832,6.60,1345.37,34.80
1762408589.9610972,1.00,1345.37,34.80
1762408590.963149,0.50,1345.36,34.80
1762408591.9656103,1.00,1345.36,34.80
1762408592.9671934,1.00,1345.36,34.80
1762408593.9687386,1.00,1345.36,34.80
1762408594.9705439,0.00,1345.36,34.80
1762408595.9724123,1.50,1345.36,34.80
1762408596.9743037,1.00,1345.36,34.80
1762408597.9763832,1.50,1345.36,34.80
1762408598.9786227,0.00,1345.36,34.80
1762408599.9814968,0.50,1345.36,34.80
1762408600.9843514,0.50,1345.36,34.80
1762408601.9870682,0.50,1345.36,34.80
1762408602.9893272,0.50,1345.36,34.80
1762408603.9912832,0.50,1345.34,34.80
1762408604.9933937,0.00,1345.34,34.80
1762408605.9956093,1.50,1345.34,34.80
1762408606.9975946,0.50,1345.34,34.80
1762408607.9998903,0.50,1345.34,34.80
1762408609.0022988,0.50,1345.34,34.80
1762408610.0046334,1.00,1345.34,34.80
1762408611.0066607,0.00,1345.34,34.80
1762408612.0092177,0.50,1345.34,34.80
1762408613.0112867,0.00,1345.34,34.80
1762408614.013835,0.50,1345.34,34.80
1762408615.0160494,1.00,1345.34,34.80
1762408616.018444,0.00,1345.34,34.80
1762408617.0205576,1.00,1345.33,34.80
1762408618.0227792,0.00,1345.33,34.80
1762408619.0252345,1.00,1345.33,34.80
1762408620.0271118,0.00,1345.33,34.80
1762408621.0290296,0.50,1345.33,34.80
1762408622.0312142,0.00,1345.33,34.80
1762408623.0339534,1.00,1345.32,34.80
1762408624.0361903,0.00,1345.32,34.80
1762408625.0383563,2.00,1345.32,34.80
1762408626.0403838,1.00,1345.32,34.80
1762408627.0424316,0.00,1345.32,34.80
1762408628.0445018,0.00,1345.32,34.80
1762408629.0465934,1.00,1345.31,34.80
1762408630.0483127,0.00,1345.31,34.80
1762408631.0503309,1.50,1345.31,34.80
1762408632.0525782,0.50,1345.30,34.80
1762408633.055455,0.50,1345.30,34.80
1762408634.057606,1.00,1345.30,34.80
1762408635.0593247,0.00,1345.30,34.80
1762408636.0613725,1.00,1345.30,34.80
1762408637.0635402,0.00,1345.30,34.80
1762408638.065761,0.50,1345.30,34.80
1762408639.067761,1.00,1345.30,34.80
1762408640.0705853,0.00,1345.30,34.80
1762408641.0727215,0.50,1345.29,34.80
1762408642.07558,0.50,1345.29,34.80
1762408643.0774963,0.50,1345.29,34.80
1762408644.0796828,0.50,1345.29,34.80
1762408645.0824404,0.50,1345.29,34.80
1762408646.0846384,0.50,1345.29,34.80
1762408647.0871394,0.50,1345.28,34.80
1762408648.089122,0.50,1345.28,34.80
1762408649.0915825,1.00,1345.27,34.80
1762408650.0946567,1.00,1345.27,34.80
1762408651.0982554,28.00,1343.79,34.70
1762408652.1016889,100.00,1344.22,34.70
1762408653.1024573,100.00,1346.47,34.80
1762408654.1046677,100.00,1347.64,34.80
1762408655.1069856,100.00,1348.10,34.80
1762408656.1082797,100.00,1348.01,34.80
1762408657.110327,100.00,1348.66,34.90
1762408658.1114342,100.00,1347.23,34.80
1762408659.113015,100.00,1348.54,34.90
1762408660.11534,100.00,1351.45,34.90
1762408661.1162763,100.00,1347.78,34.80
1762408662.1193955,100.00,1344.21,34.70
1762408663.1241803,100.00,1349.99,34.90
1762408664.128162,100.00,1344.82,34.80
1762408665.1294465,100.00,1346.54,34.80
1762408666.1329505,100.00,1348.52,34.90
1762408667.1381514,100.00,1345.47,34.80
1762408668.1391695,100.00,1344.22,34.70
1762408669.1431453,100.00,1344.55,34.80
1762408670.1442893,100.00,1345.23,34.80
1762408671.1471674,100.00,1345.12,34.80
1762408672.1502576,100.00,1346.77,34.80
1762408673.1522913,100.00,1344.33,34.80
1762408674.1557424,100.00,1349.21,34.90
1762408675.159155,100.00,1344.49,34.80
1762408676.1612928,100.00,1350.48,34.90
1762408677.1631892,100.00,1344.49,34.80
1762408678.1663072,100.00,1346.88,34.80
1762408679.1689808,100.00,1349.66,34.90
1762408680.171144,100.00,1344.72,34.80
1762408681.173788,70.20,1346.33,34.80
1762408682.1765292,7.50,1346.32,34.80
1762408683.1785183,1.00,1346.57,34.80
1762408684.1806204,1.00,1346.57,34.80
1762408685.1832857,0.50,1346.57,34.80
1762408686.185415,1.50,1346.57,34.80
1762408687.187542,0.50,1346.57,34.80
1762408688.189447,1.00,1346.57,34.80
1762408689.191476,0.50,1346.57,34.80
1762408690.1936033,1.00,1346.57,34.80
1762408691.1961215,1.50,1346.57,34.80
1762408692.1982942,0.00,1346.57,34.80
1762408693.2003644,1.00,1346.57,34.80
1762408694.2023745,1.00,1346.57,34.80
1762408695.204779,1.00,1346.57,34.80
1762408696.2072341,0.50,1346.56,34.80
1762408697.2092252,1.00,1346.56,34.80
1762408698.2114613,1.00,1346.54,34.80
1762408699.2135859,0.00,1346.54,34.80
1762408700.2160323,1.00,1346.54,34.80
1762408701.218084,0.50,1346.54,34.80
1762408702.2203817,0.50,1346.54,34.80
1762408703.222359,0.50,1346.54,34.80
1762408704.2255363,1.00,1346.54,34.80
1762408705.2275846,1.00,1346.54,34.80
1762408706.2301452,1.50,1346.54,34.80
1762408707.2323663,0.50,1346.54,34.80
1762408708.2347753,0.50,1346.54,34.80
1762408709.2368054,1.00,1346.53,34.80
1762408710.2386434,0.00,1346.53,34.80
1762408711.2417576,0.50,1346.53,34.80
1762408712.244585,0.50,1346.52,34.80
1762408713.2465453,0.50,1346.52,34.80
1762408714.2484195,1.00,1346.52,34.80
1762408715.2502835,0.50,1346.52,34.80
1762408716.2523942,1.00,1346.52,34.80
1762408717.2546945,0.50,1346.52,34.80
1762408718.2570183,1.50,1346.52,34.80
1762408719.2595477,0.50,1346.52,34.80
1762408720.2620792,1.50,1346.52,34.80
1762408721.2645447,1.00,1346.52,34.80
1762408722.2670598,0.00,1346.52,34.80
1762408723.269501,1.00,1346.52,34.80
1762408724.2716553,1.00,1346.52,34.80
1762408725.2736816,1.00,1346.52,34.80
1762408726.275648,0.50,1346.50,34.80
1762408727.277727,1.00,1346.50,34.80
1762408728.2802901,1.00,1346.50,34.80
1762408729.282571,1.00,1346.50,34.80
1762408730.2857828,0.50,1346.50,34.80
1762408731.287823,3.00,1346.50,34.80
1762408732.2906485,0.50,1346.50,34.80
1762408733.2932308,0.50,1346.50,34.80
1762408734.2956736,0.50,1346.50,34.80
1762408735.2985613,1.00,1346.50,34.80
1762408736.3007212,0.50,1346.48,34.80
1762408737.3033354,0.00,1346.48,34.80
1762408738.3056214,0.50,1346.48,34.80
1762408739.308346,0.00,1346.48,34.80
1762408740.310473,0.00,1346.48,34.80
1762408741.3127756,1.00,1346.48,34.80
1762408742.3153214,2.50,1346.47,34.80
1762408743.3176427,0.50,1346.47,34.80
1762408744.3205009,0.00,1346.47,34.80
1762408745.3228154,0.50,1346.70,34.80
1762408746.3254578,1.50,1346.70,34.80
1762408747.3274596,0.00,1346.70,34.80
1762408748.329344,1.00,1346.70,34.80
1762408749.33118,0.50,1346.70,34.80
1762408750.3335602,0.00,1346.70,34.80
1762408751.3355038,1.50,1346.70,34.80
1762408752.337516,0.00,1346.70,34.80
1762408753.339401,0.00,1346.70,34.80
1762408754.3415673,1.00,1346.70,34.80
1762408755.34356,0.50,1346.70,34.80
1762408756.3453395,0.50,1346.70,34.80
1762408757.347512,0.50,1346.70,34.80
1762408758.3492858,1.00,1346.68,34.80
1762408759.3511817,0.50,1346.68,34.80
1762408760.3536365,0.50,1346.68,34.80
1762408761.3557916,0.00,1346.68,34.80
1762408762.358197,0.00,1346.67,34.80
1762408763.3605103,0.50,1346.67,34.80
1762408764.3627725,0.00,1346.67,34.80
1762408765.3656516,1.00,1346.67,34.80
1762408766.3682506,0.50,1346.67,34.80
1762408767.3702583,1.00,1346.67,34.80
1762408768.3719199,0.50,1346.67,34.80
1762408769.3743439,0.00,1346.67,34.80
1762408770.376697,1.00,1346.67,34.80
1762408771.3788288,0.00,1346.67,34.80
1762408772.3813741,1.00,1346.67,34.80
1762408773.3837454,0.50,1346.67,34.80
1762408774.3864098,0.00,1346.67,34.80
1762408775.3883498,1.00,1346.67,34.80
1762408776.3904817,0.50,1346.67,34.80
1762408777.3931382,0.50,1346.67,34.80
1762408778.3955407,1.00,1346.67,34.80
1762408779.3974638,0.50,1346.66,34.80
1762408780.3994024,0.00,1346.66,34.80
1762408781.4018338,1.00,1346.66,34.80
1762408782.4045777,1.00,1346.64,34.80
1762408783.4072678,0.50,1346.64,34.80
1762408784.4095283,1.00,1346.64,34.80
1762408785.4112742,18.30,1349.21,34.90
1762408786.41319,100.00,1347.54,34.80
1762408787.4143183,100.00,1349.69,34.90
1762408788.4171827,100.00,1352.17,35.00
1762408789.4211473,100.00,1347.80,34.80
1762408790.4234722,100.00,1350.29,34.90
1762408791.4271421,100.00,1348.73,34.90
1762408792.4287536,100.00,1351.16,34.90
1762408793.4339674,100.00,1352.60,35.00
1762408794.4382837,100.00,1347.79,34.80
1762408795.4423904,100.00,1347.64,34.80
1762408796.4473124,100.00,1352.80,35.00
1762408797.4493163,100.00,1347.50,34.80
1762408798.452141,100.00,1348.20,34.90
1762408799.4546983,100.00,1348.02,34.80
1762408800.4588268,100.00,1351.98,34.90
1762408801.4621358,100.00,1348.03,34.80
1762408802.4634337,100.00,1347.72,34.80
1762408803.4663386,100.00,1350.61,34.90
1762408804.470364,100.00,1348.64,34.90
1762408805.4759622,100.00,1353.56,35.00
1762408806.4801457,100.00,1347.88,34.80
1762408807.483166,100.00,1352.60,35.00
1762408808.486486,100.00,1353.80,35.00
1762408809.492182,100.00,1350.59,34.90
1762408810.4943876,100.00,1351.05,34.90
1762408811.5001516,100.00,1355.55,35.00
1762408812.501185,100.00,1353.52,35.00
1762408813.5061939,100.00,1349.60,34.90
1762408814.5071397,100.00,1348.05,34.80
1762408815.5133007,73.90,1347.59,34.80
1762408816.5156205,0.50,1347.59,34.80
1762408817.5182498,1.50,1347.59,34.80
1762408818.5206907,1.00,1347.59,34.80
1762408819.5230923,1.00,1347.59,34.80
1762408820.5256348,0.50,1347.59,34.80
1762408821.528394,0.50,1347.59,34.80
1762408822.5303695,0.50,1347.59,34.80
1762408823.532552,0.50,1347.59,34.80
1762408824.5348277,0.50,1347.58,34.80
1762408825.5372756,1.00,1347.58,34.80
1762408826.5394182,0.50,1347.57,34.80
1762408827.541713,1.00,1347.57,34.80
1762408828.5443556,1.00,1347.57,34.80
1762408829.5470839,0.50,1347.57,34.80
1762408830.54847,1.50,1347.57,34.80
1762408831.550821,0.50,1347.57,34.80
1762408832.5536196,0.50,1347.57,34.80
1762408833.5564005,0.50,1347.57,34.80
1762408834.5583165,1.00,1347.57,34.80
1762408835.5604193,1.00,1347.57,34.80
1762408836.5625985,1.00,1347.56,34.80
1762408837.5654135,1.00,1347.56,34.80
1762408838.5677996,0.00,1347.56,34.80
1762408839.5701108,0.50,1347.56,34.80
1762408840.572475,1.00,1347.56,34.80
1762408841.5751455,0.50,1347.56,34.80
1762408842.577448,1.50,1347.55,34.80
1762408843.5793755,0.50,1347.55,34.80
1762408844.5816207,0.50,1347.55,34.80
1762408845.5837748,0.50,1347.55,34.80
1762408846.5858092,0.50,1347.55,34.80
1762408847.5882833,1.00,1347.55,34.80
1762408848.5904963,1.00,1347.55,34.80
1762408849.5925512,1.00,1347.55,34.80
1762408850.5945427,1.00,1347.54,34.80
1762408851.5963717,7.10,1348.02,34.80
1762408852.598413,6.10,1348.00,34.80
1762408853.6004946,1.00,1348.00,34.80
1762408854.6026623,1.50,1348.00,34.80
1762408855.605374,1.00,1347.99,34.80
1762408856.607826,1.00,1347.99,34.80
1762408857.61007,0.50,1347.99,34.80
1762408858.612146,1.00,1347.99,34.80
1762408859.6145926,1.00,1347.99,34.80
1762408860.617448,1.00,1347.99,34.80
1762408861.6194131,1.00,1347.99,34.80
1762408862.6216052,1.00,1347.98,34.80
1762408863.623726,1.00,1347.98,34.80
1762408864.626292,0.50,1347.98,34.80
1762408865.628326,1.00,1347.98,34.80
1762408866.6310506,0.50,1347.98,34.80
1762408867.633454,0.50,1347.98,34.80
1762408868.635541,1.00,1347.98,34.80
1762408869.6382704,0.50,1347.98,34.80
1762408870.6404414,0.50,1347.98,34.80
1762408871.643093,0.50,1347.96,34.80
1762408872.6452816,1.00,1347.96,34.80
1762408873.6487525,0.00,1347.96,34.80
1762408874.6512923,1.00,1347.96,34.80
1762408875.6541407,0.50,1347.96,34.80
1762408876.6565866,0.50,1347.96,34.80
1762408877.6588082,0.50,1347.96,34.80
1762408878.6611142,0.50,1347.96,34.80
1762408879.6629326,6.60,1348.19,34.90
1762408880.6647308,6.00,1348.16,34.90
1762408881.6673267,0.00,1348.16,34.90
1762408882.669468,0.50,1348.16,34.90
1762408883.6717687,0.50,1348.16,34.90
1762408884.674352,0.50,1348.16,34.90
1762408885.676828,0.50,1348.16,34.90
1762408886.679296,1.00,1348.15,34.80
1762408887.6813648,1.00,1348.15,34.80
1762408888.683391,0.50,1348.15,34.80
1762408889.6855657,1.00,1348.15,34.80
1762408890.6877856,0.50,1348.15,34.80
1762408891.6898022,1.00,1348.15,34.80
1762408892.6926327,0.00,1348.15,34.80
1762408893.6947625,1.00,1348.15,34.80
1762408894.697574,0.50,1348.15,34.80
1762408895.6998131,1.00,1348.15,34.80
1762408896.70248,1.00,1348.15,34.80
1762408897.7045324,0.50,1348.15,34.80
1762408898.7072988,0.50,1348.12,34.80
1762408899.709457,0.50,1348.12,34.80
1762408900.7114513,1.00,1348.12,34.80
1762408901.713439,0.50,1348.12,34.80
1762408902.7156296,0.50,1348.12,34.80
1762408903.7183182,0.00,1348.12,34.80
1762408904.720417,1.00,1348.12,34.80
1762408905.722372,1.00,1348.12,34.80
1762408906.7244658,0.00,1348.12,34.80
1762408907.7264824,1.50,1348.12,34.80
1762408908.7293591,0.50,1348.12,34.80
1762408909.730321,0.50,1348.12,34.80
1762408910.7321541,1.00,1348.12,34.80
1762408911.7345283,0.00,1348.12,34.80
1762408912.737532,1.00,1348.11,34.80
1762408913.7395518,0.50,1348.11,34.80
1762408914.7414672,0.50,1348.35,34.90
1762408915.7435389,0.50,1348.35,34.90
1762408916.7457218,0.50,1348.35,34.90
1762408917.7482512,0.50,1348.34,34.90
1762408918.7503905,1.00,1348.34,34.90
1762408919.7518344,13.10,1354.43,35.00
1762408920.754127,100.00,1348.70,34.90
1762408921.756356,100.00,1347.37,34.80
1762408922.7598226,100.00,1355.05,35.00
1762408923.7618861,100.00,1353.26,35.00
1762408924.7644362,100.00,1350.77,34.90
1762408925.7671936,100.00,1349.80,34.90
1762408926.7694612,100.00,1347.48,34.80
1762408927.7723901,100.00,1348.41,34.90
1762408928.7773225,100.00,1347.82,34.80
1762408929.778332,100.00,1352.74,35.00
1762408930.7812831,100.00,1349.78,34.90
1762408931.7853413,100.00,1347.36,34.80
1762408932.78924,100.00,1348.76,34.90
1762408933.7904456,100.00,1351.47,34.90
1762408934.7941813,100.00,1347.92,34.80
1762408935.7963262,100.00,1348.84,34.90
1762408936.7983189,100.00,1347.77,34.80
1762408937.8014843,100.00,1349.94,34.90
1762408938.8051457,100.00,1348.72,34.90
1762408939.8063095,100.00,1351.64,34.90
1762408940.8102267,100.00,1350.69,34.90
1762408941.811254,100.00,1350.51,34.90
1762408942.815159,100.00,1353.51,35.00
1762408943.817292,100.00,1347.77,34.80
1762408944.819315,100.00,1350.98,34.90
1762408945.8212104,100.00,1349.30,34.90
1762408946.8223195,100.00,1348.86,34.90
1762408947.8241343,100.00,1347.74,34.80
1762408948.8252451,100.00,1353.14,35.00
1762408949.8280537,82.00,1347.70,34.80
1762408950.8308156,0.50,1347.70,34.80
1762408951.832543,1.50,1347.70,34.80
1762408952.834994,1.00,1347.70,34.80
1762408953.8372912,1.00,1347.70,34.80
1762408954.8394082,0.50,1347.70,34.80
1762408955.8416936,1.00,1347.70,34.80
1762408956.8442063,0.50,1347.70,34.80
1762408957.846462,0.50,1347.70,34.80
1762408958.849072,1.00,1347.70,34.80
1762408959.8514383,1.00,1347.69,34.80
1762408960.8535695,1.00,1347.69,34.80
1762408961.8561578,1.00,1347.69,34.80
1762408962.8590858,0.50,1347.69,34.80
1762408963.861227,1.00,1347.68,34.80
1762408964.8631115,1.00,1347.68,34.80
1762408965.8654106,1.00,1347.68,34.80
1762408966.8673234,1.00,1347.68,34.80
1762408967.8690615,1.00,1347.68,34.80
1762408968.8710241,0.50,1347.68,34.80
1762408969.8729799,1.00,1347.68,34.80
1762408970.8752367,1.00,1347.68,34.80
1762408971.8774464,0.50,1347.68,34.80
1762408972.8797433,1.00,1347.68,34.80
1762408973.882207,1.00,1347.68,34.80
1762408974.8845718,0.50,1347.67,34.80
1762408975.8865938,1.00,1347.67,34.80
1762408976.8891597,0.50,1347.67,34.80
1762408977.8914742,1.00,1347.67,34.80
1762408978.893315,1.00,1347.67,34.80
1762408979.8954175,1.50,1347.67,34.80
1762408980.898237,0.50,1347.67,34.80
1762408981.9006648,1.50,1347.66,34.80
1762408982.9026792,1.00,1347.66,34.80
1762408983.9054513,0.50,1347.66,34.80
1762408984.9077444,1.00,1347.65,34.80
1762408985.9104543,1.00,1347.65,34.80
1762408986.912588,1.00,1347.65,34.80
1762408987.9150982,0.00,1347.90,34.80
1762408988.9173074,1.00,1347.90,34.80
1762408989.9194949,1.50,1347.90,34.80
1762408990.9216774,1.50,1347.90,34.80
1762408991.923744,1.00,1347.90,34.80
1762408992.9262984,1.00,1347.90,34.80
1762408993.929106,0.50,1347.88,34.80
1762408994.9313216,1.00,1347.88,34.80
1762408995.9332814,0.50,1347.88,34.80
1762408996.9354205,1.00,1347.88,34.80
1762408997.9371707,2.50,1347.88,34.80
1762408998.9391148,10.20,1348.36,34.90
1762408999.9419715,3.50,1348.34,34.90
1762409000.9446728,1.00,1348.34,34.90
1762409001.9474654,0.00,1348.34,34.90
1762409002.9493222,2.00,1348.34,34.90
1762409003.9509325,3.00,1348.33,34.90
1762409004.953062,0.50,1348.33,34.90
1762409005.9555538,1.00,1348.32,34.90
1762409006.9577887,0.00,1348.32,34.90
1762409007.9600668,1.00,1348.32,34.90
1762409008.9625683,1.00,1348.32,34.90
1762409009.9646313,0.00,1348.32,34.90
1762409010.967135,1.00,1348.31,34.90
1762409011.9695866,1.00,1348.31,34.90
1762409012.9725273,0.50,1348.31,34.90
1762409013.9746428,0.50,1348.31,34.90
1762409014.9768288,0.00,1348.31,34.90
1762409015.9795816,1.50,1348.31,34.90
1762409016.9821916,0.50,1348.31,34.90
1762409017.9843123,0.00,1348.31,34.90
1762409018.9866035,1.00,1348.31,34.90
1762409019.989736,0.00,1348.31,34.90
1762409020.9920459,0.50,1348.31,34.90
1762409021.994133,0.50,1348.29,34.90
1762409022.99645,0.50,1348.29,34.90
1762409023.9987116,0.00,1348.29,34.90
1762409025.0011847,0.50,1348.29,34.90
1762409026.0033114,1.00,1348.29,34.90
1762409027.0053961,0.00,1348.29,34.90
1762409028.007273,1.00,1348.29,34.90
1762409029.009697,0.50,1348.29,34.90
1762409030.0116565,0.50,1348.29,34.90
1762409031.0136786,0.50,1348.29,34.90
1762409032.0158272,0.50,1348.29,34.90
1762409033.0177631,0.50,1348.29,34.90
1762409034.0204368,0.50,1348.29,34.90
1762409035.0232005,1.00,1348.29,34.90
1762409036.0251477,0.50,1348.29,34.90
1762409037.0272512,0.00,1348.29,34.90
1762409038.0297682,0.50,1348.29,34.90
1762409039.0316978,0.50,1348.29,34.90
1762409040.0332127,1.00,1348.29,34.90
1762409041.0353532,0.50,1348.29,34.90
1762409042.037264,0.00,1348.27,34.90
1762409043.0395737,0.50,1348.27,34.90
1762409044.041631,0.00,1348.27,34.90
1762409045.0437036,0.50,1348.27,34.90
1762409046.046399,1.00,1348.27,34.90
1762409047.048659,1.00,1348.25,34.90
1762409048.050744,0.00,1348.25,34.90
1762409049.0526195,0.50,1348.25,34.90
1762409050.0535216,0.50,1348.25,34.90
1762409051.056164,1.50,1348.24,34.90
1762409052.0583274,0.50,1348.24,34.90
1762409053.060585,0.00,1348.24,34.90
1762409054.0622017,4.00,1347.36,34.80
1762409055.0641267,8.60,1349.97,34.90
1762409056.0661829,0.50,1349.97,34.90
1762409057.0684521,0.50,1349.97,34.90
1762409058.0705583,1.50,1349.97,34.90
1762409059.0726044,0.50,1349.97,34.90
1762409060.0756354,0.50,1349.97,34.90
1762409061.07804,0.50,1349.97,34.90
1762409062.080463,0.50,1349.97,34.90
1762409063.0818057,0.50,1349.97,34.90
1762409064.0841577,0.00,1349.97,34.90
1762409065.0863323,3.00,1349.97,34.90
1762409066.0885172,1.00,1349.96,34.90
1762409067.0906072,0.00,1349.96,34.90
1762409068.0923586,1.00,1349.95,34.90
1762409069.0940423,4.60,1349.95,34.90
1762409070.0956495,21.70,1348.43,34.90
1762409071.0977418,8.70,1348.42,34.90
1762409072.100015,10.60,1349.14,34.90
1762409073.1021912,11.30,1349.11,34.90
1762409074.1043262,7.60,1349.34,34.90
1762409075.1063614,6.10,1349.30,34.90
1762409076.108499,3.00,1349.30,34.90
1762409077.1105368,4.00,1349.27,34.90
1762409078.1127553,7.20,1349.27,34.90
1762409079.1147118,12.60,1349.70,34.90
1762409080.1166508,6.60,1349.69,34.90
1762409081.117316,8.10,1350.04,34.90
1762409082.1194425,4.00,1350.04,34.90
1762409083.1217713,3.50,1350.26,34.90
1762409084.1232333,4.60,1350.46,34.90
1762409085.1253366,0.50,1350.44,34.90
1762409086.1275413,11.10,1350.68,34.90
1762409087.130368,7.00,1350.64,34.90
1762409088.1323056,4.50,1350.64,34.90
1762409089.1343954,3.00,1350.61,34.90
1762409090.1364336,1.00,1350.61,34.90
1762409091.1383998,1.00,1350.61,34.90
1762409092.14026,0.50,1350.61,34.90
1762409093.1423318,0.00,1350.61,34.90
1762409094.1444159,1.00,1350.61,34.90
1762409095.1463394,0.00,1350.61,34.90
1762409096.1483376,2.50,1350.61,34.90
1762409097.1509743,3.00,1350.90,34.90
1762409098.1526568,5.00,1350.89,34.90
1762409099.1547654,5.60,1350.89,34.90
1762409100.1566687,5.60,1350.89,34.90
1762409101.1586962,2.00,1350.89,34.90
1762409102.1610467,2.50,1351.12,34.90
1762409103.1644568,4.50,1351.12,34.90
1762409104.1663542,8.10,1351.33,34.90
1762409105.1683931,7.00,1351.33,34.90
1762409106.1714623,6.00,1351.33,34.90
1762409107.1728106,7.60,1351.30,34.90
1762409108.174768,13.70,1351.30,34.90
1762409109.1764994,23.90,1351.30,34.90
1762409110.2061865,1.00,1351.30,34.90
1762409111.2085898,1.00,1351.30,34.90
1762409112.210551,0.00,1351.30,34.90
1762409113.212561,1.50,1351.30,34.90
1762409114.2146015,1.00,1351.30,34.90
1762409115.2170372,1.00,1351.30,34.90
1762409116.220297,0.50,1351.30,34.90
1762409117.2224934,1.50,1351.30,34.90
1762409118.2247255,1.00,1351.30,34.90
1762409119.227367,1.50,1351.29,34.90
1762409120.2295983,1.00,1351.29,34.90
1762409121.232364,1.00,1351.29,34.90
1762409122.2345936,0.50,1351.29,34.90
1762409123.237888,1.00,1351.29,34.90
1762409124.2404249,1.00,1351.29,34.90
1762409125.2427275,1.50,1351.29,34.90
1762409126.2454264,1.00,1351.29,34.90
1762409127.2477953,1.00,1351.29,34.90
1762409128.25039,1.00,1351.29,34.90
1762409129.2526934,1.50,1351.29,34.90
1762409130.2556713,2.00,1351.75,34.90
1762409131.2582736,7.10,1351.74,34.90
1762409132.2608757,1.50,1351.74,34.90
1762409133.263982,1.00,1351.74,34.90
1762409134.2666278,1.50,1351.74,34.90
1762409135.2688203,1.00,1351.74,34.90
1762409136.2716813,1.00,1351.74,34.90
1762409137.274377,1.00,1351.74,34.90
1762409138.2776759,1.00,1351.74,34.90
1762409139.2814984,1.00,1351.73,34.90
1762409140.2836328,1.50,1351.73,34.90
1762409141.2854486,1.00,1351.71,34.90
1762409142.2875733,1.00,1351.71,34.90
1762409143.290406,2.00,1351.71,34.90
1762409144.293406,1.00,1351.71,34.90
1762409145.2956326,1.00,1351.70,34.90
1762409146.297785,1.00,1351.70,34.90
1762409147.3004556,3.50,1351.70,34.90
1762409148.3024778,8.70,1351.70,34.90
1762409149.3036993,20.90,1352.92,35.00
1762409150.3055608,15.20,1352.92,35.00
1762409151.3076575,9.50,1352.92,35.00
1762409152.3100934,14.90,1353.60,35.00
1762409153.3117492,8.60,1353.60,35.00
1762409154.3141086,1.50,1353.60,35.00
1762409155.3167026,6.60,1354.04,35.00
1762409156.3206825,6.10,1354.26,35.00
1762409157.3227646,10.20,1354.25,35.00
1762409158.3252335,10.60,1354.45,35.00
1762409159.327467,17.60,1354.42,35.00
1762409160.329225,12.60,1354.62,35.00
1762409161.3313231,13.30,1354.86,35.00
1762409162.332768,13.30,1354.81,35.00
1762409163.3350358,10.70,1355.69,35.00
1762409164.3362138,16.00,1355.94,35.10
1762409165.3385832,20.80,1361.68,35.20
1762409166.3407516,6.60,1361.68,35.20
1762409167.3435423,8.60,1361.68,35.20
1762409168.3464794,4.00,1361.68,35.20
1762409169.3486195,3.50,1361.68,35.20
1762409170.3514419,4.00,1361.67,35.20
1762409171.3539832,2.50,1362.03,35.20
1762409172.3564734,8.10,1360.49,35.20
1762409173.3591778,1.00,1360.74,35.20
1762409174.3613563,1.50,1360.98,35.20
1762409175.3636854,5.10,1360.98,35.20
1762409176.3656688,5.50,1360.98,35.20
1762409177.3664374,4.10,1360.98,35.20
1762409178.3685024,3.50,1360.98,35.20
1762409179.3709276,3.00,1360.98,35.20
1762409180.3736815,6.60,1362.78,35.20
1762409181.3764193,2.50,1362.77,35.20
1762409182.3782716,14.70,1363.00,35.20
1762409183.3800685,16.20,1363.22,35.20
1762409184.3813624,10.10,1363.42,35.20
1762409185.383458,9.70,1363.42,35.20
1762409186.385538,11.20,1363.64,35.30
1762409187.3875215,7.10,1363.64,35.30
1762409188.38947,7.10,1363.88,35.30
1762409189.3914962,23.60,1364.50,35.30
1762409190.39355,9.10,1364.50,35.30
1762409191.3951466,25.90,1370.69,35.40
1762409192.397535,9.50,1370.69,35.40
1762409193.3998022,5.50,1370.69,35.40
1762409194.402455,5.00,1370.69,35.40
1762409195.4046378,6.50,1370.69,35.40
1762409196.4073684,5.10,1370.69,35.40
1762409197.4097466,4.50,1370.68,35.40
1762409198.4125473,5.50,1370.68,35.40
1762409199.4141958,3.00,1370.68,35.40
1762409200.4166331,6.00,1370.68,35.40
1762409201.419301,3.50,1370.68,35.40
1762409202.4219356,5.00,1370.68,35.40
1762409203.4244542,5.10,1370.92,35.40
1762409204.4271176,2.00,1370.92,35.40
1762409205.4293513,7.60,1369.14,35.40
1762409206.4310546,10.70,1369.84,35.40
1762409207.433732,18.10,1370.29,35.40
1762409208.4357736,5.10,1370.29,35.40
1762409209.4380553,3.50,1370.29,35.40
1762409210.4399717,11.70,1370.29,35.40
1762409211.4414084,13.30,1370.49,35.40
1762409212.4432533,12.20,1370.49,35.40
1762409213.4451401,7.00,1370.49,35.40
1762409214.4471,6.10,1370.93,35.40
1762409215.4494882,6.60,1370.93,35.40
1762409216.4516783,1.50,1370.93,35.40
1762409217.4535873,6.60,1370.88,35.40
1762409218.4557457,0.50,1370.88,35.40
1762409219.4580116,7.10,1371.09,35.40
1762409220.4601674,3.50,1371.09,35.40
1762409221.462092,5.10,1371.09,35.40
1762409222.4639764,2.60,1371.07,35.40
1762409223.4665534,0.50,1371.07,35.40
1762409224.4724948,1.00,1371.07,35.40
1762409225.4743881,1.00,1371.07,35.40
1762409226.4764068,0.50,1371.07,35.40
1762409227.478468,0.50,1371.07,35.40
1762409228.4802701,0.50,1371.07,35.40
1762409229.4826221,0.50,1371.07,35.40
1762409230.4845288,1.00,1371.07,35.40
1762409231.4894223,1.50,1371.07,35.40
1762409232.492187,0.50,1371.07,35.40
1762409233.4946396,1.50,1371.06,35.40
1762409234.4967911,0.00,1371.06,35.40
1762409235.498609,0.50,1371.06,35.40
1762409236.5012975,1.00,1371.06,35.40
1762409237.503765,0.50,1371.06,35.40
1762409238.506025,0.50,1371.06,35.40
1762409239.5080318,0.50,1371.06,35.40
1762409240.5096357,0.50,1371.06,35.40
1762409241.511364,0.00,1371.06,35.40
1762409242.5132573,0.50,1371.06,35.40
1762409243.5153127,0.50,1371.06,35.40
1762409244.5171857,0.50,1371.06,35.40
1762409245.5187006,0.00,1371.06,35.40
1762409246.520409,0.50,1371.06,35.40
1762409247.5222116,0.50,1371.06,35.40
1762409248.5239632,0.50,1371.06,35.40
1762409249.5263221,0.00,1371.06,35.40
1762409250.5275629,4.50,1371.25,35.40
1762409251.5282946,14.90,1371.23,35.40
1762409252.5301664,14.40,1371.46,35.50
1762409253.5341282,11.70,1381.62,35.70
1762409254.5371375,18.20,1381.88,35.70
1762409255.5391667,7.10,1381.88,35.70
1762409256.5410216,4.50,1375.50,35.60
1762409257.542689,2.50,1375.69,35.60
1762409258.5447385,2.00,1375.69,35.60
1762409259.5470192,1.50,1375.69,35.60
1762409260.5485811,2.50,1375.69,35.60
1762409261.5497506,3.00,1375.68,35.60
1762409262.552257,1.00,1375.68,35.60
1762409263.5532353,11.10,1376.34,35.60
1762409264.555419,16.80,1376.34,35.60
1762409265.5571907,14.30,1376.32,35.60
1762409266.5592585,4.10,1376.32,35.60
1762409267.5621123,15.70,1376.54,35.60
1762409268.5647318,8.60,1376.73,35.60
1762409269.5672746,11.70,1378.44,35.60
1762409270.569509,11.70,1380.04,35.70
1762409271.5713341,15.10,1380.04,35.70
1762409272.5735896,5.10,1380.04,35.70
1762409273.5762596,2.50,1380.04,35.70
1762409274.5786803,1.50,1380.04,35.70
1762409275.5815797,2.00,1380.04,35.70
1762409276.584568,2.50,1380.04,35.70
1762409277.5867949,1.00,1380.04,35.70
1762409278.5895991,1.50,1380.04,35.70
1762409279.5924437,1.50,1380.04,35.70
1762409280.594771,4.50,1380.28,35.70
1762409281.5971634,5.60,1380.73,35.70
1762409282.5991411,1.00,1380.73,35.70
1762409283.6011505,1.00,1380.73,35.70
1762409284.6030822,5.10,1380.93,35.70
1762409285.605571,4.00,1380.92,35.70
1762409286.6075673,3.60,1380.90,35.70
1762409287.6097128,5.00,1381.13,35.70
1762409288.6123917,1.50,1381.11,35.70
1762409289.6145084,4.10,1381.35,35.70
1762409290.6168056,4.00,1381.35,35.70
1762409291.6193838,9.20,1381.35,35.70
1762409292.6216304,5.10,1381.57,35.70
1762409293.6233082,6.00,1381.54,35.70
1762409294.6255188,0.50,1381.54,35.70
1762409295.628524,1.00,1381.54,35.70
1762409296.6306677,1.50,1381.54,35.70
1762409297.6335504,0.50,1381.54,35.70
1762409298.635668,1.00,1381.53,35.70
1762409299.6377678,0.50,1381.53,35.70
1762409300.6402202,0.00,1381.53,35.70
1762409301.6424823,1.50,1381.53,35.70
1762409302.6442933,0.00,1381.53,35.70
1762409303.6462524,1.00,1381.53,35.70
1762409304.6481426,1.00,1381.53,35.70
1762409305.650206,6.10,1381.75,35.70
1762409306.6525192,4.50,1381.73,35.70
1762409307.6549945,2.50,1381.73,35.70
1762409308.65737,3.50,1381.72,35.70
1762409309.6594296,4.00,1381.96,35.70
1762409310.6614134,1.00,1381.95,35.70
1762409311.6635635,1.50,1381.95,35.70
1762409312.665529,0.00,1381.95,35.70
1762409313.6671984,4.50,1381.93,35.70
1762409314.6688247,5.10,1381.93,35.70
1762409315.6707451,19.30,1381.92,35.70
1762409316.6736612,17.90,1382.13,35.70
1762409317.6762373,9.10,1382.37,35.70
1762409318.67798,10.10,1382.34,35.70
1762409319.6802619,6.10,1382.34,35.70
1762409320.6822302,10.20,1382.57,35.70
1762409321.684332,5.00,1382.57,35.70
1762409322.6868157,8.10,1382.55,35.70
1762409323.6893418,4.60,1382.55,35.70
1762409324.6917677,1.50,1382.55,35.70
1762409325.6945696,1.00,1382.55,35.70
1762409326.6972187,1.00,1382.55,35.70
1762409327.6995978,0.00,1382.55,35.70
1762409328.7025216,1.50,1382.55,35.70
1762409329.7047741,2.50,1382.55,35.70
1762409330.7066243,11.10,1382.53,35.70
1762409331.7086535,8.10,1382.77,35.70
1762409332.7096267,5.10,1382.76,35.70
1762409333.7112107,8.60,1382.75,35.70
1762409334.7134397,15.50,1382.74,35.70
1762409335.71573,3.00,1382.74,35.70
1762409336.7183437,2.00,1382.74,35.70
1762409337.7206023,8.00,1382.74,35.70
1762409338.7232885,5.50,1382.74,35.70
1762409339.7255764,4.00,1382.74,35.70
1762409340.72826,5.60,1384.46,35.80
1762409341.7303212,2.00,1384.45,35.80
1762409342.7325897,3.50,1384.45,35.80
1762409343.7345443,7.60,1384.45,35.80
1762409344.7364936,4.50,1384.45,35.80
1762409345.7395053,6.60,1384.45,35.80
1762409346.7412295,6.50,1384.43,35.80
1762409347.7436955,5.60,1384.43,35.80
1762409348.7455142,3.00,1384.42,35.80
1762409349.747245,6.10,1384.42,35.80
1762409350.7490757,7.10,1384.42,35.80
1762409351.7514977,3.50,1384.42,35.80
1762409352.753375,7.70,1384.86,35.80
1762409353.7575128,4.50,1384.86,35.80
1762409354.7594,2.50,1384.73,35.80
1762409355.7613943,1.00,1384.82,35.80
1762409356.7634537,0.50,1384.82,35.80
1762409357.766337,1.00,1384.82,35.80
1762409358.768121,0.50,1384.82,35.80
1762409359.7703605,1.50,1384.82,35.80
1762409360.7721605,0.50,1384.81,35.80
1762409361.7744102,1.00,1384.77,35.80
1762409362.7761705,0.50,1384.77,35.80
1762409363.778043,0.50,1384.77,35.80
1762409364.7796602,0.50,1384.77,35.80
1762409365.781749,0.50,1384.77,35.80
1762409366.7847152,1.00,1384.77,35.80
1762409367.7874596,1.50,1384.77,35.80
1762409368.7901955,1.00,1384.77,35.80
1762409369.791523,1.50,1384.77,35.80
1762409370.793663,1.00,1384.74,35.80
1762409371.7960148,0.50,1384.74,35.80
1762409372.7983994,1.00,1384.74,35.80
1762409373.8004682,1.50,1384.74,35.80
1762409374.8035297,0.50,1384.74,35.80
1762409375.8056946,1.00,1384.74,35.80
1762409376.8082194,2.50,1384.74,35.80
1762409377.8106635,5.60,1384.95,35.80
1762409378.8135197,4.00,1384.95,35.80
1762409379.8162227,4.00,1382.05,35.70
1762409380.8188763,6.10,1382.77,35.70
1762409381.82028,18.30,1382.95,35.70
1762409382.8225102,13.30,1383.19,35.80
1762409383.824507,7.00,1383.38,35.80
1762409384.826636,16.80,1383.35,35.80
1762409385.8292754,6.20,1383.33,35.80
1762409386.8312414,5.00,1383.33,35.80
1762409387.8334627,6.60,1383.33,35.80
1762409388.8363419,2.00,1383.33,35.80
1762409389.8385682,2.00,1383.33,35.80
1762409390.8421655,8.10,1383.94,35.80
1762409391.8444943,5.60,1383.93,35.80
1762409392.8464065,12.20,1383.86,35.80
1762409393.8473055,20.40,1395.15,36.10
1762409394.8487885,54.60,1435.48,37.10
1762409395.8511872,41.30,1439.71,37.20
1762409396.8526814,62.10,1503.51,38.90
1762409397.8551562,10.90,1503.47,38.90
1762409398.8578174,7.50,1503.47,38.90
1762409399.8592463,8.20,1503.47,38.90
1762409400.8632452,6.10,1503.45,38.90
1762409401.8642673,11.30,1503.64,38.90
1762409402.865339,28.10,1456.12,37.60
1762409403.8679726,6.10,1450.38,37.50
1762409404.8694162,16.20,1443.74,37.30
1762409405.8717005,9.20,1437.46,37.20
1762409406.8737876,14.40,1431.81,37.00
1762409407.876061,9.50,1427.00,36.90
1762409408.8777575,6.60,1423.07,36.80
1762409409.879445,5.60,1421.79,36.80
1762409410.8817928,5.10,1422.03,36.80
1762409411.8840854,6.10,1422.07,36.80
1762409412.8862934,9.20,1422.30,36.80
1762409413.888262,7.10,1422.27,36.80
1762409414.8897715,11.60,1422.27,36.80
1762409415.8912046,6.10,1422.23,36.80
1762409416.892835,5.60,1422.43,36.80
1762409417.8950624,6.60,1422.43,36.80
1762409418.897424,3.50,1422.43,36.80
1762409419.8997955,3.50,1422.43,36.80
1762409420.902616,2.00,1422.43,36.80
1762409421.9046624,11.10,1422.43,36.80
1762409422.907081,15.20,1422.22,36.80
1762409423.9091885,13.30,1422.40,36.80
1762409424.9107852,12.70,1422.40,36.80
1762409425.9124303,9.10,1422.39,36.80
1762409426.9142392,21.50,1422.62,36.80
1762409427.916555,9.10,1422.97,36.80
1762409428.919047,7.60,1422.95,36.80
1762409429.9226277,13.60,1423.10,36.80
1762409430.9254465,1.50,1423.09,36.80
1762409431.9275,2.50,1423.09,36.80
1762409432.9298952,4.10,1423.09,36.80
1762409433.931628,9.60,1422.95,36.80
1762409434.9331849,15.20,1422.95,36.80
1762409435.934187,44.50,1426.92,36.90
1762409436.9354732,64.10,1407.27,36.40
1762409437.936559,80.80,1427.52,36.90
1762409438.937777,91.90,1444.30,37.30
1762409439.9392195,74.20,1467.93,37.90
1762409440.9411433,88.00,1527.88,39.50
1762409441.9423754,76.80,1583.81,40.90
1762409442.943251,91.90,1655.87,42.80
1762409443.9451714,84.00,1685.34,43.60
1762409444.9472136,99.00,1808.16,46.70
1762409445.948368,76.90,1840.13,47.60
1762409446.95048,21.70,1840.33,47.60
1762409447.9533012,50.00,1836.54,47.50
1762409448.9541845,93.40,1876.05,48.50
1762409449.9565077,73.60,1885.98,48.80
1762409450.9586353,23.90,1882.86,48.70
1762409451.9610045,2.00,1883.06,48.70
1762409452.9626575,0.50,1883.06,48.70
1762409453.964827,1.00,1883.04,48.70
1762409454.9668195,23.40,1867.92,48.30
1762409455.968403,24.70,1866.17,48.20
1762409456.969982,50.00,1876.37,48.50
1762409457.9712317,69.70,1907.77,49.30
1762409458.9735842,51.50,1932.61,50.00
1762409459.9761674,18.40,1934.62,50.00
1762409460.9785597,14.60,1934.61,50.00
1762409461.9801497,18.20,1934.61,50.00
1762409462.9815686,17.30,1934.61,50.00
1762409463.9833028,66.80,1972.68,51.00
1762409464.984244,27.30,1973.57,51.00
1762409465.9864373,35.20,1974.08,51.00
1762409466.9895518,15.30,1974.08,51.00
1762409467.9925005,8.10,1974.08,51.00
1762409468.9950593,16.70,1974.08,51.00
1762409469.9963083,26.30,1974.06,51.00
1762409470.9985275,15.30,1974.05,51.00
1762409472.001694,15.80,1974.04,51.00
1762409473.0046685,13.60,1974.04,51.00
1762409474.0074198,12.00,1974.03,51.00
1762409475.009313,20.40,1973.84,51.00
1762409476.0111651,20.00,1973.81,51.00
1762409477.0133848,25.50,1973.32,51.00
1762409478.0152807,56.60,1972.97,51.00
1762409479.016337,27.70,1950.28,50.40
1762409480.0192266,16.70,1950.28,50.40
1762409481.0221384,17.30,1950.52,50.40
1762409482.0244055,16.70,1950.52,50.40
1762409483.0259945,15.60,1950.52,50.40
1762409484.0282502,14.70,1950.52,50.40
1762409485.030362,18.60,1950.52,50.40
1762409486.0317147,20.10,1950.75,50.40
1762409487.033243,32.80,1953.93,50.50
1762409488.0347877,45.60,1958.89,50.60
1762409489.0369408,43.30,1955.81,50.60
1762409490.0389256,48.00,1922.75,49.70
1762409491.0432274,80.40,2005.08,51.80
1762409492.0445306,91.00,2052.86,53.10
1762409493.0470757,82.80,2104.12,54.40
1762409494.0481286,82.30,2128.17,55.00
1762409495.0502133,83.10,2156.14,55.70
1762409496.053728,73.90,2199.78,56.90
1762409497.0561883,82.20,2200.74,56.90
1762409498.0571506,53.50,2209.55,57.10
1762409499.0593545,77.90,2228.25,57.60
1762409500.0611434,80.50,2264.13,58.50
1762409501.0626297,70.60,2294.80,59.30
1762409502.063193,69.40,2273.75,58.80
1762409503.064505,88.90,2240.17,57.90
1762409504.0661867,66.20,2240.30,57.90
1762409505.0681949,44.40,2238.51,57.90
1762409506.0702477,71.70,2231.02,57.70
1762409507.071245,86.90,2182.39,56.40
1762409508.074246,78.20,2187.50,56.50
1762409509.0765216,24.90,2155.82,55.70
1762409510.0791476,3.00,2158.89,55.80
1762409511.0803177,34.30,2158.82,55.80
1762409512.0822685,49.70,2160.95,55.90
1762409513.0835905,30.20,2151.01,55.60
1762409514.0853696,57.60,2149.68,55.60
1762409515.0869951,28.20,2146.34,55.50
1762409516.089148,15.20,2148.23,55.50
1762409517.091454,40.60,2149.18,55.60
1762409518.0937955,35.40,2149.70,55.60
1762409519.0952225,30.50,2152.89,55.70
1762409520.0975468,14.60,2154.08,55.70
1762409521.099147,10.70,2155.80,55.70
1762409522.101246,38.70,2151.27,55.60
1762409523.1028104,17.50,2151.50,55.60
1762409524.104925,11.60,2150.33,55.60
1762409525.1074715,12.20,2150.33,55.60
1762409526.1092815,44.40,2145.70,55.50
1762409527.1112251,50.80,2145.80,55.50
1762409528.1129758,38.10,2145.80,55.50
1762409529.1155233,47.20,2135.27,55.20
1762409530.1183617,7.60,2131.73,55.10
1762409531.1207886,14.10,2137.39,55.30
1762409532.1236885,13.20,2138.10,55.30
1762409533.1257834,21.70,2141.79,55.40
1762409534.1276038,26.50,2141.78,55.40
1762409535.1302056,49.20,2142.91,55.40
1762409536.1315696,38.10,2143.10,55.40
1762409537.1342263,16.20,2143.10,55.40
1762409538.1365879,12.70,2143.07,55.40
1762409539.1397297,10.60,2143.32,55.40
1762409540.1422865,10.10,2143.52,55.40
1762409541.1447763,18.70,2128.02,55.00
1762409542.1472578,35.90,2128.43,55.00
1762409543.1496253,36.40,2127.31,55.00
1762409544.1516476,33.50,2131.61,55.10
1762409545.154249,14.60,2131.59,55.10
1762409546.156444,9.10,2131.57,55.10
1762409547.1586382,23.40,2132.00,55.10
1762409548.1611693,36.50,2144.78,55.40
1762409549.162148,25.60,2148.25,55.50
1762409550.1643527,64.10,2146.27,55.50
1762409551.166975,29.80,2150.82,55.60
1762409552.1695182,30.50,2154.45,55.70
1762409553.172367,13.60,2156.16,55.70
1762409554.1753547,4.60,2156.16,55.70
1762409555.17731,10.60,2156.40,55.70
1762409556.1792245,20.20,2146.38,55.50
1762409557.180288,39.80,2147.06,55.50
1762409558.1831286,49.70,2147.55,55.50
1762409559.1847715,67.50,2162.56,55.90
1762409560.187111,47.70,2163.05,55.90
1762409561.1883297,67.50,2192.04,56.70
1762409562.189663,94.00,2295.46,59.30
1762409563.1912045,93.00,2358.69,61.00
1762409564.1932588,50.50,2367.58,61.20
1762409565.1952124,15.60,2364.92,61.10
1762409566.1972923,12.80,2364.98,61.10
1762409567.1985347,18.30,2364.94,61.10
1762409568.2009742,16.70,2207.52,57.10
1762409569.2032042,10.80,2207.42,57.10
1762409570.2045298,24.00,2169.91,56.10
1762409571.2057612,31.60,2174.83,56.20
1762409572.2081401,20.50,2176.47,56.30
1762409573.2106452,11.10,2177.21,56.30
1762409574.2123828,2.00,2177.21,56.30
1762409575.214579,3.00,2177.21,56.30
1762409576.2176445,2.00,2177.23,56.30
1762409577.2201831,19.10,2170.70,56.10
1762409578.222577,14.10,2150.83,55.60
1762409579.2244523,6.10,2150.83,55.60
1762409580.2267237,6.60,2150.83,55.60
1762409581.229543,9.60,2151.05,55.60
1762409582.2315335,15.20,2130.08,55.10
1762409583.2335339,12.10,2106.63,54.50
1762409584.2351766,28.90,2059.38,53.20
1762409585.236211,53.80,2126.67,55.00
1762409586.238261,26.40,2130.94,55.10
1762409587.2402914,27.70,2136.69,55.20
1762409588.2426882,23.10,2123.63,54.90
1762409589.2442634,38.30,2125.30,54.90
1762409590.2454376,39.80,2139.82,55.30
1762409591.2473166,16.70,2139.79,55.30
1762409592.2491627,25.00,2141.92,55.40
1762409593.2512648,47.20,2159.43,55.80
1762409594.2533116,25.40,2160.75,55.90
1762409595.2551315,10.30,2160.34,55.80
1762409596.256406,22.60,2160.29,55.80
1762409597.2585597,21.40,2154.96,55.70
1762409598.2611449,8.10,2157.40,55.80
1762409599.2628121,19.80,2157.11,55.80
1762409600.263551,36.70,2158.21,55.80
1762409601.2641678,18.40,2158.43,55.80
1762409602.266736,44.90,2166.61,56.00
1762409603.2692442,5.10,2166.61,56.00
1762409604.2717109,6.10,2166.61,56.00
1762409605.2736497,15.50,2166.62,56.00
1762409606.275814,2.50,2166.62,56.00
1762409607.278114,8.10,2166.61,56.00
1762409608.2797847,5.10,2166.83,56.00
1762409609.281221,12.80,2166.82,56.00
1762409610.2831862,6.60,2166.82,56.00
1762409611.2855148,9.60,2166.79,56.00
1762409612.2881637,9.10,2166.76,56.00
1762409613.290287,23.50,2149.19,55.60
1762409614.2925444,7.10,2149.65,55.60
1762409615.2954283,1.50,2149.65,55.60
1762409616.2981086,1.50,2149.89,55.60
1762409617.3006332,1.50,2149.89,55.60
1762409618.3031223,1.50,2149.89,55.60
1762409619.3064013,11.60,2150.85,55.60
1762409620.308459,19.80,2157.95,55.80
1762409621.310399,39.40,2158.60,55.80
1762409622.3122637,33.00,2144.20,55.40
1762409623.3147073,38.80,2148.41,55.50
1762409624.3170977,11.10,2148.83,55.50
1762409625.3197052,25.50,2156.95,55.80
1762409626.3218288,35.20,2157.19,55.80
1762409627.3238893,18.40,2157.40,55.80
1762409628.3255532,13.10,2157.38,55.80
1762409629.3274252,15.80,2155.78,55.70
1762409630.3297403,43.10,2155.94,55.70
1762409631.3314373,19.30,2156.14,55.70
1762409632.3337624,26.40,2161.55,55.90
1762409633.3351505,27.70,2162.02,55.90
1762409634.337122,62.40,2163.31,55.90
1762409635.3395042,47.20,2148.43,55.50
1762409636.3406487,19.10,2148.64,55.50
1762409637.3433561,37.80,2153.64,55.70
1762409638.3477464,31.00,2154.33,55.70
1762409639.3498244,39.10,2170.61,56.10
1762409640.3524883,26.90,2170.69,56.10
1762409641.355217,36.20,2170.61,56.10
1762409642.3576267,22.10,2170.50,56.10
1762409643.359698,8.20,2170.50,56.10
1762409644.362244,12.60,2170.50,56.10
1762409645.3647401,12.20,2170.61,56.10
1762409646.3675086,1.50,2170.61,56.10
1762409647.3705704,5.60,2170.61,56.10
1762409648.3735206,10.20,2170.85,56.10
1762409649.3756852,10.10,2170.82,56.10
1762409650.377975,27.10,2155.22,55.70
1762409651.3806384,9.10,2155.22,55.70
1762409652.3826575,14.20,2155.64,55.70
1762409653.3851504,18.90,2156.32,55.70
1762409654.3874514,22.30,2156.75,55.80
1762409655.3894043,47.20,2179.13,56.30
1762409656.391679,71.90,2185.48,56.50
1762409657.3947802,28.40,2187.08,56.50
1762409658.3962753,58.10,2222.52,57.50
1762409659.397359,48.50,2199.28,56.90
1762409660.4004643,16.30,2199.28,56.90
1762409661.4024556,71.40,2199.49,56.90
1762409662.403163,40.10,2209.06,57.10
1762409663.4050395,52.00,2201.84,56.90
1762409664.408428,72.00,2203.48,57.00
1762409665.4104927,20.00,2204.93,57.00
1762409666.4118972,70.20,2217.00,57.30
1762409667.416469,46.00,2212.83,57.20
1762409668.4190464,62.90,2214.19,57.20
1762409669.421123,17.70,2215.34,57.30
1762409670.422319,25.80,2223.63,57.50
1762409671.4240239,33.70,2223.86,57.50
1762409672.4260435,18.80,2224.10,57.50
1762409673.4287865,11.80,2216.40,57.30
1762409674.4306643,13.80,2216.62,57.30
1762409675.4332933,45.70,2215.52,57.30
1762409676.4355192,16.10,2220.11,57.40
1762409677.437541,12.90,2221.06,57.40
1762409678.4393961,10.30,2221.05,57.40
1762409679.4401846,55.60,2225.36,57.50
1762409680.4422312,39.90,2226.04,57.50
1762409681.4443882,35.90,2227.81,57.60
1762409682.4473054,7.60,2227.79,57.60
1762409683.4481835,12.10,2227.75,57.60
1762409684.4502733,2.50,2227.73,57.60
1762409685.4522474,10.10,2228.16,57.60
1762409686.4542024,8.70,2228.16,57.60
1762409687.455639,15.70,2220.49,57.40
1762409688.4572313,57.90,2227.89,57.60
1762409689.4583726,49.00,2226.70,57.60
1762409690.4595497,92.50,2226.48,57.60
1762409691.461637,60.70,2226.67,57.60
1762409692.4641461,70.60,2230.43,57.70
1762409693.4653726,75.10,2223.99,57.50
1762409694.4662454,82.90,2235.11,57.80
1762409695.467176,72.40,2235.06,57.80
1762409696.4689856,63.30,2235.45,57.80
1762409697.471437,56.70,2213.30,57.20
1762409698.4728954,73.90,2219.17,57.40
1762409699.4748962,60.60,2218.32,57.30
1762409700.4766126,7.60,2218.54,57.30
1762409701.4791448,53.80,2229.70,57.60
1762409702.4812193,49.20,2230.55,57.70
1762409703.4822392,53.50,2234.47,57.80
1762409704.4831908,62.80,2242.79,58.00
1762409705.4847705,21.80,2242.97,58.00
1762409706.4867132,59.60,2242.43,58.00
1762409707.4890096,54.50,2239.19,57.90
1762409708.4910357,62.80,2239.89,57.90
1762409709.4927285,22.40,2239.86,57.90
1762409710.4946828,51.30,2221.96,57.40
1762409711.4987884,61.60,2228.14,57.60
1762409712.5002296,60.90,2229.02,57.60
1762409713.5026553,26.30,2228.95,57.60
1762409714.5045056,53.30,2245.11,58.00
1762409715.5071797,20.70,2245.45,58.00
1762409716.5087817,67.20,2244.74,58.00
1762409717.5096166,31.10,2245.39,58.00
1762409718.511472,68.50,2246.21,58.10
1762409719.512172,21.50,2246.40,58.10
1762409720.5140088,45.90,2236.04,57.80
1762409721.5152683,44.00,2236.98,57.80
1762409722.517485,38.50,2245.92,58.10
1762409723.519328,14.30,2246.15,58.10
1762409724.521933,2.00,2246.14,58.10
1762409725.524257,11.10,2246.13,58.10
1762409726.5262218,17.30,2240.53,57.90
1762409727.5289326,7.20,2240.57,57.90
1762409728.5327818,7.10,2240.55,57.90
1762409729.535396,11.70,2240.77,57.90
1762409730.537412,8.60,2240.77,57.90
1762409731.539242,59.60,2235.21,57.80
1762409732.541089,39.50,2218.04,57.30
1762409733.5427556,35.20,2218.50,57.30
1762409734.5455406,19.30,2219.19,57.40
1762409735.547792,9.20,2219.18,57.40
1762409736.550209,11.90,2219.18,57.40
1762409737.5515769,23.50,2219.39,57.40
1762409738.5536358,42.40,2227.80,57.60
1762409739.5543334,34.30,2222.36,57.40
1762409740.5567548,6.10,2222.36,57.40
1762409741.558287,38.10,2251.04,58.20
1762409742.5603206,71.70,2340.29,60.50
1762409743.5625076,32.30,2339.51,60.50
1762409744.5645003,11.30,2341.14,60.50
1762409745.5664737,9.60,2341.60,60.50
1762409746.567419,10.30,2342.30,60.50
1762409747.5686252,29.40,2342.90,60.60
1762409748.5693645,20.40,2344.28,60.60
1762409749.5724137,15.70,2344.85,60.60
