timestamp,cpu_percent,mem_used_mb
1761999632.4489954,48.20,1398.36
1761999633.4509845,5.00,1398.36
1761999634.4525874,0.00,1398.36
1761999635.4542706,5.50,1398.36
1761999636.455935,0.00,1398.36
1761999637.4575398,1.00,1398.45
1761999638.459167,24.60,1376.61
1761999639.46065,29.00,1368.70
1761999640.4621751,25.60,1368.95
1761999641.4637957,20.40,1369.94
1761999642.4656994,24.40,1369.00
1761999643.4673805,20.70,1368.97
1761999644.4689577,17.50,1368.85
1761999645.470649,16.60,1368.67
1761999646.4721422,20.20,1368.57
1761999647.4733975,20.20,1368.28
1761999648.4748087,20.70,1368.23
1761999649.4765985,21.70,1368.23
1761999650.478094,19.20,1368.48
1761999651.4797463,20.30,1368.33
1761999652.4812536,20.30,1368.23
1761999653.4854746,20.90,1368.41
1761999654.486985,18.00,1368.07
1761999655.4886124,19.90,1368.20
1761999656.4906476,19.50,1368.42
1761999657.492789,30.10,1366.93
1761999658.4943671,22.00,1365.74
1761999659.4977539,48.90,1357.27
1761999660.499465,20.30,1357.16
1761999661.5011637,30.10,1340.70
1761999662.5026271,24.60,1340.95
1761999663.5043375,26.60,1340.70
1761999664.505872,25.30,1340.38
1761999665.5073273,21.30,1340.58
1761999666.5114796,24.30,1340.48
1761999667.5125372,25.10,1340.53
1761999668.5141454,2.50,1333.42
1761999669.51599,1.00,1333.42
1761999670.5174131,0.00,1333.42
1761999671.5190694,2.00,1333.42
1761999672.5207407,1.50,1333.42
1761999673.5224082,0.50,1333.42
1761999674.5242586,0.00,1333.41
1761999675.5258079,1.00,1333.41
1761999676.5274146,0.00,1333.41
1761999677.5291002,0.50,1333.41
1761999678.531136,0.50,1333.41
1761999679.5329258,0.00,1333.41
1761999680.534606,1.00,1333.41
1761999681.5363576,0.50,1333.41
1761999682.5379796,0.50,1333.41
1761999683.5395956,1.00,1333.41
1761999684.5412495,0.50,1333.41
1761999685.5428042,0.50,1333.41
1761999686.5444055,0.50,1333.40
1761999687.5461206,0.00,1333.40
1761999688.5477753,1.50,1333.40
1761999689.5493877,0.00,1333.40
1761999690.550982,1.00,1333.40
1761999691.5527155,1.00,1333.39
1761999692.55441,1.00,1333.39
1761999693.5561278,0.00,1333.39
1761999694.5576832,0.50,1333.39
1761999695.5592983,0.00,1333.39
1761999696.5611615,0.50,1333.39
1761999697.562797,4.00,1333.39
1761999698.5644283,0.50,1333.36
1761999699.5660803,8.00,1333.84
1761999700.567656,0.50,1333.78
1761999701.569372,0.50,1333.78
1761999702.5709188,0.00,1333.73
1761999703.572466,1.00,1333.73
1761999704.573796,3.00,1333.97
1761999705.5754879,0.50,1333.97
1761999706.5771213,0.00,1333.97
1761999707.5787208,0.50,1333.97
1761999708.5795693,0.00,1333.97
1761999709.581333,0.50,1333.97
1761999710.5828903,0.50,1333.95
1761999711.58467,0.00,1333.95
1761999712.5862265,0.50,1333.93
1761999713.5877957,0.50,1333.93
1761999714.5893595,0.50,1333.93
1761999715.5911782,0.00,1333.93
1761999716.5927536,0.00,1333.93
1761999717.5946424,4.00,1333.84
1761999718.5962946,0.00,1333.80
1761999719.5978081,0.00,1333.80
1761999720.5993786,7.00,1333.80
1761999721.6010063,0.00,1333.74
1761999722.602613,1.00,1333.74
1761999723.6042817,0.50,1333.74
1761999724.6058223,0.50,1333.74
1761999725.6075454,0.00,1333.74
1761999726.6091847,0.50,1333.74
1761999727.6107512,0.00,1333.73
1761999728.6122763,1.00,1333.73
1761999729.6132329,0.00,1333.73
1761999730.614753,1.00,1333.73
1761999731.6163006,0.50,1333.73
1761999732.6181827,1.00,1333.73
1761999733.6198933,0.00,1333.73
1761999734.6217735,0.50,1333.73
1761999735.623368,0.50,1333.73
1761999736.6248522,0.00,1333.73
1761999737.6266298,0.50,1333.73
1761999738.627378,0.50,1333.73
1761999739.6288571,0.00,1333.72
1761999740.6305172,1.00,1333.72
1761999741.6322265,0.00,1333.72
1761999742.6337154,1.00,1333.72
1761999743.6353204,0.50,1333.72
1761999744.6368833,1.00,1333.71
1761999745.638642,0.00,1333.70
1761999746.6402824,0.00,1333.70
1761999747.641766,1.00,1333.70
1761999748.6433785,0.50,1333.70
1761999749.6452103,0.50,1333.70
1761999750.6467578,0.00,1333.70
1761999751.6484792,0.50,1333.68
1761999752.6502526,0.00,1333.68
1761999753.6519582,0.50,1333.68
1761999754.6532414,0.50,1333.68
1761999755.654759,0.50,1333.68
1761999756.6562932,0.00,1333.68
1761999757.6581829,0.50,1333.68
1761999758.6601012,5.50,1333.68
1761999759.661667,1.50,1333.68
1761999760.6633077,1.00,1333.68
1761999761.6648202,0.00,1333.67
1761999762.666402,0.50,1333.65
1761999763.6679711,1.00,1333.64
1761999764.6696932,0.00,1333.63
1761999765.6715047,0.50,1333.63
1761999766.6731677,0.00,1333.63
1761999767.6749523,0.50,1333.63
1761999768.676841,0.00,1333.63
1761999769.679537,0.00,1333.63
1761999770.6810749,11.30,1336.25
1761999771.6826687,44.60,1332.58
1761999772.6851432,36.80,1332.75
1761999773.6864913,28.90,1332.48
1761999774.6886165,25.70,1332.29
1761999775.6904411,26.40,1332.22
1761999776.6919973,26.00,1332.50
1761999777.6938488,26.60,1332.62
1761999778.6955144,17.70,1332.52
1761999779.6979635,14.20,1332.42
1761999780.699791,13.70,1332.27
1761999781.701304,16.40,1333.56
1761999782.702764,17.10,1332.53
1761999783.7043724,18.70,1332.73
1761999784.706482,18.00,1332.52
1761999785.7073126,20.00,1332.64
1761999786.7086296,19.80,1332.36
1761999787.7094216,21.50,1332.55
1761999788.711579,24.10,1332.48
1761999789.7124147,20.20,1332.25
1761999790.7140036,17.80,1332.60
1761999791.7157063,19.40,1332.38
1761999792.717719,22.20,1332.59
1761999793.719255,19.90,1332.50
1761999794.7209156,18.90,1332.50
1761999795.7224593,16.80,1332.66
1761999796.7239094,15.10,1332.66
1761999797.725156,20.30,1332.18
1761999798.7265716,21.20,1332.21
1761999799.7280004,22.00,1332.22
1761999800.7296104,10.10,1318.96
1761999801.7313704,1.00,1318.95
1761999802.7330673,0.00,1318.95
1761999803.7347274,1.00,1318.95
1761999804.7363913,0.50,1318.95
1761999805.738105,1.00,1318.95
1761999806.7397606,0.50,1318.95
1761999807.741384,1.00,1318.95
1761999808.7429662,0.50,1318.95
1761999809.7446828,0.50,1318.95
1761999810.7463994,1.00,1318.95
1761999811.747895,1.00,1318.92
1761999812.749409,0.50,1318.87
1761999813.7512102,1.00,1318.87
1761999814.7528002,0.50,1318.86
1761999815.7545404,0.50,1318.86
1761999816.7561831,0.50,1318.86
1761999817.7577717,1.00,1318.86
1761999818.7594087,0.00,1318.86
1761999819.7610042,6.50,1318.85
1761999820.7627077,0.50,1318.85
1761999821.764364,0.50,1318.84
1761999822.7658567,0.50,1318.84
1761999823.767493,0.50,1318.84
1761999824.768991,0.50,1318.84
1761999825.7707207,1.00,1318.84
1761999826.77229,0.00,1318.84
1761999827.773921,0.50,1318.84
1761999828.7755792,0.50,1318.84
1761999829.7770944,0.00,1318.84
1761999830.7786245,1.00,1318.84
1761999831.7802355,0.50,1318.84
1761999832.7817671,1.00,1318.84
1761999833.7834015,0.50,1318.84
1761999834.784921,0.50,1318.84
1761999835.7864718,0.50,1318.84
1761999836.7881305,0.50,1318.84
1761999837.7897484,0.50,1318.84
1761999838.7914522,0.50,1318.84
1761999839.793078,0.50,1318.84
1761999840.7948518,0.50,1318.82
1761999841.796404,0.50,1318.82
1761999842.797933,0.50,1318.82
1761999843.7995086,1.00,1318.82
1761999844.8012252,0.50,1318.82
1761999845.802994,0.50,1318.81
1761999846.8049943,0.50,1318.81
1761999847.8066714,1.00,1318.81
1761999848.808332,0.50,1318.81
1761999849.809948,1.00,1318.80
1761999850.8117063,0.50,1318.80
1761999851.8135495,0.50,1318.80
1761999852.8152318,0.50,1318.80
1761999853.8167849,0.50,1318.80
1761999854.8184419,0.50,1318.80
1761999855.8199935,0.50,1318.80
1761999856.8219197,0.00,1318.80
1761999857.823618,0.50,1318.80
1761999858.825203,0.00,1318.80
1761999859.8268535,0.50,1318.80
1761999860.8285313,0.50,1318.80
1761999861.8301132,0.50,1318.80
1761999862.8317013,0.00,1318.80
1761999863.833324,1.00,1318.78
1761999864.8348277,0.50,1318.79
1761999865.8355188,0.50,1318.79
1761999866.837107,0.00,1318.79
1761999867.8386066,6.10,1318.59
1761999868.840221,0.00,1318.59
1761999869.8418887,1.00,1318.55
1761999870.8433647,0.00,1318.55
1761999871.8449018,0.50,1318.55
1761999872.8465083,0.50,1318.55
1761999873.84815,0.00,1318.55
1761999874.849735,0.00,1318.55
1761999875.8514614,0.50,1318.55
1761999876.8530052,0.50,1318.54
1761999877.8548915,3.50,1319.27
1761999878.8565,9.00,1319.68
1761999879.8581736,6.00,1319.68
1761999880.8597243,0.00,1319.64
1761999881.861336,1.00,1319.64
1761999882.862829,0.00,1319.64
1761999883.8645217,1.10,1320.05
1761999884.8661394,1.00,1319.99
1761999885.8675709,0.00,1319.99
1761999886.8692176,0.00,1319.98
1761999887.8707852,0.50,1319.93
1761999888.8724043,0.50,1319.80
1761999889.8739216,0.00,1319.79
1761999890.8755186,0.50,1319.79
1761999891.8770885,0.00,1319.79
1761999892.8786943,0.00,1319.79
1761999893.8804073,0.50,1319.79
1761999894.8821507,0.50,1319.79
1761999895.8838193,0.50,1319.79
1761999896.88553,0.00,1319.79
1761999897.8871772,0.50,1319.78
1761999898.8887305,0.00,1319.78
1761999899.890404,1.00,1319.78
1761999900.891973,0.00,1319.78
1761999901.8927507,0.50,1319.77
1761999902.8943472,0.50,1319.50
1761999903.8953137,31.60,1318.62
1761999904.8966994,25.70,1318.35
1761999905.8983579,24.40,1318.26
1761999906.899893,22.90,1318.61
1761999907.9013574,21.20,1318.38
1761999908.9031672,19.00,1318.56
1761999909.9073133,19.90,1318.32
1761999910.9090655,18.90,1318.39
1761999911.9113603,22.80,1318.57
1761999912.9129708,22.50,1318.35
1761999913.9144711,21.00,1318.79
1761999914.9153929,21.60,1318.57
1761999915.9183779,23.10,1318.54
1761999916.9200013,19.50,1318.32
1761999917.921898,22.00,1318.45
1761999918.9233673,24.40,1318.41
1761999919.9247906,21.60,1318.58
1761999920.9256012,20.80,1319.08
1761999921.927287,15.20,1318.50
1761999922.9287612,17.30,1318.38
1761999923.9303546,18.00,1318.23
1761999924.93182,12.40,1318.54
1761999925.9334724,14.50,1318.61
1761999926.93499,14.70,1318.54
1761999927.9374712,15.40,1318.64
1761999928.9393387,15.70,1318.59
1761999929.9412494,17.80,1318.47
1761999930.942791,15.10,1318.66
1761999931.9446037,17.00,1318.32
1761999932.94645,12.70,1318.62
1761999933.9485896,1.50,1317.05
1761999934.9503572,0.50,1317.05
1761999935.9519405,0.50,1317.05
1761999936.9536202,1.00,1317.79
1761999937.9554417,1.00,1317.79
1761999938.957142,0.00,1317.79
1761999939.9587085,2.00,1317.79
1761999940.960384,0.00,1317.78
1761999941.9619033,1.00,1317.78
1761999942.9634933,4.50,1317.78
1761999943.9652393,0.50,1317.78
1761999944.9667885,0.50,1317.78
1761999945.96835,0.50,1317.78
1761999946.9701862,0.50,1317.77
1761999947.9718032,0.00,1317.77
1761999948.9734015,1.00,1317.77
1761999949.9749513,0.00,1317.77
1761999950.976555,0.50,1317.77
1761999951.978295,0.50,1317.77
1761999952.979794,0.50,1317.77
1761999953.981614,1.00,1317.77
1761999954.9832463,0.50,1317.76
1761999955.9848557,0.50,1317.76
1761999956.9864886,0.50,1317.76
1761999957.9882064,1.00,1317.76
1761999958.989825,0.50,1317.76
1761999959.9913785,0.00,1317.76
1761999960.9929218,1.00,1317.76
1761999961.9948583,0.50,1317.76
1761999962.9970763,0.50,1317.76
1761999963.998873,1.00,1317.76
1761999965.0004277,0.50,1317.76
1761999966.0022945,0.50,1317.76
1761999967.003881,0.50,1317.76
1761999968.0054457,0.50,1317.76
1761999969.0070925,0.50,1317.76
1761999970.008631,0.50,1317.74
1761999971.010263,1.00,1317.74
1761999972.01146,0.50,1317.74
1761999973.0129752,1.00,1317.74
1761999974.0146503,0.00,1317.74
1761999975.016381,1.00,1317.74
1761999976.018002,0.00,1317.74
1761999977.0197,1.00,1317.74
1761999978.0215383,0.00,1317.74
1761999979.0231783,1.00,1317.74
1761999980.0247161,0.00,1317.74
1761999981.026395,0.50,1317.74
1761999982.028145,0.50,1317.74
1761999983.0296605,1.00,1317.74
1761999984.031318,0.50,1317.74
1761999985.0329108,0.50,1317.74
1761999986.0345018,0.50,1317.74
1761999987.0361474,0.00,1317.74
1761999988.037774,2.00,1317.74
1761999989.0393324,0.00,1317.70
1761999990.040884,0.00,1317.70
1761999991.0424283,0.50,1317.70
1761999992.0438707,0.50,1317.70
1761999993.0457656,0.00,1317.70
1761999994.0474381,1.00,1317.70
1761999995.0492654,0.50,1317.70
1761999996.050967,0.00,1317.70
1761999997.052641,0.00,1317.70
1761999998.0542533,1.50,1317.70
1761999999.055909,0.00,1317.68
1762000000.0575235,7.00,1318.63
1762000001.059238,0.00,1318.63
1762000002.0608208,0.50,1318.63
1762000003.062432,0.00,1318.61
1762000004.0634449,5.00,1318.61
1762000005.064987,0.00,1318.61
1762000006.065962,0.50,1318.61
1762000007.0671382,0.50,1318.61
1762000008.068747,0.50,1318.61
1762000009.0704384,0.50,1318.61
1762000010.0721233,0.00,1318.61
1762000011.0737586,0.50,1318.61
1762000012.0755317,0.00,1318.61
1762000013.0771222,1.00,1318.61
1762000014.0788975,0.00,1318.61
1762000015.0806968,0.50,1318.61
1762000016.0823283,0.50,1318.61
1762000017.0839326,0.50,1318.59
1762000018.085668,0.00,1318.59
1762000019.0874245,0.50,1318.59
1762000020.088992,1.00,1318.59
1762000021.0907857,0.00,1318.59
1762000022.09256,0.00,1318.59
1762000023.0943034,1.00,1318.59
1762000024.095919,0.00,1318.59
1762000025.0979595,0.50,1318.59
1762000026.0995958,0.50,1318.59
1762000027.1016977,0.00,1318.59
1762000028.103797,0.50,1318.59
1762000029.1053424,0.00,1318.59
1762000030.1069689,0.50,1318.57
1762000031.1086152,2.00,1318.78
1762000032.1094844,1.50,1318.78
1762000033.1109734,1.50,1318.78
1762000034.1125636,0.50,1318.78
1762000035.1143463,0.00,1318.78
1762000036.1155763,11.80,1320.24
1762000037.1173587,30.80,1318.85
1762000038.1191864,31.00,1319.04
1762000039.1208863,29.10,1318.86
1762000040.1242847,27.50,1319.07
1762000041.126207,25.30,1318.78
1762000042.1277595,27.50,1318.50
1762000043.12888,20.80,1318.71
1762000044.1294441,17.10,1318.74
1762000045.131075,13.50,1318.86
1762000046.132906,18.20,1318.87
1762000047.1344495,17.30,1318.81
1762000048.135948,18.60,1318.59
1762000049.1376035,15.90,1319.16
1762000050.1392555,14.30,1318.41
1762000051.1407533,16.60,1318.36
1762000052.1422825,17.30,1318.52
1762000053.1437435,14.10,1318.59
1762000054.1455016,14.20,1318.43
1762000055.1470006,18.30,1318.13
1762000056.148368,19.00,1318.51
1762000057.151085,14.50,1318.34
1762000058.1528146,14.70,1318.43
1762000059.1543665,16.30,1318.40
1762000060.1555321,18.60,1318.56
1762000061.157102,13.00,1318.45
1762000062.15869,14.10,1318.61
1762000063.1604073,13.10,1318.20
1762000064.1619458,14.60,1318.38
1762000065.1635897,11.80,1318.10
1762000066.1652029,11.10,1317.83
1762000067.166732,0.50,1317.82
1762000068.1689374,1.00,1317.82
1762000069.1706586,1.00,1317.82
1762000070.1723347,1.50,1317.82
1762000071.1739273,0.00,1317.82
1762000072.1757998,1.00,1317.82
1762000073.177352,0.00,1317.81
1762000074.179436,0.50,1317.81
1762000075.1812449,1.00,1317.81
1762000076.1828396,0.00,1317.81
1762000077.1844716,1.00,1318.06
1762000078.1860766,0.00,1318.06
1762000079.187592,0.50,1318.05
1762000080.1893911,0.50,1318.05
1762000081.190967,0.50,1318.27
1762000082.1925676,0.50,1318.27
1762000083.1941986,0.00,1318.27
1762000084.1957319,1.00,1318.26
1762000085.197373,0.50,1318.26
1762000086.199122,0.00,1318.26
1762000087.200642,1.00,1318.26
1762000088.202225,0.50,1318.26
1762000089.203803,0.50,1318.25
1762000090.2054362,0.50,1318.25
1762000091.2071586,1.00,1318.25
1762000092.2087119,1.50,1318.25
1762000093.2103286,0.00,1318.25
1762000094.2120898,0.50,1318.25
1762000095.2138028,0.50,1318.25
1762000096.215386,0.50,1318.25
1762000097.2169104,1.00,1318.25
1762000098.218746,0.00,1318.25
1762000099.220371,0.50,1318.25
1762000100.221919,0.50,1318.25
1762000101.2236776,0.00,1318.25
1762000102.2253165,1.00,1318.25
1762000103.2269928,0.50,1318.25
1762000104.2286596,0.50,1318.25
1762000105.230245,0.50,1318.25
1762000106.2317572,0.50,1318.25
1762000107.2333272,0.50,1318.25
1762000108.2348795,1.00,1318.25
1762000109.236403,1.00,1318.23
1762000110.237986,0.00,1318.23
1762000111.2396135,0.50,1318.23
1762000112.24119,0.50,1318.23
1762000113.2427645,0.00,1318.22
1762000114.2444544,1.00,1318.22
1762000115.2461407,1.00,1318.22
1762000116.2476864,0.50,1318.22
1762000117.2493703,0.50,1318.22
1762000118.250908,1.00,1318.22
1762000119.2525926,0.00,1318.21
1762000120.2542112,1.50,1318.21
1762000121.255765,0.00,1318.20
1762000122.2573624,1.00,1318.20
1762000123.2589362,0.00,1318.19
1762000124.26054,0.50,1318.19
1762000125.262401,0.50,1318.19
1762000126.263922,0.00,1318.18
1762000127.2655349,0.50,1318.18
1762000128.26913,5.00,1318.18
1762000129.2706902,0.00,1318.18
1762000130.2724366,0.50,1318.18
1762000131.2744033,0.00,1318.18
1762000132.276116,0.50,1318.18
1762000133.2778063,0.00,1318.18
1762000134.2793987,1.00,1318.18
1762000135.2809696,0.00,1318.18
1762000136.2825499,0.00,1318.18
1762000137.2841656,0.00,1318.18
1762000138.285727,0.00,1318.18
1762000139.2874002,0.50,1318.18
1762000140.2889733,0.50,1318.18
1762000141.2906184,0.00,1318.18
1762000142.2923133,0.00,1318.17
1762000143.2939227,0.50,1318.17
1762000144.2955766,0.50,1318.17
1762000145.2973192,0.50,1318.17
1762000146.2989104,0.00,1318.17
1762000147.3005192,0.50,1318.17
1762000148.3021433,0.00,1318.17
1762000149.3037117,0.50,1318.17
1762000150.305532,0.00,1318.17
1762000151.3072026,0.50,1318.14
1762000152.3088179,1.50,1318.14
1762000153.3104112,0.00,1318.14
1762000154.3121467,1.00,1318.14
1762000155.3138657,0.00,1318.14
1762000156.315539,0.00,1318.14
1762000157.3171756,1.00,1318.14
1762000158.3193161,0.00,1318.14
1762000159.320884,0.00,1318.14
1762000160.3225548,0.00,1318.14
1762000161.3242648,0.50,1318.13
1762000162.3259132,0.00,1318.13
1762000163.3275506,0.00,1318.13
1762000164.3291602,1.00,1318.12
1762000165.3308475,1.00,1318.12
1762000166.3324535,0.00,1318.12
1762000167.3342106,0.50,1318.12
1762000168.3378375,2.00,1319.29
1762000169.339425,29.90,1318.63
1762000170.345397,26.30,1318.71
1762000171.347188,15.30,1318.73
1762000172.348597,14.80,1318.61
1762000173.3502896,18.50,1318.64
1762000174.3530312,19.80,1318.45
1762000175.3546076,12.70,1318.70
1762000176.3562565,15.90,1318.79
1762000177.3576488,16.20,1318.54
1762000178.3592248,18.50,1318.57
1762000179.360926,15.60,1318.88
1762000180.3624833,17.90,1319.02
1762000181.3643126,16.60,1318.99
1762000182.3660917,19.90,1318.97
1762000183.3678198,24.30,1318.77
1762000184.3695745,19.50,1318.80
1762000185.372327,19.20,1319.18
1762000186.3739061,19.80,1318.66
1762000187.3757534,13.60,1319.06
1762000188.3773715,18.30,1318.86
1762000189.3789527,22.70,1319.21
1762000190.3809104,14.90,1319.12
1762000191.3825665,17.90,1318.98
1762000192.3841443,18.30,1319.02
1762000193.3854368,15.80,1318.89
1762000194.3873742,18.10,1319.01
1762000195.3888252,14.50,1318.77
1762000196.390526,9.70,1318.73
1762000197.3920708,11.70,1318.79
1762000198.3935785,11.00,1319.03
1762000199.3953319,1.50,1317.28
1762000200.3968604,0.00,1317.27
1762000201.398649,2.00,1316.56
1762000202.400301,1.00,1317.43
1762000203.4019816,0.50,1317.43
1762000204.4035385,0.50,1317.43
1762000205.4051614,1.00,1317.43
1762000206.406683,0.00,1317.43
1762000207.408851,1.00,1317.43
1762000208.4104037,1.00,1317.43
1762000209.412125,0.50,1317.43
1762000210.413772,0.50,1317.43
1762000211.415465,0.50,1317.43
1762000212.4175196,1.50,1317.43
1762000213.4192882,0.00,1317.43
1762000214.4209466,1.00,1317.43
1762000215.4224923,0.50,1317.43
1762000216.4242473,0.50,1317.43
1762000217.4261312,0.50,1317.42
1762000218.4276426,0.00,1317.42
1762000219.4292054,1.00,1317.42
1762000220.430416,1.00,1317.41
1762000221.4319866,0.00,1317.41
1762000222.4336925,0.50,1317.41
1762000223.4343662,0.50,1317.41
1762000224.4362268,1.00,1317.41
1762000225.4377499,0.00,1317.41
1762000226.4393508,1.00,1317.41
1762000227.4411733,0.00,1317.41
1762000228.4429324,7.00,1318.39
1762000229.4445643,0.50,1318.23
1762000230.446225,0.50,1318.23
1762000231.447866,0.50,1318.18
1762000232.449399,0.00,1318.18
1762000233.451139,1.00,1318.18
1762000234.452909,0.00,1318.17
1762000235.4545486,0.50,1318.17
1762000236.4562879,1.00,1318.17
1762000237.4578125,0.00,1318.17
1762000238.459371,1.50,1318.17
1762000239.4608884,0.00,1318.17
1762000240.4625313,2.00,1318.17
1762000241.4643078,0.50,1318.15
1762000242.4649992,1.00,1318.15
1762000243.466601,0.50,1318.15
1762000244.4687319,0.50,1318.15
1762000245.470357,0.00,1318.15
1762000246.4721265,0.50,1318.15
1762000247.4737196,1.00,1318.14
1762000248.4753997,0.50,1318.14
1762000249.4772596,5.00,1318.14
1762000250.4788907,1.00,1318.14
1762000251.4804773,0.00,1318.14
1762000252.4822264,0.00,1318.14
1762000253.4834373,1.00,1318.14
1762000254.4852486,0.00,1318.14
1762000255.4867916,0.50,1318.14
1762000256.4886248,0.50,1318.14
1762000257.4904196,0.50,1318.14
1762000258.4921446,0.00,1318.14
1762000259.4938173,0.50,1318.14
1762000260.4954631,0.50,1318.13
1762000261.4971507,0.00,1318.13
1762000262.4987266,0.00,1318.13
1762000263.501274,0.50,1318.13
1762000264.503316,0.50,1318.13
1762000265.505153,0.50,1318.12
1762000266.5068605,0.00,1318.12
1762000267.508662,1.00,1318.12
1762000268.510599,0.00,1318.12
1762000269.5130622,0.00,1318.12
1762000270.5147667,0.50,1318.12
1762000271.5164435,1.00,1318.12
1762000272.5172386,1.00,1318.11
1762000273.5183394,0.50,1318.11
1762000274.5199368,0.50,1318.11
1762000275.5215166,0.50,1318.11
1762000276.5233574,0.00,1318.11
1762000277.525269,1.50,1318.35
1762000278.526794,0.00,1318.31
1762000279.5288117,0.50,1318.31
1762000280.5309975,0.50,1318.30
1762000281.5331945,0.50,1318.30
1762000282.5349143,0.00,1318.30
1762000283.5366056,0.50,1318.30
1762000284.5381372,0.50,1318.30
1762000285.5398118,0.50,1318.30
1762000286.5416996,0.00,1318.30
1762000287.5433853,0.50,1318.30
1762000288.5451193,1.50,1318.52
1762000289.546766,0.00,1318.50
1762000290.548438,1.00,1318.50
1762000291.550187,0.50,1318.50
1762000292.5519023,0.00,1318.50
1762000293.5536537,1.00,1318.50
1762000294.5553653,0.00,1318.50
1762000295.5570958,0.50,1318.50
1762000296.5586925,0.50,1318.48
1762000297.5605228,0.50,1318.48
1762000298.5622036,0.00,1318.48
1762000299.5636065,5.10,1318.73
1762000300.5652196,1.00,1318.69
1762000301.5674565,12.90,1318.71
1762000302.568667,37.40,1318.74
1762000303.570272,29.40,1318.93
1762000304.5719266,18.60,1318.93
1762000305.5739806,19.30,1318.87
1762000306.5755897,21.70,1319.00
1762000307.5778596,20.20,1319.34
1762000308.5796309,19.30,1319.32
1762000309.5812454,17.20,1318.86
1762000310.5827096,15.20,1318.93
1762000311.5845454,22.80,1320.34
1762000312.586097,16.80,1318.98
1762000313.587561,11.80,1319.02
1762000314.5886567,13.40,1319.05
1762000315.590474,16.00,1319.10
1762000316.5920742,15.50,1318.95
1762000317.5943038,16.50,1319.11
1762000318.596085,18.00,1318.96
1762000319.5977929,16.10,1318.87
1762000320.5995266,17.10,1319.71
1762000321.6013327,19.00,1319.16
1762000322.602828,21.00,1319.00
1762000323.604548,23.70,1319.08
1762000324.6061442,20.10,1319.18
1762000325.6077979,18.30,1318.98
1762000326.6089823,19.40,1319.06
1762000327.6106677,17.90,1318.91
1762000328.6131806,17.20,1319.12
1762000329.6146278,19.20,1318.94
1762000330.6162155,21.70,1319.02
1762000331.6178467,7.80,1316.57
1762000332.6195664,1.00,1316.82
1762000333.621208,0.50,1316.82
1762000334.623753,1.00,1317.55
1762000335.624383,26.30,1325.25
1762000336.6261196,44.10,1330.69
1762000337.627644,41.50,1352.21
1762000338.6294663,23.60,1360.05
1762000339.630994,19.20,1341.17
1762000340.632675,1.00,1341.37
1762000341.6342306,0.50,1341.59
1762000342.6358733,0.00,1341.59
1762000343.637429,0.50,1341.59
1762000344.6391115,0.50,1341.59
1762000345.6406903,0.50,1341.58
1762000346.6423903,0.50,1341.58
1762000347.6440015,0.50,1341.58
1762000348.6457832,1.00,1341.58
1762000349.6473937,0.50,1341.58
1762000350.6489303,0.50,1341.58
1762000351.6507971,0.50,1341.57
1762000352.6525257,0.50,1341.57
1762000353.6541545,0.50,1341.57
1762000354.6556592,1.00,1341.57
1762000355.6572678,0.00,1341.57
1762000356.6589627,1.00,1341.57
1762000357.6606202,0.00,1341.57
1762000358.6623142,1.50,1341.57
1762000359.6639469,0.00,1341.57
1762000360.6655443,1.50,1341.57
1762000361.6672246,1.00,1341.57
1762000362.6687694,0.00,1341.57
1762000363.6703396,1.00,1341.54
1762000364.6718495,0.50,1341.54
1762000365.6734192,0.50,1341.54
1762000366.6749408,0.50,1341.54
1762000367.676679,1.00,1341.54
1762000368.6783566,0.00,1341.54
1762000369.6799972,0.50,1341.54
1762000370.6816466,0.50,1341.54
1762000371.6833198,0.50,1341.54
1762000372.684859,1.50,1341.54
1762000373.6863437,4.00,1341.54
1762000374.688312,0.50,1341.54
1762000375.6903477,1.00,1341.54
1762000376.6918662,0.50,1341.54
1762000377.6933928,0.50,1341.54
1762000378.6951468,0.50,1341.54
1762000379.6972673,0.50,1341.54
1762000380.6989236,0.50,1341.54
1762000381.7005699,0.50,1341.54
1762000382.701934,2.00,1341.54
1762000383.7035182,2.50,1343.20
1762000384.7052183,0.00,1343.20
1762000385.7069268,0.00,1343.20
1762000386.7085416,1.00,1343.20
1762000387.7106414,0.00,1343.20
1762000388.7122803,0.00,1343.20
1762000389.7138689,1.00,1343.20
1762000390.7156014,1.00,1343.20
1762000391.7171576,0.50,1343.20
1762000392.718713,0.50,1343.20
1762000393.7204156,0.50,1343.20
1762000394.721994,0.50,1343.20
1762000395.7235725,0.00,1343.20
1762000396.725155,0.00,1343.20
1762000397.7268922,1.00,1343.20
1762000398.7284353,0.00,1343.20
1762000399.730192,0.50,1343.20
1762000400.7317586,0.00,1343.20
1762000401.7334142,1.00,1343.20
1762000402.7349777,0.00,1343.20
1762000403.736607,0.50,1343.18
1762000404.7382388,0.50,1343.18
1762000405.7395215,0.00,1343.18
1762000406.7412722,0.50,1343.18
1762000407.742796,0.00,1343.18
1762000408.744462,1.50,1343.18
1762000409.7460678,0.50,1343.18
1762000410.747707,0.00,1343.18
1762000411.7494543,1.50,1343.16
1762000412.7511368,0.00,1343.16
1762000413.7527206,1.00,1343.16
1762000414.7544892,0.50,1343.25
1762000415.7563012,0.00,1343.24
1762000416.7579484,0.00,1343.24
1762000417.7595263,0.00,1343.24
1762000418.7611241,1.00,1343.24
1762000419.7626138,0.00,1343.24
1762000420.7641115,1.50,1343.24
1762000421.7657223,0.50,1343.24
1762000422.7675073,0.00,1343.24
1762000423.769358,1.00,1343.24
1762000424.7708335,0.00,1343.24
1762000425.772484,1.00,1343.24
1762000426.774114,0.00,1343.24
1762000427.7757187,0.00,1343.24
1762000428.7773201,0.50,1343.24
1762000429.7788346,0.50,1343.24
1762000430.7804055,0.00,1343.24
1762000431.7819777,0.00,1343.24
1762000432.7837462,0.00,1343.24
1762000433.7853446,6.00,1343.42
1762000434.7867694,19.70,1343.74
1762000435.7884228,20.50,1343.82
1762000436.790051,22.40,1343.86
1762000437.7923453,19.90,1343.80
1762000438.7943351,20.80,1343.70
1762000439.7957947,18.60,1343.62
1762000440.7973137,15.20,1343.59
1762000441.79937,15.50,1343.74
1762000442.801684,14.90,1343.48
1762000443.8035116,15.70,1343.76
1762000444.805842,16.60,1343.84
1762000445.8074064,14.20,1343.78
1762000446.808457,17.10,1343.88
1762000447.8102226,18.50,1343.78
1762000448.811369,18.10,1343.62
1762000449.812769,19.10,1344.00
1762000450.8142147,21.50,1343.90
1762000451.8156526,21.40,1343.86
1762000452.817342,21.30,1343.59
1762000453.8187633,18.70,1343.88
1762000454.8202736,17.40,1343.98
1762000455.8217633,19.20,1343.94
1762000456.823312,21.00,1343.88
1762000457.824768,24.00,1343.87
1762000458.8257663,22.90,1344.09
1762000459.827622,21.10,1344.02
1762000460.8291702,20.30,1344.05
1762000461.830678,27.40,1344.02
1762000462.8329303,17.80,1344.01
1762000463.8347502,17.70,1344.01
1762000464.8363502,1.00,1343.31
1762000465.8380852,0.50,1343.31
1762000466.8396556,0.50,1343.31
1762000467.841312,1.00,1343.56
1762000468.843998,2.50,1343.56
1762000469.845975,0.50,1343.56
1762000470.8476176,0.50,1343.56
1762000471.8491726,0.00,1343.56
1762000472.8507557,0.50,1343.56
1762000473.852097,0.00,1343.56
1762000474.8537402,0.00,1343.54
1762000475.855393,0.50,1343.54
1762000476.8569946,1.00,1343.54
1762000477.8588212,0.50,1343.54
1762000478.8604684,1.00,1343.54
1762000479.8622766,0.50,1343.54
1762000480.8637857,2.00,1343.51
1762000481.865406,0.00,1343.51
1762000482.866967,0.50,1343.51
1762000483.8689184,1.00,1343.51
1762000484.8709123,1.00,1343.51
1762000485.8726192,0.00,1343.51
1762000486.874382,0.50,1343.50
1762000487.8762481,0.50,1343.50
1762000488.8778152,0.50,1343.50
1762000489.8794696,0.50,1343.50
1762000490.8810785,0.00,1343.50
1762000491.8826153,1.00,1343.50
1762000492.8842244,0.50,1343.50
1762000493.8857405,0.50,1343.50
1762000494.8873801,0.50,1343.50
1762000495.888934,5.00,1343.50
1762000496.890893,0.00,1343.50
1762000497.892413,0.50,1343.50
1762000498.894845,0.50,1343.49
1762000499.8966384,1.00,1343.49
1762000500.8983436,0.50,1343.49
1762000501.8999715,1.00,1343.49
1762000502.901953,0.00,1343.49
1762000503.9032788,0.50,1343.49
1762000504.9048638,0.50,1343.48
1762000505.9063425,0.00,1343.48
1762000506.9079173,1.00,1343.48
1762000507.9095063,0.50,1343.48
1762000508.9112818,0.50,1343.48
1762000509.913127,0.50,1343.47
1762000510.914899,0.50,1343.47
1762000511.9165907,0.50,1343.47
1762000512.9183915,1.00,1343.47
1762000513.920155,0.00,1343.47
1762000514.9218395,1.00,1343.47
1762000515.9241943,0.50,1343.47
1762000516.9261389,0.00,1343.47
1762000517.927964,0.50,1343.47
1762000518.9297085,0.50,1343.47
1762000519.9313595,0.50,1343.47
1762000520.9328377,0.00,1343.47
1762000521.9343836,1.50,1343.71
1762000522.9361694,0.50,1343.71
1762000523.9385428,0.50,1343.71
1762000524.9403627,1.00,1343.71
1762000525.9420838,0.00,1343.66
1762000526.943784,0.50,1343.66
1762000527.9454427,0.00,1343.66
1762000528.9472258,1.50,1343.64
1762000529.948365,0.50,1343.64
1762000530.9499445,0.00,1343.64
1762000531.9516478,1.00,1343.64
1762000532.95329,0.00,1343.64
1762000533.9547849,0.50,1343.64
1762000534.9554403,0.50,1343.63
1762000535.9571385,0.50,1343.63
1762000536.958771,0.00,1343.63
1762000537.9604812,0.00,1343.63
1762000538.9620743,1.00,1343.63
1762000539.963781,0.00,1343.63
1762000540.9653072,1.50,1343.62
1762000541.966907,0.50,1343.62
1762000542.9685616,0.50,1343.85
1762000543.9704003,0.50,1343.85
1762000544.9721558,0.50,1343.85
1762000545.9736981,0.00,1343.85
1762000546.9753597,0.50,1343.85
1762000547.9770079,0.00,1343.85
1762000548.9787672,0.50,1343.85
1762000549.9804068,0.50,1343.85
1762000550.9821239,0.00,1343.85
1762000551.9835687,0.00,1343.85
1762000552.9851406,0.50,1343.84
1762000553.9866302,0.50,1343.84
1762000554.9882612,1.00,1343.84
1762000555.9897563,0.00,1343.84
1762000556.9919639,5.50,1343.84
1762000557.9939313,1.00,1343.84
1762000558.995543,0.00,1343.84
1762000559.997192,1.50,1343.84
1762000560.9988601,1.00,1343.84
1762000561.999442,0.50,1343.84
1762000563.001194,1.00,1343.84
1762000564.0026965,0.50,1343.84
1762000565.0042944,0.50,1343.83
1762000566.0059783,0.50,1343.83
1762000567.0077133,13.20,1343.81
1762000568.008717,39.30,1343.55
1762000569.0105352,21.50,1343.81
1762000570.0116565,17.60,1343.82
1762000571.0138366,18.10,1343.77
1762000572.015815,15.60,1343.58
1762000573.0188577,13.60,1343.75
1762000574.020441,12.60,1343.76
1762000575.0224543,15.40,1343.85
1762000576.0248435,16.00,1343.88
1762000577.026916,18.30,1343.76
1762000578.0286496,13.90,1343.96
1762000579.029794,14.50,1343.98
1762000580.0306363,13.30,1343.91
1762000581.0322523,15.40,1344.00
1762000582.0339637,16.90,1344.20
1762000583.035536,15.80,1343.70
1762000584.0378609,15.10,1343.73
1762000585.0392916,13.80,1344.01
1762000586.0409338,19.60,1343.82
1762000587.0425222,22.20,1343.84
1762000588.0441453,23.70,1343.84
1762000589.0455096,20.10,1343.70
1762000590.0469906,21.30,1343.88
1762000591.048597,19.40,1343.57
1762000592.0502732,17.90,1343.98
1762000593.0513873,20.60,1343.82
1762000594.053456,19.40,1343.81
1762000595.0549595,20.50,1344.11
1762000596.0569308,11.30,1343.98
1762000597.0589118,5.90,1342.68
1762000598.059542,0.50,1342.68
1762000599.061174,1.00,1342.68
1762000600.06285,5.50,1343.60
1762000601.0644448,2.00,1343.60
1762000602.0659497,0.00,1343.60
1762000603.067549,0.50,1343.60
1762000604.0691159,0.50,1343.60
1762000605.0708427,0.50,1343.60
1762000606.071956,0.50,1343.60
1762000607.0754488,0.50,1343.59
1762000608.0770762,0.50,1343.59
1762000609.0786176,0.50,1343.59
1762000610.0806317,1.00,1343.59
1762000611.0823243,0.00,1343.59
1762000612.0838735,0.00,1343.59
1762000613.0856483,1.00,1343.59
1762000614.087341,0.50,1343.59
1762000615.0891218,0.50,1343.59
1762000616.090607,0.50,1343.59
1762000617.092241,1.00,1343.59
1762000618.0938604,5.50,1343.59
1762000619.095406,0.50,1343.58
1762000620.0969622,1.00,1343.58
1762000621.0986156,0.50,1343.58
1762000622.100509,0.00,1343.58
1762000623.1019988,2.50,1343.58
1762000624.1036327,3.50,1343.55
1762000625.1053379,0.50,1343.54
1762000626.1068852,0.00,1343.54
1762000627.1084507,0.50,1343.54
1762000628.1099617,0.50,1343.54
1762000629.1115582,0.00,1343.54
1762000630.1133463,1.00,1343.54
1762000631.1149337,1.00,1343.53
1762000632.1166587,1.00,1343.53
1762000633.1184938,0.50,1343.53
1762000634.1201868,0.50,1343.53
1762000635.12178,1.00,1343.53
1762000636.123389,0.00,1343.53
1762000637.1249254,1.00,1343.52
1762000638.1265411,0.00,1343.52
1762000639.1281905,0.50,1343.52
1762000640.1297534,1.00,1343.77
1762000641.1312714,0.00,1343.77
1762000642.1328602,0.50,1343.77
1762000643.134405,0.50,1344.00
1762000644.1358743,0.50,1344.00
1762000645.1373618,1.00,1344.00
1762000646.138878,0.50,1344.00
1762000647.1405478,1.00,1344.00
1762000648.1414208,0.00,1344.00
1762000649.1429474,1.00,1343.98
1762000650.1447809,0.00,1343.98
1762000651.1463773,0.00,1343.98
1762000652.147896,1.00,1343.98
1762000653.1495347,0.50,1343.98
1762000654.1512053,0.50,1343.98
1762000655.152846,0.50,1343.96
1762000656.1543784,0.00,1343.96
1762000657.156119,0.50,1343.96
1762000658.1576786,0.00,1343.96
1762000659.1592278,7.00,1343.96
1762000660.1607168,16.60,1344.17
1762000661.1622198,1.50,1344.17
1762000662.1637745,0.50,1344.17
1762000663.1654034,0.00,1344.16
1762000664.1670043,1.00,1344.16
1762000665.1687346,0.00,1344.16
1762000666.1703508,1.00,1344.16
1762000667.1718972,0.00,1344.16
1762000668.1734824,0.00,1344.16
1762000669.175085,0.00,1344.16
1762000670.1766026,2.00,1344.16
1762000671.178197,0.50,1344.16
1762000672.1796744,0.50,1344.16
1762000673.1812634,0.00,1344.14
1762000674.1828024,1.00,1344.14
1762000675.184646,0.00,1344.14
1762000676.1862454,0.50,1344.14
1762000677.1878784,0.50,1344.14
1762000678.1895895,0.00,1344.14
1762000679.191179,0.50,1344.14
1762000680.1933951,0.50,1344.13
1762000681.1949763,5.00,1344.13
1762000682.196718,0.00,1344.13
1762000683.1987882,0.50,1344.13
1762000684.200469,0.50,1344.13
1762000685.2020757,0.50,1344.12
1762000686.2037404,0.50,1344.12
1762000687.2053995,0.50,1344.11
1762000688.2062564,0.50,1344.11
1762000689.2079797,0.00,1344.11
1762000690.2095158,0.50,1344.11
1762000691.2111275,1.00,1344.11
1762000692.2126486,1.00,1344.11
1762000693.2143493,0.00,1344.11
1762000694.2159574,0.50,1344.11
1762000695.2175472,0.50,1344.11
1762000696.2192404,0.50,1344.11
1762000697.2207406,0.50,1344.11
1762000698.2228425,0.00,1344.11
1762000699.2254262,1.00,1344.60
1762000700.2276433,34.30,1346.48
1762000701.2291827,28.70,1344.11
1762000702.2308228,26.30,1343.86
1762000703.2324345,12.20,1343.93
1762000704.234189,16.40,1344.15
1762000705.2356367,13.00,1344.12
1762000706.2372007,12.60,1344.41
1762000707.2388792,13.00,1344.10
1762000708.240462,14.40,1343.92
1762000709.2420018,13.80,1344.16
1762000710.2438905,14.90,1344.29
1762000711.2453957,15.90,1344.07
1762000712.2471986,15.70,1344.19
1762000713.2490988,18.00,1344.14
1762000714.250591,14.50,1344.23
1762000715.2521238,13.40,1344.17
1762000716.253977,14.00,1344.16
1762000717.2556045,15.20,1344.08
1762000718.2571638,18.00,1344.08
1762000719.2586205,18.10,1344.46
1762000720.2602074,15.20,1344.56
1762000721.2617483,17.50,1344.50
1762000722.2633867,14.70,1344.66
1762000723.2648292,17.40,1344.37
1762000724.2663329,15.70,1344.34
1762000725.2678158,19.00,1344.18
1762000726.2694907,18.90,1344.27
1762000727.2705665,18.80,1344.49
1762000728.2723653,18.90,1344.61
1762000729.2739182,19.20,1343.11
1762000730.2754219,1.00,1343.04
1762000731.27711,1.00,1343.04
1762000732.2786734,0.00,1343.04
1762000733.280396,0.50,1343.29
1762000734.28193,1.00,1343.29
1762000735.2834783,0.50,1343.29
1762000736.285076,0.00,1343.29
1762000737.2866158,1.00,1343.29
1762000738.288225,0.00,1343.29
1762000739.2897232,1.50,1343.29
1762000740.2913349,0.50,1343.28
1762000741.2929487,5.00,1343.28
1762000742.2946668,0.50,1343.27
1762000743.2965128,0.50,1343.27
1762000744.298203,0.50,1343.27
1762000745.299811,0.50,1343.27
1762000746.3014963,0.50,1343.27
1762000747.3029456,0.50,1343.27
1762000748.3045058,1.00,1343.27
1762000749.3060818,0.00,1343.27
1762000750.307527,0.00,1343.27
1762000751.3089824,1.50,1343.26
1762000752.3105369,6.50,1343.29
1762000753.311999,0.50,1343.29
1762000754.3136292,0.00,1343.29
1762000755.315199,1.00,1343.29
1762000756.3167102,0.00,1343.29
1762000757.3182583,0.50,1343.29
1762000758.319846,0.00,1343.29
1762000759.3213592,0.50,1343.29
1762000760.3232098,0.50,1343.29
1762000761.324774,0.00,1343.29
1762000762.3263228,5.50,1345.98
1762000763.3279328,57.10,1366.05
1762000764.3496876,80.90,1369.12
1762000765.3511891,66.80,1384.41
1762000766.3527179,50.30,1401.39
1762000767.3543072,47.50,1386.19
1762000768.3557982,1.00,1386.19
1762000769.3574216,1.00,1383.68
1762000770.3590765,1.00,1379.43
1762000771.3606746,0.50,1375.72
1762000772.3621511,0.50,1375.31
1762000773.363668,1.00,1375.31
1762000774.3653016,1.00,1375.31
1762000775.366843,1.00,1375.30
1762000776.3684387,0.00,1375.30
1762000777.3699734,0.50,1375.30
1762000778.372706,1.00,1375.30
1762000779.3743813,6.10,1375.30
1762000780.3766725,48.50,1377.90
1762000781.3784142,29.90,1381.66
1762000782.3799493,1.00,1375.18
1762000783.3815331,4.00,1374.25
1762000784.3831427,0.50,1374.25
1762000785.3847218,5.00,1374.25
1762000786.3863542,0.00,1373.92
1762000787.3886027,1.00,1373.88
1762000788.3904824,0.50,1373.88
1762000789.3925147,0.00,1373.88
1762000790.3941553,4.50,1373.88
1762000791.3958614,0.50,1373.88
1762000792.3976934,2.00,1370.84
1762000793.3993433,0.50,1370.81
1762000794.4009736,0.50,1370.81
1762000795.402637,0.50,1370.80
1762000796.4042149,0.50,1370.80
1762000797.405722,0.00,1370.80
1762000798.4073148,0.50,1370.79
1762000799.408837,0.50,1370.79
1762000800.4104083,1.00,1370.79
1762000801.4121666,5.00,1370.79
1762000802.4138694,0.50,1370.79
1762000803.4155295,0.00,1370.79
1762000804.4169693,1.00,1370.55
1762000805.4189792,0.50,1370.54
1762000806.4205947,5.50,1370.22
1762000807.422341,3.00,1370.16
1762000808.4239175,0.50,1370.07
1762000809.425503,0.00,1370.07
1762000810.4272125,1.50,1370.07
1762000811.4291265,1.00,1370.05
1762000812.4306774,0.00,1370.05
1762000813.4326105,1.00,1370.05
1762000814.4341686,0.00,1370.05
1762000815.435615,1.00,1370.05
1762000816.437301,0.00,1370.05
1762000817.4387884,0.00,1370.05
1762000818.440661,0.50,1370.05
1762000819.4423692,0.00,1370.05
1762000820.44418,0.50,1370.05
1762000821.446471,0.00,1370.04
1762000822.4481041,0.50,1370.04
1762000823.4495153,3.00,1368.26
1762000824.4511456,0.50,1368.25
1762000825.45263,0.50,1368.25
1762000826.454373,0.00,1368.25
1762000827.4559321,0.50,1368.25
1762000828.4581108,1.50,1368.49
1762000829.4596825,0.50,1368.48
1762000830.461246,0.50,1368.48
1762000831.4627845,0.50,1368.48
1762000832.4646385,14.30,1348.90
1762000833.4662204,31.00,1348.61
1762000834.4674196,27.90,1348.61
1762000835.4691133,25.30,1348.86
1762000836.4709015,18.10,1349.17
1762000837.4726381,19.30,1348.97
1762000838.474206,20.60,1349.00
1762000839.4756434,21.30,1348.87
1762000840.4768348,22.90,1348.64
1762000841.478785,16.70,1348.88
1762000842.4795678,14.90,1348.82
1762000843.4813788,15.00,1349.05
1762000844.4828532,19.20,1348.65
1762000845.4845138,16.10,1348.88
1762000846.4859433,14.00,1348.78
1762000847.4874904,16.50,1348.88
1762000848.4883842,18.60,1348.59
1762000849.4899406,12.40,1348.84
1762000850.4914854,15.00,1348.62
1762000851.4929385,13.10,1349.02
1762000852.4945335,19.50,1348.77
1762000853.496791,22.20,1349.03
1762000854.4984074,16.80,1348.81
1762000855.4998555,19.00,1349.00
1762000856.5018315,19.80,1349.00
1762000857.5034049,18.90,1348.71
1762000858.5049286,18.50,1349.06
1762000859.5064197,21.30,1348.92
1762000860.5086973,19.00,1348.73
1762000861.510514,20.70,1348.59
1762000862.512248,9.00,1346.55
1762000863.5138123,0.00,1346.54
1762000864.5153623,5.00,1346.54
1762000865.5168917,1.00,1346.79
1762000866.5184286,0.00,1346.79
1762000867.5200636,0.50,1346.79
1762000868.5217974,0.50,1346.79
1762000869.5233276,1.50,1346.79
1762000870.5247872,1.00,1347.02
1762000871.5263612,1.00,1347.01
1762000872.5278273,0.00,1347.01
1762000873.5293546,1.00,1347.01
1762000874.5309331,0.50,1347.01
1762000875.5324914,1.00,1346.93
1762000876.5341132,1.00,1346.93
1762000877.5356472,0.00,1346.93
1762000878.53723,0.50,1346.93
1762000879.5387733,1.00,1346.93
1762000880.540385,0.50,1346.93
1762000881.542006,0.50,1346.89
1762000882.543566,0.00,1346.89
1762000883.5455492,1.00,1346.89
1762000884.547352,0.50,1346.89
1762000885.54886,0.50,1346.89
1762000886.5504568,7.10,1347.11
1762000887.5524788,1.50,1347.11
1762000888.5543625,2.00,1347.11
1762000889.5559037,0.50,1347.11
1762000890.5575655,1.50,1347.11
1762000891.559132,2.00,1347.11
1762000892.5608435,1.00,1347.07
1762000893.5626032,0.00,1347.06
1762000894.5642173,1.50,1347.06
1762000895.5664513,0.50,1347.05
1762000896.5681818,0.00,1347.05
1762000897.5698931,0.50,1347.05
1762000898.571673,12.00,1347.05
1762000899.5736506,9.00,1347.73
1762000900.5753825,1.50,1347.71
1762000901.5770733,3.00,1347.71
1762000902.5787396,1.00,1347.68
1762000903.5795352,2.00,1347.68
1762000904.5812874,0.50,1347.65
1762000905.582863,0.50,1347.65
1762000906.5843904,0.50,1347.65
1762000907.5863626,0.00,1347.65
1762000908.5874507,1.50,1347.65
1762000909.588931,0.50,1347.65
1762000910.58979,1.00,1347.65
1762000911.591444,0.00,1347.65
1762000912.5934181,1.00,1347.65
1762000913.5951288,1.00,1347.64
1762000914.5965512,0.00,1347.64
1762000915.5982454,0.50,1347.64
1762000916.5998979,0.00,1347.64
1762000917.60159,1.00,1347.64
1762000918.6032286,0.00,1347.64
1762000919.604909,0.50,1347.88
1762000920.6064906,0.50,1347.88
1762000921.6082208,0.50,1347.88
1762000922.6098602,0.00,1347.88
1762000923.6117122,0.50,1347.88
1762000924.613357,5.50,1347.88
1762000925.6151414,1.00,1347.81
1762000926.6167314,0.50,1347.81
1762000927.6185236,0.00,1347.81
1762000928.619476,0.50,1347.81
1762000929.6209474,0.50,1347.81
1762000930.6225233,1.50,1347.81
1762000931.624123,0.00,1347.81
1762000932.6256294,1.50,1347.81
1762000933.6274023,0.00,1347.81
1762000934.628393,0.50,1347.81
1762000935.6299345,0.50,1347.80
1762000936.6317363,0.00,1347.80
1762000937.633342,2.50,1347.80
1762000938.6348705,0.50,1347.79
1762000939.636363,0.50,1347.79
1762000940.6377673,0.50,1347.79
1762000941.639134,0.00,1347.78
1762000942.6407676,0.00,1347.78
1762000943.6424835,1.00,1347.78
1762000944.6443987,0.50,1347.78
1762000945.6459944,0.50,1347.77
1762000946.647635,0.50,1347.77
1762000947.6493015,0.00,1347.77
1762000948.6508765,1.00,1347.77
1762000949.6519828,0.50,1347.76
1762000950.6534681,0.00,1347.76
1762000951.6549766,4.50,1348.00
1762000952.6564634,0.00,1348.00
1762000953.6581547,0.00,1348.00
1762000954.6597857,0.50,1347.98
1762000955.661348,0.00,1347.98
1762000956.6635742,0.50,1347.98
1762000957.6656678,0.50,1347.98
1762000958.6672626,0.00,1347.98
1762000959.668822,0.50,1347.97
1762000960.6704946,2.50,1347.87
1762000961.6722836,0.00,1347.87
1762000962.6738393,1.00,1347.86
1762000963.675342,0.50,1347.86
1762000964.6765592,0.50,1347.86
1762000965.6782906,0.00,1347.86
1762000966.6798522,0.50,1347.86
1762000967.6814592,0.50,1347.86
1762000968.683114,0.00,1347.86
1762000969.6847038,0.00,1347.86
1762000970.6863003,1.00,1347.86
1762000971.6879103,0.50,1347.86
1762000972.689858,0.50,1347.86
1762000973.6917202,0.00,1347.86
1762000974.6934433,0.50,1347.86
1762000975.6951256,0.50,1347.86
1762000976.6968167,0.50,1347.86
1762000977.6984084,0.50,1347.86
1762000978.69997,0.00,1347.85
1762000979.7016416,1.00,1347.85
1762000980.7032478,0.00,1347.85
1762000981.7048197,1.00,1347.85
1762000982.7064316,0.00,1347.85
1762000983.70822,1.00,1347.85
1762000984.7097511,5.00,1347.84
1762000985.7113602,0.00,1347.84
1762000986.7129922,0.50,1347.84
1762000987.7156997,0.50,1348.09
1762000988.7173495,0.50,1348.09
1762000989.7188077,0.50,1348.09
1762000990.7204678,1.00,1348.08
1762000991.7221334,0.50,1348.08
1762000992.7237139,0.50,1348.08
1762000993.725396,1.00,1348.08
1762000994.7272499,0.00,1348.08
1762000995.7289035,0.50,1348.08
1762000996.730497,0.50,1348.07
1762000997.7321074,0.50,1348.07
1762000998.7335753,0.00,1348.07
1762000999.7350664,0.00,1348.07
1762001000.7365623,0.50,1348.07
1762001001.7381375,0.00,1348.07
1762001002.7397194,0.50,1348.06
1762001003.7416868,0.50,1348.06
1762001004.7437563,1.00,1348.06
1762001005.745384,0.50,1348.06
1762001006.746968,0.50,1348.06
1762001007.748561,0.00,1348.06
1762001008.750178,2.00,1348.05
1762001009.7517405,0.50,1348.05
1762001010.7534754,0.00,1348.01
1762001011.7552414,1.50,1348.01
1762001012.757246,0.00,1348.01
1762001013.7589235,0.50,1348.00
1762001014.7607687,0.50,1347.99
1762001015.762436,0.50,1347.99
1762001016.7639706,0.00,1347.99
1762001017.7655444,0.00,1347.99
1762001018.767171,1.00,1347.99
1762001019.7687037,0.00,1347.99
1762001020.7703831,2.00,1347.98
1762001021.772385,0.00,1347.98
1762001022.7739336,0.50,1347.98
1762001023.7756636,0.50,1347.98
1762001024.7778342,0.50,1347.98
1762001025.7795868,0.50,1347.98
1762001026.781329,0.00,1347.97
1762001027.782982,0.50,1347.97
1762001028.7845767,0.50,1347.97
1762001029.7862096,0.00,1347.97
1762001030.787735,1.00,1347.97
1762001031.7892172,0.00,1347.97
1762001032.7907608,0.50,1347.96
1762001033.7927167,0.50,1347.96
1762001034.7944303,0.50,1347.96
1762001035.7977037,1.00,1347.96
1762001036.7998054,0.00,1347.96
1762001037.8014524,0.00,1347.96
1762001038.8030753,0.50,1347.96
1762001039.8046126,0.50,1347.96
1762001040.806378,0.50,1347.96
1762001041.8078983,0.00,1347.96
1762001042.80939,1.00,1347.96
1762001043.8109777,0.00,1347.96
1762001044.8126712,0.00,1347.95
1762001045.8146152,1.50,1348.19
1762001046.8162985,0.00,1348.19
1762001047.8178844,0.00,1348.19
1762001048.8195128,6.00,1348.19
1762001049.821242,0.50,1348.18
1762001050.8227682,1.50,1348.18
1762001051.8248847,0.00,1348.18
1762001052.826962,1.50,1348.18
1762001053.828843,0.50,1348.18
1762001054.8306322,1.00,1348.18
1762001055.832522,0.00,1348.18
1762001056.8340068,0.50,1348.18
1762001057.8356543,1.00,1348.18
1762001058.8372703,0.00,1348.18
1762001059.8388898,0.00,1348.18
1762001060.8405104,1.00,1348.18
1762001061.8421853,0.50,1348.18
1762001062.8436258,0.00,1348.17
1762001063.8455641,1.00,1348.17
1762001064.8465247,0.50,1348.14
1762001065.8479931,0.50,1348.14
1762001066.8496926,0.00,1348.14
1762001067.8515728,1.50,1348.14
1762001068.8532548,1.00,1348.14
1762001069.8549032,0.50,1348.14
1762001070.8562777,0.50,1348.14
1762001071.858304,0.00,1348.14
1762001072.86084,1.00,1348.14
1762001073.8623753,0.50,1348.12
1762001074.863844,0.50,1348.12
1762001075.8655913,0.00,1348.12
1762001076.8673737,0.50,1348.12
1762001077.8688436,1.00,1348.12
1762001078.8705683,4.50,1348.03
1762001079.872856,1.50,1348.03
1762001080.874484,1.50,1348.02
1762001081.8759503,0.50,1348.02
1762001082.8783512,0.50,1348.02
1762001083.8799043,1.00,1348.02
1762001084.881638,0.00,1348.02
1762001085.8836708,0.50,1348.02
1762001086.8853068,0.00,1348.02
1762001087.8868124,0.00,1348.02
1762001088.8883786,1.00,1348.02
1762001089.8903472,0.00,1348.02
1762001090.8918943,1.50,1347.86
1762001091.893373,0.00,1347.86
1762001092.8954031,0.00,1347.86
1762001093.8973615,1.00,1347.86
1762001094.8990912,0.50,1347.86
1762001095.9006798,1.00,1347.86
1762001096.9023635,0.50,1347.86
1762001097.903255,0.50,1347.86
1762001098.904758,0.00,1347.86
1762001099.9062514,0.50,1347.86
1762001100.9074554,0.00,1347.86
1762001101.9095356,0.00,1347.86
1762001102.9122345,1.00,1347.86
1762001103.9137986,0.50,1347.86
1762001104.91544,0.50,1347.86
1762001105.9169333,0.00,1347.86
1762001106.9184654,1.00,1347.86
1762001107.9199572,0.00,1347.85
1762001108.9214826,5.40,1347.85
1762001109.9231002,0.00,1347.85
1762001110.924651,1.00,1347.85
1762001111.9263391,0.00,1347.85
1762001112.9279468,1.00,1347.84
1762001113.9296348,1.00,1347.84
1762001114.931241,0.00,1347.84
1762001115.9327803,4.00,1347.84
1762001116.9344766,0.50,1347.81
1762001117.9361403,0.50,1347.81
1762001118.9377697,0.00,1347.81
1762001119.9393573,0.50,1347.81
1762001120.9409976,0.50,1347.81
1762001121.9426394,0.00,1347.81
1762001122.9442089,0.00,1347.81
1762001123.9458327,1.00,1347.81
1762001124.947596,0.50,1347.81
1762001125.949359,0.00,1347.81
1762001126.9515426,0.50,1347.81
1762001127.953924,1.00,1347.81
1762001128.955812,1.50,1348.05
1762001129.9574084,0.00,1348.05
1762001130.959078,0.00,1348.05
1762001131.9607954,1.50,1348.05
1762001132.9624467,0.00,1348.03
1762001133.9641287,0.00,1348.02
1762001134.9657156,0.50,1348.02
1762001135.967413,0.50,1348.02
1762001136.9693189,0.00,1348.02
1762001137.9711273,0.50,1348.02
1762001138.9728172,0.50,1348.00
1762001139.9745228,0.50,1348.00
1762001140.975462,1.50,1348.00
1762001141.9765875,0.00,1348.00
1762001142.978176,1.00,1348.00
1762001143.979945,0.50,1348.00
1762001144.9816973,0.50,1348.00
1762001145.9833372,0.00,1348.00
1762001146.9851372,0.50,1347.99
1762001147.9868531,0.00,1347.99
1762001148.9885023,0.00,1347.99
1762001149.9900982,1.00,1347.99
1762001150.991667,0.00,1347.99
1762001151.9936187,0.50,1347.99
1762001152.995209,0.00,1347.99
1762001153.9967926,1.00,1347.99
1762001154.9974926,0.00,1347.99
1762001155.999205,1.00,1347.99
1762001157.0013273,0.00,1347.99
1762001158.0030024,1.00,1347.98
1762001159.0047588,0.00,1347.98
1762001160.0071805,0.50,1347.98
1762001161.0087147,0.50,1347.98
1762001162.0103421,0.50,1347.98
1762001163.0121708,0.00,1347.98
1762001164.0137825,0.50,1347.97
1762001165.0153532,0.50,1347.97
1762001166.0168955,0.50,1347.97
1762001167.0185046,0.00,1347.97
1762001168.0201497,0.50,1347.97
1762001169.0217414,4.00,1347.97
1762001170.0232399,1.00,1347.97
1762001171.0247636,0.50,1347.96
1762001172.0267603,0.50,1347.96
1762001173.0285091,1.00,1347.96
1762001174.0301204,0.00,1347.96
1762001175.03163,0.50,1347.96
1762001176.0332298,0.50,1347.96
1762001177.034939,0.50,1347.96
1762001178.0365715,0.00,1347.96
1762001179.0381877,0.50,1347.95
1762001180.0398214,0.50,1347.95
1762001181.0413578,0.00,1347.95
1762001182.0428436,0.50,1347.95
1762001183.0443983,0.50,1347.95
1762001184.0459893,1.00,1347.95
1762001185.0475743,0.00,1347.95
1762001186.0492818,0.00,1347.95
1762001187.0512505,1.00,1347.95
1762001188.052806,0.00,1347.95
1762001189.05443,1.50,1347.95
1762001190.0559494,0.00,1347.95
1762001191.0576296,0.00,1347.95
1762001192.059441,0.50,1347.95
1762001193.061271,0.50,1347.92
1762001194.0631864,0.50,1347.92
1762001195.064746,0.00,1347.92
1762001196.066363,0.50,1347.92
1762001197.0678556,22.80,1348.16
1762001198.0689113,17.10,1348.41
1762001199.071993,18.30,1348.89
1762001200.0735242,28.20,1349.12
1762001201.0754013,1.50,1349.09
1762001202.0771246,6.00,1349.57
1762001203.0787609,2.50,1349.56
1762001204.0802686,0.50,1349.20
1762001205.0819492,3.00,1349.14
1762001206.0835721,2.00,1349.14
1762001207.0853004,0.50,1349.14
1762001208.0868707,0.50,1349.14
1762001209.088395,2.00,1349.14
1762001210.0901556,2.00,1349.14
1762001211.0916705,0.00,1349.12
1762001212.0933273,0.00,1349.12
1762001213.0948343,0.50,1349.12
1762001214.096477,1.00,1349.12
1762001215.0983994,43.80,1349.85
1762001216.1001365,1.50,1349.84
1762001217.1026025,31.30,1349.84
