timestamp,cpu_percent,mem_used_mb
1762108545.673876,29.30,1453.55
1762108546.6758842,3.00,1453.78
1762108547.677564,1.50,1453.77
1762108548.6804621,2.00,1454.81
1762108549.6818545,3.50,1451.76
1762108550.6835608,1.20,1448.38
1762108551.685049,2.40,1452.84
1762108552.6865797,1.80,1449.64
1762108553.6875975,1.70,1453.71
1762108554.688571,1.20,1450.11
1762108555.690225,1.20,1454.44
1762108556.6914217,1.20,1450.74
1762108557.6926894,1.80,1455.55
1762108558.6936412,0.00,1451.40
1762108559.6948845,1.80,1455.54
1762108560.6956882,1.80,1449.63
1762108561.696966,1.20,1449.62
1762108562.69888,2.40,1452.03
1762108563.6996117,1.80,1448.83
1762108564.7005484,0.00,1452.70
1762108565.7013829,1.70,1449.04
1762108566.7024343,1.20,1453.35
1762108567.7030518,2.30,1450.08
1762108568.7039623,0.60,1454.68
1762108569.7052813,1.80,1450.73
1762108570.7085853,1.70,1455.33
1762108571.709574,1.20,1451.17
1762108572.710644,1.20,1455.54
1762108573.711919,1.80,1451.84
1762108574.7133937,2.30,1448.65
1762108575.7140985,0.60,1452.71
1762108576.7151005,0.00,1449.77
1762108577.71651,0.60,1453.63
1762108578.717952,2.30,1449.52
1762108579.7198853,0.50,1439.81
1762108580.7217982,1.00,1439.81
1762108581.7235215,2.00,1439.73
1762108582.7250986,1.00,1439.93
1762108583.7269108,1.00,1439.92
1762108584.728599,0.50,1439.92
1762108585.730281,0.50,1439.92
1762108586.731788,1.00,1439.92
1762108587.7335284,0.00,1439.92
1762108588.7352855,2.00,1439.91
1762108589.7369416,0.00,1439.91
1762108590.7385907,1.00,1439.91
1762108591.7404573,5.50,1439.91
1762108592.7422,0.50,1439.91
1762108593.743837,2.00,1439.91
1762108594.745695,1.00,1439.90
1762108595.7474327,1.00,1439.90
1762108596.749321,0.00,1439.90
1762108597.7509089,0.50,1439.90
1762108598.7526953,0.00,1440.07
1762108599.7544405,1.00,1440.04
1762108600.755983,0.00,1440.04
1762108601.7576327,0.50,1440.04
1762108602.7592423,0.50,1440.04
1762108603.7609906,1.50,1440.04
1762108604.7626433,0.00,1440.04
1762108605.7645204,1.00,1440.01
1762108606.7662857,0.50,1440.01
1762108607.7678037,0.00,1440.00
1762108608.7694888,1.00,1440.00
1762108609.7712295,0.50,1440.00
1762108610.772855,0.00,1440.00
1762108611.7745473,1.50,1440.00
1762108612.776285,0.00,1440.00
1762108613.778039,1.00,1440.00
1762108614.7797325,1.50,1440.00
1762108615.7820346,0.00,1439.99
1762108616.7840967,0.50,1439.98
1762108617.785683,0.00,1439.98
1762108618.7874007,1.00,1439.98
1762108619.7889957,0.50,1439.98
1762108620.7906494,0.00,1439.98
1762108621.792347,1.00,1439.98
1762108622.79385,0.50,1439.98
1762108623.7945619,1.00,1439.98
1762108624.7962487,1.00,1439.86
1762108625.7980773,0.00,1439.86
1762108626.7996695,0.50,1439.86
1762108627.8015196,0.50,1439.84
1762108628.8032146,1.00,1439.84
1762108629.8051167,0.50,1439.84
1762108630.8069377,0.50,1439.84
1762108631.8076653,0.50,1439.84
1762108632.8093402,0.50,1439.84
1762108633.811024,1.00,1439.84
1762108634.8127136,2.00,1439.84
1762108635.814484,0.00,1439.84
1762108636.815577,0.50,1439.84
1762108637.8175042,0.50,1439.84
1762108638.8193245,1.00,1439.82
1762108639.8209743,0.50,1439.81
1762108640.822687,0.00,1439.81
1762108641.8236935,1.00,1439.80
1762108642.8254066,0.00,1439.80
1762108643.8270128,1.50,1439.80
1762108644.828571,0.50,1439.79
1762108645.8302848,0.50,1439.79
1762108646.8319352,0.00,1439.79
1762108647.8335824,1.00,1439.79
1762108648.8352692,1.50,1440.04
1762108649.8367326,0.00,1440.04
1762108650.8383281,0.50,1440.04
1762108651.839701,6.00,1440.45
1762108652.8412948,0.00,1440.45
1762108653.8429694,0.00,1440.45
1762108654.8446352,1.50,1440.45
1762108655.846412,1.50,1440.45
1762108656.848011,0.50,1440.45
1762108657.8497167,0.50,1440.44
1762108658.8513477,1.00,1440.44
1762108659.852866,0.00,1440.44
1762108660.854644,0.50,1440.44
1762108661.8564844,1.00,1440.43
1762108662.8580475,0.00,1440.43
1762108663.8597057,0.50,1440.43
1762108664.8605042,0.50,1440.43
1762108665.862,1.00,1440.43
1762108666.8636203,1.00,1440.43
1762108667.865262,0.50,1440.43
1762108668.8664923,1.50,1440.67
1762108669.8679507,0.00,1440.67
1762108670.869524,0.50,1440.67
1762108671.8715026,2.00,1440.65
1762108672.873196,2.00,1440.65
1762108673.8748903,0.50,1440.65
1762108674.8755536,1.50,1440.65
1762108675.8772547,0.50,1440.15
1762108676.8789372,0.50,1440.14
1762108677.8808208,0.50,1440.14
1762108678.8828459,0.50,1440.14
1762108679.8845987,0.50,1440.14
1762108680.8862739,0.50,1440.14
1762108681.8879864,0.50,1440.13
1762108682.8898776,1.00,1440.13
1762108683.8916059,0.60,1441.66
1762108684.8932498,1.20,1442.54
1762108685.8950107,1.20,1443.86
1762108686.8967857,1.20,1448.90
1762108687.8990712,1.80,1453.24
1762108688.9009671,39.30,1429.22
1762108689.9025958,2.40,1428.88
1762108690.9040906,0.60,1429.10
1762108691.9055824,0.60,1429.10
1762108692.907076,1.20,1429.10
1762108693.908645,2.30,1432.84
1762108694.9101632,0.00,1437.45
1762108695.9112182,1.80,1442.26
1762108696.9127111,2.90,1446.61
1762108697.91429,2.90,1450.97
1762108698.9168358,8.90,1460.62
1762108699.9179692,23.70,1457.44
1762108700.9194825,1.80,1457.69
1762108701.9208033,1.20,1457.67
1762108702.9217842,0.60,1457.67
1762108703.9230874,0.00,1457.66
1762108704.924434,2.90,1457.66
1762108705.9251084,0.60,1460.50
1762108706.9267583,1.80,1464.88
1762108707.9277425,3.00,1448.57
1762108708.928775,1.80,1452.69
1762108709.929665,2.90,1454.80
1762108710.9309351,0.60,1454.82
1762108711.9318874,8.10,1456.54
1762108712.933016,1.20,1456.33
1762108713.9347038,1.10,1425.10
1762108714.9365323,2.00,1425.04
1762108715.9380653,0.00,1425.04
1762108716.939709,1.50,1425.54
1762108717.941354,0.00,1425.50
1762108718.9430306,1.00,1425.50
1762108719.9447393,1.50,1425.50
1762108720.946355,0.50,1425.50
1762108721.9482777,1.00,1425.50
1762108722.9497466,0.00,1425.50
1762108723.9514053,0.50,1425.50
1762108724.9532073,1.00,1425.41
1762108725.9547536,1.00,1425.38
1762108726.956351,0.00,1425.38
1762108727.9580343,1.00,1425.38
1762108728.9596632,1.00,1425.38
1762108729.9613044,0.50,1425.38
1762108730.9632719,0.50,1425.38
1762108731.9648294,1.50,1425.36
1762108732.9666386,0.50,1425.36
1762108733.968234,0.50,1425.35
1762108734.9700236,0.50,1425.35
1762108735.9717484,1.00,1425.35
1762108736.9735782,0.50,1425.35
1762108737.9753215,0.50,1425.35
1762108738.976955,1.50,1425.34
1762108739.9785914,1.00,1425.34
1762108740.9805708,0.50,1425.34
1762108741.9824054,1.00,1425.34
1762108742.9844928,0.00,1425.34
1762108743.9861705,1.00,1425.34
1762108744.987884,0.00,1425.34
1762108745.9895756,1.00,1425.34
1762108746.9911785,0.50,1425.34
1762108747.9927523,0.00,1425.34
1762108748.9944606,1.00,1425.34
1762108749.9961772,1.50,1425.34
1762108750.997959,1.50,1425.34
1762108751.9996479,0.50,1425.34
1762108753.0014253,0.50,1425.34
1762108754.0031805,0.50,1425.34
1762108755.0048192,0.00,1425.32
1762108756.006455,1.50,1425.57
1762108757.008303,0.50,1425.57
1762108758.0099375,1.00,1425.57
1762108759.0117323,1.00,1425.57
1762108760.0134864,1.50,1425.57
1762108761.0153146,0.50,1425.56
1762108762.0168922,1.00,1425.56
1762108763.0185857,0.50,1425.56
1762108764.0202096,0.50,1425.56
1762108765.0219502,0.50,1425.56
1762108766.02356,0.50,1425.55
1762108767.02601,0.50,1425.55
1762108768.0277255,0.00,1425.55
1762108769.029415,1.00,1425.55
1762108770.0312524,2.00,1425.55
1762108771.0330243,0.00,1425.55
1762108772.0347645,7.00,1425.79
1762108773.035975,0.50,1425.79
1762108774.0375102,0.50,1425.55
1762108775.0392835,0.00,1425.55
1762108776.0408163,0.50,1425.55
1762108777.0425932,1.00,1425.51
1762108778.0444462,0.00,1425.51
1762108779.0464227,1.00,1425.51
1762108780.048134,0.50,1425.51
1762108781.0497391,0.50,1425.51
1762108782.0513644,1.50,1425.75
1762108783.0529091,0.00,1425.75
1762108784.0544791,0.50,1425.75
1762108785.0562892,0.00,1425.74
1762108786.0579267,1.00,1425.74
1762108787.0597835,0.00,1425.74
1762108788.0614815,0.50,1425.74
1762108789.0632672,0.50,1425.74
1762108790.0652196,1.00,1425.73
1762108791.0668392,0.50,1425.73
1762108792.0684896,2.00,1425.73
1762108793.0701826,0.00,1425.73
1762108794.0718942,0.50,1425.73
1762108795.0735626,0.00,1425.67
1762108796.0752068,1.00,1425.67
1762108797.0768497,0.00,1425.67
1762108798.0784793,0.50,1425.67
1762108799.08025,1.00,1425.67
1762108800.081795,1.00,1425.67
1762108801.0834608,0.50,1425.66
1762108802.085358,1.50,1425.66
1762108803.0869324,0.00,1425.66
1762108804.0885785,0.50,1425.66
1762108805.0902407,0.00,1425.65
1762108806.0919197,0.50,1425.64
1762108807.0937665,0.50,1425.64
1762108808.095488,0.00,1425.64
1762108809.0970674,0.50,1425.64
1762108810.0987964,1.50,1425.64
1762108811.1004806,0.00,1425.64
1762108812.102209,1.00,1425.64
1762108813.1039562,0.50,1425.64
1762108814.105474,0.00,1425.64
1762108815.107293,0.50,1425.64
1762108816.1090407,1.00,1425.64
1762108817.1108162,1.00,1425.63
1762108818.11166,1.70,1427.42
1762108819.1126976,1.20,1427.86
1762108820.1136527,1.20,1428.30
1762108821.1144528,0.60,1428.30
1762108822.1156914,1.20,1430.48
1762108823.1167407,1.70,1432.90
1762108824.118783,0.60,1432.90
1762108825.1197786,0.60,1432.90
1762108826.1205876,1.20,1432.90
1762108827.1213536,1.20,1432.90
1762108828.1226892,0.60,1432.90
1762108829.124467,0.60,1432.89
1762108830.1249928,3.50,1432.89
1762108831.1262157,2.30,1432.89
1762108832.1276665,6.50,1433.63
1762108833.1294723,1.20,1433.62
1762108834.131111,0.00,1433.54
1762108835.132639,1.70,1433.52
1762108836.1336985,0.00,1433.52
1762108837.135291,1.70,1433.77
1762108838.1360111,1.20,1433.77
1762108839.137538,0.60,1433.77
1762108840.1390376,2.90,1433.64
1762108841.140756,1.80,1433.64
1762108842.1423857,0.60,1433.64
1762108843.143826,0.00,1433.64
1762108844.1456296,1.70,1433.64
1762108845.147282,1.20,1433.63
1762108846.1488655,1.20,1433.87
1762108847.1505892,0.60,1433.87
1762108848.1523037,1.60,1426.40
1762108849.1538963,1.00,1426.40
1762108850.1554933,0.50,1426.40
1762108851.1570537,1.50,1426.64
1762108852.1589625,1.00,1426.64
1762108853.161302,0.50,1426.64
1762108854.1629932,1.00,1426.64
1762108855.164809,0.50,1426.64
1762108856.1665578,1.00,1426.63
1762108857.1682038,0.50,1426.63
1762108858.1700425,0.50,1426.63
1762108859.1716137,1.00,1426.63
1762108860.1734085,0.50,1426.63
1762108861.1750286,2.50,1426.63
1762108862.1767564,0.50,1426.62
1762108863.1783717,1.00,1426.62
1762108864.18011,0.00,1426.62
1762108865.1819644,0.50,1426.62
1762108866.1837218,1.00,1426.62
1762108867.1854448,0.50,1426.61
1762108868.187268,1.00,1426.61
1762108869.1892364,1.00,1426.61
1762108870.1908894,1.00,1426.61
1762108871.1924844,1.50,1426.61
1762108872.194067,1.00,1426.60
1762108873.1957633,1.00,1426.60
1762108874.197797,0.00,1426.60
1762108875.1995287,1.00,1426.60
1762108876.2014298,1.00,1426.60
1762108877.2033176,0.00,1426.60
1762108878.204919,0.50,1426.60
1762108879.2065938,1.50,1426.60
1762108880.2081144,0.00,1426.60
1762108881.2096987,1.50,1426.60
1762108882.2113605,1.50,1426.59
1762108883.213535,0.50,1426.59
1762108884.2153041,0.00,1426.59
1762108885.2168412,1.00,1426.59
1762108886.2184873,1.00,1426.58
1762108887.2203245,0.50,1426.58
1762108888.222382,0.00,1426.58
1762108889.2239983,1.00,1426.58
1762108890.225539,0.50,1426.58
1762108891.227075,2.00,1426.58
1762108892.2288423,6.00,1426.58
1762108893.2304664,1.00,1426.58
1762108894.232293,0.50,1426.58
1762108895.2338738,0.00,1426.57
1762108896.2354882,2.00,1426.57
1762108897.2369864,0.50,1426.57
1762108898.238462,0.00,1426.57
1762108899.2399771,1.00,1426.57
1762108900.2415166,0.00,1426.57
1762108901.242994,1.00,1426.57
1762108902.244731,0.50,1426.55
1762108903.2465758,0.50,1426.55
1762108904.2483492,0.50,1426.55
1762108905.2504678,0.50,1426.55
1762108906.2519042,0.50,1426.55
1762108907.2534642,0.50,1426.55
1762108908.2550938,0.50,1426.55
1762108909.2569835,0.50,1426.55
1762108910.2585273,0.00,1426.55
1762108911.2602847,1.50,1426.54
1762108912.2615104,1.50,1426.79
1762108913.2631028,0.50,1426.79
1762108914.2648077,0.00,1426.75
1762108915.2665334,0.50,1426.91
1762108916.2680826,1.50,1426.91
1762108917.2698965,0.00,1426.90
1762108918.271754,0.00,1426.89
1762108919.2734482,1.00,1426.89
1762108920.2752016,0.50,1426.89
1762108921.2769222,0.00,1426.89
1762108922.2786767,1.00,1426.89
1762108923.2804675,0.00,1426.89
1762108924.281998,0.50,1426.89
1762108925.2835376,0.50,1426.89
1762108926.2855496,0.50,1426.89
1762108927.2873964,0.50,1426.88
1762108928.2891967,0.50,1426.88
1762108929.2910395,1.00,1426.88
1762108930.2926908,0.50,1426.88
1762108931.2945416,1.00,1426.88
1762108932.296299,1.00,1426.87
1762108933.297979,0.50,1426.87
1762108934.299881,0.00,1426.87
1762108935.3016682,0.50,1426.87
1762108936.3032196,0.50,1426.87
1762108937.304791,0.00,1426.86
1762108938.3062968,1.00,1426.86
1762108939.3080297,1.00,1426.84
1762108940.3097239,0.50,1426.84
1762108941.3114066,1.00,1426.83
1762108942.313191,1.50,1426.83
1762108943.3147287,0.00,1426.83
1762108944.3167481,0.00,1426.83
1762108945.318503,0.00,1426.83
1762108946.3201764,1.50,1426.83
1762108947.3218257,0.00,1426.83
1762108948.323663,0.50,1426.83
1762108949.3255153,0.50,1426.83
1762108950.327068,0.00,1426.82
1762108951.329069,3.00,1426.82
1762108952.3305738,6.30,1428.64
1762108953.3314857,1.70,1429.29
1762108954.333095,0.00,1429.96
1762108955.3347032,1.20,1430.18
1762108956.3364253,0.60,1430.18
1762108957.3379714,1.20,1430.18
1762108958.3394537,1.70,1430.18
1762108959.340977,0.60,1430.40
1762108960.3426433,1.20,1430.40
1762108961.3434906,2.30,1430.39
1762108962.3450305,0.60,1430.39
1762108963.3465388,0.60,1430.39
1762108964.3480306,1.70,1430.61
1762108965.3495862,0.60,1430.61
1762108966.3510554,0.00,1430.61
1762108967.3527167,2.90,1431.47
1762108968.354245,1.80,1436.28
1762108969.3557312,0.00,1440.88
1762108970.3575275,1.70,1445.25
1762108971.3594828,1.80,1449.84
1762108972.3604538,4.20,1455.13
1762108973.36193,3.00,1457.54
1762108974.3634531,2.40,1457.96
1762108975.364929,2.30,1458.16
1762108976.3664582,1.80,1457.99
1762108977.367959,1.20,1457.73
1762108978.369558,0.00,1457.53
1762108979.3710434,1.20,1457.39
1762108980.372722,0.60,1457.67
1762108981.3742814,1.20,1457.79
1762108982.375814,0.60,1457.52
1762108983.3774514,1.50,1426.83
1762108984.3790085,0.50,1426.83
1762108985.3806806,1.00,1426.83
1762108986.3825512,1.00,1427.07
1762108987.3842485,1.00,1427.07
1762108988.3858123,0.50,1427.06
1762108989.3878627,1.00,1427.06
1762108990.3895314,1.00,1427.06
1762108991.3913913,0.50,1427.06
1762108992.3930094,0.50,1427.06
1762108993.3949819,1.50,1427.06
1762108994.3964465,0.00,1427.06
1762108995.3983815,1.50,1427.06
1762108996.4002824,0.50,1427.06
1762108997.4019701,1.00,1427.05
1762108998.4039373,0.50,1427.05
1762108999.405578,1.00,1426.99
1762109000.4073749,0.00,1426.99
1762109001.409015,0.50,1426.99
1762109002.4106572,1.00,1426.98
1762109003.412786,1.50,1426.97
1762109004.414388,1.00,1426.97
1762109005.415967,1.50,1427.21
1762109006.4177155,0.50,1427.21
1762109007.4194756,0.50,1427.21
1762109008.4212599,1.00,1427.21
1762109009.4227586,0.50,1427.21
1762109010.4244928,0.50,1427.21
1762109011.4261894,2.00,1427.20
1762109012.4278162,1.00,1427.20
1762109013.4294856,4.50,1427.45
1762109014.4310985,0.50,1427.44
1762109015.43268,2.00,1427.44
1762109016.4343169,0.50,1426.95
1762109017.4382257,1.00,1426.93
1762109018.4398942,0.00,1426.93
1762109019.4414725,1.00,1426.93
1762109020.4430234,0.50,1426.93
1762109021.4448793,0.50,1426.92
1762109022.4465513,0.50,1426.92
1762109023.447892,1.00,1426.92
1762109024.4496248,0.00,1426.92
1762109025.4513547,1.50,1426.92
1762109026.4528189,0.00,1426.92
1762109027.454514,1.00,1427.03
1762109028.4562678,0.50,1427.03
1762109029.4579344,1.50,1427.03
1762109030.4595876,0.00,1427.02
1762109031.461406,1.00,1427.02
1762109032.4631855,0.00,1427.02
1762109033.4647682,1.50,1427.02
1762109034.4665892,0.50,1426.97
1762109035.46851,1.00,1426.97
1762109036.4700165,0.00,1426.97
1762109037.4715638,1.50,1426.96
1762109038.4734142,0.00,1426.96
1762109039.4751053,0.50,1426.96
1762109040.476774,0.50,1426.96
1762109041.4784973,0.50,1426.96
1762109042.4802077,0.00,1426.96
1762109043.481869,1.00,1426.96
1762109044.483449,1.00,1426.96
1762109045.4850652,0.50,1426.96
1762109046.486736,0.00,1426.96
1762109047.487548,0.50,1426.96
1762109048.4891992,1.00,1426.96
1762109049.4909499,1.00,1426.96
1762109050.4925158,0.50,1426.95
1762109051.494101,0.50,1426.95
1762109052.495813,0.00,1426.95
1762109053.4975235,1.00,1427.11
1762109054.4994655,0.00,1427.08
1762109055.5013897,1.00,1427.08
1762109056.5030348,0.00,1427.08
1762109057.504663,1.00,1427.07
1762109058.5062926,0.00,1427.05
1762109059.507932,0.00,1427.05
1762109060.5095072,1.00,1427.05
1762109061.51128,0.00,1427.05
1762109062.5130367,0.00,1427.05
1762109063.514682,1.00,1427.04
1762109064.516452,0.00,1427.04
1762109065.5182207,1.00,1427.03
1762109066.5198116,0.50,1427.03
1762109067.5214663,1.50,1427.03
1762109068.5231004,0.00,1427.03
1762109069.5247972,1.00,1427.03
1762109070.5264454,0.00,1427.03
1762109071.5284364,1.50,1427.27
1762109072.5300288,0.00,1427.27
1762109073.5318792,7.00,1427.76
1762109074.5337825,0.50,1427.76
1762109075.5356712,0.50,1427.02
1762109076.5373633,0.00,1427.00
1762109077.5388865,1.00,1427.00
1762109078.540473,0.00,1426.97
1762109079.5422323,1.50,1426.97
1762109080.5438876,0.00,1426.97
1762109081.5455587,0.50,1426.97
1762109082.5472784,0.00,1426.97
1762109083.548988,1.50,1426.96
1762109084.5507538,0.00,1426.96
1762109085.5524447,0.00,1426.96
1762109086.554181,1.00,1426.96
1762109087.5556955,3.40,1428.54
1762109088.5572739,0.60,1428.98
1762109089.5587802,0.60,1429.23
1762109090.5598407,2.90,1429.23
1762109091.5613859,0.60,1429.21
1762109092.562827,0.00,1429.43
1762109093.5650926,1.20,1429.43
1762109094.566674,1.20,1429.43
1762109095.5684948,0.00,1429.43
1762109096.5700395,1.80,1429.43
1762109097.5716388,1.20,1429.43
1762109098.5730982,1.20,1429.64
1762109099.5748606,0.60,1429.64
1762109100.575558,0.60,1429.64
1762109101.5770936,1.20,1429.64
1762109102.5787272,0.60,1429.64
1762109103.580288,0.00,1429.63
1762109104.581764,1.70,1429.85
1762109105.5833573,0.60,1429.85
1762109106.5848203,1.20,1429.85
1762109107.586383,1.20,1432.69
1762109108.5879486,0.60,1437.29
1762109109.5894842,2.40,1441.89
1762109110.5910022,0.60,1446.48
1762109111.592554,0.60,1451.07
1762109112.593986,1.20,1455.45
1762109113.5954297,0.60,1456.84
1762109114.5968776,1.20,1456.70
1762109115.5983446,0.60,1456.41
1762109116.5997536,0.00,1456.38
1762109117.6014373,1.10,1426.40
1762109118.6030216,0.50,1426.40
1762109119.6046464,2.00,1426.40
1762109120.606288,0.50,1426.64
1762109121.6080317,1.00,1426.64
1762109122.609557,0.50,1426.64
1762109123.6112573,1.00,1426.64
1762109124.6128068,0.00,1426.64
1762109125.6146035,1.50,1426.64
1762109126.6162632,0.00,1426.64
1762109127.617793,1.00,1426.64
1762109128.6195538,0.50,1426.64
1762109129.62109,1.00,1426.64
1762109130.6227849,1.50,1426.62
1762109131.6244557,2.00,1426.62
1762109132.6260948,0.50,1426.62
1762109133.6277828,5.00,1426.87
1762109134.629483,0.00,1426.87
1762109135.631324,1.50,1427.11
1762109136.6329448,0.50,1426.93
1762109137.6347306,0.00,1426.93
1762109138.6364057,2.50,1426.93
1762109139.6381052,1.00,1426.90
1762109140.639766,0.00,1426.90
1762109141.6414633,1.00,1426.90
1762109142.6430635,0.00,1426.90
1762109143.6447601,2.00,1427.15
1762109144.6463656,0.00,1427.14
1762109145.6479366,1.00,1427.14
1762109146.6495173,0.50,1427.14
1762109147.651381,0.50,1427.14
1762109148.6530085,0.00,1427.14
1762109149.6546657,1.50,1427.14
1762109150.6558528,0.50,1427.14
1762109151.6576135,0.50,1427.13
1762109152.659334,0.50,1427.12
1762109153.6607795,0.50,1427.12
1762109154.6625009,1.00,1427.12
1762109155.664337,1.00,1427.12
1762109156.6660736,0.50,1427.12
1762109157.6677454,0.50,1427.12
1762109158.6694655,1.00,1427.08
1762109159.671329,1.50,1427.08
1762109160.672995,0.50,1427.08
1762109161.6747448,1.00,1427.08
1762109162.6766,0.00,1427.07
1762109163.6783304,0.50,1427.07
1762109164.6800933,1.00,1427.06
1762109165.6818404,1.50,1427.06
1762109166.6835027,0.00,1427.06
1762109167.6851103,0.00,1427.06
1762109168.6868703,1.50,1426.98
1762109169.6885664,0.50,1426.94
1762109170.6902263,1.00,1426.92
1762109171.6918564,0.00,1426.92
1762109172.6935506,0.50,1426.92
1762109173.6956346,0.50,1426.92
1762109174.6974678,0.50,1426.91
1762109175.699103,0.50,1427.16
1762109176.7009573,0.00,1427.16
1762109177.702577,0.50,1427.16
1762109178.7042737,1.50,1427.16
1762109179.7057705,0.50,1427.14
1762109180.7074416,1.00,1427.14
1762109181.7092352,0.00,1427.14
1762109182.7109435,0.50,1427.14
1762109183.7125523,0.50,1427.14
1762109184.7142856,1.00,1427.14
1762109185.7159972,0.50,1427.14
1762109186.7175841,1.00,1427.14
1762109187.7193284,0.00,1427.14
1762109188.7210112,1.00,1427.14
1762109189.7228131,1.00,1427.14
1762109190.724523,2.50,1427.13
1762109191.7260768,0.50,1427.12
1762109192.7276783,0.50,1427.12
1762109193.7293992,4.50,1427.37
1762109194.731288,0.50,1427.36
1762109195.732941,0.50,1427.36
1762109196.73705,0.00,1427.30
1762109197.7387185,0.00,1427.30
1762109198.740472,1.50,1427.29
1762109199.7420752,1.00,1427.29
1762109200.7438025,0.00,1427.29
1762109201.7455006,0.00,1427.29
1762109202.74734,0.50,1427.29
1762109203.7489617,1.00,1427.29
1762109204.7505815,0.00,1427.27
1762109205.7510812,1.50,1427.27
1762109206.7528908,0.00,1427.27
1762109207.754511,0.00,1427.27
1762109208.7560859,1.00,1427.27
1762109209.757763,0.50,1427.27
1762109210.7594733,1.00,1427.27
1762109211.7611146,0.00,1427.26
1762109212.762717,0.50,1427.26
1762109213.764563,1.00,1427.26
1762109214.7662485,0.00,1427.26
1762109215.7678862,1.00,1427.26
1762109216.7694528,0.50,1427.26
1762109217.7710762,0.00,1427.26
1762109218.7727246,1.00,1427.26
1762109219.7744226,0.50,1427.26
1762109220.7760005,1.00,1427.26
1762109221.7768097,0.60,1429.04
1762109222.7775056,0.60,1429.71
1762109223.778553,1.20,1429.71
1762109224.7796113,1.80,1429.71
1762109225.7809634,1.20,1429.93
1762109226.7818174,0.60,1429.93
1762109227.7825,0.60,1429.93
1762109228.7836683,0.00,1429.93
1762109229.784743,1.80,1430.42
1762109230.7856362,2.90,1432.17
1762109231.786763,1.20,1432.16
1762109232.7879493,0.60,1432.16
1762109233.7888074,0.00,1432.16
1762109234.789942,1.20,1432.15
1762109235.7913558,1.70,1432.15
1762109236.7920957,0.60,1432.15
1762109237.7930124,0.60,1432.15
1762109238.794414,0.00,1432.15
1762109239.795225,1.80,1432.15
1762109240.7963665,1.80,1432.15
1762109241.7974205,1.20,1432.14
1762109242.7986536,1.20,1432.14
1762109243.8000188,0.00,1432.14
1762109244.8008826,0.00,1432.14
1762109245.8020263,2.40,1432.11
1762109246.8034701,1.80,1432.12
1762109247.8046823,1.80,1432.12
1762109248.8057988,0.60,1432.12
1762109249.8072755,1.20,1432.12
1762109250.8081956,3.50,1435.84
1762109251.8102858,2.30,1426.92
1762109252.812246,0.50,1426.92
1762109253.8139713,0.00,1426.92
1762109254.8156555,5.50,1427.41
1762109255.8171816,0.50,1427.40
1762109256.8188853,0.50,1427.40
1762109257.8206966,1.00,1427.41
1762109258.8223794,1.00,1427.41
1762109259.8239174,0.50,1427.41
1762109260.8255677,0.50,1427.41
1762109261.827071,2.00,1427.41
1762109262.828705,1.00,1427.39
1762109263.8302562,1.00,1427.39
1762109264.8320632,0.00,1427.39
1762109265.8338993,0.50,1427.39
1762109266.8354876,1.00,1427.39
1762109267.8371716,0.50,1427.39
1762109268.8388379,1.00,1427.39
1762109269.8402977,0.50,1427.39
1762109270.8420901,0.00,1427.39
1762109271.8436997,1.00,1427.39
1762109272.8452826,2.00,1427.62
1762109273.8467379,2.00,1427.62
1762109274.84867,2.00,1427.48
1762109275.8504634,1.50,1427.46
1762109276.8523982,1.50,1427.46
1762109277.8539236,0.50,1427.46
1762109278.8555448,1.00,1427.57
1762109279.857298,0.00,1427.57
1762109280.8590622,0.00,1427.57
1762109281.860672,2.00,1427.57
1762109282.8623676,0.00,1427.57
1762109283.864024,1.00,1427.56
1762109284.865664,1.50,1427.55
1762109285.8674684,0.00,1427.55
1762109286.8692098,1.00,1427.55
1762109287.8707244,0.50,1427.55
1762109288.8724756,0.50,1427.55
1762109289.8742142,0.50,1427.54
1762109290.8758845,1.50,1427.54
1762109291.877641,1.00,1427.54
1762109292.8793757,0.50,1427.54
1762109293.881225,1.00,1427.54
1762109294.882876,1.00,1427.53
1762109295.884599,0.50,1427.53
1762109296.8864927,1.50,1427.53
1762109297.8884966,0.00,1427.53
1762109298.8902988,1.50,1427.53
1762109299.8919315,0.50,1427.52
1762109300.8937848,0.00,1427.52
1762109301.8954222,1.50,1427.52
1762109302.8970203,0.50,1427.52
1762109303.898664,1.00,1427.52
1762109304.9003775,0.50,1427.52
1762109305.9022565,0.00,1427.77
1762109306.9038942,1.00,1427.76
1762109307.9056504,0.00,1427.76
1762109308.9075134,1.50,1427.76
1762109309.9092264,0.50,1427.76
1762109310.9109008,1.00,1427.75
1762109311.9125051,2.00,1427.75
1762109312.9142268,0.00,1427.75
1762109313.9155583,1.00,1427.75
1762109314.9177506,4.50,1428.48
1762109315.9195027,0.00,1428.48
1762109316.92144,0.50,1428.48
1762109317.9232354,1.00,1428.48
1762109318.9249837,0.00,1428.48
1762109319.9265473,1.50,1428.48
1762109320.9274266,0.50,1428.48
1762109321.9297833,0.00,1428.48
1762109322.9315054,0.50,1428.48
1762109323.9334152,0.50,1428.46
1762109324.9354162,1.00,1428.46
1762109325.9370556,0.50,1428.46
1762109326.9388373,0.50,1428.46
1762109327.940359,0.50,1428.46
1762109328.9418628,0.00,1428.46
1762109329.9435322,1.50,1428.46
1762109330.9452353,0.00,1428.45
1762109331.9468358,0.50,1428.45
1762109332.9484491,1.00,1428.45
1762109333.9500844,0.00,1428.45
1762109334.9517472,1.00,1428.45
1762109335.9535055,0.50,1428.45
1762109336.9552405,0.00,1428.45
1762109337.9568827,1.50,1428.93
1762109338.9584987,0.00,1428.93
1762109339.960324,1.00,1428.93
1762109340.96197,1.00,1428.93
1762109341.9635725,0.00,1428.93
1762109342.9653838,1.00,1428.93
1762109343.9670699,0.00,1428.92
1762109344.968884,1.00,1428.92
1762109345.971516,0.00,1428.92
1762109346.973193,0.00,1428.92
1762109347.9748795,1.00,1428.91
1762109348.976437,0.50,1428.91
1762109349.979113,1.00,1428.91
1762109350.9807615,1.00,1428.91
1762109351.9824576,0.00,1428.44
1762109352.9840288,1.00,1428.44
1762109353.985578,0.50,1428.44
1762109354.987267,0.50,1428.41
1762109355.9887652,1.60,1432.41
1762109356.9902806,0.00,1437.88
1762109357.991784,0.60,1443.59
1762109358.9932957,0.60,1448.39
1762109359.9947357,1.20,1453.20
1762109360.9963098,1.80,1457.58
1762109361.9979107,0.60,1459.16
1762109362.99945,0.60,1458.83
1762109364.000952,1.20,1458.91
1762109365.0015645,0.60,1458.95
1762109366.0030649,1.20,1458.82
1762109367.004634,0.60,1458.74
1762109368.0061698,1.20,1458.98
1762109369.0076783,0.60,1458.67
1762109370.0093012,0.00,1459.01
1762109371.0107512,2.90,1459.04
1762109372.0114272,2.90,1459.20
1762109373.0129657,0.60,1459.23
1762109374.014472,0.60,1459.10
1762109375.016169,1.20,1459.00
1762109376.0177257,6.40,1459.49
1762109377.0192187,1.70,1459.39
1762109378.0207973,0.00,1459.45
1762109379.0248873,2.30,1460.04
1762109380.0268574,53.30,1436.19
1762109381.088349,95.50,1424.48
1762109382.0900235,83.80,1415.26
1762109383.1014373,66.10,1405.72
1762109384.113903,100.00,1406.71
1762109385.119703,84.10,1410.36
1762109386.1205003,61.10,1408.17
1762109387.1222274,3.00,1408.17
1762109388.1242177,3.50,1408.17
1762109389.2448318,1.00,1408.90
1762109390.2466772,2.50,1408.89
1762109391.248269,0.50,1408.89
1762109392.2499025,0.50,1408.89
1762109393.2523403,1.50,1408.89
1762109394.2539077,51.80,1425.81
1762109395.259238,52.00,1406.36
1762109396.2608047,54.80,1420.87
1762109397.2986822,57.30,1418.33
1762109398.2997086,50.00,1404.54
1762109399.3007026,54.20,1414.78
1762109400.3017077,49.70,1412.65
1762109401.302749,50.00,1412.09
1762109402.3035932,50.50,1420.15
1762109403.3051739,52.80,1423.44
1762109404.307852,49.50,1424.35
1762109405.308661,51.80,1426.95
1762109406.3106563,50.80,1434.81
1762109407.3122172,51.80,1435.93
1762109408.3142645,52.80,1425.40
1762109409.33536,66.30,1391.08
1762109410.3402333,81.80,1369.18
1762109411.3416848,53.60,1325.73
1762109412.3432543,50.30,1339.07
1762109413.3447368,23.10,1324.14
1762109414.346433,1.00,1324.47
1762109415.3480263,0.50,1324.47
1762109416.3494925,2.50,1324.45
1762109417.3510938,1.00,1324.45
1762109418.3527858,0.50,1321.93
1762109419.3544898,1.00,1317.31
1762109420.3561978,1.00,1313.27
1762109421.3579216,0.50,1312.16
1762109422.3595572,1.50,1312.16
1762109423.3610878,0.50,1312.16
1762109424.362978,0.50,1312.40
1762109425.3646843,0.00,1312.16
1762109426.3663476,1.50,1312.16
1762109427.368186,1.00,1311.95
1762109428.3698137,0.50,1312.20
1762109429.371516,1.00,1312.20
1762109430.3730567,0.50,1312.20
1762109431.3749135,2.00,1312.16
1762109432.376543,0.50,1312.16
1762109433.3782594,0.50,1312.16
1762109434.3799136,0.00,1312.16
1762109435.3814828,0.50,1312.16
1762109436.3829267,4.50,1312.40
1762109437.3842478,1.50,1312.40
1762109438.3857973,1.50,1312.40
1762109439.3875127,1.00,1312.40
1762109440.3892293,9.20,1295.16
1762109441.3909512,0.50,1295.16
1762109442.392759,0.50,1295.10
1762109443.3945267,0.00,1295.10
1762109444.3962758,0.50,1295.10
1762109445.3979397,0.00,1295.10
1762109446.3996894,1.50,1295.10
1762109447.4014413,1.00,1295.34
1762109448.403096,1.00,1295.34
1762109449.4054766,1.00,1295.59
1762109450.4073076,0.50,1295.57
1762109451.4078171,0.00,1295.57
1762109452.409532,0.50,1295.57
1762109453.4113996,0.50,1295.57
1762109454.4130635,0.00,1295.57
1762109455.4150894,0.00,1295.57
1762109456.4168704,1.00,1295.57
1762109457.4185133,0.50,1295.57
1762109458.4195893,1.50,1295.57
1762109459.4214168,0.50,1295.57
1762109460.4230895,0.00,1295.57
1762109461.4248796,0.50,1295.57
1762109462.4265268,0.50,1295.55
1762109463.4282079,0.00,1295.55
1762109464.4299827,0.50,1295.55
1762109465.4316561,0.00,1295.55
1762109466.4334178,1.00,1295.55
1762109467.4351048,0.50,1295.55
1762109468.4367356,0.00,1295.14
1762109469.4386346,1.00,1295.08
1762109470.440237,1.50,1295.02
1762109471.4419167,1.00,1295.02
1762109472.4436574,0.00,1295.02
1762109473.44529,0.00,1295.02
1762109474.4469376,0.00,1295.02
1762109475.4479325,0.00,1295.02
1762109476.4495041,1.50,1295.02
1762109477.4510012,1.00,1295.02
1762109478.4526918,0.00,1295.02
1762109479.4543765,1.00,1295.02
1762109480.4576983,1.00,1294.96
1762109481.4593546,0.00,1294.96
1762109482.4609053,0.50,1294.95
1762109483.4616065,0.50,1294.95
1762109484.4631853,0.00,1294.95
1762109485.4650064,0.00,1294.95
1762109486.4667506,1.00,1294.90
1762109487.4687088,2.00,1294.90
1762109488.4703622,0.00,1294.90
1762109489.4717135,1.00,1294.90
1762109490.4727771,1.10,1296.38
1762109491.4737756,4.10,1300.34
1762109492.4753597,0.60,1305.58
1762109493.4765837,0.00,1310.39
1762109494.4777403,1.70,1315.21
1762109495.478831,0.00,1318.08
1762109496.4798546,5.30,1318.65
1762109497.480667,1.20,1319.27
1762109498.4816563,1.20,1319.14
1762109499.4827404,1.80,1319.67
1762109500.4838815,1.80,1319.12
1762109501.4847703,0.60,1319.09
1762109502.4860315,2.30,1318.62
1762109503.4873834,0.00,1318.92
1762109504.4883645,0.60,1318.40
1762109505.4890792,0.00,1318.55
1762109506.490456,0.60,1319.25
1762109507.4910169,1.20,1318.71
1762109508.4920387,0.60,1319.02
1762109509.4927022,1.20,1319.30
1762109510.4935875,1.80,1319.57
1762109511.4947743,1.20,1319.06
1762109512.4956663,1.20,1319.38
1762109513.4963965,2.30,1316.64
1762109514.497507,0.00,1308.75
1762109515.4983695,0.60,1308.71
1762109516.4996417,1.20,1308.71
1762109517.5004613,0.00,1308.71
1762109518.5013952,0.60,1308.71
1762109519.5026371,0.60,1308.71
1762109520.503553,1.20,1290.35
1762109521.5053163,1.50,1288.26
1762109522.5069537,2.00,1287.77
1762109523.5085394,1.50,1287.67
1762109524.5100982,1.50,1288.46
1762109525.5118027,0.50,1288.40
1762109526.5143256,0.50,1288.38
1762109527.516213,0.00,1288.38
1762109528.5178819,0.00,1288.38
1762109529.5197492,0.50,1288.38
1762109530.5217004,1.50,1288.37
1762109531.523439,0.50,1288.37
1762109532.5252764,0.50,1288.37
1762109533.5268059,1.00,1288.37
1762109534.5284815,1.00,1288.37
1762109535.5302622,0.50,1288.37
1762109536.5319192,0.50,1288.37
1762109537.5335574,0.00,1288.37
1762109538.5351162,0.50,1288.37
1762109539.5368562,0.00,1288.37
1762109540.5384102,1.50,1288.36
1762109541.5400887,0.50,1288.35
1762109542.54184,1.00,1288.27
1762109543.5434482,1.00,1288.24
1762109544.545192,1.50,1288.24
1762109545.5467265,0.50,1288.21
1762109546.5485055,0.50,1288.21
1762109547.550251,0.50,1288.21
1762109548.5519085,0.00,1288.21
1762109549.5534527,1.00,1288.21
1762109550.554982,0.00,1288.21
1762109551.556656,2.50,1288.20
1762109552.5584338,1.00,1288.19
1762109553.5601144,0.50,1288.19
1762109554.5618544,0.00,1288.19
1762109555.5634553,2.00,1288.19
1762109556.5650663,5.00,1288.44
1762109557.5667827,0.50,1288.43
1762109558.5686002,0.00,1288.43
1762109559.5703669,0.50,1288.43
1762109560.5719478,0.00,1288.43
1762109561.573577,1.00,1288.43
1762109562.575466,0.50,1288.43
1762109563.5770648,1.00,1288.42
1762109564.578813,1.00,1288.42
1762109565.5804086,1.00,1288.42
1762109566.5820332,0.50,1288.42
1762109567.58383,0.50,1288.42
1762109568.5856016,0.00,1288.42
1762109569.587211,0.50,1288.41
1762109570.5889199,0.50,1288.41
1762109571.590978,1.00,1288.41
1762109572.5917244,0.00,1288.41
1762109573.5933568,0.50,1288.41
1762109574.594928,2.50,1289.11
1762109575.59652,2.00,1289.35
1762109576.5982292,1.00,1289.59
1762109577.5996726,0.50,1289.59
1762109578.6013112,0.00,1289.59
1762109579.6028879,0.00,1289.59
1762109580.6045277,1.00,1289.58
1762109581.6065462,1.50,1289.58
1762109582.6080968,0.50,1289.58
1762109583.6100216,0.50,1289.58
1762109584.6118546,0.00,1289.58
1762109585.6135523,0.50,1289.58
1762109586.6158018,1.00,1289.57
1762109587.617553,2.00,1289.42
1762109588.6195228,0.00,1289.42
1762109589.621057,1.00,1289.42
1762109590.622899,0.50,1289.42
1762109591.6245494,0.50,1289.42
1762109592.626225,0.50,1289.42
1762109593.6279054,0.50,1289.42
1762109594.6296916,0.00,1289.42
1762109595.6313968,1.50,1289.42
1762109596.6330972,1.00,1289.42
1762109597.634872,1.00,1289.41
1762109598.6365023,0.00,1289.41
1762109599.638236,0.00,1289.41
1762109600.6399677,0.50,1289.41
1762109601.6417117,1.00,1289.41
1762109602.643431,0.00,1289.41
1762109603.6451974,0.50,1289.41
1762109604.646833,0.50,1289.41
1762109605.6485448,1.50,1289.41
1762109606.6502619,1.00,1289.41
1762109607.6520267,1.00,1289.40
1762109608.6538043,0.00,1289.40
1762109609.655499,0.00,1289.39
1762109610.6572042,0.50,1289.39
1762109611.6590326,1.50,1289.39
1762109612.661004,1.00,1289.39
1762109613.662624,1.00,1289.39
1762109614.6643405,0.00,1289.39
1762109615.665921,1.50,1289.39
1762109616.667641,0.00,1289.39
1762109617.6694133,5.50,1290.11
1762109618.6712592,0.50,1290.11
1762109619.672896,1.00,1290.11
1762109620.6745546,0.00,1290.11
1762109621.6763349,0.50,1290.11
1762109622.678094,1.50,1290.11
1762109623.6797788,0.50,1290.11
1762109624.6805518,0.50,1291.48
1762109625.6815825,1.20,1292.56
1762109626.6826324,0.60,1293.43
1762109627.6840336,1.20,1294.10
1762109628.6853716,1.80,1294.32
1762109629.686596,1.80,1294.32
1762109630.687683,1.80,1294.32
1762109631.6892378,0.60,1294.31
1762109632.6903343,1.20,1294.56
1762109633.691444,1.80,1294.55
1762109634.6922705,1.80,1294.55
1762109635.6929493,0.60,1294.55
1762109636.6943731,1.80,1294.55
1762109637.6956244,0.60,1294.55
1762109638.6965842,1.20,1294.54
1762109639.6977313,1.70,1294.54
1762109640.6985319,1.20,1294.54
1762109641.699595,1.80,1294.41
1762109642.7005353,1.80,1294.41
1762109643.701865,0.60,1293.84
1762109644.702548,1.20,1296.20
1762109645.7036068,0.60,1296.44
1762109646.7042325,0.60,1296.44
1762109647.705332,1.20,1296.44
1762109648.7064302,0.60,1296.44
1762109649.7070725,0.00,1296.44
1762109650.707947,1.80,1296.43
1762109651.7085447,0.60,1296.43
1762109652.7096295,1.80,1296.43
1762109653.7119896,0.60,1296.43
1762109654.7129543,0.60,1292.28
1762109655.7147176,1.00,1289.01
1762109656.7164972,1.00,1289.01
1762109657.7183027,1.00,1289.01
1762109658.719975,1.00,1289.25
1762109659.72162,0.50,1289.25
1762109660.7235126,0.00,1289.25
1762109661.7249808,0.50,1289.25
1762109662.726647,1.50,1289.25
1762109663.7284591,0.50,1289.25
1762109664.7301059,0.50,1289.25
1762109665.731738,1.00,1289.25
1762109666.733559,1.00,1289.25
1762109667.735394,0.50,1289.25
1762109668.7370923,1.00,1289.25
1762109669.7387662,0.50,1289.24
1762109670.7405064,0.50,1289.24
1762109671.7420607,1.50,1289.48
1762109672.7437868,1.00,1289.48
1762109673.745401,1.00,1289.47
1762109674.7474077,1.00,1289.47
1762109675.7492547,1.50,1289.47
1762109676.7509174,0.00,1289.47
1762109677.752719,5.50,1289.46
1762109678.754443,1.00,1289.46
1762109679.7564273,0.50,1289.46
1762109680.7579613,0.50,1289.46
1762109681.7597277,1.00,1289.46
1762109682.7614698,1.00,1289.46
1762109683.7630026,0.50,1289.45
1762109684.7644784,1.00,1289.45
1762109685.7658992,4.50,1289.53
1762109686.7675512,15.30,1291.55
1762109687.7693655,1.00,1291.55
1762109688.771036,0.50,1291.48
1762109689.7726843,0.50,1291.48
1762109690.7744145,0.50,1291.48
1762109691.7760847,1.00,1291.48
1762109692.7777212,1.50,1291.46
1762109693.7794323,0.50,1291.46
1762109694.7812493,1.00,1291.46
1762109695.782932,1.00,1291.46
1762109696.784526,0.50,1291.46
1762109697.7862277,1.00,1291.46
1762109698.7878582,0.00,1291.45
1762109699.789475,0.00,1291.69
1762109700.7913435,1.00,1291.69
1762109701.7925296,1.50,1291.69
1762109702.7940803,0.50,1291.93
1762109703.7958822,0.00,1291.93
1762109704.7974722,1.00,1291.93
1762109705.7990644,0.00,1291.93
1762109706.801016,0.50,1291.93
1762109707.8027446,0.50,1291.92
1762109708.8043973,0.50,1291.91
1762109709.806502,0.50,1291.91
1762109710.8084714,1.00,1291.91
1762109711.8102956,0.50,1291.91
1762109712.8119407,0.00,1291.91
1762109713.813465,1.50,1291.91
1762109714.8151612,1.50,1291.92
1762109715.816792,0.50,1291.92
1762109716.8185303,0.00,1291.91
1762109717.820214,0.50,1291.91
1762109718.8218818,1.00,1291.91
1762109719.823442,0.50,1291.91
1762109720.8250804,0.00,1291.91
1762109721.8268468,0.00,1291.91
1762109722.828431,0.50,1291.90
1762109723.8299818,1.00,1291.90
1762109724.8315713,1.50,1291.90
1762109725.833311,0.00,1291.89
1762109726.8350554,1.00,1291.89
1762109727.8369899,0.50,1291.89
1762109728.8390052,1.00,1291.89
1762109729.8407354,0.00,1291.89
1762109730.8424258,0.50,1291.89
1762109731.8439803,1.00,1291.89
1762109732.8454974,1.00,1291.89
1762109733.8470247,1.00,1291.89
1762109734.8490138,0.00,1291.87
1762109735.850899,0.50,1291.87
1762109736.8525755,1.50,1291.87
1762109737.8541698,4.00,1292.12
1762109738.855874,0.50,1292.12
1762109739.857756,0.50,1292.12
1762109740.8593757,0.50,1292.11
1762109741.8608346,0.00,1292.11
1762109742.8624759,0.50,1292.11
1762109743.8636973,0.50,1292.11
1762109744.8652334,0.00,1292.11
1762109745.8669055,1.00,1292.11
1762109746.8685396,1.50,1292.10
1762109747.870544,0.00,1292.10
1762109748.8722944,1.00,1292.10
1762109749.8739748,0.00,1292.34
1762109750.8757176,0.00,1292.34
1762109751.8773088,0.50,1292.34
1762109752.878855,0.00,1292.34
1762109753.8805814,1.00,1292.34
1762109754.8832488,0.50,1292.34
1762109755.8848732,0.50,1292.50
1762109756.8865285,0.50,1292.50
1762109757.8876872,0.50,1292.47
1762109758.8895075,0.50,1292.46
1762109759.89066,6.30,1294.69
1762109760.8917298,0.00,1295.80
1762109761.8926182,1.80,1296.23
1762109762.8937252,0.00,1296.45
1762109763.8948853,1.20,1296.45
1762109764.8960152,1.20,1296.45
1762109765.897064,1.20,1296.40
1762109766.8988872,1.80,1296.40
1762109767.9001772,1.20,1296.64
1762109768.9010816,0.00,1296.64
1762109769.9023447,1.20,1296.64
1762109770.903859,1.80,1296.64
1762109771.9048643,0.00,1296.64
1762109772.9058163,0.60,1296.64
1762109773.9068716,1.70,1296.64
1762109774.9077902,0.00,1296.64
1762109775.9087572,1.20,1296.63
1762109776.909759,0.60,1296.63
1762109777.9105268,1.80,1296.63
1762109778.9113128,0.60,1296.63
1762109779.9125247,1.20,1296.63
1762109780.9135766,0.00,1296.63
1762109781.914529,1.70,1296.63
1762109782.915649,1.70,1296.63
1762109783.9166422,0.00,1296.63
1762109784.9176557,0.60,1296.62
1762109785.918674,1.20,1296.62
1762109786.9196699,1.80,1296.61
1762109787.9206712,0.00,1296.86
1762109788.9223967,1.70,1296.86
1762109789.9243844,2.10,1292.20
1762109790.9265654,0.50,1292.20
1762109791.92838,1.00,1292.20
1762109792.9302452,2.00,1292.68
1762109793.9318197,1.00,1292.68
1762109794.9336317,1.00,1292.68
1762109795.935334,0.50,1292.68
1762109796.9369922,0.50,1292.68
1762109797.9386594,1.00,1292.68
1762109798.9403408,4.50,1292.93
1762109799.941867,0.50,1292.92
1762109800.9435935,0.50,1292.92
1762109801.9454267,0.50,1292.92
1762109802.9478247,0.50,1292.92
1762109803.949433,1.00,1292.92
1762109804.9509203,1.00,1292.91
1762109805.952473,0.00,1292.37
1762109806.9539697,3.00,1292.61
1762109807.955806,0.00,1292.61
1762109808.9575403,1.50,1292.85
1762109809.9582808,1.50,1292.85
1762109810.959793,0.00,1292.85
1762109811.9615095,1.00,1292.85
1762109812.9630823,0.00,1292.84
1762109813.9646773,1.50,1292.84
1762109814.9664772,0.00,1292.84
1762109815.9679952,0.50,1292.84
1762109816.969578,1.50,1292.84
1762109817.9711814,0.50,1292.84
1762109818.9728196,1.50,1292.84
1762109819.9746747,1.50,1292.82
1762109820.976389,0.50,1292.82
1762109821.9780176,0.50,1292.82
1762109822.979778,0.50,1292.82
1762109823.9824002,1.00,1292.82
1762109824.9839659,1.00,1292.82
1762109825.9858792,0.50,1292.82
1762109826.9875083,1.00,1292.82
1762109827.9891002,0.00,1292.82
1762109828.990795,1.50,1292.82
1762109829.9923773,1.00,1292.81
1762109830.9939036,1.00,1292.80
1762109831.9962642,0.50,1292.80
1762109832.9979992,0.50,1292.80
1762109833.9997356,1.00,1292.80
1762109835.0014946,0.50,1292.80
1762109836.0032396,0.50,1292.80
1762109837.0062425,1.50,1292.79
1762109838.0078638,0.00,1292.79
1762109839.0094821,1.50,1292.79
1762109840.0113313,1.00,1292.79
1762109841.0129435,0.50,1292.79
1762109842.0145152,0.00,1292.78
1762109843.0165653,0.50,1292.78
1762109844.0183485,1.00,1292.78
1762109845.0198774,0.00,1292.78
1762109846.0215633,0.00,1292.78
1762109847.0233026,1.50,1292.78
1762109848.0250375,0.00,1292.77
1762109849.0267088,1.50,1292.77
1762109850.028496,1.00,1292.77
1762109851.0300696,0.00,1292.77
1762109852.0318217,0.50,1292.76
1762109853.033887,1.00,1293.00
1762109854.0354838,1.00,1293.00
1762109855.0371087,1.00,1293.00
1762109856.038697,0.00,1293.00
1762109857.0403128,5.00,1293.08
1762109858.0420902,0.50,1292.93
1762109859.0439515,5.00,1293.17
1762109860.0456908,1.00,1293.53
1762109861.0472286,0.50,1292.79
1762109862.0488198,4.50,1294.53
1762109863.0504103,5.00,1296.79
1762109864.0523362,1.00,1296.71
1762109865.0544002,0.00,1296.70
1762109866.056057,0.50,1296.70
1762109867.0578997,0.50,1296.45
1762109868.0597825,0.00,1295.58
1762109869.0614681,1.00,1295.58
1762109870.0630536,1.00,1295.57
1762109871.0646412,1.00,1295.57
1762109872.0661812,0.00,1295.57
1762109873.068057,0.00,1295.52
1762109874.0697436,1.50,1295.52
1762109875.0714836,3.00,1295.73
1762109876.0725594,2.00,1295.73
1762109877.0742748,1.00,1295.72
1762109878.0757604,0.50,1295.72
1762109879.0768526,0.50,1295.72
1762109880.0785615,1.50,1295.72
1762109881.079701,0.50,1295.72
1762109882.081225,0.00,1295.72
1762109883.0828297,0.00,1295.72
1762109884.0845113,0.50,1295.72
1762109885.0861828,1.00,1295.72
1762109886.0877256,0.00,1295.72
1762109887.0893986,1.50,1295.71
1762109888.0910196,0.50,1295.70
1762109889.0927763,0.00,1295.70
1762109890.0943668,1.50,1295.70
1762109891.0959787,2.00,1295.69
1762109892.0974882,0.00,1295.69
1762109893.0992503,0.00,1295.92
1762109894.1010482,0.50,1295.92
1762109895.1027782,1.50,1295.92
1762109896.104494,0.00,1295.91
1762109897.1060867,0.50,1295.91
1762109898.1079168,0.50,1295.91
1762109899.1099026,0.50,1295.91
1762109900.1115947,0.50,1295.91
1762109901.113388,1.50,1295.91
1762109902.1151114,0.50,1295.90
1762109903.1169963,0.50,1295.90
1762109904.11861,0.00,1295.90
1762109905.1204941,1.00,1295.89
1762109906.1221175,0.00,1295.89
1762109907.1236885,1.00,1295.89
1762109908.1254387,0.50,1295.89
1762109909.1270576,0.00,1295.89
1762109910.1287632,1.00,1295.89
1762109911.1307003,1.50,1295.89
1762109912.1325102,0.50,1295.89
1762109913.1342194,0.50,1295.89
1762109914.1358428,1.00,1295.89
1762109915.1375754,1.00,1295.89
1762109916.1399474,0.00,1295.89
1762109917.141715,1.00,1295.89
1762109918.1433213,0.50,1295.88
1762109919.1450994,0.50,1295.88
1762109920.1470344,6.00,1296.12
1762109921.1486921,0.50,1296.12
1762109922.150528,0.50,1296.12
1762109923.152334,0.00,1296.12
1762109924.1540253,0.50,1296.12
1762109925.155753,0.50,1296.12
1762109926.1573453,0.00,1296.11
1762109927.158989,1.00,1296.11
1762109928.1606295,0.00,1296.11
1762109929.1623456,0.50,1296.11
1762109930.1639876,0.50,1296.11
1762109931.1657143,0.50,1296.11
1762109932.1675107,0.50,1296.10
1762109933.1694617,0.00,1296.10
1762109934.1711116,1.00,1296.10
1762109935.1727002,1.50,1296.10
1762109936.1744542,0.00,1296.10
1762109937.1759725,1.00,1296.10
1762109938.1777487,0.50,1296.10
1762109939.179741,0.00,1296.10
1762109940.181563,0.50,1296.09
1762109941.18318,1.00,1296.09
1762109942.1848037,1.00,1296.09
1762109943.186486,0.50,1296.09
1762109944.1899698,0.00,1296.07
1762109945.191564,1.50,1296.07
1762109946.1934133,0.50,1296.07
1762109947.1949568,1.00,1296.07
1762109948.1968453,0.00,1296.07
1762109949.1982486,0.00,1296.07
1762109950.199831,1.50,1296.07
1762109951.2017403,0.50,1296.20
1762109952.2036548,0.50,1296.20
1762109953.2054536,0.50,1296.20
1762109954.2069993,0.00,1296.20
1762109955.2087553,1.00,1296.20
1762109956.2104483,0.50,1296.18
1762109957.2124817,1.50,1296.18
1762109958.2140474,0.00,1296.18
1762109959.2157576,1.00,1296.18
1762109960.2175462,0.00,1296.18
1762109961.219245,1.00,1296.18
1762109962.2210944,1.00,1296.17
1762109963.2231002,0.00,1296.17
1762109964.22479,0.50,1296.17
1762109965.226503,1.50,1296.17
1762109966.228322,0.50,1296.15
1762109967.230204,0.50,1296.15
1762109968.2317817,0.50,1296.15
1762109969.2333603,0.00,1296.15
1762109970.2354732,0.50,1296.15
1762109971.2372522,0.50,1296.15
1762109972.238857,2.00,1296.15
1762109973.2405841,0.00,1296.15
1762109974.2424326,2.00,1296.03
1762109975.243976,0.50,1296.03
1762109976.24553,0.00,1296.03
1762109977.2479324,1.00,1296.04
1762109978.249533,1.00,1296.03
1762109979.2512934,0.00,1296.03
1762109980.252899,0.50,1296.03
1762109981.2545068,4.50,1296.77
1762109982.2556925,1.50,1296.76
1762109983.2574563,0.00,1296.76
1762109984.2592287,1.00,1296.76
1762109985.2609496,0.50,1296.76
1762109986.2626917,0.00,1296.76
1762109987.263634,1.00,1296.76
1762109988.2652829,0.00,1296.76
1762109989.2669368,0.00,1296.76
1762109990.2686899,0.50,1296.76
1762109991.2703633,1.50,1296.76
1762109992.2717018,1.50,1296.75
1762109993.273356,0.00,1296.74
1762109994.27506,0.50,1296.74
1762109995.27672,0.50,1296.74
1762109996.2785375,0.00,1296.74
1762109997.2802017,1.50,1296.74
1762109998.2818894,1.00,1296.73
1762109999.283543,0.00,1296.73
1762110000.2852845,0.00,1296.73
1762110001.2869706,1.00,1296.02
1762110002.2886188,0.50,1296.02
1762110003.2902238,0.00,1296.02
1762110004.2920556,0.00,1296.00
1762110005.2937927,1.00,1295.98
1762110006.2955456,1.00,1295.98
1762110007.2972817,0.50,1295.98
1762110008.2996035,0.50,1295.98
1762110009.301237,0.50,1295.98
1762110010.3029094,0.50,1295.97
1762110011.3046446,1.00,1295.97
1762110012.3062506,1.00,1295.97
1762110013.3079362,0.00,1295.97
1762110014.3098345,0.00,1295.97
1762110015.311456,1.50,1295.97
1762110016.3130317,0.50,1295.96
1762110017.3148956,1.00,1295.96
1762110018.3165514,0.50,1295.86
1762110019.318445,0.00,1295.86
1762110020.320112,0.50,1295.86
1762110021.3218734,0.50,1295.85
1762110022.3235517,1.50,1295.85
1762110023.3252783,0.50,1295.85
1762110024.3269417,0.50,1295.85
1762110025.3286166,1.00,1295.85
1762110026.330451,0.50,1295.85
1762110027.3324244,1.00,1295.84
1762110028.334111,0.50,1295.84
1762110029.3360975,0.00,1295.84
1762110030.3378885,0.00,1295.84
1762110031.3398128,2.00,1296.09
1762110032.3414538,1.50,1296.08
1762110033.3430808,0.00,1296.08
1762110034.3448431,1.00,1296.07
1762110035.3470767,1.50,1296.07
1762110036.3489137,0.00,1296.07
1762110037.350645,2.00,1296.07
1762110038.3523417,0.00,1296.07
1762110039.353974,0.00,1296.07
1762110040.3557048,0.50,1296.07
1762110041.357516,5.50,1296.31
1762110042.3594668,1.00,1296.56
1762110043.361116,0.50,1296.55
1762110044.3629417,0.00,1296.55
1762110045.3646197,1.00,1296.55
1762110046.3665667,0.00,1296.54
1762110047.3684046,1.00,1296.54
1762110048.3698878,0.50,1296.55
1762110049.3717985,0.50,1296.54
1762110050.3734703,0.00,1296.54
1762110051.3749595,1.00,1296.54
1762110052.3766298,1.50,1296.54
1762110053.3785014,1.50,1296.42
1762110054.380723,1.00,1296.42
1762110055.3823879,7.60,1296.54
