timestamp,cpu_percent,mem_used_mb,mem_percent
1762428832.7567582,11.30,2612.21,67.50
1762428833.7610555,85.10,2607.04,67.40
1762428834.762833,100.00,2608.02,67.40
1762428835.7677724,100.00,2606.32,67.40
1762428836.7695494,100.00,2608.45,67.40
1762428837.7711825,99.50,2606.35,67.40
1762428838.7731812,100.00,2611.25,67.50
1762428839.774979,91.00,2608.81,67.40
1762428840.779047,98.30,2620.53,67.70
1762428841.7863765,99.40,2615.31,67.60
1762428842.7881792,99.50,2606.50,67.40
1762428843.7894905,100.00,2608.58,67.40
1762428844.796806,100.00,2619.09,67.70
1762428845.7989345,100.00,2616.05,67.60
1762428846.800166,100.00,2616.11,67.60
1762428847.801545,100.00,2612.41,67.50
1762428848.8039885,100.00,2615.56,67.60
1762428849.8059833,100.00,2610.27,67.50
1762428850.8084176,100.00,2610.86,67.50
1762428851.8133302,100.00,2607.52,67.40
1762428852.8172278,100.00,2606.66,67.40
1762428853.8193228,100.00,2606.80,67.40
1762428854.822966,100.00,2610.82,67.50
1762428855.8255024,100.00,2615.41,67.60
1762428856.8317807,100.00,2614.45,67.60
1762428857.8343055,100.00,2610.95,67.50
1762428858.8373573,100.00,2612.23,67.50
1762428859.8383746,100.00,2608.16,67.40
1762428860.8399084,100.00,2612.56,67.50
1762428861.8424938,100.00,2610.17,67.50
1762428862.8453238,100.00,2612.46,67.50
1762428863.8471913,34.20,2606.85,67.40
1762428864.8487914,1.00,2606.85,67.40
1762428865.8513823,2.50,2607.62,67.40
1762428866.8536663,0.50,2607.62,67.40
1762428867.8556716,1.50,2607.62,67.40
1762428868.8577821,1.00,2607.62,67.40
1762428869.8605964,1.00,2607.62,67.40
1762428870.8630743,5.50,2613.27,67.60
1762428871.86516,3.00,2613.50,67.60
1762428872.867646,0.50,2613.50,67.60
1762428873.8704832,1.50,2613.48,67.60
1762428874.8727398,1.00,2613.48,67.60
1762428875.8747427,0.50,2613.48,67.60
1762428876.8770242,1.00,2613.48,67.60
1762428877.8803208,1.00,2613.48,67.60
1762428878.8828046,0.50,2613.48,67.60
1762428879.8851178,1.00,2613.48,67.60
1762428880.887469,1.00,2613.48,67.60
1762428881.8900793,1.00,2613.48,67.60
1762428882.8925807,1.00,2613.48,67.60
1762428883.8952494,3.00,2613.46,67.60
1762428884.8972044,1.50,2613.46,67.60
1762428885.8993542,0.50,2613.46,67.60
1762428886.90132,1.00,2613.46,67.60
1762428887.9032402,0.50,2613.46,67.60
1762428888.9054043,0.00,2613.45,67.60
1762428889.9073868,0.50,2613.45,67.60
1762428890.9092195,0.50,2613.45,67.60
1762428891.911195,0.50,2613.45,67.60
1762428892.9131405,0.00,2613.45,67.60
1762428893.9153924,0.50,2613.45,67.60
1762428894.9178119,0.00,2613.45,67.60
1762428895.9201245,1.50,2613.45,67.60
1762428896.9220626,0.00,2613.45,67.60
1762428897.9246345,6.50,2613.45,67.60
1762428898.9271407,1.00,2613.45,67.60
1762428899.9294486,2.00,2613.44,67.60
1762428900.9315307,1.00,2613.44,67.60
1762428901.9338005,0.00,2613.44,67.60
1762428902.9357743,1.50,2613.44,67.60
1762428903.937763,1.00,2613.42,67.60
1762428904.9417443,1.50,2613.67,67.60
1762428905.9434924,1.00,2613.65,67.60
1762428906.9453986,2.00,2613.65,67.60
1762428907.9472253,0.50,2613.65,67.60
1762428908.949445,0.00,2613.65,67.60
1762428909.951604,0.50,2613.65,67.60
1762428910.9544673,2.00,2613.65,67.60
1762428911.9566236,1.50,2613.65,67.60
1762428912.959274,0.00,2613.64,67.60
1762428913.961334,0.50,2613.64,67.60
1762428914.9636362,0.50,2613.64,67.60
1762428915.9647527,0.50,2613.64,67.60
1762428916.9667246,0.50,2613.64,67.60
1762428917.9695723,0.00,2613.64,67.60
1762428918.9716914,1.00,2613.63,67.60
1762428919.9743865,1.00,2613.63,67.60
1762428920.9763966,0.50,2613.63,67.60
1762428921.9787443,1.00,2613.63,67.60
1762428922.9817016,0.50,2613.63,67.60
1762428923.9841936,0.00,2613.63,67.60
1762428924.9865296,0.00,2613.63,67.60
1762428925.9883158,0.50,2613.63,67.60
1762428926.9904583,4.60,2613.63,67.60
1762428927.9923828,0.50,2613.63,67.60
1762428928.9945438,1.00,2613.63,67.60
1762428929.9963171,0.50,2613.63,67.60
1762428930.998411,0.50,2613.63,67.60
1762428932.000636,4.00,2616.01,67.60
1762428933.0034337,0.00,2616.01,67.60
1762428934.0062692,1.00,2616.01,67.60
1762428935.0083556,0.50,2616.01,67.60
1762428936.0106518,0.50,2616.01,67.60
1762428937.0129392,1.50,2616.00,67.60
1762428938.0149324,0.00,2616.00,67.60
1762428939.0170763,0.50,2616.00,67.60
1762428940.0195272,1.00,2616.00,67.60
1762428941.0215015,0.50,2616.00,67.60
1762428942.0240989,0.50,2616.00,67.60
1762428943.0264132,1.00,2616.00,67.60
1762428944.0283265,1.50,2616.00,67.60
1762428945.0297158,1.00,2616.00,67.60
1762428946.031832,2.00,2616.00,67.60
1762428947.0339754,0.50,2616.00,67.60
1762428948.0356677,0.50,2616.00,67.60
1762428949.0380285,2.00,2616.73,67.60
1762428950.0402074,2.50,2619.68,67.70
1762428951.042441,0.00,2619.68,67.70
1762428952.04531,0.50,2619.67,67.70
1762428953.0474706,1.50,2619.66,67.70
1762428954.049278,3.00,2621.39,67.80
1762428955.051442,1.00,2621.39,67.80
1762428956.0536752,0.00,2621.37,67.80
1762428957.0560958,2.50,2621.59,67.80
1762428958.058112,7.00,2621.59,67.80
1762428959.0597975,0.50,2621.57,67.80
1762428960.0620754,2.00,2621.57,67.80
1762428961.064283,0.50,2621.57,67.80
1762428962.0661597,1.00,2621.57,67.80
1762428963.069228,0.00,2621.57,67.80
1762428964.0716107,1.50,2621.57,67.80
1762428965.0744224,0.50,2621.56,67.80
1762428966.0766304,0.50,2621.56,67.80
1762428967.0788183,1.00,2621.56,67.80
1762428968.0820677,52.80,2618.58,67.70
1762428969.0847826,100.00,2624.38,67.80
1762428970.087474,100.00,2616.56,67.60
1762428971.093517,100.00,2621.71,67.80
1762428972.0953286,100.00,2612.86,67.50
1762428973.0982022,100.00,2613.63,67.60
1762428974.10022,100.00,2619.54,67.70
1762428975.101958,100.00,2620.64,67.70
1762428976.1057851,100.00,2617.62,67.70
1762428977.1093254,100.00,2617.61,67.70
1762428978.1140685,100.00,2615.41,67.60
1762428979.1176987,100.00,2619.42,67.70
1762428980.1201766,100.00,2615.15,67.60
1762428981.1222117,100.00,2614.50,67.60
1762428982.1254735,99.40,2619.95,67.70
1762428983.1294367,100.00,2616.62,67.60
1762428984.1321802,100.00,2612.60,67.50
1762428985.133408,100.00,2618.41,67.70
1762428986.1371725,100.00,2612.89,67.50
1762428987.14028,100.00,2613.21,67.60
1762428988.1443355,100.00,2616.62,67.60
1762428989.1484752,100.00,2617.18,67.70
1762428990.151527,100.00,2617.21,67.70
1762428991.153708,100.00,2615.93,67.60
1762428992.1562026,100.00,2613.55,67.60
1762428993.1583362,100.00,2616.45,67.60
1762428994.161673,100.00,2611.85,67.50
1762428995.1663134,100.00,2613.08,67.50
1762428996.1702304,100.00,2617.50,67.70
1762428997.1721807,100.00,2613.86,67.60
1762428998.174379,41.00,2610.24,67.50
1762428999.1763108,1.00,2610.24,67.50
1762429000.1782546,1.50,2610.97,67.50
1762429001.1803293,1.00,2610.97,67.50
1762429002.18266,0.50,2610.97,67.50
1762429003.1854262,2.00,2610.97,67.50
1762429004.1877494,3.50,2610.96,67.50
1762429005.1902905,2.00,2611.43,67.50
1762429006.1924424,2.50,2611.43,67.50
1762429007.194616,0.50,2611.41,67.50
1762429008.1973543,6.10,2616.04,67.60
1762429009.1997063,2.00,2616.25,67.60
1762429010.2017665,1.00,2616.23,67.60
1762429011.204294,1.50,2616.23,67.60
1762429012.2063043,1.50,2616.23,67.60
1762429013.2082858,0.50,2616.23,67.60
1762429014.2100687,1.50,2616.23,67.60
1762429015.212312,0.50,2616.23,67.60
1762429016.2153308,0.50,2616.23,67.60
1762429017.2174704,1.50,2616.23,67.60
1762429018.219345,0.50,2616.23,67.60
1762429019.2213423,7.50,2616.48,67.60
1762429020.2237773,3.00,2616.48,67.60
1762429021.2257464,1.00,2616.46,67.60
1762429022.2276735,0.50,2616.46,67.60
1762429023.229774,1.00,2616.44,67.60
1762429024.2325401,1.50,2616.44,67.60
1762429025.2346814,1.50,2616.44,67.60
1762429026.237298,0.50,2616.44,67.60
1762429027.2393732,2.00,2616.43,67.60
1762429028.2415793,1.00,2616.43,67.60
1762429029.243809,0.50,2616.42,67.60
1762429030.2457376,1.00,2616.42,67.60
1762429031.2476833,1.00,2616.42,67.60
1762429032.2497082,0.50,2616.42,67.60
1762429033.2523742,1.00,2616.42,67.60
1762429034.2545054,1.00,2616.41,67.60
1762429035.2566612,0.50,2616.41,67.60
1762429036.2592137,1.00,2616.41,67.60
1762429037.2612677,0.50,2616.41,67.60
1762429038.2637293,1.00,2616.41,67.60
1762429039.266593,0.50,2616.41,67.60
1762429040.2693481,1.50,2616.41,67.60
1762429041.2716997,0.50,2616.41,67.60
1762429042.2744007,1.00,2616.41,67.60
1762429043.2767706,0.50,2616.40,67.60
1762429044.2791135,0.50,2616.40,67.60
1762429045.281663,1.00,2616.40,67.60
1762429046.2839513,0.50,2616.39,67.60
1762429047.2862747,1.00,2616.39,67.60
1762429048.2886539,1.00,2616.39,67.60
1762429049.2907035,0.00,2616.39,67.60
1762429050.2926848,0.00,2616.39,67.60
1762429051.295526,0.50,2616.39,67.60
1762429052.2975671,0.50,2616.39,67.60
1762429053.299689,0.50,2616.39,67.60
1762429054.3018215,0.50,2616.38,67.60
1762429055.3044367,0.50,2616.38,67.60
1762429056.306452,0.50,2616.38,67.60
1762429057.3086221,1.00,2616.38,67.60
1762429058.3097694,0.00,2616.38,67.60
1762429059.3119702,0.50,2616.38,67.60
1762429060.3143256,0.50,2616.38,67.60
1762429061.3164346,0.50,2616.38,67.60
1762429062.3184218,1.00,2616.38,67.60
1762429063.320337,1.50,2616.38,67.60
1762429064.3225307,3.00,2616.38,67.60
1762429065.3246937,0.50,2616.38,67.60
1762429066.3269138,2.00,2616.37,67.60
1762429067.3290617,1.00,2616.37,67.60
1762429068.3305416,0.50,2616.37,67.60
1762429069.3324993,1.00,2616.37,67.60
1762429070.3344917,0.00,2616.36,67.60
1762429071.3363738,1.00,2616.36,67.60
1762429072.3382409,0.00,2616.36,67.60
1762429073.339915,24.90,2616.36,67.60
1762429074.3414752,3.00,2616.60,67.60
1762429075.3434846,0.00,2616.60,67.60
1762429076.345754,0.50,2616.60,67.60
1762429077.348567,0.50,2616.60,67.60
1762429078.350664,16.60,2610.41,67.50
1762429079.3534634,5.60,2608.57,67.40
1762429080.3561335,1.50,2608.57,67.40
1762429081.358656,0.00,2608.57,67.40
1762429082.3610966,0.50,2608.57,67.40
1762429083.3633158,4.00,2600.97,67.20
1762429084.3655396,1.50,2600.97,67.20
1762429085.367649,0.50,2600.97,67.20
1762429086.3704474,0.50,2600.97,67.20
1762429087.3730967,1.00,2600.97,67.20
1762429088.3755376,0.00,2600.97,67.20
1762429089.3775764,1.00,2600.97,67.20
1762429090.3794253,0.50,2600.96,67.20
1762429091.3803892,1.00,2600.96,67.20
1762429092.382464,0.00,2600.96,67.20
1762429093.3850167,1.00,2600.96,67.20
1762429094.386936,0.00,2600.95,67.20
1762429095.3887012,0.00,2600.95,67.20
1762429096.3904886,0.50,2600.95,67.20
1762429097.3925195,2.00,2600.95,67.20
1762429098.3944657,0.00,2600.95,67.20
1762429099.8945503,1.20,2600.95,67.20
1762429100.8962903,1.00,2600.94,67.20
1762429101.8984923,1.00,2600.94,67.20
1762429102.9023738,83.10,2551.15,65.90
1762429103.907459,99.50,2551.58,66.00
1762429104.9590187,73.50,2565.50,66.30
1762429106.0451167,73.30,2572.60,66.50
1762429107.0463574,97.80,2558.57,66.10
1762429108.09183,94.90,2557.59,66.10
1762429109.106975,100.00,2550.37,65.90
1762429110.2533786,84.30,2563.12,66.30
1762429111.4392645,62.00,2555.27,66.10
1762429112.4712756,100.00,2554.88,66.00
1762429113.4823883,83.00,2559.46,66.20
1762429114.4841008,98.80,2558.83,66.10
1762429115.490553,98.90,2565.00,66.30
1762429116.527796,100.00,2575.71,66.60
1762429117.5326877,100.00,2557.20,66.10
1762429118.5384533,100.00,2563.07,66.30
1762429119.540401,100.00,2566.14,66.30
1762429120.5515246,100.00,2565.39,66.30
1762429121.5569484,88.10,2559.99,66.20
1762429122.5801892,100.00,2574.88,66.60
1762429123.5833302,98.70,2562.29,66.20
1762429124.6183586,99.30,2572.04,66.50
1762429125.6532555,89.90,2559.91,66.20
1762429126.657494,98.70,2556.93,66.10
1762429127.66065,96.10,2561.50,66.20
1762429128.6654644,100.00,2561.55,66.20
1762429129.674654,100.00,2557.93,66.10
1762429130.6843798,100.00,2559.34,66.20
1762429131.6863878,100.00,2561.49,66.20
1762429132.6901386,50.50,2556.35,66.10
1762429133.6913366,25.70,2556.35,66.10
1762429134.6982992,21.90,2556.35,66.10
1762429135.7170768,11.30,2556.35,66.10
1762429136.7194424,10.20,2556.35,66.10
1762429137.7211974,8.50,2556.34,66.10
1762429138.7267735,5.50,2556.34,66.10
1762429139.7303638,28.50,2556.34,66.10
1762429140.7638335,15.60,2556.82,66.10
1762429141.7659855,6.60,2556.81,66.10
1762429142.7704637,59.70,2533.46,65.50
1762429143.7824445,13.70,2541.92,65.70
1762429144.7895067,3.50,2541.91,65.70
1762429145.808441,1.00,2541.90,65.70
1762429146.8176723,1.60,2541.88,65.70
1762429147.8222952,1.00,2541.88,65.70
1762429148.8254642,0.50,2541.88,65.70
1762429149.828615,0.50,2541.88,65.70
1762429150.8310616,1.00,2541.88,65.70
1762429151.8338182,3.00,2541.88,65.70
1762429152.8797858,0.50,2541.88,65.70
1762429153.9041386,1.00,2541.88,65.70
1762429154.9065003,2.00,2541.88,65.70
1762429155.9082131,1.00,2541.88,65.70
1762429156.90965,0.00,2541.87,65.70
1762429157.911729,0.50,2541.86,65.70
1762429158.914434,0.50,2541.86,65.70
1762429159.9166274,1.00,2541.86,65.70
1762429160.9186864,0.50,2541.86,65.70
1762429161.9211524,1.50,2541.86,65.70
1762429162.923236,0.50,2541.86,65.70
1762429163.9257214,0.50,2541.86,65.70
1762429164.9277334,1.00,2541.86,65.70
1762429165.929791,1.50,2541.86,65.70
1762429166.931943,1.00,2541.86,65.70
1762429167.934445,0.50,2541.86,65.70
1762429168.9364498,1.00,2541.86,65.70
1762429169.938084,0.50,2541.86,65.70
1762429170.9397328,1.00,2541.86,65.70
1762429171.9416838,1.00,2541.86,65.70
1762429172.9443526,0.50,2541.85,65.70
1762429173.9464648,1.00,2541.85,65.70
1762429174.949255,1.00,2541.85,65.70
1762429175.9512904,1.00,2541.85,65.70
1762429176.9531858,0.50,2541.85,65.70
1762429177.955766,0.50,2541.85,65.70
1762429178.957717,4.50,2541.85,65.70
1762429179.960322,1.50,2541.83,65.70
1762429180.9624405,0.50,2541.83,65.70
1762429181.964654,0.50,2541.83,65.70
1762429182.9665318,0.50,2541.83,65.70
1762429183.968277,2.00,2541.83,65.70
1762429184.970502,0.50,2541.82,65.70
1762429185.9725158,3.00,2541.82,65.70
1762429186.9744732,3.00,2541.80,65.70
1762429187.9773102,0.00,2541.80,65.70
1762429188.9797182,1.00,2541.80,65.70
1762429189.9826589,0.00,2541.80,65.70
1762429190.9853373,1.50,2541.80,65.70
1762429191.987595,0.50,2541.80,65.70
1762429192.9897547,0.50,2541.80,65.70
1762429193.9918091,1.50,2541.80,65.70
1762429194.994445,1.00,2541.80,65.70
1762429195.9973242,0.00,2541.80,65.70
1762429196.999488,1.00,2541.80,65.70
1762429198.0011077,0.50,2541.80,65.70
1762429199.0033183,1.50,2541.80,65.70
1762429200.0055072,1.00,2541.79,65.70
1762429201.008263,0.50,2541.79,65.70
1762429202.0102956,0.50,2541.77,65.70
1762429203.0122862,1.00,2541.77,65.70
1762429204.0148735,6.00,2541.76,65.70
1762429205.017107,1.00,2541.76,65.70
1762429206.0193632,0.50,2541.76,65.70
1762429207.0214972,0.50,2541.76,65.70
1762429208.0232115,1.00,2541.76,65.70
1762429209.025826,0.50,2541.76,65.70
1762429210.0284605,0.50,2541.76,65.70
1762429211.030302,1.00,2541.76,65.70
1762429212.0323825,1.00,2541.76,65.70
1762429213.0351055,0.50,2541.75,65.70
1762429214.03847,0.00,2541.75,65.70
1762429215.0410042,0.50,2541.75,65.70
1762429216.0430903,0.50,2541.75,65.70
1762429217.0448213,0.50,2541.75,65.70
1762429218.0466676,1.00,2541.75,65.70
1762429219.048567,1.00,2541.75,65.70
1762429220.050578,0.50,2541.75,65.70
1762429221.0524724,1.50,2541.75,65.70
1762429222.0555615,1.50,2541.75,65.70
1762429223.058516,1.00,2541.74,65.70
1762429224.0602565,1.00,2541.74,65.70
1762429225.0642211,1.00,2541.74,65.70
1762429226.0692303,1.50,2541.74,65.70
1762429227.0725424,1.00,2541.74,65.70
1762429228.0743356,1.00,2541.74,65.70
1762429229.1686914,0.90,2541.73,65.70
1762429230.1706848,0.50,2541.73,65.70
1762429231.2216873,3.10,2541.73,65.70
1762429232.2346163,26.10,2545.16,65.80
1762429233.3247898,5.10,2545.16,65.80
1762429234.329664,5.10,2545.15,65.80
1762429235.3338914,1.00,2545.15,65.80
1762429236.3375046,1.00,2545.15,65.80
1762429237.34017,21.70,2534.75,65.50
1762429238.3415709,100.00,2539.19,65.60
1762429239.3515382,100.00,2539.40,65.60
1762429240.362475,100.00,2537.06,65.60
1762429241.3656437,95.90,2534.48,65.50
1762429242.3703358,100.00,2535.12,65.50
1762429243.3737419,100.00,2537.06,65.60
1762429244.381672,99.50,2533.35,65.50
1762429245.3874993,100.00,2535.19,65.50
1762429246.3884723,98.80,2532.50,65.50
1762429247.4203722,98.70,2532.35,65.50
1762429248.4233577,100.00,2538.44,65.60
1762429249.4275575,100.00,2532.16,65.50
1762429250.559696,100.00,2532.18,65.50
1762429251.5623837,100.00,2538.55,65.60
1762429252.563603,100.00,2533.28,65.50
1762429253.566704,100.00,2534.95,65.50
1762429254.573814,100.00,2567.53,66.40
1762429255.584027,100.00,2549.61,65.90
1762429256.5872638,99.50,2548.52,65.90
1762429257.5887952,100.00,2540.43,65.70
1762429258.5918036,100.00,2539.76,65.70
1762429259.5934045,100.00,2540.95,65.70
1762429260.5967298,100.00,2540.65,65.70
1762429261.609727,100.00,2537.75,65.60
1762429262.616349,100.00,2543.19,65.70
1762429263.6193511,100.00,2537.39,65.60
1762429264.6221774,100.00,2536.30,65.60
1762429265.6236005,100.00,2538.11,65.60
1762429266.6261199,100.00,2539.50,65.60
1762429267.6289825,59.00,2538.25,65.60
1762429268.631286,1.50,2539.47,65.60
1762429269.6330225,3.50,2540.43,65.70
1762429270.6347394,0.50,2540.43,65.70
1762429271.6370897,1.00,2540.43,65.70
1762429272.638827,0.50,2540.42,65.70
1762429273.6405313,0.00,2540.42,65.70
1762429274.642172,1.00,2540.42,65.70
1762429275.6447375,0.00,2540.42,65.70
1762429276.6497912,1.00,2540.42,65.70
1762429277.6517458,0.50,2540.42,65.70
1762429278.653575,0.00,2540.42,65.70
1762429279.655576,1.00,2540.42,65.70
1762429280.6574874,1.00,2540.41,65.70
1762429281.6594446,0.50,2540.41,65.70
1762429282.6611886,1.00,2540.41,65.70
1762429283.663102,0.50,2540.41,65.70
1762429284.665714,0.00,2540.41,65.70
1762429285.6675668,0.50,2540.41,65.70
1762429286.6692426,1.00,2540.41,65.70
1762429287.6710832,0.50,2540.41,65.70
1762429288.6731248,0.50,2540.41,65.70
1762429289.6751235,0.50,2540.41,65.70
1762429290.6767802,0.50,2540.41,65.70
1762429291.6784635,0.50,2540.41,65.70
1762429292.68028,0.00,2540.41,65.70
1762429293.682302,1.50,2540.41,65.70
1762429294.6842384,2.50,2540.64,65.70
1762429295.6867313,1.00,2540.62,65.70
1762429296.6886814,1.00,2540.62,65.70
1762429297.6907666,0.50,2540.62,65.70
1762429298.6928294,2.50,2540.62,65.70
1762429299.6951659,1.00,2540.61,65.70
1762429300.6973794,0.50,2540.61,65.70
1762429301.699293,1.00,2540.61,65.70
1762429302.7014341,0.00,2540.61,65.70
1762429303.7034152,2.00,2540.61,65.70
1762429304.7064452,2.00,2540.61,65.70
1762429305.709435,1.50,2540.59,65.70
1762429306.7116709,1.50,2540.59,65.70
1762429307.714242,2.00,2540.59,65.70
1762429308.7164302,0.50,2540.59,65.70
1762429309.7181652,5.60,2543.04,65.70
1762429310.7197783,5.10,2543.01,65.70
1762429311.721543,2.50,2543.01,65.70
1762429312.723259,1.00,2543.01,65.70
1762429313.7264469,1.50,2543.01,65.70
1762429314.7292428,2.00,2543.01,65.70
1762429315.731237,1.00,2543.00,65.70
1762429316.7353373,1.00,2543.00,65.70
1762429317.7435145,1.50,2543.00,65.70
1762429318.8474498,1.00,2543.00,65.70
1762429319.8936691,3.90,2543.00,65.70
1762429320.920453,1.00,2542.99,65.70
1762429321.967455,2.00,2542.99,65.70
1762429322.9789667,1.60,2542.98,65.70
1762429323.9813812,3.60,2542.98,65.70
1762429324.9834886,20.90,2544.46,65.80
1762429325.986722,6.00,2544.46,65.80
1762429327.028751,2.10,2544.45,65.80
1762429328.0403008,1.50,2544.45,65.80
1762429329.1051106,1.00,2544.45,65.80
1762429330.1199474,1.50,2544.45,65.80
1762429331.1457398,3.50,2544.45,65.80
1762429332.1487892,1.00,2544.45,65.80
1762429333.1508148,1.50,2544.45,65.80
1762429334.1814697,1.00,2544.44,65.80
1762429335.18551,1.00,2544.44,65.80
1762429336.1981683,2.10,2544.44,65.80
1762429337.2003827,1.50,2544.44,65.80
1762429338.2075417,1.50,2544.44,65.80
1762429339.2118123,1.00,2544.43,65.80
1762429340.214212,2.00,2544.43,65.80
1762429341.2199974,0.50,2544.43,65.80
1762429342.228981,1.50,2544.43,65.80
1762429343.2320573,5.00,2544.43,65.80
1762429344.2344363,1.00,2544.43,65.80
1762429345.2413208,1.00,2544.42,65.80
1762429346.244761,1.00,2544.42,65.80
1762429347.2476819,7.70,2544.64,65.80
1762429348.2504568,0.50,2544.63,65.80
1762429349.2535512,1.00,2544.63,65.80
1762429350.2575479,1.00,2544.63,65.80
1762429351.260585,1.00,2544.60,65.80
1762429352.2631075,1.00,2544.60,65.80
1762429353.2667356,3.50,2544.58,65.80
1762429354.2734792,0.50,2544.58,65.80
1762429355.2759852,1.00,2544.58,65.80
1762429356.278169,1.00,2544.58,65.80
1762429357.2800028,3.50,2544.58,65.80
1762429358.281784,0.00,2544.58,65.80
1762429359.2846892,1.00,2544.58,65.80
1762429360.2871366,1.00,2544.58,65.80
1762429361.289459,0.50,2544.58,65.80
1762429362.2917442,1.00,2544.57,65.80
1762429363.2939036,1.00,2544.56,65.80
1762429364.2957468,4.00,2544.56,65.80
1762429365.2976384,0.50,2544.56,65.80
1762429366.299382,1.50,2544.55,65.80
1762429367.3450384,3.40,2544.55,65.80
1762429368.347374,1.00,2544.55,65.80
1762429369.3518057,0.50,2544.54,65.80
1762429370.7677557,1.10,2544.54,65.80
1762429371.7701354,2.00,2544.54,65.80
1762429372.771476,58.60,2544.95,65.80
1762429373.7723758,100.00,2542.50,65.70
1762429374.7748227,100.00,2545.99,65.80
1762429375.7890599,100.00,2543.07,65.70
1762429376.806358,98.10,2543.11,65.70
1762429377.854526,92.40,2548.65,65.90
1762429378.86364,97.10,2541.09,65.70
1762429379.8658059,100.00,2542.62,65.70
1762429380.8702457,100.00,2548.77,65.90
1762429381.8732247,100.00,2545.41,65.80
1762429382.874419,100.00,2543.89,65.80
1762429383.8799295,99.50,2544.12,65.80
1762429384.8837345,100.00,2542.38,65.70
1762429385.8851845,99.50,2540.40,65.70
1762429386.8889647,100.00,2541.52,65.70
1762429387.891113,100.00,2542.23,65.70
1762429388.894602,100.00,2545.75,65.80
1762429389.898035,100.00,2548.18,65.90
1762429390.9018314,100.00,2545.01,65.80
1762429391.9032714,100.00,2541.27,65.70
1762429392.9054606,100.00,2542.00,65.70
1762429393.906793,100.00,2540.81,65.70
1762429394.90844,100.00,2546.67,65.80
1762429395.91149,99.50,2544.54,65.80
1762429396.9159722,100.00,2544.14,65.80
1762429397.918491,100.00,2543.69,65.80
1762429398.9217618,100.00,2545.21,65.80
1762429399.9243748,100.00,2540.16,65.70
1762429400.9254909,100.00,2543.88,65.80
1762429401.9303281,98.50,2544.86,65.80
1762429402.9373896,25.60,2537.84,65.60
1762429403.939296,0.50,2537.84,65.60
1762429404.9410408,1.50,2538.57,65.60
1762429405.942755,0.50,2538.57,65.60
1762429406.9459178,1.00,2538.57,65.60
1762429407.9523687,2.50,2538.57,65.60
1762429408.955313,1.00,2538.57,65.60
1762429409.957032,0.00,2538.57,65.60
1762429410.960309,2.00,2538.80,65.60
1762429411.9673321,2.00,2538.80,65.60
1762429412.9717336,0.50,2538.80,65.60
1762429413.9764442,2.60,2538.80,65.60
1762429414.9826686,2.50,2538.80,65.60
1762429415.9847088,2.00,2538.79,65.60
1762429416.986732,1.50,2538.79,65.60
1762429417.989402,1.50,2538.79,65.60
1762429418.9931054,2.00,2538.79,65.60
1762429419.995729,1.00,2538.79,65.60
1762429420.9984832,2.00,2538.79,65.60
1762429422.001148,0.50,2538.79,65.60
1762429423.0035837,2.00,2538.79,65.60
1762429424.0057633,4.00,2538.79,65.60
1762429425.0076199,0.50,2538.79,65.60
1762429426.011171,1.00,2538.79,65.60
1762429427.013163,3.50,2538.79,65.60
1762429428.015237,2.50,2539.02,65.60
1762429429.017188,0.50,2539.02,65.60
1762429430.0194678,1.00,2539.02,65.60
1762429431.020728,0.50,2539.02,65.60
1762429432.0213776,1.00,2539.02,65.60
1762429433.0233243,1.50,2539.02,65.60
1762429434.0307977,0.00,2539.02,65.60
1762429435.0334709,1.00,2539.02,65.60
1762429436.0353615,2.00,2539.26,65.60
1762429437.0374548,1.00,2539.26,65.60
1762429438.039505,0.50,2540.97,65.70
1762429439.0412755,1.50,2540.97,65.70
1762429440.0431826,0.50,2540.97,65.70
1762429441.0523376,3.00,2540.97,65.70
1762429442.0542755,1.00,2540.97,65.70
1762429443.0561993,1.00,2540.96,65.70
1762429444.0585334,1.50,2540.95,65.70
1762429445.0603142,1.00,2540.95,65.70
1762429446.0624876,7.50,2540.93,65.70
1762429447.0669165,1.00,2540.93,65.70
1762429448.071458,1.00,2540.93,65.70
1762429449.0872326,1.00,2540.93,65.70
1762429450.089346,0.00,2540.93,65.70
1762429451.0925362,2.00,2540.93,65.70
1762429452.0945337,0.50,2540.93,65.70
1762429453.0975223,1.00,2540.93,65.70
1762429454.0996487,0.00,2540.93,65.70
1762429455.1021957,0.50,2540.93,65.70
1762429456.1043005,1.00,2540.93,65.70
1762429457.1063178,1.00,2540.93,65.70
1762429458.1083229,1.00,2540.93,65.70
1762429459.110943,0.50,2540.93,65.70
1762429460.1134787,1.00,2540.93,65.70
1762429461.115407,0.50,2540.93,65.70
1762429462.117686,0.50,2540.93,65.70
1762429463.1206172,0.50,2540.93,65.70
1762429464.1226082,1.00,2540.91,65.70
1762429465.1253126,0.50,2540.91,65.70
1762429466.1283433,1.00,2540.91,65.70
1762429467.130713,0.50,2540.91,65.70
1762429468.1325884,1.00,2540.91,65.70
1762429469.1345985,1.00,2540.91,65.70
1762429470.1372137,1.50,2540.91,65.70
1762429471.1392379,0.50,2540.91,65.70
1762429472.141407,0.50,2540.91,65.70
1762429473.1436036,1.00,2540.91,65.70
1762429474.1454737,0.50,2540.90,65.70
1762429475.1466622,2.50,2540.89,65.70
1762429476.1487532,1.00,2540.89,65.70
1762429477.1507058,1.00,2540.89,65.70
1762429478.1524985,0.50,2540.89,65.70
1762429479.154337,1.00,2540.89,65.70
1762429480.1565583,2.00,2540.89,65.70
1762429481.1586816,0.50,2540.89,65.70
1762429482.1609685,1.00,2540.89,65.70
1762429483.1630573,0.50,2540.89,65.70
1762429484.1650307,2.50,2540.89,65.70
1762429485.167554,0.50,2540.89,65.70
1762429486.1698287,1.50,2540.89,65.70
1762429487.171663,0.50,2540.88,65.70
1762429488.1732163,3.00,2541.61,65.70
1762429489.1754928,0.00,2541.61,65.70
1762429490.1781924,1.00,2541.61,65.70
1762429491.180382,1.00,2541.61,65.70
1762429492.1824358,1.00,2541.61,65.70
1762429493.1847038,1.00,2541.61,65.70
1762429494.1874614,1.00,2541.61,65.70
1762429495.1898184,0.50,2541.61,65.70
1762429496.1922042,0.50,2541.61,65.70
1762429497.1944776,1.00,2541.61,65.70
1762429498.1970143,0.50,2541.61,65.70
1762429499.1992755,1.50,2541.61,65.70
1762429500.201565,0.50,2541.61,65.70
1762429501.2041645,1.00,2541.61,65.70
1762429502.2063274,1.00,2541.61,65.70
1762429503.2091932,0.50,2541.61,65.70
1762429504.210524,2.00,2541.60,65.70
1762429505.2126336,1.00,2541.58,65.70
1762429506.2151678,5.50,2541.56,65.70
1762429507.2180946,65.50,2544.57,65.80
1762429508.21941,100.00,2543.60,65.80
1762429509.221312,100.00,2543.92,65.80
1762429510.2237225,100.00,2546.12,65.80
1762429511.2263374,100.00,2540.83,65.70
1762429512.2291722,100.00,2544.68,65.80
1762429513.2331781,100.00,2541.80,65.70
1762429514.2364514,100.00,2547.33,65.80
1762429515.2393644,100.00,2545.15,65.80
1762429516.240969,100.00,2542.34,65.70
1762429517.2462192,100.00,2542.27,65.70
1762429518.2486854,100.00,2543.70,65.80
1762429519.2505796,100.00,2542.16,65.70
1762429520.2553573,100.00,2542.50,65.70
1762429521.257202,100.00,2542.21,65.70
1762429522.2628918,100.00,2552.40,66.00
1762429523.264216,100.00,2543.50,65.70
1762429524.2660065,100.00,2544.77,65.80
1762429525.2677855,100.00,2542.32,65.70
1762429526.2719069,100.00,2544.04,65.80
1762429527.274373,100.00,2542.11,65.70
1762429528.2761555,100.00,2540.50,65.70
1762429529.2784867,100.00,2542.96,65.70
1762429530.280198,100.00,2543.60,65.80
1762429531.282284,100.00,2546.21,65.80
1762429532.2843535,100.00,2542.10,65.70
1762429533.2854233,100.00,2545.99,65.80
1762429534.2872508,100.00,2544.33,65.80
1762429535.290391,100.00,2545.44,65.80
1762429536.2914035,100.00,2545.25,65.80
1762429537.295394,30.50,2541.16,65.70
1762429538.29748,0.00,2541.16,65.70
1762429539.2995925,1.00,2541.90,65.70
1762429540.3013422,0.50,2541.90,65.70
1762429541.3036375,1.00,2541.90,65.70
1762429542.306684,1.00,2541.89,65.70
1762429543.309744,0.50,2541.89,65.70
1762429544.311747,1.50,2541.89,65.70
1762429545.3144412,0.50,2541.89,65.70
1762429546.316727,0.50,2541.89,65.70
1762429547.319451,0.50,2541.89,65.70
1762429548.3217523,2.50,2541.89,65.70
1762429549.3241255,0.00,2541.89,65.70
1762429550.326332,1.00,2541.89,65.70
1762429551.3285732,0.50,2541.89,65.70
1762429552.3313282,1.00,2541.89,65.70
1762429553.3334055,1.00,2541.88,65.70
1762429554.3354821,0.00,2541.88,65.70
1762429555.3377109,1.00,2541.88,65.70
1762429556.3398058,0.50,2541.88,65.70
1762429557.3420615,0.50,2541.88,65.70
1762429558.3441756,0.50,2541.87,65.70
1762429559.345984,0.50,2541.87,65.70
1762429560.3478212,1.00,2541.87,65.70
1762429561.350199,1.50,2541.87,65.70
1762429562.352422,0.50,2541.87,65.70
1762429563.3533702,0.00,2541.87,65.70
1762429564.3553216,1.50,2541.87,65.70
1762429565.357218,5.50,2542.61,65.70
1762429566.3594084,1.00,2542.59,65.70
1762429567.3613122,1.50,2542.59,65.70
1762429568.3634562,0.50,2542.59,65.70
1762429569.365589,1.00,2542.59,65.70
1762429570.3684254,0.00,2542.59,65.70
1762429571.3735495,1.50,2542.59,65.70
1762429572.3756554,0.50,2542.59,65.70
1762429573.378259,0.50,2542.59,65.70
1762429574.3803518,0.50,2542.59,65.70
1762429575.3827622,1.00,2542.59,65.70
1762429576.3852134,1.00,2542.59,65.70
1762429577.3871908,0.00,2542.59,65.70
1762429578.3900526,0.00,2542.59,65.70
1762429579.391907,1.00,2542.59,65.70
1762429580.3944263,0.50,2542.59,65.70
1762429581.396711,0.50,2542.59,65.70
1762429582.3996952,0.50,2542.59,65.70
1762429583.4022152,0.50,2542.58,65.70
1762429584.404689,0.50,2542.58,65.70
1762429585.4071383,0.50,2542.58,65.70
1762429586.4097402,1.50,2542.58,65.70
1762429587.4121737,0.50,2542.58,65.70
1762429588.414515,1.00,2542.58,65.70
1762429589.4173567,1.50,2542.58,65.70
1762429590.4193132,0.00,2542.58,65.70
1762429591.4216888,1.00,2542.56,65.70
1762429592.4237478,0.00,2542.56,65.70
1762429593.4262154,0.50,2542.56,65.70
1762429594.4284718,1.00,2542.56,65.70
1762429595.4312687,1.00,2542.56,65.70
1762429596.4333284,0.50,2542.56,65.70
1762429597.4354603,0.50,2542.55,65.70
1762429598.4382248,1.00,2542.55,65.70
1762429599.4404666,0.00,2542.55,65.70
1762429600.442408,0.50,2542.55,65.70
1762429601.4442263,1.00,2542.55,65.70
1762429602.4464893,1.00,2542.54,65.70
1762429603.448381,1.00,2542.54,65.70
1762429604.450161,1.50,2542.54,65.70
1762429605.452656,0.50,2542.54,65.70
1762429606.4551494,1.00,2542.54,65.70
1762429607.4561577,1.00,2542.54,65.70
1762429608.4582431,2.50,2542.52,65.70
1762429609.4605246,4.00,2542.73,65.70
1762429610.4631772,1.50,2542.73,65.70
1762429611.4652958,1.00,2542.73,65.70
1762429612.46747,1.00,2542.73,65.70
1762429613.470265,1.50,2542.72,65.70
1762429614.4721682,0.50,2542.72,65.70
1762429615.474348,1.00,2542.72,65.70
1762429616.4764323,0.00,2542.72,65.70
1762429617.4785955,1.00,2542.72,65.70
1762429618.4813824,0.50,2542.72,65.70
1762429619.4836943,0.50,2542.72,65.70
1762429620.486166,0.50,2542.72,65.70
1762429621.4872494,1.00,2542.72,65.70
1762429622.4898102,0.50,2542.71,65.70
1762429623.4918072,1.50,2542.71,65.70
1762429624.4940226,1.00,2542.71,65.70
1762429625.496228,0.50,2542.71,65.70
1762429626.498464,6.00,2543.43,65.70
1762429627.5007677,1.00,2543.43,65.70
1762429628.5025225,1.00,2543.42,65.70
1762429629.505104,1.00,2543.42,65.70
1762429630.50762,0.00,2543.42,65.70
1762429631.5108013,1.00,2543.42,65.70
1762429632.512799,1.00,2543.41,65.70
1762429633.5148242,1.00,2543.41,65.70
1762429634.5170324,0.50,2543.41,65.70
1762429635.5185833,1.00,2543.41,65.70
1762429636.5216625,0.50,2543.41,65.70
1762429637.5238178,1.00,2543.41,65.70
1762429638.5263672,1.00,2543.40,65.70
1762429639.5285327,0.00,2543.40,65.70
1762429640.5315902,0.50,2543.40,65.70
1762429641.5331776,57.30,2539.77,65.70
1762429642.5343351,100.00,2540.93,65.70
1762429643.5373135,100.00,2543.52,65.80
1762429644.5401363,100.00,2542.53,65.70
1762429645.5413582,100.00,2541.24,65.70
1762429646.545162,100.00,2540.38,65.70
1762429647.5461893,100.00,2544.93,65.80
1762429648.549205,100.00,2541.04,65.70
1762429649.5502553,100.00,2546.11,65.80
1762429650.551408,100.00,2540.30,65.70
1762429651.5532217,100.00,2541.28,65.70
1762429652.5547903,100.00,2541.60,65.70
1762429653.5571842,100.00,2540.07,65.70
1762429654.561003,100.00,2549.71,65.90
1762429655.5623765,100.00,2543.73,65.80
1762429656.5676885,100.00,2546.21,65.80
1762429657.5691829,100.00,2544.59,65.80
1762429658.5703855,100.00,2544.02,65.80
1762429659.5711684,100.00,2544.86,65.80
1762429660.572499,100.00,2545.99,65.80
1762429661.574317,100.00,2541.34,65.70
1762429662.5761907,100.00,2544.39,65.80
1762429663.5793145,100.00,2543.77,65.80
1762429664.5813434,100.00,2541.61,65.70
1762429665.5845544,100.00,2545.91,65.80
1762429666.5866463,99.00,2551.16,65.90
1762429667.588414,100.00,2542.93,65.70
1762429668.5912707,100.00,2548.49,65.90
1762429669.594291,100.00,2542.38,65.70
1762429670.5977354,100.00,2544.50,65.80
1762429671.6015408,39.80,2539.49,65.60
1762429672.6035423,0.50,2539.48,65.60
1762429673.6052845,1.00,2540.22,65.70
1762429674.6071272,0.00,2540.22,65.70
1762429675.6094627,1.00,2540.22,65.70
1762429676.6116536,0.50,2540.21,65.70
1762429677.613785,0.50,2540.21,65.70
1762429678.6163254,0.50,2540.21,65.70
1762429679.6183474,0.50,2540.21,65.70
1762429680.6208348,1.00,2540.21,65.70
1762429681.6231947,1.50,2540.46,65.70
1762429682.6256838,0.50,2540.44,65.70
1762429683.6275892,1.50,2540.44,65.70
1762429684.6294694,0.00,2540.44,65.70
1762429685.6319852,1.00,2540.44,65.70
1762429686.634541,6.50,2541.42,65.70
1762429687.6368177,0.50,2541.41,65.70
1762429688.639031,1.00,2541.41,65.70
1762429689.6417077,0.50,2541.41,65.70
1762429690.644404,0.50,2541.41,65.70
1762429691.6467218,1.50,2541.41,65.70
1762429692.6493077,0.50,2541.41,65.70
1762429693.6516798,1.00,2541.40,65.70
1762429694.6536713,0.00,2541.40,65.70
1762429695.6557717,0.50,2541.39,65.70
1762429696.658297,0.00,2541.39,65.70
1762429697.661262,0.50,2541.39,65.70
1762429698.6635747,1.00,2541.39,65.70
1762429699.666008,0.00,2541.39,65.70
1762429700.6685615,0.50,2541.39,65.70
1762429701.6713722,1.00,2541.39,65.70
1762429702.6737273,0.50,2541.39,65.70
1762429703.676002,0.50,2541.39,65.70
1762429704.6783543,0.50,2541.39,65.70
1762429705.680511,1.50,2541.39,65.70
1762429706.6825767,0.00,2541.39,65.70
1762429707.6856966,0.50,2541.38,65.70
1762429708.6882517,0.50,2541.38,65.70
1762429709.6909666,1.00,2541.38,65.70
1762429710.6929286,0.50,2541.38,65.70
1762429711.6951077,0.50,2541.38,65.70
1762429712.6973698,0.50,2541.38,65.70
1762429713.6992579,0.50,2541.38,65.70
1762429714.7010849,1.00,2541.38,65.70
1762429715.7027833,0.00,2541.38,65.70
1762429716.7046955,1.00,2541.37,65.70
1762429717.7067065,0.50,2541.37,65.70
1762429718.7092178,0.50,2541.37,65.70
1762429719.7113438,1.00,2541.37,65.70
1762429720.713791,1.00,2541.37,65.70
1762429721.7163236,0.50,2541.37,65.70
1762429722.7183368,0.50,2541.36,65.70
1762429723.7206256,2.00,2541.36,65.70
1762429724.7227643,1.50,2541.35,65.70
1762429725.7242143,1.50,2541.58,65.70
1762429726.7256548,1.00,2541.58,65.70
1762429727.7280917,1.50,2541.58,65.70
1762429728.72954,1.00,2541.57,65.70
1762429729.7322729,1.00,2541.57,65.70
1762429730.7336707,0.50,2541.57,65.70
1762429731.736101,1.00,2541.57,65.70
1762429732.7383566,0.00,2541.57,65.70
1762429733.740446,1.50,2541.57,65.70
1762429734.7425628,0.50,2541.57,65.70
1762429735.7446206,1.00,2541.57,65.70
1762429736.7473967,0.50,2541.57,65.70
1762429737.7502546,1.00,2541.57,65.70
1762429738.7527142,0.50,2541.57,65.70
1762429739.7554379,0.50,2541.57,65.70
1762429740.7576938,1.50,2541.56,65.70
1762429741.759761,0.00,2541.56,65.70
1762429742.7621734,1.00,2541.56,65.70
1762429743.765325,1.50,2541.55,65.70
1762429744.767141,1.00,2541.54,65.70
1762429745.7689664,1.00,2541.54,65.70
1762429746.7712848,6.10,2541.54,65.70
1762429747.773398,0.50,2541.52,65.70
1762429748.77581,1.00,2541.52,65.70
1762429749.7782223,0.50,2541.52,65.70
1762429750.78052,1.50,2541.52,65.70
1762429751.783394,0.50,2541.51,65.70
1762429752.7857137,1.00,2541.51,65.70
1762429753.7886086,1.00,2541.51,65.70
1762429754.7905242,0.50,2541.51,65.70
1762429755.7934437,1.00,2541.51,65.70
1762429756.7955348,0.50,2541.51,65.70
1762429757.797431,0.00,2541.51,65.70
1762429758.7993846,0.50,2541.51,65.70
1762429759.801761,1.00,2541.51,65.70
1762429760.8042,0.50,2541.51,65.70
1762429761.806246,0.50,2541.51,65.70
1762429762.8084831,0.50,2541.51,65.70
1762429763.810189,0.50,2541.50,65.70
1762429764.8123174,1.00,2541.50,65.70
1762429765.8143764,0.50,2541.50,65.70
1762429766.8162835,1.00,2541.50,65.70
1762429767.8186054,0.00,2541.50,65.70
1762429768.8207386,2.00,2541.50,65.70
1762429769.8234568,0.50,2541.50,65.70
1762429770.8253849,1.00,2541.50,65.70
1762429771.8272552,0.50,2541.50,65.70
1762429772.8294187,0.50,2541.50,65.70
1762429773.8322246,0.50,2541.49,65.70
1762429774.8343642,0.50,2541.49,65.70
1762429775.8356202,47.20,2545.83,65.80
1762429776.8381727,100.00,2546.02,65.80
1762429777.8401945,100.00,2540.67,65.70
1762429778.8429725,100.00,2543.54,65.80
1762429779.845398,100.00,2546.16,65.80
1762429780.8489704,100.00,2547.06,65.80
1762429781.8541718,100.00,2545.30,65.80
1762429782.856285,100.00,2543.05,65.70
1762429783.8585556,100.00,2541.84,65.70
1762429784.8593557,100.00,2542.32,65.70
1762429785.8632557,100.00,2541.79,65.70
1762429786.8655646,100.00,2546.51,65.80
1762429787.86823,100.00,2541.84,65.70
1762429788.8705356,97.70,2542.96,65.70
1762429789.8756032,100.00,2541.77,65.70
1762429790.8787618,100.00,2544.50,65.80
1762429791.8822587,100.00,2543.74,65.80
1762429792.8873777,100.00,2543.76,65.80
1762429793.888314,100.00,2545.11,65.80
1762429794.8930442,100.00,2551.55,66.00
1762429795.8983061,100.00,2542.79,65.70
1762429796.9002972,100.00,2544.15,65.80
1762429797.9022334,100.00,2545.18,65.80
1762429798.9036257,100.00,2549.11,65.90
1762429799.9063616,100.00,2544.76,65.80
1762429800.9115636,100.00,2541.08,65.70
1762429801.9161897,100.00,2546.38,65.80
1762429802.9202013,100.00,2541.98,65.70
1762429803.9237838,99.50,2541.30,65.70
1762429804.9271863,100.00,2553.07,66.00
1762429805.9305894,46.20,2542.10,65.70
1762429806.933381,5.10,2542.84,65.70
1762429807.935556,1.00,2543.58,65.80
1762429808.9376507,1.00,2543.58,65.80
1762429809.939779,0.00,2543.58,65.80
1762429810.9425359,1.50,2543.58,65.80
1762429811.9447875,0.00,2543.57,65.80
1762429812.9474347,0.50,2543.57,65.80
1762429813.9496076,1.00,2543.57,65.80
1762429814.9523242,0.00,2543.57,65.80
1762429815.9548094,0.50,2543.57,65.80
1762429816.9576342,0.00,2543.57,65.80
1762429817.9594662,0.50,2543.57,65.80
1762429818.9612617,0.50,2543.57,65.80
1762429819.9633062,0.50,2543.57,65.80
1762429820.9652598,0.50,2543.57,65.80
1762429821.967422,0.50,2543.57,65.80
1762429822.9696987,1.00,2543.57,65.80
1762429823.9722745,0.50,2543.57,65.80
1762429824.975088,0.00,2543.57,65.80
1762429825.9764202,1.50,2543.57,65.80
1762429826.9783375,0.50,2543.57,65.80
1762429827.9805312,1.00,2543.57,65.80
1762429828.982497,0.00,2543.57,65.80
1762429829.9845293,0.50,2543.56,65.80
1762429830.9863057,1.00,2543.56,65.80
1762429831.9883432,0.00,2543.56,65.80
1762429832.9902844,0.50,2543.56,65.80
1762429833.992677,1.00,2543.56,65.80
1762429834.9952898,0.50,2543.56,65.80
1762429835.9975183,0.50,2543.56,65.80
1762429836.9997337,3.00,2543.56,65.80
1762429838.0029535,1.00,2543.79,65.80
1762429839.0053222,1.00,2543.79,65.80
1762429840.0072083,0.00,2543.79,65.80
1762429841.0093896,0.50,2543.79,65.80
1762429842.0114434,1.00,2543.79,65.80
1762429843.0140078,0.00,2543.79,65.80
1762429844.0159695,2.00,2543.79,65.80
1762429845.0183415,1.50,2543.79,65.80
1762429846.0206552,0.00,2543.79,65.80
1762429847.0229578,1.50,2543.79,65.80
1762429848.024768,2.00,2543.79,65.80
1762429849.0272243,0.50,2543.77,65.80
1762429850.0297794,1.00,2543.77,65.80
1762429851.0322673,0.50,2543.77,65.80
1762429852.0342574,0.50,2543.77,65.80
1762429853.0357995,1.50,2543.77,65.80
1762429854.0383427,0.50,2543.77,65.80
1762429855.0406508,0.50,2543.76,65.80
1762429856.0431728,1.00,2543.76,65.80
1762429857.045362,0.50,2543.76,65.80
1762429858.0473876,0.50,2543.76,65.80
1762429859.0494072,1.50,2543.76,65.80
1762429860.0513904,0.50,2543.76,65.80
1762429861.053331,0.00,2543.76,65.80
1762429862.0550911,0.50,2543.76,65.80
1762429863.0573921,0.50,2543.76,65.80
1762429864.0593972,1.50,2543.76,65.80
1762429865.061249,1.00,2543.74,65.80
1762429866.06338,1.00,2543.74,65.80
1762429867.0653446,6.50,2543.73,65.80
1762429868.0673764,0.50,2543.72,65.80
1762429869.0693572,1.00,2543.72,65.80
1762429870.0715067,1.00,2543.72,65.80
1762429871.0734508,1.00,2543.72,65.80
1762429872.0750628,0.50,2543.72,65.80
1762429873.076701,1.00,2543.72,65.80
1762429874.078275,0.00,2543.72,65.80
1762429875.0804884,1.00,2543.72,65.80
1762429876.0834916,0.00,2543.72,65.80
1762429877.086415,0.50,2543.72,65.80
1762429878.088218,0.50,2543.71,65.80
1762429879.0903347,0.00,2543.71,65.80
1762429880.0918071,1.00,2543.71,65.80
1762429881.094211,0.50,2543.71,65.80
1762429882.0963888,0.00,2543.71,65.80
1762429883.0984683,1.00,2543.71,65.80
1762429884.1005282,0.50,2543.71,65.80
1762429885.1028094,0.00,2543.70,65.80
1762429886.1062114,1.00,2543.70,65.80
1762429887.108444,0.50,2543.70,65.80
1762429888.1112928,1.00,2543.70,65.80
1762429889.1136274,0.50,2543.70,65.80
1762429890.1166062,0.50,2543.70,65.80
1762429891.1196861,0.50,2543.70,65.80
1762429892.1223032,1.50,2543.70,65.80
1762429893.1247535,0.00,2543.70,65.80
1762429894.1267726,1.50,2543.70,65.80
1762429895.1292515,0.00,2543.70,65.80
1762429896.1313443,0.50,2543.70,65.80
1762429897.1336715,0.50,2543.70,65.80
1762429898.135998,0.50,2543.70,65.80
1762429899.1385784,0.50,2543.70,65.80
1762429900.1411703,0.50,2543.70,65.80
1762429901.144262,0.50,2543.70,65.80
1762429902.1466196,0.50,2543.70,65.80
1762429903.1491086,0.00,2543.69,65.80
1762429904.1512609,2.00,2543.69,65.80
1762429905.1545725,0.50,2543.69,65.80
1762429906.15724,1.50,2543.69,65.80
1762429907.1596763,1.00,2543.69,65.80
1762429908.1625257,2.00,2543.68,65.80
1762429909.1654043,3.00,2543.91,65.80
1762429910.1685088,41.00,2542.83,65.70
1762429911.169203,100.00,2548.52,65.90
1762429912.1721716,100.00,2542.22,65.70
1762429913.1745973,100.00,2544.00,65.80
1762429914.176174,100.00,2539.75,65.70
1762429915.1774952,100.00,2546.56,65.80
1762429916.180434,100.00,2545.49,65.80
1762429917.181777,100.00,2547.66,65.90
1762429918.183602,100.00,2542.68,65.70
1762429919.1875854,100.00,2543.00,65.70
1762429920.1882024,100.00,2543.17,65.70
1762429921.1893241,100.00,2542.27,65.70
1762429922.1911588,100.00,2548.38,65.90
1762429923.1931717,100.00,2541.27,65.70
1762429924.195438,100.00,2544.04,65.80
1762429925.1974902,100.00,2540.59,65.70
1762429926.1993337,100.00,2542.64,65.70
1762429927.2036624,100.00,2543.20,65.70
1762429928.2103775,99.50,2541.17,65.70
1762429929.211184,100.00,2547.43,65.90
1762429930.213228,100.00,2541.64,65.70
1762429931.2144344,100.00,2540.38,65.70
1762429932.2152002,100.00,2541.37,65.70
1762429933.2184062,100.00,2541.08,65.70
1762429934.2211936,100.00,2543.21,65.70
1762429935.222549,100.00,2546.59,65.80
1762429936.2232492,100.00,2543.64,65.80
1762429937.2244341,100.00,2541.15,65.70
1762429938.228187,100.00,2546.09,65.80
1762429939.2313511,99.50,2548.60,65.90
1762429940.2352066,56.30,2545.98,65.80
1762429941.237034,1.00,2546.71,65.80
1762429942.2387319,1.50,2546.71,65.80
1762429943.2407742,1.00,2546.71,65.80
1762429944.243361,2.00,2546.71,65.80
1762429945.2453475,1.00,2546.70,65.80
1762429946.2472181,0.50,2546.70,65.80
1762429947.2496097,1.00,2546.70,65.80
1762429948.2524872,0.50,2546.70,65.80
1762429949.2550704,1.50,2546.70,65.80
1762429950.257151,0.50,2546.70,65.80
1762429951.2588198,1.00,2546.69,65.80
1762429952.2612655,0.00,2546.69,65.80
1762429953.2643385,1.00,2546.69,65.80
1762429954.2667305,0.50,2546.69,65.80
1762429955.2694364,0.50,2546.68,65.80
1762429956.2721338,0.50,2546.68,65.80
1762429957.274238,1.50,2546.68,65.80
1762429958.2761312,1.00,2546.68,65.80
1762429959.2780998,1.00,2546.68,65.80
1762429960.2797556,0.50,2546.68,65.80
1762429961.281739,0.00,2546.68,65.80
1762429962.2843688,0.50,2546.67,65.80
1762429963.2873476,0.50,2546.67,65.80
1762429964.289329,3.00,2546.67,65.80
1762429965.2917278,1.00,2546.67,65.80
1762429966.2946162,1.00,2546.67,65.80
1762429967.297238,0.00,2546.67,65.80
1762429968.2994344,2.00,2546.67,65.80
1762429969.3017123,1.00,2546.67,65.80
1762429970.3047216,1.50,2546.89,65.80
1762429971.305613,1.00,2546.89,65.80
1762429972.3073785,1.00,2546.89,65.80
1762429973.3095944,1.00,2546.89,65.80
1762429974.3115044,0.50,2546.89,65.80
1762429975.313454,0.50,2546.89,65.80
1762429976.315701,1.50,2546.89,65.80
1762429977.3181815,0.50,2546.89,65.80
1762429978.320286,0.50,2546.89,65.80
1762429979.3223765,1.00,2546.89,65.80
1762429980.3246465,0.00,2546.89,65.80
1762429981.3274903,1.00,2546.89,65.80
1762429982.329673,0.00,2546.89,65.80
1762429983.332409,0.50,2546.89,65.80
1762429984.3344831,1.50,2546.89,65.80
1762429985.3354588,1.00,2546.89,65.80
1762429986.337273,0.50,2546.89,65.80
1762429987.339189,6.00,2547.10,65.80
1762429988.3410566,1.00,2547.09,65.80
1762429989.343416,1.00,2547.09,65.80
1762429990.345765,0.50,2547.09,65.80
1762429991.3475342,1.50,2547.09,65.80
1762429992.3494213,0.50,2547.09,65.80
1762429993.351763,0.50,2547.09,65.80
1762429994.354033,0.00,2547.09,65.80
1762429995.356068,0.50,2547.09,65.80
1762429996.3577,1.00,2547.09,65.80
1762429997.3599198,0.00,2547.09,65.80
1762429998.3622963,1.00,2547.09,65.80
1762429999.364409,0.50,2547.09,65.80
1762430000.366569,0.00,2547.09,65.80
1762430001.367414,1.50,2547.08,65.80
1762430002.3698275,0.00,2547.08,65.80
1762430003.3722744,0.50,2547.08,65.80
1762430004.374672,0.50,2547.08,65.80
1762430005.3772664,0.50,2547.08,65.80
1762430006.378611,0.50,2547.08,65.80
1762430007.381247,0.50,2547.07,65.80
1762430008.3836796,1.00,2547.07,65.80
1762430009.386308,0.50,2547.07,65.80
1762430010.3884656,1.50,2547.07,65.80
1762430011.3903565,0.50,2547.07,65.80
1762430012.3924062,0.50,2547.07,65.80
1762430013.395194,0.50,2547.07,65.80
1762430014.397614,1.00,2547.07,65.80
1762430015.4002995,0.00,2547.07,65.80
1762430016.402681,0.50,2547.07,65.80
1762430017.4050274,1.00,2547.05,65.80
1762430018.4073267,2.00,2547.05,65.80
1762430019.4096572,1.50,2547.28,65.80
1762430020.4124808,0.00,2547.28,65.80
1762430021.4147234,1.00,2547.28,65.80
1762430022.4173336,0.50,2547.28,65.80
1762430023.4181705,0.50,2547.28,65.80
1762430024.4204354,1.50,2547.28,65.80
1762430025.4225342,1.00,2547.28,65.80
1762430026.4252853,1.00,2547.28,65.80
1762430027.4276388,0.50,2547.28,65.80
1762430028.4296453,1.50,2547.28,65.80
1762430029.4316149,0.50,2547.28,65.80
1762430030.4336195,1.00,2547.28,65.80
1762430031.436676,0.50,2547.28,65.80
1762430032.4392757,1.00,2547.27,65.80
1762430033.441598,0.50,2547.27,65.80
1762430034.4436994,0.50,2547.27,65.80
1762430035.4462788,1.00,2547.27,65.80
1762430036.4484372,0.50,2547.27,65.80
1762430037.4502985,0.50,2547.27,65.80
1762430038.4524128,0.50,2547.27,65.80
1762430039.4544425,1.00,2547.27,65.80
1762430040.456322,1.00,2547.27,65.80
1762430041.4582396,1.50,2547.27,65.80
1762430042.4605052,1.00,2547.26,65.80
1762430043.4625251,1.50,2547.25,65.80
1762430044.4631577,23.60,2543.90,65.80
1762430045.464154,100.00,2542.43,65.70
1762430046.4653323,100.00,2543.23,65.70
1762430047.4661674,100.00,2544.11,65.80
1762430048.4683409,100.00,2545.15,65.80
1762430049.469386,100.00,2544.20,65.80
1762430050.470865,100.00,2543.55,65.80
1762430051.4732254,100.00,2544.31,65.80
1762430052.4753578,100.00,2543.10,65.70
1762430053.4772086,100.00,2543.06,65.70
1762430054.4792757,100.00,2546.39,65.80
1762430055.4811702,100.00,2541.64,65.70
1762430056.48238,100.00,2546.23,65.80
1762430057.485541,100.00,2544.86,65.80
1762430058.4872928,100.00,2544.95,65.80
1762430059.491001,100.00,2544.03,65.80
1762430060.4927454,100.00,2541.56,65.70
1762430061.4943712,100.00,2543.98,65.80
1762430062.496379,100.00,2542.43,65.70
1762430063.4976895,100.00,2545.13,65.80
1762430064.4994826,100.00,2541.67,65.70
1762430065.5023477,100.00,2543.43,65.70
1762430066.506205,100.00,2544.52,65.80
1762430067.507325,100.00,2547.29,65.80
1762430068.5111704,100.00,2548.30,65.90
1762430069.512401,100.00,2544.58,65.80
1762430070.514153,100.00,2541.83,65.70
1762430071.5162687,100.00,2545.71,65.80
1762430072.5183413,100.00,2546.00,65.80
1762430073.5193076,100.00,2545.58,65.80
1762430074.5215728,73.00,2539.74,65.70
1762430075.5240433,0.50,2539.74,65.70
1762430076.5265667,1.00,2540.48,65.70
1762430077.5293577,1.00,2540.48,65.70
1762430078.5316317,0.00,2540.48,65.70
1762430079.5340178,1.00,2540.48,65.70
1762430080.536486,1.00,2540.48,65.70
1762430081.5385602,0.50,2540.48,65.70
1762430082.5407622,1.00,2540.47,65.70
1762430083.5431418,2.00,2540.47,65.70
1762430084.5455837,0.50,2540.47,65.70
1762430085.548027,1.00,2540.47,65.70
1762430086.5526588,1.00,2540.47,65.70
1762430087.556336,1.00,2540.46,65.70
1762430088.558079,2.50,2541.20,65.70
1762430089.5600715,0.50,2541.20,65.70
1762430090.5942206,1.00,2541.20,65.70
1762430091.5969043,1.50,2541.20,65.70
1762430092.599449,0.00,2541.20,65.70
1762430093.6016846,0.50,2541.20,65.70
1762430094.603931,0.00,2541.20,65.70
1762430095.6062534,1.00,2541.20,65.70
1762430096.607956,0.50,2541.20,65.70
1762430097.6097977,0.00,2541.20,65.70
1762430098.6122575,1.50,2541.20,65.70
1762430099.6143494,0.50,2541.20,65.70
1762430100.6166313,0.50,2541.20,65.70
1762430101.6188035,0.50,2541.20,65.70
1762430102.6214066,1.00,2541.19,65.70
1762430103.6234992,1.00,2541.19,65.70
1762430104.625239,0.50,2541.19,65.70
1762430105.6270492,0.50,2541.19,65.70
1762430106.6287282,1.00,2541.42,65.70
1762430107.6312032,1.50,2541.42,65.70
1762430108.6331446,13.60,2541.89,65.70
1762430109.6353354,1.00,2541.89,65.70
1762430110.6372263,0.00,2541.89,65.70
1762430111.6391618,1.50,2541.89,65.70
1762430112.641138,0.00,2541.89,65.70
1762430113.6431596,0.50,2541.89,65.70
1762430114.6448162,1.00,2541.89,65.70
1762430115.6465755,1.00,2541.89,65.70
1762430116.6484475,0.00,2541.89,65.70
1762430117.6537435,0.50,2541.89,65.70
1762430118.6566908,1.00,2541.89,65.70
1762430119.6591127,0.50,2541.89,65.70
1762430120.661459,0.50,2541.89,65.70
1762430121.663691,1.00,2541.89,65.70
1762430122.666203,0.00,2541.89,65.70
1762430123.668556,1.00,2541.89,65.70
1762430124.670704,0.50,2541.89,65.70
1762430125.6728065,0.50,2541.89,65.70
1762430126.6752346,0.50,2541.88,65.70
1762430127.677282,1.00,2541.88,65.70
1762430128.6796827,0.50,2541.88,65.70
1762430129.6816452,0.00,2541.87,65.70
1762430130.6834679,1.00,2541.87,65.70
1762430131.6856806,0.50,2541.87,65.70
1762430132.6877277,1.00,2541.87,65.70
1762430133.6897278,0.50,2541.87,65.70
1762430134.691689,1.00,2541.87,65.70
1762430135.694343,0.00,2541.87,65.70
1762430136.6965525,1.00,2541.87,65.70
1762430137.6989648,1.00,2541.86,65.70
1762430138.7013576,0.50,2541.86,65.70
1762430139.7034073,1.00,2541.85,65.70
1762430140.7052443,0.50,2541.85,65.70
1762430141.7071676,0.50,2541.85,65.70
1762430142.7094064,1.00,2541.84,65.70
1762430143.7113392,1.50,2541.84,65.70
1762430144.7135456,0.50,2541.84,65.70
1762430145.7156866,1.00,2541.84,65.70
1762430146.7181423,1.50,2541.84,65.70
1762430147.7204022,0.00,2541.84,65.70
1762430148.722711,2.50,2541.84,65.70
1762430149.7255695,0.50,2541.84,65.70
1762430150.731309,1.00,2541.84,65.70
1762430151.73348,1.00,2541.84,65.70
1762430152.735222,1.00,2541.84,65.70
1762430153.7372093,1.50,2541.83,65.70
1762430154.7392502,0.00,2541.83,65.70
1762430155.7412128,0.50,2541.83,65.70
1762430156.7443266,1.00,2541.83,65.70
1762430157.7466803,0.00,2541.83,65.70
1762430158.7483625,0.50,2541.83,65.70
1762430159.7493188,1.50,2541.83,65.70
1762430160.7853553,4.40,2544.03,65.80
1762430161.7874944,1.50,2544.27,65.80
1762430162.7892916,1.00,2544.27,65.80
1762430163.792626,2.50,2544.27,65.80
1762430164.7951474,3.00,2544.26,65.80
1762430165.7977283,0.50,2544.26,65.80
1762430166.7997868,1.00,2544.75,65.80
1762430167.8024395,1.00,2544.75,65.80
1762430168.8043826,6.00,2544.74,65.80
1762430169.8063293,0.50,2544.74,65.80
1762430170.8092568,2.00,2544.73,65.80
1762430171.8112476,0.50,2544.73,65.80
1762430172.8132362,1.00,2544.73,65.80
1762430173.8152993,0.50,2544.73,65.80
1762430174.8175564,0.50,2544.73,65.80
1762430175.8192904,1.50,2544.73,65.80
1762430176.8214333,0.00,2544.73,65.80
1762430177.8232858,0.50,2544.73,65.80
1762430178.825196,7.10,2530.93,65.40
1762430179.8280776,0.50,2530.94,65.40
1762430180.8306105,1.00,2530.94,65.40
1762430181.8336425,0.00,2530.94,65.40
1762430182.8361075,0.00,2530.94,65.40
1762430183.8386426,1.00,2530.94,65.40
1762430184.840994,1.00,2530.94,65.40
1762430185.8442435,1.00,2530.94,65.40
1762430186.8465254,0.50,2530.94,65.40
1762430187.8483603,1.00,2530.94,65.40
1762430188.8499866,0.00,2530.94,65.40
1762430189.8518088,1.00,2530.94,65.40
1762430190.853394,0.50,2530.94,65.40
1762430191.8556697,0.50,2530.94,65.40
1762430192.8577962,1.50,2530.94,65.40
1762430193.8602405,0.00,2530.94,65.40
1762430194.8624384,1.00,2530.92,65.40
1762430195.864495,0.50,2530.92,65.40
1762430196.86665,1.50,2530.92,65.40
1762430197.8683488,0.00,2530.92,65.40
1762430198.870147,1.50,2530.92,65.40
1762430199.8723364,1.50,2530.92,65.40
1762430200.87438,1.00,2530.92,65.40
1762430201.8763769,0.50,2530.92,65.40
1762430202.8783555,0.50,2530.92,65.40
1762430203.8803303,1.50,2530.92,65.40
1762430204.8822958,0.50,2530.92,65.40
1762430205.884441,1.50,2530.91,65.40
1762430206.886646,1.00,2530.91,65.40
1762430207.8907437,1.00,2530.91,65.40
1762430208.8927503,1.50,2530.90,65.40
1762430209.8952677,3.50,2531.12,65.40
1762430210.8978305,1.50,2531.10,65.40
1762430211.8997285,1.50,2531.10,65.40
1762430212.902268,0.50,2531.10,65.40
1762430213.9043853,1.00,2531.10,65.40
1762430214.907652,1.00,2531.10,65.40
1762430215.910061,1.50,2531.10,65.40
1762430216.9119897,0.50,2531.10,65.40
1762430217.9140444,0.50,2531.10,65.40
1762430218.9157639,0.00,2531.10,65.40
1762430219.9177198,0.50,2531.09,65.40
1762430220.9205017,1.50,2531.09,65.40
1762430221.9225366,0.50,2531.09,65.40
1762430222.924629,1.50,2531.09,65.40
1762430223.9275408,1.50,2531.09,65.40
1762430224.9664817,0.50,2531.09,65.40
1762430225.973355,1.00,2531.09,65.40
1762430226.9762092,2.50,2531.09,65.40
1762430227.978408,1.00,2531.09,65.40
1762430228.9801214,9.50,2531.82,65.40
1762430229.981541,0.00,2531.80,65.40
1762430230.9834516,1.50,2531.80,65.40
1762430231.9866254,0.50,2531.79,65.40
1762430232.9883032,1.00,2531.79,65.40
1762430233.989695,0.50,2531.79,65.40
1762430234.9917023,0.00,2531.79,65.40
1762430235.9944425,1.50,2531.79,65.40
1762430236.996479,1.00,2531.79,65.40
1762430237.998824,0.50,2531.79,65.40
1762430239.0013855,1.00,2531.79,65.40
1762430240.0033755,0.50,2531.79,65.40
1762430241.0054493,1.00,2531.79,65.40
1762430242.0073254,1.00,2531.79,65.40
1762430243.009533,0.50,2531.79,65.40
1762430244.0115712,0.00,2531.79,65.40
1762430245.0137813,0.50,2531.79,65.40
1762430246.0163662,1.00,2531.79,65.40
1762430247.0194557,1.00,2531.79,65.40
1762430248.0220027,0.00,2531.79,65.40
1762430249.02443,0.00,2531.79,65.40
1762430250.0267348,1.00,2531.79,65.40
1762430251.0294938,0.50,2531.79,65.40
1762430252.031644,1.00,2531.79,65.40
1762430253.0343747,0.50,2531.79,65.40
1762430254.037079,1.50,2531.79,65.40
1762430255.039644,1.00,2531.79,65.40
1762430256.0419981,0.00,2531.78,65.40
1762430257.0440168,1.00,2531.78,65.40
1762430258.046055,1.00,2531.78,65.40
1762430259.048158,0.50,2531.78,65.40
1762430260.0503795,1.50,2531.78,65.40
1762430261.0555327,0.50,2531.78,65.40
1762430262.059706,1.00,2531.78,65.40
1762430263.061788,1.00,2531.77,65.40
1762430264.064953,1.50,2531.77,65.40
1762430265.067038,1.00,2531.77,65.40
1762430266.0694606,0.50,2531.77,65.40
1762430267.0713787,1.50,2531.77,65.40
1762430268.0730581,0.00,2531.77,65.40
1762430269.0747027,2.50,2531.77,65.40
1762430270.0768347,1.00,2531.77,65.40
1762430271.0791876,0.50,2531.77,65.40
1762430272.0857718,1.00,2531.77,65.40
1762430273.0882227,1.50,2531.77,65.40
1762430274.0901802,0.50,2531.77,65.40
1762430275.0925899,0.00,2531.77,65.40
1762430276.094371,0.50,2531.77,65.40
1762430277.0964153,1.00,2531.77,65.40
1762430278.0998156,0.50,2531.77,65.40
1762430279.1025164,0.00,2531.77,65.40
1762430280.1066587,0.50,2531.77,65.40
1762430281.1093345,0.50,2531.77,65.40
1762430282.1126478,1.00,2531.77,65.40
1762430283.1147814,1.00,2531.98,65.50
1762430284.117671,1.00,2531.98,65.50
1762430285.1194844,1.00,2531.97,65.50
1762430286.1226897,0.50,2531.97,65.50
1762430287.1259594,1.50,2531.97,65.50
1762430288.128801,0.50,2531.97,65.50
1762430289.131118,1.00,2531.97,65.50
1762430290.1331613,8.00,2531.96,65.50
1762430291.1354933,1.00,2531.96,65.50
1762430292.138187,1.00,2531.96,65.50
1762430293.1404538,0.00,2531.96,65.50
1762430294.142384,0.50,2531.96,65.50
1762430295.1453996,1.00,2531.96,65.50
1762430296.1476536,0.50,2531.96,65.50
1762430297.1506002,0.00,2531.96,65.50
1762430298.1527278,0.50,2531.96,65.50
1762430299.1545568,0.50,2531.96,65.50
1762430300.1565068,1.00,2531.96,65.50
1762430301.1586344,0.00,2531.96,65.50
1762430302.1613328,1.00,2531.96,65.50
1762430303.163166,0.50,2531.96,65.50
1762430304.1650188,1.00,2531.96,65.50
1762430305.166741,0.00,2531.96,65.50
1762430306.1696265,0.50,2531.96,65.50
1762430307.1731627,0.00,2531.96,65.50
1762430308.17534,1.00,2531.96,65.50
1762430309.1774077,1.50,2531.95,65.50
1762430310.179267,1.00,2531.95,65.50
1762430311.181284,1.00,2531.95,65.50
1762430312.1830735,0.00,2531.95,65.50
1762430313.1848257,1.00,2531.95,65.50
1762430314.1875,0.50,2531.95,65.50
1762430315.189301,1.00,2531.95,65.50
1762430316.194314,0.50,2531.95,65.50
1762430317.1973808,1.50,2531.94,65.50
1762430318.1993535,0.50,2531.94,65.50
1762430319.2014318,0.00,2531.94,65.50
1762430320.203285,2.00,2531.93,65.50
1762430321.2055109,0.50,2531.93,65.50
1762430322.2082949,1.00,2531.93,65.50
1762430323.2112386,1.00,2531.93,65.50
1762430324.2132788,1.50,2531.93,65.50
1762430325.2151113,0.50,2531.93,65.50
1762430326.2167144,1.50,2531.92,65.50
1762430327.2186196,1.00,2531.92,65.50
1762430328.220945,0.50,2531.91,65.50
1762430329.2230353,3.00,2531.91,65.50
1762430330.2250495,0.00,2531.91,65.50
1762430331.2274792,1.50,2531.91,65.50
1762430332.2293682,1.00,2531.91,65.50
1762430333.2313013,0.50,2531.91,65.50
1762430334.233226,1.00,2531.91,65.50
1762430335.235182,0.00,2531.91,65.50
1762430336.237143,1.00,2531.91,65.50
1762430337.2388282,0.50,2531.91,65.50
1762430338.2415416,0.50,2531.91,65.50
1762430339.2433407,1.00,2531.91,65.50
1762430340.2464788,1.50,2531.91,65.50
1762430341.249218,1.50,2531.89,65.40
1762430342.25079,3.50,2531.89,65.40
1762430343.2525,1.00,2531.89,65.40
1762430344.2544107,1.00,2531.88,65.40
1762430345.2567883,1.50,2531.88,65.40
1762430346.259302,1.00,2531.87,65.40
1762430347.261395,2.00,2531.87,65.40
1762430348.2634215,0.00,2531.87,65.40
1762430349.2660773,1.00,2531.87,65.40
1762430350.268423,1.00,2531.86,65.40
1762430351.270684,9.00,2531.85,65.40
1762430352.2736535,0.50,2531.83,65.40
1762430353.2757053,0.50,2531.83,65.40
1762430354.2785313,0.50,2531.83,65.40
1762430355.280538,0.50,2531.83,65.40
1762430356.2832968,0.50,2531.83,65.40
1762430357.2853262,1.00,2531.83,65.40
1762430358.2877376,0.00,2531.83,65.40
1762430359.2902107,1.00,2531.83,65.40
1762430360.292491,0.50,2531.82,65.40
1762430361.2944756,1.00,2531.82,65.40
1762430362.2961984,0.00,2531.82,65.40
1762430363.298171,1.00,2531.82,65.40
1762430364.3001783,0.50,2531.82,65.40
1762430365.3021705,0.50,2531.82,65.40
1762430366.3043287,0.50,2531.82,65.40
1762430367.306348,1.00,2531.82,65.40
1762430368.3083434,0.50,2531.82,65.40
1762430369.3105245,0.50,2531.82,65.40
1762430370.3121636,1.00,2531.82,65.40
1762430371.3140802,1.00,2531.82,65.40
1762430372.3157568,0.50,2531.82,65.40
1762430373.3176045,0.50,2531.82,65.40
1762430374.3202765,0.00,2531.82,65.40
1762430375.3227432,1.00,2531.82,65.40
1762430376.3260984,0.50,2531.82,65.40
1762430377.3281872,1.00,2531.82,65.40
1762430378.330418,1.00,2531.82,65.40
1762430379.332602,0.00,2531.82,65.40
1762430380.3350902,2.50,2531.82,65.40
1762430381.338363,1.50,2531.81,65.40
1762430382.3415425,0.50,2531.81,65.40
1762430383.3436217,0.50,2531.81,65.40
1762430384.3454962,2.50,2531.81,65.40
1762430385.3473125,0.50,2531.81,65.40
1762430386.349278,1.50,2531.80,65.40
1762430387.3521774,0.50,2531.80,65.40
1762430388.3546133,0.50,2531.80,65.40
1762430389.3568208,2.50,2531.80,65.40
1762430390.3585062,0.50,2531.80,65.40
1762430391.3603153,0.50,2531.80,65.40
1762430392.3623836,0.00,2531.80,65.40
1762430393.364086,1.00,2531.80,65.40
1762430394.365802,0.50,2531.80,65.40
1762430395.3676872,0.50,2531.80,65.40
1762430396.3700445,0.50,2531.80,65.40
1762430397.3725653,0.50,2531.80,65.40
1762430398.3748257,0.50,2531.80,65.40
1762430399.376576,0.00,2531.80,65.40
1762430400.3782063,1.50,2531.80,65.40
1762430401.3801084,0.00,2531.80,65.40
1762430402.3811173,1.00,2531.80,65.40
1762430403.3844707,1.50,2531.79,65.40
1762430404.3874123,1.00,2531.79,65.40
1762430405.389508,0.50,2531.79,65.40
1762430406.391203,0.50,2531.78,65.40
1762430407.393285,1.00,2531.78,65.40
1762430408.3952909,0.50,2531.78,65.40
1762430409.3975468,1.50,2531.77,65.40
1762430410.3995469,0.50,2531.77,65.40
1762430411.4017735,1.00,2531.77,65.40
1762430412.4042149,1.00,2531.77,65.40
1762430413.4060395,0.50,2531.77,65.40
1762430414.407591,0.50,2531.77,65.40
1762430415.4093785,10.10,2531.77,65.40
1762430416.4113977,0.50,2531.76,65.40
1762430417.4135072,0.50,2531.76,65.40
1762430418.4154587,0.50,2531.76,65.40
1762430419.4174802,1.00,2531.76,65.40
1762430420.4203053,0.00,2531.76,65.40
1762430421.4226773,1.00,2531.76,65.40
1762430422.4255793,0.50,2531.76,65.40
1762430423.4281201,0.50,2531.76,65.40
1762430424.4307063,1.00,2531.76,65.40
1762430425.4324644,0.50,2531.76,65.40
1762430426.4348829,1.00,2531.76,65.40
1762430427.4374435,1.00,2531.74,65.40
1762430428.4400938,0.00,2531.74,65.40
1762430429.44317,0.50,2531.74,65.40
1762430430.444941,1.00,2531.74,65.40
1762430431.4469857,0.00,2531.74,65.40
1762430432.4493213,1.00,2531.74,65.40
1762430433.4515197,0.00,2531.73,65.40
1762430434.4532638,0.50,2531.73,65.40
1762430435.4552484,1.50,2531.73,65.40
1762430436.4572902,0.00,2531.73,65.40
1762430437.4594343,2.00,2531.73,65.40
1762430438.4616456,0.00,2531.73,65.40
1762430439.4642463,1.00,2531.73,65.40
1762430440.46638,0.50,2531.73,65.40
1762430441.4685867,0.00,2531.73,65.40
1762430442.470394,1.00,2531.73,65.40
1762430443.4722311,1.50,2531.73,65.40
1762430444.4745548,1.00,2531.73,65.40
1762430445.4768045,1.00,2531.72,65.40
1762430446.4793954,1.50,2531.72,65.40
1762430447.4817529,1.00,2531.72,65.40
1762430448.484516,0.50,2531.72,65.40
1762430449.4872165,2.50,2531.71,65.40
1762430450.4897175,0.00,2531.71,65.40
1762430451.4917789,2.00,2531.71,65.40
1762430452.4980226,0.50,2531.71,65.40
1762430453.500533,1.50,2531.71,65.40
1762430454.5026276,1.00,2531.70,65.40
1762430455.5047052,0.50,2531.70,65.40
1762430456.506646,1.00,2531.70,65.40
1762430457.5085366,0.00,2531.70,65.40
1762430458.510329,0.50,2531.70,65.40
1762430459.512546,1.50,2531.70,65.40
1762430460.5153692,1.00,2531.69,65.40
1762430461.5174096,0.00,2531.69,65.40
1762430462.5194404,0.50,2531.69,65.40
1762430463.521541,1.50,2531.69,65.40
1762430464.5242202,0.00,2531.69,65.40
1762430465.5264177,0.50,2531.69,65.40
1762430466.52757,0.50,2531.68,65.40
1762430467.5295367,2.00,2531.68,65.40
1762430468.5314295,0.00,2531.68,65.40
1762430469.5333364,2.00,2531.68,65.40
1762430470.5351744,0.00,2531.66,65.40
1762430471.5370703,2.50,2531.66,65.40
1762430472.5396872,0.50,2531.65,65.40
1762430473.5415795,0.50,2531.65,65.40
1762430474.543253,1.00,2531.65,65.40
1762430475.5452802,0.50,2531.65,65.40
1762430476.5475829,0.50,2531.65,65.40
1762430477.5501359,6.50,2531.64,65.40
1762430478.5525415,0.00,2531.64,65.40
1762430479.555449,1.00,2531.64,65.40
1762430480.5578263,1.00,2531.64,65.40
1762430481.5601118,0.50,2531.64,65.40
1762430482.562481,0.50,2531.64,65.40
1762430483.5636673,0.50,2531.64,65.40
1762430484.5657248,0.50,2531.64,65.40
1762430485.568265,0.50,2531.64,65.40
1762430486.570689,1.00,2531.64,65.40
1762430487.5733266,0.50,2531.64,65.40
1762430488.5760252,1.00,2531.64,65.40
1762430489.5775778,1.00,2531.64,65.40
1762430490.5794992,1.00,2531.64,65.40
1762430491.5819788,0.50,2531.63,65.40
1762430492.5841608,0.00,2531.63,65.40
1762430493.5860584,1.50,2531.63,65.40
1762430494.5879073,0.50,2531.63,65.40
1762430495.5897417,0.00,2531.63,65.40
1762430496.5912344,0.50,2531.63,65.40
1762430497.593176,1.00,2531.63,65.40
1762430498.5953896,0.50,2531.62,65.40
1762430499.597572,0.50,2531.62,65.40
1762430500.5994346,1.00,2531.62,65.40
1762430501.601613,1.50,2531.62,65.40
1762430502.6047082,0.50,2531.61,65.40
1762430503.606907,2.00,2531.61,65.40
1762430504.6089864,0.50,2531.61,65.40
1762430505.6110258,0.50,2531.61,65.40
1762430506.6136029,2.50,2531.61,65.40
1762430507.6155865,0.50,2531.61,65.40
1762430508.617498,0.00,2531.59,65.40
1762430509.6194947,5.50,2531.80,65.40
1762430510.6214523,1.50,2531.79,65.40
1762430511.6233752,0.50,2531.79,65.40
1762430512.6245413,1.00,2531.79,65.40
1762430513.626575,0.50,2531.79,65.40
1762430514.6288223,0.50,2531.78,65.40
1762430515.6314332,1.00,2531.77,65.40
1762430516.6332526,1.00,2531.77,65.40
1762430517.635224,0.00,2531.77,65.40
1762430518.6371207,0.50,2531.77,65.40
1762430519.6390595,0.00,2531.77,65.40
1762430520.6413271,0.50,2531.77,65.40
1762430521.6434329,0.50,2531.77,65.40
1762430522.6454973,1.00,2531.77,65.40
1762430523.6475415,0.50,2531.77,65.40
1762430524.6492465,1.00,2531.77,65.40
1762430525.6515262,0.00,2531.77,65.40
1762430526.654377,0.50,2531.77,65.40
1762430527.6565645,1.00,2531.77,65.40
1762430528.6585977,0.50,2531.77,65.40
1762430529.6604905,1.00,2532.51,65.50
1762430530.66256,0.50,2532.51,65.50
1762430531.6655846,0.50,2532.50,65.50
1762430532.6683285,0.00,2532.50,65.50
1762430533.6703572,1.00,2532.50,65.50
1762430534.672067,0.00,2532.50,65.50
1762430535.674433,0.00,2532.50,65.50
1762430536.6765988,1.00,2532.50,65.50
1762430537.6787229,0.50,2532.50,65.50
1762430538.6813283,0.50,2532.50,65.50
1762430539.683552,0.50,2532.49,65.50
1762430540.6861804,6.00,2532.49,65.50
1762430541.6886423,1.50,2532.49,65.50
1762430542.691332,0.50,2532.49,65.50
1762430543.6930578,0.00,2532.49,65.50
1762430544.6956773,1.00,2532.48,65.50
1762430545.6984007,0.50,2532.48,65.50
1762430546.7007122,2.50,2532.48,65.50
1762430547.7033103,1.00,2532.48,65.50
1762430548.7056534,0.50,2532.48,65.50
1762430549.708345,1.50,2532.48,65.50
1762430550.7112424,1.00,2532.48,65.50
1762430551.71364,1.00,2532.46,65.50
1762430552.7166362,0.00,2532.46,65.50
1762430553.7187903,0.50,2532.46,65.50
1762430554.7213368,0.50,2532.46,65.50
1762430555.7234156,1.00,2532.46,65.50
1762430556.7260468,0.50,2532.46,65.50
1762430557.7280948,1.00,2532.46,65.50
1762430558.7304127,0.00,2532.46,65.50
1762430559.7329895,1.00,2532.46,65.50
1762430560.7345405,1.00,2532.46,65.50
1762430561.7361748,2.50,2532.46,65.50
1762430562.7384439,1.00,2532.45,65.50
1762430563.740628,2.00,2532.45,65.50
1762430564.7430627,0.50,2532.45,65.50
1762430565.746188,0.50,2532.45,65.50
1762430566.7483602,2.00,2532.45,65.50
1762430567.7516727,0.50,2532.44,65.50
1762430568.7535565,0.50,2532.44,65.50
1762430569.7560985,2.00,2532.44,65.50
1762430570.7583852,0.00,2532.44,65.50
1762430571.7615764,1.00,2532.44,65.50
1762430572.764471,0.50,2532.43,65.50
1762430573.766295,1.00,2532.43,65.50
1762430574.7684042,0.50,2532.43,65.50
1762430575.7710912,0.50,2532.43,65.50
1762430576.7733874,1.00,2532.43,65.50
1762430577.7762465,0.50,2532.43,65.50
1762430578.7783785,1.00,2532.43,65.50
1762430579.780335,0.00,2532.43,65.50
1762430580.7824612,1.00,2532.43,65.50
1762430581.7848117,0.50,2532.43,65.50
1762430582.7872422,0.50,2532.43,65.50
1762430583.7894447,1.00,2532.43,65.50
1762430584.7912846,0.50,2532.43,65.50
1762430585.792526,1.00,2532.43,65.50
1762430586.7953706,0.50,2532.43,65.50
1762430587.7977664,1.00,2532.41,65.50
1762430588.8001654,1.50,2532.41,65.50
1762430589.8014429,1.50,2532.41,65.50
1762430590.804321,1.50,2532.41,65.50
1762430591.8073127,0.50,2532.41,65.50
1762430592.8093984,1.00,2532.40,65.50
1762430593.8115733,1.00,2532.40,65.50
1762430594.8134725,0.00,2532.40,65.50
1762430595.8154898,1.00,2532.40,65.50
1762430596.8184361,0.50,2532.39,65.50
1762430597.8203254,0.50,2532.39,65.50
1762430598.8223166,0.50,2532.39,65.50
1762430599.824602,0.00,2532.39,65.50
1762430600.827616,1.00,2532.39,65.50
1762430601.8297157,1.00,2532.39,65.50
1762430602.832419,0.50,2532.39,65.50
1762430603.8344424,0.50,2532.39,65.50
1762430604.8373387,7.00,2532.63,65.50
1762430605.8406448,1.00,2532.63,65.50
1762430606.843357,0.00,2532.63,65.50
1762430607.8465178,1.00,2532.63,65.50
1762430608.848494,0.00,2532.63,65.50
1762430609.8506486,0.50,2532.63,65.50
1762430610.8528316,0.50,2532.63,65.50
1762430611.854821,0.00,2532.62,65.50
1762430612.857678,0.50,2532.62,65.50
1762430613.8604646,1.00,2532.62,65.50
1762430614.8619597,0.50,2532.62,65.50
1762430615.8643548,0.50,2532.62,65.50
1762430616.867977,1.50,2532.62,65.50
1762430617.8703325,0.50,2532.62,65.50
1762430618.8724082,1.00,2532.62,65.50
1762430619.8744688,2.00,2532.62,65.50
1762430620.8767495,1.50,2532.62,65.50
1762430621.8792984,0.50,2532.62,65.50
1762430622.8816457,0.50,2532.61,65.50
1762430623.8842666,1.50,2532.61,65.50
1762430624.886808,0.50,2532.61,65.50
1762430625.88943,0.00,2532.61,65.50
1762430626.8921251,1.50,2532.61,65.50
1762430627.894419,0.50,2532.61,65.50
1762430628.8973515,0.50,2532.61,65.50
1762430629.8997357,2.00,2532.61,65.50
1762430630.9017055,1.50,2532.61,65.50
1762430631.904099,0.50,2532.61,65.50
1762430632.906438,1.00,2532.61,65.50
1762430633.9088082,0.50,2532.61,65.50
1762430634.911208,0.00,2532.61,65.50
1762430635.9135747,1.00,2532.61,65.50
1762430636.9160666,0.50,2532.60,65.50
1762430637.9185576,0.50,2532.60,65.50
1762430638.9206164,0.50,2532.60,65.50
1762430639.9231107,1.00,2532.60,65.50
1762430640.9253218,0.50,2532.60,65.50
1762430641.9273148,1.00,2532.60,65.50
1762430642.929322,0.50,2532.60,65.50
1762430643.9314911,1.50,2532.60,65.50
1762430644.9336715,3.50,2533.04,65.50
1762430645.936192,2.00,2533.78,65.50
1762430646.9386358,2.00,2533.77,65.50
1762430647.9404244,1.00,2533.77,65.50
1762430648.9426138,0.50,2533.77,65.50
1762430649.9447687,1.50,2533.77,65.50
1762430650.9475055,2.00,2533.77,65.50
1762430651.950475,1.00,2533.77,65.50
1762430652.952744,0.50,2533.77,65.50
1762430653.9548278,1.00,2533.77,65.50
1762430654.9574418,0.00,2533.77,65.50
1762430655.9596035,1.00,2533.77,65.50
1762430656.9621136,1.00,2533.76,65.50
1762430657.9643936,1.00,2533.76,65.50
1762430658.9668047,0.50,2533.76,65.50
1762430659.9691422,0.50,2533.76,65.50
1762430660.9713776,1.00,2533.76,65.50
1762430661.9734428,1.00,2533.76,65.50
1762430662.9755325,0.50,2533.76,65.50
1762430663.9785507,0.50,2533.76,65.50
1762430664.9813356,0.50,2533.76,65.50
1762430665.9833436,0.50,2533.76,65.50
1762430666.9856305,6.00,2534.49,65.50
1762430667.9886293,0.50,2534.49,65.50
1762430668.9911726,1.00,2534.49,65.50
1762430669.993085,0.50,2534.49,65.50
1762430670.9955585,1.00,2534.49,65.50
1762430671.9982483,1.00,2534.49,65.50
1762430673.0001502,0.50,2534.49,65.50
1762430674.0021782,0.50,2534.49,65.50
1762430675.004579,1.00,2534.49,65.50
1762430676.0070379,0.50,2534.49,65.50
1762430677.0094638,1.50,2534.49,65.50
1762430678.011765,1.00,2534.49,65.50
1762430679.014359,0.50,2534.49,65.50
1762430680.0165048,1.00,2534.49,65.50
1762430681.0181797,1.00,2534.48,65.50
1762430682.0205724,0.50,2534.48,65.50
1762430683.0227063,1.00,2534.48,65.50
1762430684.0247426,2.00,2534.48,65.50
1762430685.027336,1.00,2534.47,65.50
1762430686.0293808,0.00,2534.46,65.50
1762430687.0314522,2.50,2534.46,65.50
1762430688.0337152,1.00,2534.46,65.50
1762430689.036448,0.50,2534.45,65.50
1762430690.038742,2.00,2535.19,65.50
1762430691.0412915,1.00,2535.19,65.50
1762430692.0436378,1.50,2535.19,65.50
1762430693.0460286,0.50,2535.19,65.50
1762430694.0487103,0.50,2535.19,65.50
1762430695.0505981,1.00,2535.19,65.50
1762430696.0524228,0.50,2535.19,65.50
1762430697.0542393,0.50,2535.19,65.50
1762430698.0561988,0.50,2535.19,65.50
1762430699.0587096,0.50,2535.18,65.50
1762430700.0607712,0.50,2535.18,65.50
1762430701.062708,1.00,2535.18,65.50
1762430702.06461,1.00,2535.18,65.50
1762430703.0665824,0.50,2535.18,65.50
1762430704.0687435,1.50,2535.18,65.50
1762430705.0713575,0.50,2535.17,65.50
1762430706.073229,1.00,2535.17,65.50
1762430707.0752807,0.50,2535.17,65.50
1762430708.0776749,0.50,2535.17,65.50
1762430709.0803037,1.00,2535.17,65.50
1762430710.082345,1.00,2535.16,65.50
1762430711.084349,1.50,2535.15,65.50
1762430712.0857787,0.50,2535.15,65.50
1762430713.0887218,0.50,2535.14,65.50
1762430714.091004,1.50,2535.14,65.50
1762430715.0929918,1.00,2535.14,65.50
1762430716.09563,0.00,2535.14,65.50
1762430717.0984786,1.50,2535.14,65.50
1762430718.1002421,0.00,2535.14,65.50
1762430719.10232,0.50,2535.14,65.50
1762430720.1044466,0.50,2535.14,65.50
1762430721.1067572,1.00,2535.14,65.50
1762430722.1094584,1.00,2535.13,65.50
1762430723.1115625,0.50,2535.13,65.50
1762430724.1142697,1.00,2535.13,65.50
1762430725.1163337,0.50,2535.13,65.50
1762430726.1183214,1.00,2535.13,65.50
1762430727.1204784,1.00,2535.13,65.50
1762430728.1227717,0.00,2535.13,65.50
1762430729.1247694,1.00,2535.13,65.50
1762430730.1274838,0.00,2535.13,65.50
1762430731.1298068,0.50,2535.13,65.50
1762430732.1317394,5.60,2535.12,65.50
1762430733.1335886,0.50,2535.12,65.50
1762430734.136274,1.00,2535.12,65.50
1762430735.1385787,0.50,2535.12,65.50
1762430736.1408157,1.00,2535.12,65.50
1762430737.1425664,1.00,2535.12,65.50
1762430738.144766,0.00,2535.12,65.50
1762430739.147287,1.00,2535.12,65.50
1762430740.1496348,0.00,2535.12,65.50
1762430741.1521251,1.00,2535.12,65.50
1762430742.1547825,1.50,2535.12,65.50
1762430743.1573224,2.00,2535.12,65.50
1762430744.1602373,2.00,2535.12,65.50
1762430745.1625607,1.00,2535.12,65.50
1762430746.16522,1.50,2535.12,65.50
1762430747.1674864,0.50,2535.12,65.50
1762430748.170182,1.00,2535.12,65.50
1762430749.1723564,0.50,2535.12,65.50
1762430750.1746516,2.00,2535.36,65.50
1762430751.1766198,1.00,2535.36,65.50
1762430752.1786861,1.00,2535.35,65.50
1762430753.1818018,1.00,2535.35,65.50
1762430754.183972,0.00,2535.35,65.50
1762430755.1861308,0.50,2535.35,65.50
1762430756.1879396,1.00,2535.35,65.50
1762430757.1897314,0.50,2535.35,65.50
1762430758.1920445,0.50,2535.35,65.50
1762430759.1941464,1.00,2535.35,65.50
1762430760.1963394,0.00,2535.35,65.50
1762430761.1983924,1.00,2535.35,65.50
1762430762.2005472,0.50,2535.35,65.50
1762430763.2030458,0.50,2535.34,65.50
1762430764.2051556,1.50,2535.34,65.50
1762430765.2073267,1.00,2535.34,65.50
1762430766.2095828,0.50,2535.33,65.50
1762430767.2111611,1.00,2535.33,65.50
1762430768.2127821,1.00,2535.33,65.50
1762430769.215161,0.50,2535.33,65.50
1762430770.2172418,1.00,2535.32,65.50
1762430771.2201385,2.50,2535.32,65.50
1762430772.2222884,0.00,2535.32,65.50
1762430773.2245038,0.50,2535.32,65.50
1762430774.2263052,1.00,2535.31,65.50
1762430775.2285342,0.00,2535.31,65.50
1762430776.230803,0.00,2535.31,65.50
1762430777.232821,1.50,2535.31,65.50
1762430778.2355275,0.00,2535.31,65.50
1762430779.238116,0.50,2535.31,65.50
1762430780.2406626,1.00,2535.31,65.50
1762430781.2428195,0.00,2535.31,65.50
1762430782.245384,1.00,2535.30,65.50
1762430783.2475567,1.00,2535.30,65.50
1762430784.2503796,0.50,2535.30,65.50
1762430785.253311,0.50,2535.30,65.50
1762430786.255342,0.50,2535.30,65.50
1762430787.2576594,1.00,2535.30,65.50
1762430788.260279,0.00,2535.30,65.50
1762430789.2624445,0.50,2535.30,65.50
1762430790.2637916,1.00,2535.30,65.50
1762430791.2663295,0.50,2535.30,65.50
1762430792.2681122,0.50,2535.30,65.50
1762430793.270609,1.00,2535.29,65.50
1762430794.2727575,0.50,2535.29,65.50
1762430795.275013,1.00,2535.29,65.50
1762430796.2774038,1.00,2535.29,65.50
1762430797.2794676,6.50,2535.29,65.50
1762430798.2815506,0.50,2535.29,65.50
1762430799.2832046,0.00,2535.29,65.50
1762430800.2853742,0.50,2535.29,65.50
1762430801.2875907,1.00,2535.29,65.50
1762430802.2897863,0.50,2535.28,65.50
1762430803.2925682,0.50,2535.28,65.50
1762430804.294701,2.00,2535.28,65.50
1762430805.2972047,0.00,2535.28,65.50
1762430806.2984967,1.00,2535.28,65.50
1762430807.3017168,2.00,2535.28,65.50
1762430808.3041942,1.00,2535.28,65.50
1762430809.3060107,3.00,2535.25,65.50
1762430810.3077486,3.00,2535.99,65.60
1762430811.3095415,1.50,2535.97,65.60
1762430812.3121665,1.00,2535.97,65.60
1762430813.314288,0.50,2535.96,65.60
1762430814.3166697,0.00,2535.96,65.60
1762430815.3195326,1.50,2535.96,65.60
1762430816.322264,0.50,2535.96,65.60
1762430817.3241124,0.50,2535.96,65.60
1762430818.3266902,0.00,2535.96,65.60
1762430819.3292792,0.50,2535.96,65.60
1762430820.332088,1.00,2535.96,65.60
1762430821.3344138,1.00,2535.96,65.60
1762430822.3362238,0.00,2535.96,65.60
1762430823.3386323,1.00,2535.96,65.60
1762430824.3416133,1.50,2535.96,65.60
1762430825.3444746,1.00,2535.96,65.60
1762430826.3465385,0.00,2535.96,65.60
1762430827.349079,1.50,2535.96,65.60
1762430828.3516643,1.50,2535.96,65.60
1762430829.3537145,0.50,2535.95,65.60
1762430830.3554487,1.50,2535.95,65.60
1762430831.3576808,1.00,2535.94,65.60
1762430832.360758,1.00,2535.93,65.60
1762430833.363295,1.50,2535.93,65.60
1762430834.3653774,1.00,2535.93,65.60
1762430835.367465,0.50,2535.93,65.60
1762430836.370215,1.00,2535.93,65.60
1762430837.3725252,0.50,2535.93,65.60
1762430838.3757484,0.00,2535.93,65.60
1762430839.3781335,1.00,2535.93,65.60
1762430840.3806052,1.00,2535.93,65.60
1762430841.3827412,1.00,2535.93,65.60
1762430842.385167,0.50,2535.93,65.60
1762430843.387487,1.00,2535.93,65.60
1762430844.390036,0.50,2535.93,65.60
1762430845.3924947,0.50,2535.93,65.60
1762430846.3942757,1.00,2535.93,65.60
1762430847.396545,0.50,2535.93,65.60
1762430848.3991776,1.00,2535.93,65.60
1762430849.401671,0.50,2535.93,65.60
1762430850.4045782,1.00,2535.93,65.60
1762430851.4071853,0.50,2535.93,65.60
1762430852.409631,1.00,2535.92,65.60
1762430853.4116106,0.50,2535.92,65.60
1762430854.4133413,1.00,2535.92,65.60
1762430855.4151487,0.00,2535.92,65.60
1762430856.4171922,0.50,2535.92,65.60
1762430857.4194243,1.50,2535.92,65.60
1762430858.4221675,0.50,2535.91,65.60
1762430859.425003,1.00,2535.91,65.60
1762430860.427139,5.50,2535.91,65.60
1762430861.429328,0.50,2535.91,65.60
1762430862.4314215,0.50,2535.91,65.60
1762430863.4335685,2.50,2535.91,65.60
1762430864.4353652,2.00,2535.91,65.60
1762430865.4373868,1.00,2535.91,65.60
1762430866.4385698,1.50,2535.90,65.60
1762430867.4413502,2.00,2535.90,65.60
1762430868.4449897,0.50,2535.90,65.60
1762430869.44731,8.70,2535.89,65.60
1762430870.449235,25.00,2519.52,65.10
1762430871.450244,41.40,2551.98,66.00
1762430872.4515667,84.90,2545.34,65.80
1762430873.4551237,40.20,2560.98,66.20
1762430874.457201,4.00,2561.22,66.20
1762430875.4587867,28.40,2567.67,66.40
1762430876.460452,19.80,2567.97,66.40
1762430877.4653769,10.10,2567.97,66.40
1762430878.4736981,5.10,2568.22,66.40
1762430879.5291255,6.10,2568.45,66.40
1762430880.532352,0.50,2568.45,66.40
1762430881.5346186,1.00,2568.45,66.40
1762430882.5361233,7.10,2568.45,66.40
1762430883.538224,7.60,2568.69,66.40
1762430884.5404198,1.50,2568.69,66.40
1762430885.5421765,2.50,2568.68,66.40
1762430886.5442715,0.00,2568.67,66.40
1762430887.5463,2.00,2568.67,66.40
1762430888.5482547,1.00,2568.67,66.40
1762430889.5505602,2.00,2568.67,66.40
1762430890.5528169,1.00,2568.66,66.40
1762430891.5547354,2.50,2568.66,66.40
1762430892.5568132,3.00,2568.66,66.40
1762430893.5586724,1.50,2568.66,66.40
1762430894.5604148,0.50,2568.66,66.40
1762430895.5624826,1.50,2568.66,66.40
1762430896.5646095,1.00,2568.65,66.40
1762430897.567374,2.50,2568.65,66.40
1762430898.5697892,0.50,2568.65,66.40
1762430899.5726085,1.50,2568.65,66.40
1762430900.575516,1.50,2568.65,66.40
1762430901.5777516,4.50,2568.64,66.40
1762430902.5803883,2.50,2568.62,66.40
1762430903.5836344,1.00,2568.62,66.40
1762430904.585948,1.00,2568.62,66.40
1762430905.5884485,1.50,2568.62,66.40
1762430906.5912318,1.50,2568.62,66.40
1762430907.595264,2.00,2568.62,66.40
1762430908.598547,1.00,2568.62,66.40
1762430909.600622,0.50,2568.62,66.40
1762430910.602923,1.00,2568.62,66.40
1762430911.604987,1.00,2568.62,66.40
1762430912.6076605,1.00,2568.62,66.40
1762430913.6103241,1.00,2568.62,66.40
1762430914.6134331,2.00,2568.62,66.40
1762430915.6152465,1.00,2568.62,66.40
1762430916.6177058,0.50,2568.62,66.40
1762430917.6203082,0.50,2568.62,66.40
1762430918.6233315,1.00,2568.61,66.40
1762430919.6256933,0.50,2568.61,66.40
1762430920.6274204,8.60,2568.84,66.40
1762430921.629398,6.10,2568.84,66.40
